 ERmod 0.3.8, Copyright (C) 2000-2019 Nobuyuki Matubayasi
                            2010-2019 Shun Sakuraba
 ERmod comes with ABSOLUTELY NO WARRANTY.
 This is free software, and you can redistribute it
 and/or modify it under certain conditions.
 See LICENSE file for details.
 ERmod 0.3.8, Copyright (C) 2000-2019 Nobuyuki Matubayasi
                            2010-2019 Shun Sakuraba
 ERmod comes with ABSOLUTELY NO WARRANTY.
 This is free software, and you can redistribute it
 and/or modify it under certain conditions.
 See LICENSE file for details.
 
  Number of the   1-th solvent  =          180
  Number of the   2-th solvent  =          180
  Number of the   3-th solvent  =        10000
 
  Be sure that the solvent distribution is homogeneous (radial distribution function is essentially unity) when the solvent molecule is separated beyond distance of   10.0 Angstrom in any direction from any atom within the solute molecule
 
  LJ long-range correction    =        -0.0097     -0.0151     -0.3896
 
  Self-energy of the solute   =         0.0000  kcal/mol
 
 
 cumulative average & 95% error for solvation energy
              total             1st component         2nd component         3rd component
  1   -10.1422                0.2061               -0.4768               -9.8716
  2   -10.1435     0.0026     0.2079     0.0036    -0.4671     0.0194    -9.8844     0.0256
  3   -10.1491     0.0113     0.2117     0.0080    -0.4632     0.0136    -9.8977     0.0304
  4   -10.1455     0.0107     0.2205     0.0183    -0.4545     0.0199    -9.9115     0.0351
  5   -10.1448     0.0084     0.2197     0.0143    -0.4593     0.0181    -9.9052     0.0299
  6   -10.1427     0.0081     0.2207     0.0119    -0.4522     0.0204    -9.9112     0.0272
  7   -10.1405     0.0081     0.2188     0.0107    -0.4557     0.0186    -9.9037     0.0274
  8   -10.1379     0.0088     0.2201     0.0096    -0.4543     0.0163    -9.9037     0.0238
  9   -10.1372     0.0079     0.2171     0.0104    -0.4577     0.0159    -9.8967     0.0253
 10   -10.1424     0.0125     0.2181     0.0095    -0.4558     0.0147    -9.9047     0.0277
 
 
 group  inft  solvation free energy     error          difference
  total solvation free energy
   1      0          3.95374           0.01264          -0.00130
   1     60          3.94469           0.01267          -0.01035
   1     80          3.85409           0.01303          -0.10095
   1    100          3.45300           0.01468          -0.50204
   2      0          3.94449           0.01325          -0.01055
   3      0          3.95505           0.01318           0.00000
   4      0          3.95461           0.01283          -0.00044
   5      0          3.99482           0.01253           0.03977
   5     60          3.98227           0.01257           0.02723
   5     80          3.86525           0.01302          -0.08980
   5    100          3.48826           0.01452          -0.46679
 
  contribution from  1-th solvent component
   1      0          0.45553           0.00812           0.00389
   1     60          0.45557           0.00814           0.00392
   1     80          0.45557           0.00839           0.00392
   1    100          0.45331           0.00951           0.00167
   2      0          0.45267           0.00808           0.00102
   3      0          0.45164           0.00798           0.00000
   4      0          0.45027           0.00791          -0.00138
   5      0          0.45051           0.00792          -0.00113
   5     60          0.45053           0.00795          -0.00111
   5     80          0.45025           0.00825          -0.00139
   5    100          0.44755           0.00925          -0.00409
 
  contribution from  2-th solvent component
   1      0         -0.13304           0.01157           0.00417
   1     60         -0.13311           0.01159           0.00410
   1     80         -0.13405           0.01181           0.00315
   1    100         -0.13902           0.01270          -0.00182
   2      0         -0.13605           0.01145           0.00116
   3      0         -0.13721           0.01153           0.00000
   4      0         -0.13801           0.01133          -0.00080
   5      0         -0.13882           0.01149          -0.00161
   5     60         -0.13893           0.01152          -0.00172
   5     80         -0.14030           0.01180          -0.00310
   5    100         -0.14527           0.01260          -0.00807
 
  contribution from  3-th solvent component
   1      0          3.63121           0.01400          -0.00936
   1     60          3.62219           0.01401          -0.01838
   1     80          3.53254           0.01411          -0.10803
   1    100          3.13867           0.01469          -0.50190
   2      0          3.62784           0.01430          -0.01273
   3      0          3.64057           0.01412           0.00000
   4      0          3.64232           0.01398           0.00174
   5      0          3.68308           0.01357           0.04251
   5     60          3.67063           0.01358           0.03006
   5     80          3.55527           0.01372          -0.08530
   5    100          3.18595           0.01427          -0.45462
 
 
 group  inft   Estimated free energy: total (kcal/mol)
   1      0       3.9422       3.9439       3.9417       3.9851       3.9505
                  3.9867       3.9510       3.9688       3.9408       3.9266
   1     60       3.9331       3.9348       3.9326       3.9762       3.9414
                  3.9778       3.9419       3.9598       3.9317       3.9176
   1     80       3.8420       3.8437       3.8417       3.8870       3.8505
                  3.8882       3.8510       3.8693       3.8403       3.8272
   1    100       3.4386       3.4401       3.4389       3.4921       3.4485
                  3.4911       3.4483       3.4695       3.4362       3.4267
   2      0       3.9334       3.9325       3.9330       3.9795       3.9431
                  3.9740       3.9418       3.9627       3.9312       3.9138
   3      0       3.9444       3.9431       3.9435       3.9912       3.9542
                  3.9833       3.9510       3.9732       3.9410       3.9255
   4      0       3.9416       3.9413       3.9435       3.9904       3.9545
                  3.9817       3.9529       3.9711       3.9429       3.9262
   5      0       3.9825       3.9829       3.9841       4.0269       3.9928
                  4.0274       3.9924       4.0085       3.9816       3.9691
   5     60       3.9699       3.9703       3.9715       4.0145       3.9802
                  4.0150       3.9798       3.9959       3.9689       3.9566
   5     80       3.8522       3.8526       3.8541       3.8992       3.8629
                  3.8992       3.8622       3.8792       3.8510       3.8399
   5    100       3.4734       3.4736       3.4754       3.5277       3.4852
                  3.5258       3.4837       3.5034       3.4712       3.4632
 
 group  inft   Estimated free energy: 1-th solvent contribution (kcal/mol)
   1      0       0.4470       0.4460       0.4552       0.4805       0.4560
                  0.4557       0.4480       0.4655       0.4350       0.4666
   1     60       0.4471       0.4460       0.4552       0.4806       0.4560
                  0.4557       0.4480       0.4655       0.4350       0.4666
   1     80       0.4469       0.4458       0.4549       0.4815       0.4560
                  0.4556       0.4477       0.4657       0.4345       0.4671
   1    100       0.4437       0.4422       0.4516       0.4833       0.4537
                  0.4531       0.4444       0.4638       0.4302       0.4671
   2      0       0.4444       0.4429       0.4532       0.4776       0.4535
                  0.4524       0.4456       0.4629       0.4319       0.4624
   3      0       0.4434       0.4423       0.4523       0.4760       0.4529
                  0.4508       0.4436       0.4617       0.4314       0.4620
   4      0       0.4422       0.4407       0.4508       0.4750       0.4510
                  0.4496       0.4429       0.4599       0.4304       0.4602
   5      0       0.4427       0.4411       0.4509       0.4750       0.4513
                  0.4500       0.4434       0.4597       0.4301       0.4611
   5     60       0.4427       0.4411       0.4509       0.4751       0.4513
                  0.4500       0.4434       0.4597       0.4301       0.4611
   5     80       0.4422       0.4404       0.4503       0.4759       0.4510
                  0.4496       0.4428       0.4596       0.4292       0.4615
   5    100       0.4386       0.4365       0.4467       0.4769       0.4481
                  0.4468       0.4392       0.4573       0.4247       0.4608
 
 group  inft   Estimated free energy: 2-th solvent contribution (kcal/mol)
   1      0      -0.1469      -0.1314      -0.1394      -0.1201      -0.1493
                 -0.0947      -0.1495      -0.1298      -0.1517      -0.1176
   1     60      -0.1470      -0.1315      -0.1395      -0.1202      -0.1494
                 -0.0946      -0.1496      -0.1298      -0.1518      -0.1176
   1     80      -0.1482      -0.1325      -0.1405      -0.1209      -0.1507
                 -0.0948      -0.1508      -0.1308      -0.1531      -0.1182
   1    100      -0.1542      -0.1380      -0.1459      -0.1251      -0.1569
                 -0.0966      -0.1569      -0.1357      -0.1592      -0.1217
   2      0      -0.1504      -0.1349      -0.1426      -0.1224      -0.1517
                 -0.0982      -0.1529      -0.1321      -0.1541      -0.1213
   3      0      -0.1513      -0.1359      -0.1443      -0.1235      -0.1531
                 -0.0991      -0.1535      -0.1330      -0.1558      -0.1225
   4      0      -0.1522      -0.1370      -0.1449      -0.1244      -0.1537
                 -0.1006      -0.1543      -0.1339      -0.1556      -0.1234
   5      0      -0.1529      -0.1377      -0.1451      -0.1280      -0.1543
                 -0.0998      -0.1547      -0.1356      -0.1572      -0.1228
   5     60      -0.1530      -0.1379      -0.1452      -0.1281      -0.1545
                 -0.0998      -0.1549      -0.1358      -0.1573      -0.1229
   5     80      -0.1547      -0.1394      -0.1467      -0.1292      -0.1562
                 -0.1002      -0.1566      -0.1371      -0.1591      -0.1238
   5    100      -0.1607      -0.1448      -0.1521      -0.1335      -0.1623
                 -0.1023      -0.1625      -0.1421      -0.1651      -0.1275
 
 group  inft   Estimated free energy: 3-th solvent contribution (kcal/mol)
   1      0       3.6421       3.6293       3.6259       3.6248       3.6438
                  3.6257       3.6525       3.6330       3.6575       3.5775
   1     60       3.6330       3.6203       3.6169       3.6158       3.6348
                  3.6167       3.6435       3.6240       3.6485       3.5685
   1     80       3.5433       3.5304       3.5273       3.5265       3.5452
                  3.5273       3.5540       3.5344       3.5588       3.4782
   1    100       3.1491       3.1359       3.1331       3.1339       3.1517
                  3.1346       3.1607       3.1414       3.1651       3.0812
   2      0       3.6395       3.6244       3.6224       3.6242       3.6412
                  3.6198       3.6490       3.6319       3.6534       3.5726
   3      0       3.6523       3.6367       3.6354       3.6386       3.6543
                  3.6316       3.6608       3.6445       3.6655       3.5859
   4      0       3.6516       3.6376       3.6376       3.6398       3.6572
                  3.6326       3.6642       3.6452       3.6680       3.5894
   5      0       3.6927       3.6795       3.6782       3.6799       3.6958
                  3.6773       3.7036       3.6844       3.7086       3.6308
   5     60       3.6802       3.6671       3.6658       3.6675       3.6834
                  3.6648       3.6912       3.6719       3.6961       3.6183
   5     80       3.5648       3.5516       3.5504       3.5525       3.5681
                  3.5498       3.5760       3.5566       3.5808       3.5021
   5    100       3.1954       3.1818       3.1808       3.1842       3.1993
                  3.1814       3.2070       3.1882       3.2115       3.1299
 
 
 cumulative average & 95% error for solvation free energy
              total             1st component         2nd component         3rd component
  1     3.9444                0.4434               -0.1513                3.6523
  2     3.9438     0.0013     0.4429     0.0011    -0.1436     0.0154     3.6445     0.0156
  3     3.9437     0.0008     0.4460     0.0063    -0.1438     0.0089     3.6415     0.0108
  4     3.9555     0.0238     0.4535     0.0156    -0.1388     0.0120     3.6408     0.0078
  5     3.9553     0.0184     0.4534     0.0121    -0.1416     0.0109     3.6435     0.0081
  6     3.9600     0.0177     0.4530     0.0099    -0.1345     0.0167     3.6415     0.0077
  7     3.9587     0.0152     0.4516     0.0088    -0.1372     0.0151     3.6443     0.0086
  8     3.9605     0.0136     0.4529     0.0080    -0.1367     0.0132     3.6443     0.0074
  9     3.9583     0.0128     0.4505     0.0085    -0.1388     0.0124     3.6466     0.0081
 10     3.9550     0.0132     0.4516     0.0080    -0.1372     0.0115     3.6406     0.0141
