 ERmod 0.3.8, Copyright (C) 2000-2019 Nobuyuki Matubayasi
                            2010-2019 Shun Sakuraba
 ERmod comes with ABSOLUTELY NO WARRANTY.
 This is free software, and you can redistribute it
 and/or modify it under certain conditions.
 See LICENSE file for details.
 ERmod 0.3.8, Copyright (C) 2000-2019 Nobuyuki Matubayasi
                            2010-2019 Shun Sakuraba
 ERmod comes with ABSOLUTELY NO WARRANTY.
 This is free software, and you can redistribute it
 and/or modify it under certain conditions.
 See LICENSE file for details.
 
  Number of the   1-th solvent  =          180
  Number of the   2-th solvent  =          180
  Number of the   3-th solvent  =        10000
 
  Be sure that the solvent distribution is homogeneous (radial distribution function is essentially unity) when the solvent molecule is separated beyond distance of   10.0 Angstrom in any direction from any atom within the solute molecule
 
  LJ long-range correction    =        -0.0012     -0.0059     -0.1524
 
  Self-energy of the solute   =        -0.0001  kcal/mol
 
 
 cumulative average & 95% error for solvation energy
              total             1st component         2nd component         3rd component
  1   -15.9622               -1.0518               -1.7115              -13.1989
  2   -15.9985     0.0725    -1.0304     0.0427    -1.7643     0.1058   -13.2036     0.0094
  3   -15.9375     0.1288    -0.8086     0.4444    -1.5213     0.4898   -13.6075     0.8078
  4   -15.9209     0.0970    -0.7766     0.3206    -1.4870     0.3531   -13.6571     0.5798
  5   -15.9546     0.1009    -1.0605     0.6198    -1.4845     0.2735   -13.4094     0.6687
  6   -15.9625     0.0839    -0.9544     0.5488    -1.4452     0.2368   -13.5628     0.6263
  7   -15.9544     0.0727    -0.9368     0.4651    -1.4131     0.2101   -13.6043     0.5358
  8   -15.9578     0.0634    -0.8772     0.4201    -1.3876     0.1890   -13.6929     0.4966
  9   -15.9573     0.0559    -0.8947     0.3721    -1.4571     0.2171   -13.6054     0.4716
 10   -15.9606     0.0504    -0.8602     0.3399    -1.4539     0.1943   -13.6464     0.4297
 
 
 group  inft  solvation free energy     error          difference
  total solvation free energy
   1      0         -3.25879           0.08950          -0.00458
   1     60         -3.27704           0.08948          -0.02284
   1     80         -3.38417           0.08938          -0.12996
   1    100         -3.70444           0.08916          -0.45024
   2      0         -3.25638           0.08739          -0.00218
   3      0         -3.25421           0.08766           0.00000
   4      0         -3.24920           0.08736           0.00501
   5      0         -3.25393           0.08593           0.00027
   5     60         -3.27781           0.08591          -0.02360
   5     80         -3.40703           0.08577          -0.15283
   5    100         -3.70045           0.08552          -0.44625
 
  contribution from  1-th solvent component
   1      0         -0.28910           0.18296           0.01046
   1     60         -0.28902           0.18296           0.01054
   1     80         -0.28889           0.18303           0.01067
   1    100         -0.28873           0.18326           0.01083
   2      0         -0.29666           0.17969           0.00290
   3      0         -0.29956           0.17806           0.00000
   4      0         -0.30054           0.17594          -0.00098
   5      0         -0.30030           0.17548          -0.00074
   5     60         -0.30024           0.17548          -0.00068
   5     80         -0.30028           0.17552          -0.00072
   5    100         -0.30064           0.17566          -0.00108
 
  contribution from  2-th solvent component
   1      0         -0.73078           0.12769          -0.01670
   1     60         -0.73117           0.12770          -0.01709
   1     80         -0.73350           0.12772          -0.01943
   1    100         -0.74058           0.12780          -0.02650
   2      0         -0.71993           0.12710          -0.00586
   3      0         -0.71408           0.12752           0.00000
   4      0         -0.71060           0.12746           0.00348
   5      0         -0.71118           0.12760           0.00289
   5     60         -0.71170           0.12760           0.00238
   5     80         -0.71456           0.12762          -0.00048
   5    100         -0.72108           0.12767          -0.00700
 
  contribution from  3-th solvent component
   1      0         -2.23881           0.21096           0.00166
   1     60         -2.25675           0.21100          -0.01628
   1     80         -2.36167           0.21128          -0.12120
   1    100         -2.67503           0.21205          -0.43457
   2      0         -2.23969           0.21099           0.00078
   3      0         -2.24047           0.21044           0.00000
   4      0         -2.23796           0.20988           0.00251
   5      0         -2.24234           0.21019          -0.00188
   5     60         -2.26576           0.21025          -0.02530
   5     80         -2.39209           0.21058          -0.15162
   5    100         -2.67863           0.21128          -0.43817
 
 
 group  inft   Estimated free energy: total (kcal/mol)
   1      0      -3.2460      -3.4367      -3.0701      -3.1545      -3.3002
                 -3.2827      -3.1376      -3.1688      -3.5359      -3.2553
   1     60      -3.2642      -3.4550      -3.0883      -3.1727      -3.3184
                 -3.3010      -3.1558      -3.1873      -3.5541      -3.2736
   1     80      -3.3712      -3.5622      -3.1954      -3.2794      -3.4251
                 -3.4085      -3.2630      -3.2952      -3.6607      -3.3810
   1    100      -3.6914      -3.8829      -3.5158      -3.5985      -3.7440
                 -3.7297      -3.5833      -3.6174      -3.9794      -3.7020
   2      0      -3.2376      -3.4225      -3.0850      -3.1555      -3.2873
                 -3.2878      -3.1207      -3.1793      -3.5357      -3.2523
   3      0      -3.2336      -3.4062      -3.0843      -3.1521      -3.2795
                 -3.2987      -3.1147      -3.1793      -3.5412      -3.2525
   4      0      -3.2303      -3.3968      -3.0805      -3.1515      -3.2660
                 -3.3008      -3.1062      -3.1735      -3.5363      -3.2501
   5      0      -3.2162      -3.4030      -3.0891      -3.1612      -3.2778
                 -3.3033      -3.1164      -3.1788      -3.5353      -3.2582
   5     60      -3.2400      -3.4269      -3.1130      -3.1849      -3.3015
                 -3.3272      -3.1403      -3.2029      -3.5590      -3.2822
   5     80      -3.3691      -3.5561      -3.2424      -3.3137      -3.4301
                 -3.4570      -3.2696      -3.3332      -3.6875      -3.4118
   5    100      -3.6622      -3.8498      -3.5362      -3.6062      -3.7221
                 -3.7515      -3.5630      -3.6285      -3.9793      -3.7057
 
 group  inft   Estimated free energy: 1-th solvent contribution (kcal/mol)
   1      0      -0.4076      -0.4220       0.0139      -0.1846      -0.9279
                 -0.0594      -0.2402      -0.0211      -0.5231      -0.1192
   1     60      -0.4075      -0.4220       0.0141      -0.1845      -0.9278
                 -0.0593      -0.2401      -0.0210      -0.5230      -0.1191
   1     80      -0.4075      -0.4220       0.0143      -0.1842      -0.9278
                 -0.0590      -0.2400      -0.0209      -0.5230      -0.1188
   1    100      -0.4080      -0.4222       0.0149      -0.1836      -0.9282
                 -0.0584      -0.2399      -0.0207      -0.5233      -0.1180
   2      0      -0.4077      -0.4221       0.0002      -0.1942      -0.9270
                 -0.0707      -0.2473      -0.0378      -0.5297      -0.1302
   3      0      -0.4028      -0.4185      -0.0044      -0.1967      -0.9266
                 -0.0849      -0.2531      -0.0391      -0.5335      -0.1357
   4      0      -0.4034      -0.4161      -0.0078      -0.2064      -0.9203
                 -0.0896      -0.2496      -0.0445      -0.5326      -0.1351
   5      0      -0.3928      -0.4099      -0.0062      -0.2064      -0.9242
                 -0.0919      -0.2599      -0.0441      -0.5270      -0.1405
   5     60      -0.3928      -0.4099      -0.0062      -0.2063      -0.9242
                 -0.0918      -0.2599      -0.0440      -0.5270      -0.1404
   5     80      -0.3929      -0.4100      -0.0061      -0.2063      -0.9243
                 -0.0918      -0.2599      -0.0441      -0.5271      -0.1403
   5    100      -0.3937      -0.4107      -0.0062      -0.2063      -0.9249
                 -0.0919      -0.2604      -0.0445      -0.5277      -0.1400
 
 group  inft   Estimated free energy: 2-th solvent contribution (kcal/mol)
   1      0      -0.8280      -0.9697      -0.4661      -0.6444      -0.7415
                 -0.6442      -0.5619      -0.5925      -1.1400      -0.7196
   1     60      -0.8284      -0.9701      -0.4665      -0.6447      -0.7419
                 -0.6446      -0.5623      -0.5929      -1.1403      -0.7200
   1     80      -0.8307      -0.9725      -0.4687      -0.6470      -0.7442
                 -0.6469      -0.5646      -0.5952      -1.1427      -0.7225
   1    100      -0.8376      -0.9798      -0.4755      -0.6540      -0.7513
                 -0.6540      -0.5715      -0.6022      -1.1500      -0.7298
   2      0      -0.8180      -0.9534      -0.4663      -0.6336      -0.7305
                 -0.6377      -0.5375      -0.5866      -1.1315      -0.7042
   3      0      -0.8157      -0.9400      -0.4632      -0.6278      -0.7210
                 -0.6328      -0.5248      -0.5836      -1.1318      -0.7001
   4      0      -0.8111      -0.9360      -0.4592      -0.6209      -0.7170
                 -0.6333      -0.5211      -0.5786      -1.1277      -0.7010
   5      0      -0.8104      -0.9390      -0.4651      -0.6234      -0.7193
                 -0.6288      -0.5204      -0.5790      -1.1300      -0.6965
   5     60      -0.8109      -0.9395      -0.4656      -0.6239      -0.7198
                 -0.6294      -0.5209      -0.5795      -1.1305      -0.6971
   5     80      -0.8137      -0.9424      -0.4684      -0.6267      -0.7227
                 -0.6322      -0.5237      -0.5823      -1.1334      -0.7000
   5    100      -0.8201      -0.9490      -0.4748      -0.6331      -0.7292
                 -0.6388      -0.5301      -0.5888      -1.1400      -0.7068
 
 group  inft   Estimated free energy: 3-th solvent contribution (kcal/mol)
   1      0      -2.0103      -2.0449      -2.6178      -2.3255      -1.6308
                 -2.5791      -2.3354      -2.5552      -1.8728      -2.4163
   1     60      -2.0282      -2.0628      -2.6358      -2.3434      -1.6486
                 -2.5971      -2.3534      -2.5733      -1.8906      -2.4344
   1     80      -2.1329      -2.1676      -2.7409      -2.4481      -1.7529
                 -2.7025      -2.4583      -2.6790      -1.9948      -2.5397
   1    100      -2.4456      -2.4807      -3.0551      -2.7609      -2.0644
                 -3.0172      -2.7718      -2.9945      -2.3061      -2.8541
   2      0      -2.0119      -2.0469      -2.6188      -2.3276      -1.6297
                 -2.5793      -2.3358      -2.5547      -1.8744      -2.4178
   3      0      -2.0151      -2.0476      -2.6166      -2.3275      -1.6318
                 -2.5809      -2.3366      -2.5564      -1.8758      -2.4165
   4      0      -2.0157      -2.0446      -2.6134      -2.3241      -1.6286
                 -2.5778      -2.3354      -2.5502      -1.8759      -2.4139
   5      0      -2.0129      -2.0540      -2.6177      -2.3313      -1.6341
                 -2.5825      -2.3360      -2.5557      -1.8782      -2.4211
   5     60      -2.0363      -2.0774      -2.6411      -2.3546      -1.6575
                 -2.6060      -2.3594      -2.5793      -1.9014      -2.4446
   5     80      -2.1623      -2.2036      -2.7678      -2.4806      -1.7830
                 -2.7329      -2.4858      -2.7066      -2.0268      -2.5714
   5    100      -2.4483      -2.4900      -3.0551      -2.7667      -2.0679
                 -3.0207      -2.7725      -2.9951      -2.3114      -2.8588
 
 
 cumulative average & 95% error for solvation free energy
              total             1st component         2nd component         3rd component
  1    -3.2336               -0.4028               -0.8157               -2.0151
  2    -3.3199     0.1726    -0.4107     0.0158    -0.8778     0.1243    -2.0313     0.0325
  3    -3.2414     0.1860    -0.2752     0.2710    -0.7396     0.2856    -2.2264     0.3906
  4    -3.2191     0.1389    -0.2556     0.1956    -0.7117     0.2095    -2.2517     0.2808
  5    -3.2311     0.1103    -0.3898     0.3082    -0.7135     0.1624    -2.1277     0.3298
  6    -3.2424     0.0928    -0.3390     0.2714    -0.7001     0.1353    -2.2032     0.3088
  7    -3.2242     0.0865    -0.3267     0.2307    -0.6750     0.1248    -2.2223     0.2637
  8    -3.2185     0.0758    -0.2908     0.2123    -0.6636     0.1105    -2.2641     0.2432
  9    -3.2544     0.0980    -0.3178     0.1949    -0.7156     0.1425    -2.2209     0.2312
 10    -3.2542     0.0877    -0.2996     0.1781    -0.7141     0.1275    -2.2405     0.2104
