 ERmod 0.3.8, Copyright (C) 2000-2019 Nobuyuki Matubayasi
                            2010-2019 Shun Sakuraba
 ERmod comes with ABSOLUTELY NO WARRANTY.
 This is free software, and you can redistribute it
 and/or modify it under certain conditions.
 See LICENSE file for details.
 ERmod 0.3.8, Copyright (C) 2000-2019 Nobuyuki Matubayasi
                            2010-2019 Shun Sakuraba
 ERmod comes with ABSOLUTELY NO WARRANTY.
 This is free software, and you can redistribute it
 and/or modify it under certain conditions.
 See LICENSE file for details.
 
  Number of the   1-th solvent  =          180
  Number of the   2-th solvent  =          180
  Number of the   3-th solvent  =        10000
 
  Be sure that the solvent distribution is homogeneous (radial distribution function is essentially unity) when the solvent molecule is separated beyond distance of   10.0 Angstrom in any direction from any atom within the solute molecule
 
  LJ long-range correction    =        -0.0073     -0.0180     -0.2902
 
  Self-energy of the solute   =         0.0000  kcal/mol
 
 
 cumulative average & 95% error for solvation energy
              total             1st component         2nd component         3rd component
  1    -7.9477                0.1305               -0.4458               -7.6324
  2    -7.9622     0.0289     0.1144     0.0322    -0.4535     0.0154    -7.6231     0.0188
  3    -7.9741     0.0291     0.1190     0.0208    -0.4321     0.0439    -7.6611     0.0768
  4    -7.9715     0.0212     0.1176     0.0150    -0.4462     0.0419    -7.6430     0.0652
  5    -7.9726     0.0165     0.1220     0.0146    -0.4454     0.0325    -7.6493     0.0521
  6    -7.9728     0.0135     0.1234     0.0122    -0.4414     0.0277    -7.6548     0.0439
  7    -7.9685     0.0143     0.1220     0.0107    -0.4542     0.0347    -7.6362     0.0524
  8    -7.9756     0.0188     0.1257     0.0119    -0.4491     0.0317    -7.6522     0.0555
  9    -7.9810     0.0199     0.1283     0.0117    -0.4435     0.0302    -7.6658     0.0560
 10    -7.9809     0.0178     0.1262     0.0112    -0.4458     0.0274    -7.6612     0.0510
 
 
 group  inft  solvation free energy     error          difference
  total solvation free energy
   1      0          3.23291           0.01263          -0.00540
   1     60          3.22043           0.01264          -0.01788
   1     80          3.12107           0.01279          -0.11723
   1    100          2.74689           0.01339          -0.49142
   2      0          3.22701           0.01297          -0.01130
   3      0          3.23831           0.01293           0.00000
   4      0          3.24505           0.01299           0.00674
   5      0          3.29686           0.01272           0.05855
   5     60          3.27996           0.01274           0.04165
   5     80          3.15545           0.01293          -0.08286
   5    100          2.80711           0.01349          -0.43120
 
  contribution from  1-th solvent component
   1      0          0.32259           0.00661           0.00376
   1     60          0.32262           0.00663           0.00378
   1     80          0.32231           0.00681           0.00348
   1    100          0.31888           0.00743           0.00004
   2      0          0.32016           0.00643           0.00133
   3      0          0.31884           0.00626           0.00000
   4      0          0.31785           0.00609          -0.00099
   5      0          0.31784           0.00611          -0.00099
   5     60          0.31783           0.00614          -0.00101
   5     80          0.31713           0.00635          -0.00170
   5    100          0.31351           0.00688          -0.00533
 
  contribution from  2-th solvent component
   1      0         -0.05722           0.01396           0.00445
   1     60         -0.05749           0.01396           0.00418
   1     80         -0.05963           0.01403           0.00204
   1    100         -0.06745           0.01424          -0.00578
   2      0         -0.06036           0.01364           0.00132
   3      0         -0.06167           0.01340           0.00000
   4      0         -0.06228           0.01310          -0.00061
   5      0         -0.06204           0.01269          -0.00037
   5     60         -0.06242           0.01270          -0.00075
   5     80         -0.06517           0.01277          -0.00350
   5    100         -0.07260           0.01292          -0.01093
 
  contribution from  3-th solvent component
   1      0          2.96751           0.02439          -0.01360
   1     60          2.95527           0.02441          -0.02584
   1     80          2.85836           0.02463          -0.12275
   1    100          2.49544           0.02535          -0.48568
   2      0          2.96717           0.02413          -0.01394
   3      0          2.98111           0.02383           0.00000
   4      0          2.98945           0.02338           0.00834
   5      0          3.04103           0.02264           0.05992
   5     60          3.02452           0.02268           0.04340
   5     80          2.90346           0.02293          -0.07766
   5    100          2.56617           0.02361          -0.41494
 
 
 group  inft   Estimated free energy: total (kcal/mol)
   1      0       3.2675       3.2353       3.2342       3.2192       3.2358
                  3.2492       3.2457       3.1930       3.2212       3.2280
   1     60       3.2551       3.2228       3.2217       3.2066       3.2234
                  3.2368       3.2332       3.1804       3.2088       3.2155
   1     80       3.1562       3.1234       3.1224       3.1066       3.1244
                  3.1375       3.1337       3.0806       3.1100       3.1161
   1    100       2.7841       2.7489       2.7484       2.7300       2.7513
                  2.7638       2.7589       2.7046       2.7374       2.7416
   2      0       3.2620       3.2303       3.2297       3.2126       3.2298
                  3.2432       3.2401       3.1853       3.2157       3.2214
   3      0       3.2724       3.2424       3.2403       3.2236       3.2407
                  3.2549       3.2525       3.1969       3.2267       3.2326
   4      0       3.2773       3.2491       3.2476       3.2293       3.2491
                  3.2610       3.2590       3.2013       3.2351       3.2416
   5      0       3.3302       3.3014       3.3010       3.2798       3.3011
                  3.3130       3.3082       3.2565       3.2847       3.2927
   5     60       3.3133       3.2845       3.2841       3.2628       3.2843
                  3.2961       3.2912       3.2395       3.2679       3.2758
   5     80       3.1893       3.1600       3.1597       3.1375       3.1602
                  3.1717       3.1666       3.1143       3.1440       3.1512
   5    100       2.8427       2.8114       2.8115       2.7873       2.8128
                  2.8236       2.8179       2.7641       2.7970       2.8027
 
 group  inft   Estimated free energy: 1-th solvent contribution (kcal/mol)
   1      0       0.3231       0.3057       0.3209       0.3147       0.3346
                  0.3232       0.3207       0.3383       0.3333       0.3115
   1     60       0.3231       0.3057       0.3209       0.3146       0.3346
                  0.3232       0.3207       0.3384       0.3334       0.3115
   1     80       0.3226       0.3051       0.3205       0.3141       0.3348
                  0.3228       0.3201       0.3384       0.3337       0.3111
   1    100       0.3186       0.3007       0.3166       0.3097       0.3328
                  0.3190       0.3161       0.3360       0.3324       0.3069
   2      0       0.3203       0.3039       0.3194       0.3121       0.3315
                  0.3215       0.3178       0.3350       0.3312       0.3091
   3      0       0.3193       0.3032       0.3187       0.3104       0.3301
                  0.3196       0.3163       0.3327       0.3300       0.3082
   4      0       0.3180       0.3027       0.3176       0.3099       0.3289
                  0.3184       0.3156       0.3310       0.3293       0.3073
   5      0       0.3185       0.3027       0.3181       0.3097       0.3291
                  0.3180       0.3154       0.3310       0.3289       0.3070
   5     60       0.3185       0.3026       0.3181       0.3096       0.3292
                  0.3180       0.3154       0.3310       0.3290       0.3070
   5     80       0.3175       0.3016       0.3173       0.3086       0.3290
                  0.3171       0.3144       0.3306       0.3290       0.3061
   5    100       0.3134       0.2972       0.3133       0.3042       0.3266
                  0.3132       0.3103       0.3278       0.3273       0.3018
 
 group  inft   Estimated free energy: 2-th solvent contribution (kcal/mol)
   1      0      -0.0583      -0.0678      -0.0262      -0.0805      -0.0551
                 -0.0418      -0.0978      -0.0466      -0.0313      -0.0668
   1     60      -0.0586      -0.0681      -0.0265      -0.0808      -0.0554
                 -0.0420      -0.0981      -0.0468      -0.0315      -0.0671
   1     80      -0.0608      -0.0703      -0.0283      -0.0830      -0.0575
                 -0.0442      -0.1003      -0.0489      -0.0336      -0.0693
   1    100      -0.0687      -0.0784      -0.0353      -0.0912      -0.0654
                 -0.0520      -0.1086      -0.0566      -0.0410      -0.0773
   2      0      -0.0610      -0.0701      -0.0298      -0.0830      -0.0592
                 -0.0448      -0.0999      -0.0509      -0.0348      -0.0701
   3      0      -0.0625      -0.0707      -0.0313      -0.0850      -0.0609
                 -0.0452      -0.0995      -0.0527      -0.0370      -0.0719
   4      0      -0.0633      -0.0707      -0.0321      -0.0850      -0.0613
                 -0.0471      -0.0993      -0.0545      -0.0377      -0.0718
   5      0      -0.0628      -0.0707      -0.0336      -0.0845      -0.0602
                 -0.0475      -0.0979      -0.0539      -0.0379      -0.0714
   5     60      -0.0632      -0.0711      -0.0339      -0.0849      -0.0606
                 -0.0479      -0.0983      -0.0543      -0.0383      -0.0717
   5     80      -0.0660      -0.0739      -0.0364      -0.0878      -0.0633
                 -0.0506      -0.1011      -0.0570      -0.0409      -0.0746
   5    100      -0.0735      -0.0815      -0.0432      -0.0955      -0.0708
                 -0.0581      -0.1089      -0.0643      -0.0481      -0.0821
 
 group  inft   Estimated free energy: 3-th solvent contribution (kcal/mol)
   1      0       3.0027       2.9974       2.9395       2.9850       2.9564
                  2.9678       3.0227       2.9012       2.9192       2.9833
   1     60       2.9906       2.9852       2.9272       2.9727       2.9441
                  2.9556       3.0105       2.8888       2.9069       2.9710
   1     80       2.8944       2.8886       2.8302       2.8755       2.8471
                  2.8589       2.9139       2.7911       2.8098       2.8743
   1    100       2.5342       2.5266       2.4671       2.5114       2.4839
                  2.4968       2.5514       2.4251       2.4459       2.5119
   2      0       3.0027       2.9965       2.9401       2.9835       2.9575
                  2.9665       3.0221       2.9012       2.9194       2.9824
   3      0       3.0156       3.0099       2.9529       2.9982       2.9715
                  2.9805       3.0356       2.9169       2.9337       2.9963
   4      0       3.0226       3.0171       2.9621       3.0044       2.9815
                  2.9896       3.0427       2.9249       2.9435       3.0061
   5      0       3.0744       3.0694       3.0165       3.0546       3.0321
                  3.0425       3.0905       2.9794       2.9937       3.0571
   5     60       3.0580       3.0530       3.0000       3.0381       3.0156
                  3.0260       3.0741       2.9628       2.9772       3.0406
   5     80       2.9377       2.9322       2.8788       2.9167       2.8945
                  2.9052       2.9533       2.8406       2.8558       2.9197
   5    100       2.6028       2.5957       2.5414       2.5785       2.5571
                  2.5685       2.6165       2.5005       2.5177       2.5830
 
 
 cumulative average & 95% error for solvation free energy
              total             1st component         2nd component         3rd component
  1     3.2724                0.3193               -0.0625                3.0156
  2     3.2574     0.0300     0.3112     0.0161    -0.0666     0.0082     3.0127     0.0057
  3     3.2517     0.0208     0.3137     0.0106    -0.0548     0.0240     2.9928     0.0400
  4     3.2447     0.0203     0.3129     0.0077    -0.0624     0.0227     2.9942     0.0284
  5     3.2439     0.0158     0.3163     0.0091    -0.0621     0.0176     2.9896     0.0238
  6     3.2457     0.0134     0.3169     0.0075    -0.0593     0.0154     2.9881     0.0197
  7     3.2467     0.0115     0.3168     0.0064    -0.0650     0.0174     2.9949     0.0215
  8     3.2405     0.0159     0.3188     0.0068    -0.0635     0.0154     2.9851     0.0269
  9     3.2389     0.0144     0.3200     0.0065    -0.0605     0.0148     2.9794     0.0264
 10     3.2383     0.0129     0.3188     0.0063    -0.0617     0.0134     2.9811     0.0238
