 ERmod 0.3.8, Copyright (C) 2000-2019 Nobuyuki Matubayasi
                            2010-2019 Shun Sakuraba
 ERmod comes with ABSOLUTELY NO WARRANTY.
 This is free software, and you can redistribute it
 and/or modify it under certain conditions.
 See LICENSE file for details.
 ERmod 0.3.8, Copyright (C) 2000-2019 Nobuyuki Matubayasi
                            2010-2019 Shun Sakuraba
 ERmod comes with ABSOLUTELY NO WARRANTY.
 This is free software, and you can redistribute it
 and/or modify it under certain conditions.
 See LICENSE file for details.
 
  Number of the   1-th solvent  =          180
  Number of the   2-th solvent  =          180
  Number of the   3-th solvent  =        10000
 
  Be sure that the solvent distribution is homogeneous (radial distribution function is essentially unity) when the solvent molecule is separated beyond distance of   10.0 Angstrom in any direction from any atom within the solute molecule
 
  LJ long-range correction    =        -0.0051     -0.0117     -0.3015
 
  Self-energy of the solute   =         0.0000  kcal/mol
 
 
 cumulative average & 95% error for solvation energy
              total             1st component         2nd component         3rd component
  1    -8.0926                0.1852               -0.3328               -7.9451
  2    -8.1139     0.0427     0.1758     0.0189    -0.3492     0.0329    -7.9405     0.0091
  3    -8.1223     0.0298     0.1677     0.0196    -0.3725     0.0503    -7.9175     0.0464
  4    -8.1232     0.0211     0.1611     0.0190    -0.3739     0.0357    -7.9104     0.0357
  5    -8.1182     0.0192     0.1614     0.0148    -0.3702     0.0286    -7.9094     0.0277
  6    -8.1236     0.0191     0.1585     0.0133    -0.3727     0.0239    -7.9094     0.0226
  7    -8.1228     0.0162     0.1614     0.0127    -0.3683     0.0221    -7.9159     0.0231
  8    -8.1238     0.0142     0.1600     0.0113    -0.3693     0.0192    -7.9146     0.0202
  9    -8.1233     0.0125     0.1611     0.0102    -0.3689     0.0170    -7.9156     0.0179
 10    -8.1231     0.0112     0.1633     0.0101    -0.3656     0.0165    -7.9208     0.0191
 
 
 group  inft  solvation free energy     error          difference
  total solvation free energy
   1      0          3.50506           0.01776          -0.00676
   1     60          3.49615           0.01780          -0.01567
   1     80          3.41441           0.01824          -0.09741
   1    100          3.07562           0.02010          -0.43620
   2      0          3.49957           0.01767          -0.01225
   3      0          3.51182           0.01776           0.00000
   4      0          3.51816           0.01760           0.00634
   5      0          3.57123           0.01648           0.05941
   5     60          3.55902           0.01653           0.04720
   5     80          3.45484           0.01707          -0.05698
   5    100          3.13739           0.01875          -0.37443
 
  contribution from  1-th solvent component
   1      0          0.31712           0.00884           0.00333
   1     60          0.31716           0.00886           0.00337
   1     80          0.31733           0.00911           0.00354
   1    100          0.31639           0.01028           0.00260
   2      0          0.31468           0.00869           0.00089
   3      0          0.31379           0.00856           0.00000
   4      0          0.31240           0.00858          -0.00139
   5      0          0.31289           0.00853          -0.00090
   5     60          0.31293           0.00855          -0.00085
   5     80          0.31286           0.00886          -0.00093
   5    100          0.31137           0.00991          -0.00241
 
  contribution from  2-th solvent component
   1      0         -0.08251           0.01000           0.00400
   1     60         -0.08262           0.01001           0.00389
   1     80         -0.08381           0.01009           0.00270
   1    100         -0.08914           0.01036          -0.00263
   2      0         -0.08500           0.01011           0.00152
   3      0         -0.08652           0.01026           0.00000
   4      0         -0.08704           0.01006          -0.00052
   5      0         -0.08797           0.00984          -0.00145
   5     60         -0.08813           0.00985          -0.00161
   5     80         -0.08974           0.00994          -0.00322
   5    100         -0.09493           0.01018          -0.00842
 
  contribution from  3-th solvent component
   1      0          3.27043           0.01077          -0.01409
   1     60          3.26159           0.01079          -0.02293
   1     80          3.18086           0.01090          -0.10366
   1    100          2.84835           0.01140          -0.43617
   2      0          3.26986           0.01046          -0.01466
   3      0          3.28452           0.01051           0.00000
   4      0          3.29277           0.01032           0.00825
   5      0          3.34628           0.00965           0.06175
   5     60          3.33419           0.00966           0.04967
   5     80          3.23169           0.00980          -0.05283
   5    100          2.92092           0.01026          -0.36360
 
 
 group  inft   Estimated free energy: total (kcal/mol)
   1      0       3.5578       3.4865       3.4724       3.4855       3.5414
                  3.4772       3.5093       3.4913       3.5100       3.5191
   1     60       3.5490       3.4776       3.4635       3.4765       3.5325
                  3.4682       3.5004       3.4823       3.5011       3.5103
   1     80       3.4687       3.3957       3.3810       3.3940       3.4512
                  3.3857       3.4190       3.4001       3.4194       3.4293
   1    100       3.1359       3.0560       3.0391       3.0518       3.1139
                  3.0437       3.0816       3.0589       3.0811       3.0942
   2      0       3.5507       3.4819       3.4659       3.4791       3.5352
                  3.4715       3.5040       3.4863       3.5055       3.5157
   3      0       3.5640       3.4935       3.4782       3.4918       3.5479
                  3.4847       3.5159       3.4985       3.5158       3.5279
   4      0       3.5696       3.5007       3.4841       3.4992       3.5533
                  3.4909       3.5211       3.5038       3.5240       3.5349
   5      0       3.6205       3.5541       3.5398       3.5526       3.6024
                  3.5467       3.5747       3.5576       3.5765       3.5874
   5     60       3.6084       3.5419       3.5275       3.5403       3.5902
                  3.5345       3.5625       3.5453       3.5643       3.5753
   5     80       3.5059       3.4374       3.4224       3.4351       3.4866
                  3.4294       3.4587       3.4405       3.4603       3.4721
   5    100       3.1936       3.1189       3.1024       3.1145       3.1708
                  3.1091       3.1422       3.1210       3.1433       3.1579
 
 group  inft   Estimated free energy: 1-th solvent contribution (kcal/mol)
   1      0       0.3384       0.3199       0.3078       0.2990       0.3149
                  0.3011       0.3290       0.3046       0.3221       0.3345
   1     60       0.3384       0.3199       0.3078       0.2990       0.3149
                  0.3012       0.3290       0.3046       0.3222       0.3346
   1     80       0.3392       0.3203       0.3077       0.2987       0.3149
                  0.3009       0.3295       0.3044       0.3224       0.3353
   1    100       0.3411       0.3200       0.3056       0.2957       0.3129
                  0.2980       0.3299       0.3017       0.3220       0.3371
   2      0       0.3343       0.3173       0.3060       0.2967       0.3129
                  0.2981       0.3262       0.3025       0.3204       0.3325
   3      0       0.3334       0.3166       0.3051       0.2956       0.3125
                  0.2975       0.3247       0.3022       0.3191       0.3312
   4      0       0.3318       0.3148       0.3036       0.2949       0.3110
                  0.2962       0.3232       0.3001       0.3180       0.3305
   5      0       0.3320       0.3151       0.3043       0.2955       0.3117
                  0.2969       0.3236       0.3002       0.3188       0.3308
   5     60       0.3321       0.3152       0.3043       0.2955       0.3117
                  0.2968       0.3237       0.3002       0.3189       0.3309
   5     80       0.3328       0.3153       0.3039       0.2949       0.3114
                  0.2962       0.3239       0.2997       0.3190       0.3315
   5    100       0.3339       0.3143       0.3014       0.2915       0.3091
                  0.2929       0.3235       0.2966       0.3180       0.3325
 
 group  inft   Estimated free energy: 2-th solvent contribution (kcal/mol)
   1      0      -0.0629      -0.0850      -0.1148      -0.0903      -0.0761
                 -0.0948      -0.0684      -0.0877      -0.0809      -0.0642
   1     60      -0.0630      -0.0851      -0.1149      -0.0905      -0.0762
                 -0.0949      -0.0685      -0.0879      -0.0810      -0.0642
   1     80      -0.0640      -0.0864      -0.1163      -0.0917      -0.0774
                 -0.0962      -0.0695      -0.0891      -0.0822      -0.0653
   1    100      -0.0686      -0.0920      -0.1222      -0.0974      -0.0826
                 -0.1020      -0.0743      -0.0947      -0.0876      -0.0700
   2      0      -0.0657      -0.0873      -0.1178      -0.0931      -0.0791
                 -0.0974      -0.0705      -0.0896      -0.0835      -0.0660
   3      0      -0.0665      -0.0886      -0.1199      -0.0940      -0.0803
                 -0.0987      -0.0724      -0.0916      -0.0860      -0.0671
   4      0      -0.0676      -0.0888      -0.1200      -0.0948      -0.0809
                 -0.0985      -0.0731      -0.0922      -0.0864      -0.0682
   5      0      -0.0690      -0.0899      -0.1201      -0.0950      -0.0818
                 -0.1001      -0.0752      -0.0930      -0.0864      -0.0691
   5     60      -0.0691      -0.0901      -0.1203      -0.0952      -0.0820
                 -0.1003      -0.0754      -0.0931      -0.0866      -0.0692
   5     80      -0.0705      -0.0918      -0.1221      -0.0969      -0.0836
                 -0.1021      -0.0768      -0.0948      -0.0882      -0.0706
   5    100      -0.0750      -0.0972      -0.1278      -0.1024      -0.0887
                 -0.1076      -0.0816      -0.1003      -0.0934      -0.0753
 
 group  inft   Estimated free energy: 3-th solvent contribution (kcal/mol)
   1      0       3.2824       3.2516       3.2794       3.2769       3.3026
                  3.2708       3.2487       3.2744       3.2687       3.2488
   1     60       3.2736       3.2428       3.2705       3.2680       3.2938
                  3.2620       3.2398       3.2656       3.2599       3.2400
   1     80       3.1935       3.1618       3.1895       3.1870       3.2137
                  3.1811       3.1590       3.1847       3.1792       3.1593
   1    100       2.8633       2.8280       2.8557       2.8535       2.8836
                  2.8477       2.8261       2.8519       2.8466       2.8271
   2      0       3.2821       3.2518       3.2777       3.2755       3.3013
                  3.2708       3.2483       3.2734       3.2685       3.2492
   3      0       3.2971       3.2656       3.2930       3.2902       3.3157
                  3.2859       3.2636       3.2878       3.2827       3.2637
   4      0       3.3054       3.2747       3.3005       3.2991       3.3231
                  3.2932       3.2710       3.2959       3.2923       3.2725
   5      0       3.3574       3.3289       3.3556       3.3520       3.3725
                  3.3500       3.3262       3.3503       3.3441       3.3257
   5     60       3.3454       3.3168       3.3434       3.3399       3.3605
                  3.3379       3.3141       3.3382       3.3320       3.3136
   5     80       3.2436       3.2139       3.2406       3.2370       3.2588
                  3.2352       3.2115       3.2356       3.2295       3.2112
   5    100       2.9348       2.9017       2.9288       2.9254       2.9504
                  2.9238       2.9003       2.9246       2.9187       2.9007
 
 
 cumulative average & 95% error for solvation free energy
              total             1st component         2nd component         3rd component
  1     3.5640                0.3334               -0.0665                3.2971
  2     3.5288     0.0705     0.3250     0.0168    -0.0776     0.0221     3.2813     0.0315
  3     3.5119     0.0528     0.3184     0.0164    -0.0917     0.0310     3.2852     0.0198
  4     3.5069     0.0387     0.3127     0.0162    -0.0923     0.0219     3.2865     0.0142
  5     3.5151     0.0342     0.3126     0.0126    -0.0899     0.0177     3.2923     0.0161
  6     3.5100     0.0297     0.3101     0.0114    -0.0913     0.0147     3.2912     0.0133
  7     3.5109     0.0251     0.3122     0.0105    -0.0886     0.0136     3.2873     0.0137
  8     3.5093     0.0220     0.3109     0.0095    -0.0890     0.0118     3.2874     0.0119
  9     3.5100     0.0194     0.3119     0.0085    -0.0887     0.0104     3.2868     0.0105
 10     3.5118     0.0178     0.3138     0.0086    -0.0865     0.0103     3.2845     0.0105
