 ERmod 0.3.8, Copyright (C) 2000-2019 Nobuyuki Matubayasi
                            2010-2019 Shun Sakuraba
 ERmod comes with ABSOLUTELY NO WARRANTY.
 This is free software, and you can redistribute it
 and/or modify it under certain conditions.
 See LICENSE file for details.
 ERmod 0.3.8, Copyright (C) 2000-2019 Nobuyuki Matubayasi
                            2010-2019 Shun Sakuraba
 ERmod comes with ABSOLUTELY NO WARRANTY.
 This is free software, and you can redistribute it
 and/or modify it under certain conditions.
 See LICENSE file for details.
 
  Number of the   1-th solvent  =          180
  Number of the   2-th solvent  =          180
  Number of the   3-th solvent  =        10000
 
  Be sure that the solvent distribution is homogeneous (radial distribution function is essentially unity) when the solvent molecule is separated beyond distance of   10.0 Angstrom in any direction from any atom within the solute molecule
 
  LJ long-range correction    =        -0.0037     -0.0058     -0.1492
 
  Self-energy of the solute   =        -0.0001  kcal/mol
 
 
 cumulative average & 95% error for solvation energy
              total             1st component         2nd component         3rd component
  1   -15.8736               -1.3095               -1.3969              -13.1671
  2   -15.8270     0.0932    -1.2576     0.1038    -1.2957     0.2025   -13.2737     0.2132
  3   -15.8451     0.0648    -1.1930     0.1423    -1.3375     0.1438   -13.3145     0.1476
  4   -15.8364     0.0490    -1.2124     0.1078    -1.3247     0.1048   -13.2992     0.1088
  5   -15.8331     0.0386    -1.0947     0.2498    -1.2303     0.2055   -13.5079     0.4260
  6   -15.8446     0.0390    -1.0856     0.2048    -1.1634     0.2147   -13.5955     0.3894
  7   -15.8728     0.0654    -1.0494     0.1876    -1.2576     0.2616   -13.5658     0.3345
  8   -15.8606     0.0617    -1.0831     0.1759    -1.2263     0.2351   -13.5512     0.2911
  9   -15.8476     0.0603    -1.0694     0.1575    -1.2645     0.2210   -13.5136     0.2675
 10   -15.8529     0.0550    -1.1227     0.1768    -1.2103     0.2254   -13.5198     0.2396
 
 
 group  inft  solvation free energy     error          difference
  total solvation free energy
   1      0         -3.32972           0.05138          -0.02230
   1     60         -3.34753           0.05139          -0.04011
   1     80         -3.45212           0.05146          -0.14470
   1    100         -3.76745           0.05169          -0.46003
   2      0         -3.31175           0.05159          -0.00433
   3      0         -3.30742           0.05244           0.00000
   4      0         -3.30016           0.05377           0.00726
   5      0         -3.29973           0.05281           0.00769
   5     60         -3.32301           0.05283          -0.01560
   5     80         -3.44903           0.05292          -0.14161
   5    100         -3.73785           0.05314          -0.43044
 
  contribution from  1-th solvent component
   1      0         -0.39612           0.08460          -0.01002
   1     60         -0.39637           0.08461          -0.01027
   1     80         -0.39788           0.08463          -0.01178
   1    100         -0.40270           0.08468          -0.01660
   2      0         -0.38856           0.08331          -0.00246
   3      0         -0.38611           0.08335           0.00000
   4      0         -0.38435           0.08326           0.00176
   5      0         -0.38193           0.08288           0.00417
   5     60         -0.38227           0.08288           0.00384
   5     80         -0.38415           0.08290           0.00196
   5    100         -0.38867           0.08294          -0.00256
 
  contribution from  2-th solvent component
   1      0         -0.61878           0.11176          -0.01333
   1     60         -0.61916           0.11177          -0.01371
   1     80         -0.62140           0.11178          -0.01595
   1    100         -0.62825           0.11183          -0.02280
   2      0         -0.60822           0.10892          -0.00276
   3      0         -0.60545           0.10939           0.00000
   4      0         -0.60344           0.10893           0.00202
   5      0         -0.60080           0.10919           0.00465
   5     60         -0.60130           0.10920           0.00415
   5     80         -0.60404           0.10920           0.00141
   5    100         -0.61038           0.10923          -0.00492
 
  contribution from  3-th solvent component
   1      0         -2.31474           0.10915           0.00104
   1     60         -2.33192           0.10918          -0.01614
   1     80         -2.43275           0.10935          -0.11698
   1    100         -2.73641           0.10979          -0.42063
   2      0         -2.31489           0.10910           0.00089
   3      0         -2.31578           0.10864           0.00000
   4      0         -2.31230           0.10804           0.00348
   5      0         -2.31691           0.10831          -0.00114
   5     60         -2.33936           0.10836          -0.02359
   5     80         -2.46076           0.10857          -0.14498
   5    100         -2.73873           0.10895          -0.42295
 
 
 group  inft   Estimated free energy: total (kcal/mol)
   1      0      -3.2938      -3.2203      -3.4401      -3.2485      -3.2657
                 -3.3333      -3.4200      -3.2671      -3.3984      -3.4099
   1     60      -3.3116      -3.2381      -3.4579      -3.2662      -3.2837
                 -3.3511      -3.4378      -3.2849      -3.4162      -3.4278
   1     80      -3.4160      -3.3424      -3.5625      -3.3703      -3.3887
                 -3.4557      -3.5426      -3.3894      -3.5207      -3.5329
   1    100      -3.7307      -3.6571      -3.8778      -3.6843      -3.7053
                 -3.7712      -3.8580      -3.7045      -3.8361      -3.8495
   2      0      -3.2777      -3.1929      -3.4206      -3.2215      -3.2634
                 -3.3291      -3.3941      -3.2471      -3.3788      -3.3922
   3      0      -3.2710      -3.1924      -3.4207      -3.2154      -3.2490
                 -3.3309      -3.3880      -3.2424      -3.3732      -3.3911
   4      0      -3.2687      -3.1776      -3.4151      -3.2037      -3.2455
                 -3.3214      -3.3785      -3.2332      -3.3766      -3.3814
   5      0      -3.2625      -3.1815      -3.4011      -3.2066      -3.2484
                 -3.3222      -3.3855      -3.2291      -3.3778      -3.3826
   5     60      -3.2857      -3.2047      -3.4244      -3.2298      -3.2719
                 -3.3455      -3.4088      -3.2524      -3.4010      -3.4060
   5     80      -3.4116      -3.3304      -3.5503      -3.3552      -3.3985
                 -3.4717      -3.5349      -3.3782      -3.5269      -3.5325
   5    100      -3.6997      -3.6187      -3.8392      -3.6428      -3.6886
                 -3.7607      -3.8238      -3.6670      -3.8157      -3.8224
 
 group  inft   Estimated free energy: 1-th solvent contribution (kcal/mol)
   1      0      -0.4502      -0.3894      -0.4074      -0.4452      -0.1449
                 -0.3883      -0.2507      -0.4545      -0.3750      -0.6557
   1     60      -0.4505      -0.3897      -0.4077      -0.4455      -0.1452
                 -0.3885      -0.2509      -0.4547      -0.3752      -0.6559
   1     80      -0.4520      -0.3911      -0.4092      -0.4470      -0.1466
                 -0.3899      -0.2524      -0.4563      -0.3768      -0.6575
   1    100      -0.4569      -0.3959      -0.4141      -0.4520      -0.1512
                 -0.3946      -0.2571      -0.4611      -0.3817      -0.6624
   2      0      -0.4436      -0.3804      -0.4011      -0.4309      -0.1448
                 -0.3844      -0.2444      -0.4433      -0.3647      -0.6480
   3      0      -0.4385      -0.3808      -0.3996      -0.4312      -0.1421
                 -0.3828      -0.2390      -0.4388      -0.3636      -0.6447
   4      0      -0.4392      -0.3803      -0.4012      -0.4228      -0.1398
                 -0.3800      -0.2353      -0.4380      -0.3657      -0.6411
   5      0      -0.4358      -0.3794      -0.3903      -0.4256      -0.1388
                 -0.3780      -0.2343      -0.4342      -0.3647      -0.6382
   5     60      -0.4362      -0.3797      -0.3906      -0.4260      -0.1391
                 -0.3783      -0.2346      -0.4345      -0.3650      -0.6386
   5     80      -0.4381      -0.3815      -0.3925      -0.4279      -0.1409
                 -0.3801      -0.2365      -0.4364      -0.3670      -0.6405
   5    100      -0.4427      -0.3860      -0.3971      -0.4325      -0.1454
                 -0.3845      -0.2409      -0.4410      -0.3716      -0.6451
 
 group  inft   Estimated free energy: 2-th solvent contribution (kcal/mol)
   1      0      -0.7105      -0.5790      -0.7735      -0.6214      -0.4282
                 -0.4036      -0.8942      -0.5112      -0.8288      -0.4373
   1     60      -0.7109      -0.5794      -0.7739      -0.6218      -0.4286
                 -0.4040      -0.8946      -0.5116      -0.8292      -0.4377
   1     80      -0.7132      -0.5817      -0.7761      -0.6240      -0.4308
                 -0.4062      -0.8969      -0.5138      -0.8314      -0.4399
   1    100      -0.7201      -0.5886      -0.7830      -0.6309      -0.4375
                 -0.4128      -0.9039      -0.5206      -0.8383      -0.4467
   2      0      -0.7002      -0.5629      -0.7575      -0.6081      -0.4252
                 -0.4042      -0.8742      -0.5021      -0.8194      -0.4284
   3      0      -0.6973      -0.5569      -0.7587      -0.6016      -0.4169
                 -0.4052      -0.8732      -0.4990      -0.8174      -0.4283
   4      0      -0.6968      -0.5500      -0.7531      -0.6014      -0.4197
                 -0.4041      -0.8706      -0.4955      -0.8163      -0.4268
   5      0      -0.6911      -0.5479      -0.7489      -0.5976      -0.4185
                 -0.4021      -0.8726      -0.4925      -0.8139      -0.4229
   5     60      -0.6916      -0.5484      -0.7493      -0.5981      -0.4190
                 -0.4026      -0.8731      -0.4929      -0.8144      -0.4234
   5     80      -0.6944      -0.5512      -0.7521      -0.6008      -0.4218
                 -0.4054      -0.8759      -0.4957      -0.8171      -0.4261
   5    100      -0.7008      -0.5576      -0.7584      -0.6071      -0.4281
                 -0.4116      -0.8823      -0.5020      -0.8235      -0.4324
 
 group  inft   Estimated free energy: 3-th solvent contribution (kcal/mol)
   1      0      -2.1329      -2.2518      -2.2592      -2.1817      -2.6925
                 -2.5413      -2.2750      -2.3014      -2.1946      -2.3168
   1     60      -2.1501      -2.2689      -2.2763      -2.1988      -2.7099
                 -2.5585      -2.2922      -2.3186      -2.2118      -2.3341
   1     80      -2.2507      -2.3695      -2.3770      -2.2991      -2.8113
                 -2.6596      -2.3932      -2.4192      -2.3124      -2.4354
   1    100      -2.5535      -2.6725      -2.6806      -2.6014      -3.1164
                 -2.9637      -2.6970      -2.7227      -2.6160      -2.7403
   2      0      -2.1339      -2.2495      -2.2620      -2.1823      -2.6934
                 -2.5404      -2.2754      -2.3017      -2.1946      -2.3158
   3      0      -2.1351      -2.2546      -2.2623      -2.1826      -2.6899
                 -2.5428      -2.2757      -2.3045      -2.1922      -2.3181
   4      0      -2.1325      -2.2472      -2.2608      -2.1794      -2.6859
                 -2.5372      -2.2725      -2.2996      -2.1945      -2.3133
   5      0      -2.1354      -2.2542      -2.2619      -2.1833      -2.6910
                 -2.5420      -2.2785      -2.3024      -2.1991      -2.3214
   5     60      -2.1578      -2.2765      -2.2844      -2.2056      -2.7136
                 -2.5645      -2.3009      -2.3248      -2.2215      -2.3439
   5     80      -2.2790      -2.3976      -2.4057      -2.3264      -2.8358
                 -2.6862      -2.4225      -2.4461      -2.3427      -2.4658
   5    100      -2.5562      -2.6750      -2.6836      -2.6031      -3.1150
                 -2.9646      -2.7005      -2.7239      -2.6206      -2.7449
 
 
 cumulative average & 95% error for solvation free energy
              total             1st component         2nd component         3rd component
  1    -3.2710               -0.4385               -0.6973               -2.1351
  2    -3.2317     0.0786    -0.4096     0.0577    -0.6271     0.1404    -2.1949     0.1195
  3    -3.2947     0.1339    -0.4063     0.0340    -0.6710     0.1194    -2.2173     0.0823
  4    -3.2749     0.1027    -0.4125     0.0270    -0.6536     0.0913    -2.2086     0.0608
  5    -3.2697     0.0802    -0.3584     0.1102    -0.6063     0.1182    -2.3049     0.1982
  6    -3.2799     0.0686    -0.3625     0.0903    -0.5728     0.1175    -2.3446     0.1802
  7    -3.2954     0.0657    -0.3449     0.0841    -0.6157     0.1312    -2.3347     0.1536
  8    -3.2887     0.0584    -0.3566     0.0765    -0.6011     0.1173    -2.3309     0.1332
  9    -3.2981     0.0548    -0.3574     0.0675    -0.6251     0.1141    -2.3155     0.1215
 10    -3.3074     0.0524    -0.3861     0.0833    -0.6055     0.1094    -2.3158     0.1086
