 ERmod 0.3.8, Copyright (C) 2000-2019 Nobuyuki Matubayasi
                            2010-2019 Shun Sakuraba
 ERmod comes with ABSOLUTELY NO WARRANTY.
 This is free software, and you can redistribute it
 and/or modify it under certain conditions.
 See LICENSE file for details.
 ERmod 0.3.8, Copyright (C) 2000-2019 Nobuyuki Matubayasi
                            2010-2019 Shun Sakuraba
 ERmod comes with ABSOLUTELY NO WARRANTY.
 This is free software, and you can redistribute it
 and/or modify it under certain conditions.
 See LICENSE file for details.
 
  Number of the   1-th solvent  =          180
  Number of the   2-th solvent  =          180
  Number of the   3-th solvent  =        10000
 
  Be sure that the solvent distribution is homogeneous (radial distribution function is essentially unity) when the solvent molecule is separated beyond distance of   10.0 Angstrom in any direction from any atom within the solute molecule
 
  LJ long-range correction    =        -0.0139     -0.0345     -0.5554
 
  Self-energy of the solute   =         0.0001  kcal/mol
 
 
 cumulative average & 95% error for solvation energy
              total             1st component         2nd component         3rd component
  1   -13.8660                0.3007               -0.9551              -13.2117
  2   -13.8648     0.0025     0.2980     0.0053    -0.9196     0.0711   -13.2433     0.0633
  3   -13.9199     0.1103     0.3194     0.0429    -0.8492     0.1466   -13.3902     0.2961
  4   -13.9054     0.0832     0.2994     0.0502    -0.8977     0.1420   -13.3073     0.2672
  5   -13.8943     0.0682     0.3014     0.0390    -0.9147     0.1151   -13.2811     0.2135
  6   -13.9023     0.0579     0.3138     0.0404    -0.8979     0.0998   -13.3182     0.1895
  7   -13.8880     0.0567     0.3034     0.0400    -0.9242     0.0994   -13.2672     0.1899
  8   -13.8833     0.0500     0.3057     0.0350    -0.9363     0.0894   -13.2528     0.1670
  9   -13.8848     0.0442     0.3088     0.0315    -0.9347     0.0789   -13.2590     0.1478
 10   -13.8878     0.0400     0.3129     0.0293    -0.9316     0.0708   -13.2691     0.1337
 
 
 group  inft  solvation free energy     error          difference
  total solvation free energy
   1      0          4.63999           0.01413           0.00673
   1     60          4.62284           0.01412          -0.01042
   1     80          4.47163           0.01409          -0.16163
   1    100          3.86936           0.01418          -0.76390
   2      0          4.62684           0.01449          -0.00642
   3      0          4.63326           0.01480           0.00000
   4      0          4.62686           0.01475          -0.00640
   5      0          4.66955           0.01423           0.03629
   5     60          4.64604           0.01423           0.01278
   5     80          4.45344           0.01427          -0.17982
   5    100          3.89121           0.01450          -0.74205
 
  contribution from  1-th solvent component
   1      0          0.62981           0.01654           0.00422
   1     60          0.62989           0.01658           0.00430
   1     80          0.62972           0.01689           0.00413
   1    100          0.62458           0.01784          -0.00101
   2      0          0.62696           0.01638           0.00138
   3      0          0.62559           0.01633           0.00000
   4      0          0.62514           0.01591          -0.00045
   5      0          0.62460           0.01620          -0.00099
   5     60          0.62467           0.01625          -0.00092
   5     80          0.62398           0.01659          -0.00160
   5    100          0.61855           0.01739          -0.00703
 
  contribution from  2-th solvent component
   1      0         -0.29028           0.03500           0.00429
   1     60         -0.29062           0.03503           0.00396
   1     80         -0.29359           0.03522           0.00098
   1    100         -0.30536           0.03588          -0.01079
   2      0         -0.29333           0.03484           0.00124
   3      0         -0.29457           0.03474           0.00000
   4      0         -0.29561           0.03442          -0.00104
   5      0         -0.29549           0.03451          -0.00092
   5     60         -0.29597           0.03454          -0.00139
   5     80         -0.29987           0.03476          -0.00530
   5    100         -0.31106           0.03531          -0.01649
 
  contribution from  3-th solvent component
   1      0          4.30040           0.05709          -0.00178
   1     60          4.28350           0.05712          -0.01868
   1     80          4.13544           0.05738          -0.16674
   1    100          3.55007           0.05829          -0.75211
   2      0          4.29314           0.05694          -0.00904
   3      0          4.30218           0.05691           0.00000
   4      0          4.29727           0.05644          -0.00491
   5      0          4.34038           0.05563           0.03820
   5     60          4.31728           0.05567           0.01510
   5     80          4.12926           0.05603          -0.17292
   5    100          3.58366           0.05696          -0.71853
 
 
 group  inft   Estimated free energy: total (kcal/mol)
   1      0       4.6544       4.6704       4.6156       4.6237       4.6446
                  4.6252       4.6801       4.6406       4.6274       4.6179
   1     60       4.6372       4.6533       4.5986       4.6065       4.6274
                  4.6081       4.6630       4.6233       4.6102       4.6008
   1     80       4.4860       4.5023       4.4488       4.4545       4.4761
                  4.4571       4.5118       4.4716       4.4585       4.4495
   1    100       3.8836       3.9012       3.8502       3.8497       3.8735
                  3.8556       3.9099       3.8680       3.8546       3.8472
   2      0       4.6403       4.6619       4.6048       4.6121       4.6327
                  4.6062       4.6642       4.6258       4.6202       4.6002
   3      0       4.6435       4.6695       4.6125       4.6183       4.6398
                  4.6108       4.6727       4.6310       4.6281       4.6065
   4      0       4.6400       4.6617       4.6063       4.6137       4.6307
                  4.6014       4.6656       4.6261       4.6234       4.5997
   5      0       4.6821       4.7032       4.6483       4.6526       4.6699
                  4.6557       4.7104       4.6645       4.6637       4.6449
   5     60       4.6586       4.6797       4.6250       4.6290       4.6464
                  4.6322       4.6870       4.6409       4.6402       4.6214
   5     80       4.4660       4.4874       4.4337       4.4356       4.4536
                  4.4398       4.4946       4.4478       4.4471       4.4287
   5    100       3.9039       3.9265       3.8739       3.8714       3.8913
                  3.8779       3.9329       3.8845       3.8835       3.8664
 
 group  inft   Estimated free energy: 1-th solvent contribution (kcal/mol)
   1      0       0.6218       0.6145       0.6557       0.5878       0.6288
                  0.6700       0.5939       0.6363       0.6405       0.6487
   1     60       0.6219       0.6146       0.6560       0.5878       0.6288
                  0.6702       0.5939       0.6364       0.6406       0.6489
   1     80       0.6214       0.6139       0.6569       0.5870       0.6285
                  0.6708       0.5933       0.6359       0.6403       0.6491
   1    100       0.6152       0.6073       0.6550       0.5802       0.6229
                  0.6681       0.5869       0.6300       0.6348       0.6453
   2      0       0.6196       0.6125       0.6532       0.5846       0.6256
                  0.6655       0.5912       0.6330       0.6388       0.6456
   3      0       0.6175       0.6118       0.6516       0.5833       0.6235
                  0.6640       0.5901       0.6317       0.6379       0.6444
   4      0       0.6187       0.6114       0.6502       0.5835       0.6230
                  0.6629       0.5905       0.6315       0.6373       0.6424
   5      0       0.6167       0.6113       0.6497       0.5822       0.6230
                  0.6638       0.5898       0.6310       0.6362       0.6422
   5     60       0.6167       0.6113       0.6500       0.5822       0.6231
                  0.6640       0.5898       0.6310       0.6363       0.6423
   5     80       0.6157       0.6101       0.6506       0.5809       0.6221
                  0.6642       0.5886       0.6300       0.6355       0.6421
   5    100       0.6094       0.6036       0.6478       0.5740       0.6161
                  0.6609       0.5822       0.6239       0.6298       0.6379
 
 group  inft   Estimated free energy: 2-th solvent contribution (kcal/mol)
   1      0      -0.3038      -0.2719      -0.1661      -0.3403      -0.3183
                 -0.2395      -0.3500      -0.3366      -0.2929      -0.2833
   1     60      -0.3042      -0.2723      -0.1663      -0.3407      -0.3187
                 -0.2399      -0.3504      -0.3369      -0.2932      -0.2836
   1     80      -0.3073      -0.2753      -0.1683      -0.3438      -0.3218
                 -0.2428      -0.3535      -0.3401      -0.2963      -0.2867
   1    100      -0.3195      -0.2872      -0.1768      -0.3561      -0.3341
                 -0.2543      -0.3657      -0.3525      -0.3085      -0.2989
   2      0      -0.3064      -0.2746      -0.1697      -0.3433      -0.3219
                 -0.2430      -0.3530      -0.3389      -0.2953      -0.2872
   3      0      -0.3075      -0.2756      -0.1716      -0.3442      -0.3229
                 -0.2443      -0.3542      -0.3405      -0.2970      -0.2879
   4      0      -0.3086      -0.2766      -0.1737      -0.3449      -0.3242
                 -0.2458      -0.3546      -0.3404      -0.2980      -0.2892
   5      0      -0.3079      -0.2778      -0.1735      -0.3447      -0.3242
                 -0.2448      -0.3550      -0.3407      -0.2982      -0.2883
   5     60      -0.3084      -0.2783      -0.1738      -0.3451      -0.3247
                 -0.2453      -0.3555      -0.3412      -0.2987      -0.2888
   5     80      -0.3124      -0.2822      -0.1766      -0.3492      -0.3288
                 -0.2491      -0.3595      -0.3453      -0.3027      -0.2929
   5    100      -0.3240      -0.2936      -0.1850      -0.3608      -0.3404
                 -0.2602      -0.3711      -0.3570      -0.3143      -0.3044
 
 group  inft   Estimated free energy: 3-th solvent contribution (kcal/mol)
   1      0       4.3363       4.3278       4.1259       4.3762       4.3341
                  4.1947       4.4362       4.3408       4.2797       4.2524
   1     60       4.3195       4.3109       4.1089       4.3593       4.3172
                  4.1777       4.4194       4.3239       4.2627       4.2355
   1     80       4.1718       4.1636       3.9601       4.2112       4.1693
                  4.0291       4.2720       4.1758       4.1144       4.0871
   1    100       3.5878       3.5810       3.3720       3.6255       3.5847
                  3.4418       3.6886       3.5905       3.5282       3.5007
   2      0       4.3270       4.3239       4.1213       4.3706       4.3290
                  4.1836       4.4259       4.3316       4.2767       4.2416
   3      0       4.3334       4.3333       4.1324       4.3792       4.3391
                  4.1910       4.4367       4.3397       4.2870       4.2500
   4      0       4.3298       4.3268       4.1298       4.3751       4.3318
                  4.1843       4.4296       4.3350       4.2840       4.2464
   5      0       4.3732       4.3697       4.1720       4.4150       4.3710
                  4.2367       4.4756       4.3740       4.3256       4.2910
   5     60       4.3502       4.3467       4.1487       4.3919       4.3479
                  4.2134       4.4526       4.3509       4.3025       4.2679
   5     80       4.1627       4.1595       3.9597       4.2039       4.1602
                  4.0246       4.2654       4.1630       4.1142       4.0794
   5    100       3.6184       3.6165       3.4112       3.6581       3.6155
                  3.4771       3.7217       3.6175       3.5678       3.5328
 
 
 cumulative average & 95% error for solvation free energy
              total             1st component         2nd component         3rd component
  1     4.6435                0.6175               -0.3075                4.3334
  2     4.6565     0.0260     0.6147     0.0058    -0.2916     0.0319     4.3333     0.0001
  3     4.6418     0.0329     0.6270     0.0249    -0.2516     0.0821     4.2664     0.1339
  4     4.6360     0.0261     0.6161     0.0280    -0.2747     0.0742     4.2946     0.1102
  5     4.6367     0.0203     0.6176     0.0219    -0.2844     0.0607     4.3035     0.0872
  6     4.6324     0.0187     0.6253     0.0237    -0.2777     0.0513     4.2847     0.0805
  7     4.6382     0.0195     0.6203     0.0224    -0.2886     0.0485     4.3064     0.0807
  8     4.6373     0.0170     0.6217     0.0196    -0.2951     0.0440     4.3106     0.0704
  9     4.6362     0.0151     0.6235     0.0177    -0.2953     0.0388     4.3080     0.0623
 10     4.6333     0.0148     0.6256     0.0163    -0.2946     0.0347     4.3022     0.0569
