 ERmod 0.3.8, Copyright (C) 2000-2019 Nobuyuki Matubayasi
                            2010-2019 Shun Sakuraba
 ERmod comes with ABSOLUTELY NO WARRANTY.
 This is free software, and you can redistribute it
 and/or modify it under certain conditions.
 See LICENSE file for details.
 ERmod 0.3.8, Copyright (C) 2000-2019 Nobuyuki Matubayasi
                            2010-2019 Shun Sakuraba
 ERmod comes with ABSOLUTELY NO WARRANTY.
 This is free software, and you can redistribute it
 and/or modify it under certain conditions.
 See LICENSE file for details.
 
  Number of the   1-th solvent  =           90
  Number of the   2-th solvent  =           90
  Number of the   3-th solvent  =        10000
 
  Be sure that the solvent distribution is homogeneous (radial distribution function is essentially unity) when the solvent molecule is separated beyond distance of   10.0 Angstrom in any direction from any atom within the solute molecule
 
  LJ long-range correction    =        -0.0046     -0.0049     -0.5398
 
  Self-energy of the solute   =        -0.0001  kcal/mol
 
 
 cumulative average & 95% error for solvation energy
              total             1st component         2nd component         3rd component
  1   -24.8080               -0.0667               -0.4361              -24.3050
  2   -24.7375     0.1410    -0.2069     0.2803    -0.3848     0.1027   -24.1457     0.3186
  3   -24.7471     0.0836    -0.1613     0.1857    -0.3242     0.1349   -24.2614     0.2957
  4   -24.7395     0.0611    -0.2930     0.2943    -0.2455     0.1841   -24.2008     0.2417
  5   -24.7423     0.0477    -0.2946     0.2280    -0.3370     0.2320   -24.1106     0.2600
  6   -24.7471     0.0401    -0.3812     0.2544    -0.3305     0.1899   -24.0351     0.2604
  7   -24.7593     0.0418    -0.4020     0.2190    -0.2976     0.1735   -24.0596     0.2255
  8   -24.7860     0.0644    -0.3800     0.1947    -0.2612     0.1670   -24.1446     0.2590
  9   -24.7995     0.0629    -0.4201     0.1895    -0.3348     0.2082   -24.0445     0.3038
 10   -24.7876     0.0611    -0.4493     0.1793    -0.3502     0.1888   -23.9879     0.2943
 
 
 group  inft  solvation free energy     error          difference
  total solvation free energy
   1      0         -1.70812           0.04818           0.00449
   1     60         -1.72293           0.04820          -0.01031
   1     80         -1.87180           0.04840          -0.15919
   1    100         -2.51579           0.04921          -0.80317
   2      0         -1.71024           0.04709           0.00237
   3      0         -1.71262           0.04717           0.00000
   4      0         -1.70328           0.04649           0.00934
   5      0         -1.70202           0.04819           0.01060
   5     60         -1.72257           0.04822          -0.00995
   5     80         -1.91358           0.04848          -0.20096
   5    100         -2.51136           0.04926          -0.79874
 
  contribution from  1-th solvent component
   1      0         -0.02963           0.08328           0.00688
   1     60         -0.02969           0.08329           0.00682
   1     80         -0.03047           0.08334           0.00604
   1    100         -0.03447           0.08357           0.00204
   2      0         -0.03522           0.08152           0.00129
   3      0         -0.03651           0.08038           0.00000
   4      0         -0.03626           0.07944           0.00025
   5      0         -0.03567           0.07937           0.00084
   5     60         -0.03577           0.07938           0.00074
   5     80         -0.03688           0.07943          -0.00037
   5    100         -0.04096           0.07959          -0.00445
 
  contribution from  2-th solvent component
   1      0         -0.29374           0.08946          -0.00665
   1     60         -0.29351           0.08947          -0.00641
   1     80         -0.29224           0.08957          -0.00514
   1    100         -0.28968           0.09005          -0.00258
   2      0         -0.28884           0.09030          -0.00174
   3      0         -0.28710           0.09067           0.00000
   4      0         -0.28816           0.09077          -0.00106
   5      0         -0.28721           0.09086          -0.00011
   5     60         -0.28693           0.09087           0.00017
   5     80         -0.28557           0.09101           0.00153
   5    100         -0.28370           0.09148           0.00339
 
  contribution from  3-th solvent component
   1      0         -1.38461           0.13532           0.00426
   1     60         -1.39958           0.13533          -0.01072
   1     80         -1.54895           0.13535          -0.16008
   1    100         -2.19149           0.13529          -0.80263
   2      0         -1.38604           0.13446           0.00282
   3      0         -1.38887           0.13517           0.00000
   4      0         -1.37872           0.13421           0.01014
   5      0         -1.37899           0.13527           0.00988
   5     60         -1.39972           0.13528          -0.01086
   5     80         -1.59099           0.13530          -0.20212
   5    100         -2.18655           0.13524          -0.79768
 
 
 group  inft   Estimated free energy: total (kcal/mol)
   1      0      -1.7263      -1.6483      -1.7055      -1.5720      -1.6848
                 -1.7308      -1.7251      -1.8756      -1.7207      -1.6921
   1     60      -1.7411      -1.6631      -1.7203      -1.5868      -1.6996
                 -1.7456      -1.7398      -1.8905      -1.7355      -1.7069
   1     80      -1.8894      -1.8116      -1.8688      -1.7354      -1.8489
                 -1.8945      -1.8884      -2.0404      -1.8847      -1.8558
   1    100      -2.5311      -2.4546      -2.5103      -2.3771      -2.4956
                 -2.5382      -2.5321      -2.6879      -2.5302      -2.5006
   2      0      -1.7266      -1.6533      -1.7042      -1.5751      -1.6912
                 -1.7339      -1.7183      -1.8741      -1.7240      -1.7019
   3      0      -1.7326      -1.6627      -1.7059      -1.5788      -1.6925
                 -1.7323      -1.7115      -1.8811      -1.7194      -1.7093
   4      0      -1.7267      -1.6537      -1.7041      -1.5653      -1.6830
                 -1.7205      -1.7061      -1.8636      -1.7141      -1.6957
   5      0      -1.7261      -1.6502      -1.6953      -1.5644      -1.6834
                 -1.7189      -1.7040      -1.8730      -1.7106      -1.6943
   5     60      -1.7466      -1.6707      -1.7159      -1.5850      -1.7039
                 -1.7395      -1.7245      -1.8937      -1.7312      -1.7149
   5     80      -1.9369      -1.8613      -1.9064      -1.7755      -1.8954
                 -1.9305      -1.9152      -2.0860      -1.9226      -1.9060
   5    100      -2.5327      -2.4582      -2.5020      -2.3709      -2.4959
                 -2.5280      -2.5127      -2.6869      -2.5218      -2.5045
 
 group  inft   Estimated free energy: 1-th solvent contribution (kcal/mol)
   1      0       0.1221       0.0191       0.1417      -0.1309       0.0738
                 -0.2208      -0.0628       0.0731      -0.1680      -0.1436
   1     60       0.1221       0.0191       0.1417      -0.1310       0.0737
                 -0.2209      -0.0628       0.0730      -0.1681      -0.1437
   1     80       0.1216       0.0183       0.1410      -0.1319       0.0729
                 -0.2218      -0.0635       0.0722      -0.1690      -0.1445
   1    100       0.1185       0.0142       0.1376      -0.1363       0.0690
                 -0.2262      -0.0671       0.0679      -0.1733      -0.1490
   2      0       0.1116       0.0095       0.1369      -0.1366       0.0616
                 -0.2234      -0.0651       0.0672      -0.1689      -0.1449
   3      0       0.1067       0.0043       0.1352      -0.1362       0.0601
                 -0.2208      -0.0659       0.0655      -0.1666      -0.1474
   4      0       0.1029       0.0033       0.1311      -0.1342       0.0617
                 -0.2244      -0.0626       0.0651      -0.1657      -0.1398
   5      0       0.1029       0.0063       0.1327      -0.1339       0.0618
                 -0.2209      -0.0607       0.0637      -0.1660      -0.1428
   5     60       0.1029       0.0062       0.1326      -0.1340       0.0617
                 -0.2210      -0.0608       0.0636      -0.1661      -0.1429
   5     80       0.1021       0.0051       0.1317      -0.1353       0.0605
                 -0.2222      -0.0617       0.0624      -0.1673      -0.1441
   5    100       0.0988       0.0007       0.1281      -0.1397       0.0564
                 -0.2266      -0.0652       0.0579      -0.1716      -0.1485
 
 group  inft   Estimated free energy: 2-th solvent contribution (kcal/mol)
   1      0      -0.3173      -0.2699      -0.2446      -0.0493      -0.4663
                 -0.3001      -0.1496      -0.2312      -0.5272      -0.3819
   1     60      -0.3170      -0.2697      -0.2444      -0.0490      -0.4661
                 -0.2999      -0.1494      -0.2310      -0.5270      -0.3816
   1     80      -0.3158      -0.2684      -0.2430      -0.0471      -0.4652
                 -0.2989      -0.1482      -0.2301      -0.5259      -0.3799
   1    100      -0.3134      -0.2657      -0.2400      -0.0419      -0.4643
                 -0.2970      -0.1457      -0.2287      -0.5242      -0.3760
   2      0      -0.3058      -0.2644      -0.2383      -0.0458      -0.4577
                 -0.2980      -0.1406      -0.2247      -0.5271      -0.3861
   3      0      -0.3063      -0.2641      -0.2373      -0.0457      -0.4548
                 -0.2979      -0.1301      -0.2218      -0.5229      -0.3900
   4      0      -0.3046      -0.2619      -0.2423      -0.0465      -0.4586
                 -0.2931      -0.1377      -0.2199      -0.5274      -0.3896
   5      0      -0.3039      -0.2632      -0.2361      -0.0442      -0.4563
                 -0.2944      -0.1350      -0.2227      -0.5246      -0.3917
   5     60      -0.3037      -0.2629      -0.2358      -0.0439      -0.4561
                 -0.2942      -0.1347      -0.2225      -0.5243      -0.3914
   5     80      -0.3024      -0.2614      -0.2344      -0.0416      -0.4552
                 -0.2931      -0.1334      -0.2215      -0.5233      -0.3895
   5    100      -0.3006      -0.2592      -0.2322      -0.0371      -0.4548
                 -0.2919      -0.1318      -0.2206      -0.5223      -0.3865
 
 group  inft   Estimated free energy: 3-th solvent contribution (kcal/mol)
   1      0      -1.5310      -1.3974      -1.6025      -1.3916      -1.2922
                 -1.2097      -1.5126      -1.7173      -1.0253      -1.1665
   1     60      -1.5460      -1.4123      -1.6175      -1.4067      -1.3071
                 -1.2246      -1.5275      -1.7324      -1.0403      -1.1815
   1     80      -1.6951      -1.5614      -1.7667      -1.5563      -1.4565
                 -1.3737      -1.6766      -1.8824      -1.1897      -1.3312
   1    100      -2.3361      -2.2030      -2.4078      -2.1988      -2.1001
                 -2.0149      -2.3192      -2.5270      -1.8326      -1.9754
   2      0      -1.5323      -1.3983      -1.6027      -1.3926      -1.2949
                 -1.2123      -1.5125      -1.7164      -1.0278      -1.1707
   3      0      -1.5329      -1.4027      -1.6036      -1.3967      -1.2977
                 -1.2136      -1.5154      -1.7247      -1.0296      -1.1717
   4      0      -1.5248      -1.3950      -1.5927      -1.3844      -1.2859
                 -1.2028      -1.5057      -1.7087      -1.0208      -1.1662
   5      0      -1.5249      -1.3932      -1.5918      -1.3861      -1.2887
                 -1.2035      -1.5082      -1.7139      -1.0199      -1.1597
   5     60      -1.5456      -1.4139      -1.6125      -1.4069      -1.3094
                 -1.2241      -1.5289      -1.7347      -1.0406      -1.1805
   5     80      -1.7365      -1.6048      -1.8036      -1.5984      -1.5007
                 -1.4150      -1.7199      -1.9267      -1.2319      -1.3722
   5    100      -2.3307      -2.1996      -2.3978      -2.1939      -2.0973
                 -2.0094      -2.3157      -2.5241      -1.8277      -1.9693
 
 
 cumulative average & 95% error for solvation free energy
              total             1st component         2nd component         3rd component
  1    -1.7326                0.1067               -0.3063               -1.5329
  2    -1.6977     0.0700     0.0555     0.1024    -0.2852     0.0421    -1.4678     0.1302
  3    -1.7004     0.0408     0.0821     0.0795    -0.2692     0.0401    -1.5131     0.1177
  4    -1.6700     0.0673     0.0275     0.1228    -0.2134     0.1153    -1.4840     0.1015
  5    -1.6745     0.0529     0.0340     0.0960    -0.2616     0.1315    -1.4467     0.1083
  6    -1.6842     0.0473    -0.0085     0.1156    -0.2677     0.1081    -1.4079     0.1177
  7    -1.6881     0.0407    -0.0167     0.0990    -0.2480     0.0994    -1.4232     0.1042
  8    -1.7122     0.0598    -0.0064     0.0882    -0.2448     0.0864    -1.4609     0.1175
  9    -1.7130     0.0527    -0.0242     0.0855    -0.2757     0.0981    -1.4130     0.1412
 10    -1.7126     0.0472    -0.0365     0.0804    -0.2871     0.0907    -1.3889     0.1352
