 ERmod 0.3.8, Copyright (C) 2000-2019 Nobuyuki Matubayasi
                            2010-2019 Shun Sakuraba
 ERmod comes with ABSOLUTELY NO WARRANTY.
 This is free software, and you can redistribute it
 and/or modify it under certain conditions.
 See LICENSE file for details.
 ERmod 0.3.8, Copyright (C) 2000-2019 Nobuyuki Matubayasi
                            2010-2019 Shun Sakuraba
 ERmod comes with ABSOLUTELY NO WARRANTY.
 This is free software, and you can redistribute it
 and/or modify it under certain conditions.
 See LICENSE file for details.
 
  Number of the   1-th solvent  =          180
  Number of the   2-th solvent  =          180
  Number of the   3-th solvent  =        10000
 
  Be sure that the solvent distribution is homogeneous (radial distribution function is essentially unity) when the solvent molecule is separated beyond distance of   10.0 Angstrom in any direction from any atom within the solute molecule
 
  LJ long-range correction    =        -0.0020     -0.0047     -0.2570
 
  Self-energy of the solute   =        -0.0001  kcal/mol
 
 
 cumulative average & 95% error for solvation energy
              total             1st component         2nd component         3rd component
  1   -18.6917               -0.8791               -0.1577              -17.6548
  2   -18.6820     0.0194    -1.0727     0.3873    -0.2903     0.2652   -17.3188     0.6719
  3   -18.7098     0.0568    -0.7862     0.6152    -0.5744     0.5884   -17.3491     0.3926
  4   -18.7037     0.0419    -0.7268     0.4509    -0.6014     0.4196   -17.3755     0.2826
  5   -18.7138     0.0382    -0.7063     0.3517    -0.7742     0.4745   -17.2331     0.3591
  6   -18.7228     0.0360    -0.6580     0.3030    -0.8226     0.3993   -17.2420     0.2938
  7   -18.7106     0.0390    -0.6163     0.2693    -0.8051     0.3393   -17.2891     0.2655
  8   -18.6970     0.0433    -0.5583     0.2604    -0.7782     0.2987   -17.3602     0.2705
  9   -18.7340     0.0834    -0.5812     0.2342    -0.8496     0.2996   -17.3030     0.2646
 10   -18.7366     0.0747    -0.5672     0.2114    -0.8062     0.2817   -17.3631     0.2654
 
 
 group  inft  solvation free energy     error          difference
  total solvation free energy
   1      0         -2.76149           0.07319           0.02258
   1     60         -2.77797           0.07321           0.00609
   1     80         -2.90128           0.07331          -0.11722
   1    100         -3.30997           0.07371          -0.52591
   2      0         -2.77480           0.07544           0.00926
   3      0         -2.78406           0.07545           0.00000
   4      0         -2.78315           0.07759           0.00091
   5      0         -2.79204           0.07557          -0.00797
   5     60         -2.81427           0.07558          -0.03021
   5     80         -2.96585           0.07566          -0.18179
   5    100         -3.34268           0.07596          -0.55862
 
  contribution from  1-th solvent component
   1      0         -0.06684           0.11198           0.01847
   1     60         -0.06679           0.11198           0.01852
   1     80         -0.06677           0.11207           0.01854
   1    100         -0.06729           0.11238           0.01802
   2      0         -0.07916           0.10569           0.00615
   3      0         -0.08531           0.10554           0.00000
   4      0         -0.08951           0.10336          -0.00420
   5      0         -0.09232           0.10444          -0.00701
   5     60         -0.09228           0.10445          -0.00697
   5     80         -0.09251           0.10453          -0.00720
   5    100         -0.09363           0.10478          -0.00832
 
  contribution from  2-th solvent component
   1      0         -0.47256           0.16203           0.00056
   1     60         -0.47229           0.16203           0.00084
   1     80         -0.47128           0.16208           0.00184
   1    100         -0.47054           0.16236           0.00258
   2      0         -0.47215           0.16325           0.00097
   3      0         -0.47312           0.16383           0.00000
   4      0         -0.47404           0.16447          -0.00092
   5      0         -0.47352           0.16413          -0.00039
   5     60         -0.47319           0.16413          -0.00007
   5     80         -0.47232           0.16419           0.00081
   5    100         -0.47242           0.16446           0.00070
 
  contribution from  3-th solvent component
   1      0         -2.22193           0.14180           0.00355
   1     60         -2.23875           0.14180          -0.01327
   1     80         -2.36308           0.14189          -0.13760
   1    100         -2.77198           0.14235          -0.54650
   2      0         -2.22334           0.14141           0.00214
   3      0         -2.22548           0.14235           0.00000
   4      0         -2.21945           0.14097           0.00603
   5      0         -2.22605           0.14097          -0.00057
   5     60         -2.24865           0.14098          -0.02317
   5     80         -2.40088           0.14110          -0.17540
   5    100         -2.77648           0.14152          -0.55100
 
 
 group  inft   Estimated free energy: total (kcal/mol)
   1      0      -2.7619      -2.6142      -2.7601      -2.7657      -2.7419
                 -2.7691      -2.6845      -2.7074      -3.0605      -2.7496
   1     60      -2.7784      -2.6307      -2.7765      -2.7822      -2.7583
                 -2.7856      -2.7010      -2.7238      -3.0770      -2.7661
   1     80      -2.9018      -2.7541      -2.8992      -2.9055      -2.8812
                 -2.9090      -2.8246      -2.8467      -3.2009      -2.8898
   1    100      -3.3111      -3.1620      -3.3057      -3.3147      -3.2882
                 -3.3179      -3.2344      -3.2549      -3.6115      -3.2994
   2      0      -2.7759      -2.5939      -2.7959      -2.7793      -2.7662
                 -2.7869      -2.6942      -2.7351      -3.0682      -2.7524
   3      0      -2.7876      -2.5974      -2.8087      -2.7895      -2.7699
                 -2.7992      -2.7118      -2.7435      -3.0750      -2.7580
   4      0      -2.7821      -2.5917      -2.8144      -2.7862      -2.7739
                 -2.8004      -2.7043      -2.7469      -3.0812      -2.7504
   5      0      -2.7844      -2.6060      -2.8250      -2.7934      -2.7858
                 -2.7987      -2.7196      -2.7640      -3.0845      -2.7589
   5     60      -2.8067      -2.6283      -2.8472      -2.8156      -2.8079
                 -2.8210      -2.7418      -2.7862      -3.1068      -2.7812
   5     80      -2.9584      -2.7798      -2.9982      -2.9672      -2.9589
                 -2.9727      -2.8937      -2.9375      -3.2590      -2.9332
   5    100      -3.3356      -3.1558      -3.3733      -3.3446      -3.3343
                 -3.3498      -3.2714      -3.3140      -3.6374      -3.3107
 
 group  inft   Estimated free energy: 1-th solvent contribution (kcal/mol)
   1      0      -0.2556      -0.4081       0.1242      -0.0498      -0.0876
                 -0.0187       0.0561       0.1460      -0.2084       0.0336
   1     60      -0.2555      -0.4080       0.1243      -0.0497      -0.0876
                 -0.0187       0.0561       0.1461      -0.2084       0.0336
   1     80      -0.2555      -0.4083       0.1245      -0.0497      -0.0877
                 -0.0185       0.0560       0.1464      -0.2085       0.0336
   1    100      -0.2562      -0.4099       0.1248      -0.0500      -0.0885
                 -0.0187       0.0552       0.1469      -0.2093       0.0328
   2      0      -0.2633      -0.3945       0.1000      -0.0650      -0.1021
                 -0.0387       0.0439       0.1175      -0.2154       0.0261
   3      0      -0.2731      -0.4000       0.0914      -0.0719      -0.1060
                 -0.0459       0.0335       0.1127      -0.2181       0.0243
   4      0      -0.2725      -0.3956       0.0812      -0.0746      -0.1097
                 -0.0529       0.0326       0.1005      -0.2261       0.0220
   5      0      -0.2750      -0.4075       0.0851      -0.0760      -0.1164
                 -0.0517       0.0277       0.0933      -0.2232       0.0206
   5     60      -0.2750      -0.4075       0.0852      -0.0760      -0.1164
                 -0.0517       0.0278       0.0934      -0.2232       0.0206
   5     80      -0.2752      -0.4080       0.0852      -0.0762      -0.1167
                 -0.0517       0.0274       0.0935      -0.2236       0.0203
   5    100      -0.2764      -0.4100       0.0846      -0.0771      -0.1182
                 -0.0524       0.0260       0.0932      -0.2250       0.0190
 
 group  inft   Estimated free energy: 2-th solvent contribution (kcal/mol)
   1      0      -0.1267      -0.1953      -0.6390      -0.4327      -0.7926
                 -0.5738      -0.4043      -0.3647      -0.9180      -0.2787
   1     60      -0.1264      -0.1950      -0.6386      -0.4324      -0.7923
                 -0.5735      -0.4040      -0.3644      -0.9177      -0.2785
   1     80      -0.1251      -0.1939      -0.6374      -0.4315      -0.7911
                 -0.5725      -0.4033      -0.3634      -0.9172      -0.2774
   1    100      -0.1235      -0.1926      -0.6362      -0.4311      -0.7898
                 -0.5721      -0.4030      -0.3627      -0.9181      -0.2763
   2      0      -0.1326      -0.1870      -0.6471      -0.4318      -0.7995
                 -0.5693      -0.4019      -0.3623      -0.9167      -0.2733
   3      0      -0.1313      -0.1865      -0.6498      -0.4310      -0.7991
                 -0.5744      -0.4065      -0.3624      -0.9183      -0.2720
   4      0      -0.1319      -0.1876      -0.6543      -0.4322      -0.8026
                 -0.5715      -0.4070      -0.3642      -0.9203      -0.2688
   5      0      -0.1285      -0.1882      -0.6598      -0.4304      -0.8005
                 -0.5668      -0.4064      -0.3640      -0.9173      -0.2733
   5     60      -0.1281      -0.1879      -0.6594      -0.4300      -0.8001
                 -0.5665      -0.4062      -0.3637      -0.9170      -0.2730
   5     80      -0.1270      -0.1869      -0.6584      -0.4293      -0.7990
                 -0.5657      -0.4055      -0.3628      -0.9166      -0.2720
   5    100      -0.1263      -0.1864      -0.6583      -0.4298      -0.7987
                 -0.5661      -0.4060      -0.3630      -0.9181      -0.2716
 
 group  inft   Estimated free energy: 3-th solvent contribution (kcal/mol)
   1      0      -2.3795      -2.0108      -2.2452      -2.2831      -1.8615
                 -2.1764      -2.3362      -2.4885      -1.9340      -2.5042
   1     60      -2.3963      -2.0276      -2.2620      -2.2999      -1.8783
                 -2.1933      -2.3530      -2.5053      -1.9508      -2.5211
   1     80      -2.5210      -2.1517      -2.3862      -2.4241      -2.0023
                 -2.3178      -2.4772      -2.6296      -2.0751      -2.6458
   1    100      -2.9312      -2.5593      -2.7941      -2.8334      -2.4098
                 -2.7271      -2.8864      -3.0389      -2.4839      -3.0558
   2      0      -2.3798      -2.0122      -2.2486      -2.2824      -1.8644
                 -2.1788      -2.3362      -2.4901      -1.9358      -2.5050
   3      0      -2.3831      -2.0108      -2.2501      -2.2865      -1.8646
                 -2.1788      -2.3387      -2.4937      -1.9383      -2.5101
   4      0      -2.3775      -2.0084      -2.2412      -2.2792      -1.8614
                 -2.1759      -2.3297      -2.4831      -1.9346      -2.5034
   5      0      -2.3807      -2.0102      -2.2502      -2.2868      -1.8687
                 -2.1800      -2.3408      -2.4932      -1.9439      -2.5060
   5     60      -2.4034      -2.0328      -2.2728      -2.3094      -1.8913
                 -2.2026      -2.3633      -2.5158      -1.9665      -2.5287
   5     80      -2.5561      -2.1847      -2.4248      -2.4616      -2.0430
                 -2.3551      -2.5154      -2.6680      -2.1187      -2.6813
   5    100      -2.9328      -2.5592      -2.7995      -2.8375      -2.4173
                 -2.7311      -2.8912      -3.0441      -2.4941      -3.0579
 
 
 cumulative average & 95% error for solvation free energy
              total             1st component         2nd component         3rd component
  1    -2.7876               -0.2731               -0.1313               -2.3831
  2    -2.6925     0.1903    -0.3365     0.1268    -0.1589     0.0552    -2.1970     0.3723
  3    -2.7312     0.1344    -0.1939     0.2945    -0.3225     0.3288    -2.2147     0.2179
  4    -2.7458     0.0994    -0.1634     0.2170    -0.3496     0.2388    -2.2326     0.1582
  5    -2.7506     0.0776    -0.1519     0.1697    -0.4395     0.2579    -2.1590     0.1915
  6    -2.7587     0.0654    -0.1342     0.1430    -0.4620     0.2153    -2.1623     0.1565
  7    -2.7520     0.0569    -0.1103     0.1300    -0.4541     0.1827    -2.1875     0.1416
  8    -2.7510     0.0493    -0.0824     0.1256    -0.4426     0.1599    -2.2258     0.1445
  9    -2.7870     0.0841    -0.0975     0.1148    -0.4955     0.1762    -2.1938     0.1426
 10    -2.7841     0.0755    -0.0853     0.1055    -0.4731     0.1638    -2.2255     0.1423
