 ERmod 0.3.8, Copyright (C) 2000-2019 Nobuyuki Matubayasi
                            2010-2019 Shun Sakuraba
 ERmod comes with ABSOLUTELY NO WARRANTY.
 This is free software, and you can redistribute it
 and/or modify it under certain conditions.
 See LICENSE file for details.
 ERmod 0.3.8, Copyright (C) 2000-2019 Nobuyuki Matubayasi
                            2010-2019 Shun Sakuraba
 ERmod comes with ABSOLUTELY NO WARRANTY.
 This is free software, and you can redistribute it
 and/or modify it under certain conditions.
 See LICENSE file for details.
 
  Number of the   1-th solvent  =          180
  Number of the   2-th solvent  =          180
  Number of the   3-th solvent  =        10000
 
  Be sure that the solvent distribution is homogeneous (radial distribution function is essentially unity) when the solvent molecule is separated beyond distance of   10.0 Angstrom in any direction from any atom within the solute molecule
 
  LJ long-range correction    =        -0.0075     -0.0116     -0.2987
 
  Self-energy of the solute   =         0.0000  kcal/mol
 
 
 cumulative average & 95% error for solvation energy
              total             1st component         2nd component         3rd component
  1    -8.1114                0.1177               -0.3792               -7.8500
  2    -8.1122     0.0015     0.1300     0.0247    -0.3856     0.0129    -7.8567     0.0133
  3    -8.0957     0.0329     0.1276     0.0151    -0.4002     0.0301    -7.8231     0.0675
  4    -8.1014     0.0259     0.1332     0.0155    -0.3867     0.0344    -7.8479     0.0688
  5    -8.0963     0.0225     0.1373     0.0146    -0.3832     0.0275    -7.8503     0.0535
  6    -8.0988     0.0191     0.1387     0.0122    -0.3772     0.0256    -7.8604     0.0481
  7    -8.1010     0.0167     0.1417     0.0119    -0.3668     0.0299    -7.8759     0.0511
  8    -8.0997     0.0147     0.1451     0.0124    -0.3638     0.0266    -7.8810     0.0454
  9    -8.1015     0.0135     0.1463     0.0112    -0.3636     0.0234    -7.8842     0.0406
 10    -8.1036     0.0128     0.1475     0.0103    -0.3605     0.0218    -7.8906     0.0385
 
 
 group  inft  solvation free energy     error          difference
  total solvation free energy
   1      0          3.47501           0.01073          -0.00628
   1     60          3.46625           0.01076          -0.01504
   1     80          3.38493           0.01102          -0.09636
   1    100          3.04806           0.01221          -0.43324
   2      0          3.46910           0.01085          -0.01220
   3      0          3.48129           0.01043           0.00000
   4      0          3.48799           0.01088           0.00670
   5      0          3.54053           0.01038           0.05924
   5     60          3.52849           0.01042           0.04720
   5     80          3.42485           0.01076          -0.05645
   5    100          3.10936           0.01185          -0.37194
 
  contribution from  1-th solvent component
   1      0          0.35230           0.00873           0.00406
   1     60          0.35233           0.00875           0.00408
   1     80          0.35235           0.00900           0.00411
   1    100          0.35083           0.01004           0.00259
   2      0          0.34917           0.00864           0.00093
   3      0          0.34824           0.00864           0.00000
   4      0          0.34663           0.00850          -0.00161
   5      0          0.34654           0.00858          -0.00171
   5     60          0.34655           0.00861          -0.00169
   5     80          0.34631           0.00891          -0.00193
   5    100          0.34435           0.00986          -0.00389
 
  contribution from  2-th solvent component
   1      0         -0.08172           0.01438           0.00357
   1     60         -0.08180           0.01440           0.00349
   1     80         -0.08287           0.01458           0.00242
   1    100         -0.08782           0.01524          -0.00253
   2      0         -0.08413           0.01433           0.00115
   3      0         -0.08529           0.01446           0.00000
   4      0         -0.08580           0.01418          -0.00051
   5      0         -0.08655           0.01382          -0.00126
   5     60         -0.08668           0.01385          -0.00139
   5     80         -0.08814           0.01406          -0.00285
   5    100         -0.09295           0.01466          -0.00767
 
  contribution from  3-th solvent component
   1      0          3.20441           0.02017          -0.01391
   1     60          3.19570           0.02019          -0.02262
   1     80          3.11542           0.02032          -0.10289
   1    100          2.78502           0.02096          -0.43330
   2      0          3.20403           0.01999          -0.01428
   3      0          3.21831           0.01986           0.00000
   4      0          3.22714           0.01952           0.00883
   5      0          3.28052           0.01922           0.06220
   5     60          3.26860           0.01924           0.05028
   5     80          3.16665           0.01941          -0.05167
   5    100          2.85793           0.02000          -0.36038
 
 
 group  inft   Estimated free energy: total (kcal/mol)
   1      0       3.4621       3.4475       3.4879       3.4490       3.4908
                  3.4903       3.4842       3.4896       3.4698       3.4790
   1     60       3.4533       3.4386       3.4791       3.4402       3.4820
                  3.4816       3.4755       3.4808       3.4611       3.4703
   1     80       3.3712       3.3564       3.3975       3.3585       3.4008
                  3.4005       3.3951       3.3999       3.3797       3.3898
   1    100       3.0309       3.0160       3.0598       3.0201       3.0647
                  3.0645       3.0617       3.0647       3.0421       3.0560
   2      0       3.4563       3.4399       3.4828       3.4441       3.4837
                  3.4837       3.4789       3.4838       3.4625       3.4752
   3      0       3.4680       3.4541       3.4940       3.4572       3.4946
                  3.4966       3.4911       3.4946       3.4743       3.4885
   4      0       3.4727       3.4590       3.5026       3.4642       3.5014
                  3.5018       3.4986       3.5023       3.4807       3.4965
   5      0       3.5291       3.5123       3.5519       3.5172       3.5549
                  3.5568       3.5513       3.5514       3.5324       3.5480
   5     60       3.5170       3.5002       3.5398       3.5051       3.5428
                  3.5448       3.5394       3.5394       3.5204       3.5361
   5     80       3.4125       3.3954       3.4358       3.4010       3.4393
                  3.4414       3.4368       3.4362       3.4166       3.4334
   5    100       3.0942       3.0768       3.1197       3.0841       3.1244
                  3.1267       3.1245       3.1222       3.1005       3.1206
 
 group  inft   Estimated free energy: 1-th solvent contribution (kcal/mol)
   1      0       0.3285       0.3455       0.3361       0.3509       0.3564
                  0.3478       0.3560       0.3742       0.3591       0.3685
   1     60       0.3285       0.3455       0.3361       0.3510       0.3565
                  0.3478       0.3560       0.3742       0.3591       0.3686
   1     80       0.3279       0.3452       0.3357       0.3511       0.3565
                  0.3476       0.3563       0.3746       0.3593       0.3695
   1    100       0.3238       0.3422       0.3323       0.3499       0.3550
                  0.3449       0.3559       0.3744       0.3583       0.3716
   2      0       0.3257       0.3422       0.3336       0.3481       0.3526
                  0.3438       0.3535       0.3700       0.3559       0.3665
   3      0       0.3247       0.3417       0.3321       0.3473       0.3518
                  0.3432       0.3523       0.3687       0.3549       0.3657
   4      0       0.3235       0.3403       0.3310       0.3459       0.3497
                  0.3415       0.3509       0.3671       0.3526       0.3638
   5      0       0.3232       0.3401       0.3306       0.3458       0.3498
                  0.3415       0.3510       0.3667       0.3523       0.3645
   5     60       0.3232       0.3400       0.3306       0.3458       0.3498
                  0.3414       0.3510       0.3667       0.3523       0.3646
   5     80       0.3222       0.3394       0.3298       0.3457       0.3495
                  0.3409       0.3511       0.3669       0.3523       0.3654
   5    100       0.3180       0.3362       0.3262       0.3441       0.3475
                  0.3379       0.3501       0.3661       0.3508       0.3666
 
 group  inft   Estimated free energy: 2-th solvent contribution (kcal/mol)
   1      0      -0.0927      -0.1042      -0.1184      -0.0747      -0.0912
                 -0.0733      -0.0358      -0.0798      -0.0844      -0.0629
   1     60      -0.0928      -0.1043      -0.1185      -0.0747      -0.0913
                 -0.0733      -0.0358      -0.0798      -0.0845      -0.0629
   1     80      -0.0940      -0.1056      -0.1198      -0.0758      -0.0925
                 -0.0744      -0.0360      -0.0809      -0.0857      -0.0639
   1    100      -0.0996      -0.1113      -0.1255      -0.0809      -0.0980
                 -0.0795      -0.0378      -0.0859      -0.0911      -0.0685
   2      0      -0.0952      -0.1070      -0.1207      -0.0766      -0.0932
                 -0.0753      -0.0387      -0.0824      -0.0868      -0.0654
   3      0      -0.0960      -0.1083      -0.1219      -0.0775      -0.0949
                 -0.0768      -0.0393      -0.0836      -0.0886      -0.0661
   4      0      -0.0965      -0.1080      -0.1218      -0.0787      -0.0951
                 -0.0771      -0.0405      -0.0846      -0.0885      -0.0671
   5      0      -0.0970      -0.1084      -0.1216      -0.0797      -0.0954
                 -0.0782      -0.0422      -0.0851      -0.0890      -0.0689
   5     60      -0.0972      -0.1086      -0.1218      -0.0798      -0.0955
                 -0.0783      -0.0422      -0.0852      -0.0891      -0.0690
   5     80      -0.0988      -0.1103      -0.1235      -0.0813      -0.0972
                 -0.0798      -0.0426      -0.0867      -0.0907      -0.0704
   5    100      -0.1042      -0.1158      -0.1289      -0.0862      -0.1026
                 -0.0847      -0.0445      -0.0917      -0.0960      -0.0749
 
 group  inft   Estimated free energy: 3-th solvent contribution (kcal/mol)
   1      0       3.2262       3.2061       3.2702       3.1727       3.2255
                  3.2158       3.1640       3.1951       3.1951       3.1733
   1     60       3.2175       3.1974       3.2615       3.1639       3.2168
                  3.2071       3.1553       3.1864       3.1864       3.1646
   1     80       3.1373       3.1168       3.1816       3.0832       3.1368
                  3.1274       3.0748       3.1062       3.1060       3.0842
   1    100       2.8067       2.7850       2.8530       2.7510       2.8077
                  2.7990       2.7436       2.7762       2.7749       2.7529
   2      0       3.2257       3.2047       3.2699       3.1726       3.2243
                  3.2153       3.1640       3.1963       3.1934       3.1742
   3      0       3.2393       3.2206       3.2837       3.1872       3.2377
                  3.2303       3.1781       3.2095       3.2080       3.1889
   4      0       3.2457       3.2267       3.2934       3.1971       3.2468
                  3.2374       3.1881       3.2197       3.2166       3.1998
   5      0       3.3029       3.2806       3.3429       3.2511       3.3005
                  3.2935       3.2424       3.2698       3.2690       3.2524
   5     60       3.2910       3.2687       3.3310       3.2391       3.2886
                  3.2817       3.2305       3.2579       3.2571       3.2405
   5     80       3.1891       3.1663       3.2295       3.1366       3.1870
                  3.1804       3.1283       3.1560       3.1550       3.1383
   5    100       2.8804       2.8564       2.9224       2.8262       2.8794
                  2.8735       2.8188       2.8477       2.8457       2.8288
 
 
 cumulative average & 95% error for solvation free energy
              total             1st component         2nd component         3rd component
  1     3.4680                0.3247               -0.0960                3.2393
  2     3.4611     0.0140     0.3332     0.0170    -0.1021     0.0123     3.2300     0.0187
  3     3.4720     0.0234     0.3328     0.0099    -0.1087     0.0149     3.2479     0.0374
  4     3.4683     0.0181     0.3365     0.0101    -0.1009     0.0189     3.2327     0.0402
  5     3.4736     0.0175     0.3395     0.0099    -0.0997     0.0148     3.2337     0.0312
  6     3.4774     0.0163     0.3401     0.0082    -0.0959     0.0143     3.2331     0.0255
  7     3.4794     0.0143     0.3419     0.0077    -0.0878     0.0202     3.2253     0.0267
  8     3.4813     0.0129     0.3452     0.0095    -0.0873     0.0175     3.2233     0.0235
  9     3.4805     0.0115     0.3463     0.0086    -0.0874     0.0155     3.2216     0.0210
 10     3.4813     0.0104     0.3482     0.0086    -0.0853     0.0145     3.2183     0.0199
