 ERmod 0.3.8, Copyright (C) 2000-2019 Nobuyuki Matubayasi
                            2010-2019 Shun Sakuraba
 ERmod comes with ABSOLUTELY NO WARRANTY.
 This is free software, and you can redistribute it
 and/or modify it under certain conditions.
 See LICENSE file for details.
 ERmod 0.3.8, Copyright (C) 2000-2019 Nobuyuki Matubayasi
                            2010-2019 Shun Sakuraba
 ERmod comes with ABSOLUTELY NO WARRANTY.
 This is free software, and you can redistribute it
 and/or modify it under certain conditions.
 See LICENSE file for details.
 
  Number of the   1-th solvent  =          180
  Number of the   2-th solvent  =          180
  Number of the   3-th solvent  =        10000
 
  Be sure that the solvent distribution is homogeneous (radial distribution function is essentially unity) when the solvent molecule is separated beyond distance of   10.0 Angstrom in any direction from any atom within the solute molecule
 
  LJ long-range correction    =        -0.0049     -0.0182     -0.2929
 
  Self-energy of the solute   =         0.0000  kcal/mol
 
 
 cumulative average & 95% error for solvation energy
              total             1st component         2nd component         3rd component
  1    -8.0538                0.1485               -0.4208               -7.7815
  2    -8.0223     0.0632     0.1507     0.0046    -0.4502     0.0588    -7.7228     0.1173
  3    -8.0132     0.0407     0.1463     0.0093    -0.4672     0.0480    -7.6924     0.0911
  4    -8.0119     0.0289     0.1523     0.0137    -0.4591     0.0375    -7.7052     0.0693
  5    -8.0107     0.0225     0.1553     0.0122    -0.4623     0.0298    -7.7038     0.0538
  6    -8.0056     0.0211     0.1512     0.0130    -0.4727     0.0320    -7.6841     0.0589
  7    -7.9974     0.0241     0.1517     0.0110    -0.4721     0.0270    -7.6770     0.0518
  8    -8.0005     0.0218     0.1540     0.0106    -0.4635     0.0290    -7.6911     0.0529
  9    -7.9982     0.0197     0.1526     0.0098    -0.4661     0.0261    -7.6848     0.0483
 10    -7.9972     0.0178     0.1536     0.0090    -0.4641     0.0237    -7.6868     0.0434
 
 
 group  inft  solvation free energy     error          difference
  total solvation free energy
   1      0          3.26542           0.01257          -0.00648
   1     60          3.25292           0.01260          -0.01898
   1     80          3.15313           0.01293          -0.11878
   1    100          2.77625           0.01422          -0.49565
   2      0          3.25984           0.01182          -0.01206
   3      0          3.27190           0.01189           0.00000
   4      0          3.27948           0.01158           0.00758
   5      0          3.33135           0.01118           0.05945
   5     60          3.31441           0.01123           0.04251
   5     80          3.18947           0.01157          -0.08244
   5    100          2.83830           0.01259          -0.43360
 
  contribution from  1-th solvent component
   1      0          0.30031           0.00655           0.00293
   1     60          0.30040           0.00658           0.00302
   1     80          0.30050           0.00679           0.00312
   1    100          0.29863           0.00758           0.00126
   2      0          0.29819           0.00628           0.00081
   3      0          0.29737           0.00631           0.00000
   4      0          0.29624           0.00612          -0.00114
   5      0          0.29653           0.00614          -0.00085
   5     60          0.29660           0.00618          -0.00077
   5     80          0.29640           0.00643          -0.00098
   5    100          0.29410           0.00711          -0.00328
 
  contribution from  2-th solvent component
   1      0         -0.06435           0.01241           0.00402
   1     60         -0.06463           0.01241           0.00375
   1     80         -0.06685           0.01245           0.00153
   1    100         -0.07488           0.01257          -0.00650
   2      0         -0.06732           0.01217           0.00105
   3      0         -0.06838           0.01238           0.00000
   4      0         -0.06882           0.01197          -0.00044
   5      0         -0.06769           0.01143           0.00069
   5     60         -0.06807           0.01144           0.00031
   5     80         -0.07089           0.01148          -0.00251
   5    100         -0.07849           0.01157          -0.01011
 
  contribution from  3-th solvent component
   1      0          3.02944           0.01660          -0.01344
   1     60          3.01712           0.01661          -0.02576
   1     80          2.91945           0.01670          -0.12343
   1    100          2.55247           0.01714          -0.49041
   2      0          3.02895           0.01664          -0.01393
   3      0          3.04288           0.01647           0.00000
   4      0          3.05204           0.01628           0.00916
   5      0          3.10249           0.01534           0.05961
   5     60          3.08585           0.01535           0.04297
   5     80          2.96393           0.01547          -0.07895
   5    100          2.62267           0.01587          -0.42021
 
 
 group  inft   Estimated free energy: total (kcal/mol)
   1      0       3.2451       3.2594       3.2437       3.2744       3.2573
                  3.2484       3.3089       3.2717       3.2635       3.2817
   1     60       3.2326       3.2469       3.2311       3.2619       3.2448
                  3.2358       3.2965       3.2593       3.2510       3.2692
   1     80       3.1324       3.1468       3.1306       3.1628       3.1452
                  3.1352       3.1975       3.1600       3.1508       3.1700
   1    100       2.7538       2.7689       2.7509       2.7879       2.7686
                  2.7558       2.8240       2.7848       2.7726       2.7953
   2      0       3.2407       3.2549       3.2410       3.2653       3.2519
                  3.2430       3.3019       3.2652       3.2596       3.2748
   3      0       3.2543       3.2675       3.2505       3.2778       3.2636
                  3.2559       3.3141       3.2793       3.2701       3.2860
   4      0       3.2614       3.2744       3.2609       3.2847       3.2713
                  3.2633       3.3208       3.2856       3.2783       3.2941
   5      0       3.3149       3.3278       3.3124       3.3366       3.3216
                  3.3159       3.3708       3.3389       3.3295       3.3452
   5     60       3.2979       3.3108       3.2954       3.3197       3.3047
                  3.2988       3.3540       3.3220       3.3125       3.3284
   5     80       3.1725       3.1855       3.1696       3.1955       3.1799
                  3.1730       3.2299       3.1975       3.1871       3.2041
   5    100       2.8200       2.8332       2.8161       2.8459       2.8291
                  2.8197       2.8814       2.8475       2.8351       2.8549
 
 group  inft   Estimated free energy: 1-th solvent contribution (kcal/mol)
   1      0       0.2931       0.2985       0.2877       0.3126       0.3129
                  0.2858       0.3019       0.3119       0.2925       0.3063
   1     60       0.2931       0.2986       0.2878       0.3127       0.3130
                  0.2858       0.3020       0.3120       0.2925       0.3064
   1     80       0.2930       0.2985       0.2875       0.3133       0.3134
                  0.2855       0.3021       0.3126       0.2924       0.3068
   1    100       0.2902       0.2961       0.2842       0.3131       0.3127
                  0.2820       0.3002       0.3123       0.2895       0.3060
   2      0       0.2918       0.2961       0.2861       0.3102       0.3108
                  0.2843       0.2984       0.3090       0.2911       0.3039
   3      0       0.2914       0.2962       0.2849       0.3090       0.3099
                  0.2831       0.2981       0.3087       0.2901       0.3023
   4      0       0.2903       0.2946       0.2843       0.3076       0.3085
                  0.2826       0.2962       0.3072       0.2894       0.3017
   5      0       0.2904       0.2952       0.2849       0.3085       0.3085
                  0.2823       0.2965       0.3071       0.2898       0.3020
   5     60       0.2904       0.2952       0.2850       0.3087       0.3086
                  0.2823       0.2965       0.3073       0.2898       0.3021
   5     80       0.2900       0.2949       0.2843       0.3090       0.3087
                  0.2816       0.2963       0.3076       0.2893       0.3023
   5    100       0.2869       0.2921       0.2808       0.3083       0.3075
                  0.2779       0.2938       0.3066       0.2862       0.3009
 
 group  inft   Estimated free energy: 2-th solvent contribution (kcal/mol)
   1      0      -0.0417      -0.0720      -0.0846      -0.0506      -0.0739
                 -0.0950      -0.0659      -0.0315      -0.0737      -0.0547
   1     60      -0.0419      -0.0723      -0.0848      -0.0509      -0.0742
                 -0.0953      -0.0662      -0.0318      -0.0740      -0.0550
   1     80      -0.0441      -0.0745      -0.0871      -0.0530      -0.0764
                 -0.0976      -0.0684      -0.0339      -0.0762      -0.0572
   1    100      -0.0520      -0.0827      -0.0953      -0.0610      -0.0847
                 -0.1059      -0.0764      -0.0415      -0.0844      -0.0651
   2      0      -0.0442      -0.0735      -0.0867      -0.0555      -0.0769
                 -0.0979      -0.0689      -0.0354      -0.0772      -0.0572
   3      0      -0.0448      -0.0754      -0.0883      -0.0560      -0.0777
                 -0.0990      -0.0699      -0.0359      -0.0787      -0.0582
   4      0      -0.0461      -0.0751      -0.0875      -0.0577      -0.0780
                 -0.0986      -0.0700      -0.0369      -0.0793      -0.0591
   5      0      -0.0463      -0.0751      -0.0864      -0.0564      -0.0769
                 -0.0955      -0.0689      -0.0375      -0.0764      -0.0574
   5     60      -0.0467      -0.0755      -0.0868      -0.0568      -0.0773
                 -0.0959      -0.0693      -0.0379      -0.0768      -0.0578
   5     80      -0.0494      -0.0783      -0.0896      -0.0596      -0.0801
                 -0.0988      -0.0721      -0.0406      -0.0796      -0.0606
   5    100      -0.0569      -0.0860      -0.0974      -0.0672      -0.0879
                 -0.1066      -0.0797      -0.0479      -0.0873      -0.0680
 
 group  inft   Estimated free energy: 3-th solvent contribution (kcal/mol)
   1      0       2.9937       3.0329       3.0405       3.0124       3.0183
                  3.0576       3.0729       2.9913       3.0448       3.0301
   1     60       2.9814       3.0206       3.0282       3.0001       3.0060
                  3.0452       3.0607       2.9790       3.0324       3.0178
   1     80       2.8834       2.9228       2.9302       2.9025       2.9082
                  2.9473       2.9638       2.8812       2.9346       2.9204
   1    100       2.5155       2.5554       2.5620       2.5358       2.5405
                  2.5796       2.6002       2.5140       2.5674       2.5543
   2      0       2.9931       3.0322       3.0416       3.0105       3.0179
                  3.0565       3.0723       2.9916       3.0456       3.0281
   3      0       3.0076       3.0467       3.0538       3.0247       3.0314
                  3.0718       3.0858       3.0064       3.0587       3.0419
   4      0       3.0171       3.0549       3.0641       3.0348       3.0408
                  3.0793       3.0946       3.0152       3.0681       3.0515
   5      0       3.0708       3.1076       3.1138       3.0845       3.0900
                  3.1290       3.1432       3.0693       3.1160       3.1006
   5     60       3.0541       3.0910       3.0971       3.0679       3.0734
                  3.1123       3.1267       3.0526       3.0994       3.0840
   5     80       2.9320       2.9689       2.9749       2.9460       2.9513
                  2.9902       3.0057       2.9305       2.9774       2.9624
   5    100       2.5900       2.6271       2.6326       2.6049       2.6095
                  2.6484       2.6673       2.5887       2.6361       2.6220
 
 
 cumulative average & 95% error for solvation free energy
              total             1st component         2nd component         3rd component
  1     3.2543                0.2914               -0.0448                3.0076
  2     3.2609     0.0132     0.2938     0.0048    -0.0601     0.0307     3.0272     0.0391
  3     3.2574     0.0103     0.2908     0.0065    -0.0695     0.0258     3.0361     0.0287
  4     3.2625     0.0125     0.2954     0.0102    -0.0661     0.0194     3.0332     0.0211
  5     3.2627     0.0097     0.2983     0.0098    -0.0684     0.0158     3.0329     0.0164
  6     3.2616     0.0082     0.2958     0.0095    -0.0735     0.0164     3.0393     0.0186
  7     3.2691     0.0165     0.2961     0.0080    -0.0730     0.0139     3.0460     0.0206
  8     3.2704     0.0145     0.2977     0.0076    -0.0684     0.0152     3.0410     0.0204
  9     3.2703     0.0128     0.2968     0.0069    -0.0695     0.0136     3.0430     0.0184
 10     3.2719     0.0119     0.2974     0.0063    -0.0684     0.0124     3.0429     0.0165
