 ERmod 0.3.8, Copyright (C) 2000-2019 Nobuyuki Matubayasi
                            2010-2019 Shun Sakuraba
 ERmod comes with ABSOLUTELY NO WARRANTY.
 This is free software, and you can redistribute it
 and/or modify it under certain conditions.
 See LICENSE file for details.
 ERmod 0.3.8, Copyright (C) 2000-2019 Nobuyuki Matubayasi
                            2010-2019 Shun Sakuraba
 ERmod comes with ABSOLUTELY NO WARRANTY.
 This is free software, and you can redistribute it
 and/or modify it under certain conditions.
 See LICENSE file for details.
 
  Number of the   1-th solvent  =           90
  Number of the   2-th solvent  =           90
  Number of the   3-th solvent  =        10000
 
  Be sure that the solvent distribution is homogeneous (radial distribution function is essentially unity) when the solvent molecule is separated beyond distance of   10.0 Angstrom in any direction from any atom within the solute molecule
 
  LJ long-range correction    =        -0.0036     -0.0133     -0.4295
 
  Self-energy of the solute   =        -0.0001  kcal/mol
 
 
 cumulative average & 95% error for solvation energy
              total             1st component         2nd component         3rd component
  1   -22.3591               -0.4712               -0.3643              -21.5236
  2   -22.2691     0.1800    -0.4574     0.0275    -0.6570     0.5855   -21.1546     0.7380
  3   -22.3070     0.1286    -0.4341     0.0492    -0.6192     0.3464   -21.2536     0.4698
  4   -22.3007     0.0918    -0.4067     0.0648    -0.6698     0.2650   -21.2241     0.3374
  5   -22.3094     0.0732    -0.3867     0.0642    -0.7135     0.2231   -21.2091     0.2631
  6   -22.2983     0.0637    -0.3990     0.0579    -0.7423     0.1911   -21.1569     0.2389
  7   -22.3072     0.0567    -0.3482     0.1128    -0.7714     0.1717   -21.1874     0.2109
  8   -22.3110     0.0497    -0.3411     0.0987    -0.7736     0.1487   -21.1962     0.1835
  9   -22.3181     0.0461    -0.3319     0.0890    -0.7797     0.1318   -21.2065     0.1631
 10   -22.3316     0.0493    -0.3707     0.1112    -0.8066     0.1295   -21.1542     0.1795
 
 
 group  inft  solvation free energy     error          difference
  total solvation free energy
   1      0         -2.25395           0.03385           0.00388
   1     60         -2.27176           0.03386          -0.01393
   1     80         -2.42370           0.03394          -0.16587
   1    100         -2.99805           0.03426          -0.74022
   2      0         -2.25786           0.03189          -0.00004
   3      0         -2.25783           0.03074           0.00000
   4      0         -2.25003           0.03248           0.00780
   5      0         -2.25241           0.03033           0.00542
   5     60         -2.27661           0.03034          -0.01878
   5     80         -2.46723           0.03044          -0.20941
   5    100         -2.99747           0.03072          -0.73964
 
  contribution from  1-th solvent component
   1      0         -0.02870           0.05595           0.00940
   1     60         -0.02875           0.05595           0.00935
   1     80         -0.02941           0.05599           0.00869
   1    100         -0.03250           0.05611           0.00560
   2      0         -0.03698           0.05235           0.00112
   3      0         -0.03810           0.05155           0.00000
   4      0         -0.03896           0.05090          -0.00086
   5      0         -0.03969           0.05024          -0.00159
   5     60         -0.03979           0.05025          -0.00169
   5     80         -0.04080           0.05026          -0.00270
   5    100         -0.04403           0.05029          -0.00593
 
  contribution from  2-th solvent component
   1      0         -0.34338           0.07384          -0.00919
   1     60         -0.34363           0.07384          -0.00944
   1     80         -0.34572           0.07386          -0.01153
   1    100         -0.35343           0.07393          -0.01924
   2      0         -0.33711           0.07457          -0.00293
   3      0         -0.33419           0.07406           0.00000
   4      0         -0.33231           0.07480           0.00187
   5      0         -0.33175           0.07412           0.00244
   5     60         -0.33209           0.07412           0.00210
   5     80         -0.33472           0.07414          -0.00053
   5    100         -0.34183           0.07419          -0.00764
 
  contribution from  3-th solvent component
   1      0         -1.88177           0.08008           0.00367
   1     60         -1.89927           0.08011          -0.01383
   1     80         -2.04847           0.08021          -0.16303
   1    100         -2.61201           0.08052          -0.72658
   2      0         -1.88367           0.07993           0.00177
   3      0         -1.88544           0.07982           0.00000
   4      0         -1.87865           0.08014           0.00679
   5      0         -1.88087           0.07963           0.00457
   5     60         -1.90462           0.07965          -0.01919
   5     80         -2.09161           0.07977          -0.20618
   5    100         -2.61151           0.08004          -0.72607
 
 
 group  inft   Estimated free energy: total (kcal/mol)
   1      0      -2.2052      -2.2213      -2.2492      -2.1843      -2.2854
                 -2.2266      -2.2629      -2.2604      -2.2660      -2.3783
   1     60      -2.2230      -2.2391      -2.2670      -2.2021      -2.3032
                 -2.2443      -2.2807      -2.2782      -2.2839      -2.3961
   1     80      -2.3750      -2.3906      -2.4193      -2.3542      -2.4550
                 -2.3957      -2.4325      -2.4300      -2.4363      -2.5485
   1    100      -2.9494      -2.9632      -2.9943      -2.9288      -3.0293
                 -2.9686      -3.0069      -3.0037      -3.0122      -3.1240
   2      0      -2.2049      -2.2282      -2.2487      -2.1922      -2.2944
                 -2.2245      -2.2766      -2.2708      -2.2726      -2.3657
   3      0      -2.2147      -2.2279      -2.2485      -2.1935      -2.2989
                 -2.2184      -2.2736      -2.2702      -2.2725      -2.3599
   4      0      -2.1948      -2.2190      -2.2431      -2.1842      -2.2935
                 -2.2069      -2.2766      -2.2635      -2.2667      -2.3521
   5      0      -2.2033      -2.2231      -2.2405      -2.1918      -2.3047
                 -2.2094      -2.2792      -2.2595      -2.2714      -2.3413
   5     60      -2.2276      -2.2472      -2.2648      -2.2160      -2.3289
                 -2.2334      -2.3034      -2.2837      -2.2957      -2.3655
   5     80      -2.4182      -2.4373      -2.4557      -2.4069      -2.5195
                 -2.4233      -2.4940      -2.4742      -2.4869      -2.5565
   5    100      -2.9484      -2.9660      -2.9865      -2.9374      -3.0499
                 -2.9521      -3.0244      -3.0041      -3.0184      -3.0874
 
 group  inft   Estimated free energy: 1-th solvent contribution (kcal/mol)
   1      0      -0.0677      -0.0641      -0.0175       0.0122      -0.0291
                 -0.0781       0.1342       0.0026       0.0295      -0.2090
   1     60      -0.0678      -0.0642      -0.0175       0.0121      -0.0291
                 -0.0781       0.1342       0.0026       0.0294      -0.2091
   1     80      -0.0684      -0.0649      -0.0183       0.0115      -0.0296
                 -0.0789       0.1337       0.0019       0.0287      -0.2099
   1    100      -0.0713      -0.0680      -0.0216       0.0086      -0.0322
                 -0.0823       0.1310      -0.0011       0.0253      -0.2134
   2      0      -0.0784      -0.0747      -0.0210       0.0028      -0.0425
                 -0.0818       0.1165      -0.0096       0.0204      -0.2014
   3      0      -0.0845      -0.0746      -0.0228      -0.0011      -0.0490
                 -0.0784       0.1153      -0.0100       0.0208      -0.1968
   4      0      -0.0809      -0.0754      -0.0251      -0.0009      -0.0477
                 -0.0777       0.1087      -0.0102       0.0196      -0.2000
   5      0      -0.0851      -0.0765      -0.0255      -0.0031      -0.0569
                 -0.0783       0.1075      -0.0085       0.0225      -0.1931
   5     60      -0.0852      -0.0766      -0.0256      -0.0032      -0.0570
                 -0.0784       0.1074      -0.0086       0.0224      -0.1933
   5     80      -0.0861      -0.0776      -0.0267      -0.0042      -0.0579
                 -0.0795       0.1065      -0.0096       0.0213      -0.1943
   5    100      -0.0891      -0.0809      -0.0301      -0.0074      -0.0608
                 -0.0829       0.1035      -0.0128       0.0178      -0.1977
 
 group  inft   Estimated free energy: 2-th solvent contribution (kcal/mol)
   1      0      -0.0861      -0.4387      -0.2130      -0.3416      -0.3662
                 -0.3650      -0.4074      -0.3427      -0.3734      -0.4996
   1     60      -0.0863      -0.4390      -0.2133      -0.3419      -0.3664
                 -0.3652      -0.4077      -0.3430      -0.3737      -0.4998
   1     80      -0.0883      -0.4411      -0.2154      -0.3440      -0.3685
                 -0.3673      -0.4098      -0.3451      -0.3758      -0.5020
   1    100      -0.0957      -0.4488      -0.2231      -0.3519      -0.3762
                 -0.3749      -0.4175      -0.3528      -0.3835      -0.5098
   2      0      -0.0751      -0.4338      -0.2073      -0.3374      -0.3606
                 -0.3568      -0.4015      -0.3362      -0.3701      -0.4924
   3      0      -0.0748      -0.4304      -0.2055      -0.3342      -0.3566
                 -0.3504      -0.3970      -0.3345      -0.3679      -0.4906
   4      0      -0.0688      -0.4303      -0.2025      -0.3340      -0.3579
                 -0.3466      -0.3975      -0.3321      -0.3673      -0.4862
   5      0      -0.0713      -0.4312      -0.2014      -0.3339      -0.3579
                 -0.3423      -0.3982      -0.3318      -0.3681      -0.4813
   5     60      -0.0717      -0.4315      -0.2018      -0.3342      -0.3582
                 -0.3427      -0.3986      -0.3322      -0.3685      -0.4816
   5     80      -0.0742      -0.4342      -0.2044      -0.3369      -0.3608
                 -0.3453      -0.4012      -0.3348      -0.3711      -0.4843
   5    100      -0.0810      -0.4413      -0.2115      -0.3442      -0.3679
                 -0.3523      -0.4084      -0.3420      -0.3783      -0.4915
 
 group  inft   Estimated free energy: 3-th solvent contribution (kcal/mol)
   1      0      -2.0513      -1.7184      -2.0186      -1.8547      -1.8900
                 -1.7834      -1.9895      -1.9202      -1.9220      -1.6697
   1     60      -2.0688      -1.7358      -2.0361      -1.8722      -1.9075
                 -1.8008      -2.0070      -1.9377      -1.9395      -1.6872
   1     80      -2.2182      -1.8845      -2.1855      -2.0216      -2.0567
                 -1.9494      -2.1563      -2.0867      -2.0892      -1.8365
   1    100      -2.7823      -2.4462      -2.7496      -2.5853      -2.6207
                 -2.5113      -2.7202      -2.6497      -2.6539      -2.4008
   2      0      -2.0512      -1.7197      -2.0203      -1.8576      -1.8912
                 -1.7857      -1.9915      -1.9248      -1.9229      -1.6717
   3      0      -2.0553      -1.7228      -2.0202      -1.8581      -1.8933
                 -1.7895      -1.9918      -1.9256      -1.9253      -1.6725
   4      0      -2.0450      -1.7132      -2.0153      -1.8493      -1.8878
                 -1.7825      -1.9877      -1.9211      -1.9189      -1.6658
   5      0      -2.0469      -1.7154      -2.0135      -1.8547      -1.8898
                 -1.7886      -1.9884      -1.9191      -1.9257      -1.6668
   5     60      -2.0707      -1.7391      -2.0373      -1.8785      -1.9136
                 -1.8122      -2.0121      -1.9428      -1.9495      -1.6905
   5     80      -2.2578      -1.9254      -2.2245      -2.0657      -2.1007
                 -1.9984      -2.1992      -2.1297      -2.1370      -1.8777
   5    100      -2.7782      -2.4438      -2.7448      -2.5858      -2.6211
                 -2.5168      -2.7194      -2.6492      -2.6579      -2.3982
 
 
 cumulative average & 95% error for solvation free energy
              total             1st component         2nd component         3rd component
  1    -2.2147               -0.0845               -0.0748               -2.0553
  2    -2.2213     0.0132    -0.0795     0.0099    -0.2526     0.3556    -1.8891     0.3325
  3    -2.2304     0.0196    -0.0606     0.0383    -0.2369     0.2077    -1.9328     0.2109
  4    -2.2212     0.0231    -0.0457     0.0402    -0.2612     0.1547    -1.9141     0.1538
  5    -2.2367     0.0359    -0.0464     0.0312    -0.2803     0.1258    -1.9099     0.1194
  6    -2.2337     0.0299    -0.0517     0.0276    -0.2920     0.1053    -1.8899     0.1054
  7    -2.2394     0.0278    -0.0279     0.0531    -0.3070     0.0939    -1.9044     0.0937
  8    -2.2432     0.0252    -0.0256     0.0462    -0.3104     0.0816    -1.9071     0.0813
  9    -2.2465     0.0232    -0.0205     0.0420    -0.3168     0.0731    -1.9091     0.0719
 10    -2.2578     0.0307    -0.0381     0.0516    -0.3342     0.0741    -1.8854     0.0798
