 ERmod 0.3.8, Copyright (C) 2000-2019 Nobuyuki Matubayasi
                            2010-2019 Shun Sakuraba
 ERmod comes with ABSOLUTELY NO WARRANTY.
 This is free software, and you can redistribute it
 and/or modify it under certain conditions.
 See LICENSE file for details.
 ERmod 0.3.8, Copyright (C) 2000-2019 Nobuyuki Matubayasi
                            2010-2019 Shun Sakuraba
 ERmod comes with ABSOLUTELY NO WARRANTY.
 This is free software, and you can redistribute it
 and/or modify it under certain conditions.
 See LICENSE file for details.
 
  Number of the   1-th solvent  =           90
  Number of the   2-th solvent  =           90
  Number of the   3-th solvent  =        10000
 
  Be sure that the solvent distribution is homogeneous (radial distribution function is essentially unity) when the solvent molecule is separated beyond distance of   10.0 Angstrom in any direction from any atom within the solute molecule
 
  LJ long-range correction    =        -0.0010     -0.0037     -0.1180
 
  Self-energy of the solute   =         0.0000  kcal/mol
 
 
 cumulative average & 95% error for solvation energy
              total             1st component         2nd component         3rd component
  1    -3.5445                0.0099               -0.0780               -3.4763
  2    -3.5443     0.0004     0.0087     0.0023    -0.0831     0.0101    -3.4699     0.0129
  3    -3.5509     0.0132     0.0114     0.0055    -0.0824     0.0060    -3.4799     0.0213
  4    -3.5460     0.0135     0.0110     0.0039    -0.0839     0.0053    -3.4731     0.0203
  5    -3.5517     0.0154     0.0102     0.0035    -0.0813     0.0067    -3.4806     0.0217
  6    -3.5523     0.0126     0.0112     0.0036    -0.0782     0.0083    -3.4854     0.0201
  7    -3.5514     0.0108     0.0109     0.0031    -0.0814     0.0095    -3.4810     0.0191
  8    -3.5551     0.0120     0.0114     0.0028    -0.0777     0.0110    -3.4888     0.0228
  9    -3.5564     0.0108     0.0112     0.0025    -0.0775     0.0097    -3.4901     0.0203
 10    -3.5554     0.0099     0.0104     0.0028    -0.0784     0.0089    -3.4874     0.0189
 
 
 group  inft  solvation free energy     error          difference
  total solvation free energy
   1      0          2.59472           0.00583           0.01873
   1     60          2.58476           0.00585           0.00877
   1     80          2.51771           0.00603          -0.05829
   1    100          2.28372           0.00677          -0.29228
   2      0          2.59992           0.00503           0.02393
   3      0          2.57599           0.00519           0.00000
   4      0          2.63815           0.00502           0.06215
   5      0          2.57936           0.00539           0.00337
   5     60          2.56613           0.00542          -0.00987
   5     80          2.48349           0.00560          -0.09250
   5    100          2.26508           0.00616          -0.31091
 
  contribution from  1-th solvent component
   1      0          0.05822           0.00425           0.00262
   1     60          0.05825           0.00426           0.00265
   1     80          0.05834           0.00440           0.00274
   1    100          0.05801           0.00498           0.00241
   2      0          0.05622           0.00367           0.00062
   3      0          0.05560           0.00344           0.00000
   4      0          0.05465           0.00321          -0.00095
   5      0          0.05487           0.00329          -0.00073
   5     60          0.05489           0.00331          -0.00071
   5     80          0.05484           0.00348          -0.00076
   5    100          0.05419           0.00397          -0.00141
 
  contribution from  2-th solvent component
   1      0          0.04418           0.00643           0.00375
   1     60          0.04406           0.00645           0.00364
   1     80          0.04323           0.00655           0.00280
   1    100          0.04051           0.00687           0.00008
   2      0          0.04171           0.00622           0.00128
   3      0          0.04043           0.00614           0.00000
   4      0          0.04049           0.00561           0.00006
   5      0          0.03955           0.00589          -0.00088
   5     60          0.03938           0.00591          -0.00104
   5     80          0.03831           0.00601          -0.00211
   5    100          0.03568           0.00625          -0.00474
 
  contribution from  3-th solvent component
   1      0          2.49232           0.00902           0.01236
   1     60          2.48245           0.00904           0.00249
   1     80          2.41613           0.00914          -0.06383
   1    100          2.18520           0.00956          -0.29476
   2      0          2.50199           0.00867           0.02203
   3      0          2.47996           0.00924           0.00000
   4      0          2.54301           0.00853           0.06304
   5      0          2.48495           0.00909           0.00498
   5     60          2.47185           0.00912          -0.00811
   5     80          2.39033           0.00926          -0.08964
   5    100          2.17521           0.00968          -0.30476
 
 
 group  inft   Estimated free energy: total (kcal/mol)
   1      0       2.6105       2.5887       2.5884       2.5994       2.5830
                  2.6076       2.5942       2.5989       2.5858       2.5908
   1     60       2.6006       2.5787       2.5784       2.5894       2.5730
                  2.5977       2.5842       2.5890       2.5758       2.5808
   1     80       2.5338       2.5114       2.5115       2.5223       2.5056
                  2.5313       2.5169       2.5224       2.5085       2.5133
   1    100       2.3012       2.2767       2.2780       2.2883       2.2700
                  2.2997       2.2821       2.2897       2.2734       2.2780
   2      0       2.6134       2.5963       2.5925       2.6052       2.5897
                  2.6101       2.5989       2.6040       2.5923       2.5968
   3      0       2.5902       2.5737       2.5676       2.5829       2.5649
                  2.5842       2.5756       2.5792       2.5673       2.5742
   4      0       2.6517       2.6367       2.6297       2.6445       2.6278
                  2.6478       2.6368       2.6401       2.6305       2.6359
   5      0       2.5952       2.5772       2.5701       2.5859       2.5682
                  2.5885       2.5783       2.5808       2.5717       2.5777
   5     60       2.5820       2.5639       2.5569       2.5726       2.5549
                  2.5753       2.5650       2.5676       2.5584       2.5644
   5     80       2.4998       2.4812       2.4743       2.4900       2.4718
                  2.4933       2.4820       2.4854       2.4756       2.4814
   5    100       2.2827       2.2623       2.2561       2.2719       2.2520
                  2.2769       2.2628       2.2678       2.2563       2.2620
 
 group  inft   Estimated free energy: 1-th solvent contribution (kcal/mol)
   1      0       0.0573       0.0505       0.0699       0.0552       0.0529
                  0.0671       0.0569       0.0645       0.0567       0.0512
   1     60       0.0574       0.0505       0.0699       0.0552       0.0529
                  0.0672       0.0569       0.0645       0.0567       0.0512
   1     80       0.0575       0.0505       0.0704       0.0551       0.0528
                  0.0677       0.0568       0.0648       0.0568       0.0510
   1    100       0.0573       0.0496       0.0715       0.0543       0.0517
                  0.0688       0.0557       0.0654       0.0562       0.0497
   2      0       0.0550       0.0497       0.0664       0.0536       0.0516
                  0.0636       0.0549       0.0618       0.0557       0.0499
   3      0       0.0547       0.0494       0.0649       0.0529       0.0513
                  0.0625       0.0546       0.0612       0.0550       0.0497
   4      0       0.0536       0.0492       0.0631       0.0526       0.0502
                  0.0614       0.0534       0.0596       0.0545       0.0488
   5      0       0.0538       0.0493       0.0637       0.0528       0.0504
                  0.0620       0.0537       0.0596       0.0546       0.0489
   5     60       0.0538       0.0493       0.0637       0.0528       0.0504
                  0.0621       0.0537       0.0596       0.0547       0.0489
   5     80       0.0538       0.0491       0.0641       0.0526       0.0501
                  0.0625       0.0534       0.0598       0.0546       0.0485
   5    100       0.0532       0.0479       0.0647       0.0515       0.0488
                  0.0631       0.0521       0.0599       0.0537       0.0471
 
 group  inft   Estimated free energy: 2-th solvent contribution (kcal/mol)
   1      0       0.0433       0.0370       0.0405       0.0378       0.0481
                  0.0544       0.0304       0.0665       0.0435       0.0402
   1     60       0.0431       0.0369       0.0403       0.0377       0.0480
                  0.0543       0.0303       0.0665       0.0434       0.0401
   1     80       0.0423       0.0360       0.0394       0.0368       0.0471
                  0.0535       0.0294       0.0662       0.0425       0.0392
   1    100       0.0394       0.0330       0.0365       0.0338       0.0442
                  0.0510       0.0263       0.0650       0.0396       0.0363
   2      0       0.0409       0.0351       0.0386       0.0358       0.0453
                  0.0511       0.0280       0.0635       0.0410       0.0378
   3      0       0.0392       0.0339       0.0379       0.0345       0.0439
                  0.0490       0.0269       0.0623       0.0400       0.0367
   4      0       0.0394       0.0344       0.0382       0.0349       0.0437
                  0.0487       0.0280       0.0602       0.0400       0.0373
   5      0       0.0387       0.0335       0.0368       0.0337       0.0424
                  0.0484       0.0270       0.0605       0.0394       0.0351
   5     60       0.0385       0.0334       0.0366       0.0335       0.0422
                  0.0482       0.0268       0.0604       0.0392       0.0350
   5     80       0.0374       0.0322       0.0355       0.0323       0.0411
                  0.0472       0.0256       0.0598       0.0381       0.0338
   5    100       0.0347       0.0294       0.0327       0.0295       0.0384
                  0.0446       0.0227       0.0584       0.0353       0.0310
 
 group  inft   Estimated free energy: 3-th solvent contribution (kcal/mol)
   1      0       2.5099       2.5011       2.4781       2.5064       2.4821
                  2.4860       2.5068       2.4679       2.4856       2.4993
   1     60       2.5001       2.4913       2.4681       2.4965       2.4722
                  2.4762       2.4969       2.4580       2.4757       2.4895
   1     80       2.4341       2.4250       2.4017       2.4303       2.4057
                  2.4101       2.4307       2.3914       2.4092       2.4231
   1    100       2.2045       2.1941       2.1700       2.2002       2.1741
                  2.1800       2.2001       2.1593       2.1777       2.1920
   2      0       2.5175       2.5115       2.4875       2.5158       2.4928
                  2.4954       2.5160       2.4787       2.4956       2.5091
   3      0       2.4964       2.4905       2.4648       2.4955       2.4697
                  2.4726       2.4942       2.4558       2.4723       2.4879
   4      0       2.5586       2.5531       2.5284       2.5570       2.5338
                  2.5377       2.5554       2.5202       2.5360       2.5498
   5      0       2.5027       2.4944       2.4697       2.4994       2.4754
                  2.4781       2.4976       2.4608       2.4777       2.4937
   5     60       2.4897       2.4813       2.4565       2.4863       2.4623
                  2.4650       2.4846       2.4476       2.4646       2.4806
   5     80       2.4087       2.3999       2.3747       2.4051       2.3806
                  2.3836       2.4031       2.3657       2.3829       2.3990
   5    100       2.1949       2.1850       2.1588       2.1910       2.1648
                  2.1691       2.1880       2.1495       2.1673       2.1838
 
 
 cumulative average & 95% error for solvation free energy
              total             1st component         2nd component         3rd component
  1     2.5902                0.0547                0.0392                2.4964
  2     2.5820     0.0165     0.0520     0.0053     0.0365     0.0054     2.4934     0.0059
  3     2.5772     0.0135     0.0563     0.0091     0.0370     0.0032     2.4839     0.0194
  4     2.5786     0.0100     0.0555     0.0066     0.0364     0.0026     2.4868     0.0149
  5     2.5759     0.0095     0.0546     0.0054     0.0379     0.0036     2.4834     0.0134
  6     2.5772     0.0082     0.0559     0.0051     0.0397     0.0048     2.4816     0.0115
  7     2.5770     0.0070     0.0557     0.0044     0.0379     0.0054     2.4834     0.0104
  8     2.5773     0.0061     0.0564     0.0040     0.0409     0.0077     2.4799     0.0113
  9     2.5762     0.0058     0.0563     0.0036     0.0408     0.0068     2.4791     0.0101
 10     2.5760     0.0052     0.0556     0.0034     0.0404     0.0061     2.4800     0.0092
