 ERmod 0.3.8, Copyright (C) 2000-2019 Nobuyuki Matubayasi
                            2010-2019 Shun Sakuraba
 ERmod comes with ABSOLUTELY NO WARRANTY.
 This is free software, and you can redistribute it
 and/or modify it under certain conditions.
 See LICENSE file for details.
 ERmod 0.3.8, Copyright (C) 2000-2019 Nobuyuki Matubayasi
                            2010-2019 Shun Sakuraba
 ERmod comes with ABSOLUTELY NO WARRANTY.
 This is free software, and you can redistribute it
 and/or modify it under certain conditions.
 See LICENSE file for details.
 
  Number of the   1-th solvent  =          180
  Number of the   2-th solvent  =          180
  Number of the   3-th solvent  =        10000
 
  Be sure that the solvent distribution is homogeneous (radial distribution function is essentially unity) when the solvent molecule is separated beyond distance of   10.0 Angstrom in any direction from any atom within the solute molecule
 
  LJ long-range correction    =        -0.0040     -0.0093     -0.5091
 
  Self-energy of the solute   =         0.0000  kcal/mol
 
 
 cumulative average & 95% error for solvation energy
              total             1st component         2nd component         3rd component
  1   -12.2519                0.3896               -0.4865              -12.1551
  2   -12.2789     0.0540     0.3960     0.0128    -0.4865     0.0001   -12.1884     0.0667
  3   -12.2766     0.0315     0.3972     0.0078    -0.4885     0.0040   -12.1853     0.0390
  4   -12.2906     0.0358     0.3975     0.0055    -0.4914     0.0064   -12.1968     0.0358
  5   -12.2983     0.0317     0.3951     0.0064    -0.4951     0.0089   -12.1984     0.0279
  6   -12.2991     0.0260     0.3952     0.0052    -0.4965     0.0078   -12.1978     0.0228
  7   -12.2963     0.0227     0.3951     0.0044    -0.4974     0.0068   -12.1940     0.0208
  8   -12.2908     0.0225     0.3964     0.0047    -0.4959     0.0067   -12.1914     0.0187
  9   -12.2922     0.0200     0.3971     0.0043    -0.4975     0.0068   -12.1918     0.0165
 10   -12.2977     0.0210     0.3970     0.0039    -0.5001     0.0080   -12.1946     0.0158
 
 
 group  inft  solvation free energy     error          difference
  total solvation free energy
   1      0          4.73380           0.01789           0.00673
   1     60          4.72506           0.01790          -0.00201
   1     80          4.63048           0.01816          -0.09658
   1    100          4.16877           0.01976          -0.55830
   2      0          4.71890           0.01781          -0.00817
   3      0          4.72707           0.01775           0.00000
   4      0          4.71992           0.01730          -0.00715
   5      0          4.76620           0.01789           0.03913
   5     60          4.75401           0.01792           0.02694
   5     80          4.62926           0.01829          -0.09781
   5    100          4.19253           0.01990          -0.53454
 
  contribution from  1-th solvent component
   1      0          0.46508           0.00570           0.00439
   1     60          0.46514           0.00571           0.00446
   1     80          0.46602           0.00579           0.00533
   1    100          0.46873           0.00609           0.00804
   2      0          0.46184           0.00560           0.00115
   3      0          0.46069           0.00551           0.00000
   4      0          0.45928           0.00557          -0.00141
   5      0          0.45977           0.00562          -0.00091
   5     60          0.45987           0.00562          -0.00082
   5     80          0.46091           0.00572           0.00022
   5    100          0.46278           0.00603           0.00210
 
  contribution from  2-th solvent component
   1      0         -0.41646           0.01349           0.00271
   1     60         -0.41608           0.01351           0.00309
   1     80         -0.41401           0.01371           0.00516
   1    100         -0.40832           0.01494           0.01086
   2      0         -0.41847           0.01291           0.00070
   3      0         -0.41917           0.01279           0.00000
   4      0         -0.42078           0.01237          -0.00161
   5      0         -0.41922           0.01336          -0.00005
   5     60         -0.41874           0.01338           0.00044
   5     80         -0.41623           0.01368           0.00294
   5    100         -0.41120           0.01493           0.00797
 
  contribution from  3-th solvent component
   1      0          4.68514           0.01462          -0.00037
   1     60          4.67595           0.01464          -0.00956
   1     80          4.57844           0.01483          -0.10707
   1    100          4.10831           0.01577          -0.57720
   2      0          4.67549           0.01509          -0.01002
   3      0          4.68551           0.01551           0.00000
   4      0          4.68137           0.01490          -0.00414
   5      0          4.72560           0.01478           0.04009
   5     60          4.71283           0.01480           0.02732
   5     80          4.58454           0.01504          -0.10097
   5    100          4.14090           0.01588          -0.54461
 
 
 group  inft   Estimated free energy: total (kcal/mol)
   1      0       4.7720       4.7336       4.7750       4.6993       4.7255
                  4.7361       4.7100       4.7495       4.7457       4.6912
   1     60       4.7633       4.7249       4.7663       4.6906       4.7167
                  4.7274       4.7013       4.7407       4.7371       4.6824
   1     80       4.6691       4.6306       4.6723       4.5957       4.6218
                  4.6329       4.6060       4.6465       4.6428       4.5871
   1    100       4.2098       4.1705       4.2147       4.1317       4.1581
                  4.1714       4.1407       4.1873       4.1817       4.1219
   2      0       4.7525       4.7132       4.7563       4.6777       4.7071
                  4.7215       4.6976       4.7410       4.7400       4.6822
   3      0       4.7600       4.7208       4.7618       4.6840       4.7143
                  4.7300       4.7067       4.7503       4.7507       4.6921
   4      0       4.7509       4.7144       4.7508       4.6765       4.7080
                  4.7226       4.7001       4.7469       4.7425       4.6864
   5      0       4.8029       4.7651       4.8048       4.7289       4.7531
                  4.7657       4.7429       4.7863       4.7850       4.7273
   5     60       4.7907       4.7529       4.7926       4.7167       4.7409
                  4.7535       4.7307       4.7741       4.7729       4.7150
   5     80       4.6665       4.6286       4.6686       4.5916       4.6156
                  4.6288       4.6050       4.6499       4.6486       4.5893
   5    100       4.2324       4.1935       4.2357       4.1526       4.1766
                  4.1917       4.1649       4.2160       4.2126       4.1491
 
 group  inft   Estimated free energy: 1-th solvent contribution (kcal/mol)
   1      0       0.4537       0.4601       0.4695       0.4808       0.4592
                  0.4751       0.4546       0.4682       0.4701       0.4595
   1     60       0.4537       0.4601       0.4695       0.4809       0.4593
                  0.4751       0.4546       0.4683       0.4702       0.4596
   1     80       0.4545       0.4610       0.4705       0.4819       0.4601
                  0.4761       0.4552       0.4694       0.4711       0.4604
   1    100       0.4566       0.4636       0.4742       0.4843       0.4627
                  0.4794       0.4561       0.4734       0.4740       0.4630
   2      0       0.4503       0.4576       0.4659       0.4765       0.4542
                  0.4715       0.4521       0.4658       0.4677       0.4568
   3      0       0.4492       0.4559       0.4637       0.4755       0.4535
                  0.4703       0.4512       0.4653       0.4659       0.4563
   4      0       0.4477       0.4552       0.4609       0.4743       0.4518
                  0.4693       0.4504       0.4649       0.4642       0.4541
   5      0       0.4491       0.4555       0.4636       0.4752       0.4523
                  0.4696       0.4502       0.4646       0.4642       0.4536
   5     60       0.4491       0.4556       0.4637       0.4753       0.4524
                  0.4697       0.4503       0.4647       0.4643       0.4537
   5     80       0.4500       0.4567       0.4649       0.4764       0.4533
                  0.4709       0.4509       0.4660       0.4654       0.4546
   5    100       0.4515       0.4585       0.4676       0.4780       0.4550
                  0.4732       0.4510       0.4692       0.4676       0.4562
 
 group  inft   Estimated free energy: 2-th solvent contribution (kcal/mol)
   1      0      -0.3959      -0.3823      -0.4024      -0.4390      -0.4268
                 -0.4318      -0.4289      -0.3906      -0.4389      -0.4280
   1     60      -0.3955      -0.3818      -0.4021      -0.4386      -0.4265
                 -0.4314      -0.4286      -0.3902      -0.4385      -0.4276
   1     80      -0.3931      -0.3792      -0.3998      -0.4366      -0.4249
                 -0.4295      -0.4266      -0.3877      -0.4368      -0.4259
   1    100      -0.3859      -0.3701      -0.3928      -0.4314      -0.4219
                 -0.4245      -0.4221      -0.3793      -0.4330      -0.4221
   2      0      -0.3994      -0.3862      -0.4045      -0.4413      -0.4277
                 -0.4339      -0.4306      -0.3933      -0.4387      -0.4292
   3      0      -0.4013      -0.3861      -0.4055      -0.4421      -0.4283
                 -0.4339      -0.4317      -0.3945      -0.4388      -0.4294
   4      0      -0.4035      -0.3901      -0.4082      -0.4435      -0.4299
                 -0.4354      -0.4333      -0.3951      -0.4391      -0.4297
   5      0      -0.3983      -0.3847      -0.4052      -0.4402      -0.4300
                 -0.4360      -0.4320      -0.3943      -0.4398      -0.4316
   5     60      -0.3978      -0.3842      -0.4048      -0.4398      -0.4296
                 -0.4355      -0.4315      -0.3938      -0.4393      -0.4312
   5     80      -0.3948      -0.3809      -0.4020      -0.4374      -0.4277
                 -0.4333      -0.4292      -0.3907      -0.4372      -0.4292
   5    100      -0.3880      -0.3724      -0.3956      -0.4330      -0.4254
                 -0.4292      -0.4252      -0.3831      -0.4339      -0.4262
 
 group  inft   Estimated free energy: 3-th solvent contribution (kcal/mol)
   1      0       4.7142       4.6557       4.7080       4.6574       4.6931
                  4.6928       4.6843       4.6719       4.7144       4.6596
   1     60       4.7050       4.6465       4.6988       4.6482       4.6839
                  4.6836       4.6751       4.6626       4.7053       4.6504
   1     80       4.6077       4.5488       4.6016       4.5504       4.5866
                  4.5862       4.5774       4.5648       4.6085       4.5525
   1    100       4.1390       4.0769       4.1333       4.0788       4.1173
                  4.1165       4.1066       4.0932       4.1407       4.0810
   2      0       4.7015       4.6418       4.6948       4.6424       4.6806
                  4.6838       4.6760       4.6685       4.7109       4.6545
   3      0       4.7121       4.6510       4.7035       4.6506       4.6891
                  4.6935       4.6871       4.6794       4.7235       4.6652
   4      0       4.7066       4.6492       4.6980       4.6456       4.6861
                  4.6886       4.6830       4.6771       4.7174       4.6620
   5      0       4.7521       4.6942       4.7464       4.6939       4.7308
                  4.7321       4.7247       4.7160       4.7606       4.7053
   5     60       4.7393       4.6814       4.7336       4.6811       4.7181
                  4.7193       4.7119       4.7032       4.7479       4.6925
   5     80       4.6113       4.5528       4.6057       4.5525       4.5900
                  4.5911       4.5833       4.5745       4.6204       4.5638
   5    100       4.1689       4.1074       4.1637       4.1075       4.1469
                  4.1477       4.1391       4.1298       4.1789       4.1191
 
 
 cumulative average & 95% error for solvation free energy
              total             1st component         2nd component         3rd component
  1     4.7600                0.4492               -0.4013                4.7121
  2     4.7404     0.0392     0.4526     0.0067    -0.3937     0.0152     4.6815     0.0611
  3     4.7475     0.0267     0.4563     0.0084    -0.3976     0.0118     4.6889     0.0382
  4     4.7317     0.0370     0.4611     0.0113    -0.4088     0.0237     4.6793     0.0331
  5     4.7282     0.0295     0.4596     0.0092    -0.4127     0.0200     4.6813     0.0259
  6     4.7285     0.0241     0.4614     0.0084    -0.4162     0.0178     4.6833     0.0216
  7     4.7254     0.0213     0.4599     0.0076    -0.4184     0.0157     4.6839     0.0183
  8     4.7285     0.0194     0.4606     0.0067    -0.4154     0.0148     4.6833     0.0158
  9     4.7310     0.0178     0.4612     0.0061    -0.4180     0.0141     4.6878     0.0166
 10     4.7271     0.0177     0.4607     0.0055    -0.4192     0.0128     4.6855     0.0155
