 ERmod 0.3.8, Copyright (C) 2000-2019 Nobuyuki Matubayasi
                            2010-2019 Shun Sakuraba
 ERmod comes with ABSOLUTELY NO WARRANTY.
 This is free software, and you can redistribute it
 and/or modify it under certain conditions.
 See LICENSE file for details.
 ERmod 0.3.8, Copyright (C) 2000-2019 Nobuyuki Matubayasi
                            2010-2019 Shun Sakuraba
 ERmod comes with ABSOLUTELY NO WARRANTY.
 This is free software, and you can redistribute it
 and/or modify it under certain conditions.
 See LICENSE file for details.
 
  Number of the   1-th solvent  =          180
  Number of the   2-th solvent  =          180
  Number of the   3-th solvent  =        10000
 
  Be sure that the solvent distribution is homogeneous (radial distribution function is essentially unity) when the solvent molecule is separated beyond distance of   10.0 Angstrom in any direction from any atom within the solute molecule
 
  LJ long-range correction    =        -0.0036     -0.0090     -0.1450
 
  Self-energy of the solute   =        -0.0000  kcal/mol
 
 
 cumulative average & 95% error for solvation energy
              total             1st component         2nd component         3rd component
  1   -15.8136               -1.3199               -0.9262              -13.5675
  2   -15.7726     0.0821    -1.1333     0.3731    -0.9718     0.0912   -13.6674     0.1998
  3   -15.7529     0.0616    -1.1514     0.2184    -0.9464     0.0731   -13.6550     0.1180
  4   -15.7058     0.1037    -1.1656     0.1570    -1.0913     0.2942   -13.4489     0.4205
  5   -15.6926     0.0846    -1.0275     0.3017    -1.1633     0.2696   -13.5017     0.3424
  6   -15.6794     0.0739    -1.0573     0.2535    -1.1211     0.2358   -13.5010     0.2796
  7   -15.6681     0.0664    -1.1126     0.2411    -1.1546     0.2103   -13.4009     0.3097
  8   -15.6616     0.0590    -1.1192     0.2092    -1.1150     0.1985   -13.4274     0.2734
  9   -15.6722     0.0561    -1.1162     0.1846    -1.1458     0.1856   -13.4101     0.2436
 10   -15.6842     0.0556    -1.0648     0.1945    -1.1893     0.1873   -13.4301     0.2215
 
 
 group  inft  solvation free energy     error          difference
  total solvation free energy
   1      0         -3.43939           0.05806          -0.01780
   1     60         -3.45630           0.05806          -0.03471
   1     80         -3.55768           0.05803          -0.13609
   1    100         -3.87136           0.05797          -0.44977
   2      0         -3.42562           0.05730          -0.00403
   3      0         -3.42159           0.05804           0.00000
   4      0         -3.41537           0.05826           0.00622
   5      0         -3.41509           0.05627           0.00651
   5     60         -3.43727           0.05627          -0.01568
   5     80         -3.55971           0.05622          -0.13811
   5    100         -3.84726           0.05613          -0.42567
 
  contribution from  1-th solvent component
   1      0         -0.37882           0.10719          -0.00808
   1     60         -0.37907           0.10720          -0.00832
   1     80         -0.38049           0.10722          -0.00975
   1    100         -0.38503           0.10728          -0.01428
   2      0         -0.37280           0.10637          -0.00205
   3      0         -0.37075           0.10625           0.00000
   4      0         -0.36875           0.10692           0.00199
   5      0         -0.36741           0.10610           0.00334
   5     60         -0.36774           0.10610           0.00301
   5     80         -0.36950           0.10611           0.00125
   5    100         -0.37377           0.10614          -0.00302
 
  contribution from  2-th solvent component
   1      0         -0.58861           0.10631          -0.01283
   1     60         -0.58918           0.10632          -0.01339
   1     80         -0.59242           0.10632          -0.01663
   1    100         -0.60209           0.10633          -0.02630
   2      0         -0.57987           0.10644          -0.00409
   3      0         -0.57579           0.10669           0.00000
   4      0         -0.57594           0.10594          -0.00015
   5      0         -0.57270           0.10562           0.00309
   5     60         -0.57344           0.10562           0.00235
   5     80         -0.57734           0.10562          -0.00155
   5    100         -0.58615           0.10563          -0.01037
 
  contribution from  3-th solvent component
   1      0         -2.47191           0.09329           0.00310
   1     60         -2.48801           0.09331          -0.01299
   1     80         -2.58472           0.09346          -0.10971
   1    100         -2.88420           0.09374          -0.40919
   2      0         -2.47290           0.09312           0.00211
   3      0         -2.47501           0.09307           0.00000
   4      0         -2.47063           0.09234           0.00438
   5      0         -2.47494           0.09212           0.00007
   5     60         -2.49605           0.09215          -0.02104
   5     80         -2.61282           0.09232          -0.13781
   5    100         -2.88730           0.09255          -0.41229
 
 
 group  inft   Estimated free energy: total (kcal/mol)
   1      0      -3.4714      -3.3594      -3.5037      -3.5777      -3.3204
                 -3.4212      -3.5217      -3.2922      -3.4394      -3.4869
   1     60      -3.4884      -3.3764      -3.5206      -3.5945      -3.3373
                 -3.4381      -3.5385      -3.3091      -3.4562      -3.5039
   1     80      -3.5901      -3.4778      -3.6223      -3.6958      -3.4389
                 -3.5392      -3.6393      -3.4105      -3.5573      -3.6056
   1    100      -3.9041      -3.7918      -3.9369      -4.0094      -3.7535
                 -3.8521      -3.9522      -3.7240      -3.8699      -3.9197
   2      0      -3.4603      -3.3395      -3.4867      -3.5616      -3.3093
                 -3.4115      -3.5062      -3.2834      -3.4214      -3.4763
   3      0      -3.4576      -3.3382      -3.4816      -3.5568      -3.3018
                 -3.4116      -3.5052      -3.2758      -3.4123      -3.4750
   4      0      -3.4521      -3.3246      -3.4734      -3.5523      -3.2955
                 -3.4044      -3.5039      -3.2749      -3.4073      -3.4654
   5      0      -3.4510      -3.3324      -3.4704      -3.5433      -3.3000
                 -3.4009      -3.5031      -3.2743      -3.4098      -3.4656
   5     60      -3.4733      -3.3546      -3.4927      -3.5654      -3.3222
                 -3.4230      -3.5252      -3.2965      -3.4319      -3.4879
   5     80      -3.5961      -3.4771      -3.6155      -3.6877      -3.4449
                 -3.5451      -3.6470      -3.4189      -3.5539      -3.6108
   5    100      -3.8838      -3.7650      -3.9038      -3.9753      -3.7335
                 -3.8319      -3.9339      -3.7064      -3.8404      -3.8987
 
 group  inft   Estimated free energy: 1-th solvent contribution (kcal/mol)
   1      0      -0.4928      -0.2873      -0.4690      -0.4766      -0.0490
                 -0.4769      -0.6021      -0.4031      -0.3777      -0.1538
   1     60      -0.4931      -0.2875      -0.4692      -0.4769      -0.0493
                 -0.4771      -0.6024      -0.4034      -0.3779      -0.1540
   1     80      -0.4946      -0.2889      -0.4706      -0.4783      -0.0506
                 -0.4785      -0.6038      -0.4048      -0.3793      -0.1554
   1    100      -0.4992      -0.2935      -0.4751      -0.4829      -0.0550
                 -0.4829      -0.6086      -0.4094      -0.3838      -0.1598
   2      0      -0.4878      -0.2799      -0.4627      -0.4692      -0.0486
                 -0.4741      -0.5919      -0.3985      -0.3690      -0.1464
   3      0      -0.4866      -0.2780      -0.4597      -0.4660      -0.0459
                 -0.4726      -0.5920      -0.3964      -0.3619      -0.1485
   4      0      -0.4828      -0.2748      -0.4560      -0.4671      -0.0451
                 -0.4728      -0.5934      -0.3922      -0.3613      -0.1419
   5      0      -0.4837      -0.2741      -0.4541      -0.4612      -0.0466
                 -0.4690      -0.5921      -0.3919      -0.3581      -0.1431
   5     60      -0.4841      -0.2745      -0.4545      -0.4616      -0.0469
                 -0.4693      -0.5925      -0.3923      -0.3585      -0.1434
   5     80      -0.4859      -0.2762      -0.4562      -0.4634      -0.0487
                 -0.4710      -0.5943      -0.3940      -0.3602      -0.1451
   5    100      -0.4902      -0.2805      -0.4605      -0.4676      -0.0529
                 -0.4752      -0.5987      -0.3983      -0.3644      -0.1493
 
 group  inft   Estimated free energy: 2-th solvent contribution (kcal/mol)
   1      0      -0.4603      -0.4511      -0.4808      -0.8610      -0.6552
                 -0.4532      -0.7196      -0.3617      -0.6655      -0.7777
   1     60      -0.4609      -0.4517      -0.4814      -0.8616      -0.6558
                 -0.4538      -0.7201      -0.3622      -0.6661      -0.7783
   1     80      -0.4641      -0.4549      -0.4847      -0.8648      -0.6591
                 -0.4570      -0.7233      -0.3655      -0.6693      -0.7816
   1    100      -0.4736      -0.4645      -0.4944      -0.8745      -0.6688
                 -0.4666      -0.7328      -0.3752      -0.6789      -0.7915
   2      0      -0.4520      -0.4369      -0.4693      -0.8510      -0.6446
                 -0.4465      -0.7124      -0.3572      -0.6554      -0.7735
   3      0      -0.4480      -0.4347      -0.4661      -0.8477      -0.6385
                 -0.4442      -0.7099      -0.3489      -0.6495      -0.7702
   4      0      -0.4484      -0.4301      -0.4653      -0.8445      -0.6394
                 -0.4448      -0.7086      -0.3565      -0.6506      -0.7711
   5      0      -0.4480      -0.4302      -0.4623      -0.8376      -0.6398
                 -0.4385      -0.7036      -0.3504      -0.6495      -0.7671
   5     60      -0.4487      -0.4310      -0.4631      -0.8383      -0.6406
                 -0.4392      -0.7043      -0.3511      -0.6502      -0.7678
   5     80      -0.4526      -0.4349      -0.4670      -0.8422      -0.6445
                 -0.4431      -0.7081      -0.3550      -0.6541      -0.7718
   5    100      -0.4613      -0.4437      -0.4759      -0.8510      -0.6534
                 -0.4519      -0.7168      -0.3639      -0.6629      -0.7809
 
 group  inft   Estimated free energy: 3-th solvent contribution (kcal/mol)
   1      0      -2.5182      -2.6210      -2.5538      -2.2400      -2.6161
                 -2.4911      -2.1999      -2.5274      -2.3962      -2.5554
   1     60      -2.5344      -2.6371      -2.5700      -2.2560      -2.6322
                 -2.5072      -2.2159      -2.5435      -2.4122      -2.5715
   1     80      -2.6315      -2.7340      -2.6670      -2.3526      -2.7292
                 -2.6037      -2.3121      -2.6401      -2.5086      -2.6686
   1    100      -2.9312      -3.0337      -2.9673      -2.6520      -3.0296
                 -2.9025      -2.6108      -2.9394      -2.8071      -2.9684
   2      0      -2.5205      -2.6228      -2.5547      -2.2413      -2.6161
                 -2.4909      -2.2018      -2.5276      -2.3970      -2.5564
   3      0      -2.5229      -2.6254      -2.5558      -2.2431      -2.6173
                 -2.4947      -2.2032      -2.5305      -2.4009      -2.5562
   4      0      -2.5209      -2.6196      -2.5520      -2.2407      -2.6110
                 -2.4868      -2.2018      -2.5261      -2.3953      -2.5523
   5      0      -2.5193      -2.6280      -2.5539      -2.2444      -2.6135
                 -2.4934      -2.2074      -2.5320      -2.4021      -2.5554
   5     60      -2.5405      -2.6491      -2.5751      -2.2655      -2.6346
                 -2.5145      -2.2283      -2.5531      -2.4232      -2.5766
   5     80      -2.6576      -2.7660      -2.6922      -2.3821      -2.7517
                 -2.6310      -2.3445      -2.6698      -2.5395      -2.6937
   5    100      -2.9323      -3.0408      -2.9674      -2.6566      -3.0271
                 -2.9048      -2.6184      -2.9441      -2.8131      -2.9685
 
 
 cumulative average & 95% error for solvation free energy
              total             1st component         2nd component         3rd component
  1    -3.4576               -0.4866               -0.4480               -2.5229
  2    -3.3979     0.1194    -0.3823     0.2086    -0.4414     0.0133    -2.5742     0.1025
  3    -3.4258     0.0887    -0.4081     0.1310    -0.4496     0.0182    -2.5680     0.0605
  4    -3.4586     0.0907    -0.4226     0.0971    -0.5492     0.1994    -2.4868     0.1680
  5    -3.4272     0.0942    -0.3472     0.1684    -0.5670     0.1586    -2.5129     0.1402
  6    -3.4246     0.0771    -0.3681     0.1437    -0.5466     0.1358    -2.5099     0.1146
  7    -3.4361     0.0691    -0.4001     0.1373    -0.5699     0.1239    -2.4661     0.1306
  8    -3.4161     0.0720    -0.3996     0.1189    -0.5423     0.1207    -2.4741     0.1143
  9    -3.4157     0.0635    -0.3954     0.1052    -0.5542     0.1091    -2.4660     0.1021
 10    -3.4216     0.0580    -0.3707     0.1062    -0.5758     0.1067    -2.4750     0.0931
