 ERmod 0.3.8, Copyright (C) 2000-2019 Nobuyuki Matubayasi
                            2010-2019 Shun Sakuraba
 ERmod comes with ABSOLUTELY NO WARRANTY.
 This is free software, and you can redistribute it
 and/or modify it under certain conditions.
 See LICENSE file for details.
 ERmod 0.3.8, Copyright (C) 2000-2019 Nobuyuki Matubayasi
                            2010-2019 Shun Sakuraba
 ERmod comes with ABSOLUTELY NO WARRANTY.
 This is free software, and you can redistribute it
 and/or modify it under certain conditions.
 See LICENSE file for details.
 
  Number of the   1-th solvent  =          180
  Number of the   2-th solvent  =          180
  Number of the   3-th solvent  =        10000
 
  Be sure that the solvent distribution is homogeneous (radial distribution function is essentially unity) when the solvent molecule is separated beyond distance of   10.0 Angstrom in any direction from any atom within the solute molecule
 
  LJ long-range correction    =        -0.0082     -0.0188     -0.4852
 
  Self-energy of the solute   =         0.0000  kcal/mol
 
 
 cumulative average & 95% error for solvation energy
              total             1st component         2nd component         3rd component
  1   -12.1975                0.3299               -0.5860              -11.9414
  2   -12.2016     0.0083     0.3135     0.0328    -0.5983     0.0246   -11.9169     0.0491
  3   -12.1824     0.0388     0.3262     0.0317    -0.6024     0.0164   -11.9063     0.0354
  4   -12.1693     0.0379     0.3263     0.0224    -0.6059     0.0135   -11.8897     0.0415
  5   -12.1657     0.0302     0.3338     0.0230    -0.5982     0.0187   -11.9014     0.0398
  6   -12.1680     0.0250     0.3297     0.0205    -0.6006     0.0160   -11.8971     0.0336
  7   -12.1734     0.0238     0.3303     0.0174    -0.5955     0.0170   -11.9083     0.0362
  8   -12.1809     0.0255     0.3286     0.0155    -0.6040     0.0226   -11.9055     0.0318
  9   -12.1864     0.0250     0.3305     0.0142    -0.6054     0.0201   -11.9116     0.0306
 10   -12.1857     0.0224     0.3309     0.0127    -0.6046     0.0180   -11.9120     0.0274
 
 
 group  inft  solvation free energy     error          difference
  total solvation free energy
   1      0          4.49733           0.01911           0.00519
   1     60          4.48750           0.01912          -0.00464
   1     80          4.38567           0.01941          -0.10647
   1    100          3.91733           0.02102          -0.57481
   2      0          4.48373           0.01917          -0.00841
   3      0          4.49214           0.01951           0.00000
   4      0          4.48718           0.01893          -0.00496
   5      0          4.53016           0.01865           0.03802
   5     60          4.51649           0.01868           0.02435
   5     80          4.38339           0.01906          -0.10875
   5    100          3.94192           0.02059          -0.55022
 
  contribution from  1-th solvent component
   1      0          0.54081           0.01233           0.00457
   1     60          0.54089           0.01235           0.00466
   1     80          0.54162           0.01264           0.00539
   1    100          0.54240           0.01412           0.00617
   2      0          0.53720           0.01207           0.00096
   3      0          0.53623           0.01213           0.00000
   4      0          0.53470           0.01191          -0.00153
   5      0          0.53504           0.01205          -0.00119
   5     60          0.53514           0.01207          -0.00109
   5     80          0.53576           0.01244          -0.00048
   5    100          0.53562           0.01381          -0.00061
 
  contribution from  2-th solvent component
   1      0         -0.22102           0.01066           0.00367
   1     60         -0.22113           0.01067           0.00356
   1     80         -0.22251           0.01077           0.00218
   1    100         -0.22948           0.01118          -0.00479
   2      0         -0.22396           0.01049           0.00072
   3      0         -0.22469           0.01058           0.00000
   4      0         -0.22605           0.01043          -0.00136
   5      0         -0.22623           0.01026          -0.00154
   5     60         -0.22640           0.01027          -0.00171
   5     80         -0.22835           0.01039          -0.00366
   5    100         -0.23517           0.01073          -0.01048
 
  contribution from  3-th solvent component
   1      0          4.17749           0.01926          -0.00305
   1     60          4.16769           0.01927          -0.01285
   1     80          4.06651           0.01945          -0.11403
   1    100          3.60435           0.02039          -0.57619
   2      0          4.17045           0.01889          -0.01010
   3      0          4.18055           0.01884           0.00000
   4      0          4.17848           0.01855          -0.00207
   5      0          4.22129           0.01787           0.04075
   5     60          4.20770           0.01789           0.02715
   5     80          4.07593           0.01812          -0.10461
   5    100          3.64142           0.01900          -0.53913
 
 
 group  inft   Estimated free energy: total (kcal/mol)
   1      0       4.4950       4.4817       4.5116       4.5479       4.5398
                  4.4903       4.4837       4.4612       4.4553       4.5067
   1     60       4.4852       4.4718       4.5018       4.5381       4.5301
                  4.4804       4.4739       4.4513       4.4455       4.4969
   1     80       4.3834       4.3692       4.4003       4.4367       4.4293
                  4.3779       4.3724       4.3489       4.3434       4.3954
   1    100       3.9145       3.8970       3.9345       3.9709       3.9665
                  3.9064       3.9044       3.8770       3.8736       3.9284
   2      0       4.4794       4.4668       4.5078       4.5312       4.5219
                  4.4748       4.4768       4.4454       4.4393       4.4938
   3      0       4.4888       4.4730       4.5191       4.5402       4.5286
                  4.4822       4.4882       4.4524       4.4471       4.5017
   4      0       4.4823       4.4702       4.5130       4.5331       4.5233
                  4.4792       4.4838       4.4468       4.4437       4.4963
   5      0       4.5296       4.5120       4.5515       4.5754       4.5706
                  4.5214       4.5246       4.4910       4.4892       4.5363
   5     60       4.5159       4.4983       4.5379       4.5618       4.5570
                  4.5076       4.5110       4.4773       4.4754       4.5226
   5     80       4.3828       4.3643       4.4054       4.4291       4.4253
                  4.3737       4.3782       4.3435       4.3419       4.3898
   5    100       3.9408       3.9194       3.9668       3.9897       3.9888
                  3.9295       3.9370       3.8989       3.8990       3.9493
 
 group  inft   Estimated free energy: 1-th solvent contribution (kcal/mol)
   1      0       0.5371       0.5129       0.5612       0.5378       0.5744
                  0.5176       0.5348       0.5295       0.5602       0.5425
   1     60       0.5372       0.5130       0.5613       0.5378       0.5745
                  0.5177       0.5349       0.5296       0.5603       0.5426
   1     80       0.5378       0.5130       0.5626       0.5384       0.5759
                  0.5178       0.5356       0.5300       0.5615       0.5435
   1    100       0.5379       0.5102       0.5661       0.5388       0.5799
                  0.5156       0.5359       0.5293       0.5649       0.5453
   2      0       0.5329       0.5101       0.5590       0.5337       0.5688
                  0.5150       0.5326       0.5243       0.5559       0.5398
   3      0       0.5318       0.5085       0.5587       0.5335       0.5673
                  0.5144       0.5319       0.5228       0.5553       0.5381
   4      0       0.5309       0.5080       0.5570       0.5311       0.5655
                  0.5133       0.5300       0.5215       0.5534       0.5363
   5      0       0.5309       0.5079       0.5569       0.5312       0.5669
                  0.5136       0.5304       0.5221       0.5538       0.5368
   5     60       0.5310       0.5080       0.5570       0.5313       0.5671
                  0.5136       0.5305       0.5221       0.5540       0.5369
   5     80       0.5315       0.5077       0.5583       0.5317       0.5685
                  0.5135       0.5310       0.5224       0.5552       0.5377
   5    100       0.5309       0.5044       0.5609       0.5311       0.5715
                  0.5105       0.5306       0.5209       0.5571       0.5383
 
 group  inft   Estimated free energy: 2-th solvent contribution (kcal/mol)
   1      0      -0.2038      -0.2240      -0.2288      -0.2311      -0.2030
                 -0.2203      -0.1971      -0.2530      -0.2331      -0.2161
   1     60      -0.2039      -0.2241      -0.2290      -0.2313      -0.2031
                 -0.2204      -0.1972      -0.2531      -0.2332      -0.2162
   1     80      -0.2050      -0.2256      -0.2304      -0.2328      -0.2042
                 -0.2218      -0.1983      -0.2546      -0.2347      -0.2176
   1    100      -0.2111      -0.2329      -0.2378      -0.2403      -0.2102
                 -0.2289      -0.2042      -0.2623      -0.2422      -0.2248
   2      0      -0.2075      -0.2268      -0.2314      -0.2345      -0.2069
                 -0.2235      -0.1996      -0.2553      -0.2354      -0.2186
   3      0      -0.2077      -0.2281      -0.2309      -0.2355      -0.2073
                 -0.2247      -0.1998      -0.2560      -0.2364      -0.2205
   4      0      -0.2096      -0.2290      -0.2338      -0.2367      -0.2092
                 -0.2257      -0.2012      -0.2570      -0.2368      -0.2216
   5      0      -0.2099      -0.2293      -0.2334      -0.2370      -0.2091
                 -0.2253      -0.2024      -0.2568      -0.2368      -0.2222
   5     60      -0.2101      -0.2295      -0.2336      -0.2372      -0.2092
                 -0.2254      -0.2026      -0.2570      -0.2370      -0.2224
   5     80      -0.2117      -0.2316      -0.2356      -0.2393      -0.2109
                 -0.2274      -0.2042      -0.2591      -0.2391      -0.2244
   5    100      -0.2178      -0.2388      -0.2428      -0.2466      -0.2168
                 -0.2344      -0.2101      -0.2665      -0.2464      -0.2315
 
 group  inft   Estimated free energy: 3-th solvent contribution (kcal/mol)
   1      0       4.1617       4.1926       4.1792       4.2412       4.1684
                  4.1929       4.1459       4.1845       4.1282       4.1803
   1     60       4.1518       4.1829       4.1694       4.2314       4.1586
                  4.1831       4.1361       4.1747       4.1183       4.1705
   1     80       4.0505       4.0817       4.0681       4.1310       4.0576
                  4.0818       4.0350       4.0734       4.0165       4.0695
   1    100       3.5877       3.6197       3.6061       3.6724       3.5967
                  3.6197       3.5726       3.6100       3.5509       3.6079
   2      0       4.1539       4.1835       4.1801       4.2320       4.1600
                  4.1833       4.1437       4.1764       4.1188       4.1726
   3      0       4.1646       4.1926       4.1913       4.2422       4.1686
                  4.1925       4.1561       4.1856       4.1281       4.1841
   4      0       4.1609       4.1912       4.1897       4.2387       4.1669
                  4.1915       4.1550       4.1823       4.1271       4.1816
   5      0       4.2085       4.2333       4.2280       4.2811       4.2127
                  4.2330       4.1967       4.2257       4.1721       4.2217
   5     60       4.1949       4.2198       4.2144       4.2676       4.1991
                  4.2194       4.1831       4.2121       4.1585       4.2081
   5     80       4.0630       4.0881       4.0826       4.1366       4.0676
                  4.0876       4.0513       4.0802       4.0258       4.0766
   5    100       3.6277       3.6538       3.6486       3.7051       3.6341
                  3.6533       3.6164       3.6445       3.5882       3.6425
 
 
 cumulative average & 95% error for solvation free energy
              total             1st component         2nd component         3rd component
  1     4.4888                0.5318               -0.2077                4.1646
  2     4.4809     0.0158     0.5201     0.0233    -0.2179     0.0205     4.1786     0.0280
  3     4.4936     0.0271     0.5330     0.0290    -0.2222     0.0147     4.1828     0.0182
  4     4.5053     0.0302     0.5331     0.0205    -0.2256     0.0123     4.1977     0.0324
  5     4.5099     0.0252     0.5400     0.0210    -0.2219     0.0120     4.1918     0.0276
  6     4.5053     0.0225     0.5357     0.0191    -0.2224     0.0099     4.1919     0.0226
  7     4.5029     0.0197     0.5352     0.0162    -0.2191     0.0105     4.1868     0.0217
  8     4.4966     0.0212     0.5336     0.0144    -0.2238     0.0130     4.1867     0.0188
  9     4.4911     0.0217     0.5360     0.0136    -0.2252     0.0118     4.1802     0.0210
 10     4.4921     0.0195     0.5362     0.0121    -0.2247     0.0106     4.1805     0.0188
