 ERmod 0.3.8, Copyright (C) 2000-2019 Nobuyuki Matubayasi
                            2010-2019 Shun Sakuraba
 ERmod comes with ABSOLUTELY NO WARRANTY.
 This is free software, and you can redistribute it
 and/or modify it under certain conditions.
 See LICENSE file for details.
 ERmod 0.3.8, Copyright (C) 2000-2019 Nobuyuki Matubayasi
                            2010-2019 Shun Sakuraba
 ERmod comes with ABSOLUTELY NO WARRANTY.
 This is free software, and you can redistribute it
 and/or modify it under certain conditions.
 See LICENSE file for details.
 
  Number of the   1-th solvent  =          180
  Number of the   2-th solvent  =          180
  Number of the   3-th solvent  =        10000
 
  Be sure that the solvent distribution is homogeneous (radial distribution function is essentially unity) when the solvent molecule is separated beyond distance of   10.0 Angstrom in any direction from any atom within the solute molecule
 
  LJ long-range correction    =        -0.0046     -0.0226     -0.5839
 
  Self-energy of the solute   =         0.0001  kcal/mol
 
 
 cumulative average & 95% error for solvation energy
              total             1st component         2nd component         3rd component
  1   -14.1261                0.4991               -0.7259              -13.8994
  2   -14.1676     0.0829     0.4854     0.0273    -0.7134     0.0249   -13.9396     0.0805
  3   -14.1883     0.0634     0.4763     0.0242    -0.7084     0.0175   -13.9562     0.0571
  4   -14.1874     0.0449     0.4789     0.0179    -0.7210     0.0281   -13.9453     0.0460
  5   -14.1825     0.0361     0.4812     0.0146    -0.7182     0.0225   -13.9455     0.0356
  6   -14.1748     0.0332     0.4818     0.0120    -0.7216     0.0196   -13.9351     0.0358
  7   -14.1845     0.0341     0.4811     0.0102    -0.7198     0.0169   -13.9458     0.0371
  8   -14.1828     0.0297     0.4813     0.0089    -0.7246     0.0174   -13.9397     0.0344
  9   -14.1869     0.0274     0.4798     0.0084    -0.7241     0.0154   -13.9427     0.0309
 10   -14.1890     0.0249     0.4783     0.0081    -0.7323     0.0214   -13.9351     0.0316
 
 
 group  inft  solvation free energy     error          difference
  total solvation free energy
   1      0          5.10279           0.02340           0.00433
   1     60          5.09217           0.02343          -0.00629
   1     80          4.97930           0.02385          -0.11917
   1    100          4.44716           0.02590          -0.65131
   2      0          5.09032           0.02478          -0.00815
   3      0          5.09847           0.02567           0.00000
   4      0          5.08903           0.02540          -0.00944
   5      0          5.13142           0.02310           0.03296
   5     60          5.11667           0.02314           0.01821
   5     80          4.96829           0.02368          -0.13018
   5    100          4.46556           0.02555          -0.63291
 
  contribution from  1-th solvent component
   1      0          0.53741           0.01268           0.00389
   1     60          0.53763           0.01270           0.00412
   1     80          0.54038           0.01299           0.00687
   1    100          0.54952           0.01432           0.01600
   2      0          0.53450           0.01257           0.00098
   3      0          0.53352           0.01255           0.00000
   4      0          0.53197           0.01221          -0.00155
   5      0          0.53175           0.01210          -0.00176
   5     60          0.53210           0.01213          -0.00142
   5     80          0.53541           0.01251           0.00189
   5    100          0.54318           0.01376           0.00966
 
  contribution from  2-th solvent component
   1      0         -0.29137           0.01279           0.00404
   1     60         -0.29151           0.01280           0.00391
   1     80         -0.29304           0.01289           0.00238
   1    100         -0.30096           0.01324          -0.00554
   2      0         -0.29436           0.01264           0.00105
   3      0         -0.29542           0.01260           0.00000
   4      0         -0.29647           0.01231          -0.00105
   5      0         -0.29630           0.01240          -0.00089
   5     60         -0.29650           0.01241          -0.00108
   5     80         -0.29866           0.01252          -0.00325
   5    100         -0.30646           0.01282          -0.01104
 
  contribution from  3-th solvent component
   1      0          4.85671           0.01961          -0.00360
   1     60          4.84599           0.01962          -0.01432
   1     80          4.73190           0.01979          -0.12841
   1    100          4.19854           0.02069          -0.66177
   2      0          4.85013           0.02065          -0.01018
   3      0          4.86031           0.02109           0.00000
   4      0          4.85348           0.02114          -0.00683
   5      0          4.89592           0.01958           0.03561
   5     60          4.88102           0.01960           0.02070
   5     80          4.73149           0.01980          -0.12882
   5    100          4.22878           0.02059          -0.63153
 
 
 group  inft   Estimated free energy: total (kcal/mol)
   1      0       5.1663       5.0836       5.0638       5.1114       5.1287
                  5.1545       5.0645       5.1035       5.0705       5.0810
   1     60       5.1557       5.0730       5.0531       5.1008       5.1181
                  5.1439       5.0538       5.0929       5.0599       5.0704
   1     80       5.0441       4.9599       4.9396       4.9881       5.0056
                  5.0320       4.9404       4.9801       4.9464       4.9568
   1    100       4.5176       4.4266       4.4037       4.4574       4.4747
                  4.5044       4.4054       4.4487       4.4114       4.4217
   2      0       5.1600       5.0647       5.0514       5.0975       5.1193
                  5.1404       5.0467       5.0948       5.0577       5.0705
   3      0       5.1716       5.0688       5.0583       5.1048       5.1311
                  5.1485       5.0535       5.1019       5.0676       5.0785
   4      0       5.1612       5.0602       5.0495       5.0955       5.1217
                  5.1369       5.0421       5.0939       5.0578       5.0716
   5      0       5.1918       5.1114       5.0933       5.1379       5.1590
                  5.1840       5.0916       5.1328       5.1000       5.1124
   5     60       5.1772       5.0966       5.0785       5.1231       5.1443
                  5.1693       5.0769       5.1180       5.0852       5.0976
   5     80       5.0305       4.9478       4.9291       4.9749       4.9963
                  5.0221       4.9279       4.9698       4.9361       4.9485
   5    100       4.5334       4.4438       4.4225       4.4733       4.4947
                  4.5233       4.4228       4.4676       4.4309       4.4433
 
 group  inft   Estimated free energy: 1-th solvent contribution (kcal/mol)
   1      0       0.5757       0.5201       0.5071       0.5405       0.5538
                  0.5541       0.5328       0.5405       0.5283       0.5212
   1     60       0.5760       0.5203       0.5073       0.5407       0.5541
                  0.5543       0.5330       0.5407       0.5285       0.5214
   1     80       0.5797       0.5227       0.5094       0.5436       0.5569
                  0.5576       0.5356       0.5438       0.5309       0.5236
   1    100       0.5931       0.5305       0.5158       0.5536       0.5659
                  0.5692       0.5440       0.5543       0.5388       0.5302
   2      0       0.5728       0.5166       0.5040       0.5379       0.5494
                  0.5513       0.5293       0.5377       0.5264       0.5197
   3      0       0.5717       0.5163       0.5025       0.5369       0.5490
                  0.5498       0.5283       0.5363       0.5248       0.5195
   4      0       0.5691       0.5152       0.5016       0.5352       0.5474
                  0.5479       0.5263       0.5342       0.5241       0.5187
   5      0       0.5686       0.5162       0.5012       0.5352       0.5461
                  0.5483       0.5267       0.5326       0.5249       0.5177
   5     60       0.5691       0.5165       0.5015       0.5356       0.5464
                  0.5487       0.5271       0.5330       0.5252       0.5180
   5     80       0.5736       0.5193       0.5040       0.5390       0.5498
                  0.5527       0.5302       0.5366       0.5281       0.5207
   5    100       0.5854       0.5258       0.5090       0.5474       0.5576
                  0.5627       0.5373       0.5456       0.5348       0.5262
 
 group  inft   Estimated free energy: 2-th solvent contribution (kcal/mol)
   1      0      -0.2877      -0.2696      -0.2682      -0.3059      -0.2814
                 -0.2959      -0.2783      -0.3070      -0.2851      -0.3347
   1     60      -0.2878      -0.2697      -0.2683      -0.3060      -0.2816
                 -0.2960      -0.2785      -0.3071      -0.2852      -0.3348
   1     80      -0.2893      -0.2710      -0.2697      -0.3077      -0.2830
                 -0.2977      -0.2799      -0.3088      -0.2868      -0.3366
   1    100      -0.2973      -0.2778      -0.2770      -0.3161      -0.2905
                 -0.3059      -0.2876      -0.3173      -0.2946      -0.3453
   2      0      -0.2904      -0.2724      -0.2721      -0.3085      -0.2838
                 -0.2990      -0.2818      -0.3100      -0.2885      -0.3372
   3      0      -0.2906      -0.2746      -0.2730      -0.3108      -0.2843
                 -0.3003      -0.2823      -0.3110      -0.2896      -0.3377
   4      0      -0.2918      -0.2752      -0.2751      -0.3111      -0.2859
                 -0.3007      -0.2839      -0.3113      -0.2917      -0.3381
   5      0      -0.2920      -0.2750      -0.2746      -0.3115      -0.2851
                 -0.3009      -0.2832      -0.3122      -0.2911      -0.3374
   5     60      -0.2922      -0.2751      -0.2748      -0.3117      -0.2853
                 -0.3011      -0.2834      -0.3124      -0.2913      -0.3376
   5     80      -0.2943      -0.2770      -0.2768      -0.3140      -0.2873
                 -0.3034      -0.2855      -0.3148      -0.2935      -0.3400
   5    100      -0.3022      -0.2839      -0.2841      -0.3223      -0.2947
                 -0.3115      -0.2930      -0.3231      -0.3013      -0.3485
 
 group  inft   Estimated free energy: 3-th solvent contribution (kcal/mol)
   1      0       4.8782       4.8330       4.8249       4.8768       4.8563
                  4.8963       4.8100       4.8699       4.8273       4.8944
   1     60       4.8675       4.8223       4.8141       4.8661       4.8456
                  4.8856       4.7992       4.8592       4.8166       4.8837
   1     80       4.7537       4.7081       4.6998       4.7522       4.7316
                  4.7720       4.6847       4.7451       4.7022       4.7697
   1    100       4.2218       4.1740       4.1649       4.2199       4.1993
                  4.2411       4.1489       4.2117       4.1672       4.2368
   2      0       4.8776       4.8205       4.8195       4.8681       4.8536
                  4.8881       4.7991       4.8671       4.8197       4.8879
   3      0       4.8904       4.8271       4.8288       4.8787       4.8665
                  4.8988       4.8075       4.8765       4.8323       4.8965
   4      0       4.8838       4.8201       4.8229       4.8713       4.8601
                  4.8897       4.7996       4.8709       4.8253       4.8910
   5      0       4.9151       4.8701       4.8666       4.9140       4.8980
                  4.9366       4.8481       4.9123       4.8662       4.9321
   5     60       4.9002       4.8551       4.8517       4.8992       4.8831
                  4.9217       4.8332       4.8974       4.8513       4.9172
   5     80       4.7511       4.7054       4.7018       4.7499       4.7338
                  4.7728       4.6831       4.7479       4.7013       4.7678
   5    100       4.2501       4.2018       4.1976       4.2481       4.2318
                  4.2720       4.1785       4.2451       4.1973       4.2655
 
 
 cumulative average & 95% error for solvation free energy
              total             1st component         2nd component         3rd component
  1     5.1716                0.5717               -0.2906                4.8904
  2     5.1202     0.1027     0.5440     0.0555    -0.2826     0.0160     4.8587     0.0633
  3     5.0996     0.0723     0.5302     0.0423    -0.2794     0.0112     4.8488     0.0416
  4     5.1009     0.0512     0.5318     0.0301    -0.2873     0.0176     4.8563     0.0330
  5     5.1069     0.0414     0.5353     0.0243    -0.2867     0.0137     4.8583     0.0259
  6     5.1139     0.0365     0.5377     0.0204    -0.2889     0.0120     4.8650     0.0251
  7     5.1052     0.0354     0.5364     0.0175    -0.2880     0.0104     4.8568     0.0268
  8     5.1048     0.0306     0.5364     0.0151    -0.2909     0.0106     4.8593     0.0238
  9     5.1007     0.0283     0.5351     0.0136    -0.2907     0.0094     4.8563     0.0218
 10     5.0985     0.0257     0.5335     0.0125    -0.2954     0.0126     4.8603     0.0211
