 ERmod 0.3.8, Copyright (C) 2000-2019 Nobuyuki Matubayasi
                            2010-2019 Shun Sakuraba
 ERmod comes with ABSOLUTELY NO WARRANTY.
 This is free software, and you can redistribute it
 and/or modify it under certain conditions.
 See LICENSE file for details.
 ERmod 0.3.8, Copyright (C) 2000-2019 Nobuyuki Matubayasi
                            2010-2019 Shun Sakuraba
 ERmod comes with ABSOLUTELY NO WARRANTY.
 This is free software, and you can redistribute it
 and/or modify it under certain conditions.
 See LICENSE file for details.
 
  Number of the   1-th solvent  =           90
  Number of the   2-th solvent  =           90
  Number of the   3-th solvent  =        10000
 
  Be sure that the solvent distribution is homogeneous (radial distribution function is essentially unity) when the solvent molecule is separated beyond distance of   10.0 Angstrom in any direction from any atom within the solute molecule
 
  LJ long-range correction    =        -0.0006     -0.0030     -0.1542
 
  Self-energy of the solute   =        -0.0001  kcal/mol
 
 
 cumulative average & 95% error for solvation energy
              total             1st component         2nd component         3rd component
  1   -15.9625               -1.2071               -0.7938              -13.9615
  2   -15.9587     0.0076    -1.1105     0.1933    -0.7868     0.0140   -14.0614     0.1998
  3   -15.9465     0.0248    -0.9396     0.3595    -0.8104     0.0479   -14.1965     0.2937
  4   -15.9292     0.0388    -0.9605     0.2576    -0.6483     0.3259   -14.3203     0.3232
  5   -15.9398     0.0368    -0.9881     0.2071    -0.7205     0.2909   -14.2310     0.3074
  6   -15.9278     0.0386    -0.8735     0.2848    -0.7182     0.2376   -14.3359     0.3271
  7   -15.9256     0.0329    -0.7323     0.3711    -0.6723     0.2208   -14.5209     0.4618
  8   -15.9202     0.0305    -0.7232     0.3219    -0.7312     0.2246   -14.4657     0.4149
  9   -15.9252     0.0287    -0.7622     0.2944    -0.7600     0.2063   -14.4029     0.3869
 10   -15.9274     0.0260    -0.8460     0.3120    -0.7759     0.1872   -14.3055     0.3971
 
 
 group  inft  solvation free energy     error          difference
  total solvation free energy
   1      0         -3.32700           0.03999          -0.00632
   1     60         -3.34350           0.03997          -0.02282
   1     80         -3.44367           0.03991          -0.12299
   1    100         -3.75235           0.03978          -0.43166
   2      0         -3.32412           0.04047          -0.00343
   3      0         -3.32068           0.04022           0.00000
   4      0         -3.31271           0.04102           0.00797
   5      0         -3.31699           0.04004           0.00370
   5     60         -3.33869           0.04002          -0.01800
   5     80         -3.45973           0.03996          -0.13904
   5    100         -3.74297           0.03989          -0.42228
 
  contribution from  1-th solvent component
   1      0         -0.36954           0.16335           0.00270
   1     60         -0.36951           0.16336           0.00274
   1     80         -0.36941           0.16341           0.00283
   1    100         -0.36927           0.16360           0.00297
   2      0         -0.37316           0.16254          -0.00092
   3      0         -0.37224           0.16150           0.00000
   4      0         -0.37113           0.16171           0.00112
   5      0         -0.37220           0.16053           0.00004
   5     60         -0.37218           0.16054           0.00007
   5     80         -0.37217           0.16059           0.00008
   5    100         -0.37235           0.16074          -0.00011
 
  contribution from  2-th solvent component
   1      0         -0.40773           0.09489          -0.01086
   1     60         -0.40791           0.09489          -0.01103
   1     80         -0.40899           0.09491          -0.01212
   1    100         -0.41236           0.09497          -0.01549
   2      0         -0.40083           0.09333          -0.00396
   3      0         -0.39687           0.09228           0.00000
   4      0         -0.39580           0.09216           0.00108
   5      0         -0.39339           0.09156           0.00348
   5     60         -0.39363           0.09156           0.00325
   5     80         -0.39497           0.09157           0.00190
   5    100         -0.39813           0.09159          -0.00126
 
  contribution from  3-th solvent component
   1      0         -2.54961           0.20385           0.00184
   1     60         -2.56597           0.20388          -0.01452
   1     80         -2.66515           0.20411          -0.11370
   1    100         -2.97060           0.20475          -0.41915
   2      0         -2.55001           0.20387           0.00144
   3      0         -2.55145           0.20421           0.00000
   4      0         -2.54567           0.20257           0.00578
   5      0         -2.55127           0.20327           0.00017
   5     60         -2.57277           0.20332          -0.02132
   5     80         -2.69247           0.20359          -0.14102
   5    100         -2.97236           0.20419          -0.42091
 
 
 group  inft   Estimated free energy: total (kcal/mol)
   1      0      -3.3074      -3.3009      -3.4180      -3.2874      -3.2988
                 -3.2787      -3.2350      -3.4266      -3.3864      -3.3306
   1     60      -3.3240      -3.3174      -3.4345      -3.3040      -3.3152
                 -3.2952      -3.2516      -3.4431      -3.4030      -3.3470
   1     80      -3.4244      -3.4172      -3.5348      -3.4045      -3.4151
                 -3.3953      -3.3524      -3.5430      -3.5034      -3.4466
   1    100      -3.7339      -3.7251      -3.8438      -3.7139      -3.7227
                 -3.7037      -3.6627      -3.8511      -3.8126      -3.7539
   2      0      -3.3039      -3.2985      -3.4200      -3.2939      -3.2928
                 -3.2783      -3.2311      -3.4234      -3.3869      -3.3124
   3      0      -3.3004      -3.2891      -3.4155      -3.3020      -3.2871
                 -3.2844      -3.2260      -3.4210      -3.3816      -3.2997
   4      0      -3.2903      -3.2813      -3.4083      -3.2961      -3.2825
                 -3.2755      -3.2107      -3.4128      -3.3753      -3.2943
   5      0      -3.2992      -3.2826      -3.4124      -3.2944      -3.2823
                 -3.2908      -3.2207      -3.4111      -3.3832      -3.2932
   5     60      -3.3210      -3.3042      -3.4341      -3.3162      -3.3040
                 -3.3125      -3.2425      -3.4327      -3.4049      -3.3148
   5     80      -3.4422      -3.4249      -3.5551      -3.4377      -3.4246
                 -3.4336      -3.3643      -3.5534      -3.5263      -3.4351
   5    100      -3.7260      -3.7075      -3.8387      -3.7218      -3.7069
                 -3.7168      -3.6491      -3.8360      -3.8100      -3.7169
 
 group  inft   Estimated free energy: 1-th solvent contribution (kcal/mol)
   1      0      -0.5204      -0.4093      -0.3106      -0.4612      -0.4733
                 -0.0761       0.1934      -0.4024      -0.5034      -0.7321
   1     60      -0.5204      -0.4093      -0.3106      -0.4611      -0.4732
                 -0.0760       0.1934      -0.4024      -0.5033      -0.7321
   1     80      -0.5203      -0.4092      -0.3106      -0.4611      -0.4732
                 -0.0757       0.1937      -0.4024      -0.5033      -0.7320
   1    100      -0.5204      -0.4090      -0.3106      -0.4611      -0.4732
                 -0.0748       0.1943      -0.4026      -0.5032      -0.7322
   2      0      -0.5231      -0.4143      -0.3184      -0.4650      -0.4723
                 -0.0807       0.1887      -0.4073      -0.5076      -0.7316
   3      0      -0.5215      -0.4131      -0.3162      -0.4648      -0.4709
                 -0.0890       0.1905      -0.4051      -0.5057      -0.7268
   4      0      -0.5189      -0.4117      -0.3148      -0.4660      -0.4693
                 -0.0864       0.1915      -0.4032      -0.5060      -0.7265
   5      0      -0.5190      -0.4126      -0.3167      -0.4640      -0.4674
                 -0.0968       0.1898      -0.4005      -0.5092      -0.7255
   5     60      -0.5189      -0.4126      -0.3167      -0.4640      -0.4673
                 -0.0968       0.1899      -0.4005      -0.5092      -0.7255
   5     80      -0.5190      -0.4126      -0.3167      -0.4640      -0.4674
                 -0.0966       0.1901      -0.4006      -0.5093      -0.7256
   5    100      -0.5192      -0.4128      -0.3171      -0.4643      -0.4677
                 -0.0963       0.1904      -0.4010      -0.5096      -0.7259
 
 group  inft   Estimated free energy: 2-th solvent contribution (kcal/mol)
   1      0      -0.4157      -0.4050      -0.4741      -0.1143      -0.4952
                 -0.3556      -0.1945      -0.5818      -0.5351      -0.5060
   1     60      -0.4159      -0.4052      -0.4742      -0.1145      -0.4954
                 -0.3558      -0.1947      -0.5819      -0.5353      -0.5062
   1     80      -0.4170      -0.4063      -0.4753      -0.1154      -0.4965
                 -0.3569      -0.1957      -0.5830      -0.5364      -0.5073
   1    100      -0.4204      -0.4098      -0.4787      -0.1186      -0.4999
                 -0.3603      -0.1990      -0.5864      -0.5398      -0.5109
   2      0      -0.4118      -0.3960      -0.4682      -0.1170      -0.4891
                 -0.3497      -0.1855      -0.5727      -0.5308      -0.4875
   3      0      -0.4074      -0.3875      -0.4621      -0.1206      -0.4839
                 -0.3463      -0.1817      -0.5714      -0.5263      -0.4815
   4      0      -0.4065      -0.3839      -0.4643      -0.1203      -0.4841
                 -0.3453      -0.1806      -0.5695      -0.5239      -0.4796
   5      0      -0.4087      -0.3785      -0.4574      -0.1206      -0.4811
                 -0.3472      -0.1772      -0.5665      -0.5218      -0.4748
   5     60      -0.4089      -0.3788      -0.4576      -0.1209      -0.4813
                 -0.3475      -0.1774      -0.5667      -0.5221      -0.4751
   5     80      -0.4103      -0.3801      -0.4590      -0.1222      -0.4827
                 -0.3488      -0.1787      -0.5681      -0.5234      -0.4764
   5    100      -0.4135      -0.3833      -0.4621      -0.1252      -0.4858
                 -0.3520      -0.1818      -0.5712      -0.5266      -0.4797
 
 group  inft   Estimated free energy: 3-th solvent contribution (kcal/mol)
   1      0      -2.3712      -2.4865      -2.6332      -2.7119      -2.3302
                 -2.8469      -3.2338      -2.4423      -2.3479      -2.0924
   1     60      -2.3876      -2.5027      -2.6496      -2.7283      -2.3465
                 -2.8632      -3.2502      -2.4586      -2.3643      -2.1087
   1     80      -2.4870      -2.6015      -2.7488      -2.8279      -2.4453
                 -2.9626      -3.3502      -2.5574      -2.4637      -2.2071
   1    100      -2.7930      -2.9061      -3.0545      -3.1342      -2.7494
                 -3.2685      -3.6580      -2.8620      -2.7696      -2.5108
   2      0      -2.3689      -2.4880      -2.6333      -2.7118      -2.3313
                 -2.8478      -3.2341      -2.4432      -2.3484      -2.0931
   3      0      -2.3714      -2.4884      -2.6371      -2.7165      -2.3321
                 -2.8490      -3.2346      -2.4444      -2.3495      -2.0914
   4      0      -2.3648      -2.4857      -2.6292      -2.7097      -2.3291
                 -2.8436      -3.2214      -2.4399      -2.3452      -2.0881
   5      0      -2.3714      -2.4913      -2.6381      -2.7097      -2.3337
                 -2.8466      -3.2332      -2.4439      -2.3520      -2.0927
   5     60      -2.3930      -2.5127      -2.6596      -2.7313      -2.3552
                 -2.8682      -3.2549      -2.4653      -2.3735      -2.1141
   5     80      -2.5128      -2.6320      -2.7793      -2.8515      -2.4744
                 -2.9881      -3.3755      -2.5846      -2.4935      -2.2329
   5    100      -2.7931      -2.9112      -3.0595      -3.1322      -2.7532
                 -3.2684      -3.6575      -2.8637      -2.7737      -2.5112
 
 
 cumulative average & 95% error for solvation free energy
              total             1st component         2nd component         3rd component
  1    -3.3004               -0.5215               -0.4074               -2.3714
  2    -3.2947     0.0113    -0.4673     0.1084    -0.3975     0.0199    -2.4299     0.1170
  3    -3.3350     0.0808    -0.4169     0.1186    -0.4190     0.0446    -2.4990     0.1538
  4    -3.3268     0.0595    -0.4289     0.0872    -0.3444     0.1525    -2.5534     0.1538
  5    -3.3188     0.0487    -0.4373     0.0696    -0.3723     0.1307    -2.5091     0.1484
  6    -3.3131     0.0414    -0.3792     0.1293    -0.3680     0.1070    -2.5658     0.1659
  7    -3.3006     0.0429    -0.2978     0.1960    -0.3414     0.1050    -2.6613     0.2370
  8    -3.3157     0.0478    -0.3112     0.1719    -0.3701     0.1076    -2.6342     0.2123
  9    -3.3230     0.0447    -0.3329     0.1576    -0.3875     0.1010    -2.6026     0.1976
 10    -3.3207     0.0402    -0.3722     0.1615    -0.3969     0.0923    -2.5514     0.2042
