 ERmod 0.3.8, Copyright (C) 2000-2019 Nobuyuki Matubayasi
                            2010-2019 Shun Sakuraba
 ERmod comes with ABSOLUTELY NO WARRANTY.
 This is free software, and you can redistribute it
 and/or modify it under certain conditions.
 See LICENSE file for details.
 ERmod 0.3.8, Copyright (C) 2000-2019 Nobuyuki Matubayasi
                            2010-2019 Shun Sakuraba
 ERmod comes with ABSOLUTELY NO WARRANTY.
 This is free software, and you can redistribute it
 and/or modify it under certain conditions.
 See LICENSE file for details.
 
  Number of the   1-th solvent  =           90
  Number of the   2-th solvent  =           90
  Number of the   3-th solvent  =        10000
 
  Be sure that the solvent distribution is homogeneous (radial distribution function is essentially unity) when the solvent molecule is separated beyond distance of   10.0 Angstrom in any direction from any atom within the solute molecule
 
  LJ long-range correction    =        -0.0025     -0.0122     -0.6268
 
  Self-energy of the solute   =        -0.0001  kcal/mol
 
 
 cumulative average & 95% error for solvation energy
              total             1st component         2nd component         3rd component
  1   -26.6101               -0.0794               -0.7557              -25.7749
  2   -26.6951     0.1700    -0.3772     0.5957    -0.7689     0.0265   -25.5488     0.4523
  3   -26.6971     0.0982    -0.2348     0.4466    -0.7562     0.0296   -25.7059     0.4086
  4   -26.7114     0.0751    -0.1442     0.3641    -0.7651     0.0274   -25.8021     0.3470
  5   -26.7458     0.0902    -0.1366     0.2824    -0.7629     0.0216   -25.8462     0.2829
  6   -26.7174     0.0931    -0.0963     0.2443    -0.7152     0.0970   -25.9058     0.2600
  7   -26.7314     0.0835    -0.1965     0.2878    -0.6481     0.1573   -25.8867     0.2230
  8   -26.7379     0.0734    -0.2034     0.2496    -0.6524     0.1365   -25.8820     0.1934
  9   -26.7333     0.0654    -0.2314     0.2271    -0.6238     0.1333   -25.8779     0.1707
 10   -26.7299     0.0589    -0.2405     0.2040    -0.6128     0.1212   -25.8765     0.1527
 
 
 group  inft  solvation free energy     error          difference
  total solvation free energy
   1      0         -1.32419           0.04425           0.00851
   1     60         -1.34071           0.04426          -0.00802
   1     80         -1.51038           0.04441          -0.17769
   1    100         -2.23888           0.04516          -0.90618
   2      0         -1.32859           0.04336           0.00410
   3      0         -1.33270           0.04295           0.00000
   4      0         -1.32596           0.04329           0.00674
   5      0         -1.31943           0.04317           0.01327
   5     60         -1.34238           0.04318          -0.00968
   5     80         -1.55998           0.04337          -0.22728
   5    100         -2.23569           0.04398          -0.90300
 
  contribution from  1-th solvent component
   1      0          0.04075           0.10866           0.01098
   1     60          0.04083           0.10866           0.01107
   1     80          0.04137           0.10872           0.01160
   1    100          0.04296           0.10903           0.01319
   2      0          0.03332           0.10881           0.00355
   3      0          0.02976           0.10996           0.00000
   4      0          0.02766           0.10953          -0.00211
   5      0          0.02625           0.11022          -0.00351
   5     60          0.02638           0.11023          -0.00339
   5     80          0.02697           0.11032          -0.00279
   5    100          0.02813           0.11071          -0.00164
 
  contribution from  2-th solvent component
   1      0         -0.29125           0.06761          -0.00588
   1     60         -0.29139           0.06761          -0.00602
   1     80         -0.29294           0.06766          -0.00757
   1    100         -0.29980           0.06782          -0.01443
   2      0         -0.28722           0.06727          -0.00185
   3      0         -0.28537           0.06637           0.00000
   4      0         -0.28511           0.06599           0.00026
   5      0         -0.28279           0.06547           0.00258
   5     60         -0.28299           0.06548           0.00238
   5     80         -0.28506           0.06552           0.00031
   5    100         -0.29165           0.06562          -0.00628
 
  contribution from  3-th solvent component
   1      0         -1.07358           0.08280           0.00341
   1     60         -1.09005           0.08280          -0.01307
   1     80         -1.25871           0.08279          -0.18172
   1    100         -1.98193           0.08311          -0.90494
   2      0         -1.07458           0.08282           0.00240
   3      0         -1.07699           0.08278           0.00000
   4      0         -1.06841           0.08240           0.00858
   5      0         -1.06278           0.08203           0.01420
   5     60         -1.08566           0.08202          -0.00867
   5     80         -1.30178           0.08202          -0.22480
   5    100         -1.97207           0.08231          -0.89508
 
 
 group  inft   Estimated free energy: total (kcal/mol)
   1      0      -1.2749      -1.3410      -1.2549      -1.3834      -1.3426
                 -1.1975      -1.3325      -1.4515      -1.3429      -1.3206
   1     60      -1.2914      -1.3576      -1.2714      -1.3999      -1.3592
                 -1.2140      -1.3491      -1.4680      -1.3594      -1.3372
   1     80      -1.4605      -1.5274      -1.4404      -1.5701      -1.5286
                 -1.3831      -1.5191      -1.6375      -1.5292      -1.5078
   1    100      -2.1875      -2.2555      -2.1657      -2.3011      -2.2559
                 -2.1096      -2.2483      -2.3663      -2.2588      -2.2400
   2      0      -1.2718      -1.3447      -1.2603      -1.3847      -1.3634
                 -1.2089      -1.3375      -1.4509      -1.3462      -1.3177
   3      0      -1.2749      -1.3474      -1.2615      -1.3860      -1.3758
                 -1.2120      -1.3489      -1.4460      -1.3527      -1.3218
   4      0      -1.2668      -1.3429      -1.2547      -1.3765      -1.3673
                 -1.2032      -1.3352      -1.4404      -1.3533      -1.3192
   5      0      -1.2596      -1.3371      -1.2509      -1.3686      -1.3646
                 -1.1951      -1.3344      -1.4292      -1.3499      -1.3048
   5     60      -1.2825      -1.3601      -1.2738      -1.3916      -1.3875
                 -1.2180      -1.3574      -1.4521      -1.3729      -1.3279
   5     80      -1.4995      -1.5780      -1.4905      -1.6097      -1.6049
                 -1.4348      -1.5754      -1.6695      -1.5907      -1.5468
   5    100      -2.1737      -2.2535      -2.1631      -2.2876      -2.2799
                 -2.1087      -2.2518      -2.3450      -2.2675      -2.2261
 
 group  inft   Estimated free energy: 1-th solvent contribution (kcal/mol)
   1      0       0.1381      -0.1943       0.1955       0.2277       0.1101
                  0.2295      -0.2579       0.0203      -0.0602      -0.0014
   1     60       0.1382      -0.1942       0.1956       0.2278       0.1102
                  0.2296      -0.2578       0.0204      -0.0602      -0.0013
   1     80       0.1387      -0.1938       0.1963       0.2284       0.1108
                  0.2304      -0.2573       0.0210      -0.0597      -0.0009
   1    100       0.1399      -0.1928       0.1988       0.2304       0.1127
                  0.2329      -0.2563       0.0226      -0.0587       0.0002
   2      0       0.1367      -0.2031       0.1838       0.2233       0.0903
                  0.2196      -0.2707       0.0173      -0.0630      -0.0010
   3      0       0.1390      -0.2066       0.1800       0.2212       0.0806
                  0.2204      -0.2782       0.0186      -0.0687      -0.0087
   4      0       0.1371      -0.2086       0.1784       0.2198       0.0765
                  0.2190      -0.2738       0.0179      -0.0767      -0.0131
   5      0       0.1346      -0.2093       0.1773       0.2178       0.0736
                  0.2215      -0.2803       0.0185      -0.0763      -0.0149
   5     60       0.1347      -0.2092       0.1775       0.2180       0.0737
                  0.2216      -0.2802       0.0187      -0.0762      -0.0148
   5     80       0.1351      -0.2088       0.1784       0.2187       0.0743
                  0.2225      -0.2797       0.0193      -0.0758      -0.0144
   5    100       0.1360      -0.2084       0.1806       0.2204       0.0756
                  0.2249      -0.2792       0.0207      -0.0754      -0.0139
 
 group  inft   Estimated free energy: 2-th solvent contribution (kcal/mol)
   1      0      -0.3676      -0.3840      -0.3102      -0.4050      -0.3273
                 -0.1898      -0.0719      -0.3840      -0.2162      -0.2566
   1     60      -0.3677      -0.3841      -0.3103      -0.4051      -0.3275
                 -0.1899      -0.0720      -0.3841      -0.2164      -0.2567
   1     80      -0.3694      -0.3857      -0.3119      -0.4068      -0.3289
                 -0.1912      -0.0735      -0.3858      -0.2179      -0.2583
   1    100      -0.3765      -0.3929      -0.3187      -0.4140      -0.3353
                 -0.1971      -0.0802      -0.3931      -0.2249      -0.2654
   2      0      -0.3622      -0.3772      -0.3024      -0.4005      -0.3289
                 -0.1900      -0.0654      -0.3783      -0.2158      -0.2516
   3      0      -0.3639      -0.3727      -0.3002      -0.3950      -0.3303
                 -0.1894      -0.0664      -0.3726      -0.2154      -0.2478
   4      0      -0.3622      -0.3739      -0.2976      -0.3946      -0.3276
                 -0.1904      -0.0673      -0.3729      -0.2161      -0.2485
   5      0      -0.3608      -0.3698      -0.2977      -0.3891      -0.3280
                 -0.1903      -0.0645      -0.3671      -0.2164      -0.2442
   5     60      -0.3610      -0.3700      -0.2980      -0.3894      -0.3282
                 -0.1905      -0.0647      -0.3673      -0.2166      -0.2444
   5     80      -0.3631      -0.3722      -0.3000      -0.3915      -0.3302
                 -0.1922      -0.0667      -0.3694      -0.2186      -0.2465
   5    100      -0.3699      -0.3789      -0.3067      -0.3984      -0.3366
                 -0.1980      -0.0732      -0.3763      -0.2253      -0.2532
 
 group  inft   Estimated free energy: 3-th solvent contribution (kcal/mol)
   1      0      -1.0454      -0.7626      -1.1402      -1.2060      -1.1253
                 -1.2371      -1.0027      -1.0878      -1.0663      -1.0625
   1     60      -1.0617      -0.7791      -1.1566      -1.2225      -1.1418
                 -1.2536      -1.0192      -1.1042      -1.0828      -1.0790
   1     80      -1.2297      -0.9478      -1.3248      -1.3916      -1.3104
                 -1.4221      -1.1881      -1.2726      -1.2515      -1.2484
   1    100      -1.9508      -1.6697      -2.0457      -2.1174      -2.0332
                 -2.1453      -1.9118      -1.9957      -1.9751      -1.9747
   2      0      -1.0461      -0.7642      -1.1416      -1.2074      -1.1248
                 -1.2384      -1.0013      -1.0897      -1.0673      -1.0650
   3      0      -1.0500      -0.7680      -1.1412      -1.2121      -1.1259
                 -1.2428      -1.0042      -1.0919      -1.0685      -1.0653
   4      0      -1.0417      -0.7603      -1.1355      -1.2016      -1.1161
                 -1.2316      -0.9941      -1.0853      -1.0604      -1.0575
   5      0      -1.0333      -0.7579      -1.1304      -1.1972      -1.1100
                 -1.2261      -0.9896      -1.0806      -1.0571      -1.0456
   5     60      -1.0560      -0.7808      -1.1532      -1.2201      -1.1329
                 -1.2490      -1.0125      -1.1034      -1.0800      -1.0686
   5     80      -1.2714      -0.9969      -1.3687      -1.4368      -1.3490
                 -1.4650      -1.2289      -1.3193      -1.2961      -1.2857
   5    100      -1.9396      -1.6661      -2.0369      -2.1095      -2.0189
                 -2.1355      -1.8992      -1.9893      -1.9667      -1.9589
 
 
 cumulative average & 95% error for solvation free energy
              total             1st component         2nd component         3rd component
  1    -1.2749                0.1390               -0.3639               -1.0500
  2    -1.3112     0.0725    -0.0338     0.3456    -0.3683     0.0088    -0.9090     0.2819
  3    -1.2946     0.0534     0.0375     0.2452    -0.3456     0.0457    -0.9864     0.2246
  4    -1.3175     0.0592     0.0834     0.1962    -0.3580     0.0407    -1.0428     0.1949
  5    -1.3291     0.0515     0.0828     0.1520    -0.3524     0.0334    -1.0594     0.1545
  6    -1.3096     0.0574     0.1058     0.1323    -0.3253     0.0608    -1.0900     0.1402
  7    -1.3152     0.0498     0.0509     0.1566    -0.2883     0.0901    -1.0778     0.1210
  8    -1.3316     0.0541     0.0469     0.1359    -0.2988     0.0808    -1.0795     0.1049
  9    -1.3339     0.0479     0.0340     0.1226    -0.2895     0.0736    -1.0783     0.0925
 10    -1.3327     0.0430     0.0298     0.1100    -0.2854     0.0664    -1.0770     0.0828
