 ERmod 0.3.8, Copyright (C) 2000-2019 Nobuyuki Matubayasi
                            2010-2019 Shun Sakuraba
 ERmod comes with ABSOLUTELY NO WARRANTY.
 This is free software, and you can redistribute it
 and/or modify it under certain conditions.
 See LICENSE file for details.
 ERmod 0.3.8, Copyright (C) 2000-2019 Nobuyuki Matubayasi
                            2010-2019 Shun Sakuraba
 ERmod comes with ABSOLUTELY NO WARRANTY.
 This is free software, and you can redistribute it
 and/or modify it under certain conditions.
 See LICENSE file for details.
 
  Number of the   1-th solvent  =           90
  Number of the   2-th solvent  =           90
  Number of the   3-th solvent  =        10000
 
  Be sure that the solvent distribution is homogeneous (radial distribution function is essentially unity) when the solvent molecule is separated beyond distance of   10.0 Angstrom in any direction from any atom within the solute molecule
 
  LJ long-range correction    =        -0.0015     -0.0023     -0.1193
 
  Self-energy of the solute   =         0.0000  kcal/mol
 
 
 cumulative average & 95% error for solvation energy
              total             1st component         2nd component         3rd component
  1    -3.6161                0.0051               -0.0598               -3.5614
  2    -3.6032     0.0257     0.0049     0.0005    -0.0577     0.0042    -3.5504     0.0219
  3    -3.5976     0.0187     0.0070     0.0043    -0.0568     0.0031    -3.5478     0.0137
  4    -3.5935     0.0155     0.0072     0.0031    -0.0584     0.0039    -3.5423     0.0147
  5    -3.5891     0.0149     0.0065     0.0027    -0.0584     0.0030    -3.5372     0.0153
  6    -3.5886     0.0122     0.0067     0.0023    -0.0557     0.0060    -3.5396     0.0134
  7    -3.5907     0.0112     0.0077     0.0027    -0.0551     0.0052    -3.5433     0.0135
  8    -3.5906     0.0097     0.0072     0.0026    -0.0578     0.0070    -3.5400     0.0134
  9    -3.5880     0.0100     0.0058     0.0036    -0.0589     0.0066    -3.5350     0.0155
 10    -3.5886     0.0090     0.0043     0.0044    -0.0609     0.0072    -3.5320     0.0151
 
 
 group  inft  solvation free energy     error          difference
  total solvation free energy
   1      0          2.64328           0.00928           0.01826
   1     60          2.63343           0.00931           0.00841
   1     80          2.56701           0.00961          -0.05801
   1    100          2.33916           0.01068          -0.28586
   2      0          2.64926           0.00891           0.02424
   3      0          2.62502           0.00924           0.00000
   4      0          2.68847           0.00868           0.06345
   5      0          2.62810           0.00913           0.00308
   5     60          2.61507           0.00918          -0.00995
   5     80          2.53320           0.00949          -0.09182
   5    100          2.32067           0.01037          -0.30435
 
  contribution from  1-th solvent component
   1      0          0.06864           0.00426           0.00272
   1     60          0.06865           0.00428           0.00272
   1     80          0.06858           0.00443           0.00266
   1    100          0.06782           0.00497           0.00190
   2      0          0.06676           0.00390           0.00083
   3      0          0.06593           0.00379           0.00000
   4      0          0.06506           0.00369          -0.00087
   5      0          0.06516           0.00369          -0.00077
   5     60          0.06514           0.00371          -0.00078
   5     80          0.06490           0.00388          -0.00103
   5    100          0.06384           0.00432          -0.00208
 
  contribution from  2-th solvent component
   1      0          0.02684           0.00577           0.00271
   1     60          0.02680           0.00580           0.00267
   1     80          0.02633           0.00593           0.00220
   1    100          0.02452           0.00639           0.00039
   2      0          0.02507           0.00562           0.00094
   3      0          0.02414           0.00580           0.00000
   4      0          0.02374           0.00553          -0.00039
   5      0          0.02340           0.00558          -0.00073
   5     60          0.02333           0.00561          -0.00080
   5     80          0.02267           0.00576          -0.00147
   5    100          0.02083           0.00613          -0.00330
 
  contribution from  3-th solvent component
   1      0          2.54779           0.00965           0.01284
   1     60          2.53797           0.00968           0.00302
   1     80          2.47209           0.00985          -0.06287
   1    100          2.24681           0.01053          -0.28815
   2      0          2.55743           0.00962           0.02247
   3      0          2.53496           0.01007           0.00000
   4      0          2.59967           0.00935           0.06471
   5      0          2.53954           0.00995           0.00458
   5     60          2.52659           0.00998          -0.00837
   5     80          2.44563           0.01021          -0.08933
   5    100          2.23599           0.01086          -0.29897
 
 
 group  inft   Estimated free energy: total (kcal/mol)
   1      0       2.6122       2.6445       2.6524       2.6565       2.6504
                  2.6644       2.6382       2.6442       2.6401       2.6299
   1     60       2.6023       2.6347       2.6426       2.6467       2.6405
                  2.6547       2.6284       2.6344       2.6301       2.6200
   1     80       2.5349       2.5683       2.5767       2.5804       2.5742
                  2.5891       2.5624       2.5679       2.5633       2.5529
   1    100       2.3036       2.3402       2.3503       2.3534       2.3466
                  2.3642       2.3360       2.3400       2.3343       2.3230
   2      0       2.6198       2.6505       2.6579       2.6612       2.6570
                  2.6698       2.6411       2.6507       2.6473       2.6373
   3      0       2.5940       2.6272       2.6339       2.6380       2.6327
                  2.6453       2.6155       2.6266       2.6238       2.6132
   4      0       2.6599       2.6909       2.6971       2.6987       2.6964
                  2.7092       2.6790       2.6889       2.6867       2.6780
   5      0       2.5984       2.6293       2.6395       2.6410       2.6336
                  2.6484       2.6173       2.6302       2.6265       2.6169
   5     60       2.5853       2.6162       2.6266       2.6280       2.6205
                  2.6356       2.6042       2.6172       2.6134       2.6037
   5     80       2.5024       2.5343       2.5452       2.5465       2.5387
                  2.5546       2.5227       2.5353       2.5311       2.5212
   5    100       2.2868       2.3215       2.3339       2.3349       2.3263
                  2.3446       2.3110       2.3230       2.3177       2.3071
 
 group  inft   Estimated free energy: 1-th solvent contribution (kcal/mol)
   1      0       0.0667       0.0689       0.0715       0.0723       0.0670
                  0.0705       0.0833       0.0666       0.0603       0.0592
   1     60       0.0667       0.0689       0.0715       0.0723       0.0670
                  0.0705       0.0834       0.0666       0.0603       0.0592
   1     80       0.0666       0.0688       0.0716       0.0722       0.0668
                  0.0705       0.0840       0.0665       0.0600       0.0589
   1    100       0.0655       0.0678       0.0713       0.0712       0.0657
                  0.0698       0.0855       0.0656       0.0584       0.0573
   2      0       0.0657       0.0675       0.0696       0.0697       0.0657
                  0.0683       0.0797       0.0650       0.0585       0.0578
   3      0       0.0645       0.0668       0.0691       0.0684       0.0654
                  0.0672       0.0786       0.0640       0.0581       0.0571
   4      0       0.0636       0.0661       0.0688       0.0672       0.0643
                  0.0662       0.0771       0.0636       0.0572       0.0564
   5      0       0.0639       0.0659       0.0692       0.0674       0.0645
                  0.0664       0.0771       0.0633       0.0575       0.0565
   5     60       0.0639       0.0659       0.0692       0.0673       0.0644
                  0.0664       0.0772       0.0633       0.0574       0.0564
   5     80       0.0635       0.0656       0.0691       0.0670       0.0641
                  0.0661       0.0777       0.0630       0.0569       0.0559
   5    100       0.0622       0.0644       0.0685       0.0657       0.0627
                  0.0650       0.0786       0.0617       0.0552       0.0543
 
 group  inft   Estimated free energy: 2-th solvent contribution (kcal/mol)
   1      0       0.0272       0.0285       0.0293       0.0230       0.0254
                  0.0484       0.0318       0.0173       0.0215       0.0161
   1     60       0.0271       0.0284       0.0293       0.0230       0.0254
                  0.0485       0.0317       0.0172       0.0214       0.0161
   1     80       0.0266       0.0279       0.0288       0.0224       0.0248
                  0.0486       0.0314       0.0166       0.0208       0.0155
   1    100       0.0245       0.0260       0.0269       0.0202       0.0227
                  0.0489       0.0298       0.0143       0.0186       0.0132
   2      0       0.0248       0.0270       0.0282       0.0210       0.0237
                  0.0460       0.0297       0.0161       0.0197       0.0145
   3      0       0.0238       0.0265       0.0273       0.0198       0.0230
                  0.0456       0.0288       0.0146       0.0186       0.0134
   4      0       0.0234       0.0258       0.0269       0.0193       0.0226
                  0.0443       0.0283       0.0153       0.0182       0.0134
   5      0       0.0234       0.0256       0.0264       0.0193       0.0220
                  0.0441       0.0280       0.0144       0.0177       0.0131
   5     60       0.0233       0.0256       0.0264       0.0192       0.0219
                  0.0441       0.0279       0.0143       0.0176       0.0130
   5     80       0.0226       0.0249       0.0257       0.0184       0.0211
                  0.0442       0.0273       0.0135       0.0168       0.0123
   5    100       0.0205       0.0229       0.0237       0.0162       0.0191
                  0.0441       0.0257       0.0113       0.0147       0.0101
 
 group  inft   Estimated free energy: 3-th solvent contribution (kcal/mol)
   1      0       2.5183       2.5471       2.5516       2.5612       2.5579
                  2.5455       2.5231       2.5604       2.5583       2.5545
   1     60       2.5084       2.5373       2.5418       2.5514       2.5481
                  2.5357       2.5132       2.5506       2.5485       2.5447
   1     80       2.4417       2.4715       2.4763       2.4858       2.4825
                  2.4699       2.4471       2.4849       2.4825       2.4786
   1    100       2.2136       2.2463       2.2521       2.2619       2.2582
                  2.2455       2.2207       2.2601       2.2574       2.2524
   2      0       2.5293       2.5560       2.5601       2.5705       2.5676
                  2.5555       2.5317       2.5696       2.5691       2.5649
   3      0       2.5057       2.5339       2.5376       2.5498       2.5443
                  2.5325       2.5081       2.5479       2.5471       2.5427
   4      0       2.5729       2.5990       2.6014       2.6122       2.6095
                  2.5987       2.5736       2.6100       2.6113       2.6082
   5      0       2.5111       2.5377       2.5439       2.5544       2.5471
                  2.5380       2.5121       2.5525       2.5513       2.5472
   5     60       2.4981       2.5248       2.5311       2.5415       2.5342
                  2.5251       2.4991       2.5396       2.5383       2.5342
   5     80       2.4162       2.4438       2.4505       2.4611       2.4534
                  2.4443       2.4176       2.4589       2.4574       2.4530
   5    100       2.2040       2.2341       2.2416       2.2529       2.2446
                  2.2354       2.2067       2.2499       2.2479       2.2427
 
 
 cumulative average & 95% error for solvation free energy
              total             1st component         2nd component         3rd component
  1     2.5940                0.0645                0.0238                2.5057
  2     2.6106     0.0332     0.0656     0.0023     0.0252     0.0026     2.5198     0.0282
  3     2.6184     0.0247     0.0668     0.0027     0.0259     0.0021     2.5257     0.0202
  4     2.6233     0.0200     0.0672     0.0021     0.0243     0.0034     2.5317     0.0187
  5     2.6252     0.0160     0.0669     0.0017     0.0241     0.0027     2.5342     0.0153
  6     2.6285     0.0147     0.0669     0.0014     0.0277     0.0075     2.5339     0.0125
  7     2.6267     0.0129     0.0686     0.0035     0.0278     0.0064     2.5302     0.0129
  8     2.6266     0.0112     0.0680     0.0033     0.0262     0.0064     2.5325     0.0120
  9     2.6263     0.0099     0.0669     0.0036     0.0253     0.0059     2.5341     0.0111
 10     2.6250     0.0092     0.0659     0.0038     0.0241     0.0058     2.5350     0.0101
