 ERmod 0.3.8, Copyright (C) 2000-2019 Nobuyuki Matubayasi
                            2010-2019 Shun Sakuraba
 ERmod comes with ABSOLUTELY NO WARRANTY.
 This is free software, and you can redistribute it
 and/or modify it under certain conditions.
 See LICENSE file for details.
 ERmod 0.3.8, Copyright (C) 2000-2019 Nobuyuki Matubayasi
                            2010-2019 Shun Sakuraba
 ERmod comes with ABSOLUTELY NO WARRANTY.
 This is free software, and you can redistribute it
 and/or modify it under certain conditions.
 See LICENSE file for details.
 
  Number of the   1-th solvent  =           90
  Number of the   2-th solvent  =           90
  Number of the   3-th solvent  =        10000
 
  Be sure that the solvent distribution is homogeneous (radial distribution function is essentially unity) when the solvent molecule is separated beyond distance of   10.0 Angstrom in any direction from any atom within the solute molecule
 
  LJ long-range correction    =        -0.0018     -0.0065     -0.2101
 
  Self-energy of the solute   =         0.0000  kcal/mol
 
 
 cumulative average & 95% error for solvation energy
              total             1st component         2nd component         3rd component
  1    -5.9666                0.0336               -0.1378               -5.8624
  2    -5.9854     0.0376     0.0435     0.0198    -0.1322     0.0113    -5.8967     0.0686
  3    -5.9602     0.0549     0.0410     0.0124    -0.1527     0.0416    -5.8485     0.1043
  4    -5.9533     0.0412     0.0380     0.0107    -0.1542     0.0296    -5.8371     0.0772
  5    -5.9425     0.0386     0.0363     0.0089    -0.1603     0.0259    -5.8185     0.0704
  6    -5.9434     0.0315     0.0380     0.0080    -0.1561     0.0228    -5.8254     0.0591
  7    -5.9384     0.0285     0.0382     0.0068    -0.1576     0.0195    -5.8190     0.0516
  8    -5.9366     0.0249     0.0386     0.0060    -0.1570     0.0169    -5.8183     0.0447
  9    -5.9421     0.0246     0.0397     0.0057    -0.1534     0.0166    -5.8285     0.0443
 10    -5.9398     0.0225     0.0396     0.0051    -0.1560     0.0157    -5.8233     0.0410
 
 
 group  inft  solvation free energy     error          difference
  total solvation free energy
   1      0          2.85953           0.01169          -0.00551
   1     60          2.84953           0.01170          -0.01552
   1     80          2.77021           0.01181          -0.09484
   1    100          2.48041           0.01222          -0.38464
   2      0          2.85904           0.01144          -0.00600
   3      0          2.86504           0.01159           0.00000
   4      0          2.90168           0.01124           0.03664
   5      0          2.91785           0.01085           0.05281
   5     60          2.90437           0.01087           0.03933
   5     80          2.80606           0.01100          -0.05898
   5    100          2.53608           0.01145          -0.32897
 
  contribution from  1-th solvent component
   1      0          0.10356           0.00582           0.00233
   1     60          0.10358           0.00584           0.00236
   1     80          0.10366           0.00605           0.00243
   1    100          0.10314           0.00687           0.00191
   2      0          0.10178           0.00559           0.00055
   3      0          0.10123           0.00539           0.00000
   4      0          0.10053           0.00510          -0.00070
   5      0          0.10002           0.00501          -0.00121
   5     60          0.10004           0.00504          -0.00119
   5     80          0.09997           0.00530          -0.00125
   5    100          0.09911           0.00601          -0.00211
 
  contribution from  2-th solvent component
   1      0          0.01064           0.00885           0.00295
   1     60          0.01054           0.00886           0.00285
   1     80          0.00965           0.00891           0.00197
   1    100          0.00660           0.00905          -0.00109
   2      0          0.00869           0.00878           0.00100
   3      0          0.00769           0.00873           0.00000
   4      0          0.00737           0.00834          -0.00032
   5      0          0.00718           0.00825          -0.00051
   5     60          0.00703           0.00826          -0.00066
   5     80          0.00589           0.00830          -0.00180
   5    100          0.00296           0.00841          -0.00473
 
  contribution from  3-th solvent component
   1      0          2.74532           0.02312          -0.01079
   1     60          2.73540           0.02315          -0.02072
   1     80          2.65688           0.02343          -0.09924
   1    100          2.37065           0.02450          -0.38546
   2      0          2.74857           0.02290          -0.00755
   3      0          2.75611           0.02286           0.00000
   4      0          2.79378           0.02188           0.03766
   5      0          2.81064           0.02133           0.05453
   5     60          2.79730           0.02137           0.04118
   5     80          2.70018           0.02172          -0.05593
   5    100          2.43399           0.02275          -0.32213
 
 
 group  inft   Estimated free energy: total (kcal/mol)
   1      0       2.8570       2.8294       2.8757       2.8407       2.8757
                  2.8654       2.8786       2.8620       2.8349       2.8759
   1     60       2.8470       2.8194       2.8657       2.8306       2.8657
                  2.8554       2.8686       2.8519       2.8249       2.8659
   1     80       2.7677       2.7401       2.7866       2.7507       2.7864
                  2.7763       2.7896       2.7726       2.7453       2.7868
   1    100       2.4775       2.4507       2.4975       2.4587       2.4968
                  2.4872       2.5010       2.4828       2.4545       2.4974
   2      0       2.8564       2.8285       2.8743       2.8416       2.8757
                  2.8631       2.8790       2.8612       2.8360       2.8745
   3      0       2.8617       2.8336       2.8803       2.8473       2.8803
                  2.8705       2.8849       2.8683       2.8419       2.8816
   4      0       2.8986       2.8702       2.9172       2.8841       2.9170
                  2.9079       2.9208       2.9049       2.8805       2.9157
   5      0       2.9165       2.8878       2.9318       2.9015       2.9320
                  2.9233       2.9348       2.9208       2.8958       2.9344
   5     60       2.9030       2.8743       2.9183       2.8879       2.9185
                  2.9099       2.9214       2.9073       2.8823       2.9209
   5     80       2.8047       2.7761       2.8203       2.7888       2.8203
                  2.8118       2.8234       2.8089       2.7836       2.8228
   5    100       2.5344       2.5061       2.5510       2.5169       2.5507
                  2.5423       2.5545       2.5391       2.5125       2.5534
 
 group  inft   Estimated free energy: 1-th solvent contribution (kcal/mol)
   1      0       0.0962       0.1255       0.1038       0.0942       0.0943
                  0.1060       0.0995       0.1057       0.1086       0.1017
   1     60       0.0962       0.1256       0.1038       0.0942       0.0943
                  0.1061       0.0996       0.1058       0.1086       0.1017
   1     80       0.0960       0.1265       0.1038       0.0941       0.0941
                  0.1062       0.0995       0.1059       0.1090       0.1016
   1    100       0.0946       0.1292       0.1030       0.0926       0.0925
                  0.1058       0.0983       0.1055       0.1096       0.1004
   2      0       0.0948       0.1235       0.1016       0.0936       0.0935
                  0.1039       0.0978       0.1032       0.1062       0.0998
   3      0       0.0948       0.1221       0.1003       0.0932       0.0928
                  0.1037       0.0976       0.1028       0.1054       0.0996
   4      0       0.0942       0.1200       0.0999       0.0928       0.0926
                  0.1031       0.0969       0.1023       0.1047       0.0989
   5      0       0.0938       0.1191       0.0994       0.0921       0.0921
                  0.1023       0.0971       0.1019       0.1039       0.0984
   5     60       0.0938       0.1193       0.0994       0.0921       0.0921
                  0.1024       0.0971       0.1019       0.1040       0.0984
   5     80       0.0934       0.1202       0.0992       0.0918       0.0917
                  0.1024       0.0968       0.1019       0.1043       0.0981
   5    100       0.0918       0.1222       0.0980       0.0901       0.0899
                  0.1016       0.0953       0.1011       0.1044       0.0967
 
 group  inft   Estimated free energy: 2-th solvent contribution (kcal/mol)
   1      0       0.0204       0.0259      -0.0092       0.0066      -0.0043
                  0.0227       0.0033       0.0112       0.0318      -0.0019
   1     60       0.0203       0.0258      -0.0093       0.0065      -0.0044
                  0.0226       0.0031       0.0111       0.0317      -0.0020
   1     80       0.0194       0.0250      -0.0103       0.0055      -0.0054
                  0.0218       0.0022       0.0102       0.0310      -0.0029
   1    100       0.0164       0.0223      -0.0136       0.0023      -0.0086
                  0.0189      -0.0010       0.0071       0.0283      -0.0061
   2      0       0.0175       0.0242      -0.0110       0.0047      -0.0064
                  0.0198       0.0014       0.0098       0.0303      -0.0033
   3      0       0.0156       0.0233      -0.0116       0.0041      -0.0077
                  0.0193       0.0000       0.0090       0.0289      -0.0040
   4      0       0.0149       0.0218      -0.0105       0.0039      -0.0071
                  0.0187      -0.0004       0.0086       0.0281      -0.0043
   5      0       0.0148       0.0214      -0.0109       0.0034      -0.0067
                  0.0189      -0.0002       0.0078       0.0275      -0.0042
   5     60       0.0146       0.0213      -0.0111       0.0033      -0.0069
                  0.0188      -0.0004       0.0077       0.0274      -0.0044
   5     80       0.0135       0.0202      -0.0123       0.0021      -0.0081
                  0.0177      -0.0016       0.0065       0.0264      -0.0056
   5    100       0.0106       0.0176      -0.0154      -0.0010      -0.0111
                  0.0149      -0.0046       0.0035       0.0238      -0.0086
 
 group  inft   Estimated free energy: 3-th solvent contribution (kcal/mol)
   1      0       2.7404       2.6780       2.7811       2.7399       2.7857
                  2.7367       2.7758       2.7450       2.6945       2.7760
   1     60       2.7305       2.6680       2.7713       2.7299       2.7758
                  2.7267       2.7659       2.7350       2.6846       2.7662
   1     80       2.6522       2.5886       2.6931       2.6510       2.6977
                  2.6483       2.6879       2.6565       2.6054       2.6881
   1    100       2.3665       2.2992       2.4081       2.3637       2.4129
                  2.3624       2.4037       2.3702       2.3165       2.4031
   2      0       2.7441       2.6808       2.7838       2.7433       2.7886
                  2.7395       2.7798       2.7482       2.6996       2.7779
   3      0       2.7513       2.6882       2.7916       2.7501       2.7952
                  2.7474       2.7873       2.7565       2.7076       2.7861
   4      0       2.7895       2.7284       2.8278       2.7874       2.8315
                  2.7862       2.8243       2.7939       2.7477       2.8212
   5      0       2.8079       2.7473       2.8433       2.8059       2.8465
                  2.8020       2.8380       2.8111       2.7643       2.8401
   5     60       2.7946       2.7338       2.8300       2.7925       2.8332
                  2.7887       2.8247       2.7977       2.7509       2.8269
   5     80       2.6977       2.6356       2.7333       2.6949       2.7366
                  2.6917       2.7282       2.7005       2.6529       2.7303
   5    100       2.4320       2.3663       2.4684       2.4277       2.4719
                  2.4258       2.4637       2.4345       2.3843       2.4653
 
 
 cumulative average & 95% error for solvation free energy
              total             1st component         2nd component         3rd component
  1     2.8617                0.0948                0.0156                2.7513
  2     2.8477     0.0281     0.1084     0.0272     0.0195     0.0077     2.7197     0.0630
  3     2.8585     0.0271     0.1057     0.0166     0.0091     0.0212     2.7437     0.0602
  4     2.8557     0.0200     0.1026     0.0133     0.0078     0.0152     2.7453     0.0427
  5     2.8606     0.0183     0.1006     0.0110     0.0047     0.0133     2.7553     0.0386
  6     2.8623     0.0153     0.1012     0.0091     0.0072     0.0119     2.7540     0.0316
  7     2.8655     0.0145     0.1006     0.0077     0.0061     0.0103     2.7587     0.0284
  8     2.8659     0.0126     0.1009     0.0067     0.0065     0.0089     2.7584     0.0246
  9     2.8632     0.0123     0.1014     0.0060     0.0090     0.0093     2.7528     0.0244
 10     2.8650     0.0116     0.1012     0.0054     0.0077     0.0087     2.7561     0.0229
