 ERmod 0.3.8, Copyright (C) 2000-2019 Nobuyuki Matubayasi
                            2010-2019 Shun Sakuraba
 ERmod comes with ABSOLUTELY NO WARRANTY.
 This is free software, and you can redistribute it
 and/or modify it under certain conditions.
 See LICENSE file for details.
 ERmod 0.3.8, Copyright (C) 2000-2019 Nobuyuki Matubayasi
                            2010-2019 Shun Sakuraba
 ERmod comes with ABSOLUTELY NO WARRANTY.
 This is free software, and you can redistribute it
 and/or modify it under certain conditions.
 See LICENSE file for details.
 
  Number of the   1-th solvent  =           90
  Number of the   2-th solvent  =           90
  Number of the   3-th solvent  =        10000
 
  Be sure that the solvent distribution is homogeneous (radial distribution function is essentially unity) when the solvent molecule is separated beyond distance of   10.0 Angstrom in any direction from any atom within the solute molecule
 
  LJ long-range correction    =        -0.0008     -0.0042     -0.2146
 
  Self-energy of the solute   =         0.0000  kcal/mol
 
 
 cumulative average & 95% error for solvation energy
              total             1st component         2nd component         3rd component
  1    -5.9991                0.0555               -0.1431               -5.9115
  2    -6.0006     0.0031     0.0529     0.0052    -0.1345     0.0172    -5.9191     0.0151
  3    -5.9888     0.0237     0.0549     0.0050    -0.1308     0.0123    -5.9129     0.0150
  4    -5.9835     0.0198     0.0569     0.0053    -0.1214     0.0207    -5.9190     0.0161
  5    -5.9832     0.0154     0.0566     0.0041    -0.1183     0.0172    -5.9215     0.0135
  6    -5.9884     0.0163     0.0563     0.0034    -0.1222     0.0161    -5.9225     0.0112
  7    -5.9866     0.0142     0.0560     0.0030    -0.1236     0.0139    -5.9191     0.0117
  8    -5.9858     0.0124     0.0553     0.0029    -0.1286     0.0157    -5.9125     0.0166
  9    -5.9851     0.0111     0.0558     0.0027    -0.1266     0.0144    -5.9143     0.0150
 10    -5.9859     0.0101     0.0562     0.0025    -0.1266     0.0129    -5.9154     0.0136
 
 
 group  inft  solvation free energy     error          difference
  total solvation free energy
   1      0          2.97403           0.01297          -0.00449
   1     60          2.96511           0.01300          -0.01341
   1     80          2.89093           0.01330          -0.08758
   1    100          2.61619           0.01448          -0.36233
   2      0          2.97324           0.01241          -0.00528
   3      0          2.97852           0.01246           0.00000
   4      0          3.01460           0.01208           0.03609
   5      0          3.03136           0.01171           0.05284
   5     60          3.01931           0.01175           0.04080
   5     80          2.92706           0.01210          -0.05146
   5    100          2.67101           0.01315          -0.30751
 
  contribution from  1-th solvent component
   1      0          0.08225           0.00328           0.00264
   1     60          0.08228           0.00329           0.00268
   1     80          0.08276           0.00334           0.00315
   1    100          0.08398           0.00358           0.00437
   2      0          0.08032           0.00298           0.00072
   3      0          0.07960           0.00274           0.00000
   4      0          0.07922           0.00269          -0.00039
   5      0          0.07826           0.00270          -0.00135
   5     60          0.07832           0.00270          -0.00128
   5     80          0.07881           0.00276          -0.00080
   5    100          0.07954           0.00296          -0.00006
 
  contribution from  2-th solvent component
   1      0         -0.00552           0.01046           0.00309
   1     60         -0.00556           0.01048           0.00306
   1     80         -0.00600           0.01064           0.00261
   1    100         -0.00791           0.01117           0.00071
   2      0         -0.00743           0.00989           0.00119
   3      0         -0.00861           0.00986           0.00000
   4      0         -0.00916           0.00939          -0.00054
   5      0         -0.00939           0.00937          -0.00078
   5     60         -0.00945           0.00940          -0.00084
   5     80         -0.01009           0.00957          -0.00148
   5    100         -0.01200           0.01002          -0.00338
 
  contribution from  3-th solvent component
   1      0          2.89729           0.01165          -0.01022
   1     60          2.88837           0.01167          -0.01915
   1     80          2.81417           0.01188          -0.09335
   1    100          2.54011           0.01269          -0.36741
   2      0          2.90033           0.01158          -0.00718
   3      0          2.90752           0.01144           0.00000
   4      0          2.94453           0.01110           0.03701
   5      0          2.96248           0.01084           0.05497
   5     60          2.95043           0.01087           0.04292
   5     80          2.85833           0.01112          -0.04919
   5    100          2.60346           0.01187          -0.30406
 
 
 group  inft   Estimated free energy: total (kcal/mol)
   1      0       2.9425       2.9630       2.9872       2.9974       2.9887
                  2.9464       2.9803       2.9836       2.9960       2.9552
   1     60       2.9335       2.9541       2.9782       2.9886       2.9798
                  2.9374       2.9714       2.9747       2.9871       2.9462
   1     80       2.8587       2.8797       2.9043       2.9151       2.9061
                  2.8627       2.8973       2.9006       2.9135       2.8715
   1    100       2.5813       2.6035       2.6308       2.6428       2.6331
                  2.5854       2.6227       2.6264       2.6406       2.5952
   2      0       2.9431       2.9628       2.9879       2.9929       2.9889
                  2.9445       2.9801       2.9842       2.9915       2.9565
   3      0       2.9480       2.9694       2.9928       2.9964       2.9945
                  2.9496       2.9855       2.9891       2.9986       2.9612
   4      0       2.9852       3.0047       3.0292       3.0308       3.0298
                  2.9862       3.0222       3.0257       3.0338       2.9985
   5      0       3.0028       3.0212       3.0445       3.0478       3.0454
                  3.0056       3.0386       3.0416       3.0518       3.0143
   5     60       2.9907       3.0091       3.0325       3.0359       3.0334
                  2.9935       3.0266       3.0296       3.0398       3.0022
   5     80       2.8976       2.9165       2.9405       2.9444       2.9416
                  2.9006       2.9343       2.9375       2.9481       2.9093
   5    100       2.6393       2.6592       2.6855       2.6905       2.6870
                  2.6422       2.6785       2.6822       2.6938       2.6519
 
 group  inft   Estimated free energy: 1-th solvent contribution (kcal/mol)
   1      0       0.0836       0.0747       0.0836       0.0877       0.0747
                  0.0820       0.0807       0.0788       0.0866       0.0901
   1     60       0.0837       0.0747       0.0836       0.0878       0.0748
                  0.0821       0.0807       0.0788       0.0866       0.0902
   1     80       0.0842       0.0750       0.0841       0.0884       0.0751
                  0.0825       0.0812       0.0792       0.0872       0.0907
   1    100       0.0852       0.0756       0.0855       0.0901       0.0762
                  0.0835       0.0821       0.0801       0.0889       0.0926
   2      0       0.0809       0.0731       0.0820       0.0835       0.0734
                  0.0807       0.0798       0.0777       0.0835       0.0886
   3      0       0.0801       0.0726       0.0810       0.0820       0.0730
                  0.0805       0.0790       0.0778       0.0834       0.0867
   4      0       0.0795       0.0727       0.0805       0.0804       0.0727
                  0.0799       0.0792       0.0776       0.0831       0.0867
   5      0       0.0791       0.0716       0.0797       0.0805       0.0714
                  0.0788       0.0777       0.0768       0.0817       0.0854
   5     60       0.0792       0.0716       0.0797       0.0806       0.0715
                  0.0788       0.0778       0.0768       0.0817       0.0854
   5     80       0.0797       0.0719       0.0802       0.0812       0.0719
                  0.0793       0.0782       0.0773       0.0824       0.0860
   5    100       0.0802       0.0721       0.0812       0.0824       0.0725
                  0.0799       0.0786       0.0777       0.0836       0.0873
 
 group  inft   Estimated free energy: 2-th solvent contribution (kcal/mol)
   1      0      -0.0188      -0.0057      -0.0079       0.0295       0.0086
                 -0.0186      -0.0114      -0.0272       0.0069      -0.0105
   1     60      -0.0189      -0.0058      -0.0080       0.0295       0.0085
                 -0.0186      -0.0114      -0.0273       0.0069      -0.0106
   1     80      -0.0195      -0.0063      -0.0085       0.0298       0.0082
                 -0.0192      -0.0120      -0.0279       0.0066      -0.0111
   1    100      -0.0219      -0.0085      -0.0108       0.0302       0.0066
                 -0.0217      -0.0143      -0.0304       0.0052      -0.0135
   2      0      -0.0196      -0.0067      -0.0093       0.0253       0.0056
                 -0.0203      -0.0128      -0.0288       0.0042      -0.0119
   3      0      -0.0210      -0.0077      -0.0101       0.0234       0.0048
                 -0.0215      -0.0142      -0.0302       0.0034      -0.0130
   4      0      -0.0212      -0.0080      -0.0105       0.0212       0.0036
                 -0.0216      -0.0143      -0.0295       0.0025      -0.0137
   5      0      -0.0213      -0.0082      -0.0108       0.0207       0.0031
                 -0.0216      -0.0148      -0.0299       0.0027      -0.0139
   5     60      -0.0214      -0.0083      -0.0109       0.0208       0.0031
                 -0.0217      -0.0148      -0.0300       0.0027      -0.0140
   5     80      -0.0222      -0.0090      -0.0116       0.0209       0.0025
                 -0.0225      -0.0156      -0.0309       0.0022      -0.0148
   5    100      -0.0245      -0.0111      -0.0139       0.0211       0.0009
                 -0.0249      -0.0179      -0.0332       0.0007      -0.0170
 
 group  inft   Estimated free energy: 3-th solvent contribution (kcal/mol)
   1      0       2.8777       2.8941       2.9115       2.8802       2.9054
                  2.8829       2.9110       2.9321       2.9025       2.8756
   1     60       2.8687       2.8851       2.9026       2.8713       2.8965
                  2.8739       2.9021       2.9232       2.8936       2.8666
   1     80       2.7940       2.8109       2.8288       2.7969       2.8227
                  2.7993       2.8280       2.8493       2.8197       2.7920
   1    100       2.5180       2.5364       2.5561       2.5225       2.5503
                  2.5235       2.5549       2.5767       2.5465       2.5161
   2      0       2.8818       2.8964       2.9152       2.8841       2.9099
                  2.8842       2.9130       2.9353       2.9037       2.8797
   3      0       2.8890       2.9045       2.9219       2.8910       2.9167
                  2.8906       2.9206       2.9415       2.9118       2.8875
   4      0       2.9268       2.9401       2.9592       2.9292       2.9535
                  2.9279       2.9573       2.9776       2.9482       2.9255
   5      0       2.9450       2.9578       2.9756       2.9466       2.9708
                  2.9485       2.9756       2.9947       2.9674       2.9428
   5     60       2.9328       2.9457       2.9636       2.9345       2.9588
                  2.9364       2.9636       2.9827       2.9554       2.9307
   5     80       2.8401       2.8536       2.8719       2.8422       2.8672
                  2.8438       2.8717       2.8911       2.8636       2.8381
   5    100       2.5836       2.5982       2.6182       2.5870       2.6137
                  2.5872       2.6177       2.6377       2.6096       2.5816
 
 
 cumulative average & 95% error for solvation free energy
              total             1st component         2nd component         3rd component
  1     2.9480                0.0801               -0.0210                2.8890
  2     2.9587     0.0214     0.0763     0.0074    -0.0144     0.0133     2.8968     0.0155
  3     2.9701     0.0258     0.0779     0.0053    -0.0129     0.0082     2.9051     0.0190
  4     2.9767     0.0225     0.0789     0.0043    -0.0039     0.0191     2.9016     0.0152
  5     2.9802     0.0188     0.0777     0.0041    -0.0021     0.0152     2.9046     0.0132
  6     2.9751     0.0185     0.0782     0.0034    -0.0054     0.0140     2.9023     0.0118
  7     2.9766     0.0159     0.0783     0.0029    -0.0066     0.0121     2.9049     0.0112
  8     2.9782     0.0141     0.0782     0.0025    -0.0096     0.0120     2.9095     0.0134
  9     2.9804     0.0132     0.0788     0.0025    -0.0081     0.0110     2.9097     0.0118
 10     2.9785     0.0125     0.0796     0.0027    -0.0086     0.0099     2.9075     0.0114
