 ERmod 0.3.8, Copyright (C) 2000-2019 Nobuyuki Matubayasi
                            2010-2019 Shun Sakuraba
 ERmod comes with ABSOLUTELY NO WARRANTY.
 This is free software, and you can redistribute it
 and/or modify it under certain conditions.
 See LICENSE file for details.
 ERmod 0.3.8, Copyright (C) 2000-2019 Nobuyuki Matubayasi
                            2010-2019 Shun Sakuraba
 ERmod comes with ABSOLUTELY NO WARRANTY.
 This is free software, and you can redistribute it
 and/or modify it under certain conditions.
 See LICENSE file for details.
 
  Number of the   1-th solvent  =           90
  Number of the   2-th solvent  =           90
  Number of the   3-th solvent  =        10000
 
  Be sure that the solvent distribution is homogeneous (radial distribution function is essentially unity) when the solvent molecule is separated beyond distance of   10.0 Angstrom in any direction from any atom within the solute molecule
 
  LJ long-range correction    =        -0.0019     -0.0152     -0.4891
 
  Self-energy of the solute   =         0.0000  kcal/mol
 
 
 cumulative average & 95% error for solvation energy
              total             1st component         2nd component         3rd component
  1   -12.0730                0.1836               -0.3843              -11.8723
  2   -12.0552     0.0355     0.1871     0.0070    -0.4296     0.0905   -11.8128     0.1190
  3   -12.0414     0.0345     0.1892     0.0059    -0.4091     0.0663   -11.8216     0.0709
  4   -12.0317     0.0312     0.1913     0.0058    -0.4059     0.0474   -11.8171     0.0509
  5   -12.0355     0.0254     0.1895     0.0058    -0.4030     0.0371   -11.8221     0.0407
  6   -12.0416     0.0240     0.1898     0.0047    -0.4002     0.0308   -11.8312     0.0379
  7   -12.0355     0.0236     0.1886     0.0046    -0.4158     0.0406   -11.8084     0.0556
  8   -12.0350     0.0205     0.1867     0.0056    -0.4198     0.0361   -11.8019     0.0499
  9   -12.0429     0.0240     0.1863     0.0050    -0.4077     0.0400   -11.8216     0.0591
 10   -12.0400     0.0222     0.1851     0.0051    -0.4078     0.0358   -11.8174     0.0535
 
 
 group  inft  solvation free energy     error          difference
  total solvation free energy
   1      0          4.17518           0.01472           0.00292
   1     60          4.16323           0.01474          -0.00903
   1     80          4.05097           0.01499          -0.12129
   1    100          3.56869           0.01610          -0.60357
   2      0          4.16410           0.01501          -0.00816
   3      0          4.17226           0.01501           0.00000
   4      0          4.16905           0.01493          -0.00321
   5      0          4.20955           0.01509           0.03729
   5     60          4.19312           0.01512           0.02086
   5     80          4.04867           0.01540          -0.12359
   5    100          3.59668           0.01635          -0.57558
 
  contribution from  1-th solvent component
   1      0          0.21277           0.00682           0.00299
   1     60          0.21287           0.00683           0.00309
   1     80          0.21381           0.00696           0.00403
   1    100          0.21692           0.00751           0.00714
   2      0          0.21066           0.00654           0.00088
   3      0          0.20978           0.00637           0.00000
   4      0          0.20884           0.00624          -0.00094
   5      0          0.20893           0.00635          -0.00085
   5     60          0.20906           0.00637          -0.00072
   5     80          0.21017           0.00652           0.00039
   5    100          0.21269           0.00705           0.00291
 
  contribution from  2-th solvent component
   1      0         -0.11057           0.01761           0.00347
   1     60         -0.11068           0.01762           0.00337
   1     80         -0.11170           0.01768           0.00234
   1    100         -0.11608           0.01792          -0.00203
   2      0         -0.11315           0.01757           0.00089
   3      0         -0.11405           0.01760           0.00000
   4      0         -0.11460           0.01732          -0.00055
   5      0         -0.11452           0.01709          -0.00048
   5     60         -0.11467           0.01710          -0.00063
   5     80         -0.11607           0.01718          -0.00202
   5    100         -0.12031           0.01739          -0.00626
 
  contribution from  3-th solvent component
   1      0          4.07293           0.02074          -0.00354
   1     60          4.06100           0.02075          -0.01548
   1     80          3.94881           0.02085          -0.12766
   1    100          3.46780           0.02133          -0.60868
   2      0          4.06655           0.02075          -0.00993
   3      0          4.07648           0.02093           0.00000
   4      0          4.07476           0.02057          -0.00171
   5      0          4.11510           0.02124           0.03862
   5     60          4.09869           0.02126           0.02222
   5     80          3.95452           0.02137          -0.12196
   5    100          3.50424           0.02179          -0.57223
 
 
 group  inft   Estimated free energy: total (kcal/mol)
   1      0       4.1391       4.1711       4.2124       4.2094       4.1711
                  4.1564       4.1755       4.1634       4.1610       4.1923
   1     60       4.1271       4.1592       4.2005       4.1976       4.1592
                  4.1444       4.1635       4.1514       4.1491       4.1803
   1     80       4.0143       4.0468       4.0890       4.0860       4.0467
                  4.0321       4.0510       4.0387       4.0369       4.0681
   1    100       3.5295       3.5644       3.6100       3.6070       3.5628
                  3.5494       3.5678       3.5546       3.5550       3.5863
   2      0       4.1279       4.1596       4.2022       4.1998       4.1591
                  4.1443       4.1710       4.1483       4.1520       4.1767
   3      0       4.1376       4.1675       4.2120       4.2074       4.1657
                  4.1539       4.1816       4.1547       4.1599       4.1824
   4      0       4.1341       4.1622       4.2090       4.2036       4.1623
                  4.1505       4.1783       4.1527       4.1586       4.1791
   5      0       4.1739       4.2077       4.2487       4.2427       4.2016
                  4.1884       4.2176       4.1947       4.1956       4.2247
   5     60       4.1574       4.1913       4.2324       4.2263       4.1851
                  4.1720       4.2011       4.1782       4.1792       4.2082
   5     80       4.0122       4.0468       4.0888       4.0828       4.0404
                  4.0275       4.0564       4.0332       4.0349       4.0637
   5    100       3.5581       3.5947       3.6394       3.6337       3.5867
                  3.5754       3.6040       3.5794       3.5833       3.6120
 
 group  inft   Estimated free energy: 1-th solvent contribution (kcal/mol)
   1      0       0.2083       0.2267       0.2185       0.2320       0.2121
                  0.2156       0.2116       0.2024       0.1992       0.2014
   1     60       0.2083       0.2268       0.2187       0.2321       0.2122
                  0.2158       0.2116       0.2024       0.1993       0.2014
   1     80       0.2091       0.2279       0.2197       0.2335       0.2130
                  0.2169       0.2125       0.2031       0.2002       0.2022
   1    100       0.2115       0.2323       0.2231       0.2381       0.2154
                  0.2211       0.2154       0.2050       0.2029       0.2044
   2      0       0.2067       0.2250       0.2147       0.2284       0.2098
                  0.2134       0.2110       0.2003       0.1979       0.1992
   3      0       0.2066       0.2232       0.2135       0.2270       0.2094
                  0.2129       0.2105       0.1993       0.1969       0.1985
   4      0       0.2065       0.2212       0.2129       0.2261       0.2083
                  0.2116       0.2097       0.1987       0.1963       0.1973
   5      0       0.2064       0.2231       0.2120       0.2257       0.2078
                  0.2121       0.2097       0.1986       0.1962       0.1977
   5     60       0.2065       0.2233       0.2121       0.2259       0.2079
                  0.2123       0.2098       0.1987       0.1963       0.1978
   5     80       0.2074       0.2247       0.2134       0.2275       0.2088
                  0.2137       0.2108       0.1995       0.1973       0.1986
   5    100       0.2093       0.2284       0.2161       0.2314       0.2106
                  0.2172       0.2132       0.2009       0.1994       0.2003
 
 group  inft   Estimated free energy: 2-th solvent contribution (kcal/mol)
   1      0      -0.1028      -0.1411      -0.0958      -0.1077      -0.1055
                 -0.1039      -0.1532      -0.1323      -0.0523      -0.1111
   1     60      -0.1029      -0.1412      -0.0959      -0.1078      -0.1056
                 -0.1040      -0.1533      -0.1324      -0.0523      -0.1112
   1     80      -0.1040      -0.1423      -0.0969      -0.1089      -0.1067
                 -0.1051      -0.1544      -0.1336      -0.0531      -0.1123
   1    100      -0.1084      -0.1469      -0.1011      -0.1133      -0.1111
                 -0.1096      -0.1591      -0.1382      -0.0563      -0.1167
   2      0      -0.1064      -0.1444      -0.0983      -0.1092      -0.1087
                 -0.1068      -0.1553      -0.1342      -0.0548      -0.1135
   3      0      -0.1068      -0.1447      -0.0996      -0.1105      -0.1093
                 -0.1081      -0.1561      -0.1353      -0.0551      -0.1150
   4      0      -0.1083      -0.1450      -0.1002      -0.1110      -0.1108
                 -0.1077      -0.1558      -0.1350      -0.0564      -0.1158
   5      0      -0.1086      -0.1442      -0.1012      -0.1105      -0.1094
                 -0.1088      -0.1550      -0.1356      -0.0569      -0.1150
   5     60      -0.1088      -0.1443      -0.1014      -0.1107      -0.1096
                 -0.1090      -0.1551      -0.1358      -0.0570      -0.1151
   5     80      -0.1102      -0.1458      -0.1027      -0.1121      -0.1110
                 -0.1104      -0.1566      -0.1373      -0.0580      -0.1165
   5    100      -0.1146      -0.1503      -0.1069      -0.1164      -0.1153
                 -0.1148      -0.1611      -0.1417      -0.0612      -0.1208
 
 group  inft   Estimated free energy: 3-th solvent contribution (kcal/mol)
   1      0       4.0337       4.0854       4.0895       4.0851       4.0645
                  4.0446       4.1171       4.0933       4.0140       4.1020
   1     60       4.0217       4.0735       4.0777       4.0732       4.0526
                  4.0327       4.1052       4.0814       4.0021       4.0900
   1     80       3.9091       3.9611       3.9661       3.9614       3.9403
                  3.9202       3.9929       3.9691       3.8897       3.9781
   1    100       3.4264       3.4790       3.4880       3.4821       3.4584
                  3.4379       3.5116       3.4878       3.4083       3.4985
   2      0       4.0275       4.0789       4.0857       4.0805       4.0580
                  4.0377       4.1153       4.0821       4.0088       4.0909
   3      0       4.0378       4.0889       4.0980       4.0908       4.0656
                  4.0491       4.1271       4.0906       4.0181       4.0988
   4      0       4.0359       4.0859       4.0963       4.0885       4.0648
                  4.0465       4.1244       4.0890       4.0187       4.0976
   5      0       4.0761       4.1287       4.1379       4.1274       4.1032
                  4.0850       4.1629       4.1317       4.0562       4.1418
   5     60       4.0597       4.1123       4.1216       4.1110       4.0868
                  4.0686       4.1464       4.1152       4.0398       4.1255
   5     80       3.9150       3.9679       3.9781       3.9673       3.9425
                  3.9242       4.0022       3.9709       3.8955       3.9816
   5    100       3.4633       3.5165       3.5302       3.5186       3.4914
                  3.4729       3.5519       3.5202       3.4450       3.5325
 
 
 cumulative average & 95% error for solvation free energy
              total             1st component         2nd component         3rd component
  1     4.1376                0.2066               -0.1068                4.0378
  2     4.1525     0.0298     0.2149     0.0166    -0.1257     0.0379     4.0634     0.0511
  3     4.1724     0.0432     0.2144     0.0096    -0.1170     0.0280     4.0749     0.0375
  4     4.1811     0.0352     0.2176     0.0093    -0.1154     0.0201     4.0789     0.0277
  5     4.1780     0.0280     0.2159     0.0079    -0.1142     0.0157     4.0762     0.0221
  6     4.1740     0.0242     0.2154     0.0065    -0.1132     0.0130     4.0717     0.0202
  7     4.1751     0.0206     0.2147     0.0057    -0.1193     0.0165     4.0796     0.0233
  8     4.1725     0.0185     0.2128     0.0062    -0.1213     0.0148     4.0810     0.0203
  9     4.1711     0.0166     0.2110     0.0065    -0.1139     0.0197     4.0740     0.0227
 10     4.1723     0.0150     0.2098     0.0064    -0.1140     0.0176     4.0765     0.0209
