 ERmod 0.3.8, Copyright (C) 2000-2019 Nobuyuki Matubayasi
                            2010-2019 Shun Sakuraba
 ERmod comes with ABSOLUTELY NO WARRANTY.
 This is free software, and you can redistribute it
 and/or modify it under certain conditions.
 See LICENSE file for details.
 ERmod 0.3.8, Copyright (C) 2000-2019 Nobuyuki Matubayasi
                            2010-2019 Shun Sakuraba
 ERmod comes with ABSOLUTELY NO WARRANTY.
 This is free software, and you can redistribute it
 and/or modify it under certain conditions.
 See LICENSE file for details.
 
  Number of the   1-th solvent  =          180
  Number of the   2-th solvent  =          180
  Number of the   3-th solvent  =        10000
 
  Be sure that the solvent distribution is homogeneous (radial distribution function is essentially unity) when the solvent molecule is separated beyond distance of   10.0 Angstrom in any direction from any atom within the solute molecule
 
  LJ long-range correction    =        -0.0110     -0.0081     -0.4412
 
  Self-energy of the solute   =        -0.0001  kcal/mol
 
 
 cumulative average & 95% error for solvation energy
              total             1st component         2nd component         3rd component
  1   -22.6837               -0.5814               -1.1535              -20.9486
  2   -22.6456     0.0762    -0.6682     0.1736    -0.7918     0.7235   -21.1855     0.4736
  3   -22.6112     0.0817    -0.5222     0.3087    -0.7683     0.4203   -21.3205     0.3843
  4   -22.6175     0.0591    -0.6198     0.2929    -0.7756     0.2976   -21.2219     0.3357
  5   -22.6127     0.0468    -0.4262     0.4488    -0.7959     0.2340   -21.3905     0.4258
  6   -22.6030     0.0429    -0.4105     0.3678    -0.7995     0.1912   -21.3929     0.3477
  7   -22.5913     0.0431    -0.3984     0.3118    -0.8105     0.1631   -21.3822     0.2946
  8   -22.6389     0.1022    -0.3745     0.2743    -0.9029     0.2326   -21.3614     0.2585
  9   -22.6186     0.0988    -0.4463     0.2814    -0.8714     0.2146   -21.3008     0.2582
 10   -22.6053     0.0923    -0.4437     0.2517    -0.8547     0.1948   -21.3067     0.2313
 
 
 group  inft  solvation free energy     error          difference
  total solvation free energy
   1      0         -1.78637           0.05812           0.00188
   1     60         -1.80158           0.05815          -0.01332
   1     80         -1.94437           0.05840          -0.15612
   1    100         -2.52860           0.05921          -0.74034
   2      0         -1.78689           0.05879           0.00137
   3      0         -1.78826           0.05865           0.00000
   4      0         -1.78208           0.05907           0.00618
   5      0         -1.78409           0.05767           0.00417
   5     60         -1.80498           0.05770          -0.01673
   5     80         -1.98641           0.05796          -0.19815
   5    100         -2.52821           0.05859          -0.73995
 
  contribution from  1-th solvent component
   1      0          0.12722           0.13630           0.00133
   1     60          0.12701           0.13630           0.00111
   1     80          0.12480           0.13633          -0.00110
   1    100          0.11458           0.13649          -0.01132
   2      0          0.12523           0.13369          -0.00066
   3      0          0.12590           0.13116           0.00000
   4      0          0.12589           0.13101          -0.00001
   5      0          0.12490           0.12982          -0.00099
   5     60          0.12459           0.12982          -0.00130
   5     80          0.12166           0.12982          -0.00423
   5    100          0.11196           0.12986          -0.01393
 
  contribution from  2-th solvent component
   1      0         -0.52122           0.10979          -0.00468
   1     60         -0.52083           0.10980          -0.00428
   1     80         -0.51908           0.10990          -0.00254
   1    100         -0.51678           0.11033          -0.00024
   2      0         -0.51741           0.11022          -0.00087
   3      0         -0.51654           0.11008           0.00000
   4      0         -0.51682           0.10937          -0.00028
   5      0         -0.51627           0.10907           0.00028
   5     60         -0.51578           0.10908           0.00076
   5     80         -0.51404           0.10921           0.00250
   5    100         -0.51278           0.10959           0.00376
 
  contribution from  3-th solvent component
   1      0         -1.39224           0.11796           0.00524
   1     60         -1.40763           0.11797          -0.01015
   1     80         -1.54996           0.11803          -0.15248
   1    100         -2.12626           0.11841          -0.72878
   2      0         -1.39457           0.11804           0.00291
   3      0         -1.39748           0.11791           0.00000
   4      0         -1.39101           0.11741           0.00647
   5      0         -1.39259           0.11801           0.00489
   5     60         -1.41366           0.11802          -0.01618
   5     80         -1.59390           0.11808          -0.19642
   5    100         -2.12726           0.11842          -0.72978
 
 
 group  inft   Estimated free energy: total (kcal/mol)
   1      0      -1.8725      -1.8546      -1.7518      -1.7489      -1.6700
                 -1.7312      -1.7557      -1.9806      -1.7083      -1.7901
   1     60      -1.8877      -1.8698      -1.7671      -1.7641      -1.6852
                 -1.7465      -1.7709      -1.9959      -1.7234      -1.8053
   1     80      -2.0305      -2.0126      -1.9104      -1.9069      -1.8272
                 -1.8896      -1.9135      -2.1398      -1.8654      -1.9479
   1    100      -2.6151      -2.5966      -2.4971      -2.4912      -2.4090
                 -2.4743      -2.4966      -2.7271      -2.4468      -2.5324
   2      0      -1.8854      -1.8614      -1.7544      -1.7433      -1.6762
                 -1.7196      -1.7462      -1.9738      -1.7093      -1.7993
   3      0      -1.8912      -1.8625      -1.7606      -1.7377      -1.6917
                 -1.7091      -1.7506      -1.9739      -1.7081      -1.7973
   4      0      -1.8829      -1.8606      -1.7570      -1.7378      -1.6784
                 -1.7051      -1.7348      -1.9667      -1.7021      -1.7954
   5      0      -1.8917      -1.8585      -1.7573      -1.7310      -1.6895
                 -1.7053      -1.7446      -1.9583      -1.7017      -1.8029
   5     60      -1.9126      -1.8794      -1.7783      -1.7519      -1.7103
                 -1.7263      -1.7655      -1.9794      -1.7225      -1.8238
   5     80      -2.0942      -2.0606      -1.9604      -1.9334      -1.8909
                 -1.9081      -1.9466      -2.1620      -1.9029      -2.0050
   5    100      -2.6364      -2.6021      -2.5043      -2.4753      -2.4308
                 -2.4503      -2.4873      -2.7062      -2.4423      -2.5472
 
 group  inft   Estimated free energy: 1-th solvent contribution (kcal/mol)
   1      0       0.0227      -0.0947       0.2413      -0.0875       0.5774
                  0.1894       0.1748       0.2337      -0.1504       0.1657
   1     60       0.0225      -0.0949       0.2410      -0.0877       0.5772
                  0.1892       0.1746       0.2334      -0.1506       0.1654
   1     80       0.0203      -0.0971       0.2388      -0.0900       0.5752
                  0.1869       0.1724       0.2311      -0.1529       0.1632
   1    100       0.0102      -0.1073       0.2286      -0.1005       0.5658
                  0.1765       0.1621       0.2208      -0.1634       0.1530
   2      0       0.0173      -0.0981       0.2364      -0.0830       0.5591
                  0.1952       0.1734       0.2396      -0.1487       0.1610
   3      0       0.0156      -0.0944       0.2366      -0.0772       0.5471
                  0.1979       0.1738       0.2413      -0.1448       0.1632
   4      0       0.0167      -0.0968       0.2326      -0.0743       0.5474
                  0.1979       0.1759       0.2407      -0.1447       0.1635
   5      0       0.0138      -0.0924       0.2319      -0.0770       0.5413
                  0.1998       0.1702       0.2446      -0.1415       0.1585
   5     60       0.0135      -0.0927       0.2316      -0.0773       0.5409
                  0.1995       0.1699       0.2442      -0.1419       0.1581
   5     80       0.0107      -0.0955       0.2286      -0.0803       0.5381
                  0.1965       0.1670       0.2412      -0.1448       0.1552
   5    100       0.0010      -0.1051       0.2188      -0.0901       0.5286
                  0.1867       0.1573       0.2316      -0.1547       0.1454
 
 group  inft   Estimated free energy: 2-th solvent contribution (kcal/mol)
   1      0      -0.6837      -0.3128      -0.4410      -0.4394      -0.4596
                 -0.5094      -0.5395      -0.9298      -0.3916      -0.5056
   1     60      -0.6833      -0.3124      -0.4407      -0.4390      -0.4591
                 -0.5090      -0.5390      -0.9294      -0.3912      -0.5052
   1     80      -0.6816      -0.3107      -0.4391      -0.4374      -0.4568
                 -0.5074      -0.5371      -0.9282      -0.3891      -0.5035
   1    100      -0.6797      -0.3086      -0.4370      -0.4352      -0.4522
                 -0.5059      -0.5341      -0.9278      -0.3858      -0.5016
   2      0      -0.6891      -0.3128      -0.4359      -0.4360      -0.4447
                 -0.5022      -0.5275      -0.9263      -0.3914      -0.5082
   3      0      -0.6904      -0.3162      -0.4374      -0.4323      -0.4453
                 -0.4925      -0.5271      -0.9253      -0.3903      -0.5085
   4      0      -0.6911      -0.3183      -0.4344      -0.4402      -0.4414
                 -0.4976      -0.5221      -0.9221      -0.3889      -0.5122
   5      0      -0.6948      -0.3179      -0.4354      -0.4362      -0.4440
                 -0.4938      -0.5219      -0.9186      -0.3904      -0.5097
   5     60      -0.6943      -0.3174      -0.4349      -0.4357      -0.4434
                 -0.4933      -0.5214      -0.9182      -0.3899      -0.5092
   5     80      -0.6927      -0.3157      -0.4333      -0.4342      -0.4409
                 -0.4919      -0.5193      -0.9170      -0.3878      -0.5075
   5    100      -0.6920      -0.3148      -0.4320      -0.4332      -0.4372
                 -0.4915      -0.5173      -0.9174      -0.3857      -0.5067
 
 group  inft   Estimated free energy: 3-th solvent contribution (kcal/mol)
   1      0      -1.2114      -1.4470      -1.5519      -1.2219      -1.7877
                 -1.4111      -1.3909      -1.2843      -1.1662      -1.4501
   1     60      -1.2267      -1.4624      -1.5673      -1.2372      -1.8031
                 -1.4266      -1.4063      -1.2998      -1.1815      -1.4654
   1     80      -1.3691      -1.6046      -1.7101      -1.3794      -1.9455
                 -1.5689      -1.5486      -1.4426      -1.3232      -1.6075
   1    100      -1.9454      -2.1805      -2.2885      -1.9553      -2.5225
                 -2.1448      -2.1244      -2.0199      -1.8975      -2.1837
   2      0      -1.2134      -1.4505      -1.5548      -1.2241      -1.7905
                 -1.4125      -1.3920      -1.2870      -1.1690      -1.4519
   3      0      -1.2162      -1.4518      -1.5597      -1.2281      -1.7933
                 -1.4143      -1.3972      -1.2897      -1.1728      -1.4518
   4      0      -1.2083      -1.4454      -1.5550      -1.2231      -1.7843
                 -1.4053      -1.3885      -1.2853      -1.1684      -1.4466
   5      0      -1.2106      -1.4481      -1.5537      -1.2177      -1.7867
                 -1.4112      -1.3928      -1.2841      -1.1696      -1.4515
   5     60      -1.2316      -1.4692      -1.5748      -1.2387      -1.8077
                 -1.4323      -1.4139      -1.3053      -1.1906      -1.4725
   5     80      -1.4119      -1.6493      -1.7556      -1.4188      -1.9880
                 -1.6125      -1.5941      -1.4861      -1.3701      -1.6525
   5    100      -1.9453      -2.1822      -2.2909      -1.9519      -2.5220
                 -2.1454      -2.1271      -2.0203      -1.9018      -2.1859
 
 
 cumulative average & 95% error for solvation free energy
              total             1st component         2nd component         3rd component
  1    -1.8912                0.0156               -0.6904               -1.2162
  2    -1.8768     0.0287    -0.0394     0.1101    -0.5033     0.3743    -1.3340     0.2355
  3    -1.8381     0.0793     0.0526     0.1947    -0.4813     0.2205    -1.4092     0.2028
  4    -1.8130     0.0752     0.0202     0.1522    -0.4691     0.1578    -1.3639     0.1696
  5    -1.7887     0.0758     0.1255     0.2415    -0.4643     0.1226    -1.4498     0.2162
  6    -1.7755     0.0674     0.1376     0.1986    -0.4690     0.1006    -1.4439     0.1770
  7    -1.7719     0.0574     0.1428     0.1682    -0.4773     0.0866    -1.4372     0.1501
  8    -1.7972     0.0708     0.1551     0.1477    -0.5333     0.1348    -1.4188     0.1352
  9    -1.7873     0.0655     0.1218     0.1464    -0.5174     0.1231    -1.3914     0.1311
 10    -1.7883     0.0587     0.1259     0.1312    -0.5165     0.1101    -1.3975     0.1179
