 ERmod 0.3.8, Copyright (C) 2000-2019 Nobuyuki Matubayasi
                            2010-2019 Shun Sakuraba
 ERmod comes with ABSOLUTELY NO WARRANTY.
 This is free software, and you can redistribute it
 and/or modify it under certain conditions.
 See LICENSE file for details.
 ERmod 0.3.8, Copyright (C) 2000-2019 Nobuyuki Matubayasi
                            2010-2019 Shun Sakuraba
 ERmod comes with ABSOLUTELY NO WARRANTY.
 This is free software, and you can redistribute it
 and/or modify it under certain conditions.
 See LICENSE file for details.
 
  Number of the   1-th solvent  =          180
  Number of the   2-th solvent  =          180
  Number of the   3-th solvent  =        10000
 
  Be sure that the solvent distribution is homogeneous (radial distribution function is essentially unity) when the solvent molecule is separated beyond distance of   10.0 Angstrom in any direction from any atom within the solute molecule
 
  LJ long-range correction    =        -0.0085     -0.0092     -0.5038
 
  Self-energy of the solute   =         0.0000  kcal/mol
 
 
 cumulative average & 95% error for solvation energy
              total             1st component         2nd component         3rd component
  1   -12.3228                0.3444               -0.5072              -12.1600
  2   -12.3359     0.0261     0.3343     0.0203    -0.5024     0.0097   -12.1678     0.0155
  3   -12.3191     0.0367     0.3382     0.0140    -0.5028     0.0056   -12.1545     0.0280
  4   -12.3179     0.0261     0.3366     0.0104    -0.5033     0.0041   -12.1513     0.0208
  5   -12.3054     0.0322     0.3407     0.0115    -0.5025     0.0035   -12.1436     0.0223
  6   -12.3025     0.0269     0.3462     0.0144    -0.4997     0.0062   -12.1490     0.0211
  7   -12.3007     0.0230     0.3499     0.0143    -0.4992     0.0054   -12.1515     0.0185
  8   -12.2978     0.0208     0.3486     0.0126    -0.5001     0.0051   -12.1463     0.0192
  9   -12.2981     0.0184     0.3476     0.0113    -0.5024     0.0063   -12.1434     0.0178
 10   -12.2994     0.0166     0.3483     0.0102    -0.5037     0.0062   -12.1440     0.0160
 
 
 group  inft  solvation free energy     error          difference
  total solvation free energy
   1      0          4.73814           0.01331           0.00622
   1     60          4.72949           0.01333          -0.00242
   1     80          4.63498           0.01362          -0.09694
   1    100          4.17387           0.01531          -0.55805
   2      0          4.72339           0.01402          -0.00853
   3      0          4.73192           0.01444           0.00000
   4      0          4.72474           0.01489          -0.00718
   5      0          4.76927           0.01347           0.03735
   5     60          4.75713           0.01350           0.02522
   5     80          4.63231           0.01387          -0.09961
   5    100          4.19625           0.01542          -0.53567
 
  contribution from  1-th solvent component
   1      0          0.56159           0.01200           0.00437
   1     60          0.56162           0.01201           0.00440
   1     80          0.56191           0.01235           0.00469
   1    100          0.56141           0.01433           0.00419
   2      0          0.55816           0.01179           0.00094
   3      0          0.55722           0.01181           0.00000
   4      0          0.55533           0.01177          -0.00189
   5      0          0.55613           0.01185          -0.00109
   5     60          0.55615           0.01188          -0.00107
   5     80          0.55623           0.01232          -0.00099
   5    100          0.55495           0.01415          -0.00227
 
  contribution from  2-th solvent component
   1      0         -0.42681           0.00693           0.00235
   1     60         -0.42639           0.00693           0.00277
   1     80         -0.42418           0.00703           0.00498
   1    100         -0.41860           0.00762           0.01056
   2      0         -0.42852           0.00661           0.00064
   3      0         -0.42916           0.00652           0.00000
   4      0         -0.43010           0.00630          -0.00094
   5      0         -0.43046           0.00659          -0.00130
   5     60         -0.42990           0.00659          -0.00074
   5     80         -0.42733           0.00671           0.00183
   5    100         -0.42245           0.00726           0.00671
 
  contribution from  3-th solvent component
   1      0          4.60332           0.01380          -0.00050
   1     60          4.59422           0.01381          -0.00959
   1     80          4.49721           0.01393          -0.10661
   1    100          4.03102           0.01471          -0.57280
   2      0          4.59371           0.01426          -0.01011
   3      0          4.60381           0.01445           0.00000
   4      0          4.59947           0.01453          -0.00434
   5      0          4.64355           0.01337           0.03974
   5     60          4.63085           0.01338           0.02703
   5     80          4.50337           0.01353          -0.10044
   5    100          4.06371           0.01424          -0.54010
 
 
 group  inft   Estimated free energy: total (kcal/mol)
   1      0       4.7270       4.7046       4.7300       4.7354       4.7578
                  4.7199       4.7729       4.7486       4.7597       4.7254
   1     60       4.7184       4.6959       4.7213       4.7268       4.7492
                  4.7113       4.7644       4.7399       4.7511       4.7168
   1     80       4.6237       4.6008       4.6265       4.6319       4.6549
                  4.6170       4.6714       4.6451       4.6567       4.6219
   1    100       4.1612       4.1356       4.1643       4.1682       4.1952
                  4.1571       4.2183       4.1825       4.1970       4.1594
   2      0       4.7134       4.6840       4.7260       4.7211       4.7381
                  4.7065       4.7584       4.7393       4.7433       4.7039
   3      0       4.7199       4.6898       4.7386       4.7303       4.7432
                  4.7179       4.7674       4.7505       4.7506       4.7108
   4      0       4.7131       4.6806       4.7318       4.7245       4.7366
                  4.7108       4.7611       4.7440       4.7426       4.7022
   5      0       4.7577       4.7336       4.7669       4.7664       4.7844
                  4.7523       4.8072       4.7802       4.7888       4.7551
   5     60       4.7456       4.7214       4.7547       4.7543       4.7723
                  4.7402       4.7953       4.7681       4.7767       4.7429
   5     80       4.6206       4.5957       4.6296       4.6290       4.6478
                  4.6158       4.6724       4.6429       4.6519       4.6176
   5    100       4.1834       4.1558       4.1929       4.1907       4.2128
                  4.1812       4.2435       4.2055       4.2167       4.1799
 
 group  inft   Estimated free energy: 1-th solvent contribution (kcal/mol)
   1      0       0.5543       0.5342       0.5524       0.5483       0.5687
                  0.5837       0.5977       0.5447       0.5638       0.5681
   1     60       0.5543       0.5342       0.5524       0.5483       0.5687
                  0.5837       0.5978       0.5447       0.5639       0.5681
   1     80       0.5545       0.5338       0.5523       0.5482       0.5691
                  0.5845       0.5993       0.5446       0.5643       0.5684
   1    100       0.5530       0.5294       0.5498       0.5451       0.5693
                  0.5868       0.6056       0.5414       0.5651       0.5685
   2      0       0.5517       0.5306       0.5507       0.5455       0.5652
                  0.5790       0.5948       0.5420       0.5600       0.5621
   3      0       0.5502       0.5289       0.5497       0.5445       0.5640
                  0.5786       0.5936       0.5423       0.5590       0.5614
   4      0       0.5485       0.5272       0.5489       0.5430       0.5613
                  0.5767       0.5922       0.5403       0.5568       0.5585
   5      0       0.5491       0.5287       0.5480       0.5434       0.5628
                  0.5775       0.5932       0.5407       0.5581       0.5600
   5     60       0.5491       0.5287       0.5480       0.5434       0.5628
                  0.5776       0.5933       0.5407       0.5581       0.5600
   5     80       0.5490       0.5279       0.5476       0.5429       0.5630
                  0.5783       0.5949       0.5402       0.5584       0.5601
   5    100       0.5468       0.5229       0.5446       0.5393       0.5623
                  0.5796       0.6000       0.5365       0.5582       0.5592
 
 group  inft   Estimated free energy: 2-th solvent contribution (kcal/mol)
   1      0      -0.4185      -0.4046      -0.4374      -0.4271      -0.4303
                 -0.4293      -0.4198      -0.4237      -0.4344      -0.4432
   1     60      -0.4180      -0.4041      -0.4369      -0.4266      -0.4299
                 -0.4288      -0.4194      -0.4233      -0.4340      -0.4428
   1     80      -0.4157      -0.4016      -0.4347      -0.4245      -0.4277
                 -0.4265      -0.4170      -0.4211      -0.4320      -0.4409
   1    100      -0.4095      -0.3941      -0.4288      -0.4195      -0.4226
                 -0.4205      -0.4106      -0.4156      -0.4277      -0.4371
   2      0      -0.4203      -0.4070      -0.4379      -0.4295      -0.4321
                 -0.4320      -0.4222      -0.4251      -0.4347      -0.4443
   3      0      -0.4222      -0.4073      -0.4374      -0.4295      -0.4338
                 -0.4330      -0.4230      -0.4257      -0.4351      -0.4447
   4      0      -0.4233      -0.4092      -0.4381      -0.4313      -0.4340
                 -0.4341      -0.4241      -0.4259      -0.4357      -0.4452
   5      0      -0.4240      -0.4080      -0.4412      -0.4303      -0.4341
                 -0.4336      -0.4236      -0.4283      -0.4369      -0.4447
   5     60      -0.4234      -0.4075      -0.4406      -0.4297      -0.4335
                 -0.4330      -0.4231      -0.4277      -0.4363      -0.4442
   5     80      -0.4208      -0.4045      -0.4380      -0.4273      -0.4310
                 -0.4303      -0.4203      -0.4252      -0.4341      -0.4420
   5    100      -0.4154      -0.3978      -0.4328      -0.4228      -0.4265
                 -0.4249      -0.4145      -0.4206      -0.4305      -0.4388
 
 group  inft   Estimated free energy: 3-th solvent contribution (kcal/mol)
   1      0       4.5911       4.5749       4.6149       4.6141       4.6194
                  4.5655       4.5950       4.6275       4.6303       4.6006
   1     60       4.5820       4.5658       4.6058       4.6050       4.6103
                  4.5563       4.5859       4.6184       4.6212       4.5915
   1     80       4.4848       4.4685       4.5088       4.5082       4.5135
                  4.4589       4.4891       4.5216       4.5243       4.4943
   1    100       4.0177       4.0002       4.0432       4.0425       4.0484
                  3.9908       4.0231       4.0566       4.0596       4.0280
   2      0       4.5819       4.5604       4.6131       4.6050       4.6049
                  4.5596       4.5857       4.6224       4.6179       4.5861
   3      0       4.5918       4.5681       4.6263       4.6154       4.6130
                  4.5723       4.5968       4.6338       4.6267       4.5941
   4      0       4.5879       4.5625       4.6210       4.6128       4.6093
                  4.5683       4.5930       4.6295       4.6215       4.5889
   5      0       4.6326       4.6129       4.6600       4.6533       4.6557
                  4.6084       4.6377       4.6678       4.6676       4.6397
   5     60       4.6199       4.6002       4.6473       4.6406       4.6430
                  4.5956       4.6250       4.6551       4.6549       4.6270
   5     80       4.4923       4.4722       4.5200       4.5133       4.5157
                  4.4677       4.4977       4.5279       4.5275       4.4994
   5    100       4.0519       4.0306       4.0811       4.0742       4.0769
                  4.0265       4.0580       4.0896       4.0890       4.0594
 
 
 cumulative average & 95% error for solvation free energy
              total             1st component         2nd component         3rd component
  1     4.7199                0.5502               -0.4222                4.5918
  2     4.7049     0.0302     0.5396     0.0213    -0.4147     0.0149     4.5800     0.0237
  3     4.7161     0.0284     0.5429     0.0140    -0.4223     0.0174     4.5954     0.0338
  4     4.7197     0.0213     0.5433     0.0099    -0.4241     0.0128     4.6004     0.0259
  5     4.7244     0.0190     0.5475     0.0113    -0.4260     0.0107     4.6029     0.0207
  6     4.7233     0.0157     0.5526     0.0139    -0.4272     0.0090     4.5978     0.0197
  7     4.7296     0.0183     0.5585     0.0166    -0.4266     0.0077     4.5977     0.0167
  8     4.7322     0.0167     0.5565     0.0149    -0.4265     0.0067     4.6022     0.0170
  9     4.7343     0.0153     0.5568     0.0132    -0.4274     0.0062     4.6049     0.0160
 10     4.7319     0.0144     0.5572     0.0118    -0.4292     0.0065     4.6038     0.0145
