 ERmod 0.3.8, Copyright (C) 2000-2019 Nobuyuki Matubayasi
                            2010-2019 Shun Sakuraba
 ERmod comes with ABSOLUTELY NO WARRANTY.
 This is free software, and you can redistribute it
 and/or modify it under certain conditions.
 See LICENSE file for details.
 ERmod 0.3.8, Copyright (C) 2000-2019 Nobuyuki Matubayasi
                            2010-2019 Shun Sakuraba
 ERmod comes with ABSOLUTELY NO WARRANTY.
 This is free software, and you can redistribute it
 and/or modify it under certain conditions.
 See LICENSE file for details.
 
  Number of the   1-th solvent  =          180
  Number of the   2-th solvent  =          180
  Number of the   3-th solvent  =        10000
 
  Be sure that the solvent distribution is homogeneous (radial distribution function is essentially unity) when the solvent molecule is separated beyond distance of   10.0 Angstrom in any direction from any atom within the solute molecule
 
  LJ long-range correction    =        -0.0057     -0.0131     -0.3368
 
  Self-energy of the solute   =        -0.0001  kcal/mol
 
 
 cumulative average & 95% error for solvation energy
              total             1st component         2nd component         3rd component
  1   -20.4878               -0.5589               -1.2639              -18.6648
  2   -20.4852     0.0050    -0.6304     0.1429    -1.1751     0.1776   -18.6796     0.0297
  3   -20.4235     0.1235    -0.4973     0.2788    -1.0729     0.2287   -18.8533     0.3477
  4   -20.4149     0.0890    -0.4659     0.2068    -1.1078     0.1761   -18.8411     0.2470
  5   -20.4349     0.0797    -0.5586     0.2449    -1.0968     0.1382   -18.7794     0.2277
  6   -20.4348     0.0650    -0.5029     0.2288    -1.0961     0.1128   -18.8357     0.2174
  7   -20.4489     0.0618    -0.5237     0.1978    -1.0741     0.1050   -18.8510     0.1862
  8   -20.4522     0.0539    -0.4786     0.1936    -1.0928     0.0984   -18.8807     0.1719
  9   -20.4479     0.0483    -0.4925     0.1730    -1.0388     0.1386   -18.9165     0.1677
 10   -20.4581     0.0477    -0.5605     0.2060    -1.1117     0.1912   -18.7859     0.3013
 
 
 group  inft  solvation free energy     error          difference
  total solvation free energy
   1      0         -2.42718           0.05350           0.00274
   1     60         -2.44334           0.05349          -0.01343
   1     80         -2.57665           0.05343          -0.14674
   1    100         -3.06689           0.05334          -0.63698
   2      0         -2.43034           0.04867          -0.00043
   3      0         -2.42991           0.04760           0.00000
   4      0         -2.42587           0.04786           0.00404
   5      0         -2.42686           0.04699           0.00305
   5     60         -2.44879           0.04696          -0.01888
   5     80         -2.61524           0.04685          -0.18533
   5    100         -3.06755           0.04664          -0.63763
 
  contribution from  1-th solvent component
   1      0         -0.01950           0.11830           0.00644
   1     60         -0.01962           0.11830           0.00632
   1     80         -0.02090           0.11833           0.00504
   1    100         -0.02661           0.11844          -0.00067
   2      0         -0.02538           0.11560           0.00056
   3      0         -0.02594           0.11452           0.00000
   4      0         -0.02706           0.11533          -0.00112
   5      0         -0.02607           0.11450          -0.00012
   5     60         -0.02626           0.11450          -0.00031
   5     80         -0.02806           0.11450          -0.00212
   5    100         -0.03373           0.11452          -0.00779
 
  contribution from  2-th solvent component
   1      0         -0.49530           0.10138          -0.00794
   1     60         -0.49560           0.10138          -0.00825
   1     80         -0.49828           0.10142          -0.01092
   1    100         -0.50827           0.10151          -0.02092
   2      0         -0.49048           0.09877          -0.00313
   3      0         -0.48735           0.09744           0.00000
   4      0         -0.48550           0.09668           0.00185
   5      0         -0.48486           0.09531           0.00249
   5     60         -0.48529           0.09531           0.00206
   5     80         -0.48870           0.09532          -0.00135
   5    100         -0.49803           0.09535          -0.01067
 
  contribution from  3-th solvent component
   1      0         -1.91228           0.13872           0.00424
   1     60         -1.92801           0.13875          -0.01150
   1     80         -2.05737           0.13888          -0.14086
   1    100         -2.53191           0.13923          -0.61539
   2      0         -1.91437           0.13848           0.00214
   3      0         -1.91651           0.13818           0.00000
   4      0         -1.91321           0.13784           0.00331
   5      0         -1.91583           0.13733           0.00068
   5     60         -1.93714           0.13737          -0.02063
   5     80         -2.09837           0.13753          -0.18186
   5    100         -2.53569           0.13783          -0.61917
 
 
 group  inft   Estimated free energy: total (kcal/mol)
   1      0      -2.4879      -2.3907      -2.3318      -2.4197      -2.4711
                 -2.3622      -2.4479      -2.3868      -2.3548      -2.6190
   1     60      -2.5041      -2.4068      -2.3479      -2.4359      -2.4873
                 -2.3783      -2.4641      -2.4030      -2.3710      -2.6350
   1     80      -2.6377      -2.5399      -2.4811      -2.5694      -2.6206
                 -2.5118      -2.5973      -2.5365      -2.5044      -2.7679
   1    100      -3.1286      -3.0294      -2.9713      -3.0600      -3.1104
                 -3.0023      -3.0871      -3.0274      -2.9947      -3.2576
   2      0      -2.4852      -2.3979      -2.3425      -2.4165      -2.4690
                 -2.3674      -2.4513      -2.3946      -2.3730      -2.6060
   3      0      -2.4848      -2.3970      -2.3460      -2.4101      -2.4623
                 -2.3668      -2.4478      -2.4028      -2.3769      -2.6047
   4      0      -2.4782      -2.3918      -2.3353      -2.4100      -2.4648
                 -2.3581      -2.4434      -2.3962      -2.3819      -2.5990
   5      0      -2.4758      -2.3943      -2.3379      -2.4018      -2.4629
                 -2.3658      -2.4522      -2.4016      -2.3789      -2.5974
   5     60      -2.4978      -2.4162      -2.3598      -2.4238      -2.4849
                 -2.3878      -2.4741      -2.4236      -2.4009      -2.6191
   5     80      -2.6644      -2.5823      -2.5262      -2.5904      -2.6513
                 -2.5544      -2.6404      -2.5903      -2.5677      -2.7850
   5    100      -3.1172      -3.0339      -2.9787      -3.0431      -3.1029
                 -3.0072      -3.0922      -3.0433      -3.0204      -3.2365
 
 group  inft   Estimated free energy: 1-th solvent contribution (kcal/mol)
   1      0      -0.0300      -0.0662       0.1578       0.0486      -0.2238
                  0.1725      -0.0389       0.2152      -0.0335      -0.3967
   1     60      -0.0301      -0.0664       0.1577       0.0485      -0.2239
                  0.1723      -0.0390       0.2151      -0.0336      -0.3968
   1     80      -0.0314      -0.0675       0.1565       0.0472      -0.2252
                  0.1710      -0.0403       0.2139      -0.0348      -0.3983
   1    100      -0.0373      -0.0729       0.1510       0.0414      -0.2308
                  0.1651      -0.0462       0.2085      -0.0401      -0.4047
   2      0      -0.0324      -0.0755       0.1474       0.0478      -0.2265
                  0.1636      -0.0432       0.2021      -0.0452      -0.3918
   3      0      -0.0326      -0.0760       0.1456       0.0485      -0.2265
                  0.1602      -0.0406       0.1951      -0.0421      -0.3911
   4      0      -0.0283      -0.0768       0.1459       0.0426      -0.2290
                  0.1628      -0.0398       0.1964      -0.0505      -0.3939
   5      0      -0.0248      -0.0776       0.1452       0.0502      -0.2270
                  0.1584      -0.0429       0.1924      -0.0419      -0.3928
   5     60      -0.0250      -0.0777       0.1451       0.0500      -0.2272
                  0.1582      -0.0431       0.1922      -0.0421      -0.3930
   5     80      -0.0268      -0.0794       0.1432       0.0482      -0.2289
                  0.1563      -0.0449       0.1904      -0.0439      -0.3949
   5    100      -0.0325      -0.0847       0.1375       0.0425      -0.2345
                  0.1504      -0.0507       0.1848      -0.0493      -0.4009
 
 group  inft   Estimated free energy: 2-th solvent contribution (kcal/mol)
   1      0      -0.6220      -0.4452      -0.3688      -0.5573      -0.4812
                 -0.4543      -0.4275      -0.5372      -0.2279      -0.8316
   1     60      -0.6223      -0.4455      -0.3691      -0.5576      -0.4815
                 -0.4546      -0.4278      -0.5375      -0.2282      -0.8319
   1     80      -0.6250      -0.4482      -0.3717      -0.5603      -0.4843
                 -0.4572      -0.4305      -0.5402      -0.2307      -0.8346
   1    100      -0.6352      -0.4583      -0.3816      -0.5704      -0.4944
                 -0.4672      -0.4405      -0.5504      -0.2401      -0.8447
   2      0      -0.6160      -0.4409      -0.3683      -0.5503      -0.4738
                 -0.4473      -0.4247      -0.5293      -0.2337      -0.8205
   3      0      -0.6129      -0.4374      -0.3680      -0.5435      -0.4674
                 -0.4417      -0.4202      -0.5282      -0.2388      -0.8153
   4      0      -0.6120      -0.4380      -0.3620      -0.5385      -0.4665
                 -0.4393      -0.4221      -0.5257      -0.2402      -0.8106
   5      0      -0.6120      -0.4364      -0.3623      -0.5387      -0.4639
                 -0.4410      -0.4214      -0.5236      -0.2446      -0.8047
   5     60      -0.6125      -0.4368      -0.3627      -0.5391      -0.4644
                 -0.4414      -0.4218      -0.5241      -0.2450      -0.8051
   5     80      -0.6159      -0.4403      -0.3661      -0.5426      -0.4678
                 -0.4448      -0.4253      -0.5275      -0.2483      -0.8085
   5    100      -0.6253      -0.4497      -0.3753      -0.5520      -0.4772
                 -0.4541      -0.4346      -0.5369      -0.2574      -0.8178
 
 group  inft   Estimated free energy: 3-th solvent contribution (kcal/mol)
   1      0      -1.8358      -1.8792      -2.1206      -1.9109      -1.7659
                 -2.0803      -1.9815      -2.0648      -2.0932      -1.3906
   1     60      -1.8516      -1.8949      -2.1363      -1.9267      -1.7817
                 -2.0960      -1.9972      -2.0805      -2.1091      -1.4061
   1     80      -1.9812      -2.0240      -2.2657      -2.0561      -1.9111
                 -2.2254      -2.1263      -2.2101      -2.2388      -1.5349
   1    100      -2.4561      -2.4981      -2.7406      -2.5308      -2.3851
                 -2.7001      -2.6002      -2.6854      -2.7144      -2.0082
   2      0      -1.8368      -1.8813      -2.1215      -1.9138      -1.7686
                 -2.0835      -1.9833      -2.0674      -2.0940      -1.3936
   3      0      -1.8392      -1.8835      -2.1235      -1.9150      -1.7683
                 -2.0852      -1.9869      -2.0696      -2.0958      -1.3981
   4      0      -1.8377      -1.8770      -2.1191      -1.9139      -1.7692
                 -2.0816      -1.9814      -2.0668      -2.0910      -1.3944
   5      0      -1.8389      -1.8803      -2.1207      -1.9133      -1.7719
                 -2.0832      -1.9878      -2.0703      -2.0923      -1.3998
   5     60      -1.8602      -1.9016      -2.1420      -1.9346      -1.7933
                 -2.1045      -2.0091      -2.0916      -2.1137      -1.4209
   5     80      -2.0217      -2.0626      -2.3032      -2.0960      -1.9545
                 -2.2658      -2.1701      -2.2531      -2.2754      -1.5814
   5    100      -2.4593      -2.4995      -2.7408      -2.5336      -2.3912
                 -2.7034      -2.6067      -2.6911      -2.7137      -2.0177
 
 
 cumulative average & 95% error for solvation free energy
              total             1st component         2nd component         3rd component
  1    -2.4848               -0.0326               -0.6129               -1.8392
  2    -2.4409     0.0878    -0.0543     0.0434    -0.5252     0.1755    -1.8614     0.0443
  3    -2.4093     0.0811     0.0123     0.1356    -0.4728     0.1458    -1.9487     0.1766
  4    -2.4095     0.0573     0.0214     0.0976    -0.4905     0.1090    -1.9403     0.1260
  5    -2.4200     0.0492    -0.0282     0.1247    -0.4859     0.0849    -1.9059     0.1194
  6    -2.4112     0.0439     0.0032     0.1196    -0.4785     0.0709    -1.9358     0.1144
  7    -2.4164     0.0386    -0.0030     0.1019    -0.4702     0.0622    -1.9431     0.0978
  8    -2.4147     0.0336     0.0217     0.1012    -0.4774     0.0558    -1.9589     0.0904
  9    -2.4105     0.0308     0.0146     0.0903    -0.4509     0.0723    -1.9741     0.0853
 10    -2.4299     0.0476    -0.0259     0.1145    -0.4874     0.0974    -1.9165     0.1382
