 ERmod 0.3.8, Copyright (C) 2000-2019 Nobuyuki Matubayasi
                            2010-2019 Shun Sakuraba
 ERmod comes with ABSOLUTELY NO WARRANTY.
 This is free software, and you can redistribute it
 and/or modify it under certain conditions.
 See LICENSE file for details.
 ERmod 0.3.8, Copyright (C) 2000-2019 Nobuyuki Matubayasi
                            2010-2019 Shun Sakuraba
 ERmod comes with ABSOLUTELY NO WARRANTY.
 This is free software, and you can redistribute it
 and/or modify it under certain conditions.
 See LICENSE file for details.
 
  Number of the   1-th solvent  =          180
  Number of the   2-th solvent  =          180
  Number of the   3-th solvent  =        10000
 
  Be sure that the solvent distribution is homogeneous (radial distribution function is essentially unity) when the solvent molecule is separated beyond distance of   10.0 Angstrom in any direction from any atom within the solute molecule
 
  LJ long-range correction    =        -0.0026     -0.0205     -0.3309
 
  Self-energy of the solute   =        -0.0001  kcal/mol
 
 
 cumulative average & 95% error for solvation energy
              total             1st component         2nd component         3rd component
  1   -20.3896               -0.9278               -1.3205              -18.1412
  2   -20.4066     0.0340    -1.4610     1.0663    -1.3125     0.0160   -17.6330     1.0163
  3   -20.4042     0.0202    -0.7957     1.4662    -1.2738     0.0779   -18.3346     1.5209
  4   -20.3992     0.0174    -0.6897     1.0582    -1.3375     0.1387   -18.3719     1.0780
  5   -20.3879     0.0263    -0.5640     0.8573    -1.3997     0.1644   -18.4241     0.8415
  6   -20.3927     0.0236    -0.5063     0.7095    -1.3725     0.1448   -18.5138     0.7101
  7   -20.3651     0.0587    -0.4150     0.6268    -1.4159     0.1500   -18.5341     0.6016
  8   -20.3717     0.0525    -0.5464     0.6030    -1.4263     0.1316   -18.3990     0.5869
  9   -20.3542     0.0581    -0.5024     0.5391    -1.4103     0.1204   -18.4414     0.5245
 10   -20.3569     0.0522    -0.5453     0.4897    -1.3993     0.1099   -18.4122     0.4728
 
 
 group  inft  solvation free energy     error          difference
  total solvation free energy
   1      0         -2.59779           0.03057           0.00845
   1     60         -2.61761           0.03059          -0.01138
   1     80         -2.76610           0.03076          -0.15987
   1    100         -3.27337           0.03121          -0.66713
   2      0         -2.60414           0.03274           0.00209
   3      0         -2.60624           0.03517           0.00000
   4      0         -2.60293           0.03382           0.00331
   5      0         -2.60549           0.03467           0.00074
   5     60         -2.63205           0.03470          -0.02582
   5     80         -2.81513           0.03491          -0.20889
   5    100         -3.28199           0.03543          -0.67575
 
  contribution from  1-th solvent component
   1      0         -0.02403           0.25706           0.01388
   1     60         -0.02392           0.25708           0.01399
   1     80         -0.02336           0.25722           0.01455
   1    100         -0.02243           0.25774           0.01548
   2      0         -0.03521           0.25465           0.00270
   3      0         -0.03791           0.25289           0.00000
   4      0         -0.04044           0.25060          -0.00254
   5      0         -0.04129           0.25008          -0.00338
   5     60         -0.04118           0.25009          -0.00327
   5     80         -0.04077           0.25025          -0.00286
   5    100         -0.04065           0.25069          -0.00274
 
  contribution from  2-th solvent component
   1      0         -0.58666           0.05511          -0.01004
   1     60         -0.58725           0.05511          -0.01063
   1     80         -0.59153           0.05511          -0.01491
   1    100         -0.60569           0.05511          -0.02907
   2      0         -0.57929           0.05466          -0.00268
   3      0         -0.57662           0.05541           0.00000
   4      0         -0.57442           0.05508           0.00219
   5      0         -0.57313           0.05516           0.00348
   5     60         -0.57391           0.05516           0.00270
   5     80         -0.57918           0.05516          -0.00256
   5    100         -0.59212           0.05516          -0.01550
 
  contribution from  3-th solvent component
   1      0         -1.98702           0.25268           0.00461
   1     60         -2.00636           0.25269          -0.01473
   1     80         -2.15113           0.25288          -0.15950
   1    100         -2.64517           0.25383          -0.65354
   2      0         -1.98956           0.25219           0.00207
   3      0         -1.99163           0.25222           0.00000
   4      0         -1.98798           0.25033           0.00365
   5      0         -1.99099           0.25158           0.00064
   5     60         -2.01688           0.25160          -0.02525
   5     80         -2.19510           0.25184          -0.20347
   5    100         -2.64914           0.25272          -0.65751
 
 
 group  inft   Estimated free energy: total (kcal/mol)
   1      0      -2.6073      -2.5264      -2.5853      -2.6311      -2.5556
                 -2.6613      -2.5522      -2.6739      -2.5719      -2.6128
   1     60      -2.6272      -2.5462      -2.6052      -2.6510      -2.5754
                 -2.6812      -2.5719      -2.6936      -2.5916      -2.6327
   1     80      -2.7764      -2.6942      -2.7537      -2.7999      -2.7237
                 -2.8303      -2.7201      -2.8419      -2.7395      -2.7815
   1    100      -3.2852      -3.1991      -3.2615      -3.3080      -3.2306
                 -3.3398      -3.2270      -3.3475      -3.2456      -3.2893
   2      0      -2.6037      -2.5226      -2.6002      -2.6496      -2.5589
                 -2.6711      -2.5560      -2.6804      -2.5810      -2.6177
   3      0      -2.6002      -2.5131      -2.5978      -2.6628      -2.5579
                 -2.6779      -2.5585      -2.6809      -2.5907      -2.6226
   4      0      -2.5919      -2.5117      -2.6041      -2.6543      -2.5599
                 -2.6673      -2.5578      -2.6807      -2.5840      -2.6175
   5      0      -2.5979      -2.5067      -2.5978      -2.6627      -2.5620
                 -2.6759      -2.5603      -2.6739      -2.5971      -2.6208
   5     60      -2.6246      -2.5331      -2.6244      -2.6894      -2.5885
                 -2.7026      -2.5868      -2.7004      -2.6235      -2.6474
   5     80      -2.8084      -2.7155      -2.8075      -2.8730      -2.7713
                 -2.8864      -2.7695      -2.8831      -2.8059      -2.8309
   5    100      -3.2764      -3.1800      -3.2749      -3.3408      -3.2376
                 -3.3556      -3.2361      -3.3485      -3.2719      -3.2981
 
 group  inft   Estimated free energy: 1-th solvent contribution (kcal/mol)
   1      0      -0.2603      -0.7286       0.5612       0.0239       0.2639
                  0.1062       0.3450      -0.5232       0.2143      -0.2426
   1     60      -0.2603      -0.7285       0.5613       0.0240       0.2640
                  0.1063       0.3452      -0.5232       0.2144      -0.2425
   1     80      -0.2601      -0.7282       0.5624       0.0247       0.2645
                  0.1068       0.3460      -0.5229       0.2151      -0.2420
   1    100      -0.2602      -0.7284       0.5650       0.0257       0.2658
                  0.1074       0.3477      -0.5225       0.2167      -0.2415
   2      0      -0.2626      -0.7286       0.5434       0.0006       0.2545
                  0.0917       0.3375      -0.5350       0.1986      -0.2522
   3      0      -0.2635      -0.7217       0.5408      -0.0092       0.2547
                  0.0865       0.3343      -0.5347       0.1887      -0.2548
   4      0      -0.2615      -0.7193       0.5278      -0.0056       0.2460
                  0.0870       0.3316      -0.5368       0.1824      -0.2561
   5      0      -0.2640      -0.7167       0.5376      -0.0134       0.2479
                  0.0803       0.3257      -0.5301       0.1762      -0.2563
   5     60      -0.2639      -0.7166       0.5378      -0.0133       0.2479
                  0.0804       0.3258      -0.5301       0.1763      -0.2561
   5     80      -0.2639      -0.7164       0.5388      -0.0129       0.2483
                  0.0807       0.3265      -0.5299       0.1768      -0.2558
   5    100      -0.2646      -0.7172       0.5406      -0.0128       0.2488
                  0.0803       0.3274      -0.5303       0.1774      -0.2561
 
 group  inft   Estimated free energy: 2-th solvent contribution (kcal/mol)
   1      0      -0.5317      -0.5165      -0.4932      -0.6562      -0.6849
                 -0.4958      -0.7312      -0.6585      -0.5553      -0.5433
   1     60      -0.5322      -0.5171      -0.4938      -0.6568      -0.6855
                 -0.4964      -0.7318      -0.6591      -0.5559      -0.5439
   1     80      -0.5365      -0.5214      -0.4980      -0.6611      -0.6897
                 -0.5007      -0.7361      -0.6633      -0.5602      -0.5482
   1    100      -0.5505      -0.5356      -0.5122      -0.6754      -0.7038
                 -0.5148      -0.7504      -0.6773      -0.5744      -0.5625
   2      0      -0.5223      -0.5097      -0.4904      -0.6486      -0.6751
                 -0.4877      -0.7247      -0.6494      -0.5482      -0.5368
   3      0      -0.5180      -0.5052      -0.4835      -0.6478      -0.6723
                 -0.4859      -0.7234      -0.6487      -0.5466      -0.5347
   4      0      -0.5132      -0.5059      -0.4859      -0.6478      -0.6695
                 -0.4830      -0.7202      -0.6455      -0.5420      -0.5313
   5      0      -0.5110      -0.5041      -0.4815      -0.6467      -0.6699
                 -0.4805      -0.7167      -0.6440      -0.5432      -0.5336
   5     60      -0.5118      -0.5049      -0.4823      -0.6475      -0.6706
                 -0.4813      -0.7175      -0.6448      -0.5440      -0.5344
   5     80      -0.5170      -0.5102      -0.4876      -0.6528      -0.6758
                 -0.4865      -0.7228      -0.6500      -0.5493      -0.5398
   5    100      -0.5298      -0.5231      -0.5005      -0.6660      -0.6887
                 -0.4995      -0.7358      -0.6628      -0.5623      -0.5528
 
 group  inft   Estimated free energy: 3-th solvent contribution (kcal/mol)
   1      0      -1.8152      -1.2812      -2.6532      -1.9988      -2.1345
                 -2.2717      -2.1660      -1.4920      -2.2308      -1.8268
   1     60      -1.8346      -1.3005      -2.6727      -2.0182      -2.1538
                 -2.2911      -2.1853      -1.5113      -2.2500      -1.8462
   1     80      -1.9797      -1.4445      -2.8180      -2.1634      -2.2984
                 -2.4364      -2.3299      -1.6556      -2.3943      -1.9912
   1    100      -2.4744      -1.9350      -3.3143      -2.6582      -2.7925
                 -2.9323      -2.8243      -2.1477      -2.8878      -2.4852
   2      0      -1.8187      -1.2842      -2.6532      -2.0016      -2.1382
                 -2.2751      -2.1687      -1.4959      -2.2314      -1.8286
   3      0      -1.8186      -1.2861      -2.6549      -2.0057      -2.1402
                 -2.2785      -2.1693      -1.4973      -2.2327      -1.8330
   4      0      -1.8171      -1.2864      -2.6458      -2.0008      -2.1364
                 -2.2713      -2.1692      -1.4984      -2.2244      -1.8300
   5      0      -1.8228      -1.2858      -2.6538      -2.0025      -2.1399
                 -2.2756      -2.1692      -1.4997      -2.2299      -1.8308
   5     60      -1.8488      -1.3116      -2.6797      -2.0285      -2.1657
                 -2.3016      -2.1950      -1.5255      -2.2557      -1.8568
   5     80      -2.0274      -1.4888      -2.8587      -2.2072      -2.3437
                 -2.4805      -2.3732      -1.7031      -2.4334      -2.0352
   5    100      -2.4820      -1.9396      -3.3148      -2.6620      -2.7977
                 -2.9363      -2.8276      -2.1553      -2.8869      -2.4892
 
 
 cumulative average & 95% error for solvation free energy
              total             1st component         2nd component         3rd component
  1    -2.6002               -0.2635               -0.5180               -1.8186
  2    -2.5566     0.0871    -0.4926     0.4582    -0.5116     0.0127    -1.5523     0.5325
  3    -2.5703     0.0573    -0.1481     0.7379    -0.5022     0.0201    -1.9199     0.7968
  4    -2.5934     0.0615    -0.1134     0.5264    -0.5386     0.0742    -1.9413     0.5650
  5    -2.5863     0.0497    -0.0398     0.4335    -0.5654     0.0785    -1.9811     0.4448
  6    -2.6016     0.0508    -0.0188     0.3565    -0.5521     0.0693    -2.0307     0.3765
  7    -2.5955     0.0447     0.0317     0.3177    -0.5766     0.0764    -2.0505     0.3206
  8    -2.6061     0.0442    -0.0391     0.3094    -0.5856     0.0685    -1.9813     0.3102
  9    -2.6044     0.0391    -0.0138     0.2776    -0.5813     0.0611    -2.0093     0.2792
 10    -2.6062     0.0352    -0.0379     0.2529    -0.5766     0.0554    -1.9916     0.2522
