 ERmod 0.3.8, Copyright (C) 2000-2019 Nobuyuki Matubayasi
                            2010-2019 Shun Sakuraba
 ERmod comes with ABSOLUTELY NO WARRANTY.
 This is free software, and you can redistribute it
 and/or modify it under certain conditions.
 See LICENSE file for details.
 ERmod 0.3.8, Copyright (C) 2000-2019 Nobuyuki Matubayasi
                            2010-2019 Shun Sakuraba
 ERmod comes with ABSOLUTELY NO WARRANTY.
 This is free software, and you can redistribute it
 and/or modify it under certain conditions.
 See LICENSE file for details.
 
  Number of the   1-th solvent  =          180
  Number of the   2-th solvent  =          180
  Number of the   3-th solvent  =        10000
 
  Be sure that the solvent distribution is homogeneous (radial distribution function is essentially unity) when the solvent molecule is separated beyond distance of   10.0 Angstrom in any direction from any atom within the solute molecule
 
  LJ long-range correction    =        -0.0095     -0.0235     -0.3786
 
  Self-energy of the solute   =         0.0000  kcal/mol
 
 
 cumulative average & 95% error for solvation energy
              total             1st component         2nd component         3rd component
  1   -10.0534                0.2136               -0.5187               -9.7484
  2   -10.0200     0.0668     0.2120     0.0032    -0.5557     0.0741    -9.6762     0.1442
  3   -10.0046     0.0493     0.2076     0.0090    -0.5714     0.0531    -9.6408     0.1094
  4    -9.9933     0.0416     0.2058     0.0073    -0.5839     0.0450    -9.6152     0.0927
  5    -9.9828     0.0384     0.1988     0.0150    -0.5981     0.0449    -9.5837     0.0956
  6    -9.9881     0.0331     0.2033     0.0151    -0.5921     0.0386    -9.5994     0.0842
  7    -9.9939     0.0302     0.2057     0.0137    -0.5836     0.0368    -9.6160     0.0785
  8    -9.9991     0.0282     0.2086     0.0132    -0.5766     0.0348    -9.6312     0.0744
  9    -9.9967     0.0253     0.2092     0.0117    -0.5780     0.0308    -9.6279     0.0660
 10    -9.9942     0.0232     0.2086     0.0105    -0.5811     0.0283    -9.6217     0.0603
 
 
 group  inft  solvation free energy     error          difference
  total solvation free energy
   1      0          3.64946           0.01324          -0.00151
   1     60          3.63568           0.01324          -0.01529
   1     80          3.51988           0.01325          -0.13109
   1    100          3.06956           0.01333          -0.58142
   2      0          3.64027           0.01269          -0.01071
   3      0          3.65098           0.01231           0.00000
   4      0          3.65128           0.01254           0.00031
   5      0          3.69156           0.01242           0.04058
   5     60          3.67275           0.01242           0.02178
   5     80          3.52666           0.01247          -0.12432
   5    100          3.10700           0.01263          -0.54397
 
  contribution from  1-th solvent component
   1      0          0.43643           0.00665           0.00394
   1     60          0.43652           0.00668           0.00402
   1     80          0.43662           0.00692           0.00413
   1    100          0.43382           0.00772           0.00133
   2      0          0.43375           0.00664           0.00126
   3      0          0.43249           0.00671           0.00000
   4      0          0.43130           0.00660          -0.00119
   5      0          0.43153           0.00669          -0.00096
   5     60          0.43161           0.00673          -0.00088
   5     80          0.43137           0.00703          -0.00112
   5    100          0.42823           0.00774          -0.00426
 
  contribution from  2-th solvent component
   1      0         -0.12547           0.01423           0.00408
   1     60         -0.12575           0.01423           0.00380
   1     80         -0.12815           0.01430           0.00140
   1    100         -0.13724           0.01452          -0.00769
   2      0         -0.12883           0.01409           0.00072
   3      0         -0.12955           0.01434           0.00000
   4      0         -0.13103           0.01401          -0.00148
   5      0         -0.13016           0.01365          -0.00060
   5     60         -0.13055           0.01366          -0.00100
   5     80         -0.13366           0.01372          -0.00410
   5    100         -0.14233           0.01388          -0.01277
 
  contribution from  3-th solvent component
   1      0          3.33846           0.03138          -0.00953
   1     60          3.32488           0.03141          -0.02312
   1     80          3.21137           0.03167          -0.13663
   1    100          2.77293           0.03255          -0.57506
   2      0          3.33531           0.03062          -0.01268
   3      0          3.34800           0.03044           0.00000
   4      0          3.35097           0.03015           0.00297
   5      0          3.39014           0.02985           0.04214
   5     60          3.37165           0.02989           0.02365
   5     80          3.22891           0.03020          -0.11909
   5    100          2.82105           0.03100          -0.52694
 
 
 group  inft   Estimated free energy: total (kcal/mol)
   1      0       3.6226       3.6401       3.6583       3.6656       3.6871
                  3.6488       3.6294       3.6238       3.6673       3.6516
   1     60       3.6088       3.6262       3.6445       3.6518       3.6733
                  3.6350       3.6156       3.6101       3.6536       3.6378
   1     80       3.4929       3.5102       3.5285       3.5359       3.5574
                  3.5196       3.4996       3.4945       3.5382       3.5220
   1    100       3.0420       3.0592       3.0772       3.0854       3.1068
                  3.0706       3.0488       3.0448       3.0893       3.0715
   2      0       3.6167       3.6306       3.6460       3.6580       3.6759
                  3.6399       3.6200       3.6162       3.6593       3.6402
   3      0       3.6290       3.6392       3.6576       3.6660       3.6866
                  3.6512       3.6330       3.6270       3.6699       3.6502
   4      0       3.6274       3.6405       3.6566       3.6664       3.6868
                  3.6513       3.6315       3.6291       3.6725       3.6507
   5      0       3.6653       3.6835       3.6966       3.7093       3.7241
                  3.6959       3.6714       3.6678       3.7096       3.6922
   5     60       3.6464       3.6646       3.6777       3.6905       3.7053
                  3.6771       3.6526       3.6490       3.6908       3.6733
   5     80       3.5002       3.5183       3.5312       3.5443       3.5592
                  3.5315       3.5063       3.5032       3.5452       3.5272
   5    100       3.0800       3.0981       3.1107       3.1247       3.1396
                  3.1129       3.0863       3.0839       3.1266       3.1073
 
 group  inft   Estimated free energy: 1-th solvent contribution (kcal/mol)
   1      0       0.4322       0.4354       0.4314       0.4319       0.4181
                  0.4514       0.4402       0.4526       0.4424       0.4288
   1     60       0.4323       0.4355       0.4314       0.4319       0.4181
                  0.4515       0.4403       0.4527       0.4425       0.4288
   1     80       0.4325       0.4356       0.4312       0.4316       0.4175
                  0.4522       0.4405       0.4535       0.4427       0.4288
   1    100       0.4301       0.4331       0.4273       0.4275       0.4126
                  0.4514       0.4379       0.4529       0.4399       0.4255
   2      0       0.4300       0.4331       0.4283       0.4294       0.4151
                  0.4488       0.4368       0.4497       0.4398       0.4264
   3      0       0.4290       0.4313       0.4272       0.4278       0.4140
                  0.4476       0.4362       0.4488       0.4385       0.4246
   4      0       0.4275       0.4304       0.4255       0.4269       0.4132
                  0.4463       0.4347       0.4472       0.4374       0.4238
   5      0       0.4279       0.4305       0.4250       0.4273       0.4133
                  0.4467       0.4346       0.4481       0.4375       0.4244
   5     60       0.4280       0.4306       0.4250       0.4273       0.4133
                  0.4468       0.4347       0.4483       0.4376       0.4244
   5     80       0.4279       0.4305       0.4243       0.4266       0.4122
                  0.4473       0.4346       0.4488       0.4374       0.4240
   5    100       0.4251       0.4276       0.4202       0.4224       0.4073
                  0.4460       0.4316       0.4476       0.4342       0.4203
 
 group  inft   Estimated free energy: 2-th solvent contribution (kcal/mol)
   1      0      -0.0898      -0.1302      -0.1367      -0.1461      -0.1608
                 -0.1167      -0.1008      -0.1021      -0.1331      -0.1385
   1     60      -0.0900      -0.1305      -0.1370      -0.1464      -0.1611
                 -0.1170      -0.1010      -0.1024      -0.1334      -0.1388
   1     80      -0.0923      -0.1329      -0.1394      -0.1489      -0.1636
                 -0.1194      -0.1033      -0.1046      -0.1358      -0.1412
   1    100      -0.1008      -0.1422      -0.1487      -0.1582      -0.1731
                 -0.1286      -0.1122      -0.1130      -0.1451      -0.1505
   2      0      -0.0942      -0.1337      -0.1400      -0.1487      -0.1644
                 -0.1190      -0.1049      -0.1052      -0.1365      -0.1419
   3      0      -0.0936      -0.1347      -0.1399      -0.1505      -0.1649
                 -0.1193      -0.1053      -0.1060      -0.1383      -0.1431
   4      0      -0.0968      -0.1358      -0.1414      -0.1512      -0.1663
                 -0.1207      -0.1068      -0.1081      -0.1382      -0.1449
   5      0      -0.0978      -0.1338      -0.1398      -0.1504      -0.1645
                 -0.1199      -0.1064      -0.1071      -0.1380      -0.1438
   5     60      -0.0982      -0.1342      -0.1402      -0.1508      -0.1649
                 -0.1203      -0.1068      -0.1075      -0.1384      -0.1442
   5     80      -0.1011      -0.1373      -0.1433      -0.1540      -0.1682
                 -0.1234      -0.1098      -0.1104      -0.1416      -0.1474
   5    100      -0.1094      -0.1462      -0.1522      -0.1629      -0.1771
                 -0.1321      -0.1183      -0.1185      -0.1505      -0.1562
 
 group  inft   Estimated free energy: 3-th solvent contribution (kcal/mol)
   1      0       3.2802       3.3348       3.3636       3.3797       3.4297
                  3.3141       3.2900       3.2733       3.3579       3.3613
   1     60       3.2666       3.3212       3.3500       3.3662       3.4162
                  3.3005       3.2763       3.2597       3.3444       3.3477
   1     80       3.1526       3.2074       3.2367       3.2530       3.3034
                  3.1868       3.1624       3.1456       3.2313       3.2343
   1    100       2.7127       2.7683       2.7987       2.8160       2.8671
                  2.7477       2.7230       2.7048       2.7945       2.7964
   2      0       3.2808       3.3312       3.3576       3.3773       3.4252
                  3.3101       3.2880       3.2716       3.3558       3.3556
   3      0       3.2935       3.3426       3.3703       3.3887       3.4374
                  3.3229       3.3021       3.2841       3.3696       3.3686
   4      0       3.2967       3.3459       3.3725       3.3906       3.4398
                  3.3257       3.3035       3.2900       3.3733       3.3718
   5      0       3.3351       3.3867       3.4113       3.4323       3.4753
                  3.3691       3.3432       3.3268       3.4101       3.4116
   5     60       3.3166       3.3681       3.3928       3.4139       3.4569
                  3.3505       3.3246       3.3082       3.3916       3.3931
   5     80       3.1733       3.2251       3.2502       3.2716       3.3151
                  3.2076       3.1815       3.1647       3.2494       3.2506
   5    100       2.7642       2.8166       2.8427       2.8652       2.9093
                  2.7991       2.7729       2.7547       2.8428       2.8432
 
 
 cumulative average & 95% error for solvation free energy
              total             1st component         2nd component         3rd component
  1     3.6290                0.4290               -0.0936                3.2935
  2     3.6341     0.0102     0.4302     0.0022    -0.1141     0.0411     3.3181     0.0491
  3     3.6420     0.0167     0.4292     0.0024    -0.1227     0.0293     3.3355     0.0449
  4     3.6480     0.0169     0.4288     0.0018    -0.1297     0.0249     3.3488     0.0414
  5     3.6557     0.0202     0.4259     0.0061    -0.1367     0.0239     3.3665     0.0478
  6     3.6549     0.0166     0.4295     0.0088    -0.1338     0.0204     3.3593     0.0417
  7     3.6518     0.0153     0.4304     0.0077    -0.1297     0.0191     3.3511     0.0388
  8     3.6487     0.0147     0.4327     0.0081    -0.1268     0.0175     3.3427     0.0375
  9     3.6511     0.0138     0.4334     0.0072    -0.1281     0.0157     3.3457     0.0336
 10     3.6510     0.0123     0.4325     0.0067    -0.1296     0.0143     3.3480     0.0304
