 ERmod 0.3.8, Copyright (C) 2000-2019 Nobuyuki Matubayasi
                            2010-2019 Shun Sakuraba
 ERmod comes with ABSOLUTELY NO WARRANTY.
 This is free software, and you can redistribute it
 and/or modify it under certain conditions.
 See LICENSE file for details.
 ERmod 0.3.8, Copyright (C) 2000-2019 Nobuyuki Matubayasi
                            2010-2019 Shun Sakuraba
 ERmod comes with ABSOLUTELY NO WARRANTY.
 This is free software, and you can redistribute it
 and/or modify it under certain conditions.
 See LICENSE file for details.
 
  Number of the   1-th solvent  =           90
  Number of the   2-th solvent  =           90
  Number of the   3-th solvent  =        10000
 
  Be sure that the solvent distribution is homogeneous (radial distribution function is essentially unity) when the solvent molecule is separated beyond distance of   10.0 Angstrom in any direction from any atom within the solute molecule
 
  LJ long-range correction    =        -0.0020     -0.0096     -0.4966
 
  Self-energy of the solute   =         0.0000  kcal/mol
 
 
 cumulative average & 95% error for solvation energy
              total             1st component         2nd component         3rd component
  1   -12.1430                0.1883               -0.2971              -12.0342
  2   -12.1363     0.0133     0.1849     0.0068    -0.2873     0.0196   -12.0340     0.0005
  3   -12.1423     0.0142     0.1856     0.0041    -0.2861     0.0116   -12.0418     0.0156
  4   -12.1416     0.0101     0.1854     0.0029    -0.2877     0.0088   -12.0393     0.0121
  5   -12.1551     0.0281     0.1856     0.0023    -0.2903     0.0085   -12.0505     0.0242
  6   -12.1536     0.0231     0.1871     0.0035    -0.2929     0.0088   -12.0478     0.0205
  7   -12.1565     0.0204     0.1872     0.0030    -0.2915     0.0080   -12.0524     0.0196
  8   -12.1611     0.0198     0.1852     0.0048    -0.2968     0.0127   -12.0495     0.0179
  9   -12.1578     0.0186     0.1858     0.0044    -0.2958     0.0114   -12.0479     0.0162
 10   -12.1549     0.0177     0.1858     0.0040    -0.2977     0.0109   -12.0430     0.0174
 
 
 group  inft  solvation free energy     error          difference
  total solvation free energy
   1      0          4.34838           0.01656           0.00117
   1     60          4.33954           0.01657          -0.00766
   1     80          4.24422           0.01679          -0.10298
   1    100          3.79571           0.01778          -0.55149
   2      0          4.33760           0.01732          -0.00961
   3      0          4.34721           0.01759           0.00000
   4      0          4.34331           0.01751          -0.00390
   5      0          4.38563           0.01632           0.03842
   5     60          4.37327           0.01634           0.02607
   5     80          4.24838           0.01661          -0.09882
   5    100          3.82560           0.01750          -0.52161
 
  contribution from  1-th solvent component
   1      0          0.21191           0.00389           0.00218
   1     60          0.21199           0.00389           0.00226
   1     80          0.21289           0.00395           0.00316
   1    100          0.21600           0.00428           0.00627
   2      0          0.21031           0.00398           0.00058
   3      0          0.20973           0.00401           0.00000
   4      0          0.20893           0.00397          -0.00080
   5      0          0.20893           0.00391          -0.00080
   5     60          0.20904           0.00391          -0.00069
   5     80          0.21013           0.00398           0.00040
   5    100          0.21269           0.00429           0.00296
 
  contribution from  2-th solvent component
   1      0         -0.10645           0.00781           0.00286
   1     60         -0.10648           0.00782           0.00283
   1     80         -0.10690           0.00792           0.00240
   1    100         -0.10948           0.00835          -0.00018
   2      0         -0.10842           0.00775           0.00088
   3      0         -0.10931           0.00790           0.00000
   4      0         -0.11012           0.00790          -0.00082
   5      0         -0.11029           0.00774          -0.00098
   5     60         -0.11034           0.00775          -0.00103
   5     80         -0.11101           0.00788          -0.00171
   5    100         -0.11367           0.00825          -0.00437
 
  contribution from  3-th solvent component
   1      0          4.24287           0.01571          -0.00387
   1     60          4.23398           0.01573          -0.01276
   1     80          4.13819           0.01592          -0.10854
   1    100          3.68915           0.01681          -0.55759
   2      0          4.23566           0.01579          -0.01108
   3      0          4.24674           0.01577           0.00000
   4      0          4.24446           0.01556          -0.00228
   5      0          4.28694           0.01540           0.04020
   5     60          4.27452           0.01542           0.02779
   5     80          4.14922           0.01566          -0.09752
   5    100          3.72653           0.01644          -0.52020
 
 
 group  inft   Estimated free energy: total (kcal/mol)
   1      0       4.3696       4.3876       4.3419       4.3650       4.3007
                  4.3608       4.3216       4.3245       4.3523       4.3597
   1     60       4.3608       4.3788       4.3331       4.3562       4.2918
                  4.3520       4.3128       4.3157       4.3435       4.3508
   1     80       4.2658       4.2842       4.2378       4.2609       4.1959
                  4.2568       4.2172       4.2200       4.2482       4.2554
   1    100       3.8187       3.8386       3.7894       3.8126       3.7446
                  3.8096       3.7679       3.7693       3.7998       3.8067
   2      0       4.3629       4.3754       4.3344       4.3552       4.2879
                  4.3499       4.3120       4.3070       4.3427       4.3486
   3      0       4.3754       4.3866       4.3430       4.3629       4.2978
                  4.3616       4.3242       4.3143       4.3496       4.3566
   4      0       4.3717       4.3822       4.3417       4.3580       4.2942
                  4.3551       4.3197       4.3095       4.3478       4.3532
   5      0       4.4109       4.4193       4.3812       4.4039       4.3373
                  4.3968       4.3602       4.3607       4.3890       4.3970
   5     60       4.3986       4.4070       4.3689       4.3916       4.3249
                  4.3845       4.3479       4.3483       4.3766       4.3846
   5     80       4.2741       4.2830       4.2440       4.2668       4.1993
                  4.2599       4.2227       4.2228       4.2517       4.2595
   5    100       3.8525       3.8629       3.8212       3.8445       3.7742
                  3.8382       3.7993       3.7978       3.8290       3.8365
 
 group  inft   Estimated free energy: 1-th solvent contribution (kcal/mol)
   1      0       0.2131       0.2036       0.2109       0.2116       0.2103
                  0.2228       0.2149       0.2020       0.2118       0.2183
   1     60       0.2131       0.2036       0.2109       0.2116       0.2104
                  0.2229       0.2150       0.2021       0.2119       0.2184
   1     80       0.2141       0.2045       0.2118       0.2124       0.2114
                  0.2240       0.2159       0.2028       0.2127       0.2192
   1    100       0.2175       0.2071       0.2149       0.2151       0.2150
                  0.2284       0.2194       0.2049       0.2157       0.2223
   2      0       0.2121       0.2018       0.2091       0.2100       0.2084
                  0.2214       0.2140       0.2003       0.2093       0.2165
   3      0       0.2121       0.2010       0.2087       0.2090       0.2079
                  0.2208       0.2140       0.1999       0.2084       0.2156
   4      0       0.2116       0.2002       0.2078       0.2084       0.2072
                  0.2195       0.2132       0.1990       0.2073       0.2149
   5      0       0.2104       0.2007       0.2079       0.2084       0.2072
                  0.2196       0.2129       0.1993       0.2073       0.2157
   5     60       0.2105       0.2008       0.2080       0.2085       0.2073
                  0.2197       0.2130       0.1994       0.2074       0.2158
   5     80       0.2116       0.2018       0.2091       0.2095       0.2085
                  0.2211       0.2141       0.2003       0.2084       0.2168
   5    100       0.2143       0.2039       0.2116       0.2117       0.2116
                  0.2249       0.2170       0.2019       0.2108       0.2193
 
 group  inft   Estimated free energy: 2-th solvent contribution (kcal/mol)
   1      0      -0.1079      -0.0874      -0.0967      -0.1024      -0.1093
                 -0.1134      -0.0973      -0.1298      -0.1006      -0.1196
   1     60      -0.1080      -0.0874      -0.0967      -0.1024      -0.1093
                 -0.1135      -0.0973      -0.1299      -0.1007      -0.1197
   1     80      -0.1085      -0.0875      -0.0969      -0.1028      -0.1099
                 -0.1140      -0.0975      -0.1305      -0.1010      -0.1203
   1    100      -0.1114      -0.0889      -0.0987      -0.1052      -0.1130
                 -0.1172      -0.0994      -0.1340      -0.1035      -0.1235
   2      0      -0.1096      -0.0902      -0.0979      -0.1046      -0.1117
                 -0.1157      -0.0992      -0.1317      -0.1023      -0.1213
   3      0      -0.1098      -0.0911      -0.0986      -0.1052      -0.1128
                 -0.1169      -0.1001      -0.1333      -0.1028      -0.1224
   4      0      -0.1111      -0.0915      -0.0994      -0.1060      -0.1136
                 -0.1178      -0.1011      -0.1339      -0.1038      -0.1231
   5      0      -0.1112      -0.0921      -0.1001      -0.1062      -0.1135
                 -0.1177      -0.1015      -0.1338      -0.1037      -0.1229
   5     60      -0.1113      -0.0922      -0.1001      -0.1062      -0.1136
                 -0.1178      -0.1015      -0.1339      -0.1038      -0.1230
   5     80      -0.1121      -0.0925      -0.1006      -0.1069      -0.1145
                 -0.1186      -0.1020      -0.1348      -0.1044      -0.1239
   5    100      -0.1150      -0.0941      -0.1025      -0.1094      -0.1176
                 -0.1218      -0.1040      -0.1382      -0.1069      -0.1271
 
 group  inft   Estimated free energy: 3-th solvent contribution (kcal/mol)
   1      0       4.2644       4.2714       4.2277       4.2558       4.1996
                  4.2514       4.2039       4.2523       4.2411       4.2610
   1     60       4.2556       4.2625       4.2188       4.2469       4.1907
                  4.2425       4.1950       4.2434       4.2323       4.2521
   1     80       4.1602       4.1672       4.1229       4.1512       4.0943
                  4.1468       4.0988       4.1476       4.1365       4.1564
   1    100       3.7126       3.7204       3.6732       3.7028       3.6425
                  3.6983       3.6479       3.6983       3.6875       3.7079
   2      0       4.2604       4.2637       4.2232       4.2497       4.1911
                  4.2441       4.1972       4.2384       4.2356       4.2533
   3      0       4.2730       4.2767       4.2330       4.2591       4.2028
                  4.2577       4.2103       4.2476       4.2439       4.2633
   4      0       4.2711       4.2734       4.2332       4.2555       4.2005
                  4.2534       4.2076       4.2443       4.2442       4.2613
   5      0       4.3117       4.3107       4.2734       4.3016       4.2436
                  4.2950       4.2488       4.2951       4.2854       4.3042
   5     60       4.2993       4.2983       4.2609       4.2892       4.2312
                  4.2826       4.2363       4.2827       4.2730       4.2918
   5     80       4.1745       4.1736       4.1354       4.1641       4.1052
                  4.1573       4.1105       4.1573       4.1477       4.1665
   5    100       3.7532       3.7530       3.7121       3.7422       3.6802
                  3.7351       3.6863       3.7341       3.7250       3.7443
 
 
 cumulative average & 95% error for solvation free energy
              total             1st component         2nd component         3rd component
  1     4.3754                0.2121               -0.1098                4.2730
  2     4.3810     0.0112     0.2065     0.0111    -0.1004     0.0187     4.2749     0.0036
  3     4.3683     0.0261     0.2072     0.0066    -0.0998     0.0108     4.2609     0.0280
  4     4.3670     0.0187     0.2077     0.0047    -0.1012     0.0081     4.2604     0.0198
  5     4.3531     0.0312     0.2077     0.0037    -0.1035     0.0078     4.2489     0.0277
  6     4.3546     0.0256     0.2099     0.0053    -0.1058     0.0078     4.2504     0.0228
  7     4.3502     0.0233     0.2105     0.0046    -0.1049     0.0068     4.2446     0.0224
  8     4.3457     0.0221     0.2092     0.0048    -0.1085     0.0092     4.2450     0.0194
  9     4.3462     0.0195     0.2091     0.0042    -0.1079     0.0082     4.2449     0.0171
 10     4.3472     0.0176     0.2097     0.0040    -0.1093     0.0079     4.2467     0.0158
