 ERmod 0.3.8, Copyright (C) 2000-2019 Nobuyuki Matubayasi
                            2010-2019 Shun Sakuraba
 ERmod comes with ABSOLUTELY NO WARRANTY.
 This is free software, and you can redistribute it
 and/or modify it under certain conditions.
 See LICENSE file for details.
 ERmod 0.3.8, Copyright (C) 2000-2019 Nobuyuki Matubayasi
                            2010-2019 Shun Sakuraba
 ERmod comes with ABSOLUTELY NO WARRANTY.
 This is free software, and you can redistribute it
 and/or modify it under certain conditions.
 See LICENSE file for details.
 
  Number of the   1-th solvent  =           90
  Number of the   2-th solvent  =           90
  Number of the   3-th solvent  =        10000
 
  Be sure that the solvent distribution is homogeneous (radial distribution function is essentially unity) when the solvent molecule is separated beyond distance of   10.0 Angstrom in any direction from any atom within the solute molecule
 
  LJ long-range correction    =        -0.0073     -0.0113     -0.5842
 
  Self-energy of the solute   =         0.0001  kcal/mol
 
 
 cumulative average & 95% error for solvation energy
              total             1st component         2nd component         3rd component
  1   -14.1351                0.1225               -0.3990              -13.8586
  2   -14.1310     0.0082     0.1429     0.0408    -0.4081     0.0181   -13.8659     0.0145
  3   -14.1185     0.0254     0.1573     0.0372    -0.4016     0.0166   -13.8743     0.0188
  4   -14.1259     0.0233     0.1695     0.0359    -0.3908     0.0246   -13.9047     0.0622
  5   -14.1143     0.0293     0.1717     0.0281    -0.3935     0.0198   -13.8925     0.0540
  6   -14.1205     0.0269     0.1749     0.0238    -0.3916     0.0166   -13.9038     0.0495
  7   -14.1287     0.0281     0.1755     0.0202    -0.3881     0.0158   -13.9162     0.0486
  8   -14.1329     0.0257     0.1798     0.0195    -0.3828     0.0173   -13.9300     0.0503
  9   -14.1383     0.0251     0.1791     0.0172    -0.3866     0.0171   -13.9308     0.0444
 10   -14.1325     0.0253     0.1777     0.0157    -0.3859     0.0153   -13.9244     0.0418
 
 
 group  inft  solvation free energy     error          difference
  total solvation free energy
   1      0          4.84883           0.02059           0.00865
   1     60          4.83929           0.02060          -0.00090
   1     80          4.73265           0.02086          -0.10754
   1    100          4.22178           0.02222          -0.61841
   2      0          4.83406           0.02151          -0.00613
   3      0          4.84019           0.02148           0.00000
   4      0          4.83280           0.02122          -0.00739
   5      0          4.88111           0.02057           0.04092
   5     60          4.86770           0.02059           0.02751
   5     80          4.72727           0.02089          -0.11291
   5    100          4.24472           0.02202          -0.59547
 
  contribution from  1-th solvent component
   1      0          0.34289           0.01084           0.00343
   1     60          0.34291           0.01085           0.00345
   1     80          0.34297           0.01103           0.00351
   1    100          0.34171           0.01192           0.00225
   2      0          0.34070           0.01046           0.00124
   3      0          0.33946           0.01045           0.00000
   4      0          0.33895           0.01037          -0.00051
   5      0          0.33890           0.01051          -0.00056
   5     60          0.33891           0.01052          -0.00055
   5     80          0.33877           0.01075          -0.00068
   5    100          0.33706           0.01153          -0.00240
 
  contribution from  2-th solvent component
   1      0         -0.15871           0.00870           0.00289
   1     60         -0.15875           0.00870           0.00285
   1     80         -0.15940           0.00876           0.00220
   1    100         -0.16297           0.00897          -0.00137
   2      0         -0.16075           0.00862           0.00085
   3      0         -0.16160           0.00858           0.00000
   4      0         -0.16212           0.00848          -0.00052
   5      0         -0.16191           0.00855          -0.00032
   5     60         -0.16199           0.00856          -0.00039
   5     80         -0.16293           0.00862          -0.00133
   5    100         -0.16649           0.00881          -0.00489
 
  contribution from  3-th solvent component
   1      0          4.66460           0.02550           0.00233
   1     60          4.65508           0.02551          -0.00719
   1     80          4.54902           0.02572          -0.11325
   1    100          4.04299           0.02685          -0.61928
   2      0          4.65406           0.02667          -0.00821
   3      0          4.66227           0.02715           0.00000
   4      0          4.65591           0.02695          -0.00636
   5      0          4.70407           0.02561           0.04180
   5     60          4.69071           0.02563           0.02844
   5     80          4.55137           0.02590          -0.11090
   5    100          4.07409           0.02690          -0.58818
 
 
 group  inft   Estimated free energy: total (kcal/mol)
   1      0       4.8158       4.8484       4.8836       4.8635       4.8989
                  4.8208       4.8268       4.8305       4.8118       4.8880
   1     60       4.8062       4.8389       4.8741       4.8541       4.8894
                  4.8113       4.8173       4.8209       4.8023       4.8785
   1     80       4.6987       4.7321       4.7679       4.7481       4.7832
                  4.7042       4.7104       4.7146       4.6952       4.7722
   1    100       4.1842       4.2207       4.2591       4.2407       4.2748
                  4.1915       4.1975       4.2049       4.1814       4.2631
   2      0       4.7992       4.8316       4.8770       4.8441       4.8830
                  4.8020       4.8143       4.8105       4.8019       4.8770
   3      0       4.8053       4.8383       4.8845       4.8476       4.8899
                  4.8066       4.8227       4.8161       4.8094       4.8815
   4      0       4.7969       4.8309       4.8792       4.8382       4.8792
                  4.8001       4.8158       4.8076       4.8054       4.8748
   5      0       4.8471       4.8796       4.9224       4.8932       4.9293
                  4.8525       4.8609       4.8624       4.8458       4.9180
   5     60       4.8336       4.8661       4.9090       4.8799       4.9159
                  4.8390       4.8475       4.8490       4.8323       4.9046
   5     80       4.6922       4.7254       4.7691       4.7404       4.7761
                  4.6981       4.7067       4.7089       4.6914       4.7645
   5    100       4.2066       4.2422       4.2884       4.2609       4.2957
                  4.2140       4.2223       4.2272       4.2066       4.2832
 
 group  inft   Estimated free energy: 1-th solvent contribution (kcal/mol)
   1      0       0.3092       0.3341       0.3437       0.3699       0.3435
                  0.3501       0.3372       0.3662       0.3401       0.3349
   1     60       0.3092       0.3341       0.3437       0.3700       0.3435
                  0.3501       0.3372       0.3663       0.3402       0.3349
   1     80       0.3089       0.3340       0.3437       0.3706       0.3435
                  0.3502       0.3371       0.3668       0.3401       0.3349
   1    100       0.3058       0.3318       0.3422       0.3724       0.3417
                  0.3492       0.3349       0.3678       0.3380       0.3332
   2      0       0.3079       0.3316       0.3431       0.3662       0.3407
                  0.3480       0.3355       0.3630       0.3383       0.3327
   3      0       0.3070       0.3299       0.3417       0.3646       0.3392
                  0.3472       0.3345       0.3622       0.3373       0.3309
   4      0       0.3067       0.3292       0.3417       0.3636       0.3383
                  0.3463       0.3342       0.3618       0.3369       0.3308
   5      0       0.3065       0.3295       0.3407       0.3642       0.3384
                  0.3466       0.3340       0.3621       0.3366       0.3303
   5     60       0.3065       0.3295       0.3407       0.3643       0.3384
                  0.3467       0.3340       0.3622       0.3366       0.3303
   5     80       0.3059       0.3291       0.3405       0.3649       0.3382
                  0.3466       0.3337       0.3626       0.3363       0.3301
   5    100       0.3028       0.3264       0.3385       0.3659       0.3360
                  0.3452       0.3311       0.3630       0.3338       0.3278
 
 group  inft   Estimated free energy: 2-th solvent contribution (kcal/mol)
   1      0      -0.1671      -0.1764      -0.1595      -0.1453      -0.1679
                 -0.1573      -0.1468      -0.1350      -0.1769      -0.1549
   1     60      -0.1671      -0.1765      -0.1596      -0.1453      -0.1680
                 -0.1574      -0.1468      -0.1350      -0.1770      -0.1549
   1     80      -0.1678      -0.1772      -0.1602      -0.1459      -0.1687
                 -0.1580      -0.1474      -0.1354      -0.1777      -0.1556
   1    100      -0.1717      -0.1811      -0.1639      -0.1492      -0.1724
                 -0.1617      -0.1509      -0.1380      -0.1815      -0.1593
   2      0      -0.1693      -0.1791      -0.1611      -0.1475      -0.1695
                 -0.1595      -0.1491      -0.1373      -0.1782      -0.1569
   3      0      -0.1692      -0.1801      -0.1623      -0.1482      -0.1704
                 -0.1597      -0.1505      -0.1382      -0.1793      -0.1581
   4      0      -0.1700      -0.1804      -0.1627      -0.1493      -0.1705
                 -0.1606      -0.1513      -0.1387      -0.1795      -0.1583
   5      0      -0.1690      -0.1804      -0.1626      -0.1485      -0.1703
                 -0.1605      -0.1514      -0.1381      -0.1796      -0.1588
   5     60      -0.1691      -0.1804      -0.1627      -0.1486      -0.1704
                 -0.1605      -0.1514      -0.1381      -0.1797      -0.1589
   5     80      -0.1701      -0.1815      -0.1637      -0.1494      -0.1714
                 -0.1615      -0.1524      -0.1388      -0.1807      -0.1599
   5    100      -0.1739      -0.1853      -0.1673      -0.1527      -0.1751
                 -0.1652      -0.1559      -0.1415      -0.1845      -0.1635
 
 group  inft   Estimated free energy: 3-th solvent contribution (kcal/mol)
   1      0       4.6737       4.6907       4.6994       4.6389       4.7233
                  4.6280       4.6364       4.5992       4.6486       4.7079
   1     60       4.6641       4.6812       4.6900       4.6294       4.7138
                  4.6185       4.6268       4.5896       4.6390       4.6984
   1     80       4.5576       4.5752       4.5844       4.5234       4.6084
                  4.5119       4.5207       4.4831       4.5327       4.5928
   1    100       4.0500       4.0699       4.0808       4.0174       4.1055
                  4.0039       4.0135       3.9750       4.0249       4.0891
   2      0       4.6606       4.6791       4.6949       4.6254       4.7118
                  4.6135       4.6278       4.5847       4.6417       4.7011
   3      0       4.6674       4.6884       4.7050       4.6311       4.7211
                  4.6191       4.6386       4.5921       4.6513       4.7086
   4      0       4.6601       4.6821       4.7001       4.6238       4.7113
                  4.6144       4.6328       4.5844       4.6479       4.7022
   5      0       4.7096       4.7304       4.7443       4.6775       4.7612
                  4.6663       4.6782       4.6383       4.6887       4.7464
   5     60       4.6961       4.7170       4.7310       4.6641       4.7479
                  4.6529       4.6649       4.6249       4.6753       4.7331
   5     80       4.5563       4.5778       4.5922       4.5249       4.6093
                  4.5130       4.5254       4.4850       4.5357       4.5943
   5    100       4.0777       4.1011       4.1171       4.0477       4.1347
                  4.0340       4.0470       4.0057       4.0571       4.1188
 
 
 cumulative average & 95% error for solvation free energy
              total             1st component         2nd component         3rd component
  1     4.8053                0.3070               -0.1692                4.6674
  2     4.8218     0.0330     0.3185     0.0229    -0.1746     0.0109     4.6779     0.0211
  3     4.8427     0.0459     0.3262     0.0203    -0.1705     0.0104     4.6869     0.0218
  4     4.8439     0.0326     0.3358     0.0240    -0.1649     0.0134     4.6730     0.0319
  5     4.8531     0.0312     0.3365     0.0186    -0.1660     0.0106     4.6826     0.0313
  6     4.8454     0.0298     0.3383     0.0156    -0.1650     0.0089     4.6720     0.0332
  7     4.8421     0.0260     0.3377     0.0133    -0.1629     0.0086     4.6672     0.0296
  8     4.8389     0.0235     0.3408     0.0130    -0.1598     0.0097     4.6579     0.0318
  9     4.8356     0.0217     0.3404     0.0115    -0.1620     0.0096     4.6571     0.0281
 10     4.8402     0.0215     0.3395     0.0105    -0.1616     0.0086     4.6623     0.0271
