 ERmod 0.3.8, Copyright (C) 2000-2019 Nobuyuki Matubayasi
                            2010-2019 Shun Sakuraba
 ERmod comes with ABSOLUTELY NO WARRANTY.
 This is free software, and you can redistribute it
 and/or modify it under certain conditions.
 See LICENSE file for details.
 ERmod 0.3.8, Copyright (C) 2000-2019 Nobuyuki Matubayasi
                            2010-2019 Shun Sakuraba
 ERmod comes with ABSOLUTELY NO WARRANTY.
 This is free software, and you can redistribute it
 and/or modify it under certain conditions.
 See LICENSE file for details.
 
  Number of the   1-th solvent  =           90
  Number of the   2-th solvent  =           90
  Number of the   3-th solvent  =        10000
 
  Be sure that the solvent distribution is homogeneous (radial distribution function is essentially unity) when the solvent molecule is separated beyond distance of   10.0 Angstrom in any direction from any atom within the solute molecule
 
  LJ long-range correction    =        -0.0013     -0.0047     -0.1509
 
  Self-energy of the solute   =        -0.0001  kcal/mol
 
 
 cumulative average & 95% error for solvation energy
              total             1st component         2nd component         3rd component
  1   -15.7876               -0.6180               -0.3769              -14.7926
  2   -15.7687     0.0378    -0.6035     0.0291    -0.5252     0.2966   -14.6399     0.3053
  3   -15.7942     0.0553    -0.5716     0.0659    -0.6269     0.2658   -14.5956     0.1973
  4   -15.7973     0.0396    -0.4439     0.2597    -0.6877     0.2240   -14.6656     0.1977
  5   -15.8085     0.0380    -0.6218     0.4087    -0.6155     0.2258   -14.5712     0.2431
  6   -15.7890     0.0498    -0.7922     0.4770    -0.6542     0.2000   -14.3425     0.4985
  7   -15.7833     0.0436    -0.8049     0.4040    -0.6760     0.1745   -14.3024     0.4289
  8   -15.7859     0.0381    -0.8048     0.3498    -0.6963     0.1565   -14.2847     0.3731
  9   -15.7742     0.0410    -0.7913     0.3097    -0.7126     0.1418   -14.2703     0.3303
 10   -15.7648     0.0413    -0.7499     0.2891    -0.7209     0.1279   -14.2938     0.2992
 
 
 group  inft  solvation free energy     error          difference
  total solvation free energy
   1      0         -3.39597           0.05118          -0.01018
   1     60         -3.41193           0.05120          -0.02614
   1     80         -3.50934           0.05135          -0.12355
   1    100         -3.81590           0.05174          -0.43011
   2      0         -3.38804           0.05046          -0.00226
   3      0         -3.38579           0.04995           0.00000
   4      0         -3.37675           0.05071           0.00903
   5      0         -3.37993           0.04934           0.00586
   5     60         -3.40087           0.04938          -0.01509
   5     80         -3.51897           0.04956          -0.13319
   5    100         -3.80028           0.04994          -0.41449
 
  contribution from  1-th solvent component
   1      0         -0.31864           0.14217          -0.00310
   1     60         -0.31870           0.14218          -0.00316
   1     80         -0.31909           0.14223          -0.00355
   1    100         -0.32056           0.14235          -0.00502
   2      0         -0.31704           0.13800          -0.00149
   3      0         -0.31554           0.13645           0.00000
   4      0         -0.31335           0.13642           0.00219
   5      0         -0.31246           0.13534           0.00309
   5     60         -0.31255           0.13534           0.00299
   5     80         -0.31313           0.13536           0.00241
   5    100         -0.31470           0.13542           0.00085
 
  contribution from  2-th solvent component
   1      0         -0.35604           0.07000          -0.00909
   1     60         -0.35631           0.07000          -0.00937
   1     80         -0.35789           0.07002          -0.01094
   1    100         -0.36263           0.07006          -0.01569
   2      0         -0.34889           0.06813          -0.00194
   3      0         -0.34695           0.06758           0.00000
   4      0         -0.34520           0.06675           0.00175
   5      0         -0.34381           0.06625           0.00313
   5     60         -0.34417           0.06626           0.00278
   5     80         -0.34608           0.06627           0.00087
   5    100         -0.35043           0.06630          -0.00348
 
  contribution from  3-th solvent component
   1      0         -2.72119           0.14973           0.00201
   1     60         -2.73682           0.14976          -0.01362
   1     80         -2.83227           0.14997          -0.10906
   1    100         -3.13261           0.15057          -0.40941
   2      0         -2.72202           0.14934           0.00118
   3      0         -2.72320           0.14947           0.00000
   4      0         -2.71810           0.14780           0.00510
   5      0         -2.72356           0.14872          -0.00036
   5     60         -2.74406           0.14876          -0.02086
   5     80         -2.85967           0.14902          -0.13647
   5    100         -3.13506           0.14957          -0.41186
 
 
 group  inft   Estimated free energy: total (kcal/mol)
   1      0      -3.3580      -3.3150      -3.5418      -3.3940      -3.4568
                 -3.3167      -3.3601      -3.5064      -3.3174      -3.3933
   1     60      -3.3740      -3.3311      -3.5579      -3.4100      -3.4728
                 -3.3326      -3.3760      -3.5225      -3.3332      -3.4093
   1     80      -3.4713      -3.4290      -3.6557      -3.5076      -3.5705
                 -3.4292      -3.4733      -3.6200      -3.4302      -3.5066
   1    100      -3.7776      -3.7371      -3.9637      -3.8147      -3.8780
                 -3.7334      -3.7797      -3.9265      -3.7354      -3.8129
   2      0      -3.3644      -3.3094      -3.5276      -3.3973      -3.4437
                 -3.3014      -3.3438      -3.4958      -3.3057      -3.3912
   3      0      -3.3658      -3.3064      -3.5252      -3.4037      -3.4430
                 -3.2967      -3.3374      -3.4822      -3.3034      -3.3938
   4      0      -3.3585      -3.2967      -3.5135      -3.3864      -3.4373
                 -3.2907      -3.3275      -3.4838      -3.2910      -3.3821
   5      0      -3.3696      -3.3009      -3.5182      -3.3999      -3.4309
                 -3.2933      -3.3288      -3.4775      -3.2984      -3.3817
   5     60      -3.3905      -3.3220      -3.5393      -3.4209      -3.4519
                 -3.3141      -3.3496      -3.4985      -3.3192      -3.4027
   5     80      -3.5086      -3.4407      -3.6579      -3.5393      -3.5703
                 -3.4312      -3.4676      -3.6168      -3.4367      -3.5207
   5    100      -3.7898      -3.7234      -3.9404      -3.8212      -3.8522
                 -3.7101      -3.7488      -3.8981      -3.7168      -3.8019
 
 group  inft   Estimated free energy: 1-th solvent contribution (kcal/mol)
   1      0      -0.2586      -0.1966      -0.2558       0.0474      -0.6169
                 -0.7358      -0.3724      -0.3714      -0.2744      -0.1520
   1     60      -0.2587      -0.1967      -0.2559       0.0474      -0.6169
                 -0.7359      -0.3724      -0.3714      -0.2744      -0.1521
   1     80      -0.2590      -0.1970      -0.2563       0.0472      -0.6174
                 -0.7363      -0.3729      -0.3719      -0.2748      -0.1524
   1    100      -0.2604      -0.1984      -0.2579       0.0462      -0.6192
                 -0.7380      -0.3746      -0.3733      -0.2762      -0.1538
   2      0      -0.2611      -0.1994      -0.2515       0.0345      -0.6068
                 -0.7259      -0.3663      -0.3664      -0.2701      -0.1575
   3      0      -0.2604      -0.1973      -0.2511       0.0277      -0.6051
                 -0.7220      -0.3621      -0.3595      -0.2656      -0.1599
   4      0      -0.2592      -0.1940      -0.2466       0.0272      -0.6038
                 -0.7201      -0.3580      -0.3588      -0.2646      -0.1557
   5      0      -0.2597      -0.1916      -0.2475       0.0221      -0.5995
                 -0.7197      -0.3573      -0.3524      -0.2621      -0.1569
   5     60      -0.2598      -0.1917      -0.2476       0.0220      -0.5996
                 -0.7198      -0.3574      -0.3525      -0.2622      -0.1570
   5     80      -0.2603      -0.1923      -0.2482       0.0216      -0.6002
                 -0.7204      -0.3580      -0.3531      -0.2628      -0.1576
   5    100      -0.2618      -0.1938      -0.2498       0.0203      -0.6019
                 -0.7220      -0.3597      -0.3547      -0.2644      -0.1591
 
 group  inft   Estimated free energy: 2-th solvent contribution (kcal/mol)
   1      0      -0.1520      -0.3102      -0.4557      -0.4178      -0.1769
                 -0.4154      -0.3696      -0.4723      -0.3823      -0.4084
   1     60      -0.1522      -0.3105      -0.4560      -0.4181      -0.1771
                 -0.4157      -0.3698      -0.4726      -0.3825      -0.4086
   1     80      -0.1537      -0.3121      -0.4576      -0.4197      -0.1787
                 -0.4172      -0.3714      -0.4742      -0.3841      -0.4102
   1    100      -0.1583      -0.3168      -0.4625      -0.4246      -0.1834
                 -0.4219      -0.3760      -0.4791      -0.3887      -0.4150
   2      0      -0.1546      -0.3004      -0.4472      -0.4089      -0.1734
                 -0.4079      -0.3574      -0.4650      -0.3745      -0.3998
   3      0      -0.1549      -0.2986      -0.4447      -0.4071      -0.1715
                 -0.4069      -0.3539      -0.4586      -0.3738      -0.3995
   4      0      -0.1574      -0.2962      -0.4429      -0.4007      -0.1722
                 -0.4030      -0.3531      -0.4609      -0.3684      -0.3971
   5      0      -0.1600      -0.2980      -0.4388      -0.3998      -0.1673
                 -0.4032      -0.3491      -0.4566      -0.3717      -0.3937
   5     60      -0.1603      -0.2983      -0.4391      -0.4002      -0.1676
                 -0.4035      -0.3494      -0.4570      -0.3721      -0.3941
   5     80      -0.1622      -0.3002      -0.4411      -0.4021      -0.1695
                 -0.4054      -0.3513      -0.4590      -0.3739      -0.3960
   5    100      -0.1664      -0.3046      -0.4455      -0.4066      -0.1738
                 -0.4098      -0.3556      -0.4634      -0.3782      -0.4004
 
 group  inft   Estimated free energy: 3-th solvent contribution (kcal/mol)
   1      0      -2.9473      -2.8081      -2.8302      -3.0236      -2.6630
                 -2.1655      -2.6181      -2.6627      -2.6606      -2.8329
   1     60      -2.9630      -2.8239      -2.8459      -3.0393      -2.6787
                 -2.1810      -2.6336      -2.6783      -2.6762      -2.8485
   1     80      -3.0584      -2.9198      -2.9417      -3.1351      -2.7743
                 -2.2756      -2.7289      -2.7738      -2.7712      -2.9438
   1    100      -3.3588      -3.2217      -3.2433      -3.4363      -3.0753
                 -2.5733      -3.0290      -3.0740      -3.0703      -3.2440
   2      0      -2.9486      -2.8096      -2.8289      -3.0229      -2.6635
                 -2.1675      -2.6201      -2.6644      -2.6611      -2.8338
   3      0      -2.9504      -2.8105      -2.8293      -3.0242      -2.6662
                 -2.1677      -2.6213      -2.6640      -2.6640      -2.8343
   4      0      -2.9418      -2.8064      -2.8238      -3.0128      -2.6613
                 -2.1675      -2.6164      -2.6640      -2.6578      -2.8292
   5      0      -2.9498      -2.8112      -2.8319      -3.0221      -2.6641
                 -2.1703      -2.6223      -2.6684      -2.6645      -2.8310
   5     60      -2.9703      -2.8319      -2.8525      -3.0426      -2.6846
                 -2.1907      -2.6427      -2.6890      -2.6848      -2.8514
   5     80      -3.0860      -2.9481      -2.9686      -3.1586      -2.8004
                 -2.3052      -2.7581      -2.8046      -2.7999      -2.9670
   5    100      -3.3614      -3.2249      -3.2451      -3.4348      -3.0764
                 -2.5782      -3.0334      -3.0800      -3.0742      -3.2423
 
 
 cumulative average & 95% error for solvation free energy
              total             1st component         2nd component         3rd component
  1    -3.3658               -0.2604               -0.1549               -2.9504
  2    -3.3361     0.0594    -0.2288     0.0632    -0.2268     0.1437    -2.8804     0.1399
  3    -3.3992     0.1306    -0.2363     0.0394    -0.2994     0.1673    -2.8634     0.0877
  4    -3.4003     0.0924    -0.1703     0.1349    -0.3263     0.1300    -2.9036     0.1015
  5    -3.4088     0.0736    -0.2573     0.2029    -0.2954     0.1182    -2.8561     0.1233
  6    -3.3902     0.0707    -0.3347     0.2268    -0.3139     0.1034    -2.7414     0.2506
  7    -3.3826     0.0617    -0.3386     0.1919    -0.3197     0.0881    -2.7242     0.2145
  8    -3.3951     0.0589    -0.3412     0.1662    -0.3370     0.0839    -2.7167     0.1864
  9    -3.3849     0.0558    -0.3328     0.1476    -0.3411     0.0744    -2.7109     0.1648
 10    -3.3858     0.0499    -0.3155     0.1364    -0.3469     0.0676    -2.7232     0.1495
