 ERmod 0.3.8, Copyright (C) 2000-2019 Nobuyuki Matubayasi
                            2010-2019 Shun Sakuraba
 ERmod comes with ABSOLUTELY NO WARRANTY.
 This is free software, and you can redistribute it
 and/or modify it under certain conditions.
 See LICENSE file for details.
 ERmod 0.3.8, Copyright (C) 2000-2019 Nobuyuki Matubayasi
                            2010-2019 Shun Sakuraba
 ERmod comes with ABSOLUTELY NO WARRANTY.
 This is free software, and you can redistribute it
 and/or modify it under certain conditions.
 See LICENSE file for details.
 
  Number of the   1-th solvent  =          180
  Number of the   2-th solvent  =          180
  Number of the   3-th solvent  =        10000
 
  Be sure that the solvent distribution is homogeneous (radial distribution function is essentially unity) when the solvent molecule is separated beyond distance of   10.0 Angstrom in any direction from any atom within the solute molecule
 
  LJ long-range correction    =        -0.0034     -0.0168     -0.4338
 
  Self-energy of the solute   =        -0.0001  kcal/mol
 
 
 cumulative average & 95% error for solvation energy
              total             1st component         2nd component         3rd component
  1   -22.3473                0.4364               -1.0055              -21.7780
  2   -22.5904     0.4862    -0.2532     1.3793    -1.4307     0.8504   -20.9063     1.7435
  3   -22.6129     0.2843    -0.1057     0.8493    -1.5039     0.5123   -21.0032     1.0251
  4   -22.6342     0.2055    -0.2650     0.6798    -1.6485     0.4635   -20.7207     0.9191
  5   -22.6445     0.1605    -0.6752     0.9749    -1.5477     0.4117   -20.4214     0.9301
  6   -22.6365     0.1320    -0.7656     0.8163    -1.5340     0.3372   -20.3367     0.7781
  7   -22.6420     0.1121    -0.8227     0.6993    -1.4555     0.3254   -20.3636     0.6598
  8   -22.6205     0.1061    -0.7707     0.6145    -1.4440     0.2827   -20.4058     0.5776
  9   -22.6364     0.0989    -0.7565     0.5427    -1.4802     0.2597   -20.3995     0.5095
 10   -22.6339     0.0886    -0.7103     0.4941    -1.4019     0.2802   -20.5216     0.5170
 
 
 group  inft  solvation free energy     error          difference
  total solvation free energy
   1      0         -1.98478           0.08159           0.00080
   1     60         -2.00170           0.08160          -0.01612
   1     80         -2.15255           0.08177          -0.16697
   1    100         -2.73845           0.08215          -0.75287
   2      0         -1.98492           0.08238           0.00066
   3      0         -1.98558           0.08186           0.00000
   4      0         -1.98113           0.08351           0.00444
   5      0         -1.98247           0.08183           0.00311
   5     60         -2.00560           0.08185          -0.02003
   5     80         -2.19579           0.08205          -0.21022
   5    100         -2.73733           0.08239          -0.75176
 
  contribution from  1-th solvent component
   1      0         -0.10738           0.26240           0.00807
   1     60         -0.10728           0.26241           0.00816
   1     80         -0.10677           0.26255           0.00867
   1    100         -0.10618           0.26312           0.00926
   2      0         -0.11341           0.26080           0.00203
   3      0         -0.11544           0.26101           0.00000
   4      0         -0.11516           0.25982           0.00028
   5      0         -0.11629           0.25975          -0.00085
   5     60         -0.11616           0.25977          -0.00072
   5     80         -0.11578           0.25994          -0.00034
   5    100         -0.11574           0.26046          -0.00030
 
  contribution from  2-th solvent component
   1      0         -0.64831           0.15280          -0.01165
   1     60         -0.64864           0.15280          -0.01198
   1     80         -0.65169           0.15283          -0.01504
   1    100         -0.66371           0.15290          -0.02706
   2      0         -0.64023           0.15154          -0.00358
   3      0         -0.63666           0.15061           0.00000
   4      0         -0.63645           0.15173           0.00020
   5      0         -0.63423           0.15024           0.00243
   5     60         -0.63469           0.15024           0.00196
   5     80         -0.63858           0.15025          -0.00192
   5    100         -0.64977           0.15028          -0.01311
 
  contribution from  3-th solvent component
   1      0         -1.22898           0.27086           0.00438
   1     60         -1.24567           0.27088          -0.01230
   1     80         -1.39397           0.27099          -0.16060
   1    100         -1.96844           0.27176          -0.73507
   2      0         -1.23116           0.27040           0.00221
   3      0         -1.23337           0.27055           0.00000
   4      0         -1.22940           0.26955           0.00397
   5      0         -1.23183           0.26984           0.00153
   5     60         -1.25464           0.26986          -0.02127
   5     80         -1.44132           0.27003          -0.20795
   5    100         -1.97171           0.27078          -0.73835
 
 
 group  inft   Estimated free energy: total (kcal/mol)
   1      0      -1.7412      -2.1984      -2.0182      -2.1408      -1.9474
                 -2.0358      -1.9888      -1.9193      -1.9780      -1.8797
   1     60      -1.7581      -2.2153      -2.0352      -2.1577      -1.9643
                 -2.0528      -2.0058      -1.9362      -1.9949      -1.8967
   1     80      -1.9082      -2.3667      -2.1862      -2.3085      -2.1147
                 -2.2037      -2.1572      -2.0867      -2.1459      -2.0476
   1    100      -2.4929      -2.9541      -2.7722      -2.8942      -2.6981
                 -2.7898      -2.7446      -2.6717      -2.7327      -2.6342
   2      0      -1.7351      -2.1982      -2.0288      -2.1375      -1.9348
                 -2.0299      -1.9972      -1.9317      -1.9807      -1.8752
   3      0      -1.7358      -2.1949      -2.0370      -2.1343      -1.9330
                 -2.0298      -1.9953      -1.9371      -1.9853      -1.8733
   4      0      -1.7266      -2.1934      -2.0384      -2.1331      -1.9248
                 -2.0239      -1.9879      -1.9311      -1.9855      -1.8665
   5      0      -1.7298      -2.1914      -2.0394      -2.1290      -1.9268
                 -2.0203      -1.9851      -1.9398      -1.9903      -1.8728
   5     60      -1.7528      -2.2146      -2.0626      -2.1521      -1.9499
                 -2.0434      -2.0084      -1.9629      -2.0134      -1.8960
   5     80      -1.9422      -2.4053      -2.2530      -2.3422      -2.1394
                 -2.2336      -2.1992      -2.1528      -2.2039      -2.0863
   5    100      -2.4826      -2.9482      -2.7949      -2.8835      -2.6787
                 -2.7751      -2.7418      -2.6937      -2.7462      -2.6285
 
 group  inft   Estimated free energy: 1-th solvent contribution (kcal/mol)
   1      0       0.5457      -0.2694       0.3313      -0.2244      -0.9053
                 -0.4016      -0.3453       0.0345      -0.0186       0.1794
   1     60       0.5458      -0.2693       0.3314      -0.2244      -0.9053
                 -0.4016      -0.3453       0.0346      -0.0185       0.1796
   1     80       0.5467      -0.2689       0.3322      -0.2242      -0.9050
                 -0.4014      -0.3449       0.0354      -0.0179       0.1804
   1    100       0.5486      -0.2693       0.3338      -0.2246      -0.9054
                 -0.4019      -0.3451       0.0368      -0.0171       0.1822
   2      0       0.5458      -0.2756       0.3103      -0.2248      -0.9021
                 -0.4071      -0.3527       0.0197      -0.0295       0.1818
   3      0       0.5490      -0.2753       0.3024      -0.2253      -0.9061
                 -0.4048      -0.3554       0.0156      -0.0385       0.1839
   4      0       0.5496      -0.2775       0.2996      -0.2249      -0.8982
                 -0.4043      -0.3551       0.0145      -0.0395       0.1842
   5      0       0.5527      -0.2791       0.2948      -0.2223      -0.9023
                 -0.3997      -0.3522       0.0091      -0.0467       0.1828
   5     60       0.5529      -0.2790       0.2950      -0.2223      -0.9022
                 -0.3996      -0.3520       0.0093      -0.0466       0.1830
   5     80       0.5537      -0.2788       0.2955      -0.2223      -0.9021
                 -0.3995      -0.3519       0.0098      -0.0462       0.1839
   5    100       0.5552      -0.2797       0.2964      -0.2232      -0.9028
                 -0.4004      -0.3524       0.0104      -0.0462       0.1854
 
 group  inft   Estimated free energy: 2-th solvent contribution (kcal/mol)
   1      0      -0.3903      -0.9534      -0.7618      -1.0093      -0.5091
                 -0.7219      -0.4528      -0.6221      -0.7874      -0.2749
   1     60      -0.3906      -0.9538      -0.7621      -1.0096      -0.5095
                 -0.7223      -0.4531      -0.6224      -0.7878      -0.2753
   1     80      -0.3937      -0.9569      -0.7652      -1.0127      -0.5125
                 -0.7253      -0.4561      -0.6254      -0.7909      -0.2783
   1    100      -0.4055      -0.9693      -0.7772      -1.0247      -0.5245
                 -0.7373      -0.4681      -0.6374      -0.8031      -0.2901
   2      0      -0.3854      -0.9429      -0.7497      -1.0039      -0.4985
                 -0.7074      -0.4501      -0.6176      -0.7757      -0.2710
   3      0      -0.3851      -0.9360      -0.7467      -0.9984      -0.4914
                 -0.7057      -0.4465      -0.6146      -0.7715      -0.2708
   4      0      -0.3854      -0.9391      -0.7481      -1.0034      -0.4908
                 -0.7023      -0.4427      -0.6137      -0.7698      -0.2692
   5      0      -0.3895      -0.9339      -0.7438      -0.9965      -0.4892
                 -0.7013      -0.4380      -0.6145      -0.7661      -0.2695
   5     60      -0.3899      -0.9344      -0.7442      -0.9970      -0.4896
                 -0.7017      -0.4384      -0.6150      -0.7666      -0.2700
   5     80      -0.3938      -0.9384      -0.7481      -1.0009      -0.4935
                 -0.7056      -0.4423      -0.6188      -0.7705      -0.2738
   5    100      -0.4049      -0.9498      -0.7593      -1.0120      -0.5046
                 -0.7167      -0.4534      -0.6300      -0.7818      -0.2850
 
 group  inft   Estimated free energy: 3-th solvent contribution (kcal/mol)
   1      0      -1.8965      -0.9754      -1.5876      -0.9069      -0.5328
                 -0.9122      -1.1906      -1.3317      -1.1719      -1.7841
   1     60      -1.9131      -0.9921      -1.6044      -0.9235      -0.5494
                 -0.9288      -1.2074      -1.3484      -1.1886      -1.8009
   1     80      -2.0611      -1.1407      -1.7530      -1.0715      -0.6971
                 -1.0769      -1.3561      -1.4966      -1.3371      -1.9497
   1    100      -2.6359      -1.7155      -2.3287      -1.6448      -1.2682
                 -1.6504      -1.9314      -2.0710      -1.9124      -2.5262
   2      0      -1.8954      -0.9796      -1.5893      -0.9088      -0.5340
                 -0.9153      -1.1943      -1.3337      -1.1754      -1.7858
   3      0      -1.8996      -0.9836      -1.5926      -0.9105      -0.5354
                 -0.9193      -1.1932      -1.3380      -1.1752      -1.7863
   4      0      -1.8907      -0.9767      -1.5898      -0.9046      -0.5357
                 -0.9172      -1.1900      -1.3318      -1.1761      -1.7814
   5      0      -1.8929      -0.9782      -1.5903      -0.9100      -0.5352
                 -0.9192      -1.1949      -1.3343      -1.1773      -1.7860
   5     60      -1.9156      -1.0011      -1.6132      -0.9327      -0.5579
                 -0.9420      -1.2178      -1.3571      -1.2002      -1.8089
   5     80      -2.1020      -1.1880      -1.8003      -1.1189      -0.7438
                 -1.1284      -1.4049      -1.5437      -1.3871      -1.9962
   5    100      -2.6327      -1.7186      -2.3319      -1.6482      -1.2711
                 -1.6579      -1.9358      -2.0740      -1.9181      -2.5288
 
 
 cumulative average & 95% error for solvation free energy
              total             1st component         2nd component         3rd component
  1    -1.7358                0.5490               -0.3851               -1.8996
  2    -1.9654     0.4591     0.1369     0.8243    -0.6606     0.5508    -1.4416     0.9160
  3    -1.9892     0.2694     0.1920     0.4885    -0.6893     0.3232    -1.4919     0.5384
  4    -2.0255     0.2038     0.0877     0.4036    -0.7665     0.2759    -1.3466     0.4790
  5    -2.0070     0.1621    -0.1110     0.5057    -0.7115     0.2404    -1.1843     0.4929
  6    -2.0108     0.1326    -0.1600     0.4244    -0.7105     0.1963    -1.1402     0.4120
  7    -2.0086     0.1122    -0.1879     0.3630    -0.6728     0.1822    -1.1477     0.3485
  8    -1.9996     0.0988    -0.1625     0.3184    -0.6655     0.1585    -1.1715     0.3056
  9    -1.9981     0.0872    -0.1487     0.2822    -0.6773     0.1417    -1.1719     0.2695
 10    -1.9856     0.0819    -0.1154     0.2610    -0.6367     0.1506    -1.2334     0.2706
