 ERmod 0.3.8, Copyright (C) 2000-2019 Nobuyuki Matubayasi
                            2010-2019 Shun Sakuraba
 ERmod comes with ABSOLUTELY NO WARRANTY.
 This is free software, and you can redistribute it
 and/or modify it under certain conditions.
 See LICENSE file for details.
 ERmod 0.3.8, Copyright (C) 2000-2019 Nobuyuki Matubayasi
                            2010-2019 Shun Sakuraba
 ERmod comes with ABSOLUTELY NO WARRANTY.
 This is free software, and you can redistribute it
 and/or modify it under certain conditions.
 See LICENSE file for details.
 
  Number of the   1-th solvent  =          180
  Number of the   2-th solvent  =          180
  Number of the   3-th solvent  =        10000
 
  Be sure that the solvent distribution is homogeneous (radial distribution function is essentially unity) when the solvent molecule is separated beyond distance of   10.0 Angstrom in any direction from any atom within the solute molecule
 
  LJ long-range correction    =        -0.0078     -0.0057     -0.3103
 
  Self-energy of the solute   =         0.0000  kcal/mol
 
 
 cumulative average & 95% error for solvation energy
              total             1st component         2nd component         3rd component
  1    -8.2227                0.1562               -0.2973               -8.0817
  2    -8.2060     0.0335     0.1598     0.0073    -0.2881     0.0182    -8.0777     0.0080
  3    -8.2113     0.0221     0.1618     0.0057    -0.2855     0.0118    -8.0877     0.0205
  4    -8.2084     0.0167     0.1596     0.0059    -0.2868     0.0088    -8.0812     0.0195
  5    -8.2084     0.0130     0.1553     0.0098    -0.2875     0.0069    -8.0762     0.0181
  6    -8.2026     0.0156     0.1563     0.0083    -0.2855     0.0069    -8.0735     0.0158
  7    -8.2049     0.0139     0.1547     0.0077    -0.2868     0.0064    -8.0728     0.0134
  8    -8.2072     0.0129     0.1546     0.0067    -0.2872     0.0056    -8.0746     0.0122
  9    -8.2082     0.0116     0.1542     0.0060    -0.2868     0.0050    -8.0756     0.0109
 10    -8.2099     0.0109     0.1556     0.0060    -0.2860     0.0048    -8.0795     0.0126
 
 
 group  inft  solvation free energy     error          difference
  total solvation free energy
   1      0          3.64257           0.01319          -0.00794
   1     60          3.63436           0.01321          -0.01615
   1     80          3.55615           0.01345          -0.09436
   1    100          3.21985           0.01457          -0.43066
   2      0          3.63731           0.01239          -0.01320
   3      0          3.65051           0.01263           0.00000
   4      0          3.65655           0.01199           0.00604
   5      0          3.70962           0.01207           0.05910
   5     60          3.69831           0.01209           0.04780
   5     80          3.59820           0.01237          -0.05231
   5    100          3.28306           0.01333          -0.36746
 
  contribution from  1-th solvent component
   1      0          0.36367           0.00480           0.00381
   1     60          0.36364           0.00481           0.00378
   1     80          0.36335           0.00495           0.00349
   1    100          0.36095           0.00562           0.00108
   2      0          0.36096           0.00465           0.00109
   3      0          0.35986           0.00470           0.00000
   4      0          0.35842           0.00463          -0.00144
   5      0          0.35846           0.00460          -0.00140
   5     60          0.35841           0.00461          -0.00146
   5     80          0.35779           0.00479          -0.00207
   5    100          0.35496           0.00540          -0.00490
 
  contribution from  2-th solvent component
   1      0         -0.22492           0.00800           0.00177
   1     60         -0.22450           0.00801           0.00218
   1     80         -0.22252           0.00819           0.00416
   1    100         -0.21776           0.00913           0.00893
   2      0         -0.22626           0.00769           0.00043
   3      0         -0.22668           0.00760           0.00000
   4      0         -0.22699           0.00722          -0.00031
   5      0         -0.22859           0.00735          -0.00191
   5     60         -0.22806           0.00737          -0.00137
   5     80         -0.22567           0.00761           0.00101
   5    100         -0.22145           0.00850           0.00524
 
  contribution from  3-th solvent component
   1      0          3.50379           0.01402          -0.01352
   1     60          3.49519           0.01404          -0.02212
   1     80          3.41529           0.01425          -0.10202
   1    100          3.07664           0.01519          -0.44067
   2      0          3.50259           0.01387          -0.01472
   3      0          3.51731           0.01377           0.00000
   4      0          3.52511           0.01351           0.00779
   5      0          3.57972           0.01328           0.06241
   5     60          3.56794           0.01331           0.05063
   5     80          3.46605           0.01355          -0.05126
   5    100          3.14952           0.01435          -0.36780
 
 
 group  inft   Estimated free energy: total (kcal/mol)
   1      0       3.6389       3.6811       3.6157       3.6452       3.6325
                  3.6696       3.6403       3.6274       3.6544       3.6206
   1     60       3.6306       3.6730       3.6075       3.6369       3.6242
                  3.6614       3.6321       3.6192       3.6462       3.6124
   1     80       3.5521       3.5957       3.5292       3.5585       3.5455
                  3.5838       3.5535       3.5406       3.5683       3.5343
   1    100       3.2143       3.2633       3.1925       3.2217       3.2069
                  3.2513       3.2147       3.2022       3.2329       3.1987
   2      0       3.6315       3.6715       3.6118       3.6413       3.6293
                  3.6632       3.6369       3.6239       3.6493       3.6144
   3      0       3.6442       3.6848       3.6241       3.6526       3.6421
                  3.6788       3.6486       3.6376       3.6634       3.6289
   4      0       3.6485       3.6906       3.6319       3.6600       3.6497
                  3.6808       3.6567       3.6450       3.6680       3.6344
   5      0       3.7052       3.7427       3.6839       3.7097       3.7021
                  3.7360       3.7072       3.6999       3.7221       3.6873
   5     60       3.6939       3.7315       3.6726       3.6984       3.6908
                  3.7247       3.6959       3.6885       3.7108       3.6760
   5     80       3.5933       3.6326       3.5724       3.5980       3.5901
                  3.6254       3.5952       3.5879       3.6110       3.5762
   5    100       3.2768       3.3210       3.2570       3.2821       3.2729
                  3.3137       3.2778       3.2708       3.2965       3.2620
 
 group  inft   Estimated free energy: 1-th solvent contribution (kcal/mol)
   1      0       0.3696       0.3759       0.3702       0.3616       0.3504
                  0.3656       0.3588       0.3591       0.3573       0.3683
   1     60       0.3695       0.3759       0.3702       0.3615       0.3503
                  0.3656       0.3588       0.3590       0.3573       0.3683
   1     80       0.3693       0.3758       0.3702       0.3611       0.3496
                  0.3656       0.3583       0.3586       0.3569       0.3682
   1    100       0.3670       0.3742       0.3694       0.3581       0.3452
                  0.3646       0.3548       0.3553       0.3538       0.3669
   2      0       0.3660       0.3722       0.3679       0.3584       0.3476
                  0.3628       0.3563       0.3573       0.3550       0.3661
   3      0       0.3647       0.3712       0.3665       0.3569       0.3466
                  0.3622       0.3551       0.3569       0.3530       0.3654
   4      0       0.3632       0.3694       0.3652       0.3560       0.3450
                  0.3607       0.3534       0.3554       0.3522       0.3637
   5      0       0.3632       0.3694       0.3652       0.3558       0.3453
                  0.3606       0.3531       0.3556       0.3523       0.3641
   5     60       0.3631       0.3693       0.3651       0.3558       0.3452
                  0.3605       0.3530       0.3556       0.3522       0.3641
   5     80       0.3626       0.3690       0.3649       0.3550       0.3441
                  0.3603       0.3521       0.3548       0.3515       0.3638
   5    100       0.3599       0.3669       0.3634       0.3516       0.3395
                  0.3586       0.3484       0.3513       0.3480       0.3621
 
 group  inft   Estimated free energy: 2-th solvent contribution (kcal/mol)
   1      0      -0.2442      -0.2270      -0.2229      -0.2272      -0.2323
                 -0.2014      -0.2398      -0.2253      -0.2174      -0.2118
   1     60      -0.2438      -0.2266      -0.2224      -0.2268      -0.2319
                 -0.2010      -0.2394      -0.2248      -0.2170      -0.2113
   1     80      -0.2423      -0.2244      -0.2204      -0.2249      -0.2300
                 -0.1986      -0.2378      -0.2229      -0.2148      -0.2090
   1    100      -0.2399      -0.2191      -0.2152      -0.2206      -0.2257
                 -0.1918      -0.2355      -0.2184      -0.2092      -0.2021
   2      0      -0.2455      -0.2290      -0.2247      -0.2276      -0.2333
                 -0.2040      -0.2399      -0.2262      -0.2192      -0.2132
   3      0      -0.2457      -0.2295      -0.2256      -0.2283      -0.2338
                 -0.2052      -0.2397      -0.2270      -0.2191      -0.2129
   4      0      -0.2454      -0.2301      -0.2257      -0.2283      -0.2332
                 -0.2064      -0.2395      -0.2268      -0.2202      -0.2145
   5      0      -0.2475      -0.2295      -0.2273      -0.2317      -0.2348
                 -0.2069      -0.2408      -0.2288      -0.2221      -0.2164
   5     60      -0.2470      -0.2290      -0.2268      -0.2312      -0.2342
                 -0.2064      -0.2403      -0.2283      -0.2216      -0.2158
   5     80      -0.2453      -0.2263      -0.2243      -0.2290      -0.2319
                 -0.2035      -0.2385      -0.2260      -0.2190      -0.2129
   5    100      -0.2434      -0.2214      -0.2196      -0.2255      -0.2280
                 -0.1973      -0.2364      -0.2221      -0.2140      -0.2067
 
 group  inft   Estimated free energy: 3-th solvent contribution (kcal/mol)
   1      0       3.5135       3.5322       3.4684       3.5108       3.5144
                  3.5054       3.5212       3.4936       3.5144       3.4640
   1     60       3.5048       3.5237       3.4597       3.5022       3.5058
                  3.4968       3.5127       3.4850       3.5059       3.4554
   1     80       3.4250       3.4443       3.3793       3.4223       3.4259
                  3.4169       3.4330       3.4049       3.4262       3.3750
   1    100       3.0872       3.1081       3.0382       3.0841       3.0874
                  3.0785       3.0954       3.0653       3.0883       3.0339
   2      0       3.5110       3.5283       3.4686       3.5105       3.5149
                  3.5044       3.5205       3.4927       3.5135       3.4615
   3      0       3.5251       3.5430       3.4831       3.5240       3.5293
                  3.5219       3.5332       3.5077       3.5295       3.4764
   4      0       3.5308       3.5512       3.4923       3.5323       3.5378
                  3.5264       3.5427       3.5164       3.5360       3.4852
   5      0       3.5895       3.6028       3.5461       3.5856       3.5916
                  3.5823       3.5948       3.5730       3.5919       3.5396
   5     60       3.5778       3.5911       3.5343       3.5738       3.5798
                  3.5705       3.5831       3.5612       3.5801       3.5278
   5     80       3.4760       3.4899       3.4318       3.4720       3.4779
                  3.4686       3.4815       3.4590       3.4785       3.4253
   5    100       3.1603       3.1755       3.1132       3.1560       3.1613
                  3.1524       3.1658       3.1416       3.1625       3.1066
 
 
 cumulative average & 95% error for solvation free energy
              total             1st component         2nd component         3rd component
  1     3.6442                0.3647               -0.2457                3.5251
  2     3.6645     0.0406     0.3680     0.0065    -0.2376     0.0162     3.5341     0.0179
  3     3.6510     0.0357     0.3675     0.0039    -0.2336     0.0123     3.5171     0.0355
  4     3.6514     0.0252     0.3648     0.0060    -0.2323     0.0091     3.5188     0.0253
  5     3.6496     0.0199     0.3612     0.0086    -0.2326     0.0071     3.5209     0.0201
  6     3.6544     0.0190     0.3614     0.0071    -0.2280     0.0108     3.5211     0.0164
  7     3.6536     0.0161     0.3605     0.0062    -0.2297     0.0097     3.5228     0.0143
  8     3.6516     0.0145     0.3600     0.0055    -0.2293     0.0084     3.5209     0.0129
  9     3.6529     0.0131     0.3592     0.0051    -0.2282     0.0078     3.5219     0.0116
 10     3.6505     0.0126     0.3599     0.0047    -0.2267     0.0076     3.5173     0.0138
