 ERmod 0.3.8, Copyright (C) 2000-2019 Nobuyuki Matubayasi
                            2010-2019 Shun Sakuraba
 ERmod comes with ABSOLUTELY NO WARRANTY.
 This is free software, and you can redistribute it
 and/or modify it under certain conditions.
 See LICENSE file for details.
 ERmod 0.3.8, Copyright (C) 2000-2019 Nobuyuki Matubayasi
                            2010-2019 Shun Sakuraba
 ERmod comes with ABSOLUTELY NO WARRANTY.
 This is free software, and you can redistribute it
 and/or modify it under certain conditions.
 See LICENSE file for details.
 
  Number of the   1-th solvent  =           90
  Number of the   2-th solvent  =           90
  Number of the   3-th solvent  =        10000
 
  Be sure that the solvent distribution is homogeneous (radial distribution function is essentially unity) when the solvent molecule is separated beyond distance of   10.0 Angstrom in any direction from any atom within the solute molecule
 
  LJ long-range correction    =        -0.0032     -0.0023     -0.2529
 
  Self-energy of the solute   =        -0.0001  kcal/mol
 
 
 cumulative average & 95% error for solvation energy
              total             1st component         2nd component         3rd component
  1   -18.4647               -0.6067               -0.3498              -17.5080
  2   -18.4700     0.0106    -0.3650     0.4835    -0.3447     0.0102   -17.7601     0.5043
  3   -18.4488     0.0427    -0.5816     0.5153    -0.4101     0.1309   -17.4571     0.6725
  4   -18.5202     0.1460    -0.5329     0.3771    -0.4217     0.0954   -17.5655     0.5226
  5   -18.5300     0.1148    -0.4827     0.3090    -0.4327     0.0771   -17.6145     0.4165
  6   -18.5228     0.0948    -0.4253     0.2771    -0.4113     0.0762   -17.6860     0.3689
  7   -18.5156     0.0814    -0.4306     0.2344    -0.3801     0.0897   -17.7048     0.3141
  8   -18.5236     0.0723    -0.3747     0.2317    -0.3881     0.0793   -17.7607     0.2940
  9   -18.5216     0.0639    -0.3690     0.2047    -0.3822     0.0709   -17.7703     0.2600
 10   -18.5289     0.0590    -0.3498     0.1870    -0.4111     0.0858   -17.7678     0.2326
 
 
 group  inft  solvation free energy     error          difference
  total solvation free energy
   1      0         -2.98656           0.02597           0.00500
   1     60         -3.00191           0.02598          -0.01036
   1     80         -3.11866           0.02606          -0.12710
   1    100         -3.51004           0.02622          -0.51848
   2      0         -2.98936           0.02730           0.00220
   3      0         -2.99156           0.02870           0.00000
   4      0         -2.98633           0.02777           0.00523
   5      0         -2.99026           0.02739           0.00130
   5     60         -3.01103           0.02741          -0.01947
   5     80         -3.15475           0.02749          -0.16320
   5    100         -3.51494           0.02760          -0.52339
 
  contribution from  1-th solvent component
   1      0         -0.06689           0.09969           0.00656
   1     60         -0.06697           0.09970           0.00648
   1     80         -0.06769           0.09977           0.00576
   1    100         -0.07049           0.09996           0.00296
   2      0         -0.07278           0.09605           0.00067
   3      0         -0.07345           0.09486           0.00000
   4      0         -0.07549           0.09409          -0.00204
   5      0         -0.07403           0.09394          -0.00058
   5     60         -0.07415           0.09394          -0.00070
   5     80         -0.07516           0.09399          -0.00171
   5    100         -0.07798           0.09410          -0.00453
 
  contribution from  2-th solvent component
   1      0         -0.26733           0.06195          -0.00481
   1     60         -0.26711           0.06196          -0.00460
   1     80         -0.26614           0.06208          -0.00363
   1    100         -0.26447           0.06243          -0.00196
   2      0         -0.26329           0.06117          -0.00078
   3      0         -0.26251           0.06079           0.00000
   4      0         -0.26225           0.05977           0.00026
   5      0         -0.26314           0.05849          -0.00063
   5     60         -0.26288           0.05851          -0.00037
   5     80         -0.26195           0.05862           0.00057
   5    100         -0.26085           0.05888           0.00167
 
  contribution from  3-th solvent component
   1      0         -2.65222           0.11355           0.00325
   1     60         -2.66770           0.11357          -0.01224
   1     80         -2.78469           0.11370          -0.12923
   1    100         -3.17494           0.11400          -0.51948
   2      0         -2.65316           0.11326           0.00230
   3      0         -2.65546           0.11387           0.00000
   4      0         -2.64846           0.11276           0.00700
   5      0         -2.65296           0.11360           0.00251
   5     60         -2.67386           0.11363          -0.01840
   5     80         -2.81752           0.11378          -0.16206
   5    100         -3.17599           0.11408          -0.52053
 
 
 group  inft   Estimated free energy: total (kcal/mol)
   1      0      -2.9907      -2.9555      -2.9731      -3.0188      -3.0379
                 -2.9452      -2.9445      -2.9990      -2.9442      -3.0566
   1     60      -3.0061      -2.9708      -2.9885      -3.0342      -3.0533
                 -2.9606      -2.9598      -3.0144      -2.9596      -3.0719
   1     80      -3.1228      -3.0871      -3.1051      -3.1513      -3.1703
                 -3.0775      -3.0762      -3.1312      -3.0764      -3.1888
   1    100      -3.5141      -3.4773      -3.4967      -3.5432      -3.5616
                 -3.4693      -3.4672      -3.5226      -3.4676      -3.5807
   2      0      -2.9841      -2.9702      -2.9574      -3.0218      -3.0392
                 -2.9419      -2.9559      -3.0095      -2.9459      -3.0677
   3      0      -2.9822      -2.9790      -2.9523      -3.0183      -3.0397
                 -2.9434      -2.9565      -3.0180      -2.9478      -3.0784
   4      0      -2.9744      -2.9694      -2.9506      -3.0178      -3.0320
                 -2.9395      -2.9515      -3.0191      -2.9436      -3.0654
   5      0      -2.9734      -2.9761      -2.9501      -3.0229      -3.0331
                 -2.9454      -2.9635      -3.0265      -2.9453      -3.0665
   5     60      -2.9941      -2.9967      -2.9708      -3.0438      -3.0539
                 -2.9662      -2.9842      -3.0473      -2.9661      -3.0873
   5     80      -3.1378      -3.1400      -3.1142      -3.1880      -3.1978
                 -3.1101      -3.1276      -3.1911      -3.1099      -3.2311
   5    100      -3.4977      -3.4992      -3.4741      -3.5487      -3.5579
                 -3.4710      -3.4876      -3.5514      -3.4699      -3.5918
 
 group  inft   Estimated free energy: 1-th solvent contribution (kcal/mol)
   1      0      -0.2292       0.0752      -0.3916      -0.0872      -0.0790
                  0.0436      -0.1078       0.1549      -0.0704       0.0227
   1     60      -0.2293       0.0751      -0.3917      -0.0873      -0.0791
                  0.0435      -0.1079       0.1548      -0.0705       0.0226
   1     80      -0.2301       0.0744      -0.3926      -0.0881      -0.0799
                  0.0427      -0.1087       0.1544      -0.0711       0.0220
   1    100      -0.2334       0.0718      -0.3958      -0.0912      -0.0828
                  0.0397      -0.1115       0.1524      -0.0738       0.0196
   2      0      -0.2275       0.0594      -0.3872      -0.0876      -0.0815
                  0.0434      -0.1169       0.1392      -0.0778       0.0086
   3      0      -0.2236       0.0590      -0.3852      -0.0861      -0.0861
                  0.0442      -0.1167       0.1343      -0.0780       0.0037
   4      0      -0.2249       0.0568      -0.3873      -0.0864      -0.0860
                  0.0406      -0.1159       0.1269      -0.0796       0.0010
   5      0      -0.2217       0.0614      -0.3872      -0.0822      -0.0829
                  0.0394      -0.1191       0.1228      -0.0776       0.0068
   5     60      -0.2219       0.0613      -0.3873      -0.0823      -0.0830
                  0.0392      -0.1192       0.1227      -0.0777       0.0067
   5     80      -0.2230       0.0603      -0.3884      -0.0834      -0.0841
                  0.0381      -0.1202       0.1220      -0.0786       0.0057
   5    100      -0.2260       0.0575      -0.3914      -0.0865      -0.0870
                  0.0351      -0.1231       0.1198      -0.0813       0.0031
 
 group  inft   Estimated free energy: 2-th solvent contribution (kcal/mol)
   1      0      -0.2404      -0.2361      -0.3670      -0.2432      -0.3114
                 -0.1881      -0.1189      -0.3236      -0.1905      -0.4539
   1     60      -0.2402      -0.2359      -0.3668      -0.2430      -0.3112
                 -0.1880      -0.1186      -0.3234      -0.1903      -0.4537
   1     80      -0.2394      -0.2345      -0.3661      -0.2419      -0.3105
                 -0.1871      -0.1172      -0.3225      -0.1891      -0.4530
   1    100      -0.2383      -0.2318      -0.3652      -0.2398      -0.3093
                 -0.1859      -0.1142      -0.3212      -0.1869      -0.4521
   2      0      -0.2322      -0.2350      -0.3552      -0.2433      -0.3072
                 -0.1843      -0.1198      -0.3204      -0.1842      -0.4511
   3      0      -0.2310      -0.2377      -0.3518      -0.2424      -0.3037
                 -0.1826      -0.1215      -0.3192      -0.1835      -0.4516
   4      0      -0.2288      -0.2378      -0.3504      -0.2465      -0.3008
                 -0.1831      -0.1213      -0.3209      -0.1865      -0.4462
   5      0      -0.2285      -0.2397      -0.3488      -0.2520      -0.3002
                 -0.1846      -0.1276      -0.3186      -0.1868      -0.4447
   5     60      -0.2282      -0.2394      -0.3485      -0.2518      -0.2999
                 -0.1844      -0.1273      -0.3183      -0.1865      -0.4445
   5     80      -0.2275      -0.2380      -0.3478      -0.2507      -0.2992
                 -0.1836      -0.1258      -0.3175      -0.1854      -0.4438
   5    100      -0.2270      -0.2359      -0.3473      -0.2495      -0.2985
                 -0.1831      -0.1236      -0.3166      -0.1838      -0.4433
 
 group  inft   Estimated free energy: 3-th solvent contribution (kcal/mol)
   1      0      -2.5210      -2.7945      -2.2144      -2.6883      -2.6474
                 -2.8005      -2.7176      -2.8301      -2.6831      -2.6253
   1     60      -2.5364      -2.8099      -2.2298      -2.7039      -2.6629
                 -2.8160      -2.7331      -2.8457      -2.6987      -2.6407
   1     80      -2.6531      -2.9268      -2.3463      -2.8213      -2.7798
                 -2.9329      -2.8502      -2.9629      -2.8160      -2.7576
   1    100      -3.0423      -3.3172      -2.7355      -3.2121      -3.1693
                 -3.3230      -3.2414      -3.3537      -3.2068      -3.1481
   2      0      -2.5242      -2.7944      -2.2149      -2.6908      -2.6503
                 -2.8009      -2.7191      -2.8282      -2.6837      -2.6251
   3      0      -2.5275      -2.8001      -2.2151      -2.6897      -2.6498
                 -2.8048      -2.7181      -2.8330      -2.6862      -2.6304
   4      0      -2.5205      -2.7882      -2.2128      -2.6848      -2.6449
                 -2.7968      -2.7141      -2.8249      -2.6774      -2.6201
   5      0      -2.5230      -2.7977      -2.2140      -2.6885      -2.6499
                 -2.8000      -2.7167      -2.8306      -2.6807      -2.6285
   5     60      -2.5439      -2.8185      -2.2348      -2.7096      -2.6708
                 -2.8209      -2.7376      -2.8515      -2.7017      -2.6493
   5     80      -2.6871      -2.9621      -2.3778      -2.8537      -2.8144
                 -2.9645      -2.8815      -2.9955      -2.8457      -2.7929
   5    100      -3.0446      -3.3207      -2.7353      -3.2126      -3.1722
                 -3.3229      -3.2409      -3.3545      -3.2047      -3.1515
 
 
 cumulative average & 95% error for solvation free energy
              total             1st component         2nd component         3rd component
  1    -2.9822               -0.2236               -0.2310               -2.5275
  2    -2.9806     0.0032    -0.0823     0.2826    -0.2343     0.0067    -2.6638     0.2727
  3    -2.9712     0.0189    -0.1833     0.2596    -0.2735     0.0784    -2.5142     0.3380
  4    -2.9829     0.0271    -0.1590     0.1899    -0.2657     0.0576    -2.5581     0.2546
  5    -2.9943     0.0309    -0.1444     0.1500    -0.2733     0.0471    -2.5764     0.2006
  6    -2.9858     0.0304    -0.1130     0.1376    -0.2582     0.0489    -2.6145     0.1806
  7    -2.9816     0.0270    -0.1135     0.1163    -0.2387     0.0569    -2.6293     0.1555
  8    -2.9862     0.0251    -0.0825     0.1183    -0.2488     0.0532    -2.6548     0.1440
  9    -2.9819     0.0237    -0.0820     0.1043    -0.2415     0.0491    -2.6582     0.1272
 10    -2.9916     0.0287    -0.0735     0.0949    -0.2625     0.0608    -2.6555     0.1139
