 ERmod 0.3.8, Copyright (C) 2000-2019 Nobuyuki Matubayasi
                            2010-2019 Shun Sakuraba
 ERmod comes with ABSOLUTELY NO WARRANTY.
 This is free software, and you can redistribute it
 and/or modify it under certain conditions.
 See LICENSE file for details.
 ERmod 0.3.8, Copyright (C) 2000-2019 Nobuyuki Matubayasi
                            2010-2019 Shun Sakuraba
 ERmod comes with ABSOLUTELY NO WARRANTY.
 This is free software, and you can redistribute it
 and/or modify it under certain conditions.
 See LICENSE file for details.
 
  Number of the   1-th solvent  =          180
  Number of the   2-th solvent  =          180
  Number of the   3-th solvent  =        10000
 
  Be sure that the solvent distribution is homogeneous (radial distribution function is essentially unity) when the solvent molecule is separated beyond distance of   10.0 Angstrom in any direction from any atom within the solute molecule
 
  LJ long-range correction    =        -0.0031     -0.0154     -0.3980
 
  Self-energy of the solute   =         0.0000  kcal/mol
 
 
 cumulative average & 95% error for solvation energy
              total             1st component         2nd component         3rd component
  1   -10.2329                0.2929               -0.4715              -10.0543
  2   -10.2129     0.0401     0.2929     0.0001    -0.4833     0.0234   -10.0225     0.0636
  3   -10.1894     0.0523     0.2902     0.0053    -0.4871     0.0156    -9.9925     0.0703
  4   -10.1911     0.0372     0.2875     0.0066    -0.4860     0.0112    -9.9926     0.0497
  5   -10.1857     0.0307     0.2885     0.0055    -0.4831     0.0104    -9.9911     0.0386
  6   -10.1850     0.0251     0.2887     0.0045    -0.4836     0.0086    -9.9900     0.0316
  7   -10.1813     0.0224     0.2880     0.0041    -0.4835     0.0073    -9.9858     0.0280
  8   -10.1806     0.0195     0.2862     0.0051    -0.4960     0.0257    -9.9708     0.0386
  9   -10.1801     0.0172     0.2853     0.0048    -0.4983     0.0231    -9.9672     0.0348
 10   -10.1797     0.0154     0.2868     0.0052    -0.4971     0.0208    -9.9694     0.0314
 
 
 group  inft  solvation free energy     error          difference
  total solvation free energy
   1      0          4.01237           0.01381          -0.00198
   1     60          4.00293           0.01383          -0.01141
   1     80          3.91178           0.01396          -0.10257
   1    100          3.50803           0.01467          -0.50632
   2      0          4.00428           0.01426          -0.01006
   3      0          4.01435           0.01413           0.00000
   4      0          4.01306           0.01393          -0.00129
   5      0          4.05171           0.01360           0.03736
   5     60          4.03864           0.01361           0.02429
   5     80          3.92072           0.01377          -0.09363
   5    100          3.54139           0.01442          -0.47296
 
  contribution from  1-th solvent component
   1      0          0.34494           0.00593           0.00322
   1     60          0.34508           0.00593           0.00336
   1     80          0.34655           0.00604           0.00482
   1    100          0.35123           0.00661           0.00950
   2      0          0.34271           0.00568           0.00098
   3      0          0.34173           0.00581           0.00000
   4      0          0.34028           0.00566          -0.00145
   5      0          0.34086           0.00573          -0.00086
   5     60          0.34106           0.00573          -0.00066
   5     80          0.34276           0.00588           0.00104
   5    100          0.34653           0.00643           0.00480
 
  contribution from  2-th solvent component
   1      0         -0.15685           0.01190           0.00365
   1     60         -0.15697           0.01190           0.00353
   1     80         -0.15828           0.01195           0.00221
   1    100         -0.16460           0.01211          -0.00410
   2      0         -0.15927           0.01185           0.00123
   3      0         -0.16050           0.01188           0.00000
   4      0         -0.16124           0.01166          -0.00074
   5      0         -0.16166           0.01136          -0.00116
   5     60         -0.16183           0.01136          -0.00133
   5     80         -0.16365           0.01141          -0.00315
   5    100         -0.16979           0.01154          -0.00929
 
  contribution from  3-th solvent component
   1      0          3.82424           0.02143          -0.00884
   1     60          3.81478           0.02144          -0.01830
   1     80          3.72348           0.02162          -0.10961
   1    100          3.32137           0.02254          -0.51171
   2      0          3.82081           0.02129          -0.01227
   3      0          3.83308           0.02111           0.00000
   4      0          3.83399           0.02071           0.00091
   5      0          3.87247           0.02071           0.03939
   5     60          3.85936           0.02073           0.02628
   5     80          3.74156           0.02095          -0.09152
   5    100          3.36462           0.02179          -0.46847
 
 
 group  inft   Estimated free energy: total (kcal/mol)
   1      0       3.9624       4.0142       4.0505       4.0079       4.0257
                  4.0060       4.0136       4.0219       4.0091       4.0124
   1     60       3.9529       4.0047       4.0411       3.9985       4.0163
                  3.9966       4.0041       4.0125       3.9997       4.0030
   1     80       3.8613       3.9139       3.9503       3.9075       3.9253
                  3.9054       3.9127       3.9211       3.9083       3.9120
   1    100       3.4547       3.5111       3.5485       3.5037       3.5221
                  3.5014       3.5089       3.5167       3.5040       3.5092
   2      0       3.9525       4.0047       4.0432       3.9990       4.0201
                  3.9961       4.0049       4.0081       4.0074       4.0069
   3      0       3.9642       4.0117       4.0537       4.0104       4.0305
                  4.0044       4.0149       4.0168       4.0190       4.0181
   4      0       3.9637       4.0136       4.0524       4.0080       4.0265
                  4.0021       4.0127       4.0169       4.0166       4.0181
   5      0       4.0020       4.0535       4.0877       4.0475       4.0673
                  4.0420       4.0528       4.0565       4.0557       4.0522
   5     60       3.9889       4.0404       4.0747       4.0345       4.0542
                  4.0289       4.0397       4.0434       4.0426       4.0391
   5     80       3.8704       3.9229       3.9573       3.9166       3.9365
                  3.9109       3.9215       3.9253       3.9244       3.9214
   5    100       3.4887       3.5444       3.5797       3.5367       3.5578
                  3.5311       3.5421       3.5454       3.5447       3.5432
 
 group  inft   Estimated free energy: 1-th solvent contribution (kcal/mol)
   1      0       0.3441       0.3516       0.3484       0.3304       0.3480
                  0.3429       0.3404       0.3413       0.3371       0.3653
   1     60       0.3443       0.3518       0.3485       0.3305       0.3481
                  0.3430       0.3405       0.3414       0.3372       0.3654
   1     80       0.3458       0.3535       0.3499       0.3319       0.3496
                  0.3446       0.3419       0.3426       0.3385       0.3673
   1    100       0.3508       0.3592       0.3540       0.3357       0.3542
                  0.3496       0.3462       0.3459       0.3424       0.3741
   2      0       0.3422       0.3485       0.3461       0.3289       0.3460
                  0.3403       0.3386       0.3380       0.3361       0.3625
   3      0       0.3415       0.3467       0.3455       0.3277       0.3451
                  0.3388       0.3373       0.3370       0.3355       0.3622
   4      0       0.3402       0.3459       0.3438       0.3265       0.3433
                  0.3366       0.3358       0.3359       0.3346       0.3601
   5      0       0.3412       0.3460       0.3446       0.3266       0.3438
                  0.3378       0.3362       0.3365       0.3350       0.3609
   5     60       0.3414       0.3462       0.3447       0.3268       0.3440
                  0.3380       0.3363       0.3367       0.3352       0.3611
   5     80       0.3433       0.3482       0.3463       0.3283       0.3458
                  0.3398       0.3379       0.3380       0.3367       0.3634
   5    100       0.3474       0.3529       0.3497       0.3311       0.3496
                  0.3438       0.3412       0.3406       0.3398       0.3692
 
 group  inft   Estimated free energy: 2-th solvent contribution (kcal/mol)
   1      0      -0.1413      -0.1559      -0.1589      -0.1446      -0.1415
                 -0.1483      -0.1518      -0.2050      -0.1678      -0.1534
   1     60      -0.1414      -0.1560      -0.1591      -0.1447      -0.1416
                 -0.1484      -0.1519      -0.2052      -0.1679      -0.1535
   1     80      -0.1426      -0.1574      -0.1604      -0.1459      -0.1428
                 -0.1497      -0.1532      -0.2066      -0.1693      -0.1549
   1    100      -0.1485      -0.1638      -0.1669      -0.1520      -0.1488
                 -0.1559      -0.1595      -0.2135      -0.1758      -0.1613
   2      0      -0.1443      -0.1581      -0.1623      -0.1478      -0.1435
                 -0.1505      -0.1542      -0.2075      -0.1693      -0.1551
   3      0      -0.1454      -0.1593      -0.1639      -0.1486      -0.1445
                 -0.1519      -0.1557      -0.2088      -0.1704      -0.1566
   4      0      -0.1476      -0.1598      -0.1644      -0.1492      -0.1456
                 -0.1529      -0.1566      -0.2088      -0.1709      -0.1565
   5      0      -0.1473      -0.1600      -0.1647      -0.1498      -0.1470
                 -0.1531      -0.1569      -0.2075      -0.1723      -0.1580
   5     60      -0.1474      -0.1602      -0.1649      -0.1500      -0.1471
                 -0.1532      -0.1571      -0.2077      -0.1725      -0.1582
   5     80      -0.1491      -0.1620      -0.1668      -0.1517      -0.1488
                 -0.1550      -0.1589      -0.2097      -0.1744      -0.1600
   5    100      -0.1549      -0.1683      -0.1731      -0.1576      -0.1547
                 -0.1611      -0.1651      -0.2163      -0.1807      -0.1663
 
 group  inft   Estimated free energy: 3-th solvent contribution (kcal/mol)
   1      0       3.7596       3.8184       3.8610       3.8221       3.8192
                  3.8114       3.8249       3.8856       3.8398       3.8005
   1     60       3.7501       3.8090       3.8516       3.8126       3.8097
                  3.8019       3.8154       3.8762       3.8303       3.7911
   1     80       3.6581       3.7177       3.7608       3.7215       3.7185
                  3.7104       3.7240       3.7851       3.7390       3.6995
   1    100       3.2524       3.3157       3.3613       3.3199       3.3167
                  3.3077       3.3222       3.3843       3.3373       3.2963
   2      0       3.7546       3.8143       3.8593       3.8179       3.8175
                  3.8063       3.8205       3.8775       3.8405       3.7996
   3      0       3.7681       3.8242       3.8721       3.8313       3.8298
                  3.8174       3.8333       3.8885       3.8538       3.8124
   4      0       3.7711       3.8275       3.8729       3.8307       3.8288
                  3.8183       3.8334       3.8898       3.8529       3.8145
   5      0       3.8081       3.8675       3.9078       3.8707       3.8703
                  3.8572       3.8735       3.9275       3.8930       3.8493
   5     60       3.7949       3.8544       3.8948       3.8576       3.8572
                  3.8440       3.8603       3.9144       3.8799       3.8361
   5     80       3.6763       3.7367       3.7777       3.7399       3.7395
                  3.7261       3.7425       3.7969       3.7621       3.7180
   5    100       3.2962       3.3597       3.4031       3.3631       3.3628
                  3.3484       3.3659       3.4210       3.3856       3.3402
 
 
 cumulative average & 95% error for solvation free energy
              total             1st component         2nd component         3rd component
  1     3.9642                0.3415               -0.1454                3.7681
  2     3.9879     0.0475     0.3441     0.0052    -0.1523     0.0138     3.7961     0.0561
  3     4.0098     0.0517     0.3446     0.0031    -0.1562     0.0111     3.8214     0.0601
  4     4.0100     0.0366     0.3403     0.0087    -0.1543     0.0087     3.8239     0.0428
  5     4.0141     0.0295     0.3413     0.0070    -0.1523     0.0078     3.8251     0.0332
  6     4.0125     0.0243     0.3409     0.0058    -0.1523     0.0064     3.8238     0.0273
  7     4.0128     0.0205     0.3404     0.0050    -0.1528     0.0055     3.8252     0.0232
  8     4.0133     0.0178     0.3399     0.0044    -0.1598     0.0148     3.8331     0.0256
  9     4.0139     0.0158     0.3394     0.0040    -0.1609     0.0132     3.8354     0.0230
 10     4.0143     0.0141     0.3417     0.0058    -0.1605     0.0119     3.8331     0.0211
