 ERmod 0.3.8, Copyright (C) 2000-2019 Nobuyuki Matubayasi
                            2010-2019 Shun Sakuraba
 ERmod comes with ABSOLUTELY NO WARRANTY.
 This is free software, and you can redistribute it
 and/or modify it under certain conditions.
 See LICENSE file for details.
 ERmod 0.3.8, Copyright (C) 2000-2019 Nobuyuki Matubayasi
                            2010-2019 Shun Sakuraba
 ERmod comes with ABSOLUTELY NO WARRANTY.
 This is free software, and you can redistribute it
 and/or modify it under certain conditions.
 See LICENSE file for details.
 
  Number of the   1-th solvent  =           90
  Number of the   2-th solvent  =           90
  Number of the   3-th solvent  =        10000
 
  Be sure that the solvent distribution is homogeneous (radial distribution function is essentially unity) when the solvent molecule is separated beyond distance of   10.0 Angstrom in any direction from any atom within the solute molecule
 
  LJ long-range correction    =        -0.0021     -0.0163     -0.5247
 
  Self-energy of the solute   =        -0.0001  kcal/mol
 
 
 cumulative average & 95% error for solvation energy
              total             1st component         2nd component         3rd component
  1   -24.4693               -0.3840               -1.3447              -22.7405
  2   -24.5522     0.1657    -0.4944     0.2209    -1.0670     0.5554   -22.9906     0.5002
  3   -24.5594     0.0967    -0.4803     0.1306    -1.0199     0.3343   -23.0592     0.3197
  4   -24.5942     0.0975    -0.4795     0.0924    -0.9226     0.3061   -23.1919     0.3487
  5   -24.6127     0.0842    -0.5977     0.2468    -0.8801     0.2519   -23.1348     0.2933
  6   -24.6121     0.0687    -0.5512     0.2220    -0.9235     0.2232   -23.1373     0.2395
  7   -24.6052     0.0597    -0.5244     0.1951    -0.9171     0.1891   -23.1637     0.2092
  8   -24.5972     0.0541    -0.5011     0.1753    -0.8966     0.1688   -23.1994     0.1948
  9   -24.6016     0.0485    -0.4017     0.2518    -0.8822     0.1516   -23.3176     0.2922
 10   -24.6031     0.0435    -0.3582     0.2414    -0.8755     0.1363   -23.3692     0.2810
 
 
 group  inft  solvation free energy     error          difference
  total solvation free energy
   1      0         -1.96143           0.04693           0.00772
   1     60         -1.98050           0.04693          -0.01135
   1     80         -2.15030           0.04696          -0.18115
   1    100         -2.81452           0.04709          -0.84537
   2      0         -1.96533           0.04527           0.00382
   3      0         -1.96915           0.04453           0.00000
   4      0         -1.96184           0.04574           0.00731
   5      0         -1.96247           0.04375           0.00668
   5     60         -1.98847           0.04375          -0.01932
   5     80         -2.20237           0.04379          -0.23322
   5    100         -2.81642           0.04393          -0.84727
 
  contribution from  1-th solvent component
   1      0         -0.02265           0.14569           0.01245
   1     60         -0.02258           0.14570           0.01252
   1     80         -0.02209           0.14582           0.01301
   1    100         -0.02073           0.14631           0.01437
   2      0         -0.03087           0.14430           0.00423
   3      0         -0.03510           0.14343           0.00000
   4      0         -0.03760           0.14287          -0.00250
   5      0         -0.03887           0.14197          -0.00377
   5     60         -0.03879           0.14199          -0.00369
   5     80         -0.03835           0.14215          -0.00325
   5    100         -0.03765           0.14263          -0.00255
 
  contribution from  2-th solvent component
   1      0         -0.38495           0.06806          -0.00814
   1     60         -0.38522           0.06806          -0.00840
   1     80         -0.38748           0.06807          -0.01067
   1    100         -0.39623           0.06811          -0.01942
   2      0         -0.37962           0.06726          -0.00281
   3      0         -0.37681           0.06745           0.00000
   4      0         -0.37595           0.06715           0.00086
   5      0         -0.37412           0.06783           0.00269
   5     60         -0.37448           0.06783           0.00233
   5     80         -0.37736           0.06784          -0.00055
   5    100         -0.38543           0.06786          -0.00862
 
  contribution from  3-th solvent component
   1      0         -1.55372           0.14448           0.00341
   1     60         -1.57259           0.14449          -0.01546
   1     80         -1.74062           0.14463          -0.18350
   1    100         -2.39744           0.14537          -0.84032
   2      0         -1.55473           0.14390           0.00239
   3      0         -1.55713           0.14409           0.00000
   4      0         -1.54818           0.14259           0.00894
   5      0         -1.54938           0.14288           0.00775
   5     60         -1.57510           0.14290          -0.01797
   5     80         -1.78655           0.14307          -0.22943
   5    100         -2.39323           0.14375          -0.83610
 
 
 group  inft   Estimated free energy: total (kcal/mol)
   1      0      -1.9407      -1.9353      -1.9757      -2.1094      -1.9590
                 -1.9546      -2.0342      -1.9467      -1.8190      -1.9398
   1     60      -1.9597      -1.9544      -1.9947      -2.1286      -1.9780
                 -1.9737      -2.0532      -1.9657      -1.8381      -1.9589
   1     80      -2.1294      -2.1248      -2.1645      -2.2988      -2.1478
                 -2.1435      -2.2226      -2.1351      -2.0079      -2.1286
   1    100      -2.7931      -2.7908      -2.8280      -2.9653      -2.8112
                 -2.8072      -2.8856      -2.7979      -2.6727      -2.7933
   2      0      -1.9457      -1.9376      -1.9775      -2.1084      -1.9566
                 -1.9672      -2.0310      -1.9526      -1.8254      -1.9514
   3      0      -1.9536      -1.9399      -1.9773      -2.1095      -1.9568
                 -1.9680      -2.0368      -1.9608      -1.8320      -1.9567
   4      0      -1.9512      -1.9231      -1.9660      -2.1063      -1.9532
                 -1.9669      -2.0284      -1.9505      -1.8211      -1.9517
   5      0      -1.9444      -1.9297      -1.9679      -2.0966      -1.9522
                 -1.9651      -2.0287      -1.9587      -1.8242      -1.9572
   5     60      -1.9703      -1.9558      -1.9939      -2.1227      -1.9782
                 -1.9911      -2.0547      -1.9846      -1.8503      -1.9832
   5     80      -2.1842      -2.1704      -2.2077      -2.3372      -2.1921
                 -2.2050      -2.2680      -2.1980      -2.0642      -2.1970
   5    100      -2.7979      -2.7860      -2.8212      -2.9535      -2.8053
                 -2.8185      -2.8810      -2.8108      -2.6787      -2.8114
 
 group  inft   Estimated free energy: 1-th solvent contribution (kcal/mol)
   1      0      -0.0540      -0.1475      -0.1226      -0.1014      -0.3889
                 -0.0044      -0.0374      -0.0484       0.4936       0.1846
   1     60      -0.0539      -0.1475      -0.1225      -0.1013      -0.3889
                 -0.0043      -0.0373      -0.0483       0.4937       0.1846
   1     80      -0.0536      -0.1472      -0.1221      -0.1009      -0.3885
                 -0.0037      -0.0370      -0.0479       0.4947       0.1852
   1    100      -0.0526      -0.1465      -0.1212      -0.0998      -0.3878
                 -0.0019      -0.0360      -0.0467       0.4982       0.1870
   2      0      -0.0621      -0.1537      -0.1318      -0.1060      -0.3881
                 -0.0231      -0.0419      -0.0601       0.4854       0.1728
   3      0      -0.0674      -0.1557      -0.1322      -0.1124      -0.3879
                 -0.0274      -0.0481      -0.0680       0.4792       0.1689
   4      0      -0.0692      -0.1507      -0.1352      -0.1163      -0.3905
                 -0.0337      -0.0502      -0.0692       0.4759       0.1633
   5      0      -0.0687      -0.1576      -0.1343      -0.1125      -0.3895
                 -0.0345      -0.0476      -0.0740       0.4721       0.1579
   5     60      -0.0687      -0.1575      -0.1342      -0.1124      -0.3894
                 -0.0344      -0.0475      -0.0739       0.4722       0.1579
   5     80      -0.0684      -0.1573      -0.1340      -0.1121      -0.3891
                 -0.0339      -0.0472      -0.0735       0.4734       0.1585
   5    100      -0.0682      -0.1572      -0.1338      -0.1118      -0.3889
                 -0.0327      -0.0470      -0.0729       0.4763       0.1596
 
 group  inft   Estimated free energy: 2-th solvent contribution (kcal/mol)
   1      0      -0.6283      -0.3244      -0.4174      -0.3196      -0.2870
                 -0.4906      -0.4258      -0.3126      -0.3073      -0.3364
   1     60      -0.6286      -0.3247      -0.4177      -0.3199      -0.2873
                 -0.4908      -0.4260      -0.3129      -0.3076      -0.3367
   1     80      -0.6309      -0.3270      -0.4199      -0.3222      -0.2895
                 -0.4931      -0.4283      -0.3152      -0.3098      -0.3390
   1    100      -0.6398      -0.3359      -0.4286      -0.3310      -0.2982
                 -0.5020      -0.4370      -0.3239      -0.3184      -0.3478
   2      0      -0.6207      -0.3196      -0.4090      -0.3122      -0.2838
                 -0.4846      -0.4196      -0.3050      -0.3064      -0.3353
   3      0      -0.6201      -0.3162      -0.4066      -0.3067      -0.2831
                 -0.4791      -0.4172      -0.3025      -0.3031      -0.3336
   4      0      -0.6181      -0.3156      -0.4015      -0.3080      -0.2832
                 -0.4804      -0.4156      -0.3009      -0.3022      -0.3340
   5      0      -0.6195      -0.3127      -0.4012      -0.3019      -0.2794
                 -0.4765      -0.4150      -0.3001      -0.3012      -0.3336
   5     60      -0.6199      -0.3131      -0.4016      -0.3023      -0.2798
                 -0.4768      -0.4154      -0.3004      -0.3015      -0.3340
   5     80      -0.6228      -0.3160      -0.4044      -0.3052      -0.2826
                 -0.4797      -0.4182      -0.3033      -0.3044      -0.3369
   5    100      -0.6310      -0.3242      -0.4124      -0.3133      -0.2906
                 -0.4879      -0.4262      -0.3114      -0.3124      -0.3450
 
 group  inft   Estimated free energy: 3-th solvent contribution (kcal/mol)
   1      0      -1.2582      -1.4632      -1.4356      -1.6883      -1.2829
                 -1.4595      -1.5709      -1.5856      -2.0051      -1.7879
   1     60      -1.2771      -1.4821      -1.4544      -1.7072      -1.3018
                 -1.4784      -1.5897      -1.6044      -2.0241      -1.8067
   1     80      -1.4449      -1.6505      -1.6223      -1.8756      -1.4696
                 -1.6465      -1.7572      -1.7720      -2.1928      -1.9748
   1    100      -2.1006      -2.3083      -2.2780      -2.5344      -2.1252
                 -2.3033      -2.4125      -2.4272      -2.8525      -2.6324
   2      0      -1.2628      -1.4642      -1.4366      -1.6901      -1.2846
                 -1.4594      -1.5694      -1.5873      -2.0043      -1.7887
   3      0      -1.2660      -1.4679      -1.4384      -1.6903      -1.2856
                 -1.4615      -1.5714      -1.5902      -2.0080      -1.7919
   4      0      -1.2637      -1.4566      -1.4292      -1.6818      -1.2793
                 -1.4527      -1.5626      -1.5803      -1.9947      -1.7808
   5      0      -1.2560      -1.4593      -1.4323      -1.6820      -1.2833
                 -1.4540      -1.5661      -1.5845      -1.9950      -1.7813
   5     60      -1.2817      -1.4851      -1.4580      -1.7078      -1.3090
                 -1.4797      -1.5917      -1.6102      -2.0209      -1.8070
   5     80      -1.4928      -1.6970      -1.6692      -1.9198      -1.5202
                 -1.6913      -1.8025      -1.8211      -2.2331      -2.0185
   5    100      -2.0986      -2.3046      -2.2748      -2.5283      -2.1257
                 -2.2978      -2.4077      -2.4263      -2.8425      -2.6259
 
 
 cumulative average & 95% error for solvation free energy
              total             1st component         2nd component         3rd component
  1    -1.9536               -0.0674               -0.6201               -1.2660
  2    -1.9467     0.0136    -0.1115     0.0883    -0.4681     0.3039    -1.3670     0.2019
  3    -1.9569     0.0219    -0.1184     0.0528    -0.4476     0.1802    -1.3908     0.1260
  4    -1.9951     0.0778    -0.1169     0.0375    -0.4124     0.1456    -1.4657     0.1743
  5    -1.9874     0.0622    -0.1711     0.1122    -0.3865     0.1241    -1.4297     0.1530
  6    -1.9842     0.0512    -0.1472     0.1034    -0.4020     0.1059    -1.4350     0.1254
  7    -1.9917     0.0458    -0.1330     0.0919    -0.4041     0.0896    -1.4544     0.1129
  8    -1.9878     0.0404    -0.1249     0.0812    -0.3914     0.0817    -1.4714     0.1035
  9    -1.9705     0.0497    -0.0578     0.1521    -0.3816     0.0746    -1.5310     0.1502
 10    -1.9691     0.0445    -0.0351     0.1434    -0.3768     0.0674    -1.5571     0.1441
