 ERmod 0.3.8, Copyright (C) 2000-2019 Nobuyuki Matubayasi
                            2010-2019 Shun Sakuraba
 ERmod comes with ABSOLUTELY NO WARRANTY.
 This is free software, and you can redistribute it
 and/or modify it under certain conditions.
 See LICENSE file for details.
 ERmod 0.3.8, Copyright (C) 2000-2019 Nobuyuki Matubayasi
                            2010-2019 Shun Sakuraba
 ERmod comes with ABSOLUTELY NO WARRANTY.
 This is free software, and you can redistribute it
 and/or modify it under certain conditions.
 See LICENSE file for details.
 
  Number of the   1-th solvent  =           90
  Number of the   2-th solvent  =           90
  Number of the   3-th solvent  =        10000
 
  Be sure that the solvent distribution is homogeneous (radial distribution function is essentially unity) when the solvent molecule is separated beyond distance of   10.0 Angstrom in any direction from any atom within the solute molecule
 
  LJ long-range correction    =        -0.0067     -0.0049     -0.5374
 
  Self-energy of the solute   =        -0.0001  kcal/mol
 
 
 cumulative average & 95% error for solvation energy
              total             1st component         2nd component         3rd component
  1   -24.9861               -1.0606               -0.6581              -23.2672
  2   -24.8639     0.2444    -0.8318     0.4576    -0.7040     0.0919   -23.3279     0.1213
  3   -24.8923     0.1521    -0.7432     0.3181    -0.8475     0.2918   -23.3014     0.0878
  4   -24.9002     0.1088    -0.5598     0.4303    -0.8925     0.2251   -23.4478     0.2993
  5   -24.8618     0.1140    -0.4484     0.4010    -0.8065     0.2449   -23.6068     0.3935
  6   -24.8705     0.0946    -0.4721     0.3308    -0.7871     0.2037   -23.6112     0.3214
  7   -24.8350     0.1069    -0.5801     0.3533    -0.7028     0.2410   -23.5520     0.2963
  8   -24.8269     0.0940    -0.5039     0.3419    -0.7194     0.2113   -23.6035     0.2765
  9   -24.8099     0.0895    -0.4600     0.3140    -0.6778     0.2040   -23.6720     0.2797
 10   -24.8169     0.0813    -0.5199     0.3054    -0.6488     0.1915   -23.6481     0.2547
 
 
 group  inft  solvation free energy     error          difference
  total solvation free energy
   1      0         -1.75429           0.06265           0.00099
   1     60         -1.76947           0.06265          -0.01419
   1     80         -1.91884           0.06267          -0.16356
   1    100         -2.56036           0.06263          -0.80507
   2      0         -1.75479           0.06085           0.00050
   3      0         -1.75528           0.06070           0.00000
   4      0         -1.74721           0.05933           0.00807
   5      0         -1.74663           0.05883           0.00866
   5     60         -1.76758           0.05884          -0.01229
   5     80         -1.95926           0.05885          -0.20397
   5    100         -2.55441           0.05877          -0.79913
 
  contribution from  1-th solvent component
   1      0         -0.06554           0.15006           0.00563
   1     60         -0.06563           0.15006           0.00554
   1     80         -0.06670           0.15010           0.00447
   1    100         -0.07205           0.15028          -0.00088
   2      0         -0.07011           0.14570           0.00106
   3      0         -0.07117           0.14428           0.00000
   4      0         -0.07265           0.14306          -0.00148
   5      0         -0.07237           0.14287          -0.00121
   5     60         -0.07251           0.14287          -0.00135
   5     80         -0.07399           0.14288          -0.00282
   5    100         -0.07922           0.14291          -0.00806
 
  contribution from  2-th solvent component
   1      0         -0.43387           0.09917          -0.00900
   1     60         -0.43364           0.09917          -0.00877
   1     80         -0.43251           0.09918          -0.00765
   1    100         -0.43052           0.09929          -0.00566
   2      0         -0.42789           0.09895          -0.00302
   3      0         -0.42486           0.09967           0.00000
   4      0         -0.42396           0.09880           0.00090
   5      0         -0.42339           0.09901           0.00148
   5     60         -0.42312           0.09901           0.00174
   5     80         -0.42199           0.09905           0.00288
   5    100         -0.42072           0.09918           0.00414
 
  contribution from  3-th solvent component
   1      0         -1.25475           0.12713           0.00436
   1     60         -1.27007           0.12714          -0.01095
   1     80         -1.41949           0.12718          -0.16038
   1    100         -2.05765           0.12749          -0.79853
   2      0         -1.25665           0.12675           0.00246
   3      0         -1.25911           0.12732           0.00000
   4      0         -1.25046           0.12609           0.00865
   5      0         -1.25073           0.12651           0.00839
   5     60         -1.27180           0.12652          -0.01269
   5     80         -1.46314           0.12658          -0.20403
   5    100         -2.05433           0.12685          -0.79522
 
 
 group  inft   Estimated free energy: total (kcal/mol)
   1      0      -1.8380      -1.7191      -1.8914      -1.7795      -1.6717
                 -1.8210      -1.6381      -1.6353      -1.6722      -1.8766
   1     60      -1.8533      -1.7343      -1.9066      -1.7947      -1.6869
                 -1.8362      -1.6533      -1.6505      -1.6873      -1.8917
   1     80      -2.0032      -1.8837      -2.0557      -1.9440      -1.8362
                 -1.9857      -1.8024      -1.7999      -1.8367      -2.0409
   1    100      -2.6463      -2.5257      -2.6964      -2.5846      -2.4776
                 -2.6278      -2.4437      -2.4408      -2.4792      -2.6815
   2      0      -1.8282      -1.7158      -1.8848      -1.7920      -1.6827
                 -1.8220      -1.6337      -1.6437      -1.6707      -1.8744
   3      0      -1.8289      -1.7139      -1.8776      -1.7948      -1.6884
                 -1.8267      -1.6241      -1.6510      -1.6714      -1.8759
   4      0      -1.8174      -1.7071      -1.8647      -1.7909      -1.6831
                 -1.8166      -1.6236      -1.6393      -1.6635      -1.8659
   5      0      -1.8246      -1.7082      -1.8626      -1.7809      -1.6865
                 -1.8090      -1.6120      -1.6473      -1.6693      -1.8659
   5     60      -1.8457      -1.7292      -1.8835      -1.8019      -1.7075
                 -1.8300      -1.6329      -1.6683      -1.6902      -1.8868
   5     80      -2.0379      -1.9209      -2.0749      -1.9936      -1.8992
                 -2.0218      -1.8242      -1.8601      -1.8819      -2.0782
   5    100      -2.6342      -2.5163      -2.6691      -2.5886      -2.4945
                 -2.6173      -2.4188      -2.4549      -2.4781      -2.6722
 
 group  inft   Estimated free energy: 1-th solvent contribution (kcal/mol)
   1      0      -0.3356      -0.1004      -0.1167       0.1577       0.1898
                 -0.0951      -0.3924       0.2133       0.1654      -0.3414
   1     60      -0.3357      -0.1005      -0.1168       0.1576       0.1897
                 -0.0952      -0.3925       0.2132       0.1653      -0.3415
   1     80      -0.3368      -0.1015      -0.1180       0.1566       0.1888
                 -0.0963      -0.3936       0.2122       0.1643      -0.3426
   1    100      -0.3426      -0.1070      -0.1235       0.1514       0.1841
                 -0.1018      -0.3992       0.2071       0.1592      -0.3482
   2      0      -0.3311      -0.1041      -0.1164       0.1455       0.1715
                 -0.0959      -0.3890       0.1992       0.1604      -0.3410
   3      0      -0.3311      -0.1036      -0.1147       0.1445       0.1647
                 -0.0939      -0.3890       0.1933       0.1576      -0.3395
   4      0      -0.3252      -0.1034      -0.1133       0.1377       0.1597
                 -0.0972      -0.3912       0.1923       0.1548      -0.3407
   5      0      -0.3282      -0.1029      -0.1132       0.1423       0.1586
                 -0.0957      -0.3898       0.1919       0.1514      -0.3381
   5     60      -0.3284      -0.1031      -0.1133       0.1421       0.1585
                 -0.0958      -0.3899       0.1917       0.1513      -0.3382
   5     80      -0.3299      -0.1045      -0.1148       0.1406       0.1571
                 -0.0973      -0.3914       0.1903       0.1498      -0.3397
   5    100      -0.3353      -0.1097      -0.1201       0.1354       0.1520
                 -0.1025      -0.3967       0.1850       0.1446      -0.3449
 
 group  inft   Estimated free energy: 2-th solvent contribution (kcal/mol)
   1      0      -0.4473      -0.4816      -0.7236      -0.5853      -0.3034
                 -0.4765      -0.1785      -0.4610      -0.2709      -0.4106
   1     60      -0.4471      -0.4813      -0.7234      -0.5851      -0.3032
                 -0.4763      -0.1782      -0.4607      -0.2707      -0.4103
   1     80      -0.4461      -0.4800      -0.7224      -0.5839      -0.3020
                 -0.4752      -0.1770      -0.4595      -0.2696      -0.4093
   1    100      -0.4445      -0.4777      -0.7211      -0.5813      -0.2998
                 -0.4736      -0.1745      -0.4572      -0.2677      -0.4079
   2      0      -0.4401      -0.4729      -0.7150      -0.5817      -0.2961
                 -0.4763      -0.1744      -0.4530      -0.2637      -0.4057
   3      0      -0.4392      -0.4715      -0.7084      -0.5814      -0.2915
                 -0.4781      -0.1649      -0.4477      -0.2602      -0.4058
   4      0      -0.4374      -0.4686      -0.7053      -0.5809      -0.2918
                 -0.4752      -0.1680      -0.4479      -0.2592      -0.4054
   5      0      -0.4444      -0.4671      -0.7043      -0.5761      -0.2931
                 -0.4713      -0.1598      -0.4511      -0.2619      -0.4047
   5     60      -0.4441      -0.4668      -0.7041      -0.5759      -0.2929
                 -0.4711      -0.1595      -0.4508      -0.2616      -0.4044
   5     80      -0.4431      -0.4655      -0.7031      -0.5747      -0.2916
                 -0.4700      -0.1582      -0.4497      -0.2605      -0.4034
   5    100      -0.4420      -0.4637      -0.7024      -0.5732      -0.2900
                 -0.4692      -0.1564      -0.4482      -0.2593      -0.4026
 
 group  inft   Estimated free energy: 3-th solvent contribution (kcal/mol)
   1      0      -1.0549      -1.1371      -1.0509      -1.3517      -1.5580
                 -1.2493      -1.0671      -1.3875      -1.5665      -1.1245
   1     60      -1.0703      -1.1524      -1.0662      -1.3670      -1.5733
                 -1.2646      -1.0824      -1.4029      -1.5818      -1.1398
   1     80      -1.2201      -1.3020      -1.2152      -1.5165      -1.7229
                 -1.4140      -1.2317      -1.5525      -1.7311      -1.2889
   1    100      -1.8591      -1.9410      -1.8516      -2.1546      -2.3617
                 -2.0522      -1.8698      -2.1905      -2.3705      -1.9254
   2      0      -1.0568      -1.1386      -1.0533      -1.3556      -1.5580
                 -1.2497      -1.0701      -1.3897      -1.5671      -1.1275
   3      0      -1.0586      -1.1386      -1.0544      -1.3577      -1.5614
                 -1.2546      -1.0701      -1.3965      -1.5687      -1.1306
   4      0      -1.0546      -1.1350      -1.0460      -1.3476      -1.5508
                 -1.2441      -1.0643      -1.3835      -1.5589      -1.1197
   5      0      -1.0519      -1.1380      -1.0449      -1.3469      -1.5518
                 -1.2419      -1.0623      -1.3879      -1.5587      -1.1230
   5     60      -1.0730      -1.1591      -1.0659      -1.3680      -1.5730
                 -1.2629      -1.0833      -1.4090      -1.5797      -1.1441
   5     80      -1.2648      -1.3507      -1.2567      -1.5594      -1.7645
                 -1.4543      -1.2744      -1.6006      -1.7711      -1.3349
   5    100      -1.8567      -1.9427      -1.8465      -2.1506      -2.3563
                 -2.0455      -1.8656      -2.1915      -2.3634      -1.9246
 
 
 cumulative average & 95% error for solvation free energy
              total             1st component         2nd component         3rd component
  1    -1.8289               -0.3311               -0.4392               -1.0586
  2    -1.7714     0.1150    -0.2174     0.2274    -0.4553     0.0323    -1.0986     0.0800
  3    -1.8068     0.0971    -0.1831     0.1481    -0.5397     0.1698    -1.0838     0.0548
  4    -1.8038     0.0689    -0.1012     0.1944    -0.5501     0.1218    -1.1523     0.1423
  5    -1.7807     0.0706    -0.0480     0.1844    -0.4984     0.1400    -1.2341     0.1973
  6    -1.7884     0.0596    -0.0557     0.1513    -0.4950     0.1145    -1.2375     0.1612
  7    -1.7649     0.0689    -0.1033     0.1594    -0.4479     0.1352    -1.2136     0.1444
  8    -1.7507     0.0661    -0.0662     0.1567    -0.4478     0.1170    -1.2365     0.1332
  9    -1.7419     0.0609    -0.0414     0.1469    -0.4270     0.1113    -1.2734     0.1387
 10    -1.7553     0.0607    -0.0712     0.1443    -0.4249     0.0997    -1.2591     0.1273
