 ERmod 0.3.8, Copyright (C) 2000-2019 Nobuyuki Matubayasi
                            2010-2019 Shun Sakuraba
 ERmod comes with ABSOLUTELY NO WARRANTY.
 This is free software, and you can redistribute it
 and/or modify it under certain conditions.
 See LICENSE file for details.
 ERmod 0.3.8, Copyright (C) 2000-2019 Nobuyuki Matubayasi
                            2010-2019 Shun Sakuraba
 ERmod comes with ABSOLUTELY NO WARRANTY.
 This is free software, and you can redistribute it
 and/or modify it under certain conditions.
 See LICENSE file for details.
 
  Number of the   1-th solvent  =          180
  Number of the   2-th solvent  =          180
  Number of the   3-th solvent  =        10000
 
  Be sure that the solvent distribution is homogeneous (radial distribution function is essentially unity) when the solvent molecule is separated beyond distance of   10.0 Angstrom in any direction from any atom within the solute molecule
 
  LJ long-range correction    =        -0.0088     -0.0202     -0.5205
 
  Self-energy of the solute   =        -0.0001  kcal/mol
 
 
 cumulative average & 95% error for solvation energy
              total             1st component         2nd component         3rd component
  1   -24.7065                0.0651               -1.2265              -23.5450
  2   -24.6798     0.0534    -0.6020     1.3341    -1.3417     0.2303   -22.7361     1.6179
  3   -24.7368     0.1181    -0.6643     0.7803    -1.3545     0.1354   -22.7179     0.9348
  4   -24.7294     0.0848    -0.6184     0.5593    -1.3153     0.1238   -22.7956     0.6790
  5   -24.7252     0.0662    -0.6710     0.4458    -1.2441     0.1716   -22.8099     0.5267
  6   -24.7359     0.0582    -0.7899     0.4348    -1.2923     0.1701   -22.6535     0.5318
  7   -24.7379     0.0493    -0.8251     0.3741    -1.3912     0.2445   -22.5215     0.5213
  8   -24.7421     0.0436    -0.7816     0.3355    -1.3237     0.2512   -22.6368     0.5069
  9   -24.7409     0.0385    -0.7537     0.3011    -1.3587     0.2323   -22.6285     0.4474
 10   -24.7397     0.0345    -0.7154     0.2800    -1.3098     0.2296   -22.7143     0.4354
 
 
 group  inft  solvation free energy     error          difference
  total solvation free energy
   1      0         -1.71166           0.06033           0.00491
   1     60         -1.72877           0.06032          -0.01220
   1     80         -1.89264           0.06025          -0.17606
   1    100         -2.56495           0.06003          -0.84838
   2      0         -1.71596           0.05383           0.00062
   3      0         -1.71658           0.05145           0.00000
   4      0         -1.70896           0.05148           0.00762
   5      0         -1.70862           0.04873           0.00796
   5     60         -1.73217           0.04870          -0.01560
   5     80         -1.94064           0.04855          -0.22407
   5    100         -2.56305           0.04817          -0.84648
 
  contribution from  1-th solvent component
   1      0          0.00132           0.14786           0.00810
   1     60          0.00122           0.14787           0.00799
   1     80         -0.00044           0.14794           0.00634
   1    100         -0.00878           0.14814          -0.00200
   2      0         -0.00583           0.14236           0.00095
   3      0         -0.00678           0.13991           0.00000
   4      0         -0.00665           0.13941           0.00013
   5      0         -0.00726           0.13869          -0.00048
   5     60         -0.00744           0.13870          -0.00066
   5     80         -0.00976           0.13873          -0.00298
   5    100         -0.01787           0.13878          -0.01109
 
  contribution from  2-th solvent component
   1      0         -0.61027           0.13461          -0.00704
   1     60         -0.61059           0.13462          -0.00736
   1     80         -0.61384           0.13468          -0.01061
   1    100         -0.62727           0.13489          -0.02404
   2      0         -0.60536           0.13196          -0.00213
   3      0         -0.60323           0.13194           0.00000
   4      0         -0.60248           0.13078           0.00075
   5      0         -0.60266           0.12937           0.00057
   5     60         -0.60312           0.12938           0.00011
   5     80         -0.60732           0.12943          -0.00409
   5    100         -0.61987           0.12954          -0.01664
 
  contribution from  3-th solvent component
   1      0         -1.10262           0.20135           0.00385
   1     60         -1.11930           0.20139          -0.01283
   1     80         -1.27825           0.20161          -0.17179
   1    100         -1.92880           0.20232          -0.82234
   2      0         -1.10466           0.20134           0.00180
   3      0         -1.10646           0.20125           0.00000
   4      0         -1.09973           0.20037           0.00674
   5      0         -1.09859           0.20090           0.00787
   5     60         -1.12152           0.20095          -0.01505
   5     80         -1.32347           0.20122          -0.21700
   5    100         -1.92521           0.20186          -0.81875
 
 
 group  inft   Estimated free energy: total (kcal/mol)
   1      0      -1.5503      -1.7467      -1.7482      -1.6852      -1.7487
                 -1.8377      -1.8540      -1.6298      -1.6941      -1.6220
   1     60      -1.5674      -1.7638      -1.7653      -1.7023      -1.7659
                 -1.8548      -1.8711      -1.6469      -1.7111      -1.6391
   1     80      -1.7315      -1.9272      -1.9293      -1.8664      -1.9299
                 -2.0185      -2.0348      -1.8109      -1.8750      -1.8029
   1    100      -2.4044      -2.5984      -2.6015      -2.5401      -2.6030
                 -2.6901      -2.7066      -2.4834      -2.5469      -2.4751
   2      0      -1.5648      -1.7317      -1.7448      -1.6904      -1.7587
                 -1.8247      -1.8485      -1.6504      -1.6988      -1.6466
   3      0      -1.5807      -1.7323      -1.7457      -1.6884      -1.7567
                 -1.8218      -1.8464      -1.6477      -1.6965      -1.6495
   4      0      -1.5660      -1.7271      -1.7354      -1.6826      -1.7534
                 -1.8126      -1.8361      -1.6434      -1.6854      -1.6476
   5      0      -1.5722      -1.7222      -1.7293      -1.6787      -1.7516
                 -1.8046      -1.8331      -1.6507      -1.6907      -1.6531
   5     60      -1.5958      -1.7456      -1.7529      -1.7023      -1.7752
                 -1.8281      -1.8566      -1.6743      -1.7143      -1.6767
   5     80      -1.8047      -1.9534      -1.9614      -1.9111      -1.9839
                 -2.0362      -2.0647      -1.8830      -1.9227      -1.8853
   5    100      -2.4282      -2.5744      -2.5836      -2.5349      -2.6068
                 -2.6577      -2.6863      -2.5060      -2.5446      -2.5081
 
 group  inft   Estimated free energy: 1-th solvent contribution (kcal/mol)
   1      0       0.4255      -0.2551      -0.0278       0.1241      -0.1137
                 -0.3369      -0.2070       0.1419       0.0772       0.1851
   1     60       0.4254      -0.2553      -0.0279       0.1240      -0.1138
                 -0.3370      -0.2072       0.1418       0.0771       0.1850
   1     80       0.4239      -0.2570      -0.0296       0.1224      -0.1154
                 -0.3388      -0.2090       0.1401       0.0756       0.1835
   1    100       0.4163      -0.2657      -0.0382       0.1142      -0.1239
                 -0.3474      -0.2178       0.1316       0.0675       0.1756
   2      0       0.4081      -0.2517      -0.0287       0.1151      -0.1186
                 -0.3310      -0.2045       0.1270       0.0622       0.1638
   3      0       0.3953      -0.2508      -0.0306       0.1153      -0.1156
                 -0.3278      -0.2027       0.1284       0.0617       0.1591
   4      0       0.3967      -0.2553      -0.0290       0.1105      -0.1136
                 -0.3224      -0.2005       0.1283       0.0613       0.1575
   5      0       0.3932      -0.2494      -0.0289       0.1127      -0.1145
                 -0.3248      -0.2012       0.1267       0.0568       0.1569
   5     60       0.3930      -0.2496      -0.0291       0.1125      -0.1146
                 -0.3250      -0.2014       0.1265       0.0566       0.1567
   5     80       0.3908      -0.2520      -0.0314       0.1102      -0.1169
                 -0.3274      -0.2039       0.1241       0.0544       0.1545
   5    100       0.3830      -0.2602      -0.0396       0.1022      -0.1250
                 -0.3354      -0.2122       0.1156       0.0465       0.1465
 
 group  inft   Estimated free energy: 2-th solvent contribution (kcal/mol)
   1      0      -0.4798      -0.7346      -0.6487      -0.5545      -0.4722
                 -0.7876      -1.0013      -0.3341      -0.7478      -0.3419
   1     60      -0.4801      -0.7349      -0.6491      -0.5549      -0.4725
                 -0.7880      -1.0016      -0.3344      -0.7482      -0.3422
   1     80      -0.4832      -0.7383      -0.6524      -0.5582      -0.4758
                 -0.7913      -1.0050      -0.3375      -0.7515      -0.3454
   1    100      -0.4962      -0.7520      -0.6661      -0.5718      -0.4892
                 -0.8051      -1.0186      -0.3502      -0.7652      -0.3582
   2      0      -0.4763      -0.7230      -0.6423      -0.5484      -0.4739
                 -0.7783      -0.9955      -0.3370      -0.7352      -0.3437
   3      0      -0.4760      -0.7198      -0.6382      -0.5447      -0.4747
                 -0.7769      -0.9952      -0.3338      -0.7307      -0.3423
   4      0      -0.4759      -0.7181      -0.6371      -0.5409      -0.4765
                 -0.7752      -0.9924      -0.3378      -0.7272      -0.3435
   5      0      -0.4779      -0.7203      -0.6356      -0.5425      -0.4766
                 -0.7648      -0.9912      -0.3406      -0.7290      -0.3482
   5     60      -0.4783      -0.7207      -0.6361      -0.5430      -0.4770
                 -0.7653      -0.9916      -0.3411      -0.7294      -0.3486
   5     80      -0.4825      -0.7250      -0.6403      -0.5473      -0.4813
                 -0.7696      -0.9959      -0.3450      -0.7337      -0.3527
   5    100      -0.4949      -0.7377      -0.6530      -0.5600      -0.4939
                 -0.7823      -1.0086      -0.3571      -0.7464      -0.3649
 
 group  inft   Estimated free energy: 3-th solvent contribution (kcal/mol)
   1      0      -1.4959      -0.7569      -1.0715      -1.2546      -1.1627
                 -0.7131      -0.6456      -1.4374      -1.0234      -1.4650
   1     60      -1.5127      -0.7735      -1.0882      -1.2713      -1.1795
                 -0.7297      -0.6622      -1.4542      -1.0400      -1.4817
   1     80      -1.6721      -0.9318      -1.2472      -1.4305      -1.3386
                 -0.8882      -0.8207      -1.6134      -1.1990      -1.6409
   1    100      -2.3244      -1.5806      -1.8972      -2.0824      -1.9897
                 -1.5375      -1.4701      -2.2648      -1.8491      -2.2924
   2      0      -1.4965      -0.7570      -1.0737      -1.2571      -1.1661
                 -0.7153      -0.6483      -1.4403      -1.0257      -1.4666
   3      0      -1.4999      -0.7616      -1.0768      -1.2588      -1.1663
                 -0.7171      -0.6484      -1.4422      -1.0273      -1.4662
   4      0      -1.4867      -0.7536      -1.0692      -1.2522      -1.1632
                 -0.7149      -0.6430      -1.4337      -1.0193      -1.4615
   5      0      -1.4874      -0.7524      -1.0647      -1.2488      -1.1604
                 -0.7149      -0.6406      -1.4366      -1.0184      -1.4617
   5     60      -1.5104      -0.7752      -1.0876      -1.2717      -1.1834
                 -0.7377      -0.6634      -1.4596      -1.0413      -1.4847
   5     80      -1.7130      -0.9763      -1.2896      -1.4740      -1.3856
                 -0.9392      -0.8648      -1.6620      -1.2433      -1.6869
   5    100      -2.3162      -1.5764      -1.8908      -2.0770      -1.9878
                 -1.5399      -1.4655      -2.2644      -1.8446      -2.2895
 
 
 cumulative average & 95% error for solvation free energy
              total             1st component         2nd component         3rd component
  1    -1.5807                0.3953               -0.4760               -1.4999
  2    -1.6565     0.1516     0.0722     0.6461    -0.5979     0.2439    -1.1308     0.7384
  3    -1.6863     0.1058     0.0380     0.3793    -0.6113     0.1433    -1.1128     0.4278
  4    -1.6868     0.0748     0.0573     0.2710    -0.5947     0.1067    -1.1493     0.3112
  5    -1.7008     0.0644     0.0227     0.2210    -0.5707     0.0956    -1.1527     0.2411
  6    -1.7210     0.0663    -0.0357     0.2150    -0.6051     0.1040    -1.0801     0.2446
  7    -1.7389     0.0665    -0.0596     0.1878    -0.6608     0.1419    -1.0184     0.2408
  8    -1.7275     0.0619    -0.0361     0.1693    -0.6199     0.1476    -1.0714     0.2339
  9    -1.7240     0.0550    -0.0252     0.1509    -0.6322     0.1325    -1.0665     0.2065
 10    -1.7166     0.0514    -0.0068     0.1399    -0.6032     0.1319    -1.1065     0.2012
