 ERmod 0.3.8, Copyright (C) 2000-2019 Nobuyuki Matubayasi
                            2010-2019 Shun Sakuraba
 ERmod comes with ABSOLUTELY NO WARRANTY.
 This is free software, and you can redistribute it
 and/or modify it under certain conditions.
 See LICENSE file for details.
 ERmod 0.3.8, Copyright (C) 2000-2019 Nobuyuki Matubayasi
                            2010-2019 Shun Sakuraba
 ERmod comes with ABSOLUTELY NO WARRANTY.
 This is free software, and you can redistribute it
 and/or modify it under certain conditions.
 See LICENSE file for details.
 
  Number of the   1-th solvent  =           90
  Number of the   2-th solvent  =           90
  Number of the   3-th solvent  =        10000
 
  Be sure that the solvent distribution is homogeneous (radial distribution function is essentially unity) when the solvent molecule is separated beyond distance of   10.0 Angstrom in any direction from any atom within the solute molecule
 
  LJ long-range correction    =        -0.0072     -0.0179     -0.5755
 
  Self-energy of the solute   =         0.0001  kcal/mol
 
 
 cumulative average & 95% error for solvation energy
              total             1st component         2nd component         3rd component
  1   -14.0018                0.2093               -0.4665              -13.7447
  2   -14.0071     0.0106     0.1950     0.0287    -0.4759     0.0188   -13.7263     0.0369
  3   -13.9943     0.0264     0.1907     0.0186    -0.4756     0.0108   -13.7095     0.0398
  4   -13.9980     0.0201     0.1861     0.0160    -0.4750     0.0078   -13.7092     0.0281
  5   -14.0036     0.0191     0.1914     0.0162    -0.4650     0.0208   -13.7300     0.0469
  6   -14.0077     0.0177     0.1938     0.0141    -0.4600     0.0197   -13.7416     0.0447
  7   -14.0021     0.0186     0.1886     0.0158    -0.4693     0.0250   -13.7215     0.0552
  8   -14.0011     0.0163     0.1833     0.0173    -0.4704     0.0218   -13.7141     0.0500
  9   -14.0031     0.0149     0.1858     0.0160    -0.4638     0.0233   -13.7252     0.0493
 10   -14.0054     0.0141     0.1850     0.0144    -0.4596     0.0225   -13.7309     0.0456
 
 
 group  inft  solvation free energy     error          difference
  total solvation free energy
   1      0          4.66309           0.01001           0.00379
   1     60          4.65007           0.01003          -0.00923
   1     80          4.52398           0.01028          -0.13532
   1    100          3.97532           0.01139          -0.68398
   2      0          4.65196           0.00990          -0.00734
   3      0          4.65930           0.01022           0.00000
   4      0          4.65302           0.00957          -0.00628
   5      0          4.69633           0.00915           0.03703
   5     60          4.67827           0.00919           0.01897
   5     80          4.51558           0.00949          -0.14373
   5    100          4.00044           0.01049          -0.65887
 
  contribution from  1-th solvent component
   1      0          0.34441           0.01280           0.00355
   1     60          0.34449           0.01284           0.00363
   1     80          0.34493           0.01320           0.00408
   1    100          0.34469           0.01472           0.00383
   2      0          0.34192           0.01256           0.00107
   3      0          0.34086           0.01241           0.00000
   4      0          0.34002           0.01230          -0.00084
   5      0          0.33989           0.01224          -0.00097
   5     60          0.33997           0.01229          -0.00088
   5     80          0.34025           0.01273          -0.00061
   5    100          0.33939           0.01405          -0.00147
 
  contribution from  2-th solvent component
   1      0         -0.13988           0.01050           0.00316
   1     60         -0.13999           0.01050           0.00305
   1     80         -0.14111           0.01054           0.00194
   1    100         -0.14603           0.01068          -0.00299
   2      0         -0.14202           0.01043           0.00103
   3      0         -0.14305           0.01050           0.00000
   4      0         -0.14367           0.01053          -0.00063
   5      0         -0.14376           0.01031          -0.00071
   5     60         -0.14392           0.01032          -0.00087
   5     80         -0.14544           0.01036          -0.00239
   5    100         -0.15024           0.01047          -0.00719
 
  contribution from  3-th solvent component
   1      0          4.45851           0.02129          -0.00292
   1     60          4.44552           0.02130          -0.01591
   1     80          4.32010           0.02143          -0.14133
   1    100          3.77661           0.02189          -0.68482
   2      0          4.45200           0.02185          -0.00944
   3      0          4.46143           0.02190           0.00000
   4      0          4.45662           0.02205          -0.00481
   5      0          4.50014           0.02014           0.03871
   5     60          4.48216           0.02016           0.02072
   5     80          4.32071           0.02031          -0.14072
   5    100          3.81123           0.02073          -0.65021
 
 
 group  inft   Estimated free energy: total (kcal/mol)
   1      0       4.6687       4.6482       4.6922       4.6468       4.6723
                  4.6490       4.6669       4.6668       4.6767       4.6432
   1     60       4.6557       4.6351       4.6792       4.6338       4.6594
                  4.6360       4.6538       4.6538       4.6637       4.6302
   1     80       4.5300       4.5086       4.5534       4.5071       4.5344
                  4.5100       4.5273       4.5275       4.5383       4.5034
   1    100       3.9830       3.9577       4.0060       3.9556       3.9902
                  3.9620       3.9768       3.9774       3.9923       3.9523
   2      0       4.6543       4.6394       4.6835       4.6329       4.6563
                  4.6404       4.6603       4.6535       4.6644       4.6346
   3      0       4.6609       4.6458       4.6942       4.6406       4.6621
                  4.6481       4.6680       4.6589       4.6711       4.6434
   4      0       4.6525       4.6424       4.6850       4.6350       4.6544
                  4.6440       4.6636       4.6523       4.6645       4.6366
   5      0       4.6985       4.6829       4.7230       4.6789       4.7062
                  4.6840       4.7028       4.6956       4.7097       4.6817
   5     60       4.6805       4.6648       4.7050       4.6608       4.6883
                  4.6660       4.6847       4.6775       4.6917       4.6635
   5     80       4.5182       4.5015       4.5426       4.4973       4.5269
                  4.5035       4.5216       4.5145       4.5297       4.5000
   5    100       4.0043       3.9845       4.0286       3.9795       4.0157
                  3.9891       4.0051       3.9982       4.0168       3.9826
 
 group  inft   Estimated free energy: 1-th solvent contribution (kcal/mol)
   1      0       0.3717       0.3355       0.3420       0.3309       0.3765
                  0.3566       0.3238       0.3165       0.3575       0.3332
   1     60       0.3718       0.3356       0.3421       0.3309       0.3767
                  0.3567       0.3238       0.3165       0.3576       0.3333
   1     80       0.3729       0.3357       0.3425       0.3309       0.3783
                  0.3573       0.3237       0.3164       0.3584       0.3333
   1    100       0.3751       0.3340       0.3418       0.3287       0.3831
                  0.3581       0.3211       0.3138       0.3599       0.3314
   2      0       0.3684       0.3337       0.3395       0.3274       0.3735
                  0.3534       0.3220       0.3148       0.3555       0.3311
   3      0       0.3673       0.3320       0.3398       0.3269       0.3722
                  0.3520       0.3212       0.3137       0.3530       0.3304
   4      0       0.3668       0.3313       0.3380       0.3264       0.3707
                  0.3513       0.3209       0.3130       0.3521       0.3296
   5      0       0.3657       0.3315       0.3376       0.3264       0.3711
                  0.3510       0.3210       0.3128       0.3523       0.3295
   5     60       0.3658       0.3316       0.3377       0.3264       0.3713
                  0.3512       0.3210       0.3128       0.3524       0.3296
   5     80       0.3669       0.3314       0.3378       0.3261       0.3730
                  0.3517       0.3207       0.3124       0.3532       0.3293
   5    100       0.3681       0.3293       0.3365       0.3234       0.3767
                  0.3517       0.3179       0.3096       0.3539       0.3269
 
 group  inft   Estimated free energy: 2-th solvent contribution (kcal/mol)
   1      0      -0.1465      -0.1520      -0.1464      -0.1467      -0.1251
                 -0.1302      -0.1687      -0.1476      -0.1147      -0.1209
   1     60      -0.1466      -0.1521      -0.1465      -0.1468      -0.1252
                 -0.1303      -0.1688      -0.1478      -0.1148      -0.1210
   1     80      -0.1478      -0.1533      -0.1477      -0.1480      -0.1263
                 -0.1313      -0.1700      -0.1489      -0.1158      -0.1221
   1    100      -0.1529      -0.1584      -0.1527      -0.1530      -0.1312
                 -0.1358      -0.1752      -0.1540      -0.1202      -0.1269
   2      0      -0.1486      -0.1536      -0.1486      -0.1494      -0.1272
                 -0.1325      -0.1705      -0.1498      -0.1175      -0.1224
   3      0      -0.1499      -0.1551      -0.1499      -0.1506      -0.1281
                 -0.1338      -0.1712      -0.1509      -0.1183      -0.1228
   4      0      -0.1503      -0.1556      -0.1507      -0.1511      -0.1283
                 -0.1346      -0.1722      -0.1513      -0.1191      -0.1234
   5      0      -0.1501      -0.1550      -0.1506      -0.1506      -0.1289
                 -0.1351      -0.1722      -0.1513      -0.1194      -0.1243
   5     60      -0.1503      -0.1552      -0.1508      -0.1508      -0.1290
                 -0.1353      -0.1723      -0.1515      -0.1196      -0.1244
   5     80      -0.1519      -0.1568      -0.1524      -0.1523      -0.1305
                 -0.1367      -0.1739      -0.1530      -0.1209      -0.1259
   5    100      -0.1569      -0.1617      -0.1573      -0.1573      -0.1353
                 -0.1411      -0.1789      -0.1579      -0.1253      -0.1307
 
 group  inft   Estimated free energy: 3-th solvent contribution (kcal/mol)
   1      0       4.4434       4.4646       4.4965       4.4626       4.4209
                  4.4226       4.5118       4.4980       4.4339       4.4308
   1     60       4.4304       4.4516       4.4836       4.4496       4.4079
                  4.4096       4.4988       4.4850       4.4209       4.4178
   1     80       4.3048       4.3261       4.3586       4.3241       4.2823
                  4.2839       4.3736       4.3600       4.2956       4.2921
   1    100       3.7608       3.7820       3.8169       3.7800       3.7382
                  3.7397       3.8308       3.8176       3.7525       3.7476
   2      0       4.4345       4.4593       4.4926       4.4549       4.4100
                  4.4194       4.5088       4.4884       4.4263       4.4259
   3      0       4.4434       4.4689       4.5042       4.4641       4.4179
                  4.4298       4.5179       4.4961       4.4363       4.4358
   4      0       4.4359       4.4667       4.4977       4.4596       4.4120
                  4.4272       4.5148       4.4905       4.4314       4.4304
   5      0       4.4829       4.5064       4.5360       4.5030       4.4640
                  4.4681       4.5539       4.5341       4.4767       4.4763
   5     60       4.4649       4.4884       4.5181       4.4850       4.4460
                  4.4500       4.5360       4.5161       4.4588       4.4583
   5     80       4.3032       4.3268       4.3571       4.3235       4.2844
                  4.2884       4.3748       4.3551       4.2974       4.2965
   5    100       3.7930       3.8168       3.8493       3.8134       3.7743
                  3.7784       3.8661       3.8465       3.7882       3.7863
 
 
 cumulative average & 95% error for solvation free energy
              total             1st component         2nd component         3rd component
  1     4.6609                0.3673               -0.1499                4.4434
  2     4.6533     0.0151     0.3497     0.0354    -0.1525     0.0052     4.4561     0.0255
  3     4.6670     0.0286     0.3464     0.0214    -0.1516     0.0035     4.4722     0.0353
  4     4.6604     0.0241     0.3415     0.0180    -0.1514     0.0025     4.4702     0.0253
  5     4.6607     0.0187     0.3477     0.0186    -0.1467     0.0095     4.4597     0.0286
  6     4.6586     0.0158     0.3484     0.0152    -0.1445     0.0089     4.4547     0.0254
  7     4.6599     0.0136     0.3445     0.0150    -0.1484     0.0107     4.4637     0.0281
  8     4.6598     0.0118     0.3406     0.0151    -0.1487     0.0093     4.4678     0.0256
  9     4.6611     0.0107     0.3420     0.0136    -0.1453     0.0106     4.4643     0.0236
 10     4.6593     0.0102     0.3409     0.0124    -0.1430     0.0105     4.4614     0.0219
