 ERmod 0.3.8, Copyright (C) 2000-2019 Nobuyuki Matubayasi
                            2010-2019 Shun Sakuraba
 ERmod comes with ABSOLUTELY NO WARRANTY.
 This is free software, and you can redistribute it
 and/or modify it under certain conditions.
 See LICENSE file for details.
 ERmod 0.3.8, Copyright (C) 2000-2019 Nobuyuki Matubayasi
                            2010-2019 Shun Sakuraba
 ERmod comes with ABSOLUTELY NO WARRANTY.
 This is free software, and you can redistribute it
 and/or modify it under certain conditions.
 See LICENSE file for details.
 
  Number of the   1-th solvent  =          180
  Number of the   2-th solvent  =          180
  Number of the   3-th solvent  =        10000
 
  Be sure that the solvent distribution is homogeneous (radial distribution function is essentially unity) when the solvent molecule is separated beyond distance of   10.0 Angstrom in any direction from any atom within the solute molecule
 
  LJ long-range correction    =        -0.0103     -0.0237     -0.6124
 
  Self-energy of the solute   =        -0.0001  kcal/mol
 
 
 cumulative average & 95% error for solvation energy
              total             1st component         2nd component         3rd component
  1   -26.6895               -1.0698               -1.0783              -24.5413
  2   -26.7571     0.1352    -0.9186     0.3026    -1.0330     0.0905   -24.8054     0.5283
  3   -26.7609     0.0784    -0.7275     0.4201    -1.0789     0.1056   -24.9544     0.4264
  4   -26.7700     0.0584    -0.7936     0.3251    -1.0814     0.0748   -24.8950     0.3240
  5   -26.7922     0.0633    -0.7940     0.2519    -1.1595     0.1667   -24.8386     0.2751
  6   -26.7738     0.0635    -0.6253     0.3952    -1.1718     0.1383   -24.9766     0.3558
  7   -26.7911     0.0638    -0.5606     0.3582    -1.1700     0.1169   -25.0604     0.3443
  8   -26.7816     0.0584    -0.5929     0.3169    -1.1768     0.1022   -25.0117     0.3137
  9   -26.7769     0.0524    -0.6088     0.2813    -1.1779     0.0902   -24.9901     0.2800
 10   -26.7749     0.0470    -0.6069     0.2516    -1.1677     0.0832   -25.0002     0.2512
 
 
 group  inft  solvation free energy     error          difference
  total solvation free energy
   1      0         -1.18800           0.02131           0.00130
   1     60         -1.20602           0.02131          -0.01672
   1     80         -1.38637           0.02132          -0.19707
   1    100         -2.14581           0.02148          -0.95651
   2      0         -1.19014           0.02780          -0.00084
   3      0         -1.18930           0.02809           0.00000
   4      0         -1.18203           0.03175           0.00727
   5      0         -1.17014           0.03052           0.01916
   5     60         -1.19505           0.03053          -0.00575
   5     80         -1.42553           0.03059          -0.23623
   5    100         -2.12943           0.03088          -0.94013
 
  contribution from  1-th solvent component
   1      0          0.13551           0.12027           0.00956
   1     60          0.13539           0.12029           0.00944
   1     80          0.13357           0.12040           0.00762
   1    100          0.12423           0.12090          -0.00172
   2      0          0.12705           0.11433           0.00110
   3      0          0.12595           0.11240           0.00000
   4      0          0.12509           0.11146          -0.00087
   5      0          0.12557           0.11089          -0.00038
   5     60          0.12538           0.11090          -0.00058
   5     80          0.12284           0.11101          -0.00311
   5    100          0.11376           0.11134          -0.01219
 
  contribution from  2-th solvent component
   1      0         -0.51956           0.04371          -0.01123
   1     60         -0.51991           0.04371          -0.01157
   1     80         -0.52347           0.04373          -0.01513
   1    100         -0.53858           0.04377          -0.03024
   2      0         -0.51138           0.04255          -0.00304
   3      0         -0.50833           0.04195           0.00000
   4      0         -0.50738           0.04160           0.00096
   5      0         -0.50280           0.04070           0.00554
   5     60         -0.50329           0.04070           0.00504
   5     80         -0.50793           0.04071           0.00041
   5    100         -0.52209           0.04073          -0.01376
 
  contribution from  3-th solvent component
   1      0         -0.80388           0.12508           0.00297
   1     60         -0.82143           0.12510          -0.01459
   1     80         -0.99640           0.12521          -0.18956
   1    100         -1.73139           0.12582          -0.92455
   2      0         -0.80574           0.12496           0.00110
   3      0         -0.80684           0.12480           0.00000
   4      0         -0.79966           0.12538           0.00718
   5      0         -0.79283           0.12448           0.01401
   5     60         -0.81706           0.12449          -0.01022
   5     80         -1.04037           0.12463          -0.23353
   5    100         -1.72102           0.12518          -0.91418
 
 
 group  inft   Estimated free energy: total (kcal/mol)
   1      0      -1.1282      -1.1663      -1.2325      -1.1772      -1.1953
                 -1.2095      -1.2424      -1.1765      -1.1666      -1.1855
   1     60      -1.1462      -1.1843      -1.2504      -1.1952      -1.2134
                 -1.2274      -1.2606      -1.1945      -1.1846      -1.2035
   1     80      -1.3266      -1.3654      -1.4306      -1.3752      -1.3938
                 -1.4073      -1.4415      -1.3745      -1.3649      -1.3839
   1    100      -2.0858      -2.1278      -2.1910      -2.1330      -2.1526
                 -2.1651      -2.2022      -2.1335      -2.1234      -2.1437
   2      0      -1.1299      -1.1553      -1.2464      -1.1715      -1.1855
                 -1.2255      -1.2694      -1.1716      -1.1562      -1.1902
   3      0      -1.1300      -1.1564      -1.2445      -1.1665      -1.1821
                 -1.2304      -1.2693      -1.1710      -1.1561      -1.1866
   4      0      -1.1186      -1.1442      -1.2400      -1.1638      -1.1669
                 -1.2254      -1.2780      -1.1600      -1.1403      -1.1832
   5      0      -1.1116      -1.1354      -1.2233      -1.1433      -1.1555
                 -1.2123      -1.2649      -1.1482      -1.1339      -1.1730
   5     60      -1.1365      -1.1604      -1.2481      -1.1682      -1.1804
                 -1.2372      -1.2900      -1.1730      -1.1588      -1.1979
   5     80      -1.3671      -1.3917      -1.4784      -1.3982      -1.4108
                 -1.4671      -1.5213      -1.4031      -1.3891      -1.4284
   5    100      -2.0707      -2.0980      -2.1834      -2.1007      -2.1139
                 -2.1697      -2.2268      -2.1065      -2.0920      -2.1327
 
 group  inft   Estimated free energy: 1-th solvent contribution (kcal/mol)
   1      0      -0.0882       0.0659       0.2659      -0.0523       0.0398
                  0.5173       0.3537       0.0268       0.0748       0.1513
   1     60      -0.0884       0.0658       0.2658      -0.0524       0.0397
                  0.5172       0.3536       0.0267       0.0747       0.1511
   1     80      -0.0902       0.0638       0.2640      -0.0544       0.0377
                  0.5159       0.3520       0.0248       0.0728       0.1494
   1    100      -0.0999       0.0537       0.2549      -0.0644       0.0275
                  0.5084       0.3437       0.0150       0.0631       0.1403
   2      0      -0.0890       0.0716       0.2490      -0.0513       0.0367
                  0.4952       0.3260       0.0212       0.0724       0.1388
   3      0      -0.0925       0.0732       0.2469      -0.0490       0.0409
                  0.4873       0.3188       0.0233       0.0727       0.1379
   4      0      -0.0931       0.0744       0.2457      -0.0491       0.0379
                  0.4834       0.3130       0.0229       0.0757       0.1401
   5      0      -0.0930       0.0732       0.2464      -0.0444       0.0432
                  0.4826       0.3121       0.0208       0.0755       0.1394
   5     60      -0.0932       0.0730       0.2462      -0.0446       0.0430
                  0.4824       0.3119       0.0206       0.0752       0.1392
   5     80      -0.0957       0.0704       0.2436      -0.0473       0.0403
                  0.4804       0.3095       0.0180       0.0726       0.1367
   5    100      -0.1048       0.0609       0.2344      -0.0568       0.0306
                  0.4728       0.3009       0.0086       0.0633       0.1279
 
 group  inft   Estimated free energy: 2-th solvent contribution (kcal/mol)
   1      0      -0.4701      -0.3948      -0.5205      -0.4715      -0.6365
                 -0.5903      -0.5535      -0.5344      -0.5475      -0.4766
   1     60      -0.4704      -0.3951      -0.5209      -0.4719      -0.6368
                 -0.5906      -0.5538      -0.5347      -0.5478      -0.4769
   1     80      -0.4740      -0.3987      -0.5244      -0.4753      -0.6404
                 -0.5942      -0.5575      -0.5383      -0.5514      -0.4805
   1    100      -0.4892      -0.4136      -0.5396      -0.4898      -0.6553
                 -0.6095      -0.5728      -0.5534      -0.5667      -0.4959
   2      0      -0.4691      -0.3880      -0.5153      -0.4638      -0.6228
                 -0.5838      -0.5494      -0.5210      -0.5320      -0.4686
   3      0      -0.4651      -0.3906      -0.5117      -0.4590      -0.6216
                 -0.5783      -0.5416      -0.5200      -0.5311      -0.4643
   4      0      -0.4597      -0.3835      -0.5111      -0.4653      -0.6107
                 -0.5792      -0.5477      -0.5197      -0.5280      -0.4688
   5      0      -0.4622      -0.3839      -0.5062      -0.4535      -0.6057
                 -0.5720      -0.5422      -0.5118      -0.5261      -0.4643
   5     60      -0.4627      -0.3844      -0.5067      -0.4540      -0.6062
                 -0.5725      -0.5427      -0.5123      -0.5266      -0.4647
   5     80      -0.4674      -0.3890      -0.5114      -0.4585      -0.6108
                 -0.5772      -0.5475      -0.5169      -0.5313      -0.4694
   5    100      -0.4817      -0.4030      -0.5257      -0.4722      -0.6247
                 -0.5914      -0.5619      -0.5310      -0.5455      -0.4837
 
 group  inft   Estimated free energy: 3-th solvent contribution (kcal/mol)
   1      0      -0.5698      -0.8373      -0.9779      -0.6533      -0.5986
                 -1.1364      -1.0426      -0.6688      -0.6939      -0.8601
   1     60      -0.5873      -0.8549      -0.9953      -0.6708      -0.6162
                 -1.1540      -1.0603      -0.6863      -0.7114      -0.8777
   1     80      -0.7623      -1.0305      -1.1702      -0.8455      -0.7910
                 -1.3289      -1.2360      -0.8609      -0.8861      -1.0527
   1    100      -1.4967      -1.7678      -1.9061      -1.5789      -1.5247
                 -2.0640      -1.9730      -1.5950      -1.6197      -1.7880
   2      0      -0.5717      -0.8388      -0.9799      -0.6563      -0.5993
                 -1.1368      -1.0459      -0.6717      -0.6966      -0.8603
   3      0      -0.5724      -0.8388      -0.9796      -0.6584      -0.6014
                 -1.1394      -1.0465      -0.6742      -0.6977      -0.8601
   4      0      -0.5657      -0.8350      -0.9745      -0.6494      -0.5939
                 -1.1295      -1.0433      -0.6632      -0.6879      -0.8544
   5      0      -0.5563      -0.8247      -0.9633      -0.6453      -0.5929
                 -1.1228      -1.0347      -0.6571      -0.6831      -0.8480
   5     60      -0.5806      -0.8490      -0.9875      -0.6695      -0.6171
                 -1.1470      -1.0591      -0.6812      -0.7073      -0.8722
   5     80      -0.8039      -1.0730      -1.2106      -0.8924      -0.8402
                 -1.3703      -1.2833      -0.9041      -0.9303      -1.0956
   5    100      -1.4841      -1.7557      -1.8921      -1.5716      -1.5197
                 -2.0510      -1.9657      -1.5840      -1.6097      -1.7767
 
 
 cumulative average & 95% error for solvation free energy
              total             1st component         2nd component         3rd component
  1    -1.1300               -0.0925               -0.4651               -0.5724
  2    -1.1432     0.0263    -0.0097     0.1656    -0.4279     0.0745    -0.7056     0.2665
  3    -1.1770     0.0692     0.0758     0.1959    -0.4558     0.0705    -0.7969     0.2388
  4    -1.1743     0.0492     0.0446     0.1520    -0.4566     0.0499    -0.7623     0.1825
  5    -1.1759     0.0383     0.0439     0.1177    -0.4896     0.0765    -0.7301     0.1554
  6    -1.1850     0.0362     0.1178     0.1763    -0.5044     0.0691    -0.7983     0.1863
  7    -1.1970     0.0389     0.1465     0.1597    -0.5097     0.0594    -0.8338     0.1727
  8    -1.1938     0.0343     0.1311     0.1417    -0.5110     0.0515    -0.8138     0.1548
  9    -1.1896     0.0314     0.1246     0.1256    -0.5132     0.0456    -0.8009     0.1389
 10    -1.1893     0.0281     0.1260     0.1124    -0.5083     0.0419    -0.8068     0.1248
