 ERmod 0.3.8, Copyright (C) 2000-2019 Nobuyuki Matubayasi
                            2010-2019 Shun Sakuraba
 ERmod comes with ABSOLUTELY NO WARRANTY.
 This is free software, and you can redistribute it
 and/or modify it under certain conditions.
 See LICENSE file for details.
 ERmod 0.3.8, Copyright (C) 2000-2019 Nobuyuki Matubayasi
                            2010-2019 Shun Sakuraba
 ERmod comes with ABSOLUTELY NO WARRANTY.
 This is free software, and you can redistribute it
 and/or modify it under certain conditions.
 See LICENSE file for details.
 
  Number of the   1-th solvent  =          180
  Number of the   2-th solvent  =          180
  Number of the   3-th solvent  =        10000
 
  Be sure that the solvent distribution is homogeneous (radial distribution function is essentially unity) when the solvent molecule is separated beyond distance of   10.0 Angstrom in any direction from any atom within the solute molecule
 
  LJ long-range correction    =        -0.0120     -0.0186     -0.4806
 
  Self-energy of the solute   =         0.0000  kcal/mol
 
 
 cumulative average & 95% error for solvation energy
              total             1st component         2nd component         3rd component
  1   -12.1223                0.2988               -0.6022              -11.8190
  2   -12.1333     0.0220     0.2805     0.0365    -0.6098     0.0153   -11.8040     0.0299
  3   -12.1336     0.0127     0.2912     0.0299    -0.6048     0.0134   -11.8201     0.0364
  4   -12.1390     0.0141     0.2878     0.0222    -0.6025     0.0106   -11.8244     0.0272
  5   -12.1525     0.0291     0.2915     0.0187    -0.5998     0.0098   -11.8442     0.0449
  6   -12.1488     0.0249     0.2929     0.0156    -0.5959     0.0112   -11.8460     0.0368
  7   -12.1482     0.0211     0.2915     0.0135    -0.5970     0.0098   -11.8427     0.0318
  8   -12.1456     0.0190     0.2963     0.0151    -0.5906     0.0153   -11.8514     0.0325
  9   -12.1466     0.0168     0.2925     0.0153    -0.5919     0.0138   -11.8472     0.0299
 10   -12.1458     0.0151     0.2952     0.0148    -0.5942     0.0132   -11.8469     0.0267
 
 
 group  inft  solvation free energy     error          difference
  total solvation free energy
   1      0          4.46598           0.02025           0.00515
   1     60          4.45615           0.02028          -0.00468
   1     80          4.35399           0.02079          -0.10684
   1    100          3.88703           0.02324          -0.57380
   2      0          4.45278           0.02050          -0.00805
   3      0          4.46083           0.02092           0.00000
   4      0          4.45644           0.02075          -0.00440
   5      0          4.49824           0.01974           0.03741
   5     60          4.48464           0.01979           0.02381
   5     80          4.35122           0.02043          -0.10961
   5    100          3.91140           0.02266          -0.54944
 
  contribution from  1-th solvent component
   1      0          0.57525           0.01574           0.00455
   1     60          0.57529           0.01577           0.00459
   1     80          0.57550           0.01620           0.00480
   1    100          0.57380           0.01823           0.00311
   2      0          0.57168           0.01558           0.00099
   3      0          0.57070           0.01568           0.00000
   4      0          0.56917           0.01543          -0.00153
   5      0          0.56910           0.01529          -0.00160
   5     60          0.56914           0.01532          -0.00156
   5     80          0.56905           0.01586          -0.00164
   5    100          0.56670           0.01765          -0.00400
 
  contribution from  2-th solvent component
   1      0         -0.21673           0.00926           0.00376
   1     60         -0.21684           0.00928           0.00365
   1     80         -0.21817           0.00940           0.00232
   1    100         -0.22498           0.00989          -0.00448
   2      0         -0.21946           0.00928           0.00104
   3      0         -0.22050           0.00924           0.00000
   4      0         -0.22145           0.00926          -0.00095
   5      0         -0.22116           0.00908          -0.00066
   5     60         -0.22132           0.00909          -0.00082
   5     80         -0.22319           0.00925          -0.00269
   5    100         -0.22984           0.00970          -0.00934
 
  contribution from  3-th solvent component
   1      0          4.10742           0.01827          -0.00317
   1     60          4.09766           0.01828          -0.01293
   1     80          3.99662           0.01846          -0.11397
   1    100          3.53816           0.01927          -0.57243
   2      0          4.10051           0.01818          -0.01007
   3      0          4.11059           0.01816           0.00000
   4      0          4.10867           0.01778          -0.00192
   5      0          4.15025           0.01782           0.03966
   5     60          4.13678           0.01784           0.02619
   5     80          4.00531           0.01806          -0.10528
   5    100          3.57448           0.01880          -0.53610
 
 
 group  inft   Estimated free energy: total (kcal/mol)
   1      0       4.5049       4.4339       4.4862       4.4567       4.4096
                  4.4678       4.4424       4.4956       4.4580       4.5048
   1     60       4.4951       4.4240       4.4764       4.4469       4.3998
                  4.4579       4.4325       4.4859       4.4481       4.4951
   1     80       4.3937       4.3210       4.3744       4.3441       4.2969
                  4.3554       4.3295       4.3853       4.3454       4.3942
   1    100       3.9302       3.8503       3.9085       3.8738       3.8261
                  3.8872       3.8590       3.9265       3.8756       3.9331
   2      0       4.4875       4.4239       4.4758       4.4403       4.3960
                  4.4565       4.4255       4.4823       4.4445       4.4954
   3      0       4.4951       4.4325       4.4849       4.4464       4.4044
                  4.4646       4.4317       4.4901       4.4520       4.5067
   4      0       4.4889       4.4267       4.4811       4.4430       4.4013
                  4.4605       4.4262       4.4873       4.4484       4.5009
   5      0       4.5332       4.4725       4.5178       4.4875       4.4447
                  4.5010       4.4709       4.5265       4.4872       4.5411
   5     60       4.5197       4.4588       4.5043       4.4738       4.4310
                  4.4874       4.4572       4.5131       4.4735       4.5276
   5     80       4.3871       4.3243       4.3711       4.3397       4.2967
                  4.3536       4.3226       4.3817       4.3395       4.3958
   5    100       3.9503       3.8810       3.9325       3.8970       3.8535
                  3.9129       3.8794       3.9490       3.8972       3.9611
 
 group  inft   Estimated free energy: 1-th solvent contribution (kcal/mol)
   1      0       0.5829       0.5471       0.5849       0.5557       0.5797
                  0.5673       0.5583       0.6079       0.5479       0.6206
   1     60       0.5829       0.5471       0.5849       0.5557       0.5798
                  0.5674       0.5583       0.6081       0.5479       0.6208
   1     80       0.5835       0.5469       0.5851       0.5553       0.5799
                  0.5671       0.5580       0.6095       0.5474       0.6222
   1    100       0.5832       0.5428       0.5835       0.5507       0.5777
                  0.5635       0.5543       0.6139       0.5427       0.6259
   2      0       0.5771       0.5436       0.5825       0.5533       0.5765
                  0.5637       0.5549       0.6035       0.5445       0.6172
   3      0       0.5756       0.5430       0.5815       0.5518       0.5757
                  0.5628       0.5538       0.6022       0.5434       0.6172
   4      0       0.5740       0.5419       0.5801       0.5512       0.5743
                  0.5614       0.5524       0.6002       0.5416       0.6146
   5      0       0.5743       0.5415       0.5800       0.5510       0.5744
                  0.5619       0.5530       0.6004       0.5414       0.6131
   5     60       0.5744       0.5415       0.5801       0.5510       0.5744
                  0.5619       0.5530       0.6006       0.5414       0.6132
   5     80       0.5747       0.5408       0.5800       0.5501       0.5742
                  0.5614       0.5523       0.6020       0.5405       0.6147
   5    100       0.5735       0.5362       0.5777       0.5452       0.5715
                  0.5575       0.5480       0.6051       0.5353       0.6171
 
 group  inft   Estimated free energy: 2-th solvent contribution (kcal/mol)
   1      0      -0.2209      -0.2308      -0.2189      -0.2149      -0.2158
                 -0.2062      -0.2248      -0.1814      -0.2205      -0.2332
   1     60      -0.2210      -0.2309      -0.2190      -0.2150      -0.2159
                 -0.2063      -0.2249      -0.1815      -0.2206      -0.2333
   1     80      -0.2224      -0.2324      -0.2204      -0.2164      -0.2172
                 -0.2076      -0.2264      -0.1823      -0.2220      -0.2347
   1    100      -0.2294      -0.2397      -0.2273      -0.2234      -0.2240
                 -0.2142      -0.2336      -0.1868      -0.2292      -0.2421
   2      0      -0.2238      -0.2329      -0.2217      -0.2170      -0.2194
                 -0.2089      -0.2276      -0.1840      -0.2232      -0.2362
   3      0      -0.2248      -0.2342      -0.2222      -0.2184      -0.2210
                 -0.2102      -0.2289      -0.1848      -0.2245      -0.2360
   4      0      -0.2263      -0.2348      -0.2230      -0.2195      -0.2214
                 -0.2110      -0.2299      -0.1859      -0.2251      -0.2375
   5      0      -0.2257      -0.2346      -0.2239      -0.2185      -0.2207
                 -0.2114      -0.2295      -0.1861      -0.2247      -0.2365
   5     60      -0.2258      -0.2348      -0.2240      -0.2187      -0.2208
                 -0.2116      -0.2297      -0.1862      -0.2249      -0.2367
   5     80      -0.2278      -0.2368      -0.2259      -0.2206      -0.2227
                 -0.2134      -0.2317      -0.1874      -0.2269      -0.2387
   5    100      -0.2347      -0.2439      -0.2328      -0.2273      -0.2293
                 -0.2199      -0.2388      -0.1920      -0.2338      -0.2458
 
 group  inft   Estimated free energy: 3-th solvent contribution (kcal/mol)
   1      0       4.1428       4.1175       4.1201       4.1159       4.0456
                  4.1066       4.1089       4.0690       4.1306       4.1173
   1     60       4.1331       4.1077       4.1104       4.1061       4.0358
                  4.0968       4.0991       4.0592       4.1208       4.1075
   1     80       4.0325       4.0064       4.0096       4.0052       3.9341
                  3.9958       3.9978       3.9581       4.0200       4.0067
   1    100       3.5764       3.5472       3.5523       3.5464       3.4723
                  3.5379       3.5384       3.4993       3.5621       3.5492
   2      0       4.1341       4.1132       4.1150       4.1039       4.0389
                  4.1017       4.0981       4.0628       4.1231       4.1143
   3      0       4.1442       4.1237       4.1256       4.1129       4.0497
                  4.1119       4.1068       4.0726       4.1330       4.1255
   4      0       4.1412       4.1195       4.1240       4.1113       4.0484
                  4.1100       4.1037       4.0730       4.1318       4.1238
   5      0       4.1845       4.1655       4.1616       4.1550       4.0909
                  4.1505       4.1473       4.1122       4.1705       4.1645
   5     60       4.1711       4.1520       4.1482       4.1415       4.0774
                  4.1370       4.1338       4.0987       4.1570       4.1510
   5     80       4.0402       4.0203       4.0170       4.0102       3.9451
                  4.0056       4.0020       3.9670       4.0259       4.0198
   5    100       3.6115       3.5887       3.5875       3.5791       3.5113
                  3.5753       3.5701       3.5359       3.5957       3.5898
 
 
 cumulative average & 95% error for solvation free energy
              total             1st component         2nd component         3rd component
  1     4.4951                0.5756               -0.2248                4.1442
  2     4.4638     0.0626     0.5593     0.0326    -0.2295     0.0094     4.1340     0.0206
  3     4.4708     0.0388     0.5667     0.0239    -0.2271     0.0073     4.1312     0.0131
  4     4.4647     0.0300     0.5630     0.0185    -0.2249     0.0068     4.1266     0.0130
  5     4.4527     0.0335     0.5655     0.0152    -0.2241     0.0055     4.1112     0.0324
  6     4.4546     0.0276     0.5651     0.0124    -0.2218     0.0064     4.1113     0.0264
  7     4.4514     0.0243     0.5634     0.0110    -0.2228     0.0058     4.1107     0.0224
  8     4.4562     0.0231     0.5683     0.0136    -0.2181     0.0107     4.1059     0.0216
  9     4.4557     0.0204     0.5655     0.0132    -0.2188     0.0096     4.1089     0.0200
 10     4.4608     0.0209     0.5707     0.0157    -0.2205     0.0092     4.1106     0.0182
