 ERmod 0.3.8, Copyright (C) 2000-2019 Nobuyuki Matubayasi
                            2010-2019 Shun Sakuraba
 ERmod comes with ABSOLUTELY NO WARRANTY.
 This is free software, and you can redistribute it
 and/or modify it under certain conditions.
 See LICENSE file for details.
 ERmod 0.3.8, Copyright (C) 2000-2019 Nobuyuki Matubayasi
                            2010-2019 Shun Sakuraba
 ERmod comes with ABSOLUTELY NO WARRANTY.
 This is free software, and you can redistribute it
 and/or modify it under certain conditions.
 See LICENSE file for details.
 
  Number of the   1-th solvent  =          180
  Number of the   2-th solvent  =          180
  Number of the   3-th solvent  =        10000
 
  Be sure that the solvent distribution is homogeneous (radial distribution function is essentially unity) when the solvent molecule is separated beyond distance of   10.0 Angstrom in any direction from any atom within the solute molecule
 
  LJ long-range correction    =        -0.0052     -0.0081     -0.2077
 
  Self-energy of the solute   =         0.0000  kcal/mol
 
 
 cumulative average & 95% error for solvation energy
              total             1st component         2nd component         3rd component
  1    -5.9795                0.0431               -0.2388               -5.7839
  2    -5.9796     0.0001     0.0471     0.0081    -0.2394     0.0013    -5.7873     0.0069
  3    -5.9790     0.0011     0.0556     0.0176    -0.2386     0.0017    -5.7961     0.0179
  4    -5.9816     0.0051     0.0620     0.0178    -0.2332     0.0109    -5.8104     0.0313
  5    -5.9817     0.0040     0.0648     0.0149    -0.2285     0.0126    -5.8180     0.0286
  6    -5.9840     0.0056     0.0655     0.0123    -0.2295     0.0105    -5.8201     0.0237
  7    -5.9865     0.0069     0.0655     0.0104    -0.2322     0.0104    -5.8198     0.0201
  8    -5.9868     0.0060     0.0612     0.0124    -0.2379     0.0145    -5.8101     0.0260
  9    -5.9849     0.0065     0.0632     0.0117    -0.2342     0.0148    -5.8140     0.0242
 10    -5.9853     0.0059     0.0625     0.0106    -0.2348     0.0133    -5.8130     0.0217
 
 
 group  inft  solvation free energy     error          difference
  total solvation free energy
   1      0          3.02411           0.00902          -0.00259
   1     60          3.01438           0.00905          -0.01232
   1     80          2.93554           0.00929          -0.09117
   1    100          2.64827           0.01014          -0.37844
   2      0          3.02136           0.00853          -0.00535
   3      0          3.02671           0.00860           0.00000
   4      0          3.06338           0.00808           0.03667
   5      0          3.08131           0.00832           0.05460
   5     60          3.06813           0.00836           0.04142
   5     80          2.97032           0.00865          -0.05639
   5    100          2.70257           0.00945          -0.32413
 
  contribution from  1-th solvent component
   1      0          0.22789           0.00611           0.00367
   1     60          0.22786           0.00612           0.00364
   1     80          0.22741           0.00624           0.00318
   1    100          0.22451           0.00670           0.00029
   2      0          0.22514           0.00615           0.00091
   3      0          0.22422           0.00617           0.00000
   4      0          0.22355           0.00606          -0.00067
   5      0          0.22244           0.00613          -0.00178
   5     60          0.22238           0.00614          -0.00184
   5     80          0.22160           0.00629          -0.00263
   5    100          0.21844           0.00668          -0.00578
 
  contribution from  2-th solvent component
   1      0         -0.00977           0.00811           0.00437
   1     60         -0.00988           0.00812           0.00426
   1     80         -0.01106           0.00823           0.00307
   1    100         -0.01577           0.00858          -0.00164
   2      0         -0.01282           0.00781           0.00131
   3      0         -0.01413           0.00777           0.00000
   4      0         -0.01475           0.00745          -0.00062
   5      0         -0.01506           0.00770          -0.00092
   5     60         -0.01523           0.00772          -0.00109
   5     80         -0.01679           0.00784          -0.00266
   5    100         -0.02132           0.00813          -0.00718
 
  contribution from  3-th solvent component
   1      0          2.80598           0.01349          -0.01063
   1     60          2.79638           0.01351          -0.02022
   1     80          2.71918           0.01366          -0.09742
   1    100          2.43951           0.01410          -0.37709
   2      0          2.80903           0.01341          -0.00757
   3      0          2.81660           0.01291           0.00000
   4      0          2.85457           0.01282           0.03796
   5      0          2.87391           0.01176           0.05731
   5     60          2.86096           0.01178           0.04436
   5     80          2.76550           0.01196          -0.05110
   5    100          2.50544           0.01241          -0.31117
 
 
 group  inft   Estimated free energy: total (kcal/mol)
   1      0       3.0355       3.0395       3.0183       3.0291       3.0345
                  2.9990       3.0031       3.0223       3.0388       3.0212
   1     60       3.0258       3.0298       3.0085       3.0194       3.0248
                  2.9892       2.9933       3.0125       3.0291       3.0114
   1     80       2.9470       2.9510       2.9296       2.9410       2.9464
                  2.9097       2.9138       2.9335       2.9509       2.9325
   1    100       2.6598       2.6640       2.6422       2.6548       2.6607
                  2.6204       2.6244       2.6454       2.6663       2.6447
   2      0       3.0342       3.0355       3.0150       3.0272       3.0295
                  2.9991       3.0003       3.0199       3.0348       3.0179
   3      0       3.0398       3.0396       3.0200       3.0319       3.0372
                  3.0033       3.0073       3.0224       3.0408       3.0250
   4      0       3.0753       3.0784       3.0575       3.0684       3.0710
                  3.0420       3.0443       3.0601       3.0755       3.0614
   5      0       3.0911       3.0948       3.0746       3.0889       3.0919
                  3.0575       3.0675       3.0739       3.0964       3.0764
   5     60       3.0779       3.0817       3.0614       3.0758       3.0788
                  3.0442       3.0542       3.0607       3.0833       3.0632
   5     80       2.9802       2.9840       2.9634       2.9784       2.9815
                  2.9457       2.9556       2.9628       2.9863       2.9653
   5    100       2.7127       2.7168       2.6955       2.7115       2.7152
                  2.6760       2.6858       2.6945       2.7208       2.6971
 
 group  inft   Estimated free energy: 1-th solvent contribution (kcal/mol)
   1      0       0.2167       0.2209       0.2325       0.2445       0.2319
                  0.2310       0.2274       0.2117       0.2366       0.2258
   1     60       0.2167       0.2209       0.2325       0.2445       0.2318
                  0.2310       0.2273       0.2116       0.2366       0.2257
   1     80       0.2160       0.2202       0.2322       0.2444       0.2314
                  0.2305       0.2267       0.2109       0.2364       0.2252
   1    100       0.2124       0.2166       0.2300       0.2427       0.2289
                  0.2274       0.2235       0.2072       0.2345       0.2219
   2      0       0.2141       0.2174       0.2296       0.2418       0.2293
                  0.2284       0.2247       0.2090       0.2340       0.2230
   3      0       0.2132       0.2165       0.2290       0.2404       0.2285
                  0.2278       0.2237       0.2076       0.2332       0.2223
   4      0       0.2128       0.2158       0.2278       0.2401       0.2279
                  0.2262       0.2236       0.2077       0.2323       0.2215
   5      0       0.2111       0.2155       0.2271       0.2388       0.2267
                  0.2251       0.2222       0.2059       0.2312       0.2208
   5     60       0.2110       0.2154       0.2271       0.2388       0.2266
                  0.2250       0.2221       0.2059       0.2311       0.2207
   5     80       0.2100       0.2144       0.2265       0.2385       0.2259
                  0.2242       0.2212       0.2048       0.2306       0.2199
   5    100       0.2061       0.2106       0.2240       0.2364       0.2230
                  0.2208       0.2177       0.2009       0.2284       0.2164
 
 group  inft   Estimated free energy: 2-th solvent contribution (kcal/mol)
   1      0      -0.0095      -0.0114      -0.0127      -0.0012       0.0038
                 -0.0146      -0.0171      -0.0338       0.0133      -0.0144
   1     60      -0.0096      -0.0115      -0.0128      -0.0013       0.0037
                 -0.0148      -0.0172      -0.0340       0.0133      -0.0145
   1     80      -0.0109      -0.0128      -0.0141      -0.0024       0.0026
                 -0.0161      -0.0185      -0.0353       0.0126      -0.0158
   1    100      -0.0157      -0.0177      -0.0191      -0.0069      -0.0016
                 -0.0212      -0.0235      -0.0406       0.0094      -0.0208
   2      0      -0.0128      -0.0140      -0.0165      -0.0039      -0.0002
                 -0.0170      -0.0192      -0.0363       0.0093      -0.0175
   3      0      -0.0142      -0.0150      -0.0182      -0.0053      -0.0012
                 -0.0190      -0.0202      -0.0373       0.0077      -0.0186
   4      0      -0.0148      -0.0155      -0.0179      -0.0064      -0.0027
                 -0.0190      -0.0211      -0.0370       0.0064      -0.0194
   5      0      -0.0161      -0.0155      -0.0191      -0.0067      -0.0025
                 -0.0201      -0.0203      -0.0377       0.0073      -0.0199
   5     60      -0.0163      -0.0157      -0.0193      -0.0068      -0.0027
                 -0.0203      -0.0205      -0.0379       0.0072      -0.0201
   5     80      -0.0179      -0.0173      -0.0210      -0.0083      -0.0041
                 -0.0220      -0.0221      -0.0397       0.0062      -0.0217
   5    100      -0.0226      -0.0220      -0.0258      -0.0126      -0.0082
                 -0.0269      -0.0269      -0.0446       0.0029      -0.0265
 
 group  inft   Estimated free energy: 3-th solvent contribution (kcal/mol)
   1      0       2.8283       2.8299       2.7985       2.7858       2.7988
                  2.7826       2.7928       2.8444       2.7888       2.8098
   1     60       2.8188       2.8204       2.7889       2.7762       2.7893
                  2.7729       2.7832       2.8349       2.7792       2.8002
   1     80       2.7419       2.7436       2.7115       2.6989       2.7123
                  2.6953       2.7055       2.7579       2.7019       2.7231
   1    100       2.4631       2.4652       2.4312       2.4189       2.4334
                  2.4141       2.4244       2.4788       2.4224       2.4435
   2      0       2.8329       2.8321       2.8019       2.7894       2.8004
                  2.7877       2.7948       2.8472       2.7915       2.8124
   3      0       2.8407       2.8380       2.8092       2.7968       2.8099
                  2.7945       2.8037       2.8521       2.7999       2.8213
   4      0       2.8773       2.8781       2.8476       2.8347       2.8459
                  2.8348       2.8417       2.8894       2.8367       2.8593
   5      0       2.8961       2.8949       2.8666       2.8567       2.8678
                  2.8525       2.8656       2.9056       2.8579       2.8754
   5     60       2.8832       2.8820       2.8536       2.8437       2.8548
                  2.8395       2.8526       2.8927       2.8449       2.8625
   5     80       2.7881       2.7870       2.7579       2.7482       2.7596
                  2.7435       2.7565       2.7976       2.7494       2.7671
   5    100       2.5291       2.5283       2.4973       2.4877       2.5003
                  2.4821       2.4949       2.5381       2.4894       2.5071
 
 
 cumulative average & 95% error for solvation free energy
              total             1st component         2nd component         3rd component
  1     3.0398                0.2132               -0.0142                2.8407
  2     3.0397     0.0003     0.2149     0.0033    -0.0146     0.0008     2.8394     0.0028
  3     3.0331     0.0132     0.2196     0.0096    -0.0158     0.0025     2.8293     0.0202
  4     3.0328     0.0093     0.2248     0.0124    -0.0132     0.0055     2.8212     0.0216
  5     3.0337     0.0074     0.2255     0.0097    -0.0108     0.0064     2.8189     0.0174
  6     3.0286     0.0118     0.2259     0.0080    -0.0122     0.0059     2.8148     0.0163
  7     3.0256     0.0117     0.2256     0.0068    -0.0133     0.0055     2.8133     0.0142
  8     3.0252     0.0102     0.2233     0.0074    -0.0163     0.0077     2.8181     0.0157
  9     3.0269     0.0096     0.2244     0.0069    -0.0136     0.0086     2.8161     0.0144
 10     3.0267     0.0086     0.2242     0.0062    -0.0141     0.0078     2.8166     0.0129
