 ERmod 0.3.8, Copyright (C) 2000-2019 Nobuyuki Matubayasi
                            2010-2019 Shun Sakuraba
 ERmod comes with ABSOLUTELY NO WARRANTY.
 This is free software, and you can redistribute it
 and/or modify it under certain conditions.
 See LICENSE file for details.
 ERmod 0.3.8, Copyright (C) 2000-2019 Nobuyuki Matubayasi
                            2010-2019 Shun Sakuraba
 ERmod comes with ABSOLUTELY NO WARRANTY.
 This is free software, and you can redistribute it
 and/or modify it under certain conditions.
 See LICENSE file for details.
 
  Number of the   1-th solvent  =           90
  Number of the   2-th solvent  =           90
  Number of the   3-th solvent  =        10000
 
  Be sure that the solvent distribution is homogeneous (radial distribution function is essentially unity) when the solvent molecule is separated beyond distance of   10.0 Angstrom in any direction from any atom within the solute molecule
 
  LJ long-range correction    =        -0.0053     -0.0121     -0.6231
 
  Self-energy of the solute   =        -0.0001  kcal/mol
 
 
 cumulative average & 95% error for solvation energy
              total             1st component         2nd component         3rd component
  1   -26.7522               -0.2672               -0.9565              -25.5284
  2   -26.7495     0.0055    -0.4194     0.3044    -0.6708     0.5715   -25.6592     0.2616
  3   -26.7219     0.0552    -0.3601     0.2120    -0.5544     0.4038   -25.8073     0.3324
  4   -26.7329     0.0449    -0.4397     0.2187    -0.5522     0.2855   -25.7409     0.2700
  5   -26.7232     0.0398    -0.5052     0.2141    -0.5493     0.2212   -25.6686     0.2542
  6   -26.7202     0.0330    -0.6104     0.2736    -0.5575     0.1814   -25.5522     0.3119
  7   -26.7110     0.0335    -0.5044     0.3137    -0.5411     0.1568   -25.6654     0.3474
  8   -26.7114     0.0290    -0.4839     0.2748    -0.5946     0.1729   -25.6328     0.3079
  9   -26.7027     0.0309    -0.4494     0.2520    -0.5863     0.1534   -25.6669     0.2800
 10   -26.7124     0.0338    -0.4235     0.2313    -0.6150     0.1488   -25.6738     0.2508
 
 
 group  inft  solvation free energy     error          difference
  total solvation free energy
   1      0         -1.37291           0.07407           0.00486
   1     60         -1.38957           0.07406          -0.01180
   1     80         -1.55879           0.07408          -0.18102
   1    100         -2.28795           0.07424          -0.91018
   2      0         -1.37621           0.07256           0.00157
   3      0         -1.37777           0.07116           0.00000
   4      0         -1.37124           0.07220           0.00653
   5      0         -1.36089           0.07080           0.01688
   5     60         -1.38384           0.07079          -0.00607
   5     80         -1.60130           0.07077          -0.22353
   5    100         -2.27767           0.07080          -0.89990
 
  contribution from  1-th solvent component
   1      0         -0.00518           0.12903           0.00666
   1     60         -0.00524           0.12904           0.00661
   1     80         -0.00605           0.12911           0.00580
   1    100         -0.01051           0.12940           0.00134
   2      0         -0.01001           0.12716           0.00184
   3      0         -0.01185           0.12544           0.00000
   4      0         -0.01241           0.12541          -0.00056
   5      0         -0.01120           0.12421           0.00065
   5     60         -0.01129           0.12422           0.00056
   5     80         -0.01249           0.12429          -0.00064
   5    100         -0.01700           0.12447          -0.00515
 
  contribution from  2-th solvent component
   1      0         -0.31536           0.09123          -0.00519
   1     60         -0.31550           0.09123          -0.00533
   1     80         -0.31704           0.09127          -0.00687
   1    100         -0.32384           0.09146          -0.01367
   2      0         -0.31168           0.08957          -0.00152
   3      0         -0.31017           0.08835           0.00000
   4      0         -0.31065           0.08746          -0.00048
   5      0         -0.30885           0.08765           0.00132
   5     60         -0.30905           0.08765           0.00112
   5     80         -0.31112           0.08769          -0.00095
   5    100         -0.31767           0.08779          -0.00750
 
  contribution from  3-th solvent component
   1      0         -1.05227           0.12391           0.00339
   1     60         -1.06874           0.12391          -0.01308
   1     80         -1.23561           0.12389          -0.17995
   1    100         -1.95351           0.12391          -0.89785
   2      0         -1.05442           0.12353           0.00124
   3      0         -1.05566           0.12363           0.00000
   4      0         -1.04808           0.12238           0.00758
   5      0         -1.04075           0.12245           0.01491
   5     60         -1.06340           0.12245          -0.00775
   5     80         -1.27760           0.12244          -0.22194
   5    100         -1.94290           0.12249          -0.88725
 
 
 group  inft   Estimated free energy: total (kcal/mol)
   1      0      -1.3457      -1.2835      -1.3424      -1.3837      -1.3909
                 -1.6713      -1.2237      -1.3296      -1.3855      -1.3728
   1     60      -1.3623      -1.3002      -1.3590      -1.4004      -1.4075
                 -1.6879      -1.2403      -1.3463      -1.4021      -1.3895
   1     80      -1.5313      -1.4695      -1.5281      -1.5697      -1.5770
                 -1.8570      -1.4090      -1.5163      -1.5711      -1.5588
   1    100      -2.2600      -2.1982      -2.2568      -2.2997      -2.3068
                 -2.5859      -2.1358      -2.2474      -2.2997      -2.2892
   2      0      -1.3448      -1.2933      -1.3430      -1.3852      -1.3933
                 -1.6685      -1.2322      -1.3255      -1.3941      -1.3822
   3      0      -1.3470      -1.2908      -1.3463      -1.3827      -1.3939
                 -1.6619      -1.2384      -1.3222      -1.4054      -1.3891
   4      0      -1.3404      -1.2848      -1.3341      -1.3768      -1.3906
                 -1.6604      -1.2332      -1.3115      -1.3975      -1.3832
   5      0      -1.3331      -1.2717      -1.3226      -1.3666      -1.3749
                 -1.6443      -1.2279      -1.3030      -1.3882      -1.3765
   5     60      -1.3560      -1.2948      -1.3455      -1.3896      -1.3979
                 -1.6673      -1.2508      -1.3261      -1.4111      -1.3995
   5     80      -1.5731      -1.5124      -1.5628      -1.6071      -1.6156
                 -1.8845      -1.4676      -1.5445      -1.6283      -1.6172
   5    100      -2.2490      -2.1882      -2.2391      -2.2840      -2.2922
                 -2.5602      -2.1422      -2.2225      -2.3044      -2.2948
 
 group  inft   Estimated free energy: 1-th solvent contribution (kcal/mol)
   1      0       0.0915      -0.0519       0.0919      -0.1543      -0.1723
                 -0.4215       0.3130       0.0533       0.0564       0.1422
   1     60       0.0914      -0.0520       0.0919      -0.1544      -0.1724
                 -0.4216       0.3130       0.0532       0.0564       0.1421
   1     80       0.0906      -0.0529       0.0910      -0.1553      -0.1734
                 -0.4225       0.3125       0.0523       0.0556       0.1415
   1    100       0.0859      -0.0576       0.0863      -0.1601      -0.1785
                 -0.4272       0.3096       0.0475       0.0511       0.1378
   2      0       0.0855      -0.0575       0.0907      -0.1573      -0.1684
                 -0.4237       0.3031       0.0540       0.0450       0.1285
   3      0       0.0821      -0.0548       0.0899      -0.1568      -0.1652
                 -0.4216       0.2992       0.0543       0.0347       0.1197
   4      0       0.0821      -0.0523       0.0934      -0.1557      -0.1686
                 -0.4237       0.2955       0.0548       0.0343       0.1162
   5      0       0.0829      -0.0527       0.0946      -0.1557      -0.1637
                 -0.4184       0.2938       0.0572       0.0374       0.1127
   5     60       0.0828      -0.0528       0.0945      -0.1558      -0.1638
                 -0.4185       0.2938       0.0571       0.0373       0.1126
   5     80       0.0815      -0.0541       0.0932      -0.1570      -0.1651
                 -0.4198       0.2930       0.0558       0.0361       0.1115
   5    100       0.0768      -0.0588       0.0885      -0.1618      -0.1699
                 -0.4244       0.2899       0.0511       0.0314       0.1072
 
 group  inft   Estimated free energy: 2-th solvent contribution (kcal/mol)
   1      0      -0.4489      -0.1550      -0.1659      -0.2293      -0.3185
                 -0.5326      -0.1546      -0.4918      -0.2598      -0.3973
   1     60      -0.4490      -0.1551      -0.1660      -0.2295      -0.3186
                 -0.5327      -0.1547      -0.4919      -0.2600      -0.3974
   1     80      -0.4506      -0.1567      -0.1676      -0.2309      -0.3201
                 -0.5344      -0.1561      -0.4935      -0.2615      -0.3991
   1    100      -0.4576      -0.1635      -0.1743      -0.2373      -0.3270
                 -0.5418      -0.1622      -0.5005      -0.2680      -0.4062
   2      0      -0.4406      -0.1560      -0.1650      -0.2267      -0.3197
                 -0.5259      -0.1527      -0.4859      -0.2545      -0.3898
   3      0      -0.4378      -0.1567      -0.1633      -0.2225      -0.3226
                 -0.5210      -0.1557      -0.4821      -0.2553      -0.3847
   4      0      -0.4349      -0.1581      -0.1689      -0.2247      -0.3221
                 -0.5226      -0.1563      -0.4795      -0.2550      -0.3845
   5      0      -0.4312      -0.1556      -0.1638      -0.2212      -0.3196
                 -0.5192      -0.1569      -0.4815      -0.2556      -0.3837
   5     60      -0.4314      -0.1559      -0.1640      -0.2214      -0.3198
                 -0.5194      -0.1571      -0.4817      -0.2558      -0.3839
   5     80      -0.4335      -0.1580      -0.1661      -0.2233      -0.3219
                 -0.5216      -0.1591      -0.4838      -0.2578      -0.3861
   5    100      -0.4402      -0.1646      -0.1728      -0.2296      -0.3284
                 -0.5285      -0.1651      -0.4905      -0.2642      -0.3928
 
 group  inft   Estimated free energy: 3-th solvent contribution (kcal/mol)
   1      0      -0.9882      -1.0765      -1.2683      -1.0000      -0.9000
                 -0.7171      -1.3820      -0.8910      -1.1820      -1.1176
   1     60      -1.0047      -1.0930      -1.2848      -1.0165      -0.9164
                 -0.7335      -1.3984      -0.9075      -1.1984      -1.1341
   1     80      -1.1712      -1.2599      -1.4514      -1.1835      -1.0834
                 -0.9000      -1.5653      -1.0750      -1.3651      -1.3012
   1    100      -1.8882      -1.9770      -2.1687      -1.9022      -1.8013
                 -1.6168      -2.2831      -1.7943      -2.0827      -2.0207
   2      0      -0.9896      -1.0796      -1.2685      -1.0011      -0.9051
                 -0.7188      -1.3825      -0.8934      -1.1845      -1.1209
   3      0      -0.9913      -1.0791      -1.2728      -1.0033      -0.9059
                 -0.7193      -1.3818      -0.8943      -1.1847      -1.1241
   4      0      -0.9875      -1.0742      -1.2585      -0.9963      -0.8999
                 -0.7140      -1.3722      -0.8867      -1.1766      -1.1148
   5      0      -0.9847      -1.0633      -1.2532      -0.9896      -0.8915
                 -0.7066      -1.3647      -0.8787      -1.1698      -1.1054
   5     60      -1.0073      -1.0860      -1.2759      -1.0123      -0.9142
                 -0.7292      -1.3874      -0.9014      -1.1925      -1.1280
   5     80      -1.2211      -1.3002      -1.4898      -1.2266      -1.1285
                 -0.9429      -1.6015      -1.1164      -1.4064      -1.3425
   5    100      -1.8855      -1.9647      -2.1548      -1.8926      -1.7938
                 -1.6072      -2.2669      -1.7829      -2.0715      -2.0092
 
 
 cumulative average & 95% error for solvation free energy
              total             1st component         2nd component         3rd component
  1    -1.3470                0.0821               -0.4378               -0.9913
  2    -1.3189     0.0563     0.0136     0.1369    -0.2973     0.2810    -1.0352     0.0879
  3    -1.3280     0.0373     0.0391     0.0940    -0.2526     0.1852    -1.1144     0.1663
  4    -1.3417     0.0380    -0.0099     0.1183    -0.2451     0.1318    -1.0866     0.1301
  5    -1.3521     0.0361    -0.0410     0.1107    -0.2606     0.1067    -1.0505     0.1240
  6    -1.4038     0.1074    -0.1044     0.1558    -0.3040     0.1230    -0.9953     0.1498
  7    -1.3801     0.1023    -0.0467     0.1750    -0.2828     0.1122    -1.0505     0.1680
  8    -1.3729     0.0898    -0.0341     0.1537    -0.3077     0.1092    -1.0310     0.1506
  9    -1.3765     0.0795    -0.0265     0.1364    -0.3019     0.0970    -1.0481     0.1372
 10    -1.3778     0.0712    -0.0118     0.1254    -0.3102     0.0884    -1.0557     0.1236
