 ERmod 0.3.8, Copyright (C) 2000-2019 Nobuyuki Matubayasi
                            2010-2019 Shun Sakuraba
 ERmod comes with ABSOLUTELY NO WARRANTY.
 This is free software, and you can redistribute it
 and/or modify it under certain conditions.
 See LICENSE file for details.
 ERmod 0.3.8, Copyright (C) 2000-2019 Nobuyuki Matubayasi
                            2010-2019 Shun Sakuraba
 ERmod comes with ABSOLUTELY NO WARRANTY.
 This is free software, and you can redistribute it
 and/or modify it under certain conditions.
 See LICENSE file for details.
 
  Number of the   1-th solvent  =           90
  Number of the   2-th solvent  =           90
  Number of the   3-th solvent  =        10000
 
  Be sure that the solvent distribution is homogeneous (radial distribution function is essentially unity) when the solvent molecule is separated beyond distance of   10.0 Angstrom in any direction from any atom within the solute molecule
 
  LJ long-range correction    =        -0.0042     -0.0096     -0.4937
 
  Self-energy of the solute   =         0.0000  kcal/mol
 
 
 cumulative average & 95% error for solvation energy
              total             1st component         2nd component         3rd component
  1   -12.1288                0.1588               -0.3186              -11.9691
  2   -12.1463     0.0349     0.1530     0.0116    -0.3111     0.0150   -11.9882     0.0383
  3   -12.1499     0.0214     0.1573     0.0109    -0.3045     0.0157   -12.0027     0.0364
  4   -12.1430     0.0206     0.1642     0.0158    -0.2921     0.0273   -12.0151     0.0357
  5   -12.1397     0.0172     0.1665     0.0131    -0.2969     0.0232   -12.0094     0.0300
  6   -12.1436     0.0161     0.1647     0.0113    -0.2992     0.0195   -12.0091     0.0245
  7   -12.1422     0.0139     0.1648     0.0096    -0.2964     0.0174   -12.0106     0.0209
  8   -12.1418     0.0120     0.1651     0.0083    -0.2977     0.0153   -12.0093     0.0183
  9   -12.1438     0.0113     0.1676     0.0089    -0.2929     0.0166   -12.0186     0.0246
 10   -12.1468     0.0118     0.1697     0.0089    -0.2935     0.0149   -12.0230     0.0237
 
 
 group  inft  solvation free energy     error          difference
  total solvation free energy
   1      0          4.35563           0.01351          -0.00116
   1     60          4.34687           0.01354          -0.00992
   1     80          4.25231           0.01395          -0.10449
   1    100          3.80760           0.01592          -0.54919
   2      0          4.34733           0.01364          -0.00946
   3      0          4.35679           0.01414           0.00000
   4      0          4.35376           0.01386          -0.00303
   5      0          4.39437           0.01261           0.03758
   5     60          4.38216           0.01265           0.02537
   5     80          4.25823           0.01318          -0.09856
   5    100          3.83880           0.01500          -0.51799
 
  contribution from  1-th solvent component
   1      0          0.27275           0.00988           0.00267
   1     60          0.27280           0.00990           0.00271
   1     80          0.27324           0.01017           0.00316
   1    100          0.27402           0.01156           0.00394
   2      0          0.27098           0.00970           0.00089
   3      0          0.27009           0.00951           0.00000
   4      0          0.26944           0.00954          -0.00065
   5      0          0.26946           0.00958          -0.00063
   5     60          0.26951           0.00961          -0.00057
   5     80          0.26989           0.00996          -0.00020
   5    100          0.27010           0.01125           0.00001
 
  contribution from  2-th solvent component
   1      0         -0.09739           0.01659           0.00276
   1     60         -0.09740           0.01663           0.00275
   1     80         -0.09763           0.01700           0.00252
   1    100         -0.09929           0.01858           0.00086
   2      0         -0.09918           0.01626           0.00097
   3      0         -0.10015           0.01598           0.00000
   4      0         -0.10095           0.01597          -0.00080
   5      0         -0.10163           0.01563          -0.00148
   5     60         -0.10165           0.01568          -0.00150
   5     80         -0.10208           0.01615          -0.00192
   5    100         -0.10388           0.01759          -0.00373
 
  contribution from  3-th solvent component
   1      0          4.18022           0.01697          -0.00659
   1     60          4.17143           0.01698          -0.01538
   1     80          4.07665           0.01712          -0.11016
   1    100          3.63282           0.01781          -0.55399
   2      0          4.17549           0.01603          -0.01132
   3      0          4.18681           0.01547           0.00000
   4      0          4.18523           0.01497          -0.00158
   5      0          4.22650           0.01640           0.03968
   5     60          4.21426           0.01642           0.02745
   5     80          4.09037           0.01659          -0.09644
   5    100          3.67254           0.01719          -0.51428
 
 
 group  inft   Estimated free energy: total (kcal/mol)
   1      0       4.3465       4.3391       4.3295       4.3967       4.3660
                  4.3251       4.3685       4.3676       4.3618       4.3554
   1     60       4.3377       4.3303       4.3207       4.3880       4.3572
                  4.3163       4.3598       4.3588       4.3532       4.3467
   1     80       4.2425       4.2349       4.2255       4.2948       4.2624
                  4.2209       4.2652       4.2642       4.2600       4.2527
   1    100       3.7955       3.7863       3.7773       3.8561       3.8173
                  3.7724       3.8202       3.8193       3.8213       3.8104
   2      0       4.3351       4.3292       4.3227       4.3907       4.3558
                  4.3189       4.3572       4.3608       4.3551       4.3479
   3      0       4.3423       4.3384       4.3319       4.4025       4.3659
                  4.3276       4.3664       4.3687       4.3649       4.3593
   4      0       4.3391       4.3340       4.3310       4.3977       4.3593
                  4.3252       4.3623       4.3684       4.3653       4.3554
   5      0       4.3862       4.3750       4.3705       4.4324       4.4073
                  4.3676       4.4066       4.4024       4.3984       4.3972
   5     60       4.3739       4.3628       4.3583       4.4204       4.3951
                  4.3553       4.3944       4.3902       4.3864       4.3850
   5     80       4.2491       4.2378       4.2335       4.2982       4.2709
                  4.2303       4.2704       4.2662       4.2641       4.2618
   5    100       3.8274       3.8148       3.8110       3.8846       3.8509
                  3.8074       3.8505       3.8466       3.8503       3.8444
 
 group  inft   Estimated free energy: 1-th solvent contribution (kcal/mol)
   1      0       0.2668       0.2545       0.2642       0.2715       0.2782
                  0.2601       0.2653       0.2702       0.2886       0.3081
   1     60       0.2669       0.2545       0.2642       0.2716       0.2782
                  0.2601       0.2653       0.2702       0.2887       0.3082
   1     80       0.2671       0.2544       0.2644       0.2722       0.2786
                  0.2602       0.2655       0.2706       0.2897       0.3096
   1    100       0.2670       0.2524       0.2637       0.2739       0.2794
                  0.2594       0.2649       0.2711       0.2935       0.3149
   2      0       0.2653       0.2526       0.2629       0.2706       0.2757
                  0.2588       0.2633       0.2689       0.2856       0.3061
   3      0       0.2644       0.2517       0.2621       0.2701       0.2751
                  0.2583       0.2622       0.2680       0.2850       0.3040
   4      0       0.2635       0.2511       0.2613       0.2696       0.2740
                  0.2580       0.2614       0.2675       0.2841       0.3038
   5      0       0.2635       0.2510       0.2618       0.2695       0.2740
                  0.2577       0.2617       0.2670       0.2846       0.3038
   5     60       0.2636       0.2510       0.2619       0.2696       0.2740
                  0.2577       0.2617       0.2670       0.2847       0.3039
   5     80       0.2637       0.2507       0.2619       0.2702       0.2744
                  0.2577       0.2617       0.2673       0.2859       0.3054
   5    100       0.2630       0.2484       0.2609       0.2714       0.2745
                  0.2564       0.2606       0.2671       0.2888       0.3099
 
 group  inft   Estimated free energy: 2-th solvent contribution (kcal/mol)
   1      0      -0.1189      -0.1091      -0.1021      -0.0499      -0.1170
                 -0.1138      -0.0940      -0.1126      -0.0492      -0.1074
   1     60      -0.1189      -0.1091      -0.1021      -0.0498      -0.1170
                 -0.1139      -0.0940      -0.1127      -0.0491      -0.1074
   1     80      -0.1195      -0.1096      -0.1026      -0.0491      -0.1176
                 -0.1144      -0.0943      -0.1132      -0.0481      -0.1079
   1    100      -0.1226      -0.1126      -0.1052      -0.0466      -0.1208
                 -0.1175      -0.0962      -0.1163      -0.0444      -0.1107
   2      0      -0.1203      -0.1111      -0.1038      -0.0534      -0.1182
                 -0.1150      -0.0954      -0.1144      -0.0513      -0.1088
   3      0      -0.1207      -0.1113      -0.1046      -0.0553      -0.1187
                 -0.1163      -0.0969      -0.1153      -0.0529      -0.1097
   4      0      -0.1218      -0.1124      -0.1052      -0.0569      -0.1191
                 -0.1172      -0.0979      -0.1156      -0.0529      -0.1105
   5      0      -0.1218      -0.1130      -0.1055      -0.0580      -0.1198
                 -0.1172      -0.0989      -0.1160      -0.0551      -0.1110
   5     60      -0.1219      -0.1130      -0.1056      -0.0579      -0.1199
                 -0.1173      -0.0989      -0.1160      -0.0549      -0.1110
   5     80      -0.1228      -0.1138      -0.1063      -0.0571      -0.1207
                 -0.1181      -0.0995      -0.1169      -0.0538      -0.1118
   5    100      -0.1259      -0.1168      -0.1090      -0.0551      -0.1239
                 -0.1212      -0.1015      -0.1200      -0.0507      -0.1147
 
 group  inft   Estimated free energy: 3-th solvent contribution (kcal/mol)
   1      0       4.1985       4.1936       4.1674       4.1750       4.2047
                  4.1788       4.1972       4.2100       4.1224       4.1546
   1     60       4.1897       4.1848       4.1586       4.1662       4.1960
                  4.1700       4.1884       4.2012       4.1136       4.1458
   1     80       4.0948       4.0901       4.0636       4.0716       4.1014
                  4.0751       4.0939       4.1068       4.0183       4.0510
   1    100       3.6510       3.6464       3.6187       3.6287       3.6586
                  3.6305       3.6515       3.6645       3.5722       3.6062
   2      0       4.1899       4.1877       4.1636       4.1735       4.1983
                  4.1750       4.1893       4.2063       4.1207       4.1506
   3      0       4.1986       4.1979       4.1742       4.1877       4.2094
                  4.1855       4.2011       4.2159       4.1327       4.1650
   4      0       4.1973       4.1952       4.1748       4.1849       4.2045
                  4.1843       4.1988       4.2164       4.1340       4.1621
   5      0       4.2444       4.2369       4.2142       4.2208       4.2531
                  4.2271       4.2438       4.2513       4.1689       4.2043
   5     60       4.2322       4.2247       4.2019       4.2086       4.2409
                  4.2148       4.2316       4.2392       4.1566       4.1921
   5     80       4.1082       4.1009       4.0778       4.0850       4.1172
                  4.0907       4.1081       4.1157       4.0320       4.0681
   5    100       3.6903       3.6832       3.6591       3.6683       3.7002
                  3.6722       3.6913       3.6994       3.6122       3.6492
 
 
 cumulative average & 95% error for solvation free energy
              total             1st component         2nd component         3rd component
  1     4.3423                0.2644               -0.1207                4.1986
  2     4.3404     0.0039     0.2580     0.0127    -0.1160     0.0094     4.1982     0.0007
  3     4.3375     0.0061     0.2594     0.0078    -0.1122     0.0093     4.1902     0.0160
  4     4.3538     0.0328     0.2621     0.0077    -0.0979     0.0292     4.1896     0.0114
  5     4.3562     0.0259     0.2647     0.0079    -0.1021     0.0241     4.1936     0.0119
  6     4.3514     0.0232     0.2636     0.0068    -0.1045     0.0202     4.1922     0.0100
  7     4.3536     0.0200     0.2634     0.0058    -0.1034     0.0172     4.1935     0.0089
  8     4.3555     0.0178     0.2640     0.0051    -0.1049     0.0152     4.1963     0.0095
  9     4.3565     0.0158     0.2663     0.0065    -0.0991     0.0177     4.1892     0.0164
 10     4.3568     0.0141     0.2701     0.0095    -0.1002     0.0160     4.1868     0.0155
