 ERmod 0.3.8, Copyright (C) 2000-2019 Nobuyuki Matubayasi
                            2010-2019 Shun Sakuraba
 ERmod comes with ABSOLUTELY NO WARRANTY.
 This is free software, and you can redistribute it
 and/or modify it under certain conditions.
 See LICENSE file for details.
 ERmod 0.3.8, Copyright (C) 2000-2019 Nobuyuki Matubayasi
                            2010-2019 Shun Sakuraba
 ERmod comes with ABSOLUTELY NO WARRANTY.
 This is free software, and you can redistribute it
 and/or modify it under certain conditions.
 See LICENSE file for details.
 
  Number of the   1-th solvent  =           90
  Number of the   2-th solvent  =           90
  Number of the   3-th solvent  =        10000
 
  Be sure that the solvent distribution is homogeneous (radial distribution function is essentially unity) when the solvent molecule is separated beyond distance of   10.0 Angstrom in any direction from any atom within the solute molecule
 
  LJ long-range correction    =        -0.0025     -0.0058     -0.6387
 
  Self-energy of the solute   =        -0.0001  kcal/mol
 
 
 cumulative average & 95% error for solvation energy
              total             1st component         2nd component         3rd component
  1   -26.8557                0.3126               -0.7572              -26.4109
  2   -26.8178     0.0758     0.1902     0.2447    -0.6725     0.1693   -26.3353     0.1512
  3   -26.8166     0.0438     0.0089     0.3892    -0.5390     0.2844   -26.2864     0.1311
  4   -26.8765     0.1237    -0.0395     0.2917    -0.5962     0.2314   -26.2407     0.1302
  5   -26.8832     0.0968    -0.2720     0.5170    -0.5451     0.2064   -26.0660     0.3636
  6   -26.8701     0.0832    -0.1926     0.4510    -0.5356     0.1695   -26.1417     0.3332
  7   -26.8583     0.0742    -0.1893     0.3812    -0.5125     0.1506   -26.1565     0.2832
  8   -26.8715     0.0694    -0.2898     0.3865    -0.4975     0.1338   -26.0841     0.2848
  9   -26.8706     0.0613    -0.2754     0.3421    -0.5249     0.1301   -26.0702     0.2527
 10   -26.8823     0.0596    -0.3774     0.3677    -0.4916     0.1342   -26.0133     0.2530
 
 
 group  inft  solvation free energy     error          difference
  total solvation free energy
   1      0         -1.23905           0.06254           0.00388
   1     60         -1.25486           0.06255          -0.01192
   1     80         -1.41765           0.06268          -0.17472
   1    100         -2.14272           0.06306          -0.89979
   2      0         -1.24082           0.06168           0.00211
   3      0         -1.24293           0.06283           0.00000
   4      0         -1.23597           0.06172           0.00696
   5      0         -1.23191           0.06278           0.01102
   5     60         -1.25389           0.06279          -0.01096
   5     80         -1.46406           0.06291          -0.22113
   5    100         -2.13752           0.06316          -0.89459
 
  contribution from  1-th solvent component
   1      0         -0.03131           0.20563           0.01005
   1     60         -0.03126           0.20563           0.01010
   1     80         -0.03109           0.20566           0.01026
   1    100         -0.03100           0.20592           0.01036
   2      0         -0.03783           0.20612           0.00353
   3      0         -0.04136           0.20637           0.00000
   4      0         -0.04328           0.20496          -0.00193
   5      0         -0.04320           0.20500          -0.00184
   5     60         -0.04315           0.20500          -0.00179
   5     80         -0.04303           0.20504          -0.00167
   5    100         -0.04339           0.20528          -0.00203
 
  contribution from  2-th solvent component
   1      0         -0.38522           0.07617          -0.00902
   1     60         -0.38503           0.07617          -0.00883
   1     80         -0.38398           0.07619          -0.00778
   1    100         -0.38236           0.07635          -0.00617
   2      0         -0.37916           0.07563          -0.00296
   3      0         -0.37620           0.07645           0.00000
   4      0         -0.37495           0.07626           0.00124
   5      0         -0.37533           0.07550           0.00087
   5     60         -0.37509           0.07550           0.00111
   5     80         -0.37401           0.07552           0.00218
   5    100         -0.37291           0.07564           0.00329
 
  contribution from  3-th solvent component
   1      0         -0.82240           0.14507           0.00285
   1     60         -0.83844           0.14506          -0.01319
   1     80         -1.00245           0.14496          -0.17720
   1    100         -1.72923           0.14524          -0.90398
   2      0         -0.82370           0.14486           0.00155
   3      0         -0.82525           0.14564           0.00000
   4      0         -0.81761           0.14469           0.00764
   5      0         -0.81326           0.14459           0.01199
   5     60         -0.83553           0.14457          -0.01028
   5     80         -1.04689           0.14449          -0.22164
   5    100         -1.72109           0.14478          -0.89584
 
 
 group  inft   Estimated free energy: total (kcal/mol)
   1      0      -1.2148      -1.1798      -1.2208      -1.4126      -1.1882
                 -1.1923      -1.0932      -1.2784      -1.2125      -1.3977
   1     60      -1.2306      -1.1956      -1.2366      -1.4284      -1.2041
                 -1.2081      -1.1090      -1.2943      -1.2283      -1.4135
   1     80      -1.3935      -1.3577      -1.3993      -1.5915      -1.3672
                 -1.3709      -1.2713      -1.4577      -1.3909      -1.5764
   1    100      -2.1201      -2.0813      -2.1249      -2.3175      -2.0923
                 -2.0977      -1.9937      -2.1843      -2.1147      -2.3009
   2      0      -1.2047      -1.1860      -1.2355      -1.4023      -1.1865
                 -1.1856      -1.1005      -1.2764      -1.2228      -1.4078
   3      0      -1.1994      -1.1934      -1.2383      -1.4151      -1.1836
                 -1.1904      -1.0994      -1.2760      -1.2277      -1.4060
   4      0      -1.1933      -1.1941      -1.2278      -1.4055      -1.1749
                 -1.1850      -1.0922      -1.2716      -1.2217      -1.3936
   5      0      -1.1788      -1.1900      -1.2259      -1.4072      -1.1722
                 -1.1838      -1.0890      -1.2689      -1.2123      -1.3910
   5     60      -1.2008      -1.2119      -1.2478      -1.4292      -1.1942
                 -1.2058      -1.1110      -1.2910      -1.2343      -1.4129
   5     80      -1.4111      -1.4213      -1.4578      -1.6396      -1.4048
                 -1.4160      -1.3206      -1.5019      -1.4442      -1.6231
   5    100      -2.0856      -2.0935      -2.1318      -2.3139      -2.0783
                 -2.0909      -1.9919      -2.1767      -2.1167      -2.2960
 
 group  inft   Estimated free energy: 1-th solvent contribution (kcal/mol)
   1      0       0.3545       0.2329      -0.0083       0.0336      -0.4642
                  0.3243       0.0887      -0.3791       0.0565      -0.5519
   1     60       0.3546       0.2330      -0.0083       0.0336      -0.4642
                  0.3243       0.0888      -0.3791       0.0565      -0.5518
   1     80       0.3548       0.2332      -0.0081       0.0338      -0.4641
                  0.3246       0.0889      -0.3790       0.0567      -0.5517
   1    100       0.3555       0.2336      -0.0078       0.0338      -0.4644
                  0.3251       0.0890      -0.3794       0.0569      -0.5523
   2      0       0.3543       0.2258      -0.0241       0.0334      -0.4682
                  0.3222       0.0749      -0.3768       0.0452      -0.5651
   3      0       0.3585       0.2226      -0.0303       0.0240      -0.4738
                  0.3181       0.0726      -0.3810       0.0398      -0.5641
   4      0       0.3556       0.2176      -0.0336       0.0221      -0.4700
                  0.3156       0.0691      -0.3797       0.0342      -0.5638
   5      0       0.3585       0.2139      -0.0338       0.0195      -0.4692
                  0.3156       0.0702      -0.3783       0.0367      -0.5650
   5     60       0.3586       0.2140      -0.0338       0.0196      -0.4692
                  0.3157       0.0702      -0.3783       0.0367      -0.5650
   5     80       0.3588       0.2142      -0.0336       0.0196      -0.4691
                  0.3159       0.0703      -0.3782       0.0369      -0.5649
   5    100       0.3593       0.2141      -0.0341       0.0190      -0.4699
                  0.3160       0.0698      -0.3790       0.0366      -0.5657
 
 group  inft   Estimated free energy: 2-th solvent contribution (kcal/mol)
   1      0      -0.5051      -0.4410      -0.2697      -0.6047      -0.2499
                 -0.3958      -0.2520      -0.3414      -0.4775      -0.3151
   1     60      -0.5049      -0.4408      -0.2695      -0.6045      -0.2497
                 -0.3956      -0.2519      -0.3412      -0.4773      -0.3149
   1     80      -0.5040      -0.4395      -0.2683      -0.6036      -0.2487
                 -0.3947      -0.2508      -0.3404      -0.4761      -0.3137
   1    100      -0.5029      -0.4375      -0.2661      -0.6028      -0.2471
                 -0.3936      -0.2488      -0.3392      -0.4739      -0.3117
   2      0      -0.4933      -0.4391      -0.2655      -0.5947      -0.2422
                 -0.3872      -0.2438      -0.3385      -0.4757      -0.3116
   3      0      -0.4895      -0.4380      -0.2628      -0.5948      -0.2358
                 -0.3862      -0.2384      -0.3348      -0.4722      -0.3094
   4      0      -0.4893      -0.4406      -0.2602      -0.5902      -0.2341
                 -0.3858      -0.2383      -0.3351      -0.4699      -0.3060
   5      0      -0.4860      -0.4384      -0.2623      -0.5939      -0.2393
                 -0.3860      -0.2408      -0.3390      -0.4654      -0.3022
   5     60      -0.4858      -0.4381      -0.2620      -0.5936      -0.2391
                 -0.3858      -0.2405      -0.3387      -0.4652      -0.3020
   5     80      -0.4848      -0.4367      -0.2607      -0.5927      -0.2381
                 -0.3849      -0.2394      -0.3379      -0.4640      -0.3009
   5    100      -0.4840      -0.4352      -0.2590      -0.5922      -0.2371
                 -0.3842      -0.2381      -0.3372      -0.4624      -0.2997
 
 group  inft   Estimated free energy: 3-th solvent contribution (kcal/mol)
   1      0      -1.0640      -0.9715      -0.9428      -0.8414      -0.4740
                 -1.1207      -0.9297      -0.5577      -0.7914      -0.5307
   1     60      -1.0801      -0.9876      -0.9588      -0.8574      -0.4901
                 -1.1367      -0.9458      -0.5738      -0.8074      -0.5467
   1     80      -1.2442      -1.1512      -1.1229      -1.0216      -0.6543
                 -1.3007      -1.1093      -0.7382      -0.9714      -0.7108
   1    100      -1.9726      -1.8772      -1.8508      -1.7483      -1.3807
                 -2.0291      -1.8337      -1.4655      -1.6976      -1.4368
   2      0      -1.0656      -0.9726      -0.9458      -0.8409      -0.4760
                 -1.1205      -0.9314      -0.5611      -0.7922      -0.5309
   3      0      -1.0682      -0.9779      -0.9451      -0.8441      -0.4740
                 -1.1222      -0.9335      -0.5601      -0.7952      -0.5324
   4      0      -1.0595      -0.9710      -0.9339      -0.8374      -0.4707
                 -1.1146      -0.9228      -0.5567      -0.7859      -0.5237
   5      0      -1.0513      -0.9654      -0.9296      -0.8327      -0.4635
                 -1.1133      -0.9183      -0.5516      -0.7834      -0.5236
   5     60      -1.0735      -0.9876      -0.9519      -0.8550      -0.4858
                 -1.1355      -0.9405      -0.5739      -0.8057      -0.5459
   5     80      -1.2850      -1.1986      -1.1633      -1.0665      -0.6974
                 -1.3469      -1.1514      -0.7857      -1.0170      -0.7572
   5    100      -1.9607      -1.8722      -1.8386      -1.7406      -1.3712
                 -2.0226      -1.8234      -1.4604      -1.6907      -1.4305
 
 
 cumulative average & 95% error for solvation free energy
              total             1st component         2nd component         3rd component
  1    -1.1994                0.3585               -0.4895               -1.0682
  2    -1.1964     0.0059     0.2906     0.1358    -0.4638     0.0515    -1.0230     0.0903
  3    -1.2104     0.0281     0.1836     0.2278    -0.3968     0.1373    -0.9970     0.0736
  4    -1.2615     0.1043     0.1437     0.1798    -0.4463     0.1387    -0.9588     0.0925
  5    -1.2460     0.0866     0.0202     0.2835    -0.4042     0.1365    -0.8618     0.2068
  6    -1.2367     0.0731     0.0698     0.2519    -0.4012     0.1116    -0.9052     0.1898
  7    -1.2171     0.0732     0.0702     0.2129    -0.3779     0.1052    -0.9093     0.1606
  8    -1.2244     0.0651     0.0138     0.2161    -0.3725     0.0917    -0.8656     0.1642
  9    -1.2248     0.0574     0.0167     0.1907    -0.3836     0.0839    -0.8578     0.1457
 10    -1.2429     0.0628    -0.0414     0.2064    -0.3762     0.0765    -0.8253     0.1456
