 ERmod 0.3.8, Copyright (C) 2000-2019 Nobuyuki Matubayasi
                            2010-2019 Shun Sakuraba
 ERmod comes with ABSOLUTELY NO WARRANTY.
 This is free software, and you can redistribute it
 and/or modify it under certain conditions.
 See LICENSE file for details.
 ERmod 0.3.8, Copyright (C) 2000-2019 Nobuyuki Matubayasi
                            2010-2019 Shun Sakuraba
 ERmod comes with ABSOLUTELY NO WARRANTY.
 This is free software, and you can redistribute it
 and/or modify it under certain conditions.
 See LICENSE file for details.
 
  Number of the   1-th solvent  =           90
  Number of the   2-th solvent  =           90
  Number of the   3-th solvent  =        10000
 
  Be sure that the solvent distribution is homogeneous (radial distribution function is essentially unity) when the solvent molecule is separated beyond distance of   10.0 Angstrom in any direction from any atom within the solute molecule
 
  LJ long-range correction    =        -0.0042     -0.0104     -0.3359
 
  Self-energy of the solute   =        -0.0001  kcal/mol
 
 
 cumulative average & 95% error for solvation energy
              total             1st component         2nd component         3rd component
  1   -20.3573               -0.2424               -0.8049              -19.3099
  2   -20.3487     0.0172    -0.2089     0.0668    -0.5617     0.4863   -19.5779     0.5359
  3   -20.3712     0.0461    -0.2780     0.1434    -0.5257     0.2899   -19.5674     0.3101
  4   -20.3458     0.0603    -0.1779     0.2244    -0.5808     0.2327   -19.5870     0.2228
  5   -20.3217     0.0672    -0.1397     0.1899    -0.6115     0.1904   -19.5704     0.1757
  6   -20.3022     0.0672    -0.1409     0.1551    -0.6350     0.1624   -19.5262     0.1686
  7   -20.2867     0.0648    -0.2194     0.2045    -0.6655     0.1502   -19.4016     0.2870
  8   -20.2838     0.0564    -0.3184     0.2657    -0.6544     0.1320   -19.3109     0.3077
  9   -20.2778     0.0512    -0.4112     0.2988    -0.6654     0.1185   -19.2012     0.3490
 10   -20.2860     0.0486    -0.4415     0.2740    -0.6374     0.1199   -19.2070     0.3124
 
 
 group  inft  solvation free energy     error          difference
  total solvation free energy
   1      0         -2.68550           0.06096           0.00059
   1     60         -2.70201           0.06098          -0.01592
   1     80         -2.83502           0.06112          -0.14893
   1    100         -3.31389           0.06148          -0.62780
   2      0         -2.68422           0.06058           0.00187
   3      0         -2.68609           0.06083           0.00000
   4      0         -2.67632           0.06046           0.00977
   5      0         -2.67965           0.05996           0.00644
   5     60         -2.70199           0.05998          -0.01590
   5     80         -2.86728           0.06011          -0.18119
   5    100         -3.30852           0.06038          -0.62243
 
  contribution from  1-th solvent component
   1      0         -0.07656           0.14711           0.00416
   1     60         -0.07665           0.14712           0.00407
   1     80         -0.07744           0.14720           0.00328
   1    100         -0.08089           0.14744          -0.00017
   2      0         -0.08067           0.14327           0.00005
   3      0         -0.08072           0.14215           0.00000
   4      0         -0.08056           0.14110           0.00016
   5      0         -0.08120           0.14063          -0.00048
   5     60         -0.08133           0.14064          -0.00061
   5     80         -0.08246           0.14069          -0.00174
   5    100         -0.08592           0.14082          -0.00520
 
  contribution from  2-th solvent component
   1      0         -0.29166           0.05654          -0.00852
   1     60         -0.29190           0.05654          -0.00877
   1     80         -0.29378           0.05655          -0.01065
   1    100         -0.30035           0.05657          -0.01722
   2      0         -0.28461           0.05566          -0.00148
   3      0         -0.28313           0.05553           0.00000
   4      0         -0.28057           0.05577           0.00256
   5      0         -0.28038           0.05552           0.00276
   5     60         -0.28071           0.05552           0.00243
   5     80         -0.28305           0.05553           0.00009
   5    100         -0.28908           0.05553          -0.00595
 
  contribution from  3-th solvent component
   1      0         -2.31718           0.14853           0.00495
   1     60         -2.33337           0.14854          -0.01123
   1     80         -2.46369           0.14862          -0.14156
   1    100         -2.93254           0.14891          -0.61041
   2      0         -2.31884           0.14831           0.00330
   3      0         -2.32213           0.14893           0.00000
   4      0         -2.31508           0.14800           0.00705
   5      0         -2.31797           0.14864           0.00416
   5     60         -2.33985           0.14865          -0.01772
   5     80         -2.50167           0.14875          -0.17954
   5    100         -2.93342           0.14902          -0.61128
 
 
 group  inft   Estimated free energy: total (kcal/mol)
   1      0      -2.7335      -2.6168      -2.8191      -2.5694      -2.6185
                 -2.6525      -2.6205      -2.6358      -2.7264      -2.8625
   1     60      -2.7501      -2.6333      -2.8357      -2.5859      -2.6350
                 -2.6690      -2.6370      -2.6524      -2.7428      -2.8790
   1     80      -2.8833      -2.7662      -2.9691      -2.7187      -2.7676
                 -2.8018      -2.7699      -2.7857      -2.8754      -3.0125
   1    100      -3.3623      -3.2449      -3.4493      -3.1969      -3.2458
                 -3.2802      -3.2481      -3.2656      -3.3531      -3.4927
   2      0      -2.7296      -2.6290      -2.8192      -2.5751      -2.6205
                 -2.6503      -2.6107      -2.6251      -2.7197      -2.8630
   3      0      -2.7320      -2.6326      -2.8193      -2.5826      -2.6239
                 -2.6521      -2.6112      -2.6188      -2.7190      -2.8694
   4      0      -2.7148      -2.6206      -2.8110      -2.5746      -2.6172
                 -2.6457      -2.6016      -2.6078      -2.7112      -2.8587
   5      0      -2.7202      -2.6297      -2.8162      -2.5778      -2.6240
                 -2.6433      -2.6043      -2.6122      -2.7098      -2.8590
   5     60      -2.7426      -2.6520      -2.8386      -2.6002      -2.6463
                 -2.6655      -2.6267      -2.6346      -2.7321      -2.8814
   5     80      -2.9080      -2.8173      -3.0044      -2.7653      -2.8113
                 -2.8306      -2.7918      -2.8002      -2.8968      -3.0473
   5    100      -3.3492      -3.2586      -3.4466      -3.2062      -3.2522
                 -3.2714      -3.2323      -3.2421      -3.3368      -3.4896
 
 group  inft   Estimated free energy: 1-th solvent contribution (kcal/mol)
   1      0      -0.0110       0.0689      -0.0840       0.2731       0.1705
                  0.0689      -0.2008      -0.3340      -0.4484      -0.2689
   1     60      -0.0111       0.0689      -0.0841       0.2731       0.1704
                  0.0688      -0.2008      -0.3341      -0.4485      -0.2690
   1     80      -0.0120       0.0682      -0.0849       0.2726       0.1697
                  0.0680      -0.2017      -0.3351      -0.4494      -0.2698
   1    100      -0.0157       0.0651      -0.0885       0.2704       0.1665
                  0.0644      -0.2055      -0.3390      -0.4532      -0.2734
   2      0      -0.0125       0.0534      -0.0901       0.2602       0.1601
                  0.0639      -0.1992      -0.3247      -0.4475      -0.2703
   3      0      -0.0113       0.0527      -0.0891       0.2552       0.1598
                  0.0615      -0.1990      -0.3197      -0.4465      -0.2709
   4      0      -0.0083       0.0503      -0.0891       0.2509       0.1590
                  0.0610      -0.1962      -0.3191      -0.4439      -0.2702
   5      0      -0.0082       0.0483      -0.0877       0.2487       0.1544
                  0.0630      -0.1969      -0.3174      -0.4453      -0.2709
   5     60      -0.0084       0.0482      -0.0878       0.2486       0.1543
                  0.0628      -0.1970      -0.3176      -0.4455      -0.2710
   5     80      -0.0095       0.0471      -0.0889       0.2478       0.1531
                  0.0616      -0.1982      -0.3188      -0.4466      -0.2722
   5    100      -0.0131       0.0437      -0.0924       0.2453       0.1496
                  0.0580      -0.2018      -0.3226      -0.4502      -0.2757
 
 group  inft   Estimated free energy: 2-th solvent contribution (kcal/mol)
   1      0      -0.3566      -0.0756      -0.2587      -0.3126      -0.3138
                 -0.3410      -0.3827      -0.2432      -0.3648      -0.2675
   1     60      -0.3568      -0.0758      -0.2590      -0.3128      -0.3141
                 -0.3413      -0.3829      -0.2434      -0.3650      -0.2678
   1     80      -0.3587      -0.0776      -0.2609      -0.3148      -0.3159
                 -0.3432      -0.3848      -0.2453      -0.3669      -0.2697
   1    100      -0.3653      -0.0841      -0.2676      -0.3214      -0.3225
                 -0.3497      -0.3914      -0.2518      -0.3734      -0.2763
   2      0      -0.3489      -0.0706      -0.2520      -0.3030      -0.3046
                 -0.3333      -0.3729      -0.2382      -0.3571      -0.2656
   3      0      -0.3487      -0.0700      -0.2506      -0.3002      -0.3040
                 -0.3298      -0.3716      -0.2358      -0.3557      -0.2648
   4      0      -0.3423      -0.0664      -0.2482      -0.2976      -0.3017
                 -0.3301      -0.3699      -0.2324      -0.3544      -0.2626
   5      0      -0.3453      -0.0674      -0.2503      -0.2962      -0.3001
                 -0.3280      -0.3716      -0.2329      -0.3513      -0.2608
   5     60      -0.3456      -0.0678      -0.2506      -0.2965      -0.3004
                 -0.3283      -0.3719      -0.2332      -0.3516      -0.2611
   5     80      -0.3479      -0.0701      -0.2530      -0.2989      -0.3028
                 -0.3307      -0.3743      -0.2355      -0.3539      -0.2634
   5    100      -0.3540      -0.0760      -0.2591      -0.3050      -0.3089
                 -0.3367      -0.3803      -0.2415      -0.3599      -0.2695
 
 group  inft   Estimated free energy: 3-th solvent contribution (kcal/mol)
   1      0      -2.3658      -2.6101      -2.4763      -2.5298      -2.4752
                 -2.3803      -2.0369      -2.0586      -1.9131      -2.3259
   1     60      -2.3820      -2.6262      -2.4925      -2.5460      -2.4913
                 -2.3964      -2.0531      -2.0748      -1.9292      -2.3422
   1     80      -2.5124      -2.7566      -2.6232      -2.6765      -2.6213
                 -2.5265      -2.1832      -2.2052      -2.0591      -2.4729
   1    100      -2.9812      -3.2258      -3.0931      -3.1458      -3.0897
                 -2.9948      -2.6512      -2.6746      -2.5264      -2.9429
   2      0      -2.3681      -2.6117      -2.4770      -2.5321      -2.4759
                 -2.3808      -2.0385      -2.0622      -1.9150      -2.3270
   3      0      -2.3718      -2.6152      -2.4795      -2.5375      -2.4796
                 -2.3837      -2.0405      -2.0632      -1.9167      -2.3337
   4      0      -2.3641      -2.6044      -2.4736      -2.5278      -2.4743
                 -2.3765      -2.0354      -2.0561      -1.9128      -2.3257
   5      0      -2.3666      -2.6105      -2.4782      -2.5302      -2.4782
                 -2.3781      -2.0357      -2.0618      -1.9132      -2.3272
   5     60      -2.3885      -2.6323      -2.5002      -2.5521      -2.5000
                 -2.3999      -2.0576      -2.0837      -1.9350      -2.3492
   5     80      -2.5504      -2.7942      -2.6624      -2.7142      -2.6615
                 -2.5615      -2.2192      -2.2457      -2.0962      -2.5116
   5    100      -2.9820      -3.2262      -3.0950      -3.1464      -3.0929
                 -2.9927      -2.6502      -2.6779      -2.5266      -2.9444
 
 
 cumulative average & 95% error for solvation free energy
              total             1st component         2nd component         3rd component
  1    -2.7320               -0.0113               -0.3487               -2.3718
  2    -2.6823     0.0993     0.0207     0.0640    -0.2094     0.2788    -2.4935     0.2434
  3    -2.7280     0.1079    -0.0159     0.0820    -0.2231     0.1633    -2.4889     0.1408
  4    -2.6916     0.1054     0.0519     0.1474    -0.2424     0.1217    -2.5010     0.1025
  5    -2.6781     0.0860     0.0735     0.1221    -0.2547     0.0975    -2.4967     0.0799
  6    -2.6738     0.0708     0.0715     0.0998    -0.2672     0.0834    -2.4779     0.0753
  7    -2.6648     0.0624     0.0328     0.1144    -0.2821     0.0765    -2.4154     0.1403
  8    -2.6591     0.0553    -0.0112     0.1326    -0.2764     0.0673    -2.3714     0.1500
  9    -2.6657     0.0505    -0.0596     0.1517    -0.2852     0.0619    -2.3209     0.1665
 10    -2.6861     0.0608    -0.0807     0.1422    -0.2831     0.0555    -2.3221     0.1489
