 ERmod 0.3.8, Copyright (C) 2000-2019 Nobuyuki Matubayasi
                            2010-2019 Shun Sakuraba
 ERmod comes with ABSOLUTELY NO WARRANTY.
 This is free software, and you can redistribute it
 and/or modify it under certain conditions.
 See LICENSE file for details.
 ERmod 0.3.8, Copyright (C) 2000-2019 Nobuyuki Matubayasi
                            2010-2019 Shun Sakuraba
 ERmod comes with ABSOLUTELY NO WARRANTY.
 This is free software, and you can redistribute it
 and/or modify it under certain conditions.
 See LICENSE file for details.
 
  Number of the   1-th solvent  =          180
  Number of the   2-th solvent  =          180
  Number of the   3-th solvent  =        10000
 
  Be sure that the solvent distribution is homogeneous (radial distribution function is essentially unity) when the solvent molecule is separated beyond distance of   10.0 Angstrom in any direction from any atom within the solute molecule
 
  LJ long-range correction    =        -0.0012     -0.0029     -0.1580
 
  Self-energy of the solute   =        -0.0001  kcal/mol
 
 
 cumulative average & 95% error for solvation energy
              total             1st component         2nd component         3rd component
  1   -16.2192               -0.3593               -1.4940              -14.3658
  2   -16.3247     0.2108    -0.8785     1.0384    -1.7707     0.5534   -13.6753     1.3810
  3   -16.2977     0.1331    -0.7654     0.6408    -1.8016     0.3254   -13.7306     0.8049
  4   -16.2277     0.1688    -0.7764     0.4536    -1.5225     0.6038   -13.9287     0.6935
  5   -16.2144     0.1334    -1.0549     0.6586    -1.4106     0.5185   -13.7488     0.6464
  6   -16.1776     0.1315    -0.9940     0.5514    -1.2700     0.5082   -13.9135     0.6221
  7   -16.1823     0.1115    -0.9871     0.4662    -1.2291     0.4372   -13.9660     0.5362
  8   -16.1903     0.0979    -1.0073     0.4058    -1.2478     0.3805   -13.9351     0.4685
  9   -16.2070     0.0925    -1.1117     0.4143    -1.2274     0.3380   -13.8677     0.4345
 10   -16.1751     0.1044    -1.0224     0.4113    -1.1936     0.3098   -13.9589     0.4293
 
 
 group  inft  solvation free energy     error          difference
  total solvation free energy
   1      0         -3.23425           0.08465           0.01277
   1     60         -3.25262           0.08467          -0.00560
   1     80         -3.36222           0.08470          -0.11520
   1    100         -3.68831           0.08475          -0.44129
   2      0         -3.24076           0.08451           0.00626
   3      0         -3.24702           0.08178           0.00000
   4      0         -3.24510           0.08226           0.00192
   5      0         -3.24892           0.08296          -0.00190
   5     60         -3.27304           0.08297          -0.02602
   5     80         -3.40551           0.08298          -0.15849
   5    100         -3.70461           0.08298          -0.45758
 
  contribution from  1-th solvent component
   1      0         -0.38330           0.21602           0.00963
   1     60         -0.38330           0.21602           0.00963
   1     80         -0.38341           0.21609           0.00952
   1    100         -0.38402           0.21636           0.00891
   2      0         -0.38958           0.21348           0.00335
   3      0         -0.39293           0.21055           0.00000
   4      0         -0.39356           0.20951          -0.00063
   5      0         -0.39322           0.20946          -0.00029
   5     60         -0.39324           0.20946          -0.00031
   5     80         -0.39358           0.20951          -0.00065
   5    100         -0.39459           0.20966          -0.00166
 
  contribution from  2-th solvent component
   1      0         -0.71573           0.17329           0.00213
   1     60         -0.71554           0.17329           0.00232
   1     80         -0.71500           0.17336           0.00286
   1    100         -0.71506           0.17360           0.00280
   2      0         -0.71528           0.17502           0.00258
   3      0         -0.71786           0.17317           0.00000
   4      0         -0.71905           0.17376          -0.00118
   5      0         -0.71749           0.17374           0.00038
   5     60         -0.71728           0.17375           0.00058
   5     80         -0.71694           0.17381           0.00092
   5    100         -0.71766           0.17401           0.00020
 
  contribution from  3-th solvent component
   1      0         -2.13508           0.22904           0.00101
   1     60         -2.15364           0.22903          -0.01756
   1     80         -2.26367           0.22915          -0.12759
   1    100         -2.58909           0.22967          -0.45301
   2      0         -2.13576           0.22932           0.00033
   3      0         -2.13608           0.22899           0.00000
   4      0         -2.13235           0.22951           0.00374
   5      0         -2.13807           0.22858          -0.00198
   5     60         -2.16238           0.22858          -0.02629
   5     80         -2.29484           0.22874          -0.15876
   5    100         -2.59221           0.22923          -0.45612
 
 
 group  inft   Estimated free energy: total (kcal/mol)
   1      0      -3.3042      -3.3499      -3.2162      -3.1955      -3.1325
                 -3.0358      -3.1639      -3.3505      -3.4774      -3.1166
   1     60      -3.3226      -3.3684      -3.2347      -3.2138      -3.1508
                 -3.0541      -3.1823      -3.3689      -3.4957      -3.1349
   1     80      -3.4321      -3.4781      -3.3444      -3.3233      -3.2603
                 -3.1638      -3.2920      -3.4788      -3.6052      -3.2442
   1    100      -3.7582      -3.8043      -3.6707      -3.6491      -3.5856
                 -3.4903      -3.6182      -3.8059      -3.9310      -3.5698
   2      0      -3.3149      -3.3558      -3.2292      -3.1853      -3.1286
                 -3.0488      -3.1886      -3.3570      -3.4815      -3.1178
   3      0      -3.3230      -3.3518      -3.2426      -3.1984      -3.1306
                 -3.0662      -3.1964      -3.3633      -3.4773      -3.1207
   4      0      -3.3273      -3.3447      -3.2421      -3.1867      -3.1203
                 -3.0703      -3.1973      -3.3630      -3.4784      -3.1210
   5      0      -3.3331      -3.3519      -3.2454      -3.1829      -3.1306
                 -3.0693      -3.2083      -3.3715      -3.4784      -3.1178
   5     60      -3.3572      -3.3761      -3.2696      -3.2070      -3.1547
                 -3.0934      -3.2324      -3.3957      -3.5025      -3.1419
   5     80      -3.4896      -3.5085      -3.4023      -3.3393      -3.2868
                 -3.2261      -3.3651      -3.5286      -3.6347      -3.2741
   5    100      -3.7888      -3.8074      -3.7016      -3.6381      -3.5851
                 -3.5257      -3.6645      -3.8287      -3.9332      -3.5731
 
 group  inft   Estimated free energy: 1-th solvent contribution (kcal/mol)
   1      0       0.0039      -0.5963      -0.1355      -0.3124      -0.9364
                 -0.1758      -0.3147      -0.5033      -0.8870       0.0246
   1     60       0.0039      -0.5963      -0.1355      -0.3124      -0.9364
                 -0.1758      -0.3147      -0.5033      -0.8870       0.0246
   1     80       0.0039      -0.5966      -0.1355      -0.3126      -0.9367
                 -0.1758      -0.3146      -0.5036      -0.8873       0.0246
   1    100       0.0040      -0.5976      -0.1358      -0.3134      -0.9379
                 -0.1764      -0.3143      -0.5045      -0.8885       0.0244
   2      0      -0.0067      -0.5951      -0.1436      -0.3163      -0.9302
                 -0.1858      -0.3338      -0.5144      -0.8899       0.0201
   3      0      -0.0125      -0.5955      -0.1563      -0.3244      -0.9248
                 -0.1947      -0.3434      -0.5099      -0.8863       0.0184
   4      0      -0.0199      -0.5903      -0.1588      -0.3170      -0.9238
                 -0.2002      -0.3421      -0.5129      -0.8877       0.0170
   5      0      -0.0195      -0.5896      -0.1604      -0.3133      -0.9229
                 -0.1966      -0.3517      -0.5159      -0.8836       0.0213
   5     60      -0.0196      -0.5896      -0.1604      -0.3133      -0.9229
                 -0.1966      -0.3517      -0.5159      -0.8837       0.0213
   5     80      -0.0197      -0.5901      -0.1607      -0.3137      -0.9233
                 -0.1970      -0.3517      -0.5164      -0.8841       0.0210
   5    100      -0.0203      -0.5913      -0.1616      -0.3149      -0.9247
                 -0.1982      -0.3521      -0.5178      -0.8854       0.0203
 
 group  inft   Estimated free energy: 2-th solvent contribution (kcal/mol)
   1      0      -0.9502      -1.1527      -1.0192      -0.4437      -0.5423
                 -0.3060      -0.5485      -0.8255      -0.7936      -0.5757
   1     60      -0.9500      -1.1525      -1.0190      -0.4435      -0.5422
                 -0.3058      -0.5483      -0.8253      -0.7935      -0.5755
   1     80      -0.9494      -1.1521      -1.0185      -0.4429      -0.5418
                 -0.3049      -0.5476      -0.8248      -0.7931      -0.5749
   1    100      -0.9494      -1.1529      -1.0186      -0.4429      -0.5421
                 -0.3037      -0.5475      -0.8249      -0.7937      -0.5749
   2      0      -0.9500      -1.1600      -1.0229      -0.4304      -0.5454
                 -0.3058      -0.5522      -0.8196      -0.7941      -0.5723
   3      0      -0.9523      -1.1561      -1.0221      -0.4346      -0.5521
                 -0.3166      -0.5514      -0.8286      -0.7916      -0.5731
   4      0      -0.9534      -1.1584      -1.0248      -0.4358      -0.5468
                 -0.3172      -0.5532      -0.8283      -0.7979      -0.5747
   5      0      -0.9524      -1.1549      -1.0222      -0.4288      -0.5509
                 -0.3155      -0.5542      -0.8311      -0.7945      -0.5703
   5     60      -0.9521      -1.1547      -1.0220      -0.4286      -0.5507
                 -0.3153      -0.5540      -0.8309      -0.7943      -0.5701
   5     80      -0.9517      -1.1546      -1.0217      -0.4282      -0.5505
                 -0.3146      -0.5535      -0.8307      -0.7942      -0.5698
   5    100      -0.9524      -1.1560      -1.0224      -0.4289      -0.5514
                 -0.3142      -0.5541      -0.8315      -0.7953      -0.5704
 
 group  inft   Estimated free energy: 3-th solvent contribution (kcal/mol)
   1      0      -2.3578      -1.6008      -2.0614      -2.4393      -1.6535
                 -2.5539      -2.3005      -2.0215      -1.7966      -2.5654
   1     60      -2.3764      -1.6194      -2.0800      -2.4578      -1.6721
                 -2.5725      -2.3192      -2.0401      -1.8151      -2.5839
   1     80      -2.4865      -1.7293      -2.1903      -2.5676      -1.7816
                 -2.6829      -2.4297      -2.1503      -1.9247      -2.6937
   1    100      -2.8126      -2.0536      -2.5160      -2.8927      -2.1056
                 -3.0100      -2.7563      -2.4763      -2.2486      -3.0192
   2      0      -2.3580      -1.6005      -2.0625      -2.4384      -1.6529
                 -2.5571      -2.3025      -2.0228      -1.7973      -2.5655
   3      0      -2.3581      -1.6001      -2.0640      -2.4393      -1.6536
                 -2.5547      -2.3014      -2.0247      -1.7991      -2.5658
   4      0      -2.3538      -1.5958      -2.0584      -2.4338      -1.6495
                 -2.5528      -2.3018      -2.0216      -1.7926      -2.5632
   5      0      -2.3611      -1.6072      -2.0626      -2.4407      -1.6566
                 -2.5570      -2.3022      -2.0244      -1.8001      -2.5686
   5     60      -2.3853      -1.6316      -2.0870      -2.4650      -1.6809
                 -2.5813      -2.3267      -2.0488      -1.8244      -2.5929
   5     80      -2.5180      -1.7637      -2.2197      -2.5972      -1.8128
                 -2.7144      -2.4597      -2.1814      -1.9563      -2.7252
   5    100      -2.8160      -2.0599      -2.5174      -2.8941      -2.1088
                 -3.0133      -2.7582      -2.4792      -2.2524      -3.0228
 
 
 cumulative average & 95% error for solvation free energy
              total             1st component         2nd component         3rd component
  1    -3.3230               -0.0125               -0.9523               -2.3581
  2    -3.3374     0.0288    -0.3040     0.5831    -1.0542     0.2038    -1.9791     0.7581
  3    -3.3058     0.0654    -0.2548     0.3507    -1.0435     0.1196    -2.0074     0.4413
  4    -3.2790     0.0709    -0.2722     0.2504    -0.8913     0.3160    -2.1154     0.3795
  5    -3.2493     0.0808    -0.4027     0.3252    -0.8235     0.2799    -2.0230     0.3472
  6    -3.2188     0.0899    -0.3680     0.2744    -0.7390     0.2842    -2.1116     0.3343
  7    -3.2156     0.0763    -0.3645     0.2321    -0.7122     0.2461    -2.1387     0.2877
  8    -3.2340     0.0757    -0.3827     0.2042    -0.7267     0.2151    -2.1245     0.2508
  9    -3.2611     0.0859    -0.4386     0.2121    -0.7339     0.1902    -2.0883     0.2327
 10    -3.2470     0.0818    -0.3929     0.2105    -0.7179     0.1732    -2.1361     0.2290
