 ERmod 0.3.8, Copyright (C) 2000-2019 Nobuyuki Matubayasi
                            2010-2019 Shun Sakuraba
 ERmod comes with ABSOLUTELY NO WARRANTY.
 This is free software, and you can redistribute it
 and/or modify it under certain conditions.
 See LICENSE file for details.
 ERmod 0.3.8, Copyright (C) 2000-2019 Nobuyuki Matubayasi
                            2010-2019 Shun Sakuraba
 ERmod comes with ABSOLUTELY NO WARRANTY.
 This is free software, and you can redistribute it
 and/or modify it under certain conditions.
 See LICENSE file for details.
 
  Number of the   1-th solvent  =        10000
 
  Be sure that the solvent distribution is homogeneous (radial distribution function is essentially unity) when the solvent molecule is separated beyond distance of   10.0 Angstrom in any direction from any atom within the solute molecule
 
  LJ long-range correction    =        -0.5969
 
  Self-energy of the solute   =         0.0001  kcal/mol
 
 
 cumulative average & 95% error for solvation energy
  1   -14.1101
  2   -14.1068     0.0065
  3   -14.1076     0.0041
  4   -14.0963     0.0228
  5   -14.0996     0.0188
  6   -14.0970     0.0162
  7   -14.1024     0.0174
  8   -14.0995     0.0162
  9   -14.1017     0.0149
 10   -14.1010     0.0135
 
 
 group  inft  solvation free energy     error          difference
   1      0          4.66701           0.01387           0.00133
   1     60          4.65849           0.01388          -0.00719
   1     80          4.55961           0.01401          -0.10608
   1    100          4.07200           0.01474          -0.59368
   2      0          4.65857           0.01387          -0.00711
   3      0          4.66568           0.01381           0.00000
   4      0          4.65964           0.01331          -0.00605
   5      0          4.71008           0.01363           0.04440
   5     60          4.69798           0.01365           0.03230
   5     80          4.56710           0.01383          -0.09858
   5    100          4.10683           0.01452          -0.55886
 
 
 group  inft   Estimated free energy (kcal/mol)
   1      0       4.6634       4.6592       4.6541       4.7151       4.6556
                  4.6828       4.6532       4.6847       4.6371       4.6648
   1     60       4.6549       4.6507       4.6456       4.7066       4.6471
                  4.6743       4.6447       4.6762       4.6286       4.6562
   1     80       4.5560       4.5518       4.5466       4.6082       4.5481
                  4.5755       4.5458       4.5774       4.5294       4.5573
   1    100       4.0684       4.0637       4.0584       4.1235       4.0598
                  4.0884       4.0576       4.0905       4.0403       4.0695
   2      0       4.6549       4.6502       4.6442       4.7065       4.6489
                  4.6749       4.6428       4.6762       4.6299       4.6571
   3      0       4.6630       4.6567       4.6508       4.7133       4.6546
                  4.6812       4.6516       4.6838       4.6369       4.6648
   4      0       4.6562       4.6510       4.6462       4.7056       4.6507
                  4.6747       4.6438       4.6763       4.6320       4.6598
   5      0       4.7099       4.7022       4.6970       4.7590       4.6970
                  4.7228       4.6962       4.7258       4.6822       4.7087
   5     60       4.6978       4.6901       4.6849       4.7470       4.6848
                  4.7107       4.6841       4.7137       4.6700       4.6966
   5     80       4.5669       4.5591       4.5538       4.6168       4.5538
                  4.5800       4.5532       4.5829       4.5387       4.5657
   5    100       4.1065       4.0984       4.0930       4.1591       4.0931
                  4.1204       4.0923       4.1232       4.0770       4.1053
 
 
 cumulative average & 95% error for solvation free energy
  1     4.6630
  2     4.6599     0.0063
  3     4.6568     0.0071
  4     4.6710     0.0287
  5     4.6677     0.0232
  6     4.6699     0.0194
  7     4.6673     0.0172
  8     4.6694     0.0155
  9     4.6658     0.0154
 10     4.6657     0.0138
