 ERmod 0.3.8, Copyright (C) 2000-2019 Nobuyuki Matubayasi
                            2010-2019 Shun Sakuraba
 ERmod comes with ABSOLUTELY NO WARRANTY.
 This is free software, and you can redistribute it
 and/or modify it under certain conditions.
 See LICENSE file for details.
 ERmod 0.3.8, Copyright (C) 2000-2019 Nobuyuki Matubayasi
                            2010-2019 Shun Sakuraba
 ERmod comes with ABSOLUTELY NO WARRANTY.
 This is free software, and you can redistribute it
 and/or modify it under certain conditions.
 See LICENSE file for details.
 
  Number of the   1-th solvent  =          180
  Number of the   2-th solvent  =          180
  Number of the   3-th solvent  =        10000
 
  Be sure that the solvent distribution is homogeneous (radial distribution function is essentially unity) when the solvent molecule is separated beyond distance of   10.0 Angstrom in any direction from any atom within the solute molecule
 
  LJ long-range correction    =        -0.0045     -0.0352     -0.5669
 
  Self-energy of the solute   =         0.0001  kcal/mol
 
 
 cumulative average & 95% error for solvation energy
              total             1st component         2nd component         3rd component
  1   -13.9035                0.4581               -1.0164              -13.3453
  2   -13.9395     0.0720     0.4557     0.0048    -0.9763     0.0802   -13.4191     0.1474
  3   -13.9406     0.0416     0.4576     0.0046    -0.9606     0.0559   -13.4376     0.0928
  4   -13.9603     0.0491     0.4519     0.0118    -0.9393     0.0582   -13.4729     0.0965
  5   -13.9591     0.0381     0.4528     0.0093    -0.9369     0.0453   -13.4751     0.0749
  6   -13.9549     0.0323     0.4561     0.0100    -0.9293     0.0400   -13.4818     0.0626
  7   -13.9604     0.0294     0.4489     0.0167    -0.9349     0.0357   -13.4745     0.0548
  8   -13.9533     0.0292     0.4494     0.0145    -0.9401     0.0326   -13.4626     0.0531
  9   -13.9584     0.0277     0.4508     0.0131    -0.9349     0.0306   -13.4744     0.0524
 10   -13.9539     0.0264     0.4489     0.0123    -0.9450     0.0340   -13.4578     0.0574
 
 
 group  inft  solvation free energy     error          difference
  total solvation free energy
   1      0          4.68533           0.01942           0.00261
   1     60          4.66795           0.01946          -0.01477
   1     80          4.51664           0.01986          -0.16608
   1    100          3.91111           0.02148          -0.77161
   2      0          4.67391           0.01972          -0.00881
   3      0          4.68272           0.01943           0.00000
   4      0          4.67382           0.01934          -0.00890
   5      0          4.71630           0.01945           0.03357
   5     60          4.69249           0.01951           0.00977
   5     80          4.49989           0.02001          -0.18283
   5    100          3.93406           0.02145          -0.74866
 
  contribution from  1-th solvent component
   1      0          0.50899           0.01309           0.00290
   1     60          0.50927           0.01311           0.00318
   1     80          0.51186           0.01336           0.00577
   1    100          0.52029           0.01433           0.01420
   2      0          0.50662           0.01292           0.00053
   3      0          0.50609           0.01288           0.00000
   4      0          0.50453           0.01273          -0.00156
   5      0          0.50427           0.01248          -0.00182
   5     60          0.50463           0.01252          -0.00146
   5     80          0.50774           0.01282           0.00165
   5    100          0.51489           0.01370           0.00880
 
  contribution from  2-th solvent component
   1      0         -0.29599           0.01472           0.00442
   1     60         -0.29634           0.01472           0.00406
   1     80         -0.29952           0.01474           0.00088
   1    100         -0.31191           0.01481          -0.01151
   2      0         -0.29917           0.01478           0.00124
   3      0         -0.30040           0.01494           0.00000
   4      0         -0.30157           0.01454          -0.00117
   5      0         -0.30115           0.01431          -0.00075
   5     60         -0.30165           0.01431          -0.00125
   5     80         -0.30579           0.01433          -0.00539
   5    100         -0.31753           0.01438          -0.01713
 
  contribution from  3-th solvent component
   1      0          4.47227           0.02894          -0.00470
   1     60          4.45497           0.02897          -0.02201
   1     80          4.30424           0.02922          -0.17273
   1    100          3.70267           0.03028          -0.77430
   2      0          4.46640           0.02853          -0.01057
   3      0          4.47698           0.02799           0.00000
   4      0          4.47081           0.02804          -0.00617
   5      0          4.51311           0.02842           0.03614
   5     60          4.48945           0.02846           0.01248
   5     80          4.29788           0.02878          -0.17909
   5    100          3.73665           0.02977          -0.74033
 
 
 group  inft   Estimated free energy: total (kcal/mol)
   1      0       4.7277       4.6759       4.6824       4.6427       4.6945
                  4.7124       4.6388       4.7195       4.6631       4.6963
   1     60       4.7104       4.6585       4.6650       4.6252       4.6772
                  4.6952       4.6213       4.7022       4.6456       4.6789
   1     80       4.5598       4.5067       4.5139       4.4729       4.5265
                  4.5448       4.4690       4.5513       4.4940       4.5275
   1    100       3.9571       3.8995       3.9092       3.8636       3.9233
                  3.9428       3.8595       3.9478       3.8868       3.9216
   2      0       4.7183       4.6667       4.6755       4.6289       4.6820
                  4.7004       4.6243       4.7060       4.6546       4.6823
   3      0       4.7241       4.6773       4.6849       4.6373       4.6926
                  4.7076       4.6308       4.7134       4.6674       4.6918
   4      0       4.7164       4.6681       4.6775       4.6280       4.6816
                  4.6967       4.6238       4.7055       4.6573       4.6833
   5      0       4.7605       4.7111       4.7080       4.6727       4.7273
                  4.7415       4.6688       4.7482       4.6966       4.7283
   5     60       4.7368       4.6872       4.6842       4.6487       4.7036
                  4.7178       4.6448       4.7245       4.6728       4.7045
   5     80       4.5450       4.4940       4.4919       4.4550       4.5117
                  4.5264       4.4508       4.5324       4.4797       4.5119
   5    100       3.9816       3.9265       3.9268       3.8859       3.9479
                  3.9638       3.8813       3.9684       3.9123       3.9461
 
 group  inft   Estimated free energy: 1-th solvent contribution (kcal/mol)
   1      0       0.5199       0.5164       0.5179       0.4900       0.5249
                  0.5243       0.4656       0.5117       0.5303       0.4888
   1     60       0.5202       0.5167       0.5182       0.4903       0.5253
                  0.5246       0.4658       0.5120       0.5306       0.4890
   1     80       0.5229       0.5191       0.5210       0.4924       0.5286
                  0.5279       0.4678       0.5144       0.5335       0.4911
   1    100       0.5319       0.5269       0.5304       0.4993       0.5397
                  0.5385       0.4737       0.5221       0.5427       0.4977
   2      0       0.5182       0.5141       0.5161       0.4883       0.5237
                  0.5213       0.4634       0.5081       0.5261       0.4871
   3      0       0.5175       0.5137       0.5147       0.4878       0.5223
                  0.5210       0.4631       0.5086       0.5261       0.4861
   4      0       0.5166       0.5118       0.5124       0.4869       0.5205
                  0.5186       0.4615       0.5066       0.5248       0.4856
   5      0       0.5152       0.5112       0.5117       0.4873       0.5199
                  0.5200       0.4619       0.5064       0.5234       0.4859
   5     60       0.5155       0.5115       0.5120       0.4876       0.5203
                  0.5204       0.4621       0.5068       0.5238       0.4862
   5     80       0.5187       0.5144       0.5154       0.4902       0.5243
                  0.5244       0.4645       0.5096       0.5272       0.4887
   5    100       0.5262       0.5210       0.5234       0.4960       0.5338
                  0.5337       0.4693       0.5160       0.5352       0.4943
 
 group  inft   Estimated free energy: 2-th solvent contribution (kcal/mol)
   1      0      -0.3257      -0.2969      -0.2913      -0.2626      -0.2886
                 -0.2681      -0.3055      -0.3138      -0.2764      -0.3310
   1     60      -0.3261      -0.2972      -0.2917      -0.2629      -0.2889
                 -0.2684      -0.3058      -0.3141      -0.2767      -0.3314
   1     80      -0.3293      -0.3005      -0.2949      -0.2660      -0.2921
                 -0.2716      -0.3090      -0.3173      -0.2799      -0.3346
   1    100      -0.3418      -0.3130      -0.3073      -0.2781      -0.3045
                 -0.2837      -0.3214      -0.3298      -0.2923      -0.3471
   2      0      -0.3288      -0.2988      -0.2950      -0.2664      -0.2919
                 -0.2713      -0.3077      -0.3180      -0.2789      -0.3349
   3      0      -0.3311      -0.2998      -0.2952      -0.2671      -0.2932
                 -0.2728      -0.3110      -0.3191      -0.2792      -0.3353
   4      0      -0.3324      -0.3005      -0.2967      -0.2698      -0.2950
                 -0.2744      -0.3105      -0.3200      -0.2810      -0.3355
   5      0      -0.3308      -0.3006      -0.2969      -0.2691      -0.2940
                 -0.2742      -0.3106      -0.3190      -0.2816      -0.3346
   5     60      -0.3313      -0.3011      -0.2974      -0.2696      -0.2945
                 -0.2747      -0.3111      -0.3195      -0.2821      -0.3351
   5     80      -0.3355      -0.3053      -0.3016      -0.2736      -0.2987
                 -0.2788      -0.3153      -0.3237      -0.2863      -0.3392
   5    100      -0.3473      -0.3171      -0.3134      -0.2852      -0.3104
                 -0.2904      -0.3270      -0.3355      -0.2980      -0.3510
 
 group  inft   Estimated free energy: 3-th solvent contribution (kcal/mol)
   1      0       4.5335       4.4563       4.4558       4.4152       4.4581
                  4.4562       4.4786       4.5215       4.4091       4.5385
   1     60       4.5162       4.4390       4.4385       4.3978       4.4408
                  4.4389       4.4613       4.5043       4.3917       4.5213
   1     80       4.3662       4.2881       4.2877       4.2465       4.2900
                  4.2885       4.3101       4.3542       4.2404       4.3709
   1    100       3.7669       3.6855       3.6860       3.6424       3.6881
                  3.6879       3.7072       3.7555       3.6363       3.7709
   2      0       4.5289       4.4514       4.4544       4.4070       4.4501
                  4.4503       4.4686       4.5158       4.4073       4.5301
   3      0       4.5377       4.4634       4.4654       4.4165       4.4634
                  4.4594       4.4786       4.5238       4.4205       4.5410
   4      0       4.5322       4.4568       4.4617       4.4108       4.4560
                  4.4525       4.4728       4.5189       4.4134       4.5331
   5      0       4.5761       4.5004       4.4932       4.4544       4.5014
                  4.4957       4.5175       4.5607       4.4548       4.5770
   5     60       4.5525       4.4767       4.4695       4.4307       4.4777
                  4.4721       4.4937       4.5372       4.4310       4.5534
   5     80       4.3617       4.2848       4.2780       4.2384       4.2860
                  4.2808       4.3016       4.3465       4.2387       4.3623
   5    100       3.8026       3.7226       3.7168       3.6750       3.7245
                  3.7204       3.7389       3.7879       3.6751       3.8028
 
 
 cumulative average & 95% error for solvation free energy
              total             1st component         2nd component         3rd component
  1     4.7241                0.5175               -0.3311                4.5377
  2     4.7007     0.0468     0.5156     0.0039    -0.3155     0.0313     4.5005     0.0743
  3     4.6954     0.0290     0.5153     0.0023    -0.3087     0.0226     4.4888     0.0489
  4     4.6809     0.0356     0.5084     0.0139    -0.2983     0.0262     4.4707     0.0500
  5     4.6832     0.0280     0.5112     0.0121    -0.2973     0.0204     4.4693     0.0388
  6     4.6873     0.0242     0.5128     0.0104    -0.2932     0.0186     4.4676     0.0319
  7     4.6792     0.0261     0.5057     0.0167    -0.2958     0.0165     4.4692     0.0271
  8     4.6835     0.0242     0.5061     0.0145    -0.2987     0.0154     4.4760     0.0272
  9     4.6817     0.0216     0.5083     0.0135    -0.2965     0.0143     4.4699     0.0270
 10     4.6827     0.0194     0.5061     0.0129    -0.3004     0.0149     4.4770     0.0280
