 ERmod 0.3.8, Copyright (C) 2000-2019 Nobuyuki Matubayasi
                            2010-2019 Shun Sakuraba
 ERmod comes with ABSOLUTELY NO WARRANTY.
 This is free software, and you can redistribute it
 and/or modify it under certain conditions.
 See LICENSE file for details.
 ERmod 0.3.8, Copyright (C) 2000-2019 Nobuyuki Matubayasi
                            2010-2019 Shun Sakuraba
 ERmod comes with ABSOLUTELY NO WARRANTY.
 This is free software, and you can redistribute it
 and/or modify it under certain conditions.
 See LICENSE file for details.
 
  Number of the   1-th solvent  =          180
  Number of the   2-th solvent  =          180
  Number of the   3-th solvent  =        10000
 
  Be sure that the solvent distribution is homogeneous (radial distribution function is essentially unity) when the solvent molecule is separated beyond distance of   10.0 Angstrom in any direction from any atom within the solute molecule
 
  LJ long-range correction    =        -0.0020     -0.0046     -0.1178
 
  Self-energy of the solute   =         0.0000  kcal/mol
 
 
 cumulative average & 95% error for solvation energy
              total             1st component         2nd component         3rd component
  1    -3.5805                0.0154               -0.1293               -3.4665
  2    -3.5812     0.0013     0.0199     0.0091    -0.1260     0.0067    -3.4751     0.0171
  3    -3.5820     0.0017     0.0164     0.0088    -0.1331     0.0148    -3.4652     0.0221
  4    -3.5800     0.0041     0.0173     0.0065    -0.1326     0.0105    -3.4647     0.0157
  5    -3.5810     0.0037     0.0191     0.0062    -0.1269     0.0139    -3.4731     0.0208
  6    -3.5845     0.0078     0.0211     0.0064    -0.1261     0.0115    -3.4795     0.0212
  7    -3.5865     0.0076     0.0211     0.0054    -0.1236     0.0109    -3.4840     0.0200
  8    -3.5874     0.0069     0.0209     0.0047    -0.1232     0.0095    -3.4851     0.0175
  9    -3.5865     0.0063     0.0211     0.0042    -0.1232     0.0084    -3.4844     0.0155
 10    -3.5869     0.0057     0.0205     0.0040    -0.1243     0.0078    -3.4831     0.0141
 
 
 group  inft  solvation free energy     error          difference
  total solvation free energy
   1      0          2.73950           0.00245           0.01968
   1     60          2.72881           0.00246           0.00899
   1     80          2.65781           0.00261          -0.06201
   1    100          2.41914           0.00308          -0.30068
   2      0          2.74442           0.00238           0.02460
   3      0          2.71982           0.00205           0.00000
   4      0          2.78276           0.00207           0.06294
   5      0          2.72202           0.00189           0.00221
   5     60          2.70776           0.00191          -0.01205
   5     80          2.62067           0.00205          -0.09915
   5    100          2.39814           0.00241          -0.32168
 
  contribution from  1-th solvent component
   1      0          0.11402           0.00400           0.00338
   1     60          0.11404           0.00401           0.00340
   1     80          0.11388           0.00415           0.00324
   1    100          0.11208           0.00470           0.00144
   2      0          0.11170           0.00374           0.00106
   3      0          0.11064           0.00356           0.00000
   4      0          0.10946           0.00354          -0.00118
   5      0          0.10970           0.00353          -0.00094
   5     60          0.10969           0.00355          -0.00095
   5     80          0.10927           0.00372          -0.00137
   5    100          0.10715           0.00420          -0.00349
 
  contribution from  2-th solvent component
   1      0          0.04740           0.00535           0.00385
   1     60          0.04725           0.00536           0.00370
   1     80          0.04591           0.00540           0.00235
   1    100          0.04121           0.00555          -0.00234
   2      0          0.04494           0.00528           0.00139
   3      0          0.04355           0.00525           0.00000
   4      0          0.04357           0.00506           0.00001
   5      0          0.04250           0.00510          -0.00105
   5     60          0.04227           0.00511          -0.00128
   5     80          0.04055           0.00515          -0.00300
   5    100          0.03605           0.00525          -0.00750
 
  contribution from  3-th solvent component
   1      0          2.57807           0.00557           0.01245
   1     60          2.56752           0.00557           0.00190
   1     80          2.49802           0.00557          -0.06760
   1    100          2.26584           0.00558          -0.29978
   2      0          2.58778           0.00549           0.02216
   3      0          2.56562           0.00556           0.00000
   4      0          2.62973           0.00565           0.06411
   5      0          2.56982           0.00548           0.00420
   5     60          2.55580           0.00548          -0.00982
   5     80          2.47085           0.00549          -0.09478
   5    100          2.25494           0.00551          -0.31068
 
 
 group  inft   Estimated free energy: total (kcal/mol)
   1      0       2.7316       2.7396       2.7397       2.7401       2.7425
                  2.7424       2.7402       2.7442       2.7407       2.7340
   1     60       2.7208       2.7289       2.7290       2.7294       2.7319
                  2.7318       2.7296       2.7335       2.7299       2.7233
   1     80       2.6494       2.6579       2.6578       2.6582       2.6613
                  2.6614       2.6586       2.6626       2.6589       2.6521
   1    100       2.4095       2.4194       2.4181       2.4189       2.4236
                  2.4247       2.4201       2.4241       2.4203       2.4127
   2      0       2.7378       2.7430       2.7448       2.7422       2.7478
                  2.7472       2.7456       2.7501       2.7459       2.7397
   3      0       2.7128       2.7187       2.7206       2.7190       2.7232
                  2.7221       2.7209       2.7234       2.7207       2.7166
   4      0       2.7764       2.7810       2.7844       2.7814       2.7843
                  2.7843       2.7853       2.7867       2.7851       2.7787
   5      0       2.7155       2.7232       2.7195       2.7239       2.7236
                  2.7242       2.7218       2.7262       2.7219       2.7205
   5     60       2.7012       2.7089       2.7052       2.7096       2.7093
                  2.7100       2.7075       2.7120       2.7076       2.7062
   5     80       2.6137       2.6219       2.6179       2.6222       2.6226
                  2.6236       2.6204       2.6251       2.6204       2.6189
   5    100       2.3903       2.3996       2.3947       2.3989       2.4007
                  2.4028       2.3979       2.4028       2.3977       2.3959
 
 group  inft   Estimated free energy: 1-th solvent contribution (kcal/mol)
   1      0       0.1071       0.1164       0.1105       0.1121       0.1134
                  0.1302       0.1114       0.1138       0.1155       0.1098
   1     60       0.1071       0.1164       0.1105       0.1121       0.1134
                  0.1303       0.1114       0.1138       0.1155       0.1098
   1     80       0.1067       0.1164       0.1102       0.1118       0.1135
                  0.1307       0.1112       0.1137       0.1154       0.1094
   1    100       0.1042       0.1149       0.1077       0.1094       0.1122
                  0.1310       0.1090       0.1121       0.1135       0.1068
   2      0       0.1058       0.1133       0.1085       0.1092       0.1112
                  0.1271       0.1095       0.1115       0.1131       0.1078
   3      0       0.1050       0.1125       0.1078       0.1083       0.1101
                  0.1253       0.1080       0.1105       0.1120       0.1070
   4      0       0.1041       0.1111       0.1066       0.1072       0.1088
                  0.1241       0.1070       0.1094       0.1108       0.1056
   5      0       0.1047       0.1119       0.1070       0.1075       0.1083
                  0.1243       0.1071       0.1099       0.1107       0.1056
   5     60       0.1047       0.1119       0.1070       0.1075       0.1084
                  0.1243       0.1071       0.1099       0.1106       0.1055
   5     80       0.1041       0.1116       0.1063       0.1068       0.1081
                  0.1246       0.1065       0.1096       0.1102       0.1048
   5    100       0.1014       0.1098       0.1037       0.1041       0.1063
                  0.1244       0.1040       0.1077       0.1080       0.1020
 
 group  inft   Estimated free energy: 2-th solvent contribution (kcal/mol)
   1      0       0.0445       0.0475       0.0336       0.0440       0.0620
                  0.0447       0.0594       0.0509       0.0476       0.0399
   1     60       0.0443       0.0473       0.0335       0.0438       0.0619
                  0.0445       0.0593       0.0507       0.0474       0.0397
   1     80       0.0429       0.0460       0.0321       0.0425       0.0607
                  0.0432       0.0581       0.0494       0.0461       0.0383
   1    100       0.0381       0.0412       0.0272       0.0377       0.0565
                  0.0384       0.0538       0.0447       0.0413       0.0334
   2      0       0.0423       0.0447       0.0311       0.0406       0.0593
                  0.0433       0.0566       0.0488       0.0448       0.0379
   3      0       0.0403       0.0437       0.0299       0.0393       0.0578
                  0.0423       0.0556       0.0466       0.0433       0.0367
   4      0       0.0408       0.0437       0.0300       0.0396       0.0573
                  0.0422       0.0547       0.0469       0.0436       0.0369
   5      0       0.0397       0.0423       0.0285       0.0386       0.0563
                  0.0414       0.0536       0.0458       0.0427       0.0361
   5     60       0.0395       0.0421       0.0283       0.0383       0.0561
                  0.0412       0.0534       0.0456       0.0424       0.0358
   5     80       0.0377       0.0404       0.0265       0.0366       0.0546
                  0.0394       0.0517       0.0439       0.0407       0.0341
   5    100       0.0332       0.0358       0.0218       0.0320       0.0504
                  0.0348       0.0475       0.0394       0.0361       0.0294
 
 group  inft   Estimated free energy: 3-th solvent contribution (kcal/mol)
   1      0       2.5801       2.5757       2.5955       2.5841       2.5671
                  2.5675       2.5694       2.5795       2.5775       2.5843
   1     60       2.5695       2.5651       2.5850       2.5735       2.5565
                  2.5569       2.5589       2.5690       2.5670       2.5738
   1     80       2.4998       2.4955       2.5155       2.5040       2.4871
                  2.4875       2.4893       2.4995       2.4975       2.5044
   1    100       2.2671       2.2633       2.2833       2.2719       2.2549
                  2.2552       2.2573       2.2673       2.2655       2.2726
   2      0       2.5898       2.5850       2.6052       2.5923       2.5773
                  2.5768       2.5795       2.5898       2.5880       2.5941
   3      0       2.5674       2.5625       2.5829       2.5714       2.5554
                  2.5546       2.5573       2.5664       2.5654       2.5730
   4      0       2.6316       2.6262       2.6478       2.6345       2.6182
                  2.6180       2.6235       2.6305       2.6307       2.6363
   5      0       2.5711       2.5689       2.5840       2.5778       2.5589
                  2.5585       2.5611       2.5705       2.5686       2.5789
   5     60       2.5570       2.5549       2.5700       2.5638       2.5449
                  2.5445       2.5471       2.5565       2.5545       2.5649
   5     80       2.4719       2.4699       2.4851       2.4788       2.4599
                  2.4596       2.4621       2.4716       2.4695       2.4801
   5    100       2.2557       2.2541       2.2692       2.2627       2.2440
                  2.2435       2.2464       2.2557       2.2536       2.2644
 
 
 cumulative average & 95% error for solvation free energy
              total             1st component         2nd component         3rd component
  1     2.7128                0.1050                0.0403                2.5674
  2     2.7157     0.0060     0.1088     0.0075     0.0420     0.0033     2.5650     0.0049
  3     2.7174     0.0047     0.1084     0.0044     0.0380     0.0083     2.5709     0.0123
  4     2.7178     0.0034     0.1084     0.0031     0.0383     0.0059     2.5711     0.0087
  5     2.7189     0.0034     0.1087     0.0025     0.0422     0.0090     2.5679     0.0092
  6     2.7194     0.0030     0.1115     0.0059     0.0422     0.0074     2.5657     0.0087
  7     2.7196     0.0026     0.1110     0.0051     0.0441     0.0073     2.5645     0.0078
  8     2.7201     0.0024     0.1109     0.0044     0.0444     0.0064     2.5647     0.0067
  9     2.7202     0.0021     0.1110     0.0039     0.0443     0.0056     2.5648     0.0059
 10     2.7198     0.0020     0.1106     0.0036     0.0436     0.0053     2.5656     0.0056
