 ERmod 0.3.8, Copyright (C) 2000-2019 Nobuyuki Matubayasi
                            2010-2019 Shun Sakuraba
 ERmod comes with ABSOLUTELY NO WARRANTY.
 This is free software, and you can redistribute it
 and/or modify it under certain conditions.
 See LICENSE file for details.
 ERmod 0.3.8, Copyright (C) 2000-2019 Nobuyuki Matubayasi
                            2010-2019 Shun Sakuraba
 ERmod comes with ABSOLUTELY NO WARRANTY.
 This is free software, and you can redistribute it
 and/or modify it under certain conditions.
 See LICENSE file for details.
 
  Number of the   1-th solvent  =           90
  Number of the   2-th solvent  =           90
  Number of the   3-th solvent  =        10000
 
  Be sure that the solvent distribution is homogeneous (radial distribution function is essentially unity) when the solvent molecule is separated beyond distance of   10.0 Angstrom in any direction from any atom within the solute molecule
 
  LJ long-range correction    =        -0.0039     -0.0028     -0.3113
 
  Self-energy of the solute   =         0.0000  kcal/mol
 
 
 cumulative average & 95% error for solvation energy
              total             1st component         2nd component         3rd component
  1    -8.1683                0.0660               -0.1453               -8.0891
  2    -8.1546     0.0275     0.0619     0.0082    -0.1466     0.0027    -8.0699     0.0384
  3    -8.1590     0.0182     0.0634     0.0057    -0.1481     0.0033    -8.0744     0.0240
  4    -8.1604     0.0131     0.0667     0.0076    -0.1463     0.0042    -8.0807     0.0212
  5    -8.1556     0.0140     0.0672     0.0060    -0.1469     0.0034    -8.0759     0.0190
  6    -8.1531     0.0124     0.0700     0.0074    -0.1453     0.0042    -8.0778     0.0160
  7    -8.1528     0.0105     0.0729     0.0086    -0.1448     0.0037    -8.0810     0.0149
  8    -8.1525     0.0092     0.0718     0.0078    -0.1453     0.0034    -8.0790     0.0135
  9    -8.1468     0.0140     0.0738     0.0079    -0.1436     0.0045    -8.0769     0.0126
 10    -8.1469     0.0125     0.0737     0.0071    -0.1442     0.0042    -8.0764     0.0113
 
 
 group  inft  solvation free energy     error          difference
  total solvation free energy
   1      0          3.45133           0.01605          -0.00970
   1     60          3.44369           0.01607          -0.01734
   1     80          3.36906           0.01634          -0.09197
   1    100          3.04658           0.01770          -0.41445
   2      0          3.44711           0.01507          -0.01392
   3      0          3.46103           0.01493           0.00000
   4      0          3.46728           0.01501           0.00626
   5      0          3.51977           0.01419           0.05874
   5     60          3.50928           0.01422           0.04825
   5     80          3.41356           0.01457          -0.04747
   5    100          3.11154           0.01583          -0.34949
 
  contribution from  1-th solvent component
   1      0          0.17986           0.00554           0.00274
   1     60          0.17986           0.00555           0.00275
   1     80          0.17984           0.00570           0.00273
   1    100          0.17906           0.00639           0.00194
   2      0          0.17790           0.00521           0.00078
   3      0          0.17711           0.00513           0.00000
   4      0          0.17635           0.00512          -0.00077
   5      0          0.17618           0.00513          -0.00093
   5     60          0.17618           0.00514          -0.00094
   5     80          0.17599           0.00532          -0.00112
   5    100          0.17485           0.00593          -0.00226
 
  contribution from  2-th solvent component
   1      0         -0.11221           0.01095           0.00179
   1     60         -0.11200           0.01096           0.00200
   1     80         -0.11103           0.01114           0.00297
   1    100         -0.10880           0.01198           0.00519
   2      0         -0.11381           0.01003           0.00019
   3      0         -0.11400           0.01000           0.00000
   4      0         -0.11441           0.00978          -0.00041
   5      0         -0.11512           0.00979          -0.00113
   5     60         -0.11486           0.00981          -0.00087
   5     80         -0.11371           0.01004           0.00028
   5    100         -0.11169           0.01085           0.00230
 
  contribution from  3-th solvent component
   1      0          3.38366           0.01115          -0.01423
   1     60          3.37580           0.01116          -0.02209
   1     80          3.30022           0.01129          -0.09767
   1    100          2.97630           0.01192          -0.42159
   2      0          3.38300           0.01071          -0.01489
   3      0          3.39789           0.01063           0.00000
   4      0          3.40533           0.01028           0.00744
   5      0          3.45869           0.00996           0.06080
   5     60          3.44794           0.00997           0.05005
   5     80          3.35126           0.01013          -0.04663
   5    100          3.04835           0.01068          -0.34954
 
 
 group  inft   Estimated free energy: total (kcal/mol)
   1      0       3.4281       3.4633       3.4368       3.4391       3.4580
                  3.4571       3.4320       3.4465       3.5152       3.4373
   1     60       3.4205       3.4557       3.4291       3.4315       3.4503
                  3.4494       3.4243       3.4388       3.5077       3.4296
   1     80       3.3456       3.3810       3.3541       3.3569       3.3755
                  3.3752       3.3496       3.3640       3.4342       3.3544
   1    100       3.0216       3.0584       3.0300       3.0345       3.0521
                  3.0553       3.0267       3.0405       3.1175       3.0292
   2      0       3.4259       3.4578       3.4325       3.4354       3.4539
                  3.4518       3.4294       3.4430       3.5073       3.4340
   3      0       3.4391       3.4713       3.4466       3.4506       3.4685
                  3.4663       3.4434       3.4563       3.5204       3.4479
   4      0       3.4459       3.4764       3.4533       3.4549       3.4743
                  3.4736       3.4506       3.4617       3.5275       3.4546
   5      0       3.4988       3.5299       3.5053       3.5075       3.5239
                  3.5272       3.5011       3.5182       3.5755       3.5102
   5     60       3.4883       3.5194       3.4947       3.4971       3.5134
                  3.5168       3.4906       3.5077       3.5652       3.4997
   5     80       3.3923       3.4237       3.3985       3.4014       3.4174
                  3.4216       3.3948       3.4117       3.4711       3.4033
   5    100       3.0890       3.1216       3.0948       3.0994       3.1142
                  3.1219       3.0925       3.1088       3.1744       3.0988
 
 group  inft   Estimated free energy: 1-th solvent contribution (kcal/mol)
   1      0       0.1748       0.1678       0.1738       0.1801       0.1777
                  0.1884       0.1947       0.1735       0.1914       0.1764
   1     60       0.1748       0.1678       0.1738       0.1801       0.1777
                  0.1884       0.1947       0.1735       0.1914       0.1764
   1     80       0.1746       0.1675       0.1737       0.1801       0.1776
                  0.1888       0.1950       0.1733       0.1917       0.1761
   1    100       0.1733       0.1654       0.1726       0.1793       0.1763
                  0.1897       0.1954       0.1713       0.1928       0.1744
   2      0       0.1735       0.1667       0.1717       0.1781       0.1748
                  0.1867       0.1917       0.1726       0.1885       0.1746
   3      0       0.1732       0.1661       0.1709       0.1772       0.1745
                  0.1857       0.1907       0.1716       0.1876       0.1736
   4      0       0.1728       0.1654       0.1700       0.1759       0.1737
                  0.1852       0.1899       0.1711       0.1867       0.1727
   5      0       0.1727       0.1649       0.1698       0.1760       0.1735
                  0.1849       0.1897       0.1710       0.1865       0.1728
   5     60       0.1727       0.1649       0.1698       0.1760       0.1735
                  0.1850       0.1897       0.1709       0.1866       0.1728
   5     80       0.1724       0.1644       0.1696       0.1758       0.1731
                  0.1852       0.1899       0.1705       0.1868       0.1724
   5    100       0.1708       0.1622       0.1681       0.1746       0.1713
                  0.1856       0.1898       0.1683       0.1873       0.1704
 
 group  inft   Estimated free energy: 2-th solvent contribution (kcal/mol)
   1      0      -0.1161      -0.1148      -0.1172      -0.1143      -0.1251
                 -0.0952      -0.1217      -0.1247      -0.0696      -0.1234
   1     60      -0.1159      -0.1146      -0.1170      -0.1141      -0.1249
                 -0.0950      -0.1215      -0.1245      -0.0693      -0.1232
   1     80      -0.1149      -0.1137      -0.1162      -0.1131      -0.1242
                 -0.0936      -0.1206      -0.1237      -0.0677      -0.1226
   1    100      -0.1125      -0.1115      -0.1150      -0.1107      -0.1235
                 -0.0894      -0.1185      -0.1223      -0.0627      -0.1220
   2      0      -0.1165      -0.1165      -0.1182      -0.1154      -0.1258
                 -0.0989      -0.1223      -0.1258      -0.0746      -0.1242
   3      0      -0.1172      -0.1166      -0.1184      -0.1151      -0.1261
                 -0.0985      -0.1223      -0.1262      -0.0753      -0.1243
   4      0      -0.1171      -0.1170      -0.1186      -0.1156      -0.1262
                 -0.1000      -0.1226      -0.1263      -0.0762      -0.1245
   5      0      -0.1191      -0.1166      -0.1193      -0.1170      -0.1268
                 -0.1006      -0.1244      -0.1266      -0.0768      -0.1241
   5     60      -0.1188      -0.1164      -0.1191      -0.1167      -0.1265
                 -0.1003      -0.1241      -0.1263      -0.0764      -0.1239
   5     80      -0.1176      -0.1152      -0.1182      -0.1156      -0.1258
                 -0.0986      -0.1231      -0.1254      -0.0745      -0.1231
   5    100      -0.1155      -0.1133      -0.1172      -0.1134      -0.1252
                 -0.0947      -0.1212      -0.1242      -0.0697      -0.1226
 
 group  inft   Estimated free energy: 3-th solvent contribution (kcal/mol)
   1      0       3.3694       3.4103       3.3802       3.3733       3.4053
                  3.3638       3.3589       3.3976       3.3934       3.3843
   1     60       3.3615       3.4025       3.3723       3.3655       3.3975
                  3.3559       3.3511       3.3898       3.3855       3.3765
   1     80       3.2857       3.3272       3.2966       3.2899       3.3221
                  3.2801       3.2752       3.3144       3.3102       3.3008
   1    100       2.9608       3.0044       2.9723       2.9658       2.9993
                  2.9550       2.9498       2.9915       2.9873       2.9767
   2      0       3.3688       3.4076       3.3790       3.3726       3.4049
                  3.3640       3.3599       3.3962       3.3934       3.3836
   3      0       3.3830       3.4217       3.3941       3.3886       3.4201
                  3.3790       3.3749       3.4109       3.4081       3.3985
   4      0       3.3901       3.4279       3.4018       3.3946       3.4268
                  3.3883       3.3833       3.4170       3.4170       3.4064
   5      0       3.4452       3.4816       3.4547       3.4485       3.4772
                  3.4428       3.4358       3.4738       3.4658       3.4615
   5     60       3.4344       3.4709       3.4440       3.4378       3.4664
                  3.4320       3.4250       3.4631       3.4550       3.4508
   5     80       3.3375       3.3745       3.3472       3.3412       3.3701
                  3.3350       3.3279       3.3666       3.3587       3.3540
   5    100       3.0337       3.0726       3.0438       3.0382       3.0681
                  3.0310       3.0238       3.0646       3.0568       3.0509
 
 
 cumulative average & 95% error for solvation free energy
              total             1st component         2nd component         3rd component
  1     3.4391                0.1732               -0.1172                3.3830
  2     3.4552     0.0322     0.1697     0.0071    -0.1169     0.0007     3.4024     0.0387
  3     3.4523     0.0195     0.1701     0.0042    -0.1174     0.0011     3.3996     0.0230
  4     3.4519     0.0138     0.1719     0.0046    -0.1168     0.0014     3.3968     0.0172
  5     3.4552     0.0126     0.1724     0.0037    -0.1187     0.0039     3.4015     0.0162
  6     3.4571     0.0109     0.1746     0.0054    -0.1153     0.0074     3.3977     0.0152
  7     3.4551     0.0100     0.1769     0.0065    -0.1163     0.0066     3.3945     0.0144
  8     3.4553     0.0087     0.1762     0.0058    -0.1175     0.0062     3.3965     0.0131
  9     3.4625     0.0164     0.1775     0.0057    -0.1129     0.0109     3.3978     0.0119
 10     3.4610     0.0149     0.1771     0.0051    -0.1140     0.0100     3.3979     0.0106
