 ERmod 0.3.8, Copyright (C) 2000-2019 Nobuyuki Matubayasi
                            2010-2019 Shun Sakuraba
 ERmod comes with ABSOLUTELY NO WARRANTY.
 This is free software, and you can redistribute it
 and/or modify it under certain conditions.
 See LICENSE file for details.
 ERmod 0.3.8, Copyright (C) 2000-2019 Nobuyuki Matubayasi
                            2010-2019 Shun Sakuraba
 ERmod comes with ABSOLUTELY NO WARRANTY.
 This is free software, and you can redistribute it
 and/or modify it under certain conditions.
 See LICENSE file for details.
 
  Number of the   1-th solvent  =          180
  Number of the   2-th solvent  =          180
  Number of the   3-th solvent  =        10000
 
  Be sure that the solvent distribution is homogeneous (radial distribution function is essentially unity) when the solvent molecule is separated beyond distance of   10.0 Angstrom in any direction from any atom within the solute molecule
 
  LJ long-range correction    =        -0.0134     -0.0098     -0.5357
 
  Self-energy of the solute   =        -0.0001  kcal/mol
 
 
 cumulative average & 95% error for solvation energy
              total             1st component         2nd component         3rd component
  1   -24.8582                0.3170               -0.8791              -24.2959
  2   -24.9092     0.1020    -0.3068     1.2476    -0.8234     0.1115   -23.7789     1.0341
  3   -24.8392     0.1519    -0.5922     0.9191    -0.7090     0.2377   -23.5379     0.7673
  4   -24.8668     0.1208    -0.7230     0.7005    -0.6015     0.2728   -23.5422     0.5426
  5   -24.8606     0.0944    -0.6335     0.5714    -0.7484     0.3618   -23.4786     0.4391
  6   -24.8847     0.0909    -0.6620     0.4700    -0.9184     0.4504   -23.3042     0.5003
  7   -24.9088     0.0906    -0.6847     0.3998    -0.9385     0.3828   -23.2854     0.4245
  8   -24.9026     0.0795    -0.6606     0.3496    -0.9616     0.3347   -23.2802     0.3677
  9   -24.8742     0.0901    -0.7755     0.3845    -0.9022     0.3183   -23.1964     0.3650
 10   -24.8721     0.0807    -0.7363     0.3527    -0.9166     0.2861   -23.2190     0.3296
 
 
 group  inft  solvation free energy     error          difference
  total solvation free energy
   1      0         -1.51119           0.13156          -0.00175
   1     60         -1.52688           0.13157          -0.01743
   1     80         -1.68185           0.13176          -0.17241
   1    100         -2.34969           0.13263          -0.84024
   2      0         -1.50778           0.13160           0.00167
   3      0         -1.50944           0.12959           0.00000
   4      0         -1.50472           0.13187           0.00473
   5      0         -1.49860           0.12625           0.01084
   5     60         -1.52022           0.12627          -0.01078
   5     80         -1.71892           0.12649          -0.20948
   5    100         -2.33890           0.12718          -0.82945
 
  contribution from  1-th solvent component
   1      0          0.03130           0.18724           0.00017
   1     60          0.03108           0.18724          -0.00005
   1     80          0.02861           0.18730          -0.00253
   1    100          0.01690           0.18760          -0.01423
   2      0          0.03053           0.18405          -0.00060
   3      0          0.03113           0.18249           0.00000
   4      0          0.02891           0.18190          -0.00222
   5      0          0.03240           0.18062           0.00127
   5     60          0.03208           0.18062           0.00094
   5     80          0.02884           0.18066          -0.00230
   5    100          0.01778           0.18081          -0.01335
 
  contribution from  2-th solvent component
   1      0         -0.63964           0.16524          -0.00524
   1     60         -0.63925           0.16524          -0.00486
   1     80         -0.63728           0.16534          -0.00289
   1    100         -0.63424           0.16585           0.00015
   2      0         -0.63378           0.16582           0.00061
   3      0         -0.63439           0.16517           0.00000
   4      0         -0.63442           0.16557          -0.00003
   5      0         -0.63307           0.16469           0.00132
   5     60         -0.63259           0.16470           0.00180
   5     80         -0.63054           0.16483           0.00385
   5    100         -0.62863           0.16531           0.00576
 
  contribution from  3-th solvent component
   1      0         -0.90272           0.16511           0.00333
   1     60         -0.91857           0.16514          -0.01252
   1     80         -1.07305           0.16533          -0.16700
   1    100         -1.73222           0.16624          -0.82617
   2      0         -0.90439           0.16477           0.00166
   3      0         -0.90605           0.16506           0.00000
   4      0         -0.89907           0.16441           0.00698
   5      0         -0.89779           0.16514           0.00826
   5     60         -0.91957           0.16517          -0.01352
   5     80         -1.11709           0.16542          -0.21103
   5    100         -1.72792           0.16630          -0.82186
 
 
 group  inft   Estimated free energy: total (kcal/mol)
   1      0      -1.2582      -1.5870      -1.2499      -1.7367      -1.4843
                 -1.6696      -1.8635      -1.5417      -1.3144      -1.4066
   1     60      -1.2739      -1.6027      -1.2655      -1.7524      -1.4999
                 -1.6854      -1.8792      -1.5574      -1.3300      -1.4223
   1     80      -1.4283      -1.7581      -1.4202      -1.9078      -1.6547
                 -1.8404      -2.0345      -1.7126      -1.4843      -1.5776
   1    100      -2.0940      -2.4271      -2.0865      -2.5780      -2.3218
                 -2.5074      -2.7042      -2.3817      -2.1495      -2.2466
   2      0      -1.2610      -1.5795      -1.2416      -1.7331      -1.4745
                 -1.6646      -1.8627      -1.5429      -1.3097      -1.4082
   3      0      -1.2750      -1.5851      -1.2401      -1.7314      -1.4770
                 -1.6662      -1.8580      -1.5317      -1.3104      -1.4195
   4      0      -1.2628      -1.5787      -1.2318      -1.7260      -1.4677
                 -1.6655      -1.8610      -1.5364      -1.3040      -1.4133
   5      0      -1.2761      -1.5695      -1.2313      -1.7110      -1.4646
                 -1.6487      -1.8400      -1.5291      -1.2997      -1.4159
   5     60      -1.2978      -1.5912      -1.2529      -1.7326      -1.4862
                 -1.6703      -1.8617      -1.5507      -1.3212      -1.4376
   5     80      -1.4960      -1.7905      -1.4511      -1.9318      -1.6847
                 -1.8690      -2.0607      -1.7497      -1.5191      -1.6367
   5    100      -2.1146      -2.4119      -2.0693      -2.5537      -2.3039
                 -2.4877      -2.6820      -2.3708      -2.1367      -2.2582
 
 group  inft   Estimated free energy: 1-th solvent contribution (kcal/mol)
   1      0       0.6818      -0.0609      -0.1257      -0.2044       0.2539
                 -0.0865      -0.1087       0.1359      -0.3649       0.1924
   1     60       0.6816      -0.0611      -0.1259      -0.2046       0.2537
                 -0.0867      -0.1089       0.1356      -0.3651       0.1922
   1     80       0.6795      -0.0636      -0.1286      -0.2071       0.2511
                 -0.0892      -0.1114       0.1331      -0.3677       0.1899
   1    100       0.6694      -0.0752      -0.1409      -0.2187       0.2389
                 -0.1010      -0.1234       0.1213      -0.3798       0.1783
   2      0       0.6646      -0.0582      -0.1225      -0.2055       0.2590
                 -0.0862      -0.1079       0.1367      -0.3603       0.1857
   3      0       0.6565      -0.0581      -0.1213      -0.2026       0.2635
                 -0.0837      -0.1057       0.1358      -0.3585       0.1854
   4      0       0.6495      -0.0579      -0.1200      -0.2081       0.2605
                 -0.0921      -0.1129       0.1389      -0.3559       0.1870
   5      0       0.6478      -0.0545      -0.1223      -0.1995       0.2659
                 -0.0804      -0.1019       0.1387      -0.3551       0.1852
   5     60       0.6475      -0.0548      -0.1227      -0.1998       0.2655
                 -0.0807      -0.1022       0.1384      -0.3554       0.1849
   5     80       0.6445      -0.0580      -0.1260      -0.2030       0.2621
                 -0.0839      -0.1055       0.1351      -0.3588       0.1818
   5    100       0.6343      -0.0689      -0.1375      -0.2139       0.2508
                 -0.0949      -0.1166       0.1240      -0.3701       0.1708
 
 group  inft   Estimated free energy: 2-th solvent contribution (kcal/mol)
   1      0      -0.5093      -0.6170      -0.2690      -0.4544      -0.8354
                 -1.1223      -0.8799      -0.7566      -0.3557      -0.5967
   1     60      -0.5089      -0.6167      -0.2686      -0.4541      -0.8350
                 -1.1220      -0.8795      -0.7562      -0.3553      -0.5963
   1     80      -0.5062      -0.6148      -0.2665      -0.4524      -0.8330
                 -1.1204      -0.8778      -0.7543      -0.3533      -0.5941
   1    100      -0.5008      -0.6124      -0.2623      -0.4508      -0.8298
                 -1.1191      -0.8759      -0.7517      -0.3495      -0.5902
   2      0      -0.4960      -0.6122      -0.2615      -0.4454      -0.8295
                 -1.1149      -0.8796      -0.7552      -0.3541      -0.5893
   3      0      -0.4985      -0.6144      -0.2622      -0.4469      -0.8325
                 -1.1179      -0.8737      -0.7437      -0.3556      -0.5985
   4      0      -0.4894      -0.6169      -0.2597      -0.4422      -0.8297
                 -1.1137      -0.8765      -0.7558      -0.3590      -0.6014
   5      0      -0.4960      -0.6125      -0.2590      -0.4433      -0.8303
                 -1.1118      -0.8670      -0.7526      -0.3554      -0.6027
   5     60      -0.4954      -0.6120      -0.2585      -0.4429      -0.8298
                 -1.1113      -0.8666      -0.7522      -0.3549      -0.6022
   5     80      -0.4925      -0.6102      -0.2562      -0.4412      -0.8277
                 -1.1098      -0.8648      -0.7502      -0.3528      -0.5999
   5    100      -0.4883      -0.6090      -0.2530      -0.4403      -0.8258
                 -1.1094      -0.8639      -0.7487      -0.3504      -0.5975
 
 group  inft   Estimated free energy: 3-th solvent contribution (kcal/mol)
   1      0      -1.4305      -0.9089      -0.8550      -1.0777      -0.9027
                 -0.4607      -0.8748      -0.9208      -0.5937      -1.0022
   1     60      -1.4465      -0.9247      -0.8709      -1.0936      -0.9185
                 -0.4766      -0.8907      -0.9367      -0.6094      -1.0182
   1     80      -1.6015      -1.0795      -1.0250      -1.2481      -1.0727
                 -0.6307      -1.0451      -1.0912      -0.7633      -1.1732
   1    100      -2.2626      -1.7394      -1.6832      -1.9084      -1.7308
                 -1.2872      -1.7048      -1.7512      -1.4201      -1.8346
   2      0      -1.4294      -0.9089      -0.8575      -1.0821      -0.9038
                 -0.4634      -0.8751      -0.9242      -0.5951      -1.0045
   3      0      -1.4329      -0.9124      -0.8565      -1.0819      -0.9078
                 -0.4645      -0.8785      -0.9236      -0.5963      -1.0063
   4      0      -1.4228      -0.9038      -0.8520      -1.0755      -0.8984
                 -0.4595      -0.8715      -0.9193      -0.5889      -0.9989
   5      0      -1.4279      -0.9024      -0.8499      -1.0681      -0.9000
                 -0.4564      -0.8710      -0.9150      -0.5890      -0.9983
   5     60      -1.4498      -0.9243      -0.8716      -1.0898      -0.9217
                 -0.4781      -0.8928      -0.9368      -0.6107      -1.0202
   5     80      -1.6479      -1.1222      -1.0687      -1.2875      -1.1189
                 -0.6751      -1.0903      -1.1344      -0.8074      -1.2184
   5    100      -2.2605      -1.7338      -1.6787      -1.8994      -1.7288
                 -1.2832      -1.7014      -1.7460      -1.4161      -1.8313
 
 
 cumulative average & 95% error for solvation free energy
              total             1st component         2nd component         3rd component
  1    -1.2750                0.6565               -0.4985               -1.4329
  2    -1.4300     0.3101     0.2992     0.7146    -0.5565     0.1159    -1.1726     0.5204
  3    -1.3667     0.2193     0.1590     0.4988    -0.4584     0.2073    -1.0673     0.3670
  4    -1.4579     0.2394     0.0686     0.3963    -0.4555     0.1467    -1.0709     0.2596
  5    -1.4617     0.1856     0.1076     0.3167    -0.5309     0.1888    -1.0383     0.2114
  6    -1.4958     0.1662     0.0757     0.2664    -0.6287     0.2491    -0.9426     0.2577
  7    -1.5475     0.1744     0.0498     0.2310    -0.6637     0.2219    -0.9335     0.2185
  8    -1.5456     0.1511     0.0605     0.2012    -0.6737     0.1932    -0.9322     0.1893
  9    -1.5194     0.1432     0.0140     0.2004    -0.6384     0.1845    -0.8949     0.1829
 10    -1.5094     0.1296     0.0311     0.1825    -0.6344     0.1652    -0.9061     0.1651
