 ERmod 0.3.8, Copyright (C) 2000-2019 Nobuyuki Matubayasi
                            2010-2019 Shun Sakuraba
 ERmod comes with ABSOLUTELY NO WARRANTY.
 This is free software, and you can redistribute it
 and/or modify it under certain conditions.
 See LICENSE file for details.
 ERmod 0.3.8, Copyright (C) 2000-2019 Nobuyuki Matubayasi
                            2010-2019 Shun Sakuraba
 ERmod comes with ABSOLUTELY NO WARRANTY.
 This is free software, and you can redistribute it
 and/or modify it under certain conditions.
 See LICENSE file for details.
 
  Number of the   1-th solvent  =           90
  Number of the   2-th solvent  =           90
  Number of the   3-th solvent  =        10000
 
  Be sure that the solvent distribution is homogeneous (radial distribution function is essentially unity) when the solvent molecule is separated beyond distance of   10.0 Angstrom in any direction from any atom within the solute molecule
 
  LJ long-range correction    =        -0.0015     -0.0011     -0.1216
 
  Self-energy of the solute   =         0.0000  kcal/mol
 
 
 cumulative average & 95% error for solvation energy
              total             1st component         2nd component         3rd component
  1    -3.6229                0.0055               -0.0467               -3.5817
  2    -3.6180     0.0099     0.0044     0.0022    -0.0437     0.0060    -3.5787     0.0061
  3    -3.6124     0.0126     0.0076     0.0065    -0.0403     0.0077    -3.5797     0.0041
  4    -3.6123     0.0089     0.0068     0.0048    -0.0419     0.0063    -3.5773     0.0056
  5    -3.6134     0.0072     0.0063     0.0039    -0.0412     0.0051    -3.5785     0.0050
  6    -3.6116     0.0069     0.0069     0.0034    -0.0407     0.0043    -3.5777     0.0043
  7    -3.6097     0.0069     0.0057     0.0037    -0.0400     0.0039    -3.5753     0.0060
  8    -3.6094     0.0060     0.0059     0.0033    -0.0406     0.0035    -3.5748     0.0053
  9    -3.6080     0.0060     0.0060     0.0029    -0.0411     0.0033    -3.5729     0.0060
 10    -3.6074     0.0055     0.0059     0.0026    -0.0416     0.0031    -3.5717     0.0059
 
 
 group  inft  solvation free energy     error          difference
  total solvation free energy
   1      0          2.70648           0.01133           0.01793
   1     60          2.69644           0.01137           0.00789
   1     80          2.62877           0.01176          -0.05978
   1    100          2.40022           0.01311          -0.28834
   2      0          2.71216           0.01053           0.02360
   3      0          2.68856           0.01066           0.00000
   4      0          2.75191           0.00962           0.06335
   5      0          2.69177           0.01015           0.00322
   5     60          2.67841           0.01022          -0.01014
   5     80          2.59548           0.01066          -0.09307
   5    100          2.38269           0.01187          -0.30586
 
  contribution from  1-th solvent component
   1      0          0.07151           0.00310           0.00282
   1     60          0.07150           0.00311           0.00281
   1     80          0.07140           0.00325           0.00271
   1    100          0.07055           0.00374           0.00186
   2      0          0.06940           0.00263           0.00071
   3      0          0.06869           0.00265           0.00000
   4      0          0.06776           0.00256          -0.00093
   5      0          0.06782           0.00257          -0.00087
   5     60          0.06779           0.00259          -0.00090
   5     80          0.06749           0.00274          -0.00120
   5    100          0.06632           0.00314          -0.00237
 
  contribution from  2-th solvent component
   1      0         -0.01404           0.00708           0.00253
   1     60         -0.01381           0.00710           0.00276
   1     80         -0.01309           0.00728           0.00348
   1    100         -0.01155           0.00796           0.00502
   2      0         -0.01584           0.00626           0.00073
   3      0         -0.01657           0.00583           0.00000
   4      0         -0.01666           0.00555          -0.00009
   5      0         -0.01724           0.00533          -0.00067
   5     60         -0.01698           0.00536          -0.00041
   5     80         -0.01617           0.00557           0.00040
   5    100         -0.01485           0.00621           0.00172
 
  contribution from  3-th solvent component
   1      0          2.64901           0.00755           0.01257
   1     60          2.63875           0.00757           0.00232
   1     80          2.57047           0.00777          -0.06597
   1    100          2.34122           0.00848          -0.29522
   2      0          2.65860           0.00745           0.02216
   3      0          2.63643           0.00791           0.00000
   4      0          2.70080           0.00682           0.06437
   5      0          2.64120           0.00744           0.00476
   5     60          2.62760           0.00747          -0.00884
   5     80          2.54417           0.00771          -0.09226
   5    100          2.33121           0.00835          -0.30522
 
 
 group  inft   Estimated free energy: total (kcal/mol)
   1      0       2.6766       2.7044       2.7359       2.6996       2.6932
                  2.7132       2.7295       2.7111       2.7115       2.6898
   1     60       2.6665       2.6944       2.7260       2.6895       2.6831
                  2.7032       2.7196       2.7011       2.7015       2.6797
   1     80       2.5979       2.6267       2.6596       2.6215       2.6152
                  2.6359       2.6524       2.6335       2.6339       2.6112
   1    100       2.3659       2.3982       2.4353       2.3921       2.3859
                  2.4091       2.4255       2.4052       2.4052       2.3798
   2      0       2.6831       2.7105       2.7365       2.7044       2.6997
                  2.7180       2.7344       2.7199       2.7178       2.6973
   3      0       2.6579       2.6861       2.7112       2.6815       2.6749
                  2.6943       2.7117       2.6961       2.6965       2.6754
   4      0       2.7248       2.7512       2.7740       2.7443       2.7402
                  2.7556       2.7716       2.7585       2.7596       2.7393
   5      0       2.6625       2.6876       2.7138       2.6832       2.6821
                  2.6960       2.7144       2.6981       2.7006       2.6795
   5     60       2.6490       2.6742       2.7006       2.6697       2.6687
                  2.6827       2.7011       2.6847       2.6873       2.6660
   5     80       2.5649       2.5913       2.6192       2.5864       2.5854
                  2.6003       2.6188       2.6019       2.6043       2.5822
   5    100       2.3490       2.3787       2.4105       2.3725       2.3720
                  2.3891       2.4076       2.3892       2.3914       2.3670
 
 group  inft   Estimated free energy: 1-th solvent contribution (kcal/mol)
   1      0       0.0701       0.0683       0.0811       0.0702       0.0675
                  0.0749       0.0641       0.0731       0.0761       0.0697
   1     60       0.0701       0.0683       0.0811       0.0701       0.0674
                  0.0749       0.0641       0.0731       0.0761       0.0697
   1     80       0.0699       0.0680       0.0816       0.0699       0.0672
                  0.0750       0.0638       0.0731       0.0761       0.0694
   1    100       0.0687       0.0666       0.0829       0.0687       0.0660
                  0.0747       0.0622       0.0723       0.0754       0.0681
   2      0       0.0675       0.0671       0.0770       0.0683       0.0661
                  0.0725       0.0626       0.0712       0.0735       0.0683
   3      0       0.0669       0.0666       0.0761       0.0684       0.0650
                  0.0714       0.0616       0.0701       0.0733       0.0675
   4      0       0.0660       0.0657       0.0755       0.0671       0.0641
                  0.0701       0.0614       0.0695       0.0717       0.0665
   5      0       0.0661       0.0656       0.0754       0.0673       0.0645
                  0.0705       0.0612       0.0692       0.0720       0.0664
   5     60       0.0661       0.0655       0.0754       0.0673       0.0644
                  0.0705       0.0612       0.0691       0.0720       0.0664
   5     80       0.0657       0.0650       0.0758       0.0669       0.0640
                  0.0704       0.0607       0.0689       0.0717       0.0659
   5    100       0.0642       0.0634       0.0765       0.0654       0.0625
                  0.0695       0.0589       0.0678       0.0707       0.0644
 
 group  inft   Estimated free energy: 2-th solvent contribution (kcal/mol)
   1      0      -0.0223      -0.0125       0.0095      -0.0212      -0.0096
                 -0.0111      -0.0020      -0.0248      -0.0235      -0.0228
   1     60      -0.0221      -0.0123       0.0098      -0.0210      -0.0093
                 -0.0109      -0.0018      -0.0246      -0.0233      -0.0226
   1     80      -0.0216      -0.0114       0.0109      -0.0204      -0.0084
                 -0.0100      -0.0008      -0.0242      -0.0228      -0.0222
   1    100      -0.0209      -0.0093       0.0141      -0.0194      -0.0060
                 -0.0076       0.0019      -0.0241      -0.0225      -0.0218
   2      0      -0.0231      -0.0147       0.0049      -0.0224      -0.0122
                 -0.0134      -0.0048      -0.0246      -0.0244      -0.0238
   3      0      -0.0234      -0.0157       0.0024      -0.0230      -0.0131
                 -0.0145      -0.0056      -0.0248      -0.0243      -0.0237
   4      0      -0.0232      -0.0155       0.0016      -0.0229      -0.0135
                 -0.0150      -0.0063      -0.0243      -0.0239      -0.0235
   5      0      -0.0234      -0.0165       0.0002      -0.0239      -0.0137
                 -0.0159      -0.0072      -0.0247      -0.0238      -0.0235
   5     60      -0.0231      -0.0163       0.0005      -0.0236      -0.0134
                 -0.0156      -0.0069      -0.0245      -0.0236      -0.0233
   5     80      -0.0226      -0.0153       0.0019      -0.0231      -0.0124
                 -0.0146      -0.0057      -0.0241      -0.0231      -0.0228
   5    100      -0.0221      -0.0134       0.0049      -0.0224      -0.0101
                 -0.0125      -0.0034      -0.0242      -0.0228      -0.0225
 
 group  inft   Estimated free energy: 3-th solvent contribution (kcal/mol)
   1      0       2.6288       2.6486       2.6453       2.6506       2.6353
                  2.6494       2.6675       2.6628       2.6589       2.6429
   1     60       2.6184       2.6384       2.6351       2.6403       2.6250
                  2.6392       2.6573       2.6526       2.6487       2.6326
   1     80       2.5495       2.5701       2.5670       2.5720       2.5564
                  2.5710       2.5894       2.5847       2.5806       2.5639
   1    100       2.3182       2.3408       2.3383       2.3428       2.3259
                  2.3420       2.3615       2.3570       2.3523       2.3335
   2      0       2.6387       2.6581       2.6546       2.6586       2.6458
                  2.6589       2.6766       2.6732       2.6687       2.6528
   3      0       2.6144       2.6352       2.6326       2.6361       2.6230
                  2.6374       2.6557       2.6508       2.6475       2.6316
   4      0       2.6819       2.7010       2.6969       2.7001       2.6896
                  2.7004       2.7166       2.7133       2.7119       2.6964
   5      0       2.6198       2.6386       2.6382       2.6397       2.6313
                  2.6414       2.6603       2.6536       2.6524       2.6366
   5     60       2.6060       2.6250       2.6246       2.6261       2.6177
                  2.6278       2.6468       2.6401       2.6389       2.6229
   5     80       2.5219       2.5416       2.5415       2.5426       2.5338
                  2.5446       2.5639       2.5572       2.5557       2.5391
   5    100       2.3069       2.3286       2.3292       2.3295       2.3196
                  2.3321       2.3521       2.3455       2.3436       2.3251
 
 
 cumulative average & 95% error for solvation free energy
              total             1st component         2nd component         3rd component
  1     2.6579                0.0669               -0.0234                2.6144
  2     2.6720     0.0282     0.0667     0.0004    -0.0196     0.0078     2.6248     0.0208
  3     2.6850     0.0308     0.0699     0.0062    -0.0122     0.0153     2.6274     0.0131
  4     2.6842     0.0218     0.0695     0.0045    -0.0149     0.0121     2.6296     0.0103
  5     2.6823     0.0173     0.0686     0.0039    -0.0146     0.0094     2.6283     0.0084
  6     2.6843     0.0147     0.0691     0.0033    -0.0145     0.0077     2.6298     0.0075
  7     2.6882     0.0147     0.0680     0.0035    -0.0133     0.0070     2.6335     0.0097
  8     2.6892     0.0129     0.0683     0.0031    -0.0147     0.0067     2.6356     0.0095
  9     2.6900     0.0115     0.0688     0.0029    -0.0158     0.0063     2.6370     0.0088
 10     2.6886     0.0107     0.0687     0.0026    -0.0166     0.0058     2.6364     0.0079
