 ERmod 0.3.8, Copyright (C) 2000-2019 Nobuyuki Matubayasi
                            2010-2019 Shun Sakuraba
 ERmod comes with ABSOLUTELY NO WARRANTY.
 This is free software, and you can redistribute it
 and/or modify it under certain conditions.
 See LICENSE file for details.
 ERmod 0.3.8, Copyright (C) 2000-2019 Nobuyuki Matubayasi
                            2010-2019 Shun Sakuraba
 ERmod comes with ABSOLUTELY NO WARRANTY.
 This is free software, and you can redistribute it
 and/or modify it under certain conditions.
 See LICENSE file for details.
 
  Number of the   1-th solvent  =          180
  Number of the   2-th solvent  =          180
  Number of the   3-th solvent  =        10000
 
  Be sure that the solvent distribution is homogeneous (radial distribution function is essentially unity) when the solvent molecule is separated beyond distance of   10.0 Angstrom in any direction from any atom within the solute molecule
 
  LJ long-range correction    =        -0.0103     -0.0256     -0.4126
 
  Self-energy of the solute   =        -0.0001  kcal/mol
 
 
 cumulative average & 95% error for solvation energy
              total             1st component         2nd component         3rd component
  1   -22.1336               -0.4248               -1.1114              -20.5973
  2   -22.1500     0.0327    -0.6293     0.4090    -0.9126     0.3977   -20.6080     0.0214
  3   -22.1806     0.0640    -0.4735     0.3910    -0.9657     0.2530   -20.7413     0.2669
  4   -22.1766     0.0460    -0.4964     0.2802    -1.1488     0.4076   -20.5313     0.4605
  5   -22.1937     0.0494    -0.5338     0.2296    -1.2531     0.3784   -20.4067     0.4351
  6   -22.1882     0.0418    -0.5989     0.2282    -1.3010     0.3235   -20.2882     0.4270
  7   -22.1924     0.0363    -0.5855     0.1947    -1.3086     0.2738   -20.2982     0.3615
  8   -22.1957     0.0321    -0.5371     0.1944    -1.3529     0.2532   -20.3056     0.3134
  9   -22.2026     0.0316    -0.5621     0.1786    -1.3137     0.2367   -20.3268     0.2796
 10   -22.2097     0.0316    -0.5187     0.1818    -1.3029     0.2128   -20.3880     0.2785
 
 
 group  inft  solvation free energy     error          difference
  total solvation free energy
   1      0         -2.33868           0.04248          -0.00650
   1     60         -2.35992           0.04246          -0.02774
   1     80         -2.53044           0.04231          -0.19826
   1    100         -3.13332           0.04186          -0.80114
   2      0         -2.33537           0.04060          -0.00319
   3      0         -2.33218           0.04143           0.00000
   4      0         -2.32566           0.04106           0.00652
   5      0         -2.32498           0.04001           0.00720
   5     60         -2.35361           0.03999          -0.02142
   5     80         -2.56511           0.03984          -0.23292
   5    100         -3.11992           0.03952          -0.78774
 
  contribution from  1-th solvent component
   1      0          0.05683           0.10385          -0.00081
   1     60          0.05659           0.10386          -0.00105
   1     80          0.05446           0.10393          -0.00317
   1    100          0.04546           0.10424          -0.01218
   2      0          0.05671           0.10006          -0.00093
   3      0          0.05763           0.09853           0.00000
   4      0          0.05791           0.09763           0.00027
   5      0          0.05854           0.09746           0.00091
   5     60          0.05821           0.09746           0.00057
   5     80          0.05537           0.09751          -0.00227
   5    100          0.04679           0.09767          -0.01085
 
  contribution from  2-th solvent component
   1      0         -0.53769           0.10624          -0.00976
   1     60         -0.53830           0.10624          -0.01036
   1     80         -0.54302           0.10624          -0.01508
   1    100         -0.55927           0.10621          -0.03133
   2      0         -0.53201           0.10532          -0.00407
   3      0         -0.52794           0.10606           0.00000
   4      0         -0.52769           0.10493           0.00024
   5      0         -0.52554           0.10452           0.00240
   5     60         -0.52635           0.10452           0.00158
   5     80         -0.53220           0.10451          -0.00427
   5    100         -0.54709           0.10448          -0.01915
 
  contribution from  3-th solvent component
   1      0         -1.85776           0.12565           0.00407
   1     60         -1.87816           0.12569          -0.01633
   1     80         -2.04184           0.12595          -0.18001
   1    100         -2.61946           0.12678          -0.75763
   2      0         -1.86002           0.12555           0.00181
   3      0         -1.86183           0.12548           0.00000
   4      0         -1.85582           0.12502           0.00601
   5      0         -1.85793           0.12513           0.00390
   5     60         -1.88541           0.12517          -0.02358
   5     80         -2.08822           0.12548          -0.22639
   5    100         -2.61957           0.12623          -0.75774
 
 
 group  inft   Estimated free energy: total (kcal/mol)
   1      0      -2.3654      -2.3381      -2.3463      -2.3446      -2.4993
                 -2.3271      -2.3518      -2.2794      -2.2657      -2.2691
   1     60      -2.3867      -2.3594      -2.3676      -2.3658      -2.5205
                 -2.3482      -2.3730      -2.3006      -2.2870      -2.2904
   1     80      -2.5570      -2.5304      -2.5383      -2.5360      -2.6905
                 -2.5181      -2.5437      -2.4710      -2.4579      -2.4616
   1    100      -3.1592      -3.1357      -3.1422      -3.1377      -3.2915
                 -3.1193      -3.1466      -3.0734      -3.0616      -3.0659
   2      0      -2.3561      -2.3451      -2.3563      -2.3370      -2.4866
                 -2.3171      -2.3442      -2.2808      -2.2622      -2.2683
   3      0      -2.3461      -2.3406      -2.3618      -2.3256      -2.4894
                 -2.3115      -2.3386      -2.2842      -2.2545      -2.2695
   4      0      -2.3389      -2.3374      -2.3593      -2.3196      -2.4773
                 -2.3060      -2.3353      -2.2764      -2.2467      -2.2598
   5      0      -2.3391      -2.3365      -2.3591      -2.3205      -2.4719
                 -2.2997      -2.3346      -2.2788      -2.2448      -2.2648
   5     60      -2.3677      -2.3652      -2.3878      -2.3491      -2.5004
                 -2.3282      -2.3633      -2.3074      -2.2735      -2.2935
   5     80      -2.5789      -2.5773      -2.5998      -2.5601      -2.7111
                 -2.5389      -2.5750      -2.5187      -2.4853      -2.5058
   5    100      -3.1333      -3.1343      -3.1559      -3.1137      -3.2640
                 -3.0921      -3.1299      -3.0733      -3.0407      -3.0621
 
 group  inft   Estimated free energy: 1-th solvent contribution (kcal/mol)
   1      0       0.0306      -0.1069       0.2599       0.0185      -0.1074
                 -0.1371       0.0910       0.2739      -0.0365       0.2824
   1     60       0.0304      -0.1071       0.2597       0.0182      -0.1077
                 -0.1373       0.0907       0.2736      -0.0368       0.2821
   1     80       0.0281      -0.1093       0.2579       0.0160      -0.1099
                 -0.1396       0.0886       0.2716      -0.0389       0.2802
   1    100       0.0185      -0.1188       0.2498       0.0066      -0.1192
                 -0.1490       0.0799       0.2631      -0.0481       0.2718
   2      0       0.0354      -0.1097       0.2446       0.0235      -0.1005
                 -0.1292       0.0940       0.2679      -0.0333       0.2744
   3      0       0.0375      -0.1086       0.2409       0.0334      -0.1008
                 -0.1265       0.0963       0.2638      -0.0305       0.2708
   4      0       0.0404      -0.1089       0.2354       0.0312      -0.0983
                 -0.1234       0.0938       0.2643      -0.0271       0.2718
   5      0       0.0434      -0.1091       0.2360       0.0326      -0.0965
                 -0.1219       0.0939       0.2683      -0.0289       0.2677
   5     60       0.0430      -0.1094       0.2357       0.0322      -0.0968
                 -0.1222       0.0935       0.2680      -0.0292       0.2673
   5     80       0.0401      -0.1123       0.2330       0.0293      -0.0997
                 -0.1252       0.0907       0.2652      -0.0320       0.2646
   5    100       0.0311      -0.1213       0.2249       0.0206      -0.1084
                 -0.1339       0.0824       0.2569      -0.0406       0.2563
 
 group  inft   Estimated free energy: 2-th solvent contribution (kcal/mol)
   1      0      -0.4361      -0.2623      -0.4521      -0.7248      -0.7727
                 -0.6249      -0.5983      -0.6839      -0.3591      -0.4627
   1     60      -0.4367      -0.2629      -0.4527      -0.7254      -0.7733
                 -0.6255      -0.5989      -0.6845      -0.3597      -0.4633
   1     80      -0.4413      -0.2675      -0.4576      -0.7301      -0.7780
                 -0.6302      -0.6037      -0.6894      -0.3644      -0.4681
   1    100      -0.4571      -0.2836      -0.4743      -0.7461      -0.7941
                 -0.6461      -0.6201      -0.7059      -0.3809      -0.4845
   2      0      -0.4309      -0.2620      -0.4445      -0.7206      -0.7648
                 -0.6201      -0.5895      -0.6774      -0.3570      -0.4532
   3      0      -0.4225      -0.2590      -0.4438      -0.7146      -0.7663
                 -0.6156      -0.5837      -0.6763      -0.3499      -0.4476
   4      0      -0.4262      -0.2604      -0.4428      -0.7141      -0.7617
                 -0.6165      -0.5842      -0.6723      -0.3526      -0.4462
   5      0      -0.4238      -0.2584      -0.4405      -0.7108      -0.7561
                 -0.6119      -0.5822      -0.6745      -0.3522      -0.4450
   5     60      -0.4246      -0.2592      -0.4414      -0.7116      -0.7569
                 -0.6127      -0.5830      -0.6753      -0.3530      -0.4458
   5     80      -0.4303      -0.2650      -0.4474      -0.7174      -0.7627
                 -0.6185      -0.5889      -0.6812      -0.3589      -0.4518
   5    100      -0.4448      -0.2798      -0.4627      -0.7320      -0.7774
                 -0.6331      -0.6038      -0.6964      -0.3740      -0.4668
 
 group  inft   Estimated free energy: 3-th solvent contribution (kcal/mol)
   1      0      -1.9599      -1.9689      -2.1541      -1.6382      -1.6191
                 -1.5650      -1.8443      -1.8693      -1.8701      -2.0887
   1     60      -1.9803      -1.9893      -2.1745      -1.6586      -1.6395
                 -1.5853      -1.8647      -1.8896      -1.8905      -2.1092
   1     80      -2.1437      -2.1535      -2.3386      -1.8219      -1.8026
                 -1.7483      -2.0285      -2.0532      -2.0545      -2.2737
   1    100      -2.7205      -2.7332      -2.9177      -2.3982      -2.3781
                 -2.3241      -2.6064      -2.6306      -2.6326      -2.8531
   2      0      -1.9605      -1.9734      -2.1563      -1.6397      -1.6213
                 -1.5678      -1.8487      -1.8712      -1.8718      -2.0894
   3      0      -1.9610      -1.9729      -2.1589      -1.6444      -1.6222
                 -1.5694      -1.8511      -1.8717      -1.8740      -2.0927
   4      0      -1.9530      -1.9680      -2.1518      -1.6367      -1.6173
                 -1.5660      -1.8448      -1.8683      -1.8670      -2.0853
   5      0      -1.9586      -1.9689      -2.1545      -1.6422      -1.6193
                 -1.5659      -1.8463      -1.8726      -1.8637      -2.0874
   5     60      -1.9861      -1.9965      -2.1820      -1.6696      -1.6466
                 -1.5932      -1.8738      -1.9000      -1.8912      -2.1150
   5     80      -2.1887      -2.1999      -2.3853      -1.8720      -1.8487
                 -1.7952      -2.0768      -2.1027      -2.0943      -2.3186
   5    100      -2.7195      -2.7331      -2.9180      -2.4022      -2.3781
                 -2.3249      -2.6084      -2.6338      -2.6260      -2.8516
 
 
 cumulative average & 95% error for solvation free energy
              total             1st component         2nd component         3rd component
  1    -2.3461                0.0375               -0.4225               -1.9610
  2    -2.3433     0.0055    -0.0355     0.1461    -0.3408     0.1635    -1.9670     0.0119
  3    -2.3495     0.0127     0.0566     0.2026    -0.3751     0.1167    -2.0309     0.1281
  4    -2.3435     0.0149     0.0508     0.1438    -0.4600     0.1887    -1.9343     0.2135
  5    -2.3727     0.0595     0.0205     0.1268    -0.5212     0.1908    -1.8719     0.2072
  6    -2.3625     0.0527    -0.0040     0.1145    -0.5370     0.1589    -1.8215     0.1969
  7    -2.3591     0.0450     0.0103     0.1010    -0.5437     0.1350    -1.8257     0.1667
  8    -2.3497     0.0433     0.0420     0.1080    -0.5602     0.1215    -1.8314     0.1448
  9    -2.3391     0.0436     0.0339     0.0966    -0.5369     0.1169    -1.8362     0.1280
 10    -2.3322     0.0414     0.0576     0.0985    -0.5279     0.1061    -1.8618     0.1255
