 ERmod 0.3.8, Copyright (C) 2000-2019 Nobuyuki Matubayasi
                            2010-2019 Shun Sakuraba
 ERmod comes with ABSOLUTELY NO WARRANTY.
 This is free software, and you can redistribute it
 and/or modify it under certain conditions.
 See LICENSE file for details.
 ERmod 0.3.8, Copyright (C) 2000-2019 Nobuyuki Matubayasi
                            2010-2019 Shun Sakuraba
 ERmod comes with ABSOLUTELY NO WARRANTY.
 This is free software, and you can redistribute it
 and/or modify it under certain conditions.
 See LICENSE file for details.
 
  Number of the   1-th solvent  =           90
  Number of the   2-th solvent  =           90
  Number of the   3-th solvent  =        10000
 
  Be sure that the solvent distribution is homogeneous (radial distribution function is essentially unity) when the solvent molecule is separated beyond distance of   10.0 Angstrom in any direction from any atom within the solute molecule
 
  LJ long-range correction    =        -0.0017     -0.0085     -0.4387
 
  Self-energy of the solute   =        -0.0001  kcal/mol
 
 
 cumulative average & 95% error for solvation energy
              total             1st component         2nd component         3rd component
  1   -22.4219               -0.0308               -0.8920              -21.4990
  2   -22.4793     0.1149    -0.0876     0.1136    -0.8396     0.1047   -21.5520     0.1061
  3   -22.5007     0.0789    -0.0404     0.1148    -0.7502     0.1889   -21.7100     0.3218
  4   -22.5185     0.0662    -0.2708     0.4679    -0.7781     0.1448   -21.4695     0.5321
  5   -22.4867     0.0817    -0.2628     0.3628    -0.7776     0.1121   -21.4462     0.4148
  6   -22.4819     0.0674    -0.1996     0.3221    -0.7251     0.1394   -21.5572     0.4049
  7   -22.4769     0.0579    -0.2741     0.3104    -0.6847     0.1428   -21.5179     0.3511
  8   -22.4743     0.0504    -0.2242     0.2868    -0.6853     0.1237   -21.5646     0.3181
  9   -22.4858     0.0501    -0.2482     0.2575    -0.7191     0.1283   -21.5184     0.2954
 10   -22.4939     0.0477    -0.2326     0.2324    -0.7445     0.1255   -21.5167     0.2643
 
 
 group  inft  solvation free energy     error          difference
  total solvation free energy
   1      0         -2.08193           0.04676           0.01122
   1     60         -2.09746           0.04679          -0.00431
   1     80         -2.23867           0.04700          -0.14552
   1    100         -2.80123           0.04777          -0.70808
   2      0         -2.08789           0.04276           0.00526
   3      0         -2.09315           0.04109           0.00000
   4      0         -2.08732           0.04235           0.00583
   5      0         -2.09000           0.03918           0.00315
   5     60         -2.11128           0.03921          -0.01813
   5     80         -2.29011           0.03943          -0.19696
   5    100         -2.81068           0.04002          -0.71753
 
  contribution from  1-th solvent component
   1      0          0.01599           0.11340           0.01152
   1     60          0.01605           0.11340           0.01159
   1     80          0.01644           0.11342           0.01197
   1    100          0.01753           0.11359           0.01306
   2      0          0.00809           0.11519           0.00362
   3      0          0.00447           0.11569           0.00000
   4      0          0.00187           0.11442          -0.00260
   5      0          0.00096           0.11427          -0.00351
   5     60          0.00103           0.11427          -0.00344
   5     80          0.00134           0.11431          -0.00313
   5    100          0.00180           0.11447          -0.00267
 
  contribution from  2-th solvent component
   1      0         -0.36133           0.07600          -0.00449
   1     60         -0.36146           0.07600          -0.00462
   1     80         -0.36278           0.07607          -0.00594
   1    100         -0.36823           0.07629          -0.01139
   2      0         -0.35723           0.07454          -0.00039
   3      0         -0.35684           0.07361           0.00000
   4      0         -0.35452           0.07360           0.00231
   5      0         -0.35363           0.07215           0.00320
   5     60         -0.35382           0.07216           0.00302
   5     80         -0.35555           0.07223           0.00129
   5    100         -0.36071           0.07238          -0.00387
 
  contribution from  3-th solvent component
   1      0         -1.73646           0.14075           0.00419
   1     60         -1.75193           0.14076          -0.01128
   1     80         -1.89221           0.14087          -0.15155
   1    100         -2.45040           0.14153          -0.70975
   2      0         -1.73862           0.14122           0.00204
   3      0         -1.74065           0.14044           0.00000
   4      0         -1.73454           0.13979           0.00612
   5      0         -1.73720           0.13986           0.00345
   5     60         -1.75836           0.13988          -0.01771
   5     80         -1.93578           0.14003          -0.19512
   5    100         -2.45164           0.14065          -0.71099
 
 
 group  inft   Estimated free energy: total (kcal/mol)
   1      0      -2.1125      -2.1225      -2.0836      -2.0724      -2.0364
                 -2.0093      -1.9574      -2.0669      -2.1317      -2.2268
   1     60      -2.1280      -2.1381      -2.0992      -2.0878      -2.0519
                 -2.0248      -1.9729      -2.0824      -2.1473      -2.2424
   1     80      -2.2690      -2.2797      -2.2406      -2.2287      -2.1927
                 -2.1659      -2.1134      -2.2237      -2.2888      -2.3841
   1    100      -2.8314      -2.8442      -2.8041      -2.7894      -2.7548
                 -2.7281      -2.6729      -2.7868      -2.8522      -2.9484
   2      0      -2.1174      -2.1186      -2.0777      -2.0779      -2.0512
                 -2.0181      -1.9811      -2.0741      -2.1378      -2.2251
   3      0      -2.1210      -2.1200      -2.0772      -2.0849      -2.0600
                 -2.0251      -1.9973      -2.0745      -2.1424      -2.2291
   4      0      -2.1205      -2.1121      -2.0716      -2.0766      -2.0591
                 -2.0144      -1.9848      -2.0713      -2.1383      -2.2244
   5      0      -2.1174      -2.1174      -2.0734      -2.0786      -2.0596
                 -2.0278      -1.9969      -2.0747      -2.1337      -2.2205
   5     60      -2.1386      -2.1388      -2.0947      -2.0998      -2.0808
                 -2.0490      -2.0181      -2.0960      -2.1551      -2.2419
   5     80      -2.3173      -2.3183      -2.2738      -2.2781      -2.2592
                 -2.2278      -2.1962      -2.2749      -2.3343      -2.4212
   5    100      -2.8378      -2.8407      -2.7951      -2.7968      -2.7795
                 -2.7482      -2.7141      -2.7960      -2.8555      -2.9431
 
 group  inft   Estimated free energy: 1-th solvent contribution (kcal/mol)
   1      0       0.0882       0.0401       0.1723      -0.3244       0.0257
                  0.2304      -0.2056       0.2012      -0.1001       0.0322
   1     60       0.0883       0.0402       0.1723      -0.3244       0.0257
                  0.2305      -0.2055       0.2013      -0.1000       0.0322
   1     80       0.0886       0.0404       0.1727      -0.3240       0.0261
                  0.2310      -0.2051       0.2018      -0.0997       0.0326
   1    100       0.0896       0.0410       0.1738      -0.3233       0.0274
                  0.2329      -0.2041       0.2032      -0.0990       0.0339
   2      0       0.0805       0.0412       0.1721      -0.3373       0.0137
                  0.2216      -0.2224       0.1899      -0.1093       0.0308
   3      0       0.0761       0.0403       0.1726      -0.3431       0.0062
                  0.2181      -0.2257       0.1853      -0.1130       0.0280
   4      0       0.0696       0.0399       0.1716      -0.3410       0.0010
                  0.2173      -0.2251       0.1754      -0.1147       0.0246
   5      0       0.0713       0.0382       0.1687      -0.3411      -0.0001
                  0.2136      -0.2289       0.1759      -0.1132       0.0251
   5     60       0.0714       0.0383       0.1688      -0.3411      -0.0000
                  0.2136      -0.2289       0.1760      -0.1131       0.0252
   5     80       0.0717       0.0384       0.1691      -0.3408       0.0003
                  0.2142      -0.2286       0.1764      -0.1129       0.0256
   5    100       0.0720       0.0383       0.1696      -0.3407       0.0008
                  0.2155      -0.2282       0.1772      -0.1128       0.0264
 
 group  inft   Estimated free energy: 2-th solvent contribution (kcal/mol)
   1      0      -0.4553      -0.3755      -0.2570      -0.4153      -0.3806
                 -0.1917      -0.1824      -0.3327      -0.5038      -0.5190
   1     60      -0.4554      -0.3757      -0.2572      -0.4155      -0.3808
                 -0.1918      -0.1825      -0.3328      -0.5039      -0.5191
   1     80      -0.4569      -0.3770      -0.2585      -0.4169      -0.3821
                 -0.1930      -0.1834      -0.3341      -0.5053      -0.5205
   1    100      -0.4626      -0.3827      -0.2640      -0.4227      -0.3876
                 -0.1983      -0.1876      -0.3396      -0.5110      -0.5261
   2      0      -0.4512      -0.3698      -0.2486      -0.4067      -0.3828
                 -0.1885      -0.1897      -0.3256      -0.4987      -0.5107
   3      0      -0.4476      -0.3694      -0.2484      -0.4036      -0.3830
                 -0.1906      -0.1963      -0.3194      -0.4972      -0.5129
   4      0      -0.4456      -0.3678      -0.2449      -0.4009      -0.3822
                 -0.1877      -0.1940      -0.3182      -0.4954      -0.5085
   5      0      -0.4434      -0.3657      -0.2448      -0.3996      -0.3819
                 -0.1923      -0.1965      -0.3155      -0.4902      -0.5065
   5     60      -0.4436      -0.3659      -0.2450      -0.3998      -0.3821
                 -0.1925      -0.1966      -0.3157      -0.4904      -0.5067
   5     80      -0.4454      -0.3677      -0.2468      -0.4016      -0.3838
                 -0.1942      -0.1979      -0.3175      -0.4922      -0.5084
   5    100      -0.4508      -0.3730      -0.2520      -0.4070      -0.3891
                 -0.1993      -0.2020      -0.3227      -0.4976      -0.5137
 
 group  inft   Estimated free energy: 3-th solvent contribution (kcal/mol)
   1      0      -1.7453      -1.7870      -1.9987      -1.3324      -1.6813
                 -2.0479      -1.5693      -1.9353      -1.5277      -1.7398
   1     60      -1.7607      -1.8025      -2.0143      -1.3479      -1.6967
                 -2.0633      -1.5847      -1.9508      -1.5432      -1.7554
   1     80      -1.9007      -1.9430      -2.1547      -1.4876      -1.8367
                 -2.2037      -1.7247      -2.0912      -1.6837      -1.8961
   1    100      -2.4583      -2.5023      -2.7138      -2.0432      -2.3944
                 -2.7627      -2.2810      -2.6503      -2.2420      -2.4561
   2      0      -1.7465      -1.7900      -2.0011      -1.3337      -1.6819
                 -2.0510      -1.5689      -1.9383      -1.5296      -1.7451
   3      0      -1.7493      -1.7908      -2.0012      -1.3381      -1.6831
                 -2.0524      -1.5752      -1.9403      -1.5319      -1.7441
   4      0      -1.7444      -1.7841      -1.9982      -1.3346      -1.6779
                 -2.0439      -1.5656      -1.9283      -1.5281      -1.7404
   5      0      -1.7452      -1.7898      -1.9972      -1.3378      -1.6775
                 -2.0489      -1.5714      -1.9350      -1.5302      -1.7391
   5     60      -1.7663      -1.8110      -2.0184      -1.3588      -1.6986
                 -2.0700      -1.5926      -1.9562      -1.5514      -1.7603
   5     80      -1.9434      -1.9888      -2.1960      -1.5355      -1.8756
                 -2.2476      -1.7697      -2.1338      -1.7291      -1.9383
   5    100      -2.4589      -2.5058      -2.7127      -2.0489      -2.3910
                 -2.7643      -2.2838      -2.6504      -2.2449      -2.4557
 
 
 cumulative average & 95% error for solvation free energy
              total             1st component         2nd component         3rd component
  1    -2.1210                0.0761               -0.4476               -1.7493
  2    -2.1205     0.0009     0.0582     0.0358    -0.4085     0.0782    -1.7700     0.0415
  3    -2.1061     0.0289     0.0963     0.0790    -0.3551     0.1159    -1.8471     0.1560
  4    -2.1008     0.0230    -0.0135     0.2267    -0.3672     0.0855    -1.7199     0.2774
  5    -2.0926     0.0241    -0.0096     0.1758    -0.3704     0.0665    -1.7125     0.2153
  6    -2.0814     0.0299     0.0284     0.1623    -0.3404     0.0809    -1.7692     0.2092
  7    -2.0694     0.0349    -0.0079     0.1552    -0.3198     0.0798    -1.7415     0.1853
  8    -2.0700     0.0302     0.0162     0.1428    -0.3198     0.0691    -1.7663     0.1680
  9    -2.0780     0.0311     0.0018     0.1292    -0.3395     0.0726    -1.7403     0.1570
 10    -2.0932     0.0411     0.0045     0.1157    -0.3568     0.0736    -1.7407     0.1404
