 ERmod 0.3.8, Copyright (C) 2000-2019 Nobuyuki Matubayasi
                            2010-2019 Shun Sakuraba
 ERmod comes with ABSOLUTELY NO WARRANTY.
 This is free software, and you can redistribute it
 and/or modify it under certain conditions.
 See LICENSE file for details.
 ERmod 0.3.8, Copyright (C) 2000-2019 Nobuyuki Matubayasi
                            2010-2019 Shun Sakuraba
 ERmod comes with ABSOLUTELY NO WARRANTY.
 This is free software, and you can redistribute it
 and/or modify it under certain conditions.
 See LICENSE file for details.
 
  Number of the   1-th solvent  =          180
  Number of the   2-th solvent  =          180
  Number of the   3-th solvent  =        10000
 
  Be sure that the solvent distribution is homogeneous (radial distribution function is essentially unity) when the solvent molecule is separated beyond distance of   10.0 Angstrom in any direction from any atom within the solute molecule
 
  LJ long-range correction    =        -0.0019     -0.0149     -0.2406
 
  Self-energy of the solute   =        -0.0001  kcal/mol
 
 
 cumulative average & 95% error for solvation energy
              total             1st component         2nd component         3rd component
  1   -18.4106               -1.9370               -1.8739              -14.5997
  2   -18.3562     0.1088    -1.4653     0.9434    -2.0107     0.2738   -14.8801     0.5608
  3   -18.3574     0.0629    -1.1083     0.8980    -1.8183     0.4161   -15.4307     1.1478
  4   -18.3827     0.0674    -1.0603     0.6422    -1.5856     0.5505   -15.7367     1.0166
  5   -18.4083     0.0732    -0.9347     0.5573    -1.5068     0.4547   -15.9668     0.9120
  6   -18.4008     0.0616    -0.9118     0.4573    -1.5619     0.3873   -15.9270     0.7489
  7   -18.3897     0.0566    -0.8133     0.4338    -1.5129     0.3417   -16.0634     0.6892
  8   -18.3990     0.0524    -0.8257     0.3765    -1.4779     0.3041   -16.0953     0.6003
  9   -18.4210     0.0639    -0.8845     0.3523    -1.4335     0.2825   -16.1030     0.5296
 10   -18.4326     0.0617    -0.8728     0.3159    -1.4033     0.2598   -16.1565     0.4856
 
 
 group  inft  solvation free energy     error          difference
  total solvation free energy
   1      0         -3.16251           0.08352           0.00936
   1     60         -3.18150           0.08352          -0.00963
   1     80         -3.31197           0.08344          -0.14010
   1    100         -3.72564           0.08333          -0.55377
   2      0         -3.16792           0.08223           0.00395
   3      0         -3.17187           0.08112           0.00000
   4      0         -3.17060           0.08157           0.00126
   5      0         -3.17057           0.08167           0.00130
   5     60         -3.19588           0.08165          -0.02401
   5     80         -3.35481           0.08152          -0.18294
   5    100         -3.73454           0.08133          -0.56267
 
  contribution from  1-th solvent component
   1      0         -0.27239           0.18829           0.01622
   1     60         -0.27230           0.18830           0.01631
   1     80         -0.27194           0.18837           0.01667
   1    100         -0.27163           0.18867           0.01698
   2      0         -0.28475           0.18589           0.00386
   3      0         -0.28861           0.18468           0.00000
   4      0         -0.29087           0.18295          -0.00226
   5      0         -0.28943           0.18318          -0.00082
   5     60         -0.28933           0.18319          -0.00072
   5     80         -0.28914           0.18324          -0.00053
   5    100         -0.28951           0.18343          -0.00090
 
  contribution from  2-th solvent component
   1      0         -0.67032           0.14990          -0.01160
   1     60         -0.67092           0.14990          -0.01220
   1     80         -0.67489           0.14990          -0.01616
   1    100         -0.68698           0.14989          -0.02825
   2      0         -0.66159           0.15042          -0.00287
   3      0         -0.65872           0.14955           0.00000
   4      0         -0.65719           0.14960           0.00153
   5      0         -0.65566           0.14897           0.00306
   5     60         -0.65646           0.14897           0.00227
   5     80         -0.66128           0.14896          -0.00255
   5    100         -0.67229           0.14895          -0.01357
 
  contribution from  3-th solvent component
   1      0         -2.21972           0.23284           0.00474
   1     60         -2.23821           0.23289          -0.01375
   1     80         -2.36507           0.23320          -0.14061
   1    100         -2.76696           0.23407          -0.54250
   2      0         -2.22150           0.23258           0.00295
   3      0         -2.22446           0.23256           0.00000
   4      0         -2.22247           0.23044           0.00198
   5      0         -2.22540           0.23098          -0.00094
   5     60         -2.25002           0.23105          -0.02556
   5     80         -2.40431           0.23143          -0.17986
   5    100         -2.77266           0.23223          -0.54820
 
 
 group  inft   Estimated free energy: total (kcal/mol)
   1      0      -3.3982      -3.0983      -3.0612      -3.0615      -3.1101
                 -3.3164      -3.0439      -3.1499      -3.3238      -3.0617
   1     60      -3.4171      -3.1171      -3.0802      -3.0806      -3.1293
                 -3.3353      -3.0628      -3.1689      -3.3429      -3.0808
   1     80      -3.5470      -3.2464      -3.2106      -3.2117      -3.2604
                 -3.4653      -3.1931      -3.2994      -3.4741      -3.2117
   1    100      -3.9594      -3.6570      -3.6242      -3.6270      -3.6761
                 -3.8779      -3.6062      -3.7131      -3.8896      -3.6260
   2      0      -3.4002      -3.1049      -3.0714      -3.0613      -3.1223
                 -3.3266      -3.0493      -3.1620      -3.3153      -3.0658
   3      0      -3.3956      -3.1068      -3.0825      -3.0643      -3.1284
                 -3.3344      -3.0572      -3.1676      -3.3175      -3.0645
   4      0      -3.3999      -3.1076      -3.0859      -3.0519      -3.1254
                 -3.3337      -3.0578      -3.1659      -3.3111      -3.0668
   5      0      -3.3939      -3.1059      -3.0880      -3.0582      -3.1226
                 -3.3348      -3.0558      -3.1707      -3.3174      -3.0584
   5     60      -3.4191      -3.1309      -3.1133      -3.0837      -3.1481
                 -3.3600      -3.0811      -3.1960      -3.3428      -3.0838
   5     80      -3.5773      -3.2884      -3.2724      -3.2434      -3.3079
                 -3.5183      -3.2399      -3.3549      -3.5025      -3.2431
   5    100      -3.9557      -3.6651      -3.6523      -3.6246      -3.6895
                 -3.8970      -3.6194      -3.7347      -3.8836      -3.6234
 
 group  inft   Estimated free energy: 1-th solvent contribution (kcal/mol)
   1      0      -0.8977      -0.3377       0.0111      -0.2462      -0.0019
                 -0.3052       0.1104      -0.3109      -0.5716      -0.1743
   1     60      -0.8976      -0.3376       0.0113      -0.2461      -0.0018
                 -0.3051       0.1105      -0.3107      -0.5715      -0.1743
   1     80      -0.8974      -0.3373       0.0119      -0.2459      -0.0014
                 -0.3046       0.1110      -0.3103      -0.5714      -0.1739
   1    100      -0.8979      -0.3371       0.0132      -0.2459      -0.0012
                 -0.3041       0.1120      -0.3098      -0.5719      -0.1737
   2      0      -0.9038      -0.3506      -0.0065      -0.2588      -0.0172
                 -0.3215       0.0958      -0.3280      -0.5715      -0.1854
   3      0      -0.9044      -0.3556      -0.0150      -0.2611      -0.0247
                 -0.3269       0.0920      -0.3335      -0.5708      -0.1861
   4      0      -0.9034      -0.3583      -0.0231      -0.2553      -0.0287
                 -0.3289       0.0847      -0.3331      -0.5696      -0.1930
   5      0      -0.9004      -0.3599      -0.0255      -0.2609      -0.0221
                 -0.3269       0.0870      -0.3348      -0.5689      -0.1819
   5     60      -0.9003      -0.3598      -0.0254      -0.2608      -0.0220
                 -0.3268       0.0871      -0.3347      -0.5688      -0.1818
   5     80      -0.9003      -0.3596      -0.0250      -0.2608      -0.0219
                 -0.3266       0.0874      -0.3344      -0.5688      -0.1816
   5    100      -0.9012      -0.3601      -0.0246      -0.2614      -0.0223
                 -0.3268       0.0874      -0.3346      -0.5697      -0.1819
 
 group  inft   Estimated free energy: 2-th solvent contribution (kcal/mol)
   1      0      -1.0340      -1.0005      -0.6460      -0.3787      -0.5240
                 -0.9592      -0.5495      -0.5631      -0.5738      -0.4744
   1     60      -1.0346      -1.0011      -0.6466      -0.3793      -0.5246
                 -0.9598      -0.5501      -0.5637      -0.5744      -0.4750
   1     80      -1.0386      -1.0050      -0.6506      -0.3833      -0.5285
                 -0.9638      -0.5541      -0.5677      -0.5784      -0.4790
   1    100      -1.0506      -1.0171      -0.6628      -0.3955      -0.5404
                 -0.9759      -0.5661      -0.5799      -0.5905      -0.4910
   2      0      -1.0257      -0.9933      -0.6361      -0.3653      -0.5183
                 -0.9507      -0.5395      -0.5572      -0.5653      -0.4646
   3      0      -1.0194      -0.9867      -0.6363      -0.3617      -0.5162
                 -0.9474      -0.5403      -0.5547      -0.5644      -0.4602
   4      0      -1.0150      -0.9870      -0.6325      -0.3593      -0.5137
                 -0.9478      -0.5384      -0.5559      -0.5622      -0.4599
   5      0      -1.0132      -0.9830      -0.6301      -0.3587      -0.5152
                 -0.9452      -0.5355      -0.5539      -0.5619      -0.4599
   5     60      -1.0140      -0.9838      -0.6309      -0.3595      -0.5160
                 -0.9460      -0.5363      -0.5547      -0.5627      -0.4607
   5     80      -1.0188      -0.9886      -0.6358      -0.3643      -0.5208
                 -0.9508      -0.5411      -0.5595      -0.5676      -0.4655
   5    100      -1.0298      -0.9995      -0.6470      -0.3754      -0.5317
                 -0.9618      -0.5521      -0.5706      -0.5786      -0.4765
 
 group  inft   Estimated free energy: 3-th solvent contribution (kcal/mol)
   1      0      -1.4664      -1.7600      -2.4262      -2.4364      -2.5842
                 -2.0520      -2.6047      -2.2759      -2.1784      -2.4129
   1     60      -1.4848      -1.7783      -2.4447      -2.4550      -2.6028
                 -2.0704      -2.6232      -2.2944      -2.1969      -2.4315
   1     80      -1.6109      -1.9040      -2.5718      -2.5824      -2.7304
                 -2.1968      -2.7500      -2.4213      -2.3243      -2.5587
   1    100      -2.0107      -2.3027      -2.9745      -2.9856      -3.1345
                 -2.5978      -3.1520      -2.8234      -2.7271      -2.9613
   2      0      -1.4706      -1.7608      -2.4287      -2.4371      -2.5867
                 -2.0543      -2.6056      -2.2768      -2.1785      -2.4158
   3      0      -1.4717      -1.7644      -2.4311      -2.4414      -2.5875
                 -2.0600      -2.6088      -2.2793      -2.1822      -2.4182
   4      0      -1.4813      -1.7623      -2.4302      -2.4371      -2.5830
                 -2.0569      -2.6040      -2.2768      -2.1792      -2.4139
   5      0      -1.4803      -1.7629      -2.4323      -2.4386      -2.5852
                 -2.0625      -2.6072      -2.2820      -2.1865      -2.4165
   5     60      -1.5047      -1.7873      -2.4569      -2.4633      -2.6100
                 -2.0870      -2.6318      -2.3066      -2.2112      -2.4412
   5     80      -1.6581      -1.9401      -2.6115      -2.6183      -2.7652
                 -2.2408      -2.7861      -2.4609      -2.3661      -2.5960
   5    100      -2.0247      -2.3055      -2.9807      -2.9878      -3.1354
                 -2.6083      -3.1547      -2.8294      -2.7352      -2.9649
 
 
 cumulative average & 95% error for solvation free energy
              total             1st component         2nd component         3rd component
  1    -3.3956               -0.9044               -1.0194               -1.4717
  2    -3.2512     0.2888    -0.6300     0.5488    -1.0030     0.0327    -1.6180     0.2926
  3    -3.1949     0.2011    -0.4250     0.5182    -0.8808     0.2452    -1.8890     0.5677
  4    -3.1623     0.1565    -0.3840     0.3754    -0.7510     0.3122    -2.0271     0.4873
  5    -3.1555     0.1220    -0.3122     0.3244    -0.7040     0.2594    -2.1392     0.4390
  6    -3.1853     0.1161    -0.3146     0.2649    -0.7446     0.2268    -2.1260     0.3594
  7    -3.1670     0.1047    -0.2565     0.2522    -0.7154     0.2004    -2.1950     0.3336
  8    -3.1671     0.0907    -0.2662     0.2193    -0.6953     0.1781    -2.2055     0.2897
  9    -3.1838     0.0867    -0.3000     0.2049    -0.6808     0.1598    -2.2029     0.2555
 10    -3.1719     0.0811    -0.2886     0.1847    -0.6587     0.1495    -2.2245     0.2326
