 ERmod 0.3.8, Copyright (C) 2000-2019 Nobuyuki Matubayasi
                            2010-2019 Shun Sakuraba
 ERmod comes with ABSOLUTELY NO WARRANTY.
 This is free software, and you can redistribute it
 and/or modify it under certain conditions.
 See LICENSE file for details.
 ERmod 0.3.8, Copyright (C) 2000-2019 Nobuyuki Matubayasi
                            2010-2019 Shun Sakuraba
 ERmod comes with ABSOLUTELY NO WARRANTY.
 This is free software, and you can redistribute it
 and/or modify it under certain conditions.
 See LICENSE file for details.
 
  Number of the   1-th solvent  =          180
  Number of the   2-th solvent  =          180
  Number of the   3-th solvent  =        10000
 
  Be sure that the solvent distribution is homogeneous (radial distribution function is essentially unity) when the solvent molecule is separated beyond distance of   10.0 Angstrom in any direction from any atom within the solute molecule
 
  LJ long-range correction    =        -0.0035     -0.0081     -0.2097
 
  Self-energy of the solute   =         0.0000  kcal/mol
 
 
 cumulative average & 95% error for solvation energy
              total             1st component         2nd component         3rd component
  1    -5.9835                0.0834               -0.2387               -5.8283
  2    -5.9983     0.0296     0.0884     0.0100    -0.2453     0.0132    -5.8415     0.0264
  3    -5.9937     0.0194     0.0879     0.0059    -0.2512     0.0141    -5.8305     0.0268
  4    -5.9988     0.0171     0.0931     0.0111    -0.2400     0.0245    -5.8519     0.0468
  5    -6.0013     0.0141     0.0936     0.0087    -0.2369     0.0199    -5.8580     0.0383
  6    -6.0024     0.0117     0.0917     0.0081    -0.2357     0.0165    -5.8583     0.0312
  7    -6.0021     0.0099     0.0934     0.0076    -0.2345     0.0141    -5.8610     0.0270
  8    -6.0041     0.0095     0.0911     0.0080    -0.2385     0.0147    -5.8567     0.0249
  9    -6.0063     0.0094     0.0908     0.0071    -0.2370     0.0133    -5.8601     0.0229
 10    -6.0067     0.0085     0.0898     0.0067    -0.2384     0.0122    -5.8581     0.0209
 
 
 group  inft  solvation free energy     error          difference
  total solvation free energy
   1      0          3.04023           0.00816          -0.00340
   1     60          3.03056           0.00819          -0.01307
   1     80          2.95206           0.00848          -0.09157
   1    100          2.66409           0.00975          -0.37954
   2      0          3.03789           0.00797          -0.00574
   3      0          3.04363           0.00807           0.00000
   4      0          3.07983           0.00780           0.03620
   5      0          3.09803           0.00814           0.05440
   5     60          3.08499           0.00818           0.04136
   5     80          2.98739           0.00855          -0.05624
   5    100          2.71863           0.00970          -0.32500
 
  contribution from  1-th solvent component
   1      0          0.21271           0.00800           0.00277
   1     60          0.21275           0.00802           0.00281
   1     80          0.21283           0.00830           0.00290
   1    100          0.21185           0.00948           0.00192
   2      0          0.21054           0.00781           0.00061
   3      0          0.20994           0.00766           0.00000
   4      0          0.20889           0.00752          -0.00104
   5      0          0.20777           0.00760          -0.00216
   5     60          0.20781           0.00763          -0.00213
   5     80          0.20766           0.00799          -0.00227
   5    100          0.20614           0.00907          -0.00379
 
  contribution from  2-th solvent component
   1      0         -0.01217           0.00688           0.00432
   1     60         -0.01230           0.00689           0.00419
   1     80         -0.01356           0.00696           0.00293
   1    100         -0.01843           0.00721          -0.00194
   2      0         -0.01511           0.00664           0.00137
   3      0         -0.01649           0.00678           0.00000
   4      0         -0.01733           0.00644          -0.00084
   5      0         -0.01744           0.00662          -0.00095
   5     60         -0.01763           0.00663          -0.00114
   5     80         -0.01929           0.00672          -0.00280
   5    100         -0.02398           0.00692          -0.00749
 
  contribution from  3-th solvent component
   1      0          2.83968           0.01024          -0.01049
   1     60          2.83010           0.01025          -0.02007
   1     80          2.75277           0.01031          -0.09740
   1    100          2.47065           0.01067          -0.37951
   2      0          2.84245           0.01033          -0.00772
   3      0          2.85017           0.01047           0.00000
   4      0          2.88826           0.00976           0.03809
   5      0          2.90768           0.01006           0.05751
   5     60          2.89480           0.01007           0.04463
   5     80          2.79900           0.01017          -0.05116
   5    100          2.53645           0.01054          -0.31371
 
 
 group  inft   Estimated free energy: total (kcal/mol)
   1      0       3.0543       3.0339       3.0538       3.0589       3.0255
                  3.0343       3.0499       3.0246       3.0384       3.0286
   1     60       3.0446       3.0242       3.0441       3.0494       3.0159
                  3.0246       3.0403       3.0149       3.0287       3.0189
   1     80       2.9659       2.9456       2.9658       2.9722       2.9370
                  2.9456       2.9625       2.9359       2.9503       2.9397
   1    100       2.6774       2.6575       2.6790       2.6891       2.6476
                  2.6555       2.6773       2.6458       2.6623       2.6494
   2      0       3.0505       3.0335       3.0522       3.0551       3.0201
                  3.0330       3.0481       3.0250       3.0350       3.0266
   3      0       3.0581       3.0377       3.0583       3.0604       3.0264
                  3.0405       3.0527       3.0307       3.0404       3.0311
   4      0       3.0916       3.0753       3.0933       3.0952       3.0623
                  3.0754       3.0910       3.0669       3.0806       3.0667
   5      0       3.1122       3.0913       3.1119       3.1150       3.0822
                  3.0919       3.1088       3.0829       3.0974       3.0865
   5     60       3.0992       3.0783       3.0989       3.1021       3.0691
                  3.0789       3.0958       3.0698       3.0844       3.0734
   5     80       3.0013       2.9806       3.0016       3.0062       2.9710
                  2.9806       2.9990       2.9716       2.9868       2.9751
   5    100       2.7321       2.7117       2.7339       2.7419       2.7008
                  2.7098       2.7328       2.7009       2.7179       2.7044
 
 group  inft   Estimated free energy: 1-th solvent contribution (kcal/mol)
   1      0       0.2045       0.2219       0.2100       0.2326       0.2111
                  0.2017       0.2345       0.2016       0.2088       0.2006
   1     60       0.2045       0.2219       0.2100       0.2327       0.2111
                  0.2017       0.2346       0.2016       0.2088       0.2006
   1     80       0.2042       0.2222       0.2101       0.2336       0.2111
                  0.2014       0.2354       0.2014       0.2088       0.2002
   1    100       0.2017       0.2221       0.2089       0.2360       0.2098
                  0.1989       0.2375       0.1989       0.2073       0.1975
   2      0       0.2021       0.2198       0.2076       0.2300       0.2078
                  0.2001       0.2321       0.2005       0.2062       0.1993
   3      0       0.2016       0.2189       0.2072       0.2281       0.2068
                  0.2000       0.2320       0.2001       0.2060       0.1987
   4      0       0.2007       0.2174       0.2060       0.2269       0.2055
                  0.1995       0.2306       0.1985       0.2053       0.1985
   5      0       0.1998       0.2162       0.2050       0.2265       0.2045
                  0.1979       0.2293       0.1975       0.2037       0.1972
   5     60       0.1998       0.2163       0.2050       0.2266       0.2046
                  0.1979       0.2294       0.1975       0.2038       0.1972
   5     80       0.1992       0.2164       0.2048       0.2276       0.2043
                  0.1973       0.2302       0.1969       0.2035       0.1965
   5    100       0.1963       0.2156       0.2031       0.2292       0.2024
                  0.1944       0.2315       0.1940       0.2014       0.1935
 
 group  inft   Estimated free energy: 2-th solvent contribution (kcal/mol)
   1      0      -0.0101      -0.0211      -0.0232       0.0058      -0.0076
                 -0.0053      -0.0108      -0.0294      -0.0010      -0.0189
   1     60      -0.0102      -0.0212      -0.0234       0.0057      -0.0077
                 -0.0054      -0.0109      -0.0295      -0.0011      -0.0191
   1     80      -0.0115      -0.0226      -0.0247       0.0047      -0.0089
                 -0.0067      -0.0122      -0.0309      -0.0023      -0.0204
   1    100      -0.0165      -0.0278      -0.0299       0.0009      -0.0137
                 -0.0116      -0.0171      -0.0362      -0.0069      -0.0256
   2      0      -0.0133      -0.0236      -0.0260       0.0025      -0.0118
                 -0.0082      -0.0135      -0.0315      -0.0042      -0.0215
   3      0      -0.0146      -0.0252      -0.0274       0.0017      -0.0132
                 -0.0091      -0.0157      -0.0330      -0.0053      -0.0231
   4      0      -0.0162      -0.0255      -0.0276      -0.0000      -0.0144
                 -0.0108      -0.0163      -0.0330      -0.0061      -0.0235
   5      0      -0.0162      -0.0262      -0.0289       0.0001      -0.0137
                 -0.0111      -0.0157      -0.0330      -0.0060      -0.0236
   5     60      -0.0164      -0.0264      -0.0291      -0.0001      -0.0139
                 -0.0113      -0.0159      -0.0333      -0.0062      -0.0238
   5     80      -0.0181      -0.0282      -0.0309      -0.0013      -0.0155
                 -0.0130      -0.0176      -0.0351      -0.0077      -0.0256
   5    100      -0.0229      -0.0331      -0.0358      -0.0051      -0.0200
                 -0.0177      -0.0223      -0.0401      -0.0122      -0.0305
 
 group  inft   Estimated free energy: 3-th solvent contribution (kcal/mol)
   1      0       2.8599       2.8330       2.8670       2.8206       2.8221
                  2.8379       2.8262       2.8524       2.8306       2.8470
   1     60       2.8504       2.8234       2.8575       2.8110       2.8125
                  2.8283       2.8166       2.8428       2.8210       2.8374
   1     80       2.7733       2.7459       2.7805       2.7339       2.7349
                  2.7509       2.7392       2.7655       2.7437       2.7600
   1    100       2.4922       2.4632       2.4999       2.4522       2.4515
                  2.4683       2.4569       2.4832       2.4618       2.4775
   2      0       2.8617       2.8373       2.8706       2.8226       2.8240
                  2.8411       2.8295       2.8559       2.8330       2.8488
   3      0       2.8711       2.8440       2.8785       2.8306       2.8328
                  2.8496       2.8364       2.8635       2.8397       2.8554
   4      0       2.9071       2.8833       2.9149       2.8683       2.8712
                  2.8868       2.8767       2.9013       2.8814       2.8917
   5      0       2.9286       2.9013       2.9358       2.8884       2.8914
                  2.9052       2.8952       2.9185       2.8996       2.9129
   5     60       2.9158       2.8884       2.9230       2.8756       2.8784
                  2.8923       2.8823       2.9056       2.8868       2.9000
   5     80       2.8202       2.7924       2.8276       2.7800       2.7822
                  2.7963       2.7864       2.8098       2.7911       2.8041
   5    100       2.5587       2.5292       2.5666       2.5177       2.5185
                  2.5331       2.5236       2.5469       2.5287       2.5414
 
 
 cumulative average & 95% error for solvation free energy
              total             1st component         2nd component         3rd component
  1     3.0581                0.2016               -0.0146                2.8711
  2     3.0479     0.0204     0.2102     0.0173    -0.0199     0.0106     2.8576     0.0271
  3     3.0514     0.0137     0.2092     0.0102    -0.0224     0.0079     2.8645     0.0210
  4     3.0536     0.0107     0.2139     0.0119    -0.0164     0.0133     2.8561     0.0225
  5     3.0482     0.0137     0.2125     0.0096    -0.0157     0.0103     2.8514     0.0198
  6     3.0469     0.0114     0.2104     0.0089    -0.0146     0.0087     2.8511     0.0161
  7     3.0477     0.0098     0.2135     0.0097    -0.0148     0.0074     2.8490     0.0143
  8     3.0456     0.0095     0.2118     0.0091    -0.0171     0.0078     2.8508     0.0129
  9     3.0450     0.0085     0.2112     0.0081    -0.0158     0.0074     2.8496     0.0116
 10     3.0436     0.0081     0.2099     0.0077    -0.0165     0.0068     2.8502     0.0105
