 ERmod 0.3.8, Copyright (C) 2000-2019 Nobuyuki Matubayasi
                            2010-2019 Shun Sakuraba
 ERmod comes with ABSOLUTELY NO WARRANTY.
 This is free software, and you can redistribute it
 and/or modify it under certain conditions.
 See LICENSE file for details.
 ERmod 0.3.8, Copyright (C) 2000-2019 Nobuyuki Matubayasi
                            2010-2019 Shun Sakuraba
 ERmod comes with ABSOLUTELY NO WARRANTY.
 This is free software, and you can redistribute it
 and/or modify it under certain conditions.
 See LICENSE file for details.
 
  Number of the   1-th solvent  =           90
  Number of the   2-th solvent  =           90
  Number of the   3-th solvent  =        10000
 
  Be sure that the solvent distribution is homogeneous (radial distribution function is essentially unity) when the solvent molecule is separated beyond distance of   10.0 Angstrom in any direction from any atom within the solute molecule
 
  LJ long-range correction    =        -0.0037     -0.0041     -0.4446
 
  Self-energy of the solute   =        -0.0001  kcal/mol
 
 
 cumulative average & 95% error for solvation energy
              total             1st component         2nd component         3rd component
  1   -22.5056               -0.1992               -0.4465              -21.8598
  2   -22.3976     0.2160    -0.1884     0.0215    -0.3527     0.1877   -21.8563     0.0069
  3   -22.4296     0.1402    -0.1252     0.1271    -0.3565     0.1086   -21.9478     0.1829
  4   -22.4447     0.1036    -0.1082     0.0961    -0.3519     0.0773   -21.9845     0.1488
  5   -22.4573     0.0841    -0.1655     0.1367    -0.3340     0.0698   -21.9577     0.1271
  6   -22.4688     0.0724    -0.1515     0.1150    -0.3967     0.1377   -21.9204     0.1278
  7   -22.5166     0.1136    -0.1100     0.1279    -0.5050     0.2459   -21.9015     0.1145
  8   -22.5135     0.0985    -0.1090     0.1108    -0.4767     0.2204   -21.9276     0.1120
  9   -22.5000     0.0910    -0.1024     0.0986    -0.4510     0.2011   -21.9465     0.1058
 10   -22.4946     0.0821    -0.1629     0.1498    -0.4197     0.1904   -21.9118     0.1173
 
 
 group  inft  solvation free energy     error          difference
  total solvation free energy
   1      0         -1.97544           0.04086           0.01413
   1     60         -1.98997           0.04088          -0.00040
   1     80         -2.12678           0.04103          -0.13721
   1    100         -2.68821           0.04148          -0.69864
   2      0         -1.98538           0.04006           0.00419
   3      0         -1.98957           0.03924           0.00000
   4      0         -1.98402           0.03986           0.00555
   5      0         -1.98671           0.03691           0.00286
   5     60         -2.00673           0.03693          -0.01716
   5     80         -2.18064           0.03708          -0.19107
   5    100         -2.70138           0.03740          -0.71181
 
  contribution from  1-th solvent component
   1      0          0.08101           0.09138           0.01390
   1     60          0.08095           0.09138           0.01384
   1     80          0.08030           0.09143           0.01319
   1    100          0.07710           0.09165           0.00999
   2      0          0.07030           0.08913           0.00319
   3      0          0.06711           0.08757           0.00000
   4      0          0.06556           0.08723          -0.00155
   5      0          0.06475           0.08597          -0.00236
   5     60          0.06467           0.08597          -0.00245
   5     80          0.06367           0.08602          -0.00345
   5    100          0.06025           0.08617          -0.00686
 
  contribution from  2-th solvent component
   1      0         -0.27498           0.09004          -0.00439
   1     60         -0.27475           0.09005          -0.00417
   1     80         -0.27364           0.09015          -0.00306
   1    100         -0.27163           0.09054          -0.00105
   2      0         -0.27206           0.08909          -0.00148
   3      0         -0.27058           0.08894           0.00000
   4      0         -0.27002           0.08881           0.00056
   5      0         -0.27036           0.08890           0.00023
   5     60         -0.27010           0.08891           0.00049
   5     80         -0.26894           0.08903           0.00164
   5    100         -0.26762           0.08938           0.00296
 
  contribution from  3-th solvent component
   1      0         -1.78133           0.06636           0.00462
   1     60         -1.79603           0.06636          -0.01007
   1     80         -1.93330           0.06639          -0.14734
   1    100         -2.49353           0.06665          -0.70758
   2      0         -1.78347           0.06594           0.00248
   3      0         -1.78596           0.06632           0.00000
   4      0         -1.77942           0.06509           0.00654
   5      0         -1.78096           0.06522           0.00499
   5     60         -1.80116           0.06522          -0.01520
   5     80         -1.97522           0.06525          -0.18927
   5    100         -2.49387           0.06547          -0.70791
 
 
 group  inft   Estimated free energy: total (kcal/mol)
   1      0      -1.9546      -1.8814      -1.9516      -1.9724      -2.0217
                 -2.0959      -1.9940      -1.9390      -1.9034      -2.0403
   1     60      -1.9692      -1.8959      -1.9662      -1.9869      -2.0362
                 -2.1105      -2.0086      -1.9535      -1.9178      -2.0548
   1     80      -2.1062      -2.0325      -2.1030      -2.1235      -2.1733
                 -2.2474      -2.1463      -2.0905      -2.0534      -2.1916
   1    100      -2.6679      -2.5933      -2.6647      -2.6845      -2.7360
                 -2.8092      -2.7099      -2.6530      -2.6110      -2.7526
   2      0      -1.9626      -1.8889      -1.9721      -1.9868      -2.0288
                 -2.1097      -1.9910      -1.9513      -1.9200      -2.0428
   3      0      -1.9668      -1.8845      -1.9786      -1.9929      -2.0296
                 -2.1127      -1.9938      -1.9572      -1.9392      -2.0403
   4      0      -1.9617      -1.8850      -1.9736      -1.9853      -2.0283
                 -2.1110      -1.9836      -1.9486      -1.9269      -2.0362
   5      0      -1.9652      -1.8863      -1.9771      -1.9954      -2.0259
                 -2.0981      -1.9943      -1.9479      -1.9414      -2.0355
   5     60      -1.9853      -1.9063      -1.9971      -2.0154      -2.0460
                 -2.1181      -2.0145      -1.9679      -1.9612      -2.0555
   5     80      -2.1594      -2.0799      -2.1712      -2.1890      -2.2202
                 -2.2922      -2.1895      -2.1421      -2.1336      -2.2294
   5    100      -2.6804      -2.6000      -2.6927      -2.7093      -2.7419
                 -2.8133      -2.7121      -2.6638      -2.6505      -2.7497
 
 group  inft   Estimated free energy: 1-th solvent contribution (kcal/mol)
   1      0       0.0521       0.0718       0.1836       0.1484      -0.0373
                  0.0461       0.2888       0.1366       0.1614      -0.2414
   1     60       0.0520       0.0717       0.1836       0.1483      -0.0373
                  0.0461       0.2887       0.1366       0.1614      -0.2415
   1     80       0.0514       0.0710       0.1830       0.1476      -0.0381
                  0.0454       0.2881       0.1360       0.1609      -0.2423
   1    100       0.0480       0.0675       0.1800       0.1441      -0.0414
                  0.0420       0.2853       0.1332       0.1585      -0.2462
   2      0       0.0421       0.0630       0.1611       0.1382      -0.0430
                  0.0337       0.2843       0.1163       0.1480      -0.2409
   3      0       0.0401       0.0607       0.1553       0.1332      -0.0448
                  0.0313       0.2819       0.1150       0.1358      -0.2373
   4      0       0.0353       0.0577       0.1530       0.1326      -0.0457
                  0.0281       0.2835       0.1097       0.1357      -0.2343
   5      0       0.0366       0.0591       0.1519       0.1273      -0.0467
                  0.0333       0.2801       0.1091       0.1290      -0.2321
   5     60       0.0365       0.0590       0.1518       0.1272      -0.0468
                  0.0332       0.2800       0.1090       0.1289      -0.2322
   5     80       0.0354       0.0580       0.1508       0.1261      -0.0479
                  0.0321       0.2791       0.1081       0.1281      -0.2333
   5    100       0.0318       0.0544       0.1475       0.1224      -0.0514
                  0.0285       0.2761       0.1049       0.1254      -0.2372
 
 group  inft   Estimated free energy: 2-th solvent contribution (kcal/mol)
   1      0      -0.2671      -0.1799      -0.2390      -0.2435      -0.2348
                 -0.4579      -0.6008      -0.1660      -0.1787      -0.1821
   1     60      -0.2669      -0.1797      -0.2388      -0.2432      -0.2346
                 -0.4577      -0.6006      -0.1657      -0.1784      -0.1819
   1     80      -0.2659      -0.1786      -0.2377      -0.2420      -0.2336
                 -0.4568      -0.5999      -0.1645      -0.1766      -0.1809
   1    100      -0.2643      -0.1764      -0.2357      -0.2395      -0.2321
                 -0.4557      -0.5990      -0.1622      -0.1721      -0.1794
   2      0      -0.2636      -0.1765      -0.2364      -0.2450      -0.2313
                 -0.4564      -0.5915      -0.1570      -0.1807      -0.1821
   3      0      -0.2634      -0.1673      -0.2345      -0.2443      -0.2306
                 -0.4536      -0.5897      -0.1565      -0.1842      -0.1817
   4      0      -0.2595      -0.1717      -0.2342      -0.2466      -0.2292
                 -0.4549      -0.5873      -0.1513      -0.1817      -0.1838
   5      0      -0.2632      -0.1731      -0.2337      -0.2481      -0.2252
                 -0.4469      -0.5934      -0.1521      -0.1850      -0.1829
   5     60      -0.2630      -0.1729      -0.2334      -0.2478      -0.2250
                 -0.4466      -0.5932      -0.1518      -0.1846      -0.1827
   5     80      -0.2620      -0.1717      -0.2323      -0.2464      -0.2240
                 -0.4458      -0.5924      -0.1506      -0.1825      -0.1817
   5    100      -0.2610      -0.1702      -0.2312      -0.2446      -0.2232
                 -0.4453      -0.5921      -0.1489      -0.1787      -0.1809
 
 group  inft   Estimated free energy: 3-th solvent contribution (kcal/mol)
   1      0      -1.7394      -1.7731      -1.8961      -1.8772      -1.7495
                 -1.6840      -1.6818      -1.9096      -1.8860      -1.6167
   1     60      -1.7542      -1.7878      -1.9108      -1.8919      -1.7642
                 -1.6987      -1.6965      -1.9243      -1.9006      -1.6313
   1     80      -1.8915      -1.9247      -2.0482      -2.0290      -1.9015
                 -1.8358      -1.8344      -2.0619      -2.0376      -1.7682
   1    100      -2.4515      -2.4843      -2.6089      -2.5890      -2.4622
                 -2.3954      -2.3961      -2.6239      -2.5972      -2.3268
   2      0      -1.7410      -1.7752      -1.8966      -1.8798      -1.7543
                 -1.6869      -1.6836      -1.9105      -1.8871      -1.6196
   3      0      -1.7434      -1.7778      -1.8992      -1.8816      -1.7541
                 -1.6903      -1.6859      -1.9155      -1.8907      -1.6211
   4      0      -1.7373      -1.7709      -1.8923      -1.8712      -1.7531
                 -1.6841      -1.6797      -1.9069      -1.8808      -1.6179
   5      0      -1.7384      -1.7721      -1.8951      -1.8745      -1.7538
                 -1.6844      -1.6809      -1.9048      -1.8852      -1.6204
   5     60      -1.7586      -1.7923      -1.9154      -1.8946      -1.7740
                 -1.7045      -1.7012      -1.9250      -1.9053      -1.6406
   5     80      -1.9328      -1.9660      -2.0896      -2.0686      -1.9481
                 -1.8784      -1.8760      -2.0995      -2.0791      -1.8142
   5    100      -2.4511      -2.4841      -2.6088      -2.5869      -2.4672
                 -2.3964      -2.3959      -2.6197      -2.5970      -2.3315
 
 
 cumulative average & 95% error for solvation free energy
              total             1st component         2nd component         3rd component
  1    -1.9668                0.0401               -0.2634               -1.7434
  2    -1.9256     0.0823     0.0504     0.0206    -0.2153     0.0961    -1.7606     0.0344
  3    -1.9433     0.0592     0.0854     0.0709    -0.2217     0.0569    -1.8068     0.0945
  4    -1.9557     0.0487     0.0973     0.0555    -0.2274     0.0418    -1.8255     0.0766
  5    -1.9705     0.0479     0.0689     0.0713    -0.2280     0.0324    -1.8112     0.0659
  6    -1.9942     0.0615     0.0626     0.0596    -0.2656     0.0797    -1.7911     0.0672
  7    -1.9941     0.0520     0.0939     0.0804    -0.3119     0.1145    -1.7760     0.0643
  8    -1.9895     0.0459     0.0966     0.0698    -0.2925     0.1065    -1.7935     0.0657
  9    -1.9839     0.0420     0.1009     0.0622    -0.2805     0.0970    -1.8043     0.0618
 10    -1.9896     0.0392     0.0671     0.0876    -0.2706     0.0889    -1.7860     0.0663
