 ERmod 0.3.8, Copyright (C) 2000-2019 Nobuyuki Matubayasi
                            2010-2019 Shun Sakuraba
 ERmod comes with ABSOLUTELY NO WARRANTY.
 This is free software, and you can redistribute it
 and/or modify it under certain conditions.
 See LICENSE file for details.
 ERmod 0.3.8, Copyright (C) 2000-2019 Nobuyuki Matubayasi
                            2010-2019 Shun Sakuraba
 ERmod comes with ABSOLUTELY NO WARRANTY.
 This is free software, and you can redistribute it
 and/or modify it under certain conditions.
 See LICENSE file for details.
 
  Number of the   1-th solvent  =          180
  Number of the   2-th solvent  =          180
  Number of the   3-th solvent  =        10000
 
  Be sure that the solvent distribution is homogeneous (radial distribution function is essentially unity) when the solvent molecule is separated beyond distance of   10.0 Angstrom in any direction from any atom within the solute molecule
 
  LJ long-range correction    =        -0.0095     -0.0348     -0.5607
 
  Self-energy of the solute   =         0.0001  kcal/mol
 
 
 cumulative average & 95% error for solvation energy
              total             1st component         2nd component         3rd component
  1   -13.8826                0.3713               -0.9634              -13.2906
  2   -13.9271     0.0890     0.3887     0.0348    -0.9298     0.0671   -13.3861     0.1909
  3   -13.9396     0.0571     0.3966     0.0256    -0.9254     0.0397   -13.4109     0.1209
  4   -13.9449     0.0418     0.4011     0.0202    -0.8974     0.0625   -13.4487     0.1141
  5   -13.9481     0.0330     0.4072     0.0198    -0.8965     0.0485   -13.4590     0.0907
  6   -13.9387     0.0329     0.4054     0.0166    -0.9028     0.0415   -13.4414     0.0819
  7   -13.9397     0.0278     0.3992     0.0187    -0.8978     0.0365   -13.4412     0.0693
  8   -13.9406     0.0242     0.3986     0.0162    -0.8916     0.0339   -13.4476     0.0613
  9   -13.9498     0.0282     0.3978     0.0144    -0.8866     0.0316   -13.4611     0.0604
 10   -13.9511     0.0253     0.3945     0.0144    -0.8851     0.0284   -13.4606     0.0540
 
 
 group  inft  solvation free energy     error          difference
  total solvation free energy
   1      0          4.68055           0.01707           0.00400
   1     60          4.66317           0.01710          -0.01337
   1     80          4.51153           0.01747          -0.16502
   1    100          3.90508           0.01905          -0.77146
   2      0          4.66890           0.01763          -0.00765
   3      0          4.67654           0.01771           0.00000
   4      0          4.66948           0.01747          -0.00707
   5      0          4.71163           0.01655           0.03509
   5     60          4.68785           0.01660           0.01131
   5     80          4.49481           0.01704          -0.18173
   5    100          3.92823           0.01841          -0.74831
 
  contribution from  1-th solvent component
   1      0          0.61724           0.01338           0.00339
   1     60          0.61743           0.01342           0.00359
   1     80          0.61817           0.01385           0.00433
   1    100          0.61714           0.01554           0.00329
   2      0          0.61469           0.01323           0.00084
   3      0          0.61384           0.01329           0.00000
   4      0          0.61259           0.01304          -0.00125
   5      0          0.61256           0.01308          -0.00128
   5     60          0.61277           0.01313          -0.00107
   5     80          0.61327           0.01365          -0.00057
   5    100          0.61151           0.01516          -0.00233
 
  contribution from  2-th solvent component
   1      0         -0.27140           0.01472           0.00443
   1     60         -0.27176           0.01473           0.00407
   1     80         -0.27485           0.01478           0.00097
   1    100         -0.28696           0.01494          -0.01113
   2      0         -0.27497           0.01473           0.00086
   3      0         -0.27583           0.01459           0.00000
   4      0         -0.27727           0.01457          -0.00144
   5      0         -0.27709           0.01433          -0.00126
   5     60         -0.27759           0.01434          -0.00176
   5     80         -0.28164           0.01439          -0.00582
   5    100         -0.29315           0.01452          -0.01732
 
  contribution from  3-th solvent component
   1      0          4.33465           0.02452          -0.00382
   1     60          4.31743           0.02454          -0.02104
   1     80          4.16815           0.02472          -0.17032
   1    100          3.57484           0.02554          -0.76363
   2      0          4.32912           0.02442          -0.00935
   3      0          4.33847           0.02459           0.00000
   4      0          4.33409           0.02383          -0.00438
   5      0          4.37610           0.02363           0.03763
   5     60          4.35260           0.02365           0.01414
   5     80          4.16313           0.02387          -0.17534
   5    100          3.60981           0.02459          -0.72866
 
 
 group  inft   Estimated free energy: total (kcal/mol)
   1      0       4.7070       4.6672       4.6508       4.6994       4.7096
                  4.7149       4.6776       4.6797       4.6339       4.6655
   1     60       4.6896       4.6498       4.6334       4.6821       4.6924
                  4.6976       4.6601       4.6623       4.6164       4.6480
   1     80       4.5378       4.4985       4.4814       4.5312       4.5422
                  4.5465       4.5079       4.5104       4.4638       4.4956
   1    100       3.9313       3.8928       3.8742       3.9277       3.9412
                  3.9429       3.8991       3.9027       3.8530       3.8858
   2      0       4.6955       4.6560       4.6379       4.6951       4.6955
                  4.7029       4.6668       4.6678       4.6215       4.6500
   3      0       4.7039       4.6650       4.6461       4.7030       4.7032
                  4.7105       4.6756       4.6730       4.6290       4.6563
   4      0       4.6954       4.6574       4.6376       4.6974       4.6969
                  4.7012       4.6684       4.6674       4.6237       4.6493
   5      0       4.7354       4.7023       4.6813       4.7318       4.7407
                  4.7419       4.7106       4.7101       4.6645       4.6978
   5     60       4.7116       4.6785       4.6575       4.7082       4.7171
                  4.7181       4.6868       4.6862       4.6406       4.6739
   5     80       4.5186       4.4858       4.4641       4.5160       4.5259
                  4.5257       4.4931       4.4928       4.4464       4.4798
   5    100       3.9521       3.9199       3.8970       3.9520       3.9641
                  3.9614       3.9247       3.9249       3.8762       3.9101
 
 group  inft   Estimated free energy: 1-th solvent contribution (kcal/mol)
   1      0       0.6050       0.6236       0.6295       0.6250       0.6607
                  0.6300       0.5900       0.6082       0.6093       0.5910
   1     60       0.6051       0.6239       0.6297       0.6252       0.6610
                  0.6303       0.5901       0.6084       0.6094       0.5912
   1     80       0.6053       0.6252       0.6306       0.6262       0.6632
                  0.6314       0.5901       0.6089       0.6098       0.5911
   1    100       0.6023       0.6260       0.6305       0.6261       0.6677
                  0.6319       0.5858       0.6068       0.6073       0.5869
   2      0       0.6016       0.6218       0.6260       0.6228       0.6579
                  0.6268       0.5888       0.6062       0.6066       0.5883
   3      0       0.6009       0.6214       0.6244       0.6220       0.6576
                  0.6260       0.5879       0.6048       0.6059       0.5875
   4      0       0.5997       0.6202       0.6230       0.6208       0.6555
                  0.6244       0.5869       0.6033       0.6047       0.5873
   5      0       0.5995       0.6202       0.6229       0.6209       0.6560
                  0.6237       0.5871       0.6031       0.6046       0.5876
   5     60       0.5996       0.6205       0.6232       0.6211       0.6564
                  0.6240       0.5872       0.6033       0.6048       0.5877
   5     80       0.5995       0.6216       0.6238       0.6219       0.6587
                  0.6249       0.5868       0.6035       0.6049       0.5872
   5    100       0.5960       0.6216       0.6228       0.6208       0.6620
                  0.6243       0.5822       0.6008       0.6019       0.5826
 
 group  inft   Estimated free energy: 2-th solvent contribution (kcal/mol)
   1      0      -0.3090      -0.2759      -0.2902      -0.2346      -0.2755
                 -0.2987      -0.2629      -0.2484      -0.2529      -0.2660
   1     60      -0.3093      -0.2762      -0.2905      -0.2349      -0.2759
                 -0.2991      -0.2633      -0.2487      -0.2532      -0.2663
   1     80      -0.3125      -0.2793      -0.2937      -0.2379      -0.2790
                 -0.3023      -0.2664      -0.2517      -0.2563      -0.2694
   1    100      -0.3249      -0.2914      -0.3061      -0.2494      -0.2911
                 -0.3147      -0.2785      -0.2634      -0.2684      -0.2816
   2      0      -0.3113      -0.2789      -0.2935      -0.2376      -0.2795
                 -0.3037      -0.2663      -0.2515      -0.2574      -0.2701
   3      0      -0.3126      -0.2795      -0.2942      -0.2402      -0.2797
                 -0.3044      -0.2670      -0.2524      -0.2578      -0.2705
   4      0      -0.3137      -0.2817      -0.2953      -0.2409      -0.2812
                 -0.3058      -0.2682      -0.2539      -0.2600      -0.2721
   5      0      -0.3129      -0.2802      -0.2957      -0.2423      -0.2811
                 -0.3052      -0.2682      -0.2535      -0.2597      -0.2721
   5     60      -0.3134      -0.2807      -0.2963      -0.2428      -0.2816
                 -0.3057      -0.2687      -0.2540      -0.2602      -0.2726
   5     80      -0.3176      -0.2847      -0.3004      -0.2467      -0.2857
                 -0.3099      -0.2727      -0.2579      -0.2642      -0.2767
   5    100      -0.3293      -0.2963      -0.3121      -0.2578      -0.2972
                 -0.3216      -0.2842      -0.2691      -0.2757      -0.2882
 
 group  inft   Estimated free energy: 3-th solvent contribution (kcal/mol)
   1      0       4.4109       4.3193       4.3114       4.3089       4.3243
                  4.3835       4.3504       4.3198       4.2775       4.3403
   1     60       4.3938       4.3021       4.2941       4.2917       4.3071
                  4.3663       4.3332       4.3026       4.2602       4.3231
   1     80       4.2450       4.1526       4.1444       4.1428       4.1579
                  4.2174       4.1841       4.1532       4.1102       4.1739
   1    100       3.6539       3.5582       3.5497       3.5510       3.5645
                  3.6257       3.5917       3.5592       3.5140       3.5805
   2      0       4.4051       4.3130       4.3053       4.3098       4.3169
                  4.3797       4.3443       4.3131       4.2722       4.3317
   3      0       4.4155       4.3230       4.3158       4.3211       4.3253
                  4.3888       4.3546       4.3205       4.2808       4.3392
   4      0       4.4093       4.3189       4.3098       4.3173       4.3226
                  4.3826       4.3496       4.3179       4.2789       4.3341
   5      0       4.4488       4.3622       4.3541       4.3532       4.3657
                  4.4233       4.3916       4.3604       4.3195       4.3822
   5     60       4.4254       4.3386       4.3305       4.3298       4.3422
                  4.3998       4.3682       4.3369       4.2959       4.3587
   5     80       4.2366       4.1488       4.1406       4.1407       4.1528
                  4.2107       4.1789       4.1472       4.1056       4.1693
   5    100       3.6853       3.5945       3.5862       3.5888       3.5992
                  3.6586       3.6266       3.5932       3.5499       3.6157
 
 
 cumulative average & 95% error for solvation free energy
              total             1st component         2nd component         3rd component
  1     4.7039                0.6009               -0.3126                4.4155
  2     4.6845     0.0389     0.6112     0.0205    -0.2961     0.0332     4.3693     0.0925
  3     4.6717     0.0341     0.6156     0.0147    -0.2954     0.0192     4.3515     0.0642
  4     4.6795     0.0287     0.6172     0.0109    -0.2816     0.0308     4.3439     0.0479
  5     4.6842     0.0242     0.6253     0.0182    -0.2812     0.0239     4.3401     0.0378
  6     4.6886     0.0216     0.6254     0.0149    -0.2851     0.0210     4.3483     0.0349
  7     4.6867     0.0186     0.6200     0.0165    -0.2825     0.0184     4.3492     0.0295
  8     4.6850     0.0165     0.6181     0.0148    -0.2787     0.0177     4.3456     0.0266
  9     4.6788     0.0192     0.6168     0.0133    -0.2764     0.0163     4.3384     0.0275
 10     4.6765     0.0177     0.6138     0.0133    -0.2758     0.0146     4.3385     0.0246
