 ERmod 0.3.8, Copyright (C) 2000-2019 Nobuyuki Matubayasi
                            2010-2019 Shun Sakuraba
 ERmod comes with ABSOLUTELY NO WARRANTY.
 This is free software, and you can redistribute it
 and/or modify it under certain conditions.
 See LICENSE file for details.
 ERmod 0.3.8, Copyright (C) 2000-2019 Nobuyuki Matubayasi
                            2010-2019 Shun Sakuraba
 ERmod comes with ABSOLUTELY NO WARRANTY.
 This is free software, and you can redistribute it
 and/or modify it under certain conditions.
 See LICENSE file for details.
 
  Number of the   1-th solvent  =           90
  Number of the   2-th solvent  =           90
  Number of the   3-th solvent  =        10000
 
  Be sure that the solvent distribution is homogeneous (radial distribution function is essentially unity) when the solvent molecule is separated beyond distance of   10.0 Angstrom in any direction from any atom within the solute molecule
 
  LJ long-range correction    =        -0.0005     -0.0011     -0.1229
 
  Self-energy of the solute   =         0.0000  kcal/mol
 
 
 cumulative average & 95% error for solvation energy
              total             1st component         2nd component         3rd component
  1    -3.6118                0.0180               -0.0411               -3.5887
  2    -3.6046     0.0144     0.0201     0.0042    -0.0398     0.0026    -3.5849     0.0077
  3    -3.6118     0.0166     0.0184     0.0040    -0.0413     0.0033    -3.5890     0.0093
  4    -3.6166     0.0152     0.0186     0.0029    -0.0430     0.0042    -3.5923     0.0093
  5    -3.6164     0.0118     0.0193     0.0026    -0.0424     0.0034    -3.5933     0.0075
  6    -3.6179     0.0101     0.0190     0.0023    -0.0431     0.0031    -3.5937     0.0062
  7    -3.6157     0.0096     0.0189     0.0019    -0.0426     0.0028    -3.5920     0.0063
  8    -3.6169     0.0087     0.0192     0.0018    -0.0425     0.0025    -3.5937     0.0064
  9    -3.6160     0.0079     0.0193     0.0015    -0.0414     0.0030    -3.5939     0.0056
 10    -3.6156     0.0071     0.0196     0.0015    -0.0414     0.0027    -3.5937     0.0051
 
 
 group  inft  solvation free energy     error          difference
  total solvation free energy
   1      0          2.72155           0.00987           0.01903
   1     60          2.71134           0.00990           0.00882
   1     80          2.64339           0.01016          -0.05913
   1    100          2.41392           0.01121          -0.28860
   2      0          2.72658           0.00961           0.02406
   3      0          2.70252           0.00947           0.00000
   4      0          2.76542           0.00847           0.06290
   5      0          2.70543           0.00929           0.00291
   5     60          2.69200           0.00933          -0.01052
   5     80          2.60863           0.00967          -0.09389
   5    100          2.39515           0.01065          -0.30737
 
  contribution from  1-th solvent component
   1      0          0.04347           0.00261           0.00330
   1     60          0.04346           0.00260           0.00329
   1     80          0.04372           0.00263           0.00355
   1    100          0.04411           0.00285           0.00394
   2      0          0.04101           0.00228           0.00083
   3      0          0.04017           0.00215           0.00000
   4      0          0.03908           0.00207          -0.00109
   5      0          0.03964           0.00193          -0.00053
   5     60          0.03966           0.00192          -0.00051
   5     80          0.03989           0.00196          -0.00029
   5    100          0.03999           0.00217          -0.00018
 
  contribution from  2-th solvent component
   1      0         -0.01265           0.00794           0.00255
   1     60         -0.01243           0.00795           0.00276
   1     80         -0.01177           0.00809           0.00343
   1    100         -0.01053           0.00864           0.00467
   2      0         -0.01459           0.00752           0.00061
   3      0         -0.01520           0.00707           0.00000
   4      0         -0.01538           0.00706          -0.00018
   5      0         -0.01599           0.00688          -0.00079
   5     60         -0.01573           0.00690          -0.00054
   5     80         -0.01501           0.00707           0.00019
   5    100         -0.01397           0.00760           0.00123
 
  contribution from  3-th solvent component
   1      0          2.69073           0.00805           0.01319
   1     60          2.68031           0.00808           0.00277
   1     80          2.61143           0.00829          -0.06611
   1    100          2.38033           0.00909          -0.29721
   2      0          2.70016           0.00776           0.02262
   3      0          2.67754           0.00799           0.00000
   4      0          2.74171           0.00678           0.06417
   5      0          2.68177           0.00772           0.00423
   5     60          2.66807           0.00775          -0.00947
   5     80          2.58375           0.00803          -0.09379
   5    100          2.36912           0.00878          -0.30842
 
 
 group  inft   Estimated free energy: total (kcal/mol)
   1      0       2.7209       2.7495       2.7071       2.7106       2.7122
                  2.7148       2.7204       2.7033       2.7430       2.7338
   1     60       2.7106       2.7394       2.6969       2.7003       2.7019
                  2.7046       2.7102       2.6930       2.7329       2.7236
   1     80       2.6429       2.6721       2.6285       2.6319       2.6338
                  2.6364       2.6423       2.6244       2.6653       2.6562
   1    100       2.4142       2.4458       2.3977       2.4007       2.4033
                  2.4062       2.4127       2.3928       2.4372       2.4285
   2      0       2.7258       2.7537       2.7140       2.7184       2.7138
                  2.7216       2.7227       2.7088       2.7469       2.7400
   3      0       2.7001       2.7290       2.6903       2.6941       2.6892
                  2.6989       2.7013       2.6842       2.7218       2.7163
   4      0       2.7653       2.7875       2.7546       2.7575       2.7530
                  2.7623       2.7631       2.7491       2.7848       2.7769
   5      0       2.7022       2.7316       2.6961       2.6976       2.6913
                  2.7002       2.7047       2.6874       2.7247       2.7185
   5     60       2.6888       2.7183       2.6826       2.6842       2.6778
                  2.6867       2.6913       2.6739       2.7114       2.7051
   5     80       2.6055       2.6360       2.5988       2.6003       2.5940
                  2.6032       2.6081       2.5898       2.6285       2.6222
   5    100       2.3926       2.4256       2.3841       2.3852       2.3794
                  2.3891       2.3945       2.3743       2.4164       2.4103
 
 group  inft   Estimated free energy: 1-th solvent contribution (kcal/mol)
   1      0       0.0413       0.0480       0.0382       0.0422       0.0484
                  0.0409       0.0411       0.0473       0.0388       0.0486
   1     60       0.0413       0.0479       0.0382       0.0422       0.0484
                  0.0409       0.0411       0.0472       0.0388       0.0486
   1     80       0.0416       0.0482       0.0384       0.0424       0.0487
                  0.0411       0.0414       0.0475       0.0390       0.0489
   1    100       0.0419       0.0491       0.0383       0.0426       0.0494
                  0.0413       0.0413       0.0482       0.0393       0.0498
   2      0       0.0398       0.0452       0.0367       0.0398       0.0439
                  0.0390       0.0385       0.0446       0.0365       0.0461
   3      0       0.0391       0.0440       0.0361       0.0382       0.0434
                  0.0385       0.0383       0.0435       0.0359       0.0447
   4      0       0.0386       0.0430       0.0352       0.0369       0.0416
                  0.0377       0.0369       0.0425       0.0350       0.0435
   5      0       0.0386       0.0435       0.0360       0.0378       0.0424
                  0.0385       0.0378       0.0425       0.0358       0.0436
   5     60       0.0386       0.0435       0.0360       0.0378       0.0424
                  0.0386       0.0378       0.0425       0.0358       0.0435
   5     80       0.0388       0.0438       0.0362       0.0380       0.0428
                  0.0388       0.0380       0.0427       0.0360       0.0438
   5    100       0.0388       0.0444       0.0358       0.0379       0.0432
                  0.0387       0.0378       0.0432       0.0359       0.0444
 
 group  inft   Estimated free energy: 2-th solvent contribution (kcal/mol)
   1      0      -0.0132      -0.0151      -0.0145      -0.0206      -0.0142
                 -0.0207      -0.0162      -0.0171       0.0223      -0.0173
   1     60      -0.0130      -0.0149      -0.0143      -0.0204      -0.0140
                 -0.0205      -0.0160      -0.0169       0.0226      -0.0171
   1     80      -0.0121      -0.0142      -0.0137      -0.0200      -0.0133
                 -0.0201      -0.0154      -0.0164       0.0238      -0.0164
   1    100      -0.0101      -0.0128      -0.0123      -0.0202      -0.0120
                 -0.0198      -0.0142      -0.0160       0.0272      -0.0152
   2      0      -0.0156      -0.0160      -0.0164      -0.0205      -0.0176
                 -0.0216      -0.0195      -0.0188       0.0188      -0.0186
   3      0      -0.0164      -0.0173      -0.0164      -0.0206      -0.0179
                 -0.0217      -0.0203      -0.0191       0.0162      -0.0185
   4      0      -0.0163      -0.0171      -0.0170      -0.0206      -0.0188
                 -0.0217      -0.0201      -0.0192       0.0160      -0.0191
   5      0      -0.0169      -0.0177      -0.0178      -0.0212      -0.0189
                 -0.0224      -0.0208      -0.0194       0.0146      -0.0192
   5     60      -0.0167      -0.0174      -0.0176      -0.0210      -0.0187
                 -0.0222      -0.0205      -0.0192       0.0149      -0.0190
   5     80      -0.0157      -0.0166      -0.0169      -0.0207      -0.0180
                 -0.0218      -0.0198      -0.0188       0.0164      -0.0182
   5    100      -0.0139      -0.0154      -0.0157      -0.0208      -0.0169
                 -0.0217      -0.0189      -0.0185       0.0195      -0.0172
 
 group  inft   Estimated free energy: 3-th solvent contribution (kcal/mol)
   1      0       2.6928       2.7166       2.6835       2.6890       2.6780
                  2.6945       2.6955       2.6731       2.6819       2.7025
   1     60       2.6823       2.7063       2.6730       2.6785       2.6675
                  2.6841       2.6851       2.6626       2.6714       2.6921
   1     80       2.6134       2.6381       2.6038       2.6096       2.5983
                  2.6154       2.6163       2.5933       2.6024       2.6237
   1    100       2.3824       2.4095       2.3717       2.3783       2.3659
                  2.3848       2.3856       2.3606       2.3707       2.3939
   2      0       2.7016       2.7245       2.6937       2.6991       2.6875
                  2.7042       2.7037       2.6830       2.6916       2.7126
   3      0       2.6773       2.7023       2.6706       2.6766       2.6637
                  2.6821       2.6832       2.6598       2.6697       2.6901
   4      0       2.7430       2.7616       2.7365       2.7412       2.7302
                  2.7464       2.7463       2.7257       2.7339       2.7525
   5      0       2.6806       2.7058       2.6779       2.6811       2.6678
                  2.6840       2.6877       2.6644       2.6744       2.6941
   5     60       2.6669       2.6922       2.6641       2.6673       2.6540
                  2.6703       2.6740       2.6506       2.6606       2.6805
   5     80       2.5824       2.6088       2.5795       2.5830       2.5692
                  2.5862       2.5899       2.5658       2.5762       2.5966
   5    100       2.3677       2.3966       2.3640       2.3682       2.3532
                  2.3721       2.3757       2.3496       2.3610       2.3831
 
 
 cumulative average & 95% error for solvation free energy
              total             1st component         2nd component         3rd component
  1     2.7001                0.0391               -0.0164                2.6773
  2     2.7146     0.0290     0.0416     0.0049    -0.0168     0.0009     2.6898     0.0250
  3     2.7065     0.0233     0.0397     0.0046    -0.0167     0.0006     2.6834     0.0193
  4     2.7034     0.0176     0.0393     0.0034    -0.0177     0.0020     2.6817     0.0140
  5     2.7005     0.0147     0.0402     0.0031    -0.0177     0.0016     2.6781     0.0130
  6     2.7003     0.0121     0.0399     0.0026    -0.0184     0.0018     2.6788     0.0107
  7     2.7004     0.0102     0.0397     0.0022    -0.0186     0.0016     2.6794     0.0092
  8     2.6984     0.0097     0.0401     0.0022    -0.0187     0.0014     2.6769     0.0093
  9     2.7010     0.0100     0.0397     0.0021    -0.0148     0.0079     2.6761     0.0084
 10     2.7025     0.0095     0.0402     0.0022    -0.0152     0.0071     2.6775     0.0080
