 ERmod 0.3.8, Copyright (C) 2000-2019 Nobuyuki Matubayasi
                            2010-2019 Shun Sakuraba
 ERmod comes with ABSOLUTELY NO WARRANTY.
 This is free software, and you can redistribute it
 and/or modify it under certain conditions.
 See LICENSE file for details.
 ERmod 0.3.8, Copyright (C) 2000-2019 Nobuyuki Matubayasi
                            2010-2019 Shun Sakuraba
 ERmod comes with ABSOLUTELY NO WARRANTY.
 This is free software, and you can redistribute it
 and/or modify it under certain conditions.
 See LICENSE file for details.
 
  Number of the   1-th solvent  =           90
  Number of the   2-th solvent  =           90
  Number of the   3-th solvent  =        10000
 
  Be sure that the solvent distribution is homogeneous (radial distribution function is essentially unity) when the solvent molecule is separated beyond distance of   10.0 Angstrom in any direction from any atom within the solute molecule
 
  LJ long-range correction    =        -0.0010     -0.0011     -0.1222
 
  Self-energy of the solute   =         0.0000  kcal/mol
 
 
 cumulative average & 95% error for solvation energy
              total             1st component         2nd component         3rd component
  1    -3.5995                0.0103               -0.0433               -3.5665
  2    -3.6112     0.0235     0.0120     0.0035    -0.0464     0.0062    -3.5769     0.0209
  3    -3.6068     0.0162     0.0132     0.0031    -0.0430     0.0076    -3.5770     0.0121
  4    -3.6088     0.0121     0.0114     0.0042    -0.0428     0.0054    -3.5773     0.0086
  5    -3.6052     0.0118     0.0118     0.0033    -0.0419     0.0046    -3.5750     0.0081
  6    -3.6051     0.0096     0.0118     0.0027    -0.0411     0.0041    -3.5758     0.0068
  7    -3.6052     0.0081     0.0121     0.0024    -0.0411     0.0034    -3.5762     0.0058
  8    -3.6082     0.0093     0.0118     0.0022    -0.0407     0.0031    -3.5793     0.0079
  9    -3.6103     0.0093     0.0104     0.0034    -0.0411     0.0028    -3.5797     0.0070
 10    -3.6107     0.0083     0.0107     0.0031    -0.0412     0.0025    -3.5802     0.0064
 
 
 group  inft  solvation free energy     error          difference
  total solvation free energy
   1      0          2.70552           0.00838           0.01788
   1     60          2.69559           0.00841           0.00795
   1     80          2.62786           0.00866          -0.05978
   1    100          2.39834           0.00954          -0.28930
   2      0          2.71190           0.00808           0.02426
   3      0          2.68764           0.00841           0.00000
   4      0          2.75183           0.00757           0.06419
   5      0          2.69134           0.00811           0.00370
   5     60          2.67814           0.00815          -0.00950
   5     80          2.59513           0.00844          -0.09251
   5    100          2.38145           0.00922          -0.30619
 
  contribution from  1-th solvent component
   1      0          0.05968           0.00287           0.00244
   1     60          0.05969           0.00288           0.00245
   1     80          0.05968           0.00296           0.00244
   1    100          0.05902           0.00333           0.00178
   2      0          0.05794           0.00256           0.00071
   3      0          0.05724           0.00243           0.00000
   4      0          0.05653           0.00252          -0.00071
   5      0          0.05657           0.00240          -0.00067
   5     60          0.05658           0.00241          -0.00066
   5     80          0.05641           0.00251          -0.00082
   5    100          0.05545           0.00280          -0.00178
 
  contribution from  2-th solvent component
   1      0         -0.01480           0.00433           0.00224
   1     60         -0.01459           0.00434           0.00246
   1     80         -0.01393           0.00445           0.00312
   1    100         -0.01262           0.00495           0.00442
   2      0         -0.01638           0.00384           0.00067
   3      0         -0.01704           0.00357           0.00000
   4      0         -0.01703           0.00350           0.00001
   5      0         -0.01765           0.00350          -0.00061
   5     60         -0.01740           0.00351          -0.00036
   5     80         -0.01668           0.00366           0.00037
   5    100         -0.01555           0.00413           0.00149
 
  contribution from  3-th solvent component
   1      0          2.66065           0.00807           0.01320
   1     60          2.65049           0.00810           0.00304
   1     80          2.58210           0.00834          -0.06534
   1    100          2.35194           0.00916          -0.29551
   2      0          2.67034           0.00796           0.02289
   3      0          2.64745           0.00827           0.00000
   4      0          2.71234           0.00773           0.06489
   5      0          2.65242           0.00795           0.00497
   5     60          2.63897           0.00799          -0.00848
   5     80          2.55539           0.00827          -0.09206
   5    100          2.34155           0.00901          -0.30589
 
 
 group  inft   Estimated free energy: total (kcal/mol)
   1      0       2.7282       2.6899       2.7228       2.7029       2.7032
                  2.7058       2.7124       2.6954       2.6866       2.7081
   1     60       2.7183       2.6799       2.7129       2.6930       2.6932
                  2.6959       2.7025       2.6855       2.6766       2.6982
   1     80       2.6510       2.6117       2.6458       2.6252       2.6255
                  2.6281       2.6350       2.6175       2.6081       2.6307
   1    100       2.4232       2.3810       2.4189       2.3952       2.3960
                  2.3982       2.4060       2.3873       2.3760       2.4015
   2      0       2.7332       2.6973       2.7287       2.7114       2.7084
                  2.7101       2.7183       2.7002       2.6946       2.7169
   3      0       2.7099       2.6724       2.7049       2.6886       2.6844
                  2.6847       2.6937       2.6760       2.6690       2.6928
   4      0       2.7728       2.7384       2.7661       2.7507       2.7473
                  2.7494       2.7588       2.7412       2.7362       2.7575
   5      0       2.7115       2.6763       2.7079       2.6902       2.6909
                  2.6896       2.6970       2.6773       2.6743       2.6984
   5     60       2.6984       2.6630       2.6948       2.6770       2.6776
                  2.6764       2.6839       2.6641       2.6610       2.6852
   5     80       2.6159       2.5795       2.6126       2.5938       2.5946
                  2.5934       2.6010       2.5809       2.5772       2.6024
   5    100       2.4039       2.3645       2.4014       2.3796       2.3810
                  2.3797       2.3876       2.3667       2.3613       2.3889
 
 group  inft   Estimated free energy: 1-th solvent contribution (kcal/mol)
   1      0       0.0585       0.0668       0.0606       0.0556       0.0617
                  0.0574       0.0645       0.0574       0.0514       0.0629
   1     60       0.0585       0.0668       0.0606       0.0556       0.0617
                  0.0574       0.0645       0.0574       0.0514       0.0629
   1     80       0.0583       0.0671       0.0608       0.0554       0.0617
                  0.0573       0.0646       0.0573       0.0512       0.0630
   1    100       0.0572       0.0678       0.0607       0.0543       0.0610
                  0.0564       0.0641       0.0563       0.0497       0.0626
   2      0       0.0568       0.0640       0.0587       0.0543       0.0601
                  0.0561       0.0616       0.0561       0.0503       0.0613
   3      0       0.0562       0.0634       0.0578       0.0539       0.0593
                  0.0554       0.0605       0.0561       0.0498       0.0602
   4      0       0.0555       0.0630       0.0565       0.0533       0.0589
                  0.0546       0.0596       0.0555       0.0488       0.0597
   5      0       0.0556       0.0625       0.0566       0.0538       0.0587
                  0.0548       0.0595       0.0557       0.0489       0.0596
   5     60       0.0556       0.0625       0.0566       0.0537       0.0587
                  0.0549       0.0595       0.0557       0.0489       0.0596
   5     80       0.0552       0.0628       0.0566       0.0535       0.0586
                  0.0546       0.0594       0.0555       0.0485       0.0595
   5    100       0.0539       0.0630       0.0561       0.0521       0.0576
                  0.0535       0.0586       0.0542       0.0469       0.0588
 
 group  inft   Estimated free energy: 2-th solvent contribution (kcal/mol)
   1      0      -0.0188      -0.0233      -0.0019      -0.0174      -0.0130
                 -0.0087      -0.0196      -0.0080      -0.0152      -0.0219
   1     60      -0.0186      -0.0231      -0.0017      -0.0172      -0.0128
                 -0.0085      -0.0194      -0.0077      -0.0150      -0.0217
   1     80      -0.0181      -0.0227      -0.0007      -0.0166      -0.0119
                 -0.0078      -0.0189      -0.0069      -0.0144      -0.0212
   1    100      -0.0171      -0.0225       0.0019      -0.0156      -0.0098
                 -0.0061      -0.0182      -0.0047      -0.0133      -0.0208
   2      0      -0.0200      -0.0234      -0.0042      -0.0182      -0.0154
                 -0.0112      -0.0214      -0.0111      -0.0163      -0.0226
   3      0      -0.0199      -0.0234      -0.0056      -0.0189      -0.0166
                 -0.0124      -0.0220      -0.0122      -0.0168      -0.0228
   4      0      -0.0202      -0.0234      -0.0059      -0.0187      -0.0164
                 -0.0125      -0.0219      -0.0124      -0.0163      -0.0226
   5      0      -0.0209      -0.0243      -0.0065      -0.0196      -0.0164
                 -0.0131      -0.0225      -0.0137      -0.0167      -0.0230
   5     60      -0.0207      -0.0241      -0.0062      -0.0193      -0.0161
                 -0.0128      -0.0222      -0.0134      -0.0164      -0.0228
   5     80      -0.0200      -0.0237      -0.0050      -0.0187      -0.0151
                 -0.0120      -0.0217      -0.0124      -0.0157      -0.0223
   5    100      -0.0192      -0.0236      -0.0026      -0.0180      -0.0132
                 -0.0105      -0.0212      -0.0105      -0.0148      -0.0220
 
 group  inft   Estimated free energy: 3-th solvent contribution (kcal/mol)
   1      0       2.6885       2.6464       2.6641       2.6648       2.6545
                  2.6572       2.6675       2.6460       2.6504       2.6671
   1     60       2.6785       2.6362       2.6540       2.6546       2.6443
                  2.6470       2.6574       2.6358       2.6402       2.6570
   1     80       2.6108       2.5673       2.5858       2.5864       2.5757
                  2.5785       2.5893       2.5671       2.5713       2.5889
   1    100       2.3831       2.3356       2.3563       2.3565       2.3449
                  2.3479       2.3601       2.3357       2.3396       2.3597
   2      0       2.6964       2.6566       2.6743       2.6752       2.6636
                  2.6651       2.6781       2.6553       2.6606       2.6781
   3      0       2.6737       2.6323       2.6527       2.6536       2.6417
                  2.6417       2.6552       2.6322       2.6360       2.6555
   4      0       2.7375       2.6988       2.7155       2.7161       2.7048
                  2.7073       2.7211       2.6981       2.7037       2.7204
   5      0       2.6768       2.6381       2.6578       2.6560       2.6485
                  2.6478       2.6600       2.6353       2.6421       2.6618
   5     60       2.6635       2.6246       2.6444       2.6426       2.6350
                  2.6343       2.6466       2.6218       2.6286       2.6484
   5     80       2.5807       2.5404       2.5611       2.5591       2.5511
                  2.5507       2.5633       2.5379       2.5445       2.5652
   5    100       2.3692       2.3251       2.3479       2.3455       2.3366
                  2.3367       2.3503       2.3230       2.3292       2.3521
 
 
 cumulative average & 95% error for solvation free energy
              total             1st component         2nd component         3rd component
  1     2.7099                0.0562               -0.0199                2.6737
  2     2.6911     0.0375     0.0598     0.0072    -0.0217     0.0034     2.6530     0.0414
  3     2.6957     0.0235     0.0591     0.0044    -0.0163     0.0109     2.6529     0.0239
  4     2.6940     0.0170     0.0578     0.0040    -0.0169     0.0078     2.6531     0.0169
  5     2.6920     0.0137     0.0581     0.0032    -0.0169     0.0061     2.6508     0.0138
  6     2.6908     0.0115     0.0576     0.0028    -0.0161     0.0052     2.6493     0.0117
  7     2.6912     0.0097     0.0580     0.0025    -0.0169     0.0047     2.6501     0.0100
  8     2.6893     0.0092     0.0578     0.0022    -0.0164     0.0042     2.6479     0.0098
  9     2.6871     0.0093     0.0569     0.0026    -0.0164     0.0037     2.6466     0.0090
 10     2.6876     0.0084     0.0572     0.0024    -0.0170     0.0036     2.6474     0.0083
