 ERmod 0.3.8, Copyright (C) 2000-2019 Nobuyuki Matubayasi
                            2010-2019 Shun Sakuraba
 ERmod comes with ABSOLUTELY NO WARRANTY.
 This is free software, and you can redistribute it
 and/or modify it under certain conditions.
 See LICENSE file for details.
 ERmod 0.3.8, Copyright (C) 2000-2019 Nobuyuki Matubayasi
                            2010-2019 Shun Sakuraba
 ERmod comes with ABSOLUTELY NO WARRANTY.
 This is free software, and you can redistribute it
 and/or modify it under certain conditions.
 See LICENSE file for details.
 
  Number of the   1-th solvent  =           90
  Number of the   2-th solvent  =           90
  Number of the   3-th solvent  =        10000
 
  Be sure that the solvent distribution is homogeneous (radial distribution function is essentially unity) when the solvent molecule is separated beyond distance of   10.0 Angstrom in any direction from any atom within the solute molecule
 
  LJ long-range correction    =        -0.0024     -0.0192     -0.6172
 
  Self-energy of the solute   =        -0.0001  kcal/mol
 
 
 cumulative average & 95% error for solvation energy
              total             1st component         2nd component         3rd component
  1   -26.6743               -0.3274               -1.0922              -25.2547
  2   -26.6143     0.1201    -0.2035     0.2477    -0.9262     0.3321   -25.4845     0.4597
  3   -26.6052     0.0717    -0.0293     0.3766    -0.9790     0.2189   -25.5968     0.3476
  4   -26.6218     0.0606    -0.2741     0.5572    -0.8813     0.2492   -25.4663     0.3585
  5   -26.6485     0.0711    -0.2818     0.4319    -0.8368     0.2126   -25.5298     0.3053
  6   -26.6243     0.0756    -0.2673     0.3538    -0.9526     0.2893   -25.4043     0.3538
  7   -26.6200     0.0645    -0.1939     0.3332    -1.0081     0.2686   -25.4180     0.3003
  8   -26.6095     0.0597    -0.2107     0.2905    -1.0055     0.2326   -25.3932     0.2647
  9   -26.6075     0.0528    -0.1802     0.2634    -1.0452     0.2200   -25.3820     0.2345
 10   -26.6082     0.0472    -0.2585     0.2829    -1.0015     0.2153   -25.3480     0.2205
 
 
 group  inft  solvation free energy     error          difference
  total solvation free energy
   1      0         -1.55466           0.03441           0.00590
   1     60         -1.57526           0.03440          -0.01470
   1     80         -1.76368           0.03439          -0.20312
   1    100         -2.51657           0.03442          -0.95601
   2      0         -1.55743           0.03136           0.00313
   3      0         -1.56056           0.03078           0.00000
   4      0         -1.55607           0.03320           0.00449
   5      0         -1.55158           0.03160           0.00899
   5     60         -1.57978           0.03159          -0.01922
   5     80         -1.81817           0.03159          -0.25760
   5    100         -2.51483           0.03160          -0.95427
 
  contribution from  1-th solvent component
   1      0          0.04454           0.13987           0.00929
   1     60          0.04461           0.13987           0.00936
   1     80          0.04507           0.13992           0.00981
   1    100          0.04632           0.14014           0.01107
   2      0          0.03892           0.14009           0.00367
   3      0          0.03525           0.13990           0.00000
   4      0          0.03235           0.14042          -0.00290
   5      0          0.03115           0.14026          -0.00411
   5     60          0.03123           0.14027          -0.00402
   5     80          0.03166           0.14035          -0.00360
   5    100          0.03221           0.14058          -0.00304
 
  contribution from  2-th solvent component
   1      0         -0.45501           0.10577          -0.00596
   1     60         -0.45529           0.10578          -0.00624
   1     80         -0.45780           0.10580          -0.00875
   1    100         -0.46761           0.10586          -0.01856
   2      0         -0.45023           0.10428          -0.00118
   3      0         -0.44905           0.10349           0.00000
   4      0         -0.44847           0.10347           0.00059
   5      0         -0.44737           0.10350           0.00168
   5     60         -0.44775           0.10350           0.00130
   5     80         -0.45095           0.10352          -0.00190
   5    100         -0.46002           0.10355          -0.01097
 
  contribution from  3-th solvent component
   1      0         -1.14411           0.11024           0.00257
   1     60         -1.16450           0.11025          -0.01782
   1     80         -1.35087           0.11033          -0.20419
   1    100         -2.09519           0.11084          -0.94851
   2      0         -1.14604           0.11022           0.00064
   3      0         -1.14668           0.11053           0.00000
   4      0         -1.13987           0.11000           0.00681
   5      0         -1.13527           0.11034           0.01141
   5     60         -1.16317           0.11035          -0.01649
   5     80         -1.39879           0.11045          -0.25211
   5    100         -2.08694           0.11095          -0.94026
 
 
 group  inft   Estimated free energy: total (kcal/mol)
   1      0      -1.5514      -1.4854      -1.5057      -1.4674      -1.5562
                 -1.5693      -1.5630      -1.6044      -1.6178      -1.6260
   1     60      -1.5720      -1.5060      -1.5263      -1.4881      -1.5769
                 -1.5898      -1.5835      -1.6250      -1.6384      -1.6466
   1     80      -1.7605      -1.6942      -1.7149      -1.6764      -1.7661
                 -1.7783      -1.7716      -1.8131      -1.8266      -1.8351
   1    100      -2.5134      -2.4466      -2.4691      -2.4280      -2.5213
                 -2.5317      -2.5237      -2.5649      -2.5795      -2.5877
   2      0      -1.5547      -1.4984      -1.5031      -1.4800      -1.5639
                 -1.5760      -1.5624      -1.5983      -1.6116      -1.6258
   3      0      -1.5538      -1.5058      -1.5075      -1.4838      -1.5722
                 -1.5738      -1.5626      -1.6041      -1.6180      -1.6241
   4      0      -1.5524      -1.4969      -1.4938      -1.4731      -1.5680
                 -1.5795      -1.5611      -1.5971      -1.6124      -1.6265
   5      0      -1.5499      -1.4985      -1.4948      -1.4686      -1.5641
                 -1.5697      -1.5517      -1.6012      -1.6022      -1.6151
   5     60      -1.5781      -1.5266      -1.5230      -1.4969      -1.5924
                 -1.5979      -1.5798      -1.6293      -1.6303      -1.6433
   5     80      -1.8166      -1.7649      -1.7616      -1.7352      -1.8318
                 -1.8364      -1.8177      -1.8674      -1.8683      -1.8819
   5    100      -2.5133      -2.4613      -2.4594      -2.4305      -2.5308
                 -2.5336      -2.5134      -2.5631      -2.5647      -2.5781
 
 group  inft   Estimated free energy: 1-th solvent contribution (kcal/mol)
   1      0       0.0189       0.1261       0.3665      -0.3206       0.0293
                  0.0602       0.2868      -0.0006       0.1767      -0.2978
   1     60       0.0190       0.1262       0.3666      -0.3205       0.0293
                  0.0602       0.2869      -0.0005       0.1767      -0.2978
   1     80       0.0194       0.1267       0.3671      -0.3202       0.0298
                  0.0607       0.2875      -0.0001       0.1773      -0.2974
   1    100       0.0207       0.1282       0.3686      -0.3194       0.0309
                  0.0616       0.2895       0.0009       0.1789      -0.2967
   2      0       0.0130       0.1142       0.3630      -0.3314       0.0233
                  0.0493       0.2802      -0.0019       0.1777      -0.2981
   3      0       0.0090       0.1084       0.3593      -0.3314       0.0163
                  0.0481       0.2801      -0.0056       0.1712      -0.3028
   4      0       0.0092       0.1082       0.3594      -0.3332       0.0143
                  0.0358       0.2750      -0.0086       0.1721      -0.3087
   5      0       0.0044       0.1012       0.3579      -0.3351       0.0107
                  0.0386       0.2764      -0.0126       0.1749      -0.3049
   5     60       0.0045       0.1013       0.3580      -0.3351       0.0107
                  0.0387       0.2766      -0.0125       0.1750      -0.3048
   5     80       0.0049       0.1017       0.3586      -0.3348       0.0111
                  0.0390       0.2773      -0.0122       0.1756      -0.3045
   5    100       0.0055       0.1023       0.3595      -0.3346       0.0113
                  0.0391       0.2787      -0.0119       0.1767      -0.3044
 
 group  inft   Estimated free energy: 2-th solvent contribution (kcal/mol)
   1      0      -0.4757      -0.2999      -0.4637      -0.2143      -0.2719
                 -0.7189      -0.6016      -0.5000      -0.6400      -0.3640
   1     60      -0.4760      -0.3002      -0.4640      -0.2146      -0.2721
                 -0.7192      -0.6019      -0.5003      -0.6403      -0.3643
   1     80      -0.4785      -0.3026      -0.4665      -0.2170      -0.2746
                 -0.7218      -0.6044      -0.5028      -0.6429      -0.3669
   1    100      -0.4883      -0.3122      -0.4764      -0.2266      -0.2845
                 -0.7318      -0.6143      -0.5126      -0.6528      -0.3767
   2      0      -0.4705      -0.2989      -0.4558      -0.2138      -0.2715
                 -0.7143      -0.5930      -0.4909      -0.6335      -0.3602
   3      0      -0.4653      -0.3000      -0.4549      -0.2171      -0.2719
                 -0.7109      -0.5920      -0.4915      -0.6322      -0.3547
   4      0      -0.4699      -0.2971      -0.4523      -0.2138      -0.2742
                 -0.7091      -0.5894      -0.4910      -0.6324      -0.3554
   5      0      -0.4654      -0.3001      -0.4537      -0.2135      -0.2702
                 -0.7098      -0.5873      -0.4901      -0.6307      -0.3528
   5     60      -0.4658      -0.3005      -0.4541      -0.2138      -0.2706
                 -0.7102      -0.5877      -0.4905      -0.6311      -0.3532
   5     80      -0.4689      -0.3037      -0.4573      -0.2170      -0.2738
                 -0.7135      -0.5909      -0.4937      -0.6343      -0.3564
   5    100      -0.4780      -0.3126      -0.4665      -0.2259      -0.2830
                 -0.7227      -0.6000      -0.5026      -0.6435      -0.3655
 
 group  inft   Estimated free energy: 3-th solvent contribution (kcal/mol)
   1      0      -1.0945      -1.3115      -1.4084      -0.9324      -1.3135
                 -0.9104      -1.2481      -1.1038      -1.1543      -0.9640
   1     60      -1.1149      -1.3319      -1.4289      -0.9528      -1.3340
                 -0.9308      -1.2685      -1.1241      -1.1747      -0.9844
   1     80      -1.3013      -1.5182      -1.6154      -1.1391      -1.5211
                 -1.1171      -1.4546      -1.3101      -1.3609      -1.1708
   1    100      -2.0457      -2.2625      -2.3613      -1.8819      -2.2676
                 -1.8615      -2.1988      -2.0532      -2.1055      -1.9142
   2      0      -1.0971      -1.3136      -1.4102      -0.9348      -1.3157
                 -0.9109      -1.2495      -1.1054      -1.1558      -0.9674
   3      0      -1.0974      -1.3142      -1.4118      -0.9352      -1.3165
                 -0.9109      -1.2506      -1.1069      -1.1569      -0.9665
   4      0      -1.0916      -1.3079      -1.4009      -0.9260      -1.3080
                 -0.9061      -1.2467      -1.0974      -1.1519      -0.9622
   5      0      -1.0888      -1.2994      -1.3989      -0.9200      -1.3044
                 -0.8984      -1.2407      -1.0984      -1.1462      -0.9574
   5     60      -1.1167      -1.3273      -1.4268      -0.9479      -1.3325
                 -0.9263      -1.2686      -1.1262      -1.1741      -0.9853
   5     80      -1.3524      -1.5628      -1.6627      -1.1834      -1.5690
                 -1.1618      -1.5040      -1.3614      -1.4095      -1.2209
   5    100      -2.0408      -2.2509      -2.3524      -1.8700      -2.2590
                 -1.8499      -2.1921      -2.0485      -2.0978      -1.9081
 
 
 cumulative average & 95% error for solvation free energy
              total             1st component         2nd component         3rd component
  1    -1.5538                0.0090               -0.4653               -1.0974
  2    -1.5298     0.0480     0.0587     0.0994    -0.3826     0.1654    -1.2058     0.2168
  3    -1.5223     0.0315     0.1589     0.2084    -0.4067     0.1069    -1.2744     0.1858
  4    -1.5127     0.0294     0.0363     0.2861    -0.3593     0.1213    -1.1896     0.2146
  5    -1.5246     0.0330     0.0323     0.2217    -0.3418     0.1002    -1.2150     0.1738
  6    -1.5328     0.0315     0.0349     0.1811    -0.4033     0.1478    -1.1643     0.1744
  7    -1.5370     0.0280     0.0700     0.1683    -0.4303     0.1360    -1.1766     0.1494
  8    -1.5454     0.0295     0.0605     0.1470    -0.4379     0.1188    -1.1679     0.1306
  9    -1.5535     0.0306     0.0728     0.1320    -0.4595     0.1133    -1.1667     0.1152
 10    -1.5606     0.0308     0.0353     0.1399    -0.4491     0.1035    -1.1467     0.1105
