 ERmod 0.3.8, Copyright (C) 2000-2019 Nobuyuki Matubayasi
                            2010-2019 Shun Sakuraba
 ERmod comes with ABSOLUTELY NO WARRANTY.
 This is free software, and you can redistribute it
 and/or modify it under certain conditions.
 See LICENSE file for details.
 ERmod 0.3.8, Copyright (C) 2000-2019 Nobuyuki Matubayasi
                            2010-2019 Shun Sakuraba
 ERmod comes with ABSOLUTELY NO WARRANTY.
 This is free software, and you can redistribute it
 and/or modify it under certain conditions.
 See LICENSE file for details.
 
  Number of the   1-th solvent  =          180
  Number of the   2-th solvent  =          180
  Number of the   3-th solvent  =        10000
 
  Be sure that the solvent distribution is homogeneous (radial distribution function is essentially unity) when the solvent molecule is separated beyond distance of   10.0 Angstrom in any direction from any atom within the solute molecule
 
  LJ long-range correction    =        -0.0125     -0.0311     -0.5009
 
  Self-energy of the solute   =        -0.0000  kcal/mol
 
 
 cumulative average & 95% error for solvation energy
              total             1st component         2nd component         3rd component
  1   -24.4423               -0.6870               -1.3429              -22.4124
  2   -24.4105     0.0637    -0.9190     0.4640    -1.3240     0.0377   -22.1673     0.4901
  3   -24.3524     0.1218    -1.0736     0.4090    -1.4582     0.2692   -21.8206     0.7489
  4   -24.3364     0.0919    -0.9775     0.3472    -1.5959     0.3348   -21.7630     0.5420
  5   -24.3602     0.0856    -0.9303     0.2851    -1.6067     0.2603   -21.8232     0.4367
  6   -24.3559     0.0704    -0.9897     0.2614    -1.5872     0.2161   -21.7789     0.3674
  7   -24.3395     0.0680    -1.0932     0.3027    -1.5398     0.2058   -21.7064     0.3427
  8   -24.3667     0.0802    -1.0301     0.2910    -1.5225     0.1815   -21.8141     0.3667
  9   -24.3665     0.0707    -0.9898     0.2690    -1.5328     0.1614   -21.8439     0.3288
 10   -24.3746     0.0653    -0.9539     0.2511    -1.5192     0.1469   -21.9014     0.3158
 
 
 group  inft  solvation free energy     error          difference
  total solvation free energy
   1      0         -2.11736           0.04133          -0.01014
   1     60         -2.14031           0.04130          -0.03309
   1     80         -2.33276           0.04105          -0.22554
   1    100         -3.03035           0.04028          -0.92313
   2      0         -2.10959           0.04257          -0.00237
   3      0         -2.10722           0.04185           0.00000
   4      0         -2.10003           0.04439           0.00719
   5      0         -2.09509           0.04111           0.01213
   5     60         -2.12625           0.04107          -0.01903
   5     80         -2.36570           0.04078          -0.25848
   5    100         -3.00820           0.04009          -0.90098
 
  contribution from  1-th solvent component
   1      0         -0.11378           0.12920          -0.00319
   1     60         -0.11401           0.12921          -0.00342
   1     80         -0.11639           0.12923          -0.00580
   1    100         -0.12682           0.12929          -0.01624
   2      0         -0.11178           0.12845          -0.00120
   3      0         -0.11059           0.12877           0.00000
   4      0         -0.10915           0.12911           0.00143
   5      0         -0.10805           0.12726           0.00253
   5     60         -0.10838           0.12727           0.00221
   5     80         -0.11147           0.12728          -0.00089
   5    100         -0.12126           0.12731          -0.01068
 
  contribution from  2-th solvent component
   1      0         -0.66135           0.07920          -0.01051
   1     60         -0.66198           0.07920          -0.01114
   1     80         -0.66718           0.07916          -0.01634
   1    100         -0.68548           0.07902          -0.03464
   2      0         -0.65358           0.07936          -0.00274
   3      0         -0.65084           0.07936           0.00000
   4      0         -0.65066           0.08018           0.00018
   5      0         -0.65015           0.07871           0.00070
   5     60         -0.65101           0.07871          -0.00016
   5     80         -0.65747           0.07866          -0.00662
   5    100         -0.67426           0.07853          -0.02341
 
  contribution from  3-th solvent component
   1      0         -1.34218           0.14372           0.00356
   1     60         -1.36427           0.14375          -0.01853
   1     80         -1.54914           0.14403          -0.20340
   1    100         -2.21800           0.14484          -0.87226
   2      0         -1.34418           0.14365           0.00156
   3      0         -1.34574           0.14354           0.00000
   4      0         -1.34017           0.14220           0.00557
   5      0         -1.33684           0.14289           0.00890
   5     60         -1.36682           0.14294          -0.02108
   5     80         -1.59671           0.14326          -0.25097
   5    100         -2.21263           0.14400          -0.86689
 
 
 group  inft   Estimated free energy: total (kcal/mol)
   1      0      -2.0968      -2.1896      -2.1589      -2.2325      -2.0835
                 -2.1423      -2.0437      -2.0265      -2.0704      -2.1294
   1     60      -2.1198      -2.2125      -2.1818      -2.2554      -2.1065
                 -2.1653      -2.0666      -2.0496      -2.0934      -2.1524
   1     80      -2.3122      -2.4047      -2.3734      -2.4471      -2.2992
                 -2.3575      -2.2590      -2.2429      -2.2859      -2.3456
   1    100      -3.0094      -3.1014      -3.0682      -3.1420      -2.9979
                 -3.0550      -2.9565      -2.9425      -2.9849      -3.0456
   2      0      -2.0950      -2.1820      -2.1510      -2.2305      -2.0685
                 -2.1311      -2.0292      -2.0226      -2.0595      -2.1265
   3      0      -2.0986      -2.1796      -2.1487      -2.2206      -2.0639
                 -2.1330      -2.0273      -2.0191      -2.0569      -2.1247
   4      0      -2.0875      -2.1734      -2.1495      -2.2221      -2.0582
                 -2.1298      -2.0136      -2.0053      -2.0521      -2.1086
   5      0      -2.0834      -2.1655      -2.1345      -2.2113      -2.0558
                 -2.1187      -2.0134      -2.0147      -2.0455      -2.1082
   5     60      -2.1146      -2.1966      -2.1655      -2.2424      -2.0870
                 -2.1498      -2.0445      -2.0460      -2.0766      -2.1395
   5     80      -2.3542      -2.4358      -2.4039      -2.4809      -2.3268
                 -2.3890      -2.2839      -2.2866      -2.3162      -2.3797
   5    100      -2.9966      -3.0776      -3.0438      -3.1209      -2.9703
                 -3.0314      -2.9262      -2.9310      -2.9599      -3.0243
 
 group  inft   Estimated free energy: 1-th solvent contribution (kcal/mol)
   1      0       0.0387      -0.2311      -0.3954      -0.1033       0.0120
                 -0.2464      -0.4463       0.1300       0.0322       0.0717
   1     60       0.0385      -0.2313      -0.3957      -0.1035       0.0118
                 -0.2466      -0.4466       0.1298       0.0319       0.0715
   1     80       0.0363      -0.2337      -0.3981      -0.1060       0.0094
                 -0.2490      -0.4490       0.1275       0.0295       0.0692
   1    100       0.0262      -0.2439      -0.4088      -0.1167      -0.0012
                 -0.2594      -0.4595       0.1174       0.0185       0.0591
   2      0       0.0349      -0.2278      -0.3927      -0.1032       0.0192
                 -0.2433      -0.4425       0.1273       0.0380       0.0723
   3      0       0.0341      -0.2284      -0.3915      -0.0975       0.0196
                 -0.2423      -0.4432       0.1293       0.0401       0.0738
   4      0       0.0354      -0.2235      -0.3901      -0.0996       0.0246
                 -0.2457      -0.4414       0.1328       0.0387       0.0773
   5      0       0.0352      -0.2230      -0.3860      -0.0972       0.0211
                 -0.2357      -0.4387       0.1258       0.0426       0.0754
   5     60       0.0349      -0.2233      -0.3863      -0.0975       0.0208
                 -0.2360      -0.4390       0.1254       0.0423       0.0751
   5     80       0.0318      -0.2263      -0.3895      -0.1006       0.0176
                 -0.2391      -0.4421       0.1224       0.0391       0.0721
   5    100       0.0223      -0.2360      -0.3994      -0.1106       0.0077
                 -0.2489      -0.4520       0.1128       0.0289       0.0626
 
 group  inft   Estimated free energy: 2-th solvent contribution (kcal/mol)
   1      0      -0.5714      -0.5964      -0.7827      -0.9480      -0.6874
                 -0.6792      -0.5516      -0.5314      -0.6464      -0.6191
   1     60      -0.5720      -0.5970      -0.7833      -0.9486      -0.6880
                 -0.6798      -0.5523      -0.5320      -0.6470      -0.6197
   1     80      -0.5773      -0.6022      -0.7884      -0.9537      -0.6932
                 -0.6850      -0.5574      -0.5373      -0.6522      -0.6251
   1    100      -0.5958      -0.6204      -0.8064      -0.9715      -0.7116
                 -0.7033      -0.5757      -0.5560      -0.6703      -0.6440
   2      0      -0.5641      -0.5913      -0.7760      -0.9407      -0.6767
                 -0.6700      -0.5399      -0.5233      -0.6379      -0.6157
   3      0      -0.5615      -0.5855      -0.7733      -0.9366      -0.6734
                 -0.6701      -0.5341      -0.5214      -0.6386      -0.6140
   4      0      -0.5626      -0.5916      -0.7764      -0.9383      -0.6713
                 -0.6710      -0.5278      -0.5197      -0.6371      -0.6108
   5      0      -0.5595      -0.5869      -0.7730      -0.9323      -0.6751
                 -0.6697      -0.5338      -0.5236      -0.6396      -0.6079
   5     60      -0.5603      -0.5878      -0.7739      -0.9332      -0.6760
                 -0.6705      -0.5347      -0.5245      -0.6405      -0.6088
   5     80      -0.5669      -0.5943      -0.7802      -0.9395      -0.6824
                 -0.6770      -0.5411      -0.5311      -0.6468      -0.6154
   5    100      -0.5839      -0.6110      -0.7967      -0.9559      -0.6993
                 -0.6937      -0.5578      -0.5482      -0.6635      -0.6327
 
 group  inft   Estimated free energy: 3-th solvent contribution (kcal/mol)
   1      0      -1.5641      -1.3621      -0.9807      -1.1812      -1.4081
                 -1.2168      -1.0457      -1.6251      -1.4562      -1.5819
   1     60      -1.5862      -1.3842      -1.0027      -1.2032      -1.4302
                 -1.2388      -1.0677      -1.6473      -1.4783      -1.6041
   1     80      -1.7712      -1.5688      -1.1868      -1.3874      -1.6153
                 -1.4235      -1.2525      -1.8331      -1.6632      -1.7896
   1    100      -2.4398      -2.2370      -1.8530      -2.0537      -2.2851
                 -2.0923      -1.9213      -2.5039      -2.3331      -2.4607
   2      0      -1.5657      -1.3629      -0.9823      -1.1865      -1.4109
                 -1.2177      -1.0467      -1.6266      -1.4595      -1.5830
   3      0      -1.5711      -1.3656      -0.9839      -1.1865      -1.4101
                 -1.2205      -1.0500      -1.6270      -1.4584      -1.5845
   4      0      -1.5603      -1.3583      -0.9830      -1.1842      -1.4114
                 -1.2130      -1.0443      -1.6183      -1.4537      -1.5752
   5      0      -1.5591      -1.3555      -0.9754      -1.1818      -1.4018
                 -1.2132      -1.0408      -1.6168      -1.4484      -1.5757
   5     60      -1.5891      -1.3854      -1.0052      -1.2116      -1.4318
                 -1.2432      -1.0708      -1.6469      -1.4784      -1.6057
   5     80      -1.8191      -1.6151      -1.2342      -1.4407      -1.6620
                 -1.4729      -1.3006      -1.8779      -1.7084      -1.8364
   5    100      -2.4350      -2.2305      -1.8477      -2.0543      -2.2787
                 -2.0887      -1.9164      -2.4956      -2.3252      -2.4541
 
 
 cumulative average & 95% error for solvation free energy
              total             1st component         2nd component         3rd component
  1    -2.0986                0.0341               -0.5615               -1.5711
  2    -2.1391     0.0810    -0.0972     0.2625    -0.5735     0.0240    -1.4684     0.2055
  3    -2.1423     0.0472    -0.1953     0.2479    -0.6401     0.1339    -1.3069     0.3441
  4    -2.1618     0.0514    -0.1708     0.1820    -0.7142     0.1759    -1.2768     0.2506
  5    -2.1423     0.0559    -0.1327     0.1602    -0.7061     0.1372    -1.3034     0.2013
  6    -2.1407     0.0457    -0.1510     0.1358    -0.7001     0.1127    -1.2896     0.1667
  7    -2.1245     0.0504    -0.1927     0.1420    -0.6764     0.1064    -1.2554     0.1566
  8    -2.1113     0.0510    -0.1525     0.1470    -0.6570     0.1000    -1.3018     0.1644
  9    -2.1053     0.0466    -0.1311     0.1365    -0.6549     0.0882    -1.3192     0.1491
 10    -2.1072     0.0419    -0.1106     0.1288    -0.6508     0.0794    -1.3457     0.1435
