 ERmod 0.3.8, Copyright (C) 2000-2019 Nobuyuki Matubayasi
                            2010-2019 Shun Sakuraba
 ERmod comes with ABSOLUTELY NO WARRANTY.
 This is free software, and you can redistribute it
 and/or modify it under certain conditions.
 See LICENSE file for details.
 ERmod 0.3.8, Copyright (C) 2000-2019 Nobuyuki Matubayasi
                            2010-2019 Shun Sakuraba
 ERmod comes with ABSOLUTELY NO WARRANTY.
 This is free software, and you can redistribute it
 and/or modify it under certain conditions.
 See LICENSE file for details.
 
  Number of the   1-th solvent  =           90
  Number of the   2-th solvent  =           90
  Number of the   3-th solvent  =        10000
 
  Be sure that the solvent distribution is homogeneous (radial distribution function is essentially unity) when the solvent molecule is separated beyond distance of   10.0 Angstrom in any direction from any atom within the solute molecule
 
  LJ long-range correction    =        -0.0050     -0.0077     -0.3982
 
  Self-energy of the solute   =         0.0000  kcal/mol
 
 
 cumulative average & 95% error for solvation energy
              total             1st component         2nd component         3rd component
  1   -10.1386                0.1277               -0.2328              -10.0336
  2   -10.1114     0.0543     0.1136     0.0284    -0.2463     0.0271    -9.9787     0.1097
  3   -10.1164     0.0329     0.1097     0.0181    -0.2438     0.0164    -9.9823     0.0638
  4   -10.1203     0.0245     0.1108     0.0130    -0.2378     0.0166    -9.9933     0.0502
  5   -10.1215     0.0192     0.1129     0.0109    -0.2400     0.0136    -9.9944     0.0389
  6   -10.1195     0.0162     0.1110     0.0097    -0.2393     0.0112    -9.9912     0.0324
  7   -10.1243     0.0167     0.1062     0.0126    -0.2386     0.0096    -9.9919     0.0274
  8   -10.1290     0.0173     0.1033     0.0124    -0.2439     0.0135    -9.9883     0.0248
  9   -10.1305     0.0155     0.1040     0.0110    -0.2433     0.0119    -9.9912     0.0226
 10   -10.1351     0.0167     0.1044     0.0099    -0.2428     0.0107    -9.9968     0.0231
 
 
 group  inft  solvation free energy     error          difference
  total solvation free energy
   1      0          3.82011           0.01573          -0.00268
   1     60          3.81184           0.01574          -0.01094
   1     80          3.72653           0.01593          -0.09625
   1    100          3.34213           0.01689          -0.48065
   2      0          3.81204           0.01555          -0.01075
   3      0          3.82278           0.01556           0.00000
   4      0          3.82360           0.01526           0.00082
   5      0          3.86316           0.01587           0.04037
   5     60          3.85174           0.01589           0.02896
   5     80          3.74103           0.01612          -0.08175
   5    100          3.37984           0.01695          -0.44294
 
  contribution from  1-th solvent component
   1      0          0.22897           0.00772           0.00291
   1     60          0.22898           0.00773           0.00292
   1     80          0.22900           0.00788           0.00295
   1    100          0.22794           0.00862           0.00188
   2      0          0.22696           0.00765           0.00090
   3      0          0.22606           0.00748           0.00000
   4      0          0.22528           0.00742          -0.00077
   5      0          0.22519           0.00743          -0.00086
   5     60          0.22519           0.00744          -0.00086
   5     80          0.22503           0.00763          -0.00102
   5    100          0.22363           0.00829          -0.00243
 
  contribution from  2-th solvent component
   1      0         -0.07519           0.00667           0.00295
   1     60         -0.07522           0.00668           0.00293
   1     80         -0.07566           0.00674           0.00249
   1    100         -0.07808           0.00698           0.00006
   2      0         -0.07731           0.00657           0.00083
   3      0         -0.07814           0.00644           0.00000
   4      0         -0.07858           0.00634          -0.00043
   5      0         -0.07917           0.00631          -0.00103
   5     60         -0.07922           0.00632          -0.00107
   5     80         -0.07990           0.00639          -0.00176
   5    100         -0.08240           0.00657          -0.00426
 
  contribution from  3-th solvent component
   1      0          3.66629           0.01802          -0.00854
   1     60          3.65804           0.01804          -0.01679
   1     80          3.57315           0.01824          -0.10169
   1    100          3.19224           0.01915          -0.48259
   2      0          3.66235           0.01776          -0.01248
   3      0          3.67484           0.01772           0.00000
   4      0          3.67686           0.01732           0.00202
   5      0          3.71711           0.01805           0.04227
   5     60          3.70573           0.01807           0.03090
   5     80          3.59586           0.01831          -0.07897
   5    100          3.23858           0.01909          -0.43626
 
 
 group  inft   Estimated free energy: total (kcal/mol)
   1      0       3.8165       3.8602       3.8342       3.8197       3.8196
                  3.8463       3.8053       3.7905       3.8315       3.7772
   1     60       3.8083       3.8519       3.8260       3.8114       3.8114
                  3.8380       3.7970       3.7822       3.8233       3.7689
   1     80       3.7231       3.7669       3.7408       3.7263       3.7263
                  3.7530       3.7114       3.6963       3.7382       3.6831
   1    100       3.3400       3.3842       3.3569       3.3425       3.3434
                  3.3699       3.3253       3.3091       3.3541       3.2959
   2      0       3.8076       3.8520       3.8256       3.8131       3.8138
                  3.8371       3.7960       3.7831       3.8224       3.7696
   3      0       3.8197       3.8637       3.8368       3.8237       3.8256
                  3.8462       3.8062       3.7950       3.8316       3.7794
   4      0       3.8177       3.8634       3.8378       3.8260       3.8268
                  3.8473       3.8068       3.7949       3.8324       3.7829
   5      0       3.8596       3.9031       3.8774       3.8596       3.8657
                  3.8887       3.8481       3.8352       3.8759       3.8183
   5     60       3.8482       3.8917       3.8660       3.8482       3.8543
                  3.8773       3.8366       3.8238       3.8645       3.8068
   5     80       3.7377       3.7813       3.7554       3.7377       3.7439
                  3.7669       3.7255       3.7124       3.7540       3.6954
   5    100       3.3777       3.4216       3.3946       3.3774       3.3839
                  3.4068       3.3629       3.3487       3.3930       3.3317
 
 group  inft   Estimated free energy: 1-th solvent contribution (kcal/mol)
   1      0       0.2508       0.2258       0.2253       0.2312       0.2449
                  0.2247       0.2096       0.2158       0.2323       0.2293
   1     60       0.2509       0.2258       0.2252       0.2313       0.2449
                  0.2247       0.2096       0.2158       0.2323       0.2293
   1     80       0.2513       0.2258       0.2251       0.2313       0.2455
                  0.2246       0.2093       0.2156       0.2323       0.2293
   1    100       0.2520       0.2243       0.2231       0.2305       0.2470
                  0.2230       0.2069       0.2134       0.2309       0.2282
   2      0       0.2482       0.2233       0.2232       0.2292       0.2431
                  0.2232       0.2074       0.2142       0.2305       0.2274
   3      0       0.2463       0.2225       0.2227       0.2287       0.2423
                  0.2222       0.2071       0.2130       0.2293       0.2264
   4      0       0.2456       0.2214       0.2216       0.2281       0.2414
                  0.2216       0.2066       0.2127       0.2285       0.2253
   5      0       0.2453       0.2219       0.2218       0.2279       0.2413
                  0.2215       0.2064       0.2123       0.2284       0.2250
   5     60       0.2454       0.2219       0.2218       0.2279       0.2414
                  0.2215       0.2064       0.2122       0.2284       0.2250
   5     80       0.2457       0.2216       0.2214       0.2278       0.2419
                  0.2212       0.2059       0.2118       0.2282       0.2248
   5    100       0.2459       0.2197       0.2192       0.2266       0.2429
                  0.2193       0.2034       0.2095       0.2265       0.2233
 
 group  inft   Estimated free energy: 2-th solvent contribution (kcal/mol)
   1      0      -0.0720      -0.0854      -0.0716      -0.0579      -0.0800
                 -0.0713      -0.0694      -0.0975      -0.0744      -0.0725
   1     60      -0.0720      -0.0854      -0.0716      -0.0579      -0.0800
                 -0.0714      -0.0694      -0.0975      -0.0744      -0.0725
   1     80      -0.0723      -0.0860      -0.0720      -0.0581      -0.0806
                 -0.0718      -0.0698      -0.0981      -0.0749      -0.0730
   1    100      -0.0743      -0.0888      -0.0744      -0.0596      -0.0833
                 -0.0742      -0.0722      -0.1011      -0.0774      -0.0755
   2      0      -0.0741      -0.0869      -0.0734      -0.0608      -0.0816
                 -0.0742      -0.0713      -0.0998      -0.0764      -0.0746
   3      0      -0.0748      -0.0881      -0.0733      -0.0622      -0.0826
                 -0.0754      -0.0725      -0.1000      -0.0773      -0.0753
   4      0      -0.0750      -0.0876      -0.0741      -0.0629      -0.0830
                 -0.0762      -0.0728      -0.1004      -0.0778      -0.0759
   5      0      -0.0752      -0.0885      -0.0743      -0.0640      -0.0840
                 -0.0765      -0.0742      -0.1010      -0.0779      -0.0762
   5     60      -0.0752      -0.0886      -0.0744      -0.0640      -0.0840
                 -0.0766      -0.0742      -0.1010      -0.0780      -0.0762
   5     80      -0.0758      -0.0894      -0.0750      -0.0644      -0.0848
                 -0.0773      -0.0749      -0.1019      -0.0787      -0.0769
   5    100      -0.0780      -0.0922      -0.0774      -0.0661      -0.0876
                 -0.0799      -0.0774      -0.1048      -0.0812      -0.0795
 
 group  inft   Estimated free energy: 3-th solvent contribution (kcal/mol)
   1      0       3.6376       3.7197       3.6805       3.6464       3.6547
                  3.6929       3.6651       3.6722       3.6736       3.6204
   1     60       3.6293       3.7115       3.6723       3.6381       3.6464
                  3.6847       3.6568       3.6639       3.6654       3.6121
   1     80       3.5441       3.6270       3.5877       3.5530       3.5614
                  3.6002       3.5718       3.5789       3.5808       3.5267
   1    100       3.1623       3.2487       3.2081       3.1716       3.1797
                  3.2211       3.1906       3.1967       3.2005       3.1431
   2      0       3.6335       3.7156       3.6758       3.6447       3.6522
                  3.6882       3.6598       3.6687       3.6682       3.6168
   3      0       3.6482       3.7292       3.6873       3.6571       3.6659
                  3.6993       3.6715       3.6820       3.6796       3.6283
   4      0       3.6470       3.7295       3.6903       3.6608       3.6684
                  3.7019       3.6729       3.6827       3.6816       3.6335
   5      0       3.6894       3.7697       3.7298       3.6956       3.7083
                  3.7437       3.7158       3.7239       3.7253       3.6694
   5     60       3.6780       3.7584       3.7185       3.6842       3.6969
                  3.7324       3.7045       3.7125       3.7140       3.6580
   5     80       3.5678       3.6491       3.6090       3.5743       3.5867
                  3.6230       3.5945       3.6024       3.6045       3.5475
   5    100       3.2098       3.2941       3.2528       3.2168       3.2285
                  3.2673       3.2369       3.2440       3.2478       3.1878
 
 
 cumulative average & 95% error for solvation free energy
              total             1st component         2nd component         3rd component
  1     3.8197                0.2463               -0.0748                3.6482
  2     3.8417     0.0441     0.2344     0.0238    -0.0814     0.0132     3.6887     0.0811
  3     3.8401     0.0256     0.2305     0.0158    -0.0787     0.0094     3.6882     0.0468
  4     3.8360     0.0199     0.2301     0.0112    -0.0746     0.0106     3.6805     0.0366
  5     3.8339     0.0160     0.2325     0.0100    -0.0762     0.0088     3.6775     0.0289
  6     3.8359     0.0137     0.2308     0.0088    -0.0761     0.0072     3.6812     0.0247
  7     3.8317     0.0143     0.2274     0.0101    -0.0755     0.0062     3.6798     0.0211
  8     3.8271     0.0154     0.2256     0.0094    -0.0786     0.0081     3.6801     0.0183
  9     3.8276     0.0137     0.2260     0.0084    -0.0785     0.0072     3.6800     0.0161
 10     3.8228     0.0156     0.2261     0.0075    -0.0781     0.0064     3.6748     0.0177
