 ERmod 0.3.8, Copyright (C) 2000-2019 Nobuyuki Matubayasi
                            2010-2019 Shun Sakuraba
 ERmod comes with ABSOLUTELY NO WARRANTY.
 This is free software, and you can redistribute it
 and/or modify it under certain conditions.
 See LICENSE file for details.
 ERmod 0.3.8, Copyright (C) 2000-2019 Nobuyuki Matubayasi
                            2010-2019 Shun Sakuraba
 ERmod comes with ABSOLUTELY NO WARRANTY.
 This is free software, and you can redistribute it
 and/or modify it under certain conditions.
 See LICENSE file for details.
 
  Number of the   1-th solvent  =          180
  Number of the   2-th solvent  =          180
  Number of the   3-th solvent  =        10000
 
  Be sure that the solvent distribution is homogeneous (radial distribution function is essentially unity) when the solvent molecule is separated beyond distance of   10.0 Angstrom in any direction from any atom within the solute molecule
 
  LJ long-range correction    =        -0.0020     -0.0096     -0.2479
 
  Self-energy of the solute   =        -0.0001  kcal/mol
 
 
 cumulative average & 95% error for solvation energy
              total             1st component         2nd component         3rd component
  1   -18.6986               -1.6657               -1.4392              -15.5936
  2   -18.6218     0.1536    -1.1457     1.0399    -1.1621     0.5542   -16.3138     1.4405
  3   -18.6487     0.1038    -1.1561     0.6007    -1.2310     0.3484   -16.2615     0.8382
  4   -18.6887     0.1085    -1.4637     0.7477    -1.3087     0.2912   -15.9162     0.9101
  5   -18.6499     0.1144    -1.4382     0.5814    -1.2755     0.2351   -15.9362     0.7061
  6   -18.6465     0.0937    -1.4608     0.4769    -1.1708     0.2841   -16.0148     0.5976
  7   -18.6350     0.0824    -1.3122     0.5008    -1.1809     0.2409   -16.1418     0.5653
  8   -18.6324     0.0716    -1.3236     0.4343    -1.2562     0.2573   -16.0524     0.5211
  9   -18.6310     0.0632    -1.1936     0.4630    -1.2418     0.2288   -16.1956     0.5415
 10   -18.6332     0.0567    -1.1173     0.4413    -1.2306     0.2059   -16.2852     0.5165
 
 
 group  inft  solvation free energy     error          difference
  total solvation free energy
   1      0         -2.96448           0.07398           0.00607
   1     60         -2.98193           0.07397          -0.01138
   1     80         -3.10698           0.07394          -0.13643
   1    100         -3.51351           0.07383          -0.54296
   2      0         -2.96880           0.07292           0.00174
   3      0         -2.97054           0.07314           0.00000
   4      0         -2.96877           0.07394           0.00178
   5      0         -2.97255           0.07023          -0.00201
   5     60         -2.99590           0.07022          -0.02536
   5     80         -3.14928           0.07020          -0.17873
   5    100         -3.52272           0.07009          -0.55217
 
  contribution from  1-th solvent component
   1      0         -0.37680           0.22988           0.01226
   1     60         -0.37671           0.22989           0.01236
   1     80         -0.37638           0.22996           0.01269
   1    100         -0.37625           0.23028           0.01282
   2      0         -0.38597           0.22656           0.00310
   3      0         -0.38907           0.22385           0.00000
   4      0         -0.39171           0.22299          -0.00264
   5      0         -0.39081           0.22207          -0.00174
   5     60         -0.39070           0.22208          -0.00164
   5     80         -0.39058           0.22213          -0.00151
   5    100         -0.39109           0.22233          -0.00202
 
  contribution from  2-th solvent component
   1      0         -0.60338           0.11914          -0.00962
   1     60         -0.60373           0.11914          -0.00997
   1     80         -0.60633           0.11916          -0.01257
   1    100         -0.61489           0.11923          -0.02113
   2      0         -0.59639           0.11735          -0.00262
   3      0         -0.59377           0.11611           0.00000
   4      0         -0.59166           0.11553           0.00211
   5      0         -0.59186           0.11526           0.00190
   5     60         -0.59234           0.11526           0.00142
   5     80         -0.59559           0.11527          -0.00182
   5    100         -0.60352           0.11529          -0.00976
 
  contribution from  3-th solvent component
   1      0         -1.98418           0.26222           0.00342
   1     60         -2.00138           0.26225          -0.01378
   1     80         -2.12416           0.26248          -0.13656
   1    100         -2.52225           0.26334          -0.53465
   2      0         -1.98633           0.26208           0.00127
   3      0         -1.98760           0.26250           0.00000
   4      0         -1.98529           0.26093           0.00231
   5      0         -1.98977           0.26213          -0.00217
   5     60         -2.01275           0.26217          -0.02515
   5     80         -2.16300           0.26244          -0.17540
   5    100         -2.52800           0.26324          -0.54040
 
 
 group  inft   Estimated free energy: total (kcal/mol)
   1      0      -2.8909      -2.8926      -2.9765      -3.2179      -2.8862
                 -2.7982      -3.0524      -2.9906      -2.9152      -3.0243
   1     60      -2.9084      -2.9102      -2.9940      -3.2353      -2.9036
                 -2.8157      -3.0699      -3.0079      -2.9326      -3.0417
   1     80      -3.0330      -3.0356      -3.1194      -3.3600      -3.0282
                 -2.9410      -3.1956      -3.1324      -3.0574      -3.1671
   1    100      -3.4378      -3.4438      -3.5266      -3.7652      -3.4340
                 -3.3484      -3.6035      -3.5378      -3.4633      -3.5746
   2      0      -2.8846      -2.8959      -2.9708      -3.2028      -2.9008
                 -2.7972      -3.0664      -2.9985      -2.9246      -3.0464
   3      0      -2.8841      -2.9041      -2.9578      -3.2020      -2.8989
                 -2.7997      -3.0737      -2.9907      -2.9344      -3.0602
   4      0      -2.8791      -2.9016      -2.9605      -3.2065      -2.8933
                 -2.7965      -3.0686      -2.9914      -2.9374      -3.0527
   5      0      -2.8908      -2.9050      -2.9613      -3.1958      -2.9022
                 -2.8084      -3.0684      -2.9943      -2.9415      -3.0577
   5     60      -2.9141      -2.9285      -2.9847      -3.2191      -2.9255
                 -2.8319      -3.0919      -3.0175      -2.9649      -3.0811
   5     80      -3.0670      -3.0824      -3.1384      -3.3719      -3.0784
                 -2.9855      -3.2459      -3.1702      -3.1181      -3.2350
   5    100      -3.4386      -3.4574      -3.5123      -3.7438      -3.4513
                 -3.3596      -3.6207      -3.5425      -3.4912      -3.6097
 
 group  inft   Estimated free energy: 1-th solvent contribution (kcal/mol)
   1      0      -0.6064      -0.1260      -0.3870      -1.1143      -0.4829
                 -0.5350      -0.0951      -0.5165       0.1780      -0.0828
   1     60      -0.6063      -0.1259      -0.3869      -1.1142      -0.4829
                 -0.5349      -0.0950      -0.5164       0.1781      -0.0826
   1     80      -0.6060      -0.1257      -0.3866      -1.1140      -0.4826
                 -0.5347      -0.0946      -0.5162       0.1786      -0.0820
   1    100      -0.6060      -0.1258      -0.3867      -1.1146      -0.4828
                 -0.5352      -0.0943      -0.5163       0.1798      -0.0806
   2      0      -0.6085      -0.1303      -0.3854      -1.1117      -0.4995
                 -0.5369      -0.1133      -0.5328       0.1648      -0.1061
   3      0      -0.6075      -0.1365      -0.3828      -1.1119      -0.4948
                 -0.5387      -0.1203      -0.5317       0.1542      -0.1206
   4      0      -0.6082      -0.1389      -0.3821      -1.1151      -0.4979
                 -0.5364      -0.1231      -0.5362       0.1445      -0.1236
   5      0      -0.6074      -0.1399      -0.3827      -1.1075      -0.5003
                 -0.5388      -0.1198      -0.5339       0.1439      -0.1217
   5     60      -0.6073      -0.1399      -0.3826      -1.1074      -0.5002
                 -0.5387      -0.1196      -0.5338       0.1440      -0.1216
   5     80      -0.6072      -0.1398      -0.3825      -1.1073      -0.5002
                 -0.5387      -0.1195      -0.5337       0.1443      -0.1211
   5    100      -0.6077      -0.1407      -0.3832      -1.1081      -0.5011
                 -0.5396      -0.1200      -0.5345       0.1446      -0.1206
 
 group  inft   Estimated free energy: 2-th solvent contribution (kcal/mol)
   1      0      -0.6638      -0.3979      -0.6786      -0.8354      -0.5520
                 -0.2550      -0.6665      -0.8864      -0.5508      -0.5474
   1     60      -0.6641      -0.3983      -0.6790      -0.8358      -0.5523
                 -0.2553      -0.6668      -0.8868      -0.5512      -0.5477
   1     80      -0.6667      -0.4008      -0.6817      -0.8384      -0.5548
                 -0.2579      -0.6695      -0.8894      -0.5538      -0.5504
   1    100      -0.6752      -0.4091      -0.6905      -0.8470      -0.5631
                 -0.2663      -0.6782      -0.8981      -0.5625      -0.5589
   2      0      -0.6528      -0.3955      -0.6713      -0.8217      -0.5481
                 -0.2492      -0.6596      -0.8754      -0.5478      -0.5426
   3      0      -0.6523      -0.3973      -0.6635      -0.8209      -0.5488
                 -0.2484      -0.6557      -0.8666      -0.5436      -0.5407
   4      0      -0.6492      -0.3957      -0.6663      -0.8171      -0.5439
                 -0.2508      -0.6532      -0.8640      -0.5427      -0.5337
   5      0      -0.6534      -0.3943      -0.6628      -0.8178      -0.5493
                 -0.2532      -0.6529      -0.8630      -0.5363      -0.5356
   5     60      -0.6539      -0.3948      -0.6633      -0.8183      -0.5498
                 -0.2536      -0.6534      -0.8635      -0.5367      -0.5361
   5     80      -0.6571      -0.3980      -0.6666      -0.8215      -0.5529
                 -0.2569      -0.6567      -0.8667      -0.5400      -0.5394
   5    100      -0.6650      -0.4058      -0.6747      -0.8294      -0.5607
                 -0.2648      -0.6646      -0.8747      -0.5481      -0.5474
 
 group  inft   Estimated free energy: 3-th solvent contribution (kcal/mol)
   1      0      -1.6207      -2.3686      -1.9108      -1.2681      -1.8512
                 -2.0081      -2.2907      -1.5875      -2.5422      -2.3940
   1     60      -1.6378      -2.3859      -1.9280      -1.2852      -1.8683
                 -2.0253      -2.3080      -1.6046      -2.5594      -2.4112
   1     80      -1.7602      -2.5091      -2.0510      -1.4075      -1.9907
                 -2.1483      -2.4314      -1.7267      -2.6821      -2.5346
   1    100      -2.1564      -2.9088      -2.4493      -1.8035      -2.3880
                 -2.5468      -2.8310      -2.1233      -3.0806      -2.9350
   2      0      -1.6232      -2.3700      -1.9139      -1.2693      -1.8531
                 -2.0110      -2.2935      -1.5902      -2.5416      -2.3975
   3      0      -1.6242      -2.3701      -1.9113      -1.2691      -1.8552
                 -2.0124      -2.2976      -1.5923      -2.5448      -2.3988
   4      0      -1.6215      -2.3669      -1.9120      -1.2742      -1.8514
                 -2.0092      -2.2923      -1.5911      -2.5391      -2.3953
   5      0      -1.6299      -2.3707      -1.9157      -1.2704      -1.8525
                 -2.0164      -2.2957      -1.5973      -2.5490      -2.4002
   5     60      -1.6528      -2.3937      -1.9387      -1.2933      -1.8754
                 -2.0394      -2.3188      -1.6201      -2.5720      -2.4233
   5     80      -1.8026      -2.5444      -2.0891      -1.4430      -2.0252
                 -2.1898      -2.4697      -1.7696      -2.7222      -2.5744
   5    100      -2.1658      -2.9109      -2.4543      -1.8061      -2.3895
                 -2.5551      -2.8360      -2.1332      -3.0875      -2.9416
 
 
 cumulative average & 95% error for solvation free energy
              total             1st component         2nd component         3rd component
  1    -2.8841               -0.6075               -0.6523               -1.6242
  2    -2.8941     0.0200    -0.3720     0.4710    -0.5248     0.2549    -1.9972     0.7459
  3    -2.9153     0.0440    -0.3756     0.2720    -0.5710     0.1738    -1.9686     0.4344
  4    -2.9870     0.1467    -0.5597     0.4154    -0.6335     0.1752    -1.7937     0.4655
  5    -2.9694     0.1190    -0.5467     0.3228    -0.6165     0.1399    -1.8060     0.3614
  6    -2.9411     0.1124    -0.5454     0.2636    -0.5552     0.1677    -1.8404     0.3030
  7    -2.9600     0.1023    -0.4847     0.2537    -0.5695     0.1446    -1.9057     0.2875
  8    -2.9639     0.0889    -0.4905     0.2200    -0.6067     0.1456    -1.8665     0.2610
  9    -2.9606     0.0787    -0.4189     0.2412    -0.5997     0.1291    -1.9419     0.2751
 10    -2.9705     0.0731    -0.3891     0.2239    -0.5938     0.1161    -1.9876     0.2625
