 ERmod 0.3.8, Copyright (C) 2000-2019 Nobuyuki Matubayasi
                            2010-2019 Shun Sakuraba
 ERmod comes with ABSOLUTELY NO WARRANTY.
 This is free software, and you can redistribute it
 and/or modify it under certain conditions.
 See LICENSE file for details.
 ERmod 0.3.8, Copyright (C) 2000-2019 Nobuyuki Matubayasi
                            2010-2019 Shun Sakuraba
 ERmod comes with ABSOLUTELY NO WARRANTY.
 This is free software, and you can redistribute it
 and/or modify it under certain conditions.
 See LICENSE file for details.
 
  Number of the   1-th solvent  =          180
  Number of the   2-th solvent  =          180
  Number of the   3-th solvent  =        10000
 
  Be sure that the solvent distribution is homogeneous (radial distribution function is essentially unity) when the solvent molecule is separated beyond distance of   10.0 Angstrom in any direction from any atom within the solute molecule
 
  LJ long-range correction    =        -0.0143     -0.0222     -0.5716
 
  Self-energy of the solute   =         0.0001  kcal/mol
 
 
 cumulative average & 95% error for solvation energy
              total             1st component         2nd component         3rd component
  1   -14.1799                0.3479               -0.7035              -13.8244
  2   -14.1536     0.0524     0.3676     0.0393    -0.7189     0.0308   -13.8024     0.0440
  3   -14.1420     0.0382     0.3612     0.0261    -0.7224     0.0191   -13.7809     0.0499
  4   -14.1411     0.0271     0.3528     0.0249    -0.7187     0.0153   -13.7753     0.0371
  5   -14.1428     0.0213     0.3545     0.0195    -0.7167     0.0126   -13.7807     0.0307
  6   -14.1444     0.0177     0.3518     0.0168    -0.7205     0.0129   -13.7758     0.0269
  7   -14.1398     0.0176     0.3593     0.0206    -0.7112     0.0217   -13.7880     0.0334
  8   -14.1440     0.0173     0.3581     0.0180    -0.7210     0.0272   -13.7812     0.0319
  9   -14.1406     0.0167     0.3640     0.0197    -0.7155     0.0264   -13.7891     0.0324
 10   -14.1347     0.0191     0.3615     0.0183    -0.7157     0.0236   -13.7805     0.0338
 
 
 group  inft  solvation free energy     error          difference
  total solvation free energy
   1      0          5.01608           0.02313           0.00343
   1     60          5.00560           0.02317          -0.00705
   1     80          4.89123           0.02366          -0.12143
   1    100          4.35657           0.02600          -0.65608
   2      0          5.00552           0.02386          -0.00713
   3      0          5.01266           0.02398           0.00000
   4      0          5.00501           0.02363          -0.00764
   5      0          5.04821           0.02332           0.03555
   5     60          5.03349           0.02336           0.02083
   5     80          4.88316           0.02395          -0.12950
   5    100          4.37883           0.02595          -0.63383
 
  contribution from  1-th solvent component
   1      0          0.67677           0.01318           0.00435
   1     60          0.67680           0.01320           0.00438
   1     80          0.67680           0.01348           0.00437
   1    100          0.67359           0.01489           0.00117
   2      0          0.67390           0.01275           0.00148
   3      0          0.67242           0.01281           0.00000
   4      0          0.67136           0.01261          -0.00106
   5      0          0.67110           0.01280          -0.00133
   5     60          0.67111           0.01283          -0.00131
   5     80          0.67073           0.01318          -0.00170
   5    100          0.66689           0.01442          -0.00554
 
  contribution from  2-th solvent component
   1      0         -0.28644           0.01431           0.00377
   1     60         -0.28654           0.01433           0.00366
   1     80         -0.28800           0.01450           0.00220
   1    100         -0.29555           0.01521          -0.00535
   2      0         -0.28925           0.01412           0.00096
   3      0         -0.29020           0.01397           0.00000
   4      0         -0.29139           0.01390          -0.00119
   5      0         -0.29167           0.01355          -0.00147
   5     60         -0.29184           0.01357          -0.00163
   5     80         -0.29391           0.01377          -0.00371
   5    100         -0.30134           0.01437          -0.01114
 
  contribution from  3-th solvent component
   1      0          4.62569           0.01893          -0.00469
   1     60          4.61529           0.01895          -0.01509
   1     80          4.50237           0.01912          -0.12801
   1    100          3.97847           0.02005          -0.65190
   2      0          4.62081           0.01971          -0.00956
   3      0          4.63038           0.01974           0.00000
   4      0          4.62498           0.01921          -0.00539
   5      0          4.66873           0.01867           0.03835
   5     60          4.65415           0.01870           0.02378
   5     80          4.50628           0.01894          -0.12409
   5    100          4.01323           0.01987          -0.61715
 
 
 group  inft   Estimated free energy: total (kcal/mol)
   1      0       4.9651       5.0389       5.0112       5.0304       4.9898
                  5.0078       5.0588       4.9560       5.0517       5.0511
   1     60       4.9545       5.0285       5.0007       5.0199       4.9792
                  4.9973       5.0484       4.9455       5.0413       5.0406
   1     80       4.8391       4.9149       4.8861       4.9054       4.8640
                  4.8826       4.9355       4.8302       4.9281       4.9262
   1    100       4.2990       4.3844       4.3503       4.3702       4.3257
                  4.3459       4.4077       4.2918       4.3987       4.3919
   2      0       4.9531       5.0263       4.9942       5.0174       4.9814
                  5.0019       5.0529       4.9440       5.0364       5.0478
   3      0       4.9607       5.0328       4.9991       5.0215       4.9928
                  5.0088       5.0612       4.9500       5.0431       5.0566
   4      0       4.9547       5.0218       4.9911       5.0155       4.9845
                  5.0012       5.0547       4.9435       5.0358       5.0475
   5      0       4.9957       5.0717       5.0387       5.0588       5.0299
                  5.0406       5.0923       4.9864       5.0823       5.0857
   5     60       4.9809       5.0570       5.0239       5.0441       5.0151
                  5.0259       5.0777       4.9716       5.0677       5.0710
   5     80       4.8293       4.9075       4.8733       4.8937       4.8638
                  4.8752       4.9292       4.8202       4.9188       4.9206
   5    100       4.3202       4.4065       4.3677       4.3892       4.3562
                  4.3691       4.4308       4.3129       4.4189       4.4168
 
 group  inft   Estimated free energy: 1-th solvent contribution (kcal/mol)
   1      0       0.6643       0.7003       0.6701       0.6540       0.6723
                  0.6623       0.7009       0.6729       0.7142       0.6566
   1     60       0.6643       0.7003       0.6701       0.6540       0.6723
                  0.6623       0.7010       0.6729       0.7143       0.6566
   1     80       0.6638       0.7011       0.6701       0.6537       0.6719
                  0.6619       0.7015       0.6730       0.7150       0.6561
   1    100       0.6583       0.7016       0.6665       0.6487       0.6668
                  0.6571       0.7007       0.6705       0.7149       0.6507
   2      0       0.6621       0.6967       0.6663       0.6514       0.6706
                  0.6598       0.6971       0.6704       0.7100       0.6545
   3      0       0.6601       0.6945       0.6652       0.6492       0.6697
                  0.6583       0.6960       0.6697       0.7086       0.6530
   4      0       0.6593       0.6934       0.6643       0.6483       0.6691
                  0.6576       0.6940       0.6688       0.7070       0.6518
   5      0       0.6586       0.6933       0.6647       0.6481       0.6683
                  0.6572       0.6940       0.6686       0.7075       0.6507
   5     60       0.6586       0.6933       0.6647       0.6481       0.6683
                  0.6572       0.6941       0.6686       0.7076       0.6507
   5     80       0.6576       0.6938       0.6642       0.6473       0.6674
                  0.6564       0.6943       0.6684       0.7081       0.6497
   5    100       0.6518       0.6930       0.6601       0.6419       0.6621
                  0.6511       0.6927       0.6652       0.7072       0.6439
 
 group  inft   Estimated free energy: 2-th solvent contribution (kcal/mol)
   1      0      -0.2825      -0.2982      -0.2966      -0.2767      -0.2848
                 -0.2988      -0.2488      -0.3311      -0.2602      -0.2866
   1     60      -0.2826      -0.2984      -0.2967      -0.2768      -0.2849
                 -0.2989      -0.2488      -0.3312      -0.2603      -0.2868
   1     80      -0.2841      -0.3000      -0.2984      -0.2782      -0.2864
                 -0.3005      -0.2496      -0.3330      -0.2614      -0.2884
   1    100      -0.2919      -0.3085      -0.3067      -0.2859      -0.2941
                 -0.3087      -0.2544      -0.3417      -0.2672      -0.2965
   2      0      -0.2862      -0.3007      -0.2987      -0.2797      -0.2868
                 -0.3009      -0.2520      -0.3341      -0.2643      -0.2893
   3      0      -0.2873      -0.3015      -0.2996      -0.2806      -0.2872
                 -0.3022      -0.2541      -0.3344      -0.2644      -0.2907
   4      0      -0.2882      -0.3029      -0.3005      -0.2818      -0.2886
                 -0.3030      -0.2551      -0.3356      -0.2666      -0.2916
   5      0      -0.2882      -0.3022      -0.3010      -0.2813      -0.2888
                 -0.3028      -0.2575      -0.3353      -0.2670      -0.2926
   5     60      -0.2884      -0.3024      -0.3012      -0.2815      -0.2890
                 -0.3030      -0.2576      -0.3355      -0.2671      -0.2928
   5     80      -0.2905      -0.3047      -0.3035      -0.2836      -0.2911
                 -0.3052      -0.2589      -0.3379      -0.2687      -0.2950
   5    100      -0.2982      -0.3129      -0.3116      -0.2910      -0.2987
                 -0.3132      -0.2639      -0.3464      -0.2747      -0.3030
 
 group  inft   Estimated free energy: 3-th solvent contribution (kcal/mol)
   1      0       4.5832       4.6369       4.6377       4.6530       4.6022
                  4.6442       4.6066       4.6142       4.5977       4.6811
   1     60       4.5728       4.6265       4.6273       4.6426       4.5918
                  4.6339       4.5962       4.6038       4.5873       4.6708
   1     80       4.4593       4.5138       4.5144       4.5299       4.4785
                  4.5211       4.4836       4.4901       4.4745       4.5584
   1    100       3.9326       3.9911       3.9905       4.0074       3.9530
                  3.9974       3.9613       3.9629       3.9509       4.0376
   2      0       4.5771       4.6302       4.6265       4.6456       4.5975
                  4.6429       4.6077       4.6076       4.5906       4.6825
   3      0       4.5878       4.6397       4.6334       4.6529       4.6102
                  4.6527       4.6193       4.6146       4.5989       4.6943
   4      0       4.5835       4.6312       4.6273       4.6488       4.6039
                  4.6465       4.6157       4.6103       4.5953       4.6873
   5      0       4.6253       4.6805       4.6749       4.6920       4.6503
                  4.6862       4.6557       4.6530       4.6417       4.7275
   5     60       4.6107       4.6660       4.6604       4.6775       4.6357
                  4.6716       4.6412       4.6384       4.6272       4.7130
   5     80       4.4621       4.5184       4.5125       4.5300       4.4874
                  4.5239       4.4937       4.4897       4.4794       4.5659
   5    100       3.9665       4.0263       4.0191       4.0383       3.9928
                  4.0312       4.0020       3.9940       3.9863       4.0758
 
 
 cumulative average & 95% error for solvation free energy
              total             1st component         2nd component         3rd component
  1     4.9607                0.6601               -0.2873                4.5878
  2     4.9967     0.0721     0.6773     0.0345    -0.2944     0.0142     4.6138     0.0519
  3     4.9975     0.0417     0.6733     0.0215    -0.2961     0.0089     4.6203     0.0327
  4     5.0035     0.0318     0.6672     0.0194    -0.2922     0.0100     4.6285     0.0283
  5     5.0014     0.0250     0.6677     0.0150    -0.2912     0.0080     4.6248     0.0231
  6     5.0026     0.0206     0.6662     0.0127    -0.2931     0.0075     4.6295     0.0210
  7     5.0110     0.0241     0.6704     0.0137    -0.2875     0.0128     4.6280     0.0180
  8     5.0033     0.0259     0.6703     0.0119    -0.2934     0.0161     4.6263     0.0159
  9     5.0078     0.0245     0.6746     0.0135    -0.2901     0.0156     4.6233     0.0153
 10     5.0127     0.0240     0.6724     0.0128    -0.2902     0.0140     4.6304     0.0197
