 ERmod 0.3.8, Copyright (C) 2000-2019 Nobuyuki Matubayasi
                            2010-2019 Shun Sakuraba
 ERmod comes with ABSOLUTELY NO WARRANTY.
 This is free software, and you can redistribute it
 and/or modify it under certain conditions.
 See LICENSE file for details.
 ERmod 0.3.8, Copyright (C) 2000-2019 Nobuyuki Matubayasi
                            2010-2019 Shun Sakuraba
 ERmod comes with ABSOLUTELY NO WARRANTY.
 This is free software, and you can redistribute it
 and/or modify it under certain conditions.
 See LICENSE file for details.
 
  Number of the   1-th solvent  =          180
  Number of the   2-th solvent  =          180
  Number of the   3-th solvent  =        10000
 
  Be sure that the solvent distribution is homogeneous (radial distribution function is essentially unity) when the solvent molecule is separated beyond distance of   10.0 Angstrom in any direction from any atom within the solute molecule
 
  LJ long-range correction    =        -0.0025     -0.0058     -0.3163
 
  Self-energy of the solute   =         0.0000  kcal/mol
 
 
 cumulative average & 95% error for solvation energy
              total             1st component         2nd component         3rd component
  1    -8.2337                0.2139               -0.2850               -8.1627
  2    -8.2319     0.0037     0.2103     0.0072    -0.2853     0.0007    -8.1568     0.0116
  3    -8.2345     0.0057     0.2126     0.0063    -0.2857     0.0008    -8.1615     0.0115
  4    -8.2246     0.0201     0.2131     0.0046    -0.2834     0.0046    -8.1544     0.0163
  5    -8.2281     0.0171     0.2120     0.0042    -0.2865     0.0071    -8.1537     0.0127
  6    -8.2337     0.0178     0.2104     0.0047    -0.2877     0.0063    -8.1564     0.0117
  7    -8.2347     0.0152     0.2095     0.0044    -0.2867     0.0057    -8.1576     0.0101
  8    -8.2361     0.0135     0.2097     0.0038    -0.2873     0.0051    -8.1586     0.0090
  9    -8.2385     0.0128     0.2088     0.0038    -0.2876     0.0046    -8.1597     0.0082
 10    -8.2323     0.0168     0.2105     0.0048    -0.2858     0.0055    -8.1570     0.0091
 
 
 group  inft  solvation free energy     error          difference
  total solvation free energy
   1      0          3.66831           0.01836          -0.00906
   1     60          3.66008           0.01839          -0.01728
   1     80          3.58203           0.01877          -0.09533
   1    100          3.24574           0.02060          -0.43162
   2      0          3.66315           0.01854          -0.01422
   3      0          3.67736           0.01802           0.00000
   4      0          3.68145           0.01770           0.00409
   5      0          3.73503           0.01646           0.05767
   5     60          3.72376           0.01650           0.04640
   5     80          3.62391           0.01699          -0.05345
   5    100          3.30847           0.01872          -0.36889
 
  contribution from  1-th solvent component
   1      0          0.26910           0.00598           0.00322
   1     60          0.26913           0.00598           0.00325
   1     80          0.26976           0.00609           0.00388
   1    100          0.27095           0.00669           0.00507
   2      0          0.26673           0.00576           0.00085
   3      0          0.26588           0.00581           0.00000
   4      0          0.26380           0.00550          -0.00208
   5      0          0.26547           0.00566          -0.00041
   5     60          0.26552           0.00567          -0.00036
   5     80          0.26609           0.00582           0.00021
   5    100          0.26660           0.00640           0.00072
 
  contribution from  2-th solvent component
   1      0         -0.21303           0.00891           0.00182
   1     60         -0.21270           0.00893           0.00215
   1     80         -0.21095           0.00909           0.00391
   1    100         -0.20664           0.00991           0.00822
   2      0         -0.21453           0.00854           0.00033
   3      0         -0.21486           0.00843           0.00000
   4      0         -0.21506           0.00839          -0.00020
   5      0         -0.21744           0.00791          -0.00259
   5     60         -0.21701           0.00793          -0.00216
   5     80         -0.21486           0.00815          -0.00001
   5    100         -0.21098           0.00893           0.00388
 
  contribution from  3-th solvent component
   1      0          3.61221           0.01057          -0.01411
   1     60          3.60363           0.01059          -0.02269
   1     80          3.52319           0.01079          -0.10312
   1    100          3.18140           0.01163          -0.44492
   2      0          3.61092           0.01064          -0.01539
   3      0          3.62632           0.01014           0.00000
   4      0          3.63268           0.01017           0.00636
   5      0          3.68699           0.00970           0.06067
   5     60          3.67523           0.00972           0.04892
   5     80          3.57267           0.00996          -0.05365
   5    100          3.25283           0.01071          -0.37349
 
 
 group  inft   Estimated free energy: total (kcal/mol)
   1      0       3.6595       3.6739       3.6518       3.6973       3.6773
                  3.6329       3.6659       3.6431       3.6495       3.7319
   1     60       3.6513       3.6657       3.6436       3.6891       3.6691
                  3.6246       3.6576       3.6349       3.6412       3.7237
   1     80       3.5732       3.5878       3.5653       3.6116       3.5910
                  3.5457       3.5794       3.5564       3.5628       3.6471
   1    100       3.2367       3.2515       3.2278       3.2782       3.2546
                  3.2055       3.2430       3.2179       3.2248       3.3174
   2      0       3.6539       3.6690       3.6472       3.6921       3.6715
                  3.6264       3.6617       3.6377       3.6447       3.7273
   3      0       3.6700       3.6842       3.6636       3.7041       3.6838
                  3.6395       3.6779       3.6511       3.6601       3.7394
   4      0       3.6746       3.6886       3.6667       3.7085       3.6892
                  3.6448       3.6819       3.6571       3.6616       3.7415
   5      0       3.7286       3.7444       3.7210       3.7600       3.7451
                  3.7011       3.7313       3.7124       3.7163       3.7900
   5     60       3.7174       3.7332       3.7097       3.7488       3.7338
                  3.6897       3.7200       3.7011       3.7050       3.7788
   5     80       3.6175       3.6334       3.6096       3.6497       3.6339
                  3.5887       3.6201       3.6008       3.6046       3.6808
   5    100       3.3020       3.3181       3.2932       3.3369       3.3182
                  3.2694       3.3046       3.2833       3.2873       3.3716
 
 group  inft   Estimated free energy: 1-th solvent contribution (kcal/mol)
   1      0       0.2771       0.2629       0.2735       0.2690       0.2681
                  0.2645       0.2543       0.2714       0.2616       0.2886
   1     60       0.2771       0.2630       0.2735       0.2690       0.2681
                  0.2645       0.2543       0.2714       0.2617       0.2887
   1     80       0.2779       0.2635       0.2743       0.2697       0.2687
                  0.2651       0.2547       0.2721       0.2622       0.2897
   1    100       0.2797       0.2637       0.2763       0.2712       0.2694
                  0.2658       0.2550       0.2733       0.2623       0.2930
   2      0       0.2742       0.2611       0.2697       0.2669       0.2663
                  0.2617       0.2529       0.2694       0.2591       0.2859
   3      0       0.2739       0.2610       0.2692       0.2668       0.2641
                  0.2601       0.2522       0.2689       0.2578       0.2849
   4      0       0.2720       0.2587       0.2668       0.2644       0.2631
                  0.2583       0.2504       0.2670       0.2563       0.2812
   5      0       0.2735       0.2601       0.2699       0.2652       0.2643
                  0.2605       0.2517       0.2685       0.2575       0.2834
   5     60       0.2735       0.2602       0.2699       0.2652       0.2644
                  0.2605       0.2518       0.2686       0.2575       0.2835
   5     80       0.2743       0.2606       0.2707       0.2658       0.2649
                  0.2610       0.2520       0.2692       0.2579       0.2845
   5    100       0.2754       0.2602       0.2720       0.2667       0.2649
                  0.2610       0.2516       0.2698       0.2573       0.2871
 
 group  inft   Estimated free energy: 2-th solvent contribution (kcal/mol)
   1      0      -0.2234      -0.2082      -0.2197      -0.2065      -0.2271
                 -0.2213      -0.1927      -0.2283      -0.2156      -0.1876
   1     60      -0.2231      -0.2078      -0.2193      -0.2061      -0.2268
                 -0.2210      -0.1924      -0.2280      -0.2152      -0.1872
   1     80      -0.2214      -0.2059      -0.2178      -0.2042      -0.2253
                 -0.2196      -0.1904      -0.2265      -0.2135      -0.1849
   1    100      -0.2177      -0.2009      -0.2145      -0.1990      -0.2225
                 -0.2166      -0.1850      -0.2234      -0.2089      -0.1779
   2      0      -0.2242      -0.2094      -0.2202      -0.2090      -0.2277
                 -0.2221      -0.1956      -0.2302      -0.2171      -0.1897
   3      0      -0.2240      -0.2095      -0.2208      -0.2099      -0.2277
                 -0.2222      -0.1954      -0.2306      -0.2175      -0.1910
   4      0      -0.2238      -0.2097      -0.2205      -0.2096      -0.2281
                 -0.2229      -0.1953      -0.2307      -0.2180      -0.1918
   5      0      -0.2267      -0.2110      -0.2234      -0.2116      -0.2296
                 -0.2250      -0.1994      -0.2317      -0.2204      -0.1958
   5     60      -0.2263      -0.2105      -0.2230      -0.2111      -0.2292
                 -0.2246      -0.1989      -0.2312      -0.2200      -0.1953
   5     80      -0.2242      -0.2082      -0.2211      -0.2087      -0.2274
                 -0.2228      -0.1965      -0.2294      -0.2179      -0.1924
   5    100      -0.2208      -0.2035      -0.2181      -0.2041      -0.2249
                 -0.2203      -0.1916      -0.2267      -0.2140      -0.1858
 
 group  inft   Estimated free energy: 3-th solvent contribution (kcal/mol)
   1      0       3.6058       3.6191       3.5980       3.6347       3.6363
                  3.5897       3.6042       3.6001       3.6034       3.6307
   1     60       3.5972       3.6106       3.5894       3.6262       3.6277
                  3.5811       3.5957       3.5915       3.5948       3.6222
   1     80       3.5167       3.5302       3.5088       3.5461       3.5477
                  3.5001       3.5151       3.5108       3.5141       3.5422
   1    100       3.1747       3.1887       3.1660       3.2059       3.2077
                  3.1562       3.1730       3.1680       3.1714       3.2023
   2      0       3.6038       3.6174       3.5976       3.6342       3.6329
                  3.5869       3.6044       3.5983       3.6027       3.6310
   3      0       3.6200       3.6327       3.6152       3.6471       3.6474
                  3.6016       3.6210       3.6128       3.6198       3.6454
   4      0       3.6265       3.6396       3.6204       3.6537       3.6543
                  3.6094       3.6268       3.6208       3.6234       3.6521
   5      0       3.6818       3.6952       3.6746       3.7063       3.7103
                  3.6656       3.6790       3.6755       3.6793       3.7023
   5     60       3.6701       3.6835       3.6628       3.6946       3.6986
                  3.6538       3.6672       3.6637       3.6675       3.6906
   5     80       3.5675       3.5810       3.5601       3.5926       3.5964
                  3.5505       3.5646       3.5609       3.5646       3.5886
   5    100       3.2474       3.2614       3.2394       3.2743       3.2781
                  3.2287       3.2446       3.2402       3.2440       3.2703
 
 
 cumulative average & 95% error for solvation free energy
              total             1st component         2nd component         3rd component
  1     3.6700                0.2739               -0.2240                3.6200
  2     3.6771     0.0142     0.2675     0.0130    -0.2168     0.0145     3.6264     0.0127
  3     3.6726     0.0122     0.2680     0.0076    -0.2181     0.0088     3.6226     0.0105
  4     3.6805     0.0179     0.2677     0.0054    -0.2160     0.0074     3.6288     0.0143
  5     3.6811     0.0140     0.2670     0.0044    -0.2184     0.0074     3.6325     0.0134
  6     3.6742     0.0179     0.2658     0.0043    -0.2190     0.0062     3.6274     0.0150
  7     3.6747     0.0152     0.2639     0.0053    -0.2156     0.0086     3.6265     0.0128
  8     3.6718     0.0144     0.2645     0.0048    -0.2175     0.0083     3.6247     0.0116
  9     3.6705     0.0130     0.2638     0.0045    -0.2175     0.0073     3.6242     0.0103
 10     3.6774     0.0180     0.2659     0.0058    -0.2149     0.0084     3.6263     0.0101
