 ERmod 0.3.8, Copyright (C) 2000-2019 Nobuyuki Matubayasi
                            2010-2019 Shun Sakuraba
 ERmod comes with ABSOLUTELY NO WARRANTY.
 This is free software, and you can redistribute it
 and/or modify it under certain conditions.
 See LICENSE file for details.
 ERmod 0.3.8, Copyright (C) 2000-2019 Nobuyuki Matubayasi
                            2010-2019 Shun Sakuraba
 ERmod comes with ABSOLUTELY NO WARRANTY.
 This is free software, and you can redistribute it
 and/or modify it under certain conditions.
 See LICENSE file for details.
 
  Number of the   1-th solvent  =           90
  Number of the   2-th solvent  =           90
  Number of the   3-th solvent  =        10000
 
  Be sure that the solvent distribution is homogeneous (radial distribution function is essentially unity) when the solvent molecule is separated beyond distance of   10.0 Angstrom in any direction from any atom within the solute molecule
 
  LJ long-range correction    =        -0.0029     -0.0032     -0.3493
 
  Self-energy of the solute   =        -0.0001  kcal/mol
 
 
 cumulative average & 95% error for solvation energy
              total             1st component         2nd component         3rd component
  1   -20.5896               -0.7741               -0.6511              -19.1642
  2   -20.5382     0.1028    -0.4623     0.6237    -0.4059     0.4904   -19.6699     1.0113
  3   -20.5123     0.0788    -0.6215     0.4807    -0.4112     0.2833   -19.4794     0.6971
  4   -20.5097     0.0560    -0.4931     0.4260    -0.3885     0.2054   -19.6279     0.5754
  5   -20.5276     0.0563    -0.5390     0.3425    -0.4279     0.1775   -19.5606     0.4656
  6   -20.5282     0.0460    -0.4801     0.3034    -0.3984     0.1564   -19.6495     0.4196
  7   -20.5161     0.0458    -0.5328     0.2772    -0.3401     0.1763   -19.6430     0.3549
  8   -20.5038     0.0467    -0.5491     0.2423    -0.3526     0.1547   -19.6020     0.3181
  9   -20.5054     0.0413    -0.5504     0.2137    -0.4064     0.1739   -19.5485     0.3003
 10   -20.5323     0.0651    -0.4962     0.2198    -0.4576     0.1862   -19.5783     0.2751
 
 
 group  inft  solvation free energy     error          difference
  total solvation free energy
   1      0         -2.47734           0.05768           0.00881
   1     60         -2.49142           0.05769          -0.00526
   1     80         -2.61434           0.05786          -0.12818
   1    100         -3.08743           0.05834          -0.60128
   2      0         -2.48261           0.05696           0.00354
   3      0         -2.48615           0.05601           0.00000
   4      0         -2.48037           0.05724           0.00578
   5      0         -2.48447           0.05594           0.00168
   5     60         -2.50370           0.05596          -0.01755
   5     80         -2.65832           0.05612          -0.17217
   5    100         -3.09602           0.05647          -0.60986
 
  contribution from  1-th solvent component
   1      0         -0.12755           0.12215           0.00683
   1     60         -0.12761           0.12215           0.00677
   1     80         -0.12824           0.12221           0.00614
   1    100         -0.13110           0.12242           0.00328
   2      0         -0.13309           0.11901           0.00129
   3      0         -0.13438           0.11762           0.00000
   4      0         -0.13478           0.11689          -0.00040
   5      0         -0.13432           0.11578           0.00006
   5     60         -0.13441           0.11579          -0.00003
   5     80         -0.13533           0.11582          -0.00094
   5    100         -0.13829           0.11593          -0.00390
 
  contribution from  2-th solvent component
   1      0         -0.30311           0.10307          -0.00203
   1     60         -0.30290           0.10308          -0.00182
   1     80         -0.30192           0.10320          -0.00084
   1    100         -0.30026           0.10361           0.00083
   2      0         -0.30130           0.10334          -0.00022
   3      0         -0.30108           0.10378           0.00000
   4      0         -0.30188           0.10379          -0.00080
   5      0         -0.30142           0.10294          -0.00033
   5     60         -0.30117           0.10296          -0.00009
   5     80         -0.30018           0.10309           0.00090
   5    100         -0.29922           0.10344           0.00186
 
  contribution from  3-th solvent component
   1      0         -2.04654           0.13952           0.00401
   1     60         -2.06076           0.13953          -0.01022
   1     80         -2.18403           0.13966          -0.13348
   1    100         -2.65593           0.14016          -0.60539
   2      0         -2.04808           0.13968           0.00247
   3      0         -2.05055           0.14003           0.00000
   4      0         -2.04357           0.13883           0.00698
   5      0         -2.04860           0.13907           0.00195
   5     60         -2.06798           0.13909          -0.01743
   5     80         -2.22267           0.13925          -0.17213
   5    100         -2.65836           0.13974          -0.60782
 
 
 group  inft   Estimated free energy: total (kcal/mol)
   1      0      -2.6105      -2.4525      -2.5111      -2.4539      -2.5290
                 -2.4049      -2.3814      -2.3383      -2.4791      -2.6128
   1     60      -2.6246      -2.4665      -2.5252      -2.4679      -2.5430
                 -2.4190      -2.3955      -2.3523      -2.4931      -2.6270
   1     80      -2.7481      -2.5890      -2.6483      -2.5908      -2.6658
                 -2.5418      -2.5185      -2.4748      -2.6160      -2.7503
   1    100      -3.2228      -3.0619      -3.1221      -3.0641      -3.1386
                 -3.0138      -2.9916      -2.9464      -3.0886      -3.2243
   2      0      -2.6097      -2.4644      -2.5024      -2.4660      -2.5339
                 -2.4216      -2.3837      -2.3397      -2.4832      -2.6215
   3      0      -2.6052      -2.4689      -2.4961      -2.4797      -2.5344
                 -2.4286      -2.3880      -2.3431      -2.4890      -2.6285
   4      0      -2.6047      -2.4741      -2.4921      -2.4650      -2.5333
                 -2.4178      -2.3796      -2.3326      -2.4856      -2.6187
   5      0      -2.6005      -2.4722      -2.4860      -2.4836      -2.5365
                 -2.4269      -2.3863      -2.3405      -2.4849      -2.6274
   5     60      -2.6198      -2.4914      -2.5052      -2.5027      -2.5557
                 -2.4462      -2.4056      -2.3597      -2.5041      -2.6467
   5     80      -2.7750      -2.6457      -2.6599      -2.6574      -2.7102
                 -2.6006      -2.5603      -2.5139      -2.6585      -2.8018
   5    100      -3.2139      -3.0837      -3.0980      -3.0955      -3.1475
                 -3.0374      -2.9980      -2.9504      -3.0955      -3.2403
 
 group  inft   Estimated free energy: 1-th solvent contribution (kcal/mol)
   1      0      -0.3355       0.0951      -0.3892       0.1134      -0.2384
                  0.0520      -0.2867      -0.1849      -0.1760       0.0746
   1     60      -0.3356       0.0951      -0.3893       0.1133      -0.2384
                  0.0520      -0.2868      -0.1849      -0.1760       0.0746
   1     80      -0.3363       0.0945      -0.3901       0.1128      -0.2390
                  0.0515      -0.2874      -0.1856      -0.1767       0.0740
   1    100      -0.3396       0.0922      -0.3936       0.1102      -0.2418
                  0.0493      -0.2902      -0.1886      -0.1799       0.0711
   2      0      -0.3360       0.0862      -0.3841       0.1037      -0.2446
                  0.0373      -0.2910      -0.1861      -0.1805       0.0640
   3      0      -0.3304       0.0850      -0.3824       0.0983      -0.2455
                  0.0310      -0.2945      -0.1872      -0.1807       0.0626
   4      0      -0.3334       0.0752      -0.3794       0.1021      -0.2453
                  0.0335      -0.2920      -0.1871      -0.1811       0.0596
   5      0      -0.3304       0.0781      -0.3752       0.0944      -0.2436
                  0.0322      -0.2940      -0.1873      -0.1776       0.0603
   5     60      -0.3305       0.0780      -0.3753       0.0943      -0.2437
                  0.0321      -0.2941      -0.1874      -0.1777       0.0603
   5     80      -0.3316       0.0771      -0.3764       0.0934      -0.2446
                  0.0313      -0.2950      -0.1883      -0.1787       0.0593
   5    100      -0.3348       0.0744      -0.3797       0.0905      -0.2474
                  0.0288      -0.2979      -0.1914      -0.1817       0.0564
 
 group  inft   Estimated free energy: 2-th solvent contribution (kcal/mol)
   1      0      -0.4520      -0.1804      -0.3080      -0.2542      -0.3882
                 -0.1648      -0.0334      -0.2158      -0.4945      -0.5398
   1     60      -0.4518      -0.1802      -0.3079      -0.2540      -0.3879
                 -0.1645      -0.0331      -0.2156      -0.4943      -0.5396
   1     80      -0.4511      -0.1790      -0.3073      -0.2528      -0.3870
                 -0.1630      -0.0321      -0.2146      -0.4936      -0.5388
   1    100      -0.4502      -0.1768      -0.3064      -0.2506      -0.3856
                 -0.1595      -0.0302      -0.2125      -0.4926      -0.5381
   2      0      -0.4486      -0.1815      -0.3023      -0.2549      -0.3863
                 -0.1639      -0.0283      -0.2138      -0.4944      -0.5390
   3      0      -0.4484      -0.1811      -0.2971      -0.2599      -0.3850
                 -0.1636      -0.0261      -0.2132      -0.4962      -0.5401
   4      0      -0.4504      -0.1828      -0.2995      -0.2598      -0.3876
                 -0.1636      -0.0284      -0.2097      -0.4976      -0.5392
   5      0      -0.4451      -0.1844      -0.2951      -0.2619      -0.3879
                 -0.1652      -0.0287      -0.2116      -0.4956      -0.5387
   5     60      -0.4449      -0.1841      -0.2949      -0.2616      -0.3876
                 -0.1648      -0.0285      -0.2113      -0.4954      -0.5385
   5     80      -0.4442      -0.1828      -0.2943      -0.2604      -0.3866
                 -0.1632      -0.0275      -0.2103      -0.4947      -0.5378
   5    100      -0.4440      -0.1813      -0.2940      -0.2590      -0.3860
                 -0.1605      -0.0264      -0.2091      -0.4943      -0.5377
 
 group  inft   Estimated free energy: 3-th solvent contribution (kcal/mol)
   1      0      -1.8229      -2.3670      -1.8137      -2.3129      -1.9023
                 -2.2920      -2.0612      -1.9374      -1.8084      -2.1476
   1     60      -1.8371      -2.3812      -1.8279      -2.3271      -1.9165
                 -2.3063      -2.0754      -1.9516      -1.8226      -2.1618
   1     80      -1.9605      -2.5044      -1.9508      -2.4506      -2.0396
                 -2.4302      -2.1989      -2.0745      -1.9455      -2.2853
   1    100      -2.4328      -2.9772      -2.4219      -2.9236      -2.5110
                 -2.9034      -2.6711      -2.5452      -2.4159      -2.7572
   2      0      -1.8250      -2.3689      -1.8158      -2.3147      -1.9028
                 -2.2949      -2.0643      -1.9397      -1.8082      -2.1464
   3      0      -1.8262      -2.3726      -1.8164      -2.3181      -1.9037
                 -2.2959      -2.0673      -1.9425      -1.8119      -2.1509
   4      0      -1.8208      -2.3664      -1.8130      -2.3071      -1.9003
                 -2.2876      -2.0591      -1.9357      -1.8067      -2.1390
   5      0      -1.8248      -2.3658      -1.8156      -2.3159      -1.9049
                 -2.2937      -2.0634      -1.9416      -1.8115      -2.1489
   5     60      -1.8442      -2.3851      -1.8348      -2.3353      -1.9243
                 -2.3133      -2.0828      -1.9609      -1.8308      -2.1683
   5     80      -1.9991      -2.5399      -1.9891      -2.4902      -2.0788
                 -2.4686      -2.2377      -2.1151      -1.9850      -2.3232
   5    100      -2.4350      -2.9766      -2.4241      -2.9270      -2.5140
                 -2.9055      -2.6736      -2.5498      -2.4192      -2.7589
 
 
 cumulative average & 95% error for solvation free energy
              total             1st component         2nd component         3rd component
  1    -2.6052               -0.3304               -0.4484               -1.8262
  2    -2.5370     0.1363    -0.1227     0.4154    -0.3148     0.2673    -2.0994     0.5465
  3    -2.5234     0.0833    -0.2093     0.2958    -0.3089     0.1548    -2.0050     0.3676
  4    -2.5125     0.0628    -0.1324     0.2596    -0.2966     0.1122    -2.0833     0.3034
  5    -2.5169     0.0494    -0.1550     0.2061    -0.3143     0.0938    -2.0474     0.2458
  6    -2.5021     0.0499    -0.1240     0.1794    -0.2892     0.0916    -2.0888     0.2171
  7    -2.4858     0.0533    -0.1484     0.1592    -0.2516     0.1079    -2.0857     0.1836
  8    -2.4680     0.0584    -0.1532     0.1382    -0.2468     0.0939    -2.0678     0.1630
  9    -2.4703     0.0517    -0.1563     0.1221    -0.2745     0.0997    -2.0394     0.1546
 10    -2.4862     0.0560    -0.1344     0.1176    -0.3011     0.1038    -2.0505     0.1400
