 ERmod 0.3.8, Copyright (C) 2000-2019 Nobuyuki Matubayasi
                            2010-2019 Shun Sakuraba
 ERmod comes with ABSOLUTELY NO WARRANTY.
 This is free software, and you can redistribute it
 and/or modify it under certain conditions.
 See LICENSE file for details.
 ERmod 0.3.8, Copyright (C) 2000-2019 Nobuyuki Matubayasi
                            2010-2019 Shun Sakuraba
 ERmod comes with ABSOLUTELY NO WARRANTY.
 This is free software, and you can redistribute it
 and/or modify it under certain conditions.
 See LICENSE file for details.
 
  Number of the   1-th solvent  =          180
  Number of the   2-th solvent  =          180
  Number of the   3-th solvent  =        10000
 
  Be sure that the solvent distribution is homogeneous (radial distribution function is essentially unity) when the solvent molecule is separated beyond distance of   10.0 Angstrom in any direction from any atom within the solute molecule
 
  LJ long-range correction    =        -0.0028     -0.0070     -0.1134
 
  Self-energy of the solute   =         0.0000  kcal/mol
 
 
 cumulative average & 95% error for solvation energy
              total             1st component         2nd component         3rd component
  1    -3.5501                0.0247               -0.1199               -3.4549
  2    -3.5359     0.0284     0.0153     0.0188    -0.1382     0.0365    -3.4130     0.0837
  3    -3.5423     0.0207     0.0157     0.0109    -0.1349     0.0221    -3.4231     0.0524
  4    -3.5318     0.0255     0.0098     0.0140    -0.1512     0.0362    -3.3905     0.0750
  5    -3.5274     0.0217     0.0111     0.0111    -0.1521     0.0281    -3.3863     0.0587
  6    -3.5296     0.0182     0.0113     0.0091    -0.1506     0.0232    -3.3903     0.0486
  7    -3.5243     0.0187     0.0091     0.0088    -0.1580     0.0246    -3.3754     0.0507
  8    -3.5225     0.0166     0.0065     0.0093    -0.1582     0.0213    -3.3708     0.0449
  9    -3.5199     0.0155     0.0058     0.0083    -0.1609     0.0195    -3.3648     0.0413
 10    -3.5211     0.0141     0.0056     0.0074    -0.1613     0.0175    -3.3654     0.0370
 
 
 group  inft  solvation free energy     error          difference
  total solvation free energy
   1      0          2.59403           0.00566           0.01914
   1     60          2.58306           0.00567           0.00817
   1     80          2.51081           0.00575          -0.06408
   1    100          2.26161           0.00619          -0.31328
   2      0          2.59883           0.00557           0.02394
   3      0          2.57489           0.00614           0.00000
   4      0          2.63724           0.00547           0.06234
   5      0          2.57778           0.00674           0.00289
   5     60          2.56320           0.00675          -0.01169
   5     80          2.47414           0.00682          -0.10075
   5    100          2.24188           0.00711          -0.33301
 
  contribution from  1-th solvent component
   1      0          0.12659           0.00583           0.00386
   1     60          0.12655           0.00587           0.00382
   1     80          0.12614           0.00612           0.00342
   1    100          0.12382           0.00689           0.00110
   2      0          0.12395           0.00537           0.00122
   3      0          0.12272           0.00532           0.00000
   4      0          0.12152           0.00511          -0.00121
   5      0          0.12133           0.00507          -0.00139
   5     60          0.12124           0.00512          -0.00148
   5     80          0.12049           0.00539          -0.00223
   5    100          0.11786           0.00602          -0.00486
 
  contribution from  2-th solvent component
   1      0          0.07178           0.00926           0.00383
   1     60          0.07150           0.00927           0.00356
   1     80          0.06953           0.00933           0.00159
   1    100          0.06311           0.00952          -0.00484
   2      0          0.06945           0.00892           0.00151
   3      0          0.06795           0.00883           0.00000
   4      0          0.06899           0.00809           0.00105
   5      0          0.06745           0.00839          -0.00049
   5     60          0.06707           0.00840          -0.00088
   5     80          0.06463           0.00846          -0.00332
   5    100          0.05861           0.00860          -0.00934
 
  contribution from  3-th solvent component
   1      0          2.39566           0.01667           0.01145
   1     60          2.38501           0.01669           0.00079
   1     80          2.31513           0.01683          -0.06909
   1    100          2.07468           0.01727          -0.30954
   2      0          2.40543           0.01633           0.02121
   3      0          2.38422           0.01693           0.00000
   4      0          2.44672           0.01524           0.06250
   5      0          2.38899           0.01712           0.00477
   5     60          2.37489           0.01715          -0.00933
   5     80          2.28902           0.01734          -0.09520
   5    100          2.06541           0.01779          -0.31881
 
 
 group  inft   Estimated free energy: total (kcal/mol)
   1      0       2.5919       2.5922       2.5856       2.5938       2.6022
                  2.5854       2.6081       2.5939       2.6059       2.5813
   1     60       2.5811       2.5811       2.5747       2.5828       2.5913
                  2.5744       2.5971       2.5828       2.5950       2.5703
   1     80       2.5098       2.5088       2.5026       2.5100       2.5192
                  2.5021       2.5251       2.5101       2.5229       2.4975
   1    100       2.2639       2.2592       2.2539       2.2591       2.2709
                  2.2526       2.2765       2.2595       2.2743       2.2464
   2      0       2.5950       2.5963       2.5905       2.6002       2.6060
                  2.5909       2.6129       2.6000       2.6104       2.5862
   3      0       2.5688       2.5727       2.5645       2.5766       2.5815
                  2.5666       2.5908       2.5762       2.5884       2.5628
   4      0       2.6339       2.6343       2.6284       2.6379       2.6434
                  2.6293       2.6512       2.6396       2.6487       2.6254
   5      0       2.5717       2.5727       2.5661       2.5807       2.5820
                  2.5700       2.5954       2.5813       2.5932       2.5645
   5     60       2.5573       2.5580       2.5516       2.5661       2.5675
                  2.5554       2.5809       2.5666       2.5787       2.5498
   5     80       2.4693       2.4688       2.4626       2.4767       2.4786
                  2.4663       2.4921       2.4772       2.4898       2.4601
   5    100       2.2395       2.2360       2.2302       2.2432       2.2469
                  2.2337       2.2608       2.2441       2.2581       2.2263
 
 group  inft   Estimated free energy: 1-th solvent contribution (kcal/mol)
   1      0       0.1439       0.1223       0.1310       0.1220       0.1379
                  0.1285       0.1229       0.1112       0.1234       0.1226
   1     60       0.1440       0.1223       0.1310       0.1219       0.1379
                  0.1285       0.1228       0.1111       0.1234       0.1226
   1     80       0.1446       0.1216       0.1308       0.1212       0.1378
                  0.1282       0.1221       0.1103       0.1227       0.1220
   1    100       0.1455       0.1186       0.1291       0.1181       0.1362
                  0.1261       0.1191       0.1067       0.1197       0.1192
   2      0       0.1393       0.1200       0.1281       0.1196       0.1344
                  0.1268       0.1207       0.1094       0.1211       0.1202
   3      0       0.1376       0.1191       0.1264       0.1187       0.1332
                  0.1260       0.1197       0.1079       0.1195       0.1193
   4      0       0.1360       0.1174       0.1252       0.1167       0.1316
                  0.1243       0.1185       0.1078       0.1193       0.1183
   5      0       0.1360       0.1180       0.1252       0.1171       0.1310
                  0.1244       0.1177       0.1078       0.1187       0.1175
   5     60       0.1361       0.1178       0.1252       0.1169       0.1309
                  0.1244       0.1176       0.1076       0.1186       0.1174
   5     80       0.1365       0.1168       0.1246       0.1159       0.1305
                  0.1237       0.1165       0.1064       0.1175       0.1165
   5    100       0.1365       0.1136       0.1224       0.1126       0.1284
                  0.1212       0.1134       0.1028       0.1143       0.1134
 
 group  inft   Estimated free energy: 2-th solvent contribution (kcal/mol)
   1      0       0.0935       0.0743       0.0911       0.0529       0.0718
                  0.0807       0.0501       0.0732       0.0590       0.0712
   1     60       0.0933       0.0740       0.0908       0.0526       0.0715
                  0.0805       0.0498       0.0729       0.0587       0.0709
   1     80       0.0916       0.0720       0.0890       0.0505       0.0695
                  0.0785       0.0477       0.0709       0.0566       0.0689
   1    100       0.0860       0.0656       0.0830       0.0438       0.0628
                  0.0719       0.0411       0.0645       0.0500       0.0623
   2      0       0.0904       0.0719       0.0883       0.0512       0.0694
                  0.0778       0.0486       0.0705       0.0570       0.0694
   3      0       0.0883       0.0707       0.0869       0.0496       0.0679
                  0.0764       0.0471       0.0690       0.0566       0.0669
   4      0       0.0881       0.0719       0.0863       0.0519       0.0689
                  0.0762       0.0505       0.0701       0.0585       0.0675
   5      0       0.0872       0.0697       0.0848       0.0497       0.0676
                  0.0759       0.0478       0.0684       0.0568       0.0667
   5     60       0.0868       0.0693       0.0845       0.0493       0.0672
                  0.0755       0.0474       0.0680       0.0564       0.0663
   5     80       0.0847       0.0669       0.0821       0.0468       0.0647
                  0.0730       0.0449       0.0656       0.0539       0.0638
   5    100       0.0793       0.0608       0.0764       0.0405       0.0585
                  0.0669       0.0387       0.0595       0.0478       0.0576
 
 group  inft   Estimated free energy: 3-th solvent contribution (kcal/mol)
   1      0       2.3544       2.3955       2.3635       2.4189       2.3925
                  2.3761       2.4351       2.4094       2.4235       2.3875
   1     60       2.3438       2.3849       2.3529       2.4083       2.3818
                  2.3655       2.4246       2.3988       2.4129       2.3767
   1     80       2.2736       2.3151       2.2829       2.3383       2.3119
                  2.2954       2.3552       2.3288       2.3435       2.3066
   1    100       2.0323       2.0750       2.0418       2.0973       2.0718
                  2.0545       2.1163       2.0883       2.1046       2.0648
   2      0       2.3654       2.4044       2.3741       2.4293       2.4022
                  2.3863       2.4436       2.4202       2.4323       2.3966
   3      0       2.3429       2.3829       2.3512       2.4083       2.3804
                  2.3642       2.4241       2.3993       2.4122       2.3766
   4      0       2.4098       2.4450       2.4169       2.4694       2.4429
                  2.4288       2.4822       2.4618       2.4709       2.4395
   5      0       2.3486       2.3850       2.3561       2.4140       2.3835
                  2.3697       2.4299       2.4051       2.4177       2.3803
   5     60       2.3344       2.3709       2.3420       2.3999       2.3694
                  2.3556       2.4159       2.3910       2.4037       2.3662
   5     80       2.2482       2.2850       2.2558       2.3140       2.2834
                  2.2695       2.3307       2.3052       2.3183       2.2799
   5    100       2.0237       2.0616       2.0314       2.0901       2.0600
                  2.0457       2.1087       2.0818       2.0960       2.0553
 
 
 cumulative average & 95% error for solvation free energy
              total             1st component         2nd component         3rd component
  1     2.5688                0.1376                0.0883                2.3429
  2     2.5708     0.0039     0.1283     0.0185     0.0795     0.0176     2.3629     0.0400
  3     2.5687     0.0047     0.1277     0.0107     0.0820     0.0113     2.3590     0.0244
  4     2.5707     0.0052     0.1254     0.0088     0.0739     0.0180     2.3713     0.0301
  5     2.5728     0.0059     0.1270     0.0075     0.0727     0.0142     2.3731     0.0236
  6     2.5718     0.0052     0.1268     0.0061     0.0733     0.0116     2.3716     0.0195
  7     2.5745     0.0070     0.1258     0.0056     0.0696     0.0124     2.3791     0.0223
  8     2.5747     0.0061     0.1236     0.0066     0.0695     0.0107     2.3817     0.0199
  9     2.5762     0.0062     0.1231     0.0059     0.0681     0.0099     2.3851     0.0188
 10     2.5749     0.0061     0.1227     0.0053     0.0679     0.0088     2.3842     0.0169
