 ERmod 0.3.8, Copyright (C) 2000-2019 Nobuyuki Matubayasi
                            2010-2019 Shun Sakuraba
 ERmod comes with ABSOLUTELY NO WARRANTY.
 This is free software, and you can redistribute it
 and/or modify it under certain conditions.
 See LICENSE file for details.
 ERmod 0.3.8, Copyright (C) 2000-2019 Nobuyuki Matubayasi
                            2010-2019 Shun Sakuraba
 ERmod comes with ABSOLUTELY NO WARRANTY.
 This is free software, and you can redistribute it
 and/or modify it under certain conditions.
 See LICENSE file for details.
 
  Number of the   1-th solvent  =          180
  Number of the   2-th solvent  =          180
  Number of the   3-th solvent  =        10000
 
  Be sure that the solvent distribution is homogeneous (radial distribution function is essentially unity) when the solvent molecule is separated beyond distance of   10.0 Angstrom in any direction from any atom within the solute molecule
 
  LJ long-range correction    =        -0.0029     -0.0045     -0.1167
 
  Self-energy of the solute   =         0.0000  kcal/mol
 
 
 cumulative average & 95% error for solvation energy
              total             1st component         2nd component         3rd component
  1    -3.5774               -0.0030               -0.1378               -3.4366
  2    -3.5766     0.0016    -0.0020     0.0020    -0.1240     0.0275    -3.4506     0.0280
  3    -3.5771     0.0013    -0.0003     0.0036    -0.1187     0.0191    -3.4581     0.0220
  4    -3.5796     0.0051     0.0011     0.0038    -0.1138     0.0166    -3.4668     0.0234
  5    -3.5800     0.0040     0.0034     0.0055    -0.1161     0.0136    -3.4673     0.0181
  6    -3.5806     0.0035     0.0034     0.0045    -0.1177     0.0116    -3.4663     0.0150
  7    -3.5819     0.0039     0.0039     0.0039    -0.1184     0.0099    -3.4673     0.0128
  8    -3.5834     0.0046     0.0042     0.0034    -0.1204     0.0094    -3.4673     0.0111
  9    -3.5827     0.0043     0.0047     0.0032    -0.1220     0.0089    -3.4654     0.0105
 10    -3.5832     0.0040     0.0055     0.0032    -0.1216     0.0080    -3.4671     0.0100
 
 
 group  inft  solvation free energy     error          difference
  total solvation free energy
   1      0          2.71332           0.00491           0.02092
   1     60          2.70254           0.00494           0.01014
   1     80          2.63136           0.00511          -0.06103
   1    100          2.39301           0.00564          -0.29939
   2      0          2.71753           0.00461           0.02514
   3      0          2.69240           0.00415           0.00000
   4      0          2.75554           0.00423           0.06314
   5      0          2.69494           0.00416           0.00254
   5     60          2.68058           0.00419          -0.01181
   5     80          2.59321           0.00437          -0.09919
   5    100          2.37112           0.00482          -0.32127
 
  contribution from  1-th solvent component
   1      0          0.13026           0.00347           0.00392
   1     60          0.13020           0.00348           0.00386
   1     80          0.12961           0.00355           0.00327
   1    100          0.12671           0.00381           0.00036
   2      0          0.12762           0.00327           0.00127
   3      0          0.12635           0.00334           0.00000
   4      0          0.12511           0.00306          -0.00124
   5      0          0.12516           0.00306          -0.00119
   5     60          0.12504           0.00307          -0.00130
   5     80          0.12409           0.00316          -0.00226
   5    100          0.12099           0.00338          -0.00536
 
  contribution from  2-th solvent component
   1      0          0.04669           0.00616           0.00401
   1     60          0.04655           0.00617           0.00387
   1     80          0.04528           0.00626           0.00259
   1    100          0.04071           0.00651          -0.00197
   2      0          0.04386           0.00598           0.00118
   3      0          0.04269           0.00591           0.00000
   4      0          0.04258           0.00559          -0.00011
   5      0          0.04177           0.00572          -0.00092
   5     60          0.04155           0.00574          -0.00113
   5     80          0.03989           0.00582          -0.00279
   5    100          0.03550           0.00601          -0.00719
 
  contribution from  3-th solvent component
   1      0          2.53636           0.00478           0.01300
   1     60          2.52578           0.00479           0.00242
   1     80          2.45647           0.00486          -0.06689
   1    100          2.22559           0.00512          -0.29777
   2      0          2.54605           0.00477           0.02269
   3      0          2.52336           0.00491           0.00000
   4      0          2.58785           0.00434           0.06449
   5      0          2.52801           0.00489           0.00465
   5     60          2.51398           0.00490          -0.00938
   5     80          2.42922           0.00499          -0.09414
   5    100          2.21463           0.00523          -0.30873
 
 
 group  inft   Estimated free energy: total (kcal/mol)
   1      0       2.7021       2.7139       2.7234       2.7247       2.7097
                  2.7130       2.7140       2.7066       2.7208       2.7050
   1     60       2.6912       2.7031       2.7126       2.7140       2.6989
                  2.7022       2.7032       2.6958       2.7101       2.6941
   1     80       2.6196       2.6318       2.6418       2.6433       2.6278
                  2.6309       2.6321       2.6243       2.6392       2.6229
   1    100       2.3800       2.3931       2.4045       2.4063       2.3895
                  2.3922       2.3937       2.3849       2.4018       2.3840
   2      0       2.7088       2.7185       2.7270       2.7288       2.7141
                  2.7159       2.7182       2.7113       2.7244       2.7085
   3      0       2.6846       2.6927       2.6992       2.7025       2.6898
                  2.6922       2.6923       2.6859       2.7004       2.6844
   4      0       2.7479       2.7562       2.7641       2.7663       2.7536
                  2.7537       2.7558       2.7499       2.7614       2.7464
   5      0       2.6878       2.6940       2.7016       2.7045       2.6945
                  2.6971       2.6964       2.6873       2.7011       2.6851
   5     60       2.6733       2.6796       2.6873       2.6902       2.6802
                  2.6827       2.6821       2.6729       2.6868       2.6707
   5     80       2.5855       2.5921       2.6003       2.6033       2.5929
                  2.5953       2.5947       2.5852       2.5998       2.5830
   5    100       2.3626       2.3698       2.3789       2.3823       2.3711
                  2.3729       2.3726       2.3623       2.3786       2.3600
 
 group  inft   Estimated free energy: 1-th solvent contribution (kcal/mol)
   1      0       0.1240       0.1223       0.1303       0.1264       0.1383
                  0.1290       0.1285       0.1303       0.1363       0.1372
   1     60       0.1240       0.1222       0.1303       0.1264       0.1383
                  0.1289       0.1284       0.1302       0.1363       0.1371
   1     80       0.1233       0.1215       0.1297       0.1257       0.1379
                  0.1282       0.1278       0.1295       0.1358       0.1367
   1    100       0.1201       0.1182       0.1267       0.1224       0.1359
                  0.1250       0.1247       0.1264       0.1332       0.1344
   2      0       0.1219       0.1201       0.1275       0.1240       0.1353
                  0.1257       0.1264       0.1280       0.1332       0.1340
   3      0       0.1203       0.1188       0.1258       0.1230       0.1342
                  0.1244       0.1254       0.1262       0.1321       0.1333
   4      0       0.1198       0.1179       0.1247       0.1219       0.1326
                  0.1232       0.1246       0.1250       0.1304       0.1309
   5      0       0.1196       0.1182       0.1245       0.1225       0.1326
                  0.1235       0.1242       0.1248       0.1305       0.1311
   5     60       0.1194       0.1181       0.1244       0.1224       0.1325
                  0.1234       0.1241       0.1247       0.1304       0.1310
   5     80       0.1184       0.1170       0.1234       0.1213       0.1319
                  0.1223       0.1231       0.1236       0.1296       0.1302
   5    100       0.1150       0.1135       0.1202       0.1180       0.1296
                  0.1190       0.1199       0.1203       0.1267       0.1276
 
 group  inft   Estimated free energy: 2-th solvent contribution (kcal/mol)
   1      0       0.0368       0.0576       0.0563       0.0648       0.0410
                  0.0416       0.0455       0.0397       0.0363       0.0473
   1     60       0.0366       0.0575       0.0562       0.0647       0.0408
                  0.0415       0.0454       0.0395       0.0362       0.0472
   1     80       0.0352       0.0563       0.0551       0.0637       0.0395
                  0.0401       0.0440       0.0381       0.0348       0.0459
   1    100       0.0304       0.0520       0.0510       0.0601       0.0346
                  0.0353       0.0393       0.0333       0.0299       0.0412
   2      0       0.0343       0.0548       0.0534       0.0611       0.0384
                  0.0389       0.0426       0.0371       0.0336       0.0444
   3      0       0.0334       0.0538       0.0513       0.0602       0.0373
                  0.0380       0.0406       0.0358       0.0332       0.0432
   4      0       0.0333       0.0525       0.0516       0.0589       0.0374
                  0.0384       0.0410       0.0365       0.0333       0.0427
   5      0       0.0328       0.0522       0.0505       0.0588       0.0368
                  0.0376       0.0401       0.0349       0.0324       0.0416
   5     60       0.0326       0.0520       0.0503       0.0587       0.0366
                  0.0373       0.0399       0.0346       0.0322       0.0414
   5     80       0.0308       0.0504       0.0488       0.0573       0.0349
                  0.0356       0.0381       0.0329       0.0304       0.0397
   5    100       0.0263       0.0462       0.0447       0.0537       0.0302
                  0.0310       0.0336       0.0283       0.0258       0.0352
 
 group  inft   Estimated free energy: 3-th solvent contribution (kcal/mol)
   1      0       2.5412       2.5340       2.5367       2.5335       2.5304
                  2.5424       2.5400       2.5366       2.5482       2.5205
   1     60       2.5306       2.5234       2.5261       2.5230       2.5198
                  2.5319       2.5294       2.5261       2.5376       2.5099
   1     80       2.4611       2.4539       2.4571       2.4539       2.4503
                  2.4626       2.4603       2.4566       2.4686       2.4403
   1    100       2.2295       2.2230       2.2268       2.2238       2.2190
                  2.2318       2.2296       2.2252       2.2387       2.2085
   2      0       2.5526       2.5437       2.5461       2.5437       2.5403
                  2.5512       2.5492       2.5462       2.5576       2.5300
   3      0       2.5308       2.5200       2.5220       2.5193       2.5183
                  2.5299       2.5263       2.5239       2.5352       2.5079
   4      0       2.5947       2.5858       2.5878       2.5854       2.5836
                  2.5921       2.5901       2.5885       2.5977       2.5728
   5      0       2.5354       2.5236       2.5266       2.5231       2.5251
                  2.5360       2.5321       2.5276       2.5382       2.5124
   5     60       2.5213       2.5095       2.5126       2.5092       2.5110
                  2.5220       2.5181       2.5136       2.5242       2.4983
   5     80       2.4363       2.4247       2.4280       2.4247       2.4261
                  2.4373       2.4335       2.4287       2.4398       2.4130
   5    100       2.2213       2.2101       2.2140       2.2107       2.2112
                  2.2229       2.2190       2.2137       2.2261       2.1973
 
 
 cumulative average & 95% error for solvation free energy
              total             1st component         2nd component         3rd component
  1     2.6846                0.1203                0.0334                2.5308
  2     2.6886     0.0081     0.1196     0.0015     0.0436     0.0204     2.5254     0.0108
  3     2.6921     0.0084     0.1216     0.0042     0.0462     0.0129     2.5243     0.0066
  4     2.6947     0.0079     0.1220     0.0031     0.0497     0.0115     2.5230     0.0053
  5     2.6937     0.0064     0.1244     0.0054     0.0472     0.0102     2.5221     0.0045
  6     2.6935     0.0053     0.1244     0.0044     0.0457     0.0089     2.5234     0.0045
  7     2.6933     0.0045     0.1246     0.0038     0.0450     0.0076     2.5238     0.0039
  8     2.6924     0.0043     0.1248     0.0033     0.0438     0.0070     2.5238     0.0034
  9     2.6933     0.0042     0.1256     0.0033     0.0426     0.0066     2.5251     0.0039
 10     2.6924     0.0041     0.1263     0.0033     0.0427     0.0059     2.5234     0.0049
