 ERmod 0.3.8, Copyright (C) 2000-2019 Nobuyuki Matubayasi
                            2010-2019 Shun Sakuraba
 ERmod comes with ABSOLUTELY NO WARRANTY.
 This is free software, and you can redistribute it
 and/or modify it under certain conditions.
 See LICENSE file for details.
 ERmod 0.3.8, Copyright (C) 2000-2019 Nobuyuki Matubayasi
                            2010-2019 Shun Sakuraba
 ERmod comes with ABSOLUTELY NO WARRANTY.
 This is free software, and you can redistribute it
 and/or modify it under certain conditions.
 See LICENSE file for details.
 
  Number of the   1-th solvent  =           90
  Number of the   2-th solvent  =           90
  Number of the   3-th solvent  =        10000
 
  Be sure that the solvent distribution is homogeneous (radial distribution function is essentially unity) when the solvent molecule is separated beyond distance of   10.0 Angstrom in any direction from any atom within the solute molecule
 
  LJ long-range correction    =        -0.0021     -0.0048     -0.2493
 
  Self-energy of the solute   =        -0.0001  kcal/mol
 
 
 cumulative average & 95% error for solvation energy
              total             1st component         2nd component         3rd component
  1   -18.4534               -1.2344               -0.7707              -16.4482
  2   -18.4218     0.0632    -0.7471     0.9745    -0.6482     0.2450   -17.0264     1.1563
  3   -18.4271     0.0380    -0.5707     0.6641    -0.5847     0.1901   -17.2716     0.8284
  4   -18.4855     0.1199    -0.5178     0.4814    -0.5765     0.1354   -17.3911     0.6326
  5   -18.4749     0.0953    -0.4935     0.3760    -0.5422     0.1254   -17.4391     0.4994
  6   -18.4689     0.0787    -0.4755     0.3091    -0.5002     0.1325   -17.4932     0.4218
  7   -18.4520     0.0746    -0.4950     0.2642    -0.4923     0.1130   -17.4646     0.3610
  8   -18.4556     0.0650    -0.4526     0.2440    -0.4520     0.1268   -17.5509     0.3571
  9   -18.4620     0.0587    -0.4422     0.2162    -0.4423     0.1135   -17.5774     0.3194
 10   -18.4687     0.0542    -0.5163     0.2435    -0.4741     0.1198   -17.4782     0.3478
 
 
 group  inft  solvation free energy     error          difference
  total solvation free energy
   1      0         -3.04057           0.06676           0.01046
   1     60         -3.05631           0.06676          -0.00528
   1     80         -3.17393           0.06675          -0.12290
   1    100         -3.56458           0.06672          -0.51354
   2      0         -3.04678           0.06144           0.00425
   3      0         -3.05103           0.06101           0.00000
   4      0         -3.04461           0.05994           0.00642
   5      0         -3.04929           0.05702           0.00174
   5     60         -3.07047           0.05701          -0.01944
   5     80         -3.21505           0.05698          -0.16401
   5    100         -3.57434           0.05691          -0.52331
 
  contribution from  1-th solvent component
   1      0         -0.16026           0.13464           0.00801
   1     60         -0.16031           0.13465           0.00796
   1     80         -0.16077           0.13471           0.00750
   1    100         -0.16266           0.13489           0.00560
   2      0         -0.16693           0.13054           0.00134
   3      0         -0.16826           0.12952           0.00000
   4      0         -0.16949           0.12811          -0.00123
   5      0         -0.17019           0.12679          -0.00192
   5     60         -0.17027           0.12680          -0.00201
   5     80         -0.17098           0.12684          -0.00272
   5    100         -0.17307           0.12692          -0.00480
 
  contribution from  2-th solvent component
   1      0         -0.23517           0.09626          -0.00174
   1     60         -0.23531           0.09627          -0.00188
   1     80         -0.23642           0.09632          -0.00298
   1    100         -0.24022           0.09647          -0.00678
   2      0         -0.23395           0.09386          -0.00052
   3      0         -0.23343           0.09315           0.00000
   4      0         -0.23348           0.09248          -0.00005
   5      0         -0.23270           0.09117           0.00073
   5     60         -0.23291           0.09117           0.00052
   5     80         -0.23436           0.09121          -0.00093
   5    100         -0.23799           0.09130          -0.00456
 
  contribution from  3-th solvent component
   1      0         -2.64503           0.16880           0.00419
   1     60         -2.66058           0.16883          -0.01135
   1     80         -2.77664           0.16902          -0.12741
   1    100         -3.16158           0.16954          -0.51236
   2      0         -2.64579           0.16893           0.00343
   3      0         -2.64922           0.16889           0.00000
   4      0         -2.64153           0.16758           0.00770
   5      0         -2.64629           0.16839           0.00294
   5     60         -2.66718           0.16843          -0.01795
   5     80         -2.80959           0.16864          -0.16037
   5    100         -3.16316           0.16909          -0.51394
 
 
 group  inft   Estimated free energy: total (kcal/mol)
   1      0      -3.2089      -3.0135      -3.0057      -3.1091      -3.0907
                 -2.9483      -2.9303      -2.9058      -3.0028      -3.1906
   1     60      -3.2246      -3.0292      -3.0215      -3.1249      -3.1064
                 -2.9640      -2.9459      -2.9216      -3.0185      -3.2063
   1     80      -3.3420      -3.1468      -3.1391      -3.2432      -3.2239
                 -3.0815      -3.0634      -3.0394      -3.1362      -3.3237
   1    100      -3.7317      -3.5374      -3.5298      -3.6356      -3.6147
                 -3.4718      -3.4538      -3.4299      -3.5271      -3.7139
   2      0      -3.1970      -3.0216      -3.0141      -3.1185      -3.0907
                 -2.9606      -2.9340      -2.9238      -3.0269      -3.1807
   3      0      -3.2021      -3.0212      -3.0175      -3.1296      -3.0969
                 -2.9651      -2.9328      -2.9351      -3.0342      -3.1758
   4      0      -3.1922      -3.0171      -3.0102      -3.1212      -3.0862
                 -2.9558      -2.9264      -2.9350      -3.0330      -3.1692
   5      0      -3.1909      -3.0250      -3.0149      -3.1228      -3.0944
                 -2.9598      -2.9333      -2.9504      -3.0402      -3.1612
   5     60      -3.2121      -3.0461      -3.0361      -3.1442      -3.1155
                 -2.9809      -2.9544      -2.9717      -3.0614      -3.1823
   5     80      -3.3563      -3.1906      -3.1808      -3.2895      -3.2600
                 -3.1253      -3.0988      -3.1165      -3.2062      -3.3265
   5    100      -3.7143      -3.5499      -3.5402      -3.6504      -3.6194
                 -3.4843      -3.4579      -3.4760      -3.5659      -3.6852
 
 group  inft   Estimated free energy: 1-th solvent contribution (kcal/mol)
   1      0      -0.5760      -0.0686      -0.0088      -0.0553      -0.1679
                 -0.0745      -0.1688       0.0672      -0.0434      -0.5064
   1     60      -0.5761      -0.0687      -0.0088      -0.0553      -0.1680
                 -0.0745      -0.1689       0.0672      -0.0435      -0.5064
   1     80      -0.5767      -0.0692      -0.0092      -0.0558      -0.1685
                 -0.0750      -0.1694       0.0669      -0.0438      -0.5070
   1    100      -0.5790      -0.0712      -0.0110      -0.0574      -0.1707
                 -0.0768      -0.1715       0.0656      -0.0452      -0.5094
   2      0      -0.5717      -0.0771      -0.0200      -0.0636      -0.1706
                 -0.0855      -0.1664       0.0556      -0.0668      -0.5031
   3      0      -0.5728      -0.0750      -0.0219      -0.0695      -0.1711
                 -0.0866      -0.1662       0.0502      -0.0701      -0.4996
   4      0      -0.5700      -0.0741      -0.0279      -0.0685      -0.1715
                 -0.0892      -0.1660       0.0460      -0.0757      -0.4979
   5      0      -0.5678      -0.0780      -0.0262      -0.0696      -0.1729
                 -0.0889      -0.1685       0.0414      -0.0781      -0.4933
   5     60      -0.5679      -0.0781      -0.0263      -0.0696      -0.1730
                 -0.0889      -0.1686       0.0413      -0.0782      -0.4934
   5     80      -0.5687      -0.0788      -0.0270      -0.0703      -0.1738
                 -0.0896      -0.1694       0.0407      -0.0787      -0.4942
   5    100      -0.5709      -0.0811      -0.0291      -0.0722      -0.1761
                 -0.0917      -0.1715       0.0390      -0.0805      -0.4965
 
 group  inft   Estimated free energy: 2-th solvent contribution (kcal/mol)
   1      0      -0.5090      -0.2484      -0.2161      -0.2837      -0.1921
                 -0.0899      -0.1928      -0.0110      -0.1526      -0.4561
   1     60      -0.5092      -0.2485      -0.2163      -0.2839      -0.1922
                 -0.0900      -0.1929      -0.0112      -0.1528      -0.4562
   1     80      -0.5104      -0.2497      -0.2174      -0.2851      -0.1933
                 -0.0909      -0.1939      -0.0121      -0.1539      -0.4574
   1    100      -0.5144      -0.2536      -0.2213      -0.2892      -0.1971
                 -0.0943      -0.1976      -0.0155      -0.1578      -0.4616
   2      0      -0.5006      -0.2449      -0.2128      -0.2837      -0.1904
                 -0.0897      -0.1986      -0.0181      -0.1508      -0.4498
   3      0      -0.5011      -0.2460      -0.2116      -0.2832      -0.1919
                 -0.0900      -0.1951      -0.0189      -0.1528      -0.4436
   4      0      -0.4981      -0.2471      -0.2123      -0.2845      -0.1891
                 -0.0857      -0.1958      -0.0245      -0.1544      -0.4433
   5      0      -0.4940      -0.2485      -0.2092      -0.2815      -0.1910
                 -0.0867      -0.1958      -0.0284      -0.1521      -0.4398
   5     60      -0.4943      -0.2487      -0.2095      -0.2817      -0.1912
                 -0.0869      -0.1960      -0.0286      -0.1523      -0.4400
   5     80      -0.4958      -0.2501      -0.2109      -0.2833      -0.1927
                 -0.0882      -0.1974      -0.0299      -0.1538      -0.4415
   5    100      -0.4995      -0.2538      -0.2147      -0.2871      -0.1963
                 -0.0914      -0.2010      -0.0332      -0.1576      -0.4453
 
 group  inft   Estimated free energy: 3-th solvent contribution (kcal/mol)
   1      0      -2.1238      -2.6964      -2.7807      -2.7700      -2.7306
                 -2.7838      -2.5685      -2.9618      -2.8066      -2.2281
   1     60      -2.1393      -2.7119      -2.7963      -2.7856      -2.7461
                 -2.7994      -2.5840      -2.9775      -2.8222      -2.2435
   1     80      -2.2549      -2.8278      -2.9124      -2.9023      -2.8620
                 -2.9154      -2.7000      -3.0940      -2.9384      -2.3591
   1    100      -2.6382      -3.2125      -3.2974      -3.2889      -3.2468
                 -3.3006      -3.0846      -3.4798      -3.3240      -2.7429
   2      0      -2.1245      -2.6995      -2.7812      -2.7711      -2.7296
                 -2.7852      -2.5688      -2.9612      -2.8092      -2.2277
   3      0      -2.1280      -2.7001      -2.7840      -2.7768      -2.7338
                 -2.7884      -2.5713      -2.9663      -2.8112      -2.2324
   4      0      -2.1240      -2.6958      -2.7699      -2.7681      -2.7254
                 -2.7807      -2.5645      -2.9564      -2.8027      -2.2278
   5      0      -2.1290      -2.6984      -2.7794      -2.7717      -2.7303
                 -2.7841      -2.5688      -2.9633      -2.8099      -2.2280
   5     60      -2.1498      -2.7193      -2.8003      -2.7927      -2.7511
                 -2.8050      -2.5896      -2.9843      -2.8308      -2.2488
   5     80      -2.2917      -2.8615      -2.9427      -2.9358      -2.8934
                 -2.9474      -2.7319      -3.1273      -2.9735      -2.3907
   5    100      -2.6438      -3.2148      -3.2963      -3.2909      -3.2469
                 -3.3011      -3.0853      -3.4816      -3.3277      -2.7433
 
 
 cumulative average & 95% error for solvation free energy
              total             1st component         2nd component         3rd component
  1    -3.2021               -0.5728               -0.5011               -2.1280
  2    -3.1116     0.1808    -0.3239     0.4978    -0.3736     0.2551    -2.4140     0.5721
  3    -3.0803     0.1218    -0.2232     0.3509    -0.3196     0.1826    -2.5373     0.4122
  4    -3.0926     0.0896    -0.1848     0.2598    -0.3105     0.1304    -2.5972     0.3151
  5    -3.0935     0.0694    -0.1821     0.2013    -0.2868     0.1116    -2.6245     0.2501
  6    -3.0721     0.0710    -0.1661     0.1674    -0.2540     0.1123    -2.6518     0.2114
  7    -3.0522     0.0720    -0.1662     0.1415    -0.2456     0.0964    -2.6403     0.1801
  8    -3.0375     0.0689    -0.1391     0.1339    -0.2172     0.1009    -2.6811     0.1760
  9    -3.0372     0.0608    -0.1314     0.1191    -0.2101     0.0901    -2.6955     0.1579
 10    -3.0510     0.0610    -0.1683     0.1295    -0.2334     0.0931    -2.6492     0.1689
