 ERmod 0.3.8, Copyright (C) 2000-2019 Nobuyuki Matubayasi
                            2010-2019 Shun Sakuraba
 ERmod comes with ABSOLUTELY NO WARRANTY.
 This is free software, and you can redistribute it
 and/or modify it under certain conditions.
 See LICENSE file for details.
 ERmod 0.3.8, Copyright (C) 2000-2019 Nobuyuki Matubayasi
                            2010-2019 Shun Sakuraba
 ERmod comes with ABSOLUTELY NO WARRANTY.
 This is free software, and you can redistribute it
 and/or modify it under certain conditions.
 See LICENSE file for details.
 
  Number of the   1-th solvent  =           90
  Number of the   2-th solvent  =           90
  Number of the   3-th solvent  =        10000
 
  Be sure that the solvent distribution is homogeneous (radial distribution function is essentially unity) when the solvent molecule is separated beyond distance of   10.0 Angstrom in any direction from any atom within the solute molecule
 
  LJ long-range correction    =        -0.0065     -0.0161     -0.5191
 
  Self-energy of the solute   =        -0.0001  kcal/mol
 
 
 cumulative average & 95% error for solvation energy
              total             1st component         2nd component         3rd component
  1   -24.4508               -1.1449               -0.6868              -22.6190
  2   -24.4306     0.0403    -0.6468     0.9962    -0.7900     0.2064   -22.9937     0.7495
  3   -24.4699     0.0819    -0.7171     0.5921    -0.7399     0.1557   -23.0128     0.4344
  4   -24.5089     0.0972    -0.6652     0.4313    -0.7841     0.1413   -23.0595     0.3210
  5   -24.4785     0.0967    -0.5867     0.3691    -0.7619     0.1181   -23.1298     0.2857
  6   -24.5007     0.0906    -0.4941     0.3538    -0.7644     0.0966   -23.2421     0.3238
  7   -24.4946     0.0775    -0.5567     0.3242    -0.7888     0.0951   -23.1490     0.3310
  8   -24.4918     0.0674    -0.5501     0.2811    -0.8034     0.0874   -23.1382     0.2875
  9   -24.4894     0.0596    -0.5762     0.2533    -0.8101     0.0782   -23.1030     0.2631
 10   -24.4898     0.0533    -0.5390     0.2385    -0.8139     0.0704   -23.1369     0.2449
 
 
 group  inft  solvation free energy     error          difference
  total solvation free energy
   1      0         -2.06204           0.04178          -0.00253
   1     60         -2.08096           0.04181          -0.02144
   1     80         -2.25050           0.04196          -0.19099
   1    100         -2.91193           0.04235          -0.85241
   2      0         -2.05955           0.04218          -0.00004
   3      0         -2.05951           0.04173           0.00000
   4      0         -2.04935           0.04212           0.01017
   5      0         -2.04880           0.04121           0.01071
   5     60         -2.07456           0.04124          -0.01505
   5     80         -2.28858           0.04144          -0.22906
   5    100         -2.89934           0.04184          -0.83983
 
  contribution from  1-th solvent component
   1      0         -0.08989           0.11893           0.00364
   1     60         -0.08998           0.11894           0.00355
   1     80         -0.09101           0.11898           0.00251
   1    100         -0.09601           0.11913          -0.00249
   2      0         -0.09272           0.11520           0.00081
   3      0         -0.09353           0.11433           0.00000
   4      0         -0.09350           0.11338           0.00003
   5      0         -0.09369           0.11354          -0.00017
   5     60         -0.09384           0.11354          -0.00031
   5     80         -0.09529           0.11356          -0.00176
   5    100         -0.10021           0.11359          -0.00668
 
  contribution from  2-th solvent component
   1      0         -0.38824           0.03673          -0.00988
   1     60         -0.38851           0.03674          -0.01014
   1     80         -0.39078           0.03674          -0.01242
   1    100         -0.39946           0.03675          -0.02109
   2      0         -0.38145           0.03675          -0.00309
   3      0         -0.37836           0.03638           0.00000
   4      0         -0.37750           0.03717           0.00086
   5      0         -0.37588           0.03668           0.00248
   5     60         -0.37624           0.03668           0.00212
   5     80         -0.37912           0.03668          -0.00076
   5    100         -0.38710           0.03668          -0.00874
 
  contribution from  3-th solvent component
   1      0         -1.58381           0.11715           0.00371
   1     60         -1.60237           0.11718          -0.01485
   1     80         -1.76861           0.11734          -0.18109
   1    100         -2.41636           0.11791          -0.82883
   2      0         -1.58528           0.11685           0.00224
   3      0         -1.58753           0.11710           0.00000
   4      0         -1.57826           0.11658           0.00927
   5      0         -1.57912           0.11655           0.00840
   5     60         -1.60439           0.11658          -0.01687
   5     80         -1.81407           0.11679          -0.22654
   5    100         -2.41194           0.11733          -0.82441
 
 
 group  inft   Estimated free energy: total (kcal/mol)
   1      0      -2.0299      -2.0135      -2.1597      -2.1821      -2.0507
                 -2.0135      -2.0173      -2.0624      -1.9869      -2.1044
   1     60      -2.0487      -2.0324      -2.1786      -2.2011      -2.0696
                 -2.0325      -2.0362      -2.0813      -2.0057      -2.1234
   1     80      -2.2178      -2.2019      -2.3487      -2.3710      -2.2385
                 -2.2026      -2.2057      -2.2506      -2.1748      -2.2933
   1    100      -2.8773      -2.8637      -3.0120      -3.0329      -2.8977
                 -2.8663      -2.8674      -2.9118      -2.8345      -2.9555
   2      0      -2.0229      -2.0198      -2.1563      -2.1762      -2.0535
                 -2.0175      -2.0063      -2.0594      -1.9751      -2.1084
   3      0      -2.0214      -2.0218      -2.1569      -2.1732      -2.0567
                 -2.0209      -2.0066      -2.0576      -1.9736      -2.1065
   4      0      -2.0136      -2.0182      -2.1423      -2.1669      -2.0423
                 -2.0120      -1.9933      -2.0491      -1.9582      -2.0975
   5      0      -2.0126      -2.0062      -2.1411      -2.1648      -2.0409
                 -2.0190      -1.9962      -2.0451      -1.9649      -2.0972
   5     60      -2.0383      -2.0319      -2.1669      -2.1906      -2.0666
                 -2.0449      -2.0219      -2.0708      -1.9906      -2.1231
   5     80      -2.2516      -2.2459      -2.3815      -2.4051      -2.2799
                 -2.2598      -2.2359      -2.2844      -2.2040      -2.3376
   5    100      -2.8605      -2.8571      -2.9936      -3.0165      -2.8888
                 -2.8731      -2.8467      -2.8947      -2.8133      -2.9492
 
 group  inft   Estimated free energy: 1-th solvent contribution (kcal/mol)
   1      0      -0.3732       0.0817      -0.2880      -0.1045       0.0368
                  0.2035      -0.2604      -0.0495      -0.2061       0.0608
   1     60      -0.3733       0.0816      -0.2880      -0.1046       0.0367
                  0.2035      -0.2605      -0.0496      -0.2062       0.0607
   1     80      -0.3745       0.0807      -0.2891      -0.1056       0.0357
                  0.2026      -0.2617      -0.0506      -0.2072       0.0596
   1    100      -0.3798       0.0757      -0.2943      -0.1104       0.0310
                  0.1981      -0.2670      -0.0557      -0.2123       0.0546
   2      0      -0.3682       0.0743      -0.2898      -0.1079       0.0273
                  0.1901      -0.2545      -0.0514      -0.2015       0.0544
   3      0      -0.3664       0.0717      -0.2905      -0.1082       0.0249
                  0.1853      -0.2520      -0.0514      -0.2047       0.0560
   4      0      -0.3687       0.0683      -0.2862      -0.1084       0.0218
                  0.1838      -0.2505      -0.0515      -0.1990       0.0555
   5      0      -0.3666       0.0714      -0.2876      -0.1095       0.0239
                  0.1791      -0.2522      -0.0498      -0.2037       0.0581
   5     60      -0.3668       0.0712      -0.2878      -0.1096       0.0238
                  0.1790      -0.2524      -0.0499      -0.2039       0.0580
   5     80      -0.3683       0.0698      -0.2892      -0.1111       0.0224
                  0.1776      -0.2539      -0.0514      -0.2053       0.0564
   5    100      -0.3733       0.0648      -0.2942      -0.1160       0.0175
                  0.1728      -0.2589      -0.0562      -0.2101       0.0514
 
 group  inft   Estimated free energy: 2-th solvent contribution (kcal/mol)
   1      0      -0.3294      -0.3980      -0.3343      -0.4874      -0.3632
                 -0.3124      -0.4170      -0.4445      -0.3564      -0.4398
   1     60      -0.3296      -0.3983      -0.3346      -0.4877      -0.3634
                 -0.3126      -0.4173      -0.4448      -0.3567      -0.4401
   1     80      -0.3319      -0.4006      -0.3368      -0.4900      -0.3657
                 -0.3149      -0.4195      -0.4471      -0.3590      -0.4424
   1    100      -0.3404      -0.4092      -0.3455      -0.4986      -0.3744
                 -0.3237      -0.4281      -0.4559      -0.3677      -0.4511
   2      0      -0.3252      -0.3945      -0.3275      -0.4779      -0.3551
                 -0.3033      -0.4105      -0.4367      -0.3476      -0.4362
   3      0      -0.3240      -0.3906      -0.3269      -0.4709      -0.3534
                 -0.2986      -0.4085      -0.4361      -0.3423      -0.4324
   4      0      -0.3217      -0.3913      -0.3257      -0.4708      -0.3478
                 -0.2979      -0.4071      -0.4356      -0.3402      -0.4371
   5      0      -0.3220      -0.3861      -0.3203      -0.4686      -0.3465
                 -0.3000      -0.4077      -0.4336      -0.3404      -0.4337
   5     60      -0.3223      -0.3865      -0.3206      -0.4690      -0.3468
                 -0.3004      -0.4080      -0.4339      -0.3408      -0.4341
   5     80      -0.3252      -0.3893      -0.3235      -0.4718      -0.3497
                 -0.3033      -0.4109      -0.4369      -0.3437      -0.4370
   5    100      -0.3330      -0.3973      -0.3315      -0.4798      -0.3576
                 -0.3113      -0.4188      -0.4450      -0.3517      -0.4450
 
 group  inft   Estimated free energy: 3-th solvent contribution (kcal/mol)
   1      0      -1.3272      -1.6971      -1.5374      -1.5901      -1.7242
                 -1.9046      -1.3397      -1.5683      -1.4243      -1.7253
   1     60      -1.3457      -1.7157      -1.5559      -1.6087      -1.7427
                 -1.9232      -1.3582      -1.5868      -1.4428      -1.7439
   1     80      -1.5114      -1.8819      -1.7227      -1.7754      -1.9084
                 -2.0902      -1.5244      -1.7527      -1.6085      -1.9105
   1    100      -2.1570      -2.5301      -2.3721      -2.4238      -2.5542
                 -2.7407      -2.1722      -2.4001      -2.2545      -2.5590
   2      0      -1.3294      -1.6996      -1.5388      -1.5902      -1.7256
                 -1.9042      -1.3412      -1.5713      -1.4260      -1.7265
   3      0      -1.3309      -1.7028      -1.5395      -1.5940      -1.7281
                 -1.9075      -1.3459      -1.5700      -1.4265      -1.7301
   4      0      -1.3231      -1.6951      -1.5303      -1.5876      -1.7163
                 -1.8978      -1.3356      -1.5619      -1.4190      -1.7159
   5      0      -1.3239      -1.6913      -1.5331      -1.5866      -1.7182
                 -1.8980      -1.3362      -1.5617      -1.4207      -1.7215
   5     60      -1.3491      -1.7166      -1.5584      -1.6119      -1.7434
                 -1.9234      -1.3614      -1.5869      -1.4459      -1.7469
   5     80      -1.5581      -1.9263      -1.7687      -1.8221      -1.9525
                 -2.1341      -1.5711      -1.7961      -1.6550      -1.9569
   5    100      -2.1540      -2.5245      -2.3679      -2.4206      -2.5486
                 -2.7345      -2.1689      -2.3935      -2.2514      -2.5556
 
 
 cumulative average & 95% error for solvation free energy
              total             1st component         2nd component         3rd component
  1    -2.0214               -0.3664               -0.3240               -1.3309
  2    -2.0216     0.0004    -0.1473     0.4381    -0.3573     0.0666    -1.5168     0.3719
  3    -2.0667     0.0902    -0.1950     0.2704    -0.3472     0.0435    -1.5244     0.2153
  4    -2.0933     0.0831    -0.1733     0.1960    -0.3781     0.0691    -1.5418     0.1561
  5    -2.0860     0.0660    -0.1337     0.1713    -0.3732     0.0544    -1.5790     0.1421
  6    -2.0751     0.0581    -0.0805     0.1757    -0.3607     0.0509    -1.6338     0.1595
  7    -2.0653     0.0529    -0.1050     0.1564    -0.3675     0.0451    -1.5927     0.1579
  8    -2.0644     0.0458    -0.0983     0.1361    -0.3761     0.0427    -1.5898     0.1369
  9    -2.0543     0.0452    -0.1101     0.1223    -0.3724     0.0384    -1.5717     0.1260
 10    -2.0595     0.0417    -0.0935     0.1143    -0.3784     0.0364    -1.5875     0.1171
