 ERmod 0.3.8, Copyright (C) 2000-2019 Nobuyuki Matubayasi
                            2010-2019 Shun Sakuraba
 ERmod comes with ABSOLUTELY NO WARRANTY.
 This is free software, and you can redistribute it
 and/or modify it under certain conditions.
 See LICENSE file for details.
 ERmod 0.3.8, Copyright (C) 2000-2019 Nobuyuki Matubayasi
                            2010-2019 Shun Sakuraba
 ERmod comes with ABSOLUTELY NO WARRANTY.
 This is free software, and you can redistribute it
 and/or modify it under certain conditions.
 See LICENSE file for details.
 
  Number of the   1-th solvent  =          180
  Number of the   2-th solvent  =          180
  Number of the   3-th solvent  =        10000
 
  Be sure that the solvent distribution is homogeneous (radial distribution function is essentially unity) when the solvent molecule is separated beyond distance of   10.0 Angstrom in any direction from any atom within the solute molecule
 
  LJ long-range correction    =        -0.0024     -0.0118     -0.3051
 
  Self-energy of the solute   =         0.0000  kcal/mol
 
 
 cumulative average & 95% error for solvation energy
              total             1st component         2nd component         3rd component
  1    -8.1110                0.1918               -0.3885               -7.9142
  2    -8.1263     0.0308     0.1950     0.0065    -0.3877     0.0016    -7.9337     0.0389
  3    -8.1281     0.0181     0.1988     0.0083    -0.3777     0.0200    -7.9491     0.0382
  4    -8.1362     0.0207     0.1964     0.0075    -0.3781     0.0142    -7.9545     0.0291
  5    -8.1409     0.0186     0.1956     0.0060    -0.3750     0.0126    -7.9616     0.0265
  6    -8.1425     0.0155     0.1954     0.0049    -0.3765     0.0108    -7.9614     0.0217
  7    -8.1452     0.0142     0.1960     0.0043    -0.3729     0.0116    -7.9683     0.0229
  8    -8.1487     0.0141     0.1944     0.0049    -0.3775     0.0136    -7.9655     0.0206
  9    -8.1464     0.0132     0.1942     0.0043    -0.3829     0.0161    -7.9578     0.0239
 10    -8.1475     0.0120     0.1952     0.0044    -0.3805     0.0151    -7.9622     0.0231
 
 
 group  inft  solvation free energy     error          difference
  total solvation free energy
   1      0          3.51036           0.00841          -0.00720
   1     60          3.50118           0.00843          -0.01638
   1     80          3.41881           0.00857          -0.09876
   1    100          3.07837           0.00924          -0.43920
   2      0          3.50524           0.00849          -0.01232
   3      0          3.51757           0.00853           0.00000
   4      0          3.52244           0.00822           0.00487
   5      0          3.57791           0.00786           0.06035
   5     60          3.56538           0.00787           0.04782
   5     80          3.46050           0.00806          -0.05706
   5    100          3.14142           0.00868          -0.37614
 
  contribution from  1-th solvent component
   1      0          0.24689           0.00585           0.00298
   1     60          0.24700           0.00585           0.00309
   1     80          0.24806           0.00596           0.00415
   1    100          0.25098           0.00645           0.00707
   2      0          0.24499           0.00594           0.00108
   3      0          0.24391           0.00596           0.00000
   4      0          0.24212           0.00580          -0.00179
   5      0          0.24387           0.00602          -0.00004
   5     60          0.24401           0.00602           0.00010
   5     80          0.24511           0.00616           0.00120
   5    100          0.24720           0.00665           0.00329
 
  contribution from  2-th solvent component
   1      0         -0.09071           0.00845           0.00355
   1     60         -0.09083           0.00845           0.00344
   1     80         -0.09212           0.00850           0.00215
   1    100         -0.09776           0.00863          -0.00349
   2      0         -0.09337           0.00832           0.00090
   3      0         -0.09427           0.00837           0.00000
   4      0         -0.09492           0.00806          -0.00065
   5      0         -0.09540           0.00813          -0.00113
   5     60         -0.09557           0.00814          -0.00130
   5     80         -0.09729           0.00818          -0.00302
   5    100         -0.10273           0.00829          -0.00847
 
  contribution from  3-th solvent component
   1      0          3.35416           0.01160          -0.01374
   1     60          3.34498           0.01160          -0.02291
   1     80          3.26284           0.01166          -0.10505
   1    100          2.92512           0.01203          -0.44277
   2      0          3.35359           0.01124          -0.01430
   3      0          3.36790           0.01133           0.00000
   4      0          3.37521           0.01079           0.00731
   5      0          3.42942           0.01107           0.06152
   5     60          3.41692           0.01107           0.04902
   5     80          3.31266           0.01115          -0.05524
   5    100          2.99693           0.01147          -0.37096
 
 
 group  inft   Estimated free energy: total (kcal/mol)
   1      0       3.5264       3.5130       3.5235       3.4869       3.5133
                  3.5052       3.5065       3.4905       3.5177       3.5206
   1     60       3.5172       3.5038       3.5143       3.4776       3.5042
                  3.4960       3.4973       3.4813       3.5085       3.5115
   1     80       3.4347       3.4218       3.4322       3.3948       3.4219
                  3.4135       3.4151       3.3985       3.4261       3.4295
   1    100       3.0942       3.0828       3.0932       3.0524       3.0812
                  3.0730       3.0743       3.0562       3.0857       3.0907
   2      0       3.5218       3.5079       3.5202       3.4824       3.5076
                  3.5000       3.5022       3.4846       3.5106       3.5151
   3      0       3.5327       3.5201       3.5319       3.4933       3.5213
                  3.5123       3.5144       3.4976       3.5231       3.5289
   4      0       3.5367       3.5266       3.5358       3.4992       3.5268
                  3.5174       3.5200       3.5025       3.5257       3.5337
   5      0       3.5911       3.5798       3.5919       3.5540       3.5800
                  3.5723       3.5749       3.5626       3.5830       3.5895
   5     60       3.5786       3.5673       3.5795       3.5414       3.5675
                  3.5597       3.5624       3.5500       3.5704       3.5770
   5     80       3.4736       3.4628       3.4750       3.4359       3.4627
                  3.4547       3.4576       3.4446       3.4655       3.4727
   5    100       3.1544       3.1451       3.1573       3.1151       3.1431
                  3.1356       3.1381       3.1239       3.1465       3.1551
 
 group  inft   Estimated free energy: 1-th solvent contribution (kcal/mol)
   1      0       0.2448       0.2425       0.2618       0.2357       0.2401
                  0.2481       0.2514       0.2366       0.2462       0.2618
   1     60       0.2449       0.2426       0.2620       0.2358       0.2402
                  0.2482       0.2516       0.2367       0.2463       0.2619
   1     80       0.2458       0.2437       0.2633       0.2367       0.2411
                  0.2492       0.2526       0.2376       0.2472       0.2633
   1    100       0.2480       0.2472       0.2675       0.2391       0.2435
                  0.2523       0.2552       0.2394       0.2496       0.2679
   2      0       0.2427       0.2406       0.2601       0.2342       0.2380
                  0.2464       0.2501       0.2340       0.2438       0.2601
   3      0       0.2421       0.2398       0.2587       0.2329       0.2371
                  0.2442       0.2490       0.2334       0.2421       0.2598
   4      0       0.2396       0.2378       0.2569       0.2318       0.2357
                  0.2429       0.2474       0.2317       0.2403       0.2571
   5      0       0.2413       0.2406       0.2589       0.2329       0.2365
                  0.2450       0.2488       0.2330       0.2421       0.2597
   5     60       0.2414       0.2407       0.2591       0.2330       0.2366
                  0.2452       0.2489       0.2332       0.2422       0.2598
   5     80       0.2423       0.2419       0.2605       0.2340       0.2375
                  0.2463       0.2500       0.2340       0.2432       0.2614
   5    100       0.2437       0.2447       0.2638       0.2355       0.2390
                  0.2485       0.2518       0.2351       0.2448       0.2652
 
 group  inft   Estimated free energy: 2-th solvent contribution (kcal/mol)
   1      0      -0.0959      -0.0942      -0.0810      -0.0864      -0.0762
                 -0.0946      -0.0783      -0.1060      -0.1166      -0.0778
   1     60      -0.0960      -0.0943      -0.0811      -0.0865      -0.0763
                 -0.0947      -0.0784      -0.1062      -0.1168      -0.0779
   1     80      -0.0973      -0.0957      -0.0823      -0.0878      -0.0775
                 -0.0961      -0.0796      -0.1075      -0.1182      -0.0791
   1    100      -0.1031      -0.1015      -0.0878      -0.0935      -0.0830
                 -0.1018      -0.0848      -0.1134      -0.1242      -0.0846
   2      0      -0.0979      -0.0970      -0.0834      -0.0893      -0.0786
                 -0.0967      -0.0827      -0.1080      -0.1196      -0.0806
   3      0      -0.1002      -0.0980      -0.0839      -0.0902      -0.0793
                 -0.0973      -0.0829      -0.1086      -0.1204      -0.0819
   4      0      -0.1006      -0.0982      -0.0851      -0.0908      -0.0807
                 -0.0974      -0.0845      -0.1085      -0.1205      -0.0828
   5      0      -0.1015      -0.0987      -0.0850      -0.0916      -0.0811
                 -0.0982      -0.0845      -0.1089      -0.1211      -0.0835
   5     60      -0.1017      -0.0989      -0.0851      -0.0917      -0.0812
                 -0.0983      -0.0847      -0.1091      -0.1213      -0.0836
   5     80      -0.1035      -0.1006      -0.0868      -0.0934      -0.0829
                 -0.1001      -0.0863      -0.1109      -0.1231      -0.0853
   5    100      -0.1091      -0.1062      -0.0921      -0.0989      -0.0881
                 -0.1056      -0.0915      -0.1165      -0.1289      -0.0906
 
 group  inft   Estimated free energy: 3-th solvent contribution (kcal/mol)
   1      0       3.3775       3.3647       3.3426       3.3376       3.3495
                  3.3517       3.3333       3.3599       3.3882       3.3366
   1     60       3.3683       3.3556       3.3334       3.3283       3.3403
                  3.3425       3.3242       3.3507       3.3790       3.3274
   1     80       3.2862       3.2737       3.2512       3.2458       3.2583
                  3.2603       3.2421       3.2684       3.2971       3.2453
   1    100       2.9493       2.9370       2.9134       2.9067       2.9207
                  2.9224       2.9040       2.9301       2.9603       2.9074
   2      0       3.3770       3.3643       3.3435       3.3374       3.3482
                  3.3503       3.3347       3.3586       3.3863       3.3356
   3      0       3.3908       3.3783       3.3571       3.3506       3.3634
                  3.3654       3.3483       3.3728       3.4013       3.3510
   4      0       3.3977       3.3869       3.3640       3.3582       3.3717
                  3.3719       3.3570       3.3794       3.4059       3.3594
   5      0       3.4514       3.4379       3.4180       3.4126       3.4246
                  3.4253       3.4107       3.4384       3.4619       3.4133
   5     60       3.4389       3.4254       3.4055       3.4001       3.4121
                  3.4128       3.3982       3.4259       3.4495       3.4008
   5     80       3.3347       3.3214       3.3012       3.2953       3.3080
                  3.3085       3.2939       3.3215       3.3454       3.2965
   5    100       3.0198       3.0066       2.9856       2.9785       2.9922
                  2.9927       2.9777       3.0052       3.0306       2.9805
 
 
 cumulative average & 95% error for solvation free energy
              total             1st component         2nd component         3rd component
  1     3.5327                0.2421               -0.1002                3.3908
  2     3.5264     0.0126     0.2409     0.0023    -0.0991     0.0022     3.3846     0.0125
  3     3.5282     0.0081     0.2468     0.0119    -0.0940     0.0102     3.3754     0.0197
  4     3.5195     0.0184     0.2434     0.0109    -0.0931     0.0075     3.3692     0.0186
  5     3.5199     0.0142     0.2421     0.0088    -0.0903     0.0080     3.3681     0.0146
  6     3.5186     0.0119     0.2425     0.0072    -0.0915     0.0069     3.3676     0.0120
  7     3.5180     0.0101     0.2434     0.0064    -0.0903     0.0064     3.3648     0.0115
  8     3.5155     0.0102     0.2421     0.0061    -0.0926     0.0072     3.3658     0.0102
  9     3.5163     0.0091     0.2421     0.0054    -0.0956     0.0088     3.3698     0.0119
 10     3.5176     0.0085     0.2439     0.0060    -0.0943     0.0084     3.3679     0.0113
