 ERmod 0.3.8, Copyright (C) 2000-2019 Nobuyuki Matubayasi
                            2010-2019 Shun Sakuraba
 ERmod comes with ABSOLUTELY NO WARRANTY.
 This is free software, and you can redistribute it
 and/or modify it under certain conditions.
 See LICENSE file for details.
 ERmod 0.3.8, Copyright (C) 2000-2019 Nobuyuki Matubayasi
                            2010-2019 Shun Sakuraba
 ERmod comes with ABSOLUTELY NO WARRANTY.
 This is free software, and you can redistribute it
 and/or modify it under certain conditions.
 See LICENSE file for details.
 
  Number of the   1-th solvent  =           90
  Number of the   2-th solvent  =           90
  Number of the   3-th solvent  =        10000
 
  Be sure that the solvent distribution is homogeneous (radial distribution function is essentially unity) when the solvent molecule is separated beyond distance of   10.0 Angstrom in any direction from any atom within the solute molecule
 
  LJ long-range correction    =        -0.0005     -0.0023     -0.1206
 
  Self-energy of the solute   =         0.0000  kcal/mol
 
 
 cumulative average & 95% error for solvation energy
              total             1st component         2nd component         3rd component
  1    -3.6006                0.0139               -0.0720               -3.5425
  2    -3.5893     0.0226     0.0167     0.0056    -0.0595     0.0250    -3.5464     0.0079
  3    -3.5954     0.0179     0.0150     0.0046    -0.0604     0.0145    -3.5500     0.0085
  4    -3.5910     0.0155     0.0157     0.0035    -0.0594     0.0105    -3.5473     0.0081
  5    -3.5922     0.0122     0.0155     0.0028    -0.0601     0.0082    -3.5476     0.0063
  6    -3.5942     0.0108     0.0164     0.0029    -0.0585     0.0074    -3.5521     0.0104
  7    -3.5941     0.0091     0.0165     0.0024    -0.0601     0.0070    -3.5505     0.0094
  8    -3.5934     0.0081     0.0169     0.0022    -0.0607     0.0062    -3.5495     0.0083
  9    -3.5926     0.0073     0.0171     0.0020    -0.0603     0.0055    -3.5493     0.0074
 10    -3.5897     0.0087     0.0171     0.0018    -0.0619     0.0058    -3.5450     0.0110
 
 
 group  inft  solvation free energy     error          difference
  total solvation free energy
   1      0          2.66856           0.00414           0.01857
   1     60          2.65848           0.00415           0.00849
   1     80          2.59087           0.00426          -0.05912
   1    100          2.36153           0.00473          -0.28846
   2      0          2.67343           0.00389           0.02344
   3      0          2.64999           0.00374           0.00000
   4      0          2.71165           0.00356           0.06166
   5      0          2.65287           0.00360           0.00288
   5     60          2.63951           0.00361          -0.01048
   5     80          2.55652           0.00372          -0.09346
   5    100          2.34270           0.00411          -0.30729
 
  contribution from  1-th solvent component
   1      0          0.03868           0.00196           0.00248
   1     60          0.03870           0.00194           0.00250
   1     80          0.03902           0.00196           0.00282
   1    100          0.03953           0.00214           0.00332
   2      0          0.03664           0.00156           0.00044
   3      0          0.03620           0.00139           0.00000
   4      0          0.03517           0.00131          -0.00104
   5      0          0.03592           0.00128          -0.00028
   5     60          0.03596           0.00127          -0.00024
   5     80          0.03627           0.00129           0.00007
   5    100          0.03648           0.00146           0.00028
 
  contribution from  2-th solvent component
   1      0          0.02752           0.00441           0.00280
   1     60          0.02747           0.00442           0.00275
   1     80          0.02695           0.00450           0.00223
   1    100          0.02500           0.00474           0.00028
   2      0          0.02568           0.00416           0.00096
   3      0          0.02472           0.00424           0.00000
   4      0          0.02426           0.00400          -0.00046
   5      0          0.02364           0.00422          -0.00108
   5     60          0.02355           0.00423          -0.00117
   5     80          0.02283           0.00431          -0.00189
   5    100          0.02087           0.00449          -0.00385
 
  contribution from  3-th solvent component
   1      0          2.60235           0.00491           0.01328
   1     60          2.59230           0.00492           0.00324
   1     80          2.52490           0.00498          -0.06417
   1    100          2.29701           0.00520          -0.29206
   2      0          2.61111           0.00477           0.02204
   3      0          2.58906           0.00488           0.00000
   4      0          2.65222           0.00474           0.06316
   5      0          2.59331           0.00462           0.00425
   5     60          2.57999           0.00463          -0.00908
   5     80          2.49742           0.00469          -0.09165
   5    100          2.28535           0.00488          -0.30372
 
 
 group  inft   Estimated free energy: total (kcal/mol)
   1      0       2.6635       2.6822       2.6664       2.6758       2.6609
                  2.6672       2.6728       2.6654       2.6634       2.6679
   1     60       2.6534       2.6722       2.6563       2.6657       2.6509
                  2.6571       2.6628       2.6553       2.6533       2.6577
   1     80       2.5857       2.6050       2.5887       2.5983       2.5832
                  2.5896       2.5954       2.5876       2.5854       2.5898
   1    100       2.3558       2.3775       2.3589       2.3694       2.3531
                  2.3606       2.3665       2.3583       2.3554       2.3600
   2      0       2.6680       2.6854       2.6733       2.6807       2.6661
                  2.6713       2.6782       2.6696       2.6690       2.6726
   3      0       2.6458       2.6616       2.6497       2.6576       2.6431
                  2.6473       2.6534       2.6464       2.6451       2.6498
   4      0       2.7069       2.7227       2.7122       2.7179       2.7054
                  2.7084       2.7160       2.7078       2.7075       2.7117
   5      0       2.6481       2.6650       2.6507       2.6601       2.6475
                  2.6483       2.6546       2.6503       2.6504       2.6537
   5     60       2.6347       2.6516       2.6374       2.6467       2.6342
                  2.6349       2.6413       2.6370       2.6370       2.6403
   5     80       2.5516       2.5691       2.5545       2.5639       2.5510
                  2.5520       2.5584       2.5539       2.5537       2.5570
   5    100       2.3372       2.3569       2.3405       2.3505       2.3365
                  2.3384       2.3449       2.3401       2.3391       2.3429
 
 group  inft   Estimated free energy: 1-th solvent contribution (kcal/mol)
   1      0       0.0357       0.0430       0.0325       0.0399       0.0370
                  0.0417       0.0373       0.0403       0.0397       0.0398
   1     60       0.0358       0.0430       0.0325       0.0399       0.0370
                  0.0417       0.0373       0.0403       0.0397       0.0398
   1     80       0.0361       0.0433       0.0328       0.0403       0.0374
                  0.0421       0.0376       0.0406       0.0400       0.0402
   1    100       0.0363       0.0441       0.0327       0.0408       0.0376
                  0.0430       0.0380       0.0413       0.0406       0.0408
   2      0       0.0341       0.0403       0.0320       0.0378       0.0349
                  0.0388       0.0355       0.0382       0.0372       0.0376
   3      0       0.0339       0.0392       0.0320       0.0370       0.0350
                  0.0387       0.0353       0.0372       0.0363       0.0374
   4      0       0.0333       0.0378       0.0311       0.0360       0.0337
                  0.0372       0.0342       0.0364       0.0354       0.0365
   5      0       0.0342       0.0383       0.0317       0.0369       0.0346
                  0.0378       0.0350       0.0371       0.0362       0.0374
   5     60       0.0342       0.0384       0.0318       0.0369       0.0347
                  0.0378       0.0350       0.0371       0.0362       0.0375
   5     80       0.0345       0.0387       0.0321       0.0373       0.0350
                  0.0382       0.0353       0.0374       0.0365       0.0378
   5    100       0.0345       0.0392       0.0318       0.0375       0.0350
                  0.0387       0.0354       0.0378       0.0368       0.0382
 
 group  inft   Estimated free energy: 2-th solvent contribution (kcal/mol)
   1      0       0.0198       0.0394       0.0264       0.0303       0.0251
                  0.0374       0.0230       0.0242       0.0311       0.0186
   1     60       0.0197       0.0394       0.0263       0.0303       0.0250
                  0.0374       0.0230       0.0241       0.0311       0.0185
   1     80       0.0191       0.0391       0.0258       0.0298       0.0244
                  0.0370       0.0224       0.0235       0.0306       0.0179
   1    100       0.0168       0.0381       0.0236       0.0279       0.0223
                  0.0356       0.0202       0.0213       0.0286       0.0156
   2      0       0.0180       0.0361       0.0244       0.0285       0.0238
                  0.0353       0.0216       0.0225       0.0296       0.0170
   3      0       0.0172       0.0353       0.0230       0.0275       0.0227
                  0.0347       0.0208       0.0220       0.0284       0.0156
   4      0       0.0173       0.0343       0.0226       0.0270       0.0225
                  0.0338       0.0198       0.0213       0.0278       0.0162
   5      0       0.0167       0.0345       0.0216       0.0263       0.0219
                  0.0334       0.0188       0.0207       0.0275       0.0149
   5     60       0.0166       0.0345       0.0215       0.0262       0.0218
                  0.0334       0.0187       0.0206       0.0274       0.0148
   5     80       0.0158       0.0341       0.0207       0.0255       0.0211
                  0.0328       0.0179       0.0198       0.0267       0.0140
   5    100       0.0136       0.0328       0.0186       0.0236       0.0190
                  0.0312       0.0158       0.0177       0.0247       0.0118
 
 group  inft   Estimated free energy: 3-th solvent contribution (kcal/mol)
   1      0       2.6080       2.5999       2.6075       2.6056       2.5988
                  2.5881       2.6125       2.6010       2.5926       2.6095
   1     60       2.5980       2.5899       2.5975       2.5956       2.5888
                  2.5780       2.6025       2.5909       2.5825       2.5994
   1     80       2.5306       2.5226       2.5302       2.5282       2.5214
                  2.5105       2.5354       2.5235       2.5149       2.5318
   1    100       2.3026       2.2952       2.3025       2.3007       2.2932
                  2.2820       2.3083       2.2957       2.2862       2.3036
   2      0       2.6159       2.6091       2.6169       2.6144       2.6074
                  2.5972       2.6211       2.6088       2.6022       2.6181
   3      0       2.5947       2.5871       2.5946       2.5931       2.5854
                  2.5738       2.5974       2.5872       2.5804       2.5968
   4      0       2.6563       2.6506       2.6585       2.6549       2.6492
                  2.6374       2.6620       2.6501       2.6443       2.6590
   5      0       2.5972       2.5921       2.5974       2.5969       2.5910
                  2.5771       2.6008       2.5926       2.5867       2.6014
   5     60       2.5839       2.5788       2.5841       2.5836       2.5777
                  2.5637       2.5876       2.5793       2.5734       2.5880
   5     80       2.5013       2.4964       2.5018       2.5011       2.4950
                  2.4810       2.5052       2.4967       2.4905       2.5052
   5    100       2.2891       2.2849       2.2902       2.2895       2.2826
                  2.2684       2.2937       2.2846       2.2776       2.2929
 
 
 cumulative average & 95% error for solvation free energy
              total             1st component         2nd component         3rd component
  1     2.6458                0.0339                0.0172                2.5947
  2     2.6537     0.0158     0.0366     0.0053     0.0262     0.0181     2.5909     0.0076
  3     2.6524     0.0095     0.0350     0.0043     0.0252     0.0107     2.5922     0.0050
  4     2.6537     0.0072     0.0355     0.0032     0.0257     0.0076     2.5924     0.0036
  5     2.6516     0.0070     0.0354     0.0025     0.0251     0.0060     2.5910     0.0039
  6     2.6508     0.0059     0.0360     0.0023     0.0267     0.0059     2.5881     0.0066
  7     2.6512     0.0051     0.0359     0.0020     0.0259     0.0053     2.5895     0.0061
  8     2.6506     0.0045     0.0360     0.0017     0.0254     0.0047     2.5892     0.0054
  9     2.6500     0.0042     0.0361     0.0015     0.0257     0.0042     2.5882     0.0051
 10     2.6500     0.0037     0.0362     0.0014     0.0247     0.0042     2.5891     0.0049
