 ERmod 0.3.8, Copyright (C) 2000-2019 Nobuyuki Matubayasi
                            2010-2019 Shun Sakuraba
 ERmod comes with ABSOLUTELY NO WARRANTY.
 This is free software, and you can redistribute it
 and/or modify it under certain conditions.
 See LICENSE file for details.
 ERmod 0.3.8, Copyright (C) 2000-2019 Nobuyuki Matubayasi
                            2010-2019 Shun Sakuraba
 ERmod comes with ABSOLUTELY NO WARRANTY.
 This is free software, and you can redistribute it
 and/or modify it under certain conditions.
 See LICENSE file for details.
 
  Number of the   1-th solvent  =          180
  Number of the   2-th solvent  =          180
  Number of the   3-th solvent  =        10000
 
  Be sure that the solvent distribution is homogeneous (radial distribution function is essentially unity) when the solvent molecule is separated beyond distance of   10.0 Angstrom in any direction from any atom within the solute molecule
 
  LJ long-range correction    =        -0.0047     -0.0373     -0.6015
 
  Self-energy of the solute   =        -0.0001  kcal/mol
 
 
 cumulative average & 95% error for solvation energy
              total             1st component         2nd component         3rd component
  1   -26.5713               -1.1904               -2.2988              -23.0821
  2   -26.4355     0.2715    -0.8463     0.6882    -1.9525     0.6925   -23.6366     1.1091
  3   -26.4751     0.1756    -0.9175     0.4220    -1.8599     0.4406   -23.6977     0.6519
  4   -26.4985     0.1327    -0.9215     0.2985    -1.7768     0.3531   -23.8001     0.5044
  5   -26.4858     0.1059    -0.7091     0.4836    -1.7658     0.2744   -24.0108     0.5746
  6   -26.4773     0.0881    -0.6625     0.4057    -1.7589     0.2245   -24.0559     0.4777
  7   -26.4291     0.1218    -0.6475     0.3442    -1.8181     0.2237   -23.9634     0.4441
  8   -26.4557     0.1181    -0.7283     0.3390    -1.8439     0.2005   -23.8834     0.4166
  9   -26.4729     0.1098    -0.7191     0.2996    -1.8120     0.1880   -23.9418     0.3855
 10   -26.4894     0.1035    -0.7876     0.3009    -1.8136     0.1682   -23.8881     0.3611
 
 
 group  inft  solvation free energy     error          difference
  total solvation free energy
   1      0         -1.55302           0.03710           0.00155
   1     60         -1.57872           0.03713          -0.02415
   1     80         -1.79492           0.03737          -0.24034
   1    100         -2.59314           0.03797          -1.03857
   2      0         -1.55492           0.03443          -0.00035
   3      0         -1.55457           0.03401           0.00000
   4      0         -1.55326           0.03369           0.00132
   5      0         -1.54461           0.03051           0.00996
   5     60         -1.57934           0.03054          -0.02477
   5     80         -1.84960           0.03078          -0.29503
   5    100         -2.58565           0.03118          -1.03108
 
  contribution from  1-th solvent component
   1      0         -0.07855           0.15707           0.01075
   1     60         -0.07848           0.15707           0.01083
   1     80         -0.07793           0.15713           0.01138
   1    100         -0.07705           0.15741           0.01226
   2      0         -0.08653           0.15521           0.00278
   3      0         -0.08931           0.15460           0.00000
   4      0         -0.09245           0.15381          -0.00314
   5      0         -0.09200           0.15220          -0.00269
   5     60         -0.09189           0.15220          -0.00258
   5     80         -0.09149           0.15224          -0.00218
   5    100         -0.09141           0.15238          -0.00210
 
  contribution from  2-th solvent component
   1      0         -0.79449           0.08104          -0.01279
   1     60         -0.79519           0.08104          -0.01349
   1     80         -0.80103           0.08104          -0.01933
   1    100         -0.82191           0.08105          -0.04021
   2      0         -0.78593           0.08144          -0.00423
   3      0         -0.78171           0.08138           0.00000
   4      0         -0.78110           0.08149           0.00061
   5      0         -0.77954           0.08118           0.00216
   5     60         -0.78049           0.08118           0.00121
   5     80         -0.78778           0.08119          -0.00607
   5    100         -0.80692           0.08119          -0.02522
 
  contribution from  3-th solvent component
   1      0         -0.67992           0.18046           0.00359
   1     60         -0.70500           0.18048          -0.02149
   1     80         -0.91591           0.18066          -0.23240
   1    100         -1.69413           0.18152          -1.01062
   2      0         -0.68241           0.18047           0.00109
   3      0         -0.68351           0.18078           0.00000
   4      0         -0.67966           0.17902           0.00385
   5      0         -0.67302           0.17905           0.01049
   5     60         -0.70691           0.17908          -0.02341
   5     80         -0.97028           0.17932          -0.28678
   5    100         -1.68727           0.18014          -1.00376
 
 
 group  inft   Estimated free energy: total (kcal/mol)
   1      0      -1.5417      -1.5064      -1.5814      -1.5859      -1.4931
                 -1.5027      -1.4781      -1.5963      -1.5801      -1.6646
   1     60      -1.5674      -1.5320      -1.6072      -1.6117      -1.5189
                 -1.5284      -1.5036      -1.6220      -1.6059      -1.6902
   1     80      -1.7832      -1.7476      -1.8239      -1.8287      -1.7355
                 -1.7443      -1.7183      -1.8384      -1.8227      -1.9064
   1    100      -2.5795      -2.5443      -2.6232      -2.6294      -2.5355
                 -2.5424      -2.5125      -2.6375      -2.6228      -2.7045
   2      0      -1.5443      -1.5097      -1.5845      -1.5904      -1.5009
                 -1.4998      -1.4938      -1.5838      -1.5815      -1.6605
   3      0      -1.5436      -1.5037      -1.5827      -1.5878      -1.5001
                 -1.5100      -1.4907      -1.5851      -1.5846      -1.6574
   4      0      -1.5425      -1.5027      -1.5845      -1.5872      -1.4961
                 -1.4989      -1.5049      -1.5768      -1.5820      -1.6571
   5      0      -1.5347      -1.4939      -1.5752      -1.5759      -1.4935
                 -1.5005      -1.4997      -1.5674      -1.5672      -1.6381
   5     60      -1.5694      -1.5285      -1.6100      -1.6108      -1.5283
                 -1.5352      -1.5341      -1.6021      -1.6021      -1.6728
   5     80      -1.8391      -1.7981      -1.8809      -1.8820      -1.7991
                 -1.8053      -1.8027      -1.8726      -1.8731      -1.9431
   5    100      -2.5730      -2.5327      -2.6180      -2.6200      -2.5372
                 -2.5414      -2.5353      -2.6092      -2.6111      -2.6787
 
 group  inft   Estimated free energy: 1-th solvent contribution (kcal/mol)
   1      0      -0.2870       0.0469      -0.2406      -0.1599       0.4178
                  0.1247       0.0346      -0.3018      -0.0125      -0.4077
   1     60      -0.2869       0.0470      -0.2405      -0.1598       0.4179
                  0.1248       0.0346      -0.3018      -0.0124      -0.4077
   1     80      -0.2864       0.0475      -0.2399      -0.1593       0.4186
                  0.1254       0.0353      -0.3014      -0.0118      -0.4072
   1    100      -0.2861       0.0482      -0.2389      -0.1586       0.4204
                  0.1265       0.0367      -0.3011      -0.0109      -0.4069
   2      0      -0.2924       0.0378      -0.2525      -0.1680       0.4066
                  0.1196       0.0161      -0.2974      -0.0237      -0.4113
   3      0      -0.2923       0.0395      -0.2543      -0.1696       0.4026
                  0.1110       0.0104      -0.3024      -0.0252      -0.4129
   4      0      -0.2915       0.0338      -0.2591      -0.1740       0.3994
                  0.1113      -0.0004      -0.2988      -0.0304      -0.4148
   5      0      -0.2918       0.0364      -0.2597      -0.1736       0.3946
                  0.1112      -0.0067      -0.2981      -0.0272      -0.4050
   5     60      -0.2917       0.0365      -0.2596      -0.1735       0.3947
                  0.1113      -0.0065      -0.2980      -0.0271      -0.4049
   5     80      -0.2914       0.0368      -0.2592      -0.1731       0.3952
                  0.1117      -0.0061      -0.2977      -0.0267      -0.4046
   5    100      -0.2915       0.0367      -0.2590      -0.1730       0.3959
                  0.1119      -0.0057      -0.2980      -0.0266      -0.4048
 
 group  inft   Estimated free energy: 2-th solvent contribution (kcal/mol)
   1      0      -1.0068      -0.7179      -0.7184      -0.6667      -0.7381
                 -0.7212      -0.9859      -0.8996      -0.6628      -0.8276
   1     60      -1.0075      -0.7186      -0.7191      -0.6674      -0.7388
                 -0.7219      -0.9866      -0.9003      -0.6635      -0.8283
   1     80      -1.0134      -0.7243      -0.7249      -0.6733      -0.7446
                 -0.7277      -0.9924      -0.9062      -0.6693      -0.8341
   1    100      -1.0344      -0.7450      -0.7457      -0.6945      -0.7656
                 -0.7484      -1.0132      -0.9273      -0.6902      -0.8549
   2      0      -0.9993      -0.7102      -0.7098      -0.6599      -0.7311
                 -0.7121      -0.9785      -0.8910      -0.6493      -0.8182
   3      0      -0.9980      -0.7036      -0.7050      -0.6555      -0.7254
                 -0.7117      -0.9725      -0.8868      -0.6478      -0.8108
   4      0      -0.9940      -0.7048      -0.7050      -0.6552      -0.7238
                 -0.7108      -0.9753      -0.8861      -0.6443      -0.8117
   5      0      -0.9955      -0.7023      -0.7028      -0.6528      -0.7239
                 -0.7143      -0.9710      -0.8828      -0.6440      -0.8059
   5     60      -0.9965      -0.7032      -0.7038      -0.6538      -0.7248
                 -0.7153      -0.9719      -0.8838      -0.6450      -0.8069
   5     80      -1.0038      -0.7104      -0.7110      -0.6612      -0.7321
                 -0.7225      -0.9792      -0.8911      -0.6523      -0.8141
   5    100      -1.0231      -0.7293      -0.7302      -0.6806      -0.7513
                 -0.7415      -0.9982      -0.9105      -0.6714      -0.8331
 
 group  inft   Estimated free energy: 3-th solvent contribution (kcal/mol)
   1      0      -0.2479      -0.8354      -0.6223      -0.7592      -1.1727
                 -0.9062      -0.5267      -0.3948      -0.9048      -0.4291
   1     60      -0.2729      -0.8604      -0.6475      -0.7844      -1.1979
                 -0.9312      -0.5516      -0.4199      -0.9299      -0.4542
   1     80      -0.4834      -1.0708      -0.8590      -0.9960      -1.4094
                 -1.1420      -0.7612      -0.6308      -1.1415      -0.6650
   1    100      -1.2590      -1.8474      -1.6385      -1.7762      -2.1903
                 -1.9205      -1.5360      -1.4091      -1.9217      -1.4427
   2      0      -0.2526      -0.8373      -0.6221      -0.7624      -1.1763
                 -0.9072      -0.5313      -0.3954      -0.9085      -0.4310
   3      0      -0.2532      -0.8396      -0.6234      -0.7627      -1.1772
                 -0.9094      -0.5286      -0.3959      -0.9116      -0.4336
   4      0      -0.2569      -0.8316      -0.6203      -0.7580      -1.1717
                 -0.8994      -0.5291      -0.3919      -0.9072      -0.4305
   5      0      -0.2473      -0.8280      -0.6126      -0.7494      -1.1641
                 -0.8974      -0.5220      -0.3864      -0.8959      -0.4272
   5     60      -0.2811      -0.8618      -0.6466      -0.7834      -1.1981
                 -0.9312      -0.5556      -0.4203      -0.9299      -0.4610
   5     80      -0.5439      -1.1245      -0.9107      -1.0476      -1.4622
                 -1.1945      -0.8175      -0.6837      -1.1941      -0.7243
   5    100      -1.2584      -1.8400      -1.6288      -1.7663      -2.1817
                 -1.9118      -1.5313      -1.4006      -1.9130      -1.4407
 
 
 cumulative average & 95% error for solvation free energy
              total             1st component         2nd component         3rd component
  1    -1.5436               -0.2923               -0.9980               -0.2532
  2    -1.5236     0.0399    -0.1264     0.3318    -0.8508     0.2944    -0.5464     0.5863
  3    -1.5433     0.0456    -0.1690     0.2097    -0.8022     0.1958    -0.5721     0.3424
  4    -1.5544     0.0392    -0.1692     0.1483    -0.7655     0.1567    -0.6197     0.2602
  5    -1.5436     0.0373    -0.0548     0.2559    -0.7575     0.1224    -0.7312     0.3006
  6    -1.5380     0.0325    -0.0272     0.2162    -0.7499     0.1011    -0.7609     0.2525
  7    -1.5312     0.0306    -0.0218     0.1830    -0.7817     0.1065    -0.7277     0.2235
  8    -1.5380     0.0297    -0.0569     0.1733    -0.7948     0.0959    -0.6862     0.2106
  9    -1.5432     0.0282    -0.0534     0.1530    -0.7785     0.0907    -0.7113     0.1923
 10    -1.5546     0.0340    -0.0893     0.1546    -0.7817     0.0814    -0.6835     0.1808
