 ERmod 0.3.8, Copyright (C) 2000-2019 Nobuyuki Matubayasi
                            2010-2019 Shun Sakuraba
 ERmod comes with ABSOLUTELY NO WARRANTY.
 This is free software, and you can redistribute it
 and/or modify it under certain conditions.
 See LICENSE file for details.
 ERmod 0.3.8, Copyright (C) 2000-2019 Nobuyuki Matubayasi
                            2010-2019 Shun Sakuraba
 ERmod comes with ABSOLUTELY NO WARRANTY.
 This is free software, and you can redistribute it
 and/or modify it under certain conditions.
 See LICENSE file for details.
 
  Number of the   1-th solvent  =           90
  Number of the   2-th solvent  =           90
  Number of the   3-th solvent  =        10000
 
  Be sure that the solvent distribution is homogeneous (radial distribution function is essentially unity) when the solvent molecule is separated beyond distance of   10.0 Angstrom in any direction from any atom within the solute molecule
 
  LJ long-range correction    =        -0.0079     -0.0058     -0.6323
 
  Self-energy of the solute   =        -0.0001  kcal/mol
 
 
 cumulative average & 95% error for solvation energy
              total             1st component         2nd component         3rd component
  1   -26.9482               -0.5252               -0.8809              -25.5419
  2   -26.8083     0.2797    -0.6256     0.2007    -0.5876     0.5866   -25.5951     0.1062
  3   -26.8000     0.1624    -0.4036     0.4587    -0.4771     0.4044   -25.9191     0.6510
  4   -26.8104     0.1167    -0.4066     0.3244    -0.4161     0.3109   -25.9875     0.4803
  5   -26.7953     0.0953    -0.4739     0.2850    -0.4229     0.2412   -25.8984     0.4125
  6   -26.8180     0.0901    -0.4443     0.2402    -0.4037     0.2007   -25.9700     0.3660
  7   -26.7853     0.1003    -0.4343     0.2039    -0.3762     0.1783   -25.9747     0.3095
  8   -26.7647     0.0962    -0.4412     0.1772    -0.3529     0.1613   -25.9704     0.2681
  9   -26.7490     0.0905    -0.5281     0.2336    -0.3558     0.1423   -25.8650     0.3168
 10   -26.7558     0.0820    -0.5063     0.2134    -0.3795     0.1359   -25.8699     0.2835
 
 
 group  inft  solvation free energy     error          difference
  total solvation free energy
   1      0         -1.23275           0.05393          -0.00007
   1     60         -1.24818           0.05394          -0.01550
   1     80         -1.41123           0.05408          -0.17855
   1    100         -2.13395           0.05454          -0.90127
   2      0         -1.23314           0.05313          -0.00046
   3      0         -1.23268           0.05201           0.00000
   4      0         -1.22584           0.05140           0.00684
   5      0         -1.21841           0.05076           0.01427
   5     60         -1.23992           0.05077          -0.00725
   5     80         -1.45024           0.05094          -0.21757
   5    100         -2.12163           0.05138          -0.88895
 
  contribution from  1-th solvent component
   1      0         -0.01396           0.11279           0.00397
   1     60         -0.01406           0.11280           0.00387
   1     80         -0.01525           0.11284           0.00268
   1    100         -0.02145           0.11304          -0.00352
   2      0         -0.01757           0.10948           0.00036
   3      0         -0.01793           0.10794           0.00000
   4      0         -0.01788           0.10687           0.00005
   5      0         -0.01821           0.10655          -0.00028
   5     60         -0.01835           0.10655          -0.00043
   5     80         -0.02000           0.10658          -0.00207
   5    100         -0.02602           0.10665          -0.00809
 
  contribution from  2-th solvent component
   1      0         -0.29732           0.08666          -0.00660
   1     60         -0.29704           0.08667          -0.00632
   1     80         -0.29546           0.08682          -0.00474
   1    100         -0.29222           0.08737          -0.00150
   2      0         -0.29249           0.08698          -0.00176
   3      0         -0.29073           0.08597           0.00000
   4      0         -0.29180           0.08680          -0.00108
   5      0         -0.29074           0.08588          -0.00001
   5     60         -0.29044           0.08590           0.00029
   5     80         -0.28877           0.08606           0.00195
   5    100         -0.28632           0.08656           0.00440
 
  contribution from  3-th solvent component
   1      0         -0.92135           0.14100           0.00256
   1     60         -0.93697           0.14103          -0.01306
   1     80         -1.10040           0.14129          -0.17650
   1    100         -1.82016           0.14243          -0.89626
   2      0         -0.92297           0.14074           0.00094
   3      0         -0.92391           0.14042           0.00000
   4      0         -0.91605           0.13982           0.00786
   5      0         -0.90935           0.14024           0.01455
   5     60         -0.93102           0.14028          -0.00711
   5     80         -1.14136           0.14062          -0.21745
   5    100         -1.80917           0.14166          -0.88526
 
 
 group  inft   Estimated free energy: total (kcal/mol)
   1      0      -1.3615      -1.2138      -1.1559      -1.2307      -1.3132
                 -1.3460      -1.1116      -1.1404      -1.2255      -1.2288
   1     60      -1.3770      -1.2291      -1.1714      -1.2462      -1.3286
                 -1.3615      -1.1270      -1.1558      -1.2409      -1.2443
   1     80      -1.5403      -1.3914      -1.3348      -1.4095      -1.4914
                 -1.5254      -1.2899      -1.3182      -1.4036      -1.4077
   1    100      -2.2636      -2.1116      -2.0586      -2.1334      -2.2135
                 -2.2513      -2.0129      -2.0386      -2.1241      -2.1318
   2      0      -1.3587      -1.1998      -1.1622      -1.2433      -1.3145
                 -1.3415      -1.1064      -1.1497      -1.2231      -1.2324
   3      0      -1.3546      -1.1930      -1.1685      -1.2397      -1.3168
                 -1.3395      -1.1067      -1.1585      -1.2132      -1.2363
   4      0      -1.3542      -1.1817      -1.1631      -1.2375      -1.3013
                 -1.3271      -1.1012      -1.1526      -1.2159      -1.2239
   5      0      -1.3379      -1.1797      -1.1528      -1.2382      -1.3007
                 -1.3149      -1.0910      -1.1490      -1.1994      -1.2208
   5     60      -1.3594      -1.2010      -1.1744      -1.2597      -1.3221
                 -1.3365      -1.1125      -1.1705      -1.2209      -1.2423
   5     80      -1.5700      -1.4103      -1.3852      -1.4706      -1.5321
                 -1.5477      -1.3226      -1.3800      -1.4307      -1.4531
   5    100      -2.2419      -2.0789      -2.0580      -2.1436      -2.2028
                 -2.2216      -1.9942      -2.0491      -2.1001      -2.1261
 
 group  inft   Estimated free energy: 1-th solvent contribution (kcal/mol)
   1      0      -0.0320      -0.1278       0.2926       0.0549      -0.1427
                  0.0739       0.0407      -0.0163      -0.3807       0.0978
   1     60      -0.0321      -0.1279       0.2925       0.0548      -0.1428
                  0.0738       0.0406      -0.0164      -0.3808       0.0977
   1     80      -0.0333      -0.1292       0.2915       0.0537      -0.1441
                  0.0726       0.0394      -0.0176      -0.3821       0.0966
   1    100      -0.0395      -0.1359       0.2862       0.0477      -0.1506
                  0.0662       0.0329      -0.0237      -0.3886       0.0906
   2      0      -0.0326      -0.1229       0.2769       0.0441      -0.1428
                  0.0719       0.0389      -0.0243      -0.3767       0.0918
   3      0      -0.0316      -0.1174       0.2711       0.0453      -0.1429
                  0.0714       0.0391      -0.0265      -0.3740       0.0862
   4      0      -0.0316      -0.1171       0.2636       0.0429      -0.1385
                  0.0724       0.0392      -0.0280      -0.3729       0.0912
   5      0      -0.0328      -0.1162       0.2652       0.0412      -0.1347
                  0.0733       0.0396      -0.0304      -0.3726       0.0852
   5     60      -0.0330      -0.1164       0.2651       0.0411      -0.1348
                  0.0732       0.0395      -0.0305      -0.3728       0.0851
   5     80      -0.0346      -0.1181       0.2636       0.0394      -0.1366
                  0.0715       0.0378      -0.0321      -0.3745       0.0834
   5    100      -0.0404      -0.1243       0.2580       0.0334      -0.1428
                  0.0655       0.0316      -0.0380      -0.3806       0.0774
 
 group  inft   Estimated free energy: 2-th solvent contribution (kcal/mol)
   1      0      -0.5870      -0.2632      -0.1952      -0.1982      -0.4088
                 -0.2850      -0.1363      -0.1710      -0.3546      -0.3740
   1     60      -0.5868      -0.2629      -0.1949      -0.1979      -0.4085
                 -0.2848      -0.1360      -0.1706      -0.3543      -0.3737
   1     80      -0.5856      -0.2613      -0.1935      -0.1961      -0.4071
                 -0.2836      -0.1342      -0.1683      -0.3530      -0.3720
   1    100      -0.5841      -0.2577      -0.1906      -0.1921      -0.4045
                 -0.2817      -0.1302      -0.1624      -0.3507      -0.3683
   2      0      -0.5806      -0.2535      -0.1851      -0.1972      -0.4104
                 -0.2766      -0.1292      -0.1707      -0.3527      -0.3690
   3      0      -0.5763      -0.2509      -0.1864      -0.1943      -0.4095
                 -0.2740      -0.1286      -0.1748      -0.3449      -0.3676
   4      0      -0.5811      -0.2501      -0.1826      -0.1981      -0.4093
                 -0.2720      -0.1291      -0.1761      -0.3530      -0.3666
   5      0      -0.5743      -0.2524      -0.1802      -0.2001      -0.4129
                 -0.2683      -0.1277      -0.1779      -0.3473      -0.3663
   5     60      -0.5740      -0.2521      -0.1799      -0.1998      -0.4127
                 -0.2680      -0.1274      -0.1775      -0.3470      -0.3659
   5     80      -0.5729      -0.2504      -0.1784      -0.1979      -0.4112
                 -0.2667      -0.1256      -0.1749      -0.3457      -0.3641
   5    100      -0.5721      -0.2475      -0.1762      -0.1950      -0.4094
                 -0.2653      -0.1224      -0.1700      -0.3443      -0.3611
 
 group  inft   Estimated free energy: 3-th solvent contribution (kcal/mol)
   1      0      -0.7424      -0.8227      -1.2531      -1.0873      -0.7616
                 -1.1348      -1.0159      -0.9529      -0.4901      -0.9525
   1     60      -0.7580      -0.8382      -1.2688      -1.1030      -0.7772
                 -1.1505      -1.0315      -0.9686      -0.5057      -0.9682
   1     80      -0.9213      -1.0008      -1.4327      -1.2670      -0.9402
                 -1.3143      -1.1950      -1.1323      -0.6684      -1.1322
   1    100      -1.6399      -1.7179      -2.1541      -1.9889      -1.6583
                 -2.0358      -1.9155      -1.8525      -1.3847      -1.8540
   2      0      -0.7454      -0.8233      -1.2538      -1.0901      -0.7613
                 -1.1366      -1.0160      -0.9546      -0.4936      -0.9551
   3      0      -0.7466      -0.8246      -1.2531      -1.0906      -0.7643
                 -1.1367      -1.0171      -0.9571      -0.4942      -0.9549
   4      0      -0.7414      -0.8143      -1.2440      -1.0822      -0.7534
                 -1.1274      -1.0112      -0.9483      -0.4899      -0.9483
   5      0      -0.7307      -0.8109      -1.2377      -1.0792      -0.7529
                 -1.1198      -1.0028      -0.9406      -0.4794      -0.9396
   5     60      -0.7523      -0.8324      -1.2594      -1.1009      -0.7745
                 -1.1415      -1.0244      -0.9623      -0.5009      -0.9614
   5     80      -0.9624      -1.0418      -1.4703      -1.3120      -0.9842
                 -1.3523      -1.2348      -1.1730      -0.7104      -1.1724
   5    100      -1.6293      -1.7071      -2.1396      -1.9819      -1.6505
                 -2.0217      -1.9033      -1.8410      -1.3751      -1.8423
 
 
 cumulative average & 95% error for solvation free energy
              total             1st component         2nd component         3rd component
  1    -1.3546               -0.0316               -0.5763               -0.7466
  2    -1.2738     0.1616    -0.0745     0.0858    -0.4136     0.3254    -0.7856     0.0780
  3    -1.2387     0.1168     0.0407     0.2356    -0.3379     0.2414    -0.9414     0.3149
  4    -1.2390     0.0826     0.0419     0.1666    -0.3020     0.1851    -0.9787     0.2348
  5    -1.2545     0.0711     0.0049     0.1487    -0.3235     0.1497    -0.9358     0.2011
  6    -1.2687     0.0646     0.0160     0.1234    -0.3153     0.1234    -0.9693     0.1773
  7    -1.2455     0.0716     0.0193     0.1045    -0.2886     0.1171    -0.9761     0.1505
  8    -1.2347     0.0657     0.0136     0.0913    -0.2744     0.1053    -0.9738     0.1304
  9    -1.2323     0.0581    -0.0295     0.1179    -0.2822     0.0942    -0.9205     0.1568
 10    -1.2327     0.0520    -0.0179     0.1079    -0.2907     0.0860    -0.9239     0.1404
