 ERmod 0.3.8, Copyright (C) 2000-2019 Nobuyuki Matubayasi
                            2010-2019 Shun Sakuraba
 ERmod comes with ABSOLUTELY NO WARRANTY.
 This is free software, and you can redistribute it
 and/or modify it under certain conditions.
 See LICENSE file for details.
 ERmod 0.3.8, Copyright (C) 2000-2019 Nobuyuki Matubayasi
                            2010-2019 Shun Sakuraba
 ERmod comes with ABSOLUTELY NO WARRANTY.
 This is free software, and you can redistribute it
 and/or modify it under certain conditions.
 See LICENSE file for details.
 
  Number of the   1-th solvent  =          180
  Number of the   2-th solvent  =          180
  Number of the   3-th solvent  =        10000
 
  Be sure that the solvent distribution is homogeneous (radial distribution function is essentially unity) when the solvent molecule is separated beyond distance of   10.0 Angstrom in any direction from any atom within the solute molecule
 
  LJ long-range correction    =        -0.0030     -0.0022     -0.1212
 
  Self-energy of the solute   =         0.0000  kcal/mol
 
 
 cumulative average & 95% error for solvation energy
              total             1st component         2nd component         3rd component
  1    -3.6248               -0.0049               -0.0806               -3.5393
  2    -3.6232     0.0033     0.0082     0.0262    -0.0810     0.0008    -3.5503     0.0221
  3    -3.6235     0.0020     0.0078     0.0151    -0.0819     0.0018    -3.5494     0.0129
  4    -3.6293     0.0117     0.0043     0.0128    -0.0845     0.0055    -3.5491     0.0091
  5    -3.6299     0.0092     0.0079     0.0122    -0.0822     0.0064    -3.5556     0.0149
  6    -3.6303     0.0075     0.0086     0.0100    -0.0824     0.0052    -3.5565     0.0122
  7    -3.6302     0.0064     0.0074     0.0088    -0.0829     0.0045    -3.5547     0.0109
  8    -3.6331     0.0080     0.0080     0.0077    -0.0847     0.0053    -3.5564     0.0101
  9    -3.6336     0.0071     0.0087     0.0070    -0.0841     0.0048    -3.5582     0.0096
 10    -3.6326     0.0067     0.0092     0.0063    -0.0834     0.0045    -3.5584     0.0086
 
 
 group  inft  solvation free energy     error          difference
  total solvation free energy
   1      0          2.83491           0.00912           0.01881
   1     60          2.82375           0.00917           0.00764
   1     80          2.75027           0.00951          -0.06584
   1    100          2.50992           0.01078          -0.30619
   2      0          2.84063           0.00854           0.02453
   3      0          2.81611           0.00893           0.00000
   4      0          2.88039           0.00803           0.06428
   5      0          2.81882           0.00912           0.00271
   5     60          2.80402           0.00918          -0.01208
   5     80          2.71434           0.00960          -0.10176
   5    100          2.49118           0.01074          -0.32492
 
  contribution from  1-th solvent component
   1      0          0.13911           0.00525           0.00391
   1     60          0.13905           0.00527           0.00384
   1     80          0.13852           0.00545           0.00331
   1    100          0.13589           0.00602           0.00068
   2      0          0.13640           0.00505           0.00119
   3      0          0.13521           0.00509           0.00000
   4      0          0.13368           0.00493          -0.00153
   5      0          0.13391           0.00493          -0.00130
   5     60          0.13380           0.00497          -0.00141
   5     80          0.13292           0.00516          -0.00228
   5    100          0.13004           0.00563          -0.00517
 
  contribution from  2-th solvent component
   1      0         -0.03247           0.00586           0.00202
   1     60         -0.03201           0.00588           0.00248
   1     80         -0.03074           0.00608           0.00375
   1    100         -0.02873           0.00690           0.00576
   2      0         -0.03392           0.00518           0.00057
   3      0         -0.03449           0.00501           0.00000
   4      0         -0.03405           0.00488           0.00045
   5      0         -0.03487           0.00459          -0.00038
   5     60         -0.03433           0.00463           0.00016
   5     80         -0.03295           0.00487           0.00155
   5    100         -0.03117           0.00563           0.00332
 
  contribution from  3-th solvent component
   1      0          2.72827           0.01070           0.01288
   1     60          2.71671           0.01074           0.00133
   1     80          2.64248           0.01100          -0.07290
   1    100          2.40275           0.01190          -0.31263
   2      0          2.73815           0.01052           0.02276
   3      0          2.71539           0.01069           0.00000
   4      0          2.78075           0.00981           0.06536
   5      0          2.71977           0.01048           0.00439
   5     60          2.70456           0.01053          -0.01083
   5     80          2.61436           0.01086          -0.10102
   5    100          2.39232           0.01170          -0.32307
 
 
 group  inft   Estimated free energy: total (kcal/mol)
   1      0       2.8342       2.8532       2.8109       2.8250       2.8251
                  2.8294       2.8615       2.8366       2.8396       2.8337
   1     60       2.8230       2.8422       2.7995       2.8137       2.8140
                  2.8182       2.8504       2.8255       2.8284       2.8225
   1     80       2.7494       2.7696       2.7248       2.7396       2.7409
                  2.7444       2.7776       2.7518       2.7552       2.7494
   1    100       2.5084       2.5326       2.4803       2.4970       2.5017
                  2.5028       2.5399       2.5100       2.5162       2.5101
   2      0       2.8402       2.8555       2.8191       2.8325       2.8279
                  2.8340       2.8654       2.8439       2.8481       2.8398
   3      0       2.8168       2.8322       2.7931       2.8066       2.8027
                  2.8103       2.8417       2.8200       2.8214       2.8163
   4      0       2.8810       2.8954       2.8613       2.8710       2.8678
                  2.8742       2.9030       2.8846       2.8871       2.8785
   5      0       2.8188       2.8373       2.7963       2.8081       2.8062
                  2.8141       2.8456       2.8216       2.8211       2.8190
   5     60       2.8040       2.8227       2.7813       2.7932       2.7915
                  2.7992       2.8309       2.8069       2.8064       2.8042
   5     80       2.7141       2.7342       2.6901       2.7027       2.7022
                  2.7092       2.7420       2.7169       2.7172       2.7149
   5    100       2.4906       2.5143       2.4632       2.4774       2.4799
                  2.4848       2.5212       2.4925       2.4952       2.4926
 
 group  inft   Estimated free energy: 1-th solvent contribution (kcal/mol)
   1      0       0.1271       0.1525       0.1340       0.1284       0.1449
                  0.1411       0.1332       0.1470       0.1393       0.1437
   1     60       0.1270       0.1525       0.1339       0.1283       0.1449
                  0.1410       0.1331       0.1469       0.1393       0.1436
   1     80       0.1261       0.1523       0.1330       0.1274       0.1448
                  0.1404       0.1323       0.1466       0.1390       0.1433
   1    100       0.1222       0.1507       0.1295       0.1237       0.1435
                  0.1375       0.1287       0.1446       0.1371       0.1414
   2      0       0.1248       0.1488       0.1321       0.1258       0.1424
                  0.1378       0.1302       0.1440       0.1374       0.1407
   3      0       0.1234       0.1476       0.1309       0.1242       0.1406
                  0.1369       0.1294       0.1433       0.1364       0.1393
   4      0       0.1226       0.1461       0.1294       0.1229       0.1387
                  0.1356       0.1281       0.1417       0.1353       0.1365
   5      0       0.1228       0.1462       0.1297       0.1229       0.1398
                  0.1355       0.1287       0.1418       0.1357       0.1359
   5     60       0.1226       0.1462       0.1296       0.1228       0.1398
                  0.1354       0.1286       0.1417       0.1356       0.1358
   5     80       0.1213       0.1457       0.1284       0.1215       0.1394
                  0.1344       0.1274       0.1411       0.1350       0.1351
   5    100       0.1175       0.1438       0.1247       0.1177       0.1376
                  0.1312       0.1238       0.1387       0.1327       0.1327
 
 group  inft   Estimated free energy: 2-th solvent contribution (kcal/mol)
   1      0      -0.0290      -0.0366      -0.0373      -0.0425      -0.0155
                 -0.0400      -0.0299      -0.0438      -0.0213      -0.0289
   1     60      -0.0285      -0.0362      -0.0369      -0.0420      -0.0149
                 -0.0396      -0.0294      -0.0434      -0.0208      -0.0284
   1     80      -0.0271      -0.0347      -0.0360      -0.0411      -0.0130
                 -0.0385      -0.0280      -0.0427      -0.0194      -0.0270
   1    100      -0.0246      -0.0317      -0.0355      -0.0402      -0.0086
                 -0.0374      -0.0254      -0.0432      -0.0166      -0.0241
   2      0      -0.0316      -0.0384      -0.0380      -0.0418      -0.0195
                 -0.0408      -0.0321      -0.0441      -0.0228      -0.0301
   3      0      -0.0323      -0.0387      -0.0382      -0.0422      -0.0203
                 -0.0415      -0.0327      -0.0443      -0.0242      -0.0304
   4      0      -0.0323      -0.0378      -0.0376      -0.0414      -0.0203
                 -0.0404      -0.0322      -0.0442      -0.0242      -0.0299
   5      0      -0.0323      -0.0382      -0.0379      -0.0421      -0.0221
                 -0.0409      -0.0332      -0.0450      -0.0262      -0.0308
   5     60      -0.0317      -0.0377      -0.0374      -0.0416      -0.0215
                 -0.0404      -0.0327      -0.0445      -0.0257      -0.0303
   5     80      -0.0302      -0.0359      -0.0365      -0.0406      -0.0193
                 -0.0393      -0.0312      -0.0438      -0.0241      -0.0286
   5    100      -0.0280      -0.0332      -0.0361      -0.0400      -0.0153
                 -0.0383      -0.0290      -0.0443      -0.0216      -0.0261
 
 group  inft   Estimated free energy: 3-th solvent contribution (kcal/mol)
   1      0       2.7361       2.7373       2.7142       2.7390       2.6956
                  2.7283       2.7582       2.7335       2.7215       2.7189
   1     60       2.7245       2.7258       2.7025       2.7275       2.6840
                  2.7167       2.7467       2.7220       2.7100       2.7074
   1     80       2.6504       2.6520       2.6278       2.6532       2.6091
                  2.6425       2.6734       2.6479       2.6357       2.6330
   1    100       2.4108       2.4136       2.3864       2.4135       2.3668
                  2.4027       2.4366       2.4086       2.3958       2.3929
   2      0       2.7470       2.7451       2.7249       2.7485       2.7050
                  2.7370       2.7673       2.7439       2.7335       2.7292
   3      0       2.7256       2.7233       2.7004       2.7245       2.6824
                  2.7149       2.7450       2.7209       2.7093       2.7075
   4      0       2.7907       2.7871       2.7695       2.7895       2.7494
                  2.7791       2.8072       2.7871       2.7759       2.7719
   5      0       2.7283       2.7293       2.7045       2.7273       2.6885
                  2.7194       2.7500       2.7248       2.7117       2.7139
   5     60       2.7131       2.7142       2.6891       2.7121       2.6731
                  2.7042       2.7349       2.7096       2.6965       2.6987
   5     80       2.6230       2.6245       2.5982       2.6218       2.5821
                  2.6140       2.6457       2.6196       2.6063       2.6084
   5    100       2.4012       2.4037       2.3746       2.3996       2.3576
                  2.3918       2.4263       2.3981       2.3842       2.3860
 
 
 cumulative average & 95% error for solvation free energy
              total             1st component         2nd component         3rd component
  1     2.8168                0.1234               -0.0323                2.7256
  2     2.8245     0.0155     0.1355     0.0242    -0.0355     0.0065     2.7245     0.0023
  3     2.8140     0.0228     0.1340     0.0143    -0.0364     0.0042     2.7164     0.0161
  4     2.8122     0.0165     0.1315     0.0112    -0.0379     0.0041     2.7185     0.0121
  5     2.8103     0.0134     0.1334     0.0094    -0.0343     0.0077     2.7113     0.0172
  6     2.8103     0.0109     0.1339     0.0078    -0.0355     0.0067     2.7119     0.0141
  7     2.8148     0.0129     0.1333     0.0067    -0.0351     0.0057     2.7166     0.0152
  8     2.8154     0.0112     0.1346     0.0063    -0.0363     0.0055     2.7171     0.0132
  9     2.8161     0.0100     0.1348     0.0056    -0.0349     0.0055     2.7163     0.0118
 10     2.8161     0.0089     0.1352     0.0051    -0.0345     0.0050     2.7154     0.0107
