 ERmod 0.3.8, Copyright (C) 2000-2019 Nobuyuki Matubayasi
                            2010-2019 Shun Sakuraba
 ERmod comes with ABSOLUTELY NO WARRANTY.
 This is free software, and you can redistribute it
 and/or modify it under certain conditions.
 See LICENSE file for details.
 ERmod 0.3.8, Copyright (C) 2000-2019 Nobuyuki Matubayasi
                            2010-2019 Shun Sakuraba
 ERmod comes with ABSOLUTELY NO WARRANTY.
 This is free software, and you can redistribute it
 and/or modify it under certain conditions.
 See LICENSE file for details.
 
  Number of the   1-th solvent  =           90
  Number of the   2-th solvent  =           90
  Number of the   3-th solvent  =        10000
 
  Be sure that the solvent distribution is homogeneous (radial distribution function is essentially unity) when the solvent molecule is separated beyond distance of   10.0 Angstrom in any direction from any atom within the solute molecule
 
  LJ long-range correction    =        -0.0023     -0.0115     -0.5906
 
  Self-energy of the solute   =         0.0001  kcal/mol
 
 
 cumulative average & 95% error for solvation energy
              total             1st component         2nd component         3rd component
  1   -14.1503                0.2447               -0.3403              -14.0548
  2   -14.1605     0.0203     0.2329     0.0236    -0.3910     0.1014   -14.0025     0.1047
  3   -14.1416     0.0396     0.2323     0.0137    -0.3897     0.0586   -13.9843     0.0705
  4   -14.1389     0.0285     0.2357     0.0118    -0.3850     0.0425   -13.9897     0.0510
  5   -14.1482     0.0289     0.2334     0.0102    -0.3964     0.0401   -13.9852     0.0405
  6   -14.1512     0.0243     0.2335     0.0084    -0.3915     0.0342   -13.9932     0.0367
  7   -14.1448     0.0242     0.2340     0.0071    -0.3918     0.0289   -13.9871     0.0334
  8   -14.1486     0.0223     0.2348     0.0064    -0.3822     0.0315   -14.0013     0.0406
  9   -14.1468     0.0200     0.2345     0.0057    -0.3777     0.0292   -14.0037     0.0361
 10   -14.1537     0.0225     0.2346     0.0051    -0.3827     0.0280   -14.0057     0.0325
 
 
 group  inft  solvation free energy     error          difference
  total solvation free energy
   1      0          4.88728           0.01935           0.00412
   1     60          4.87771           0.01937          -0.00546
   1     80          4.77188           0.01964          -0.11128
   1    100          4.26235           0.02107          -0.62081
   2      0          4.87545           0.01911          -0.00772
   3      0          4.88316           0.01969           0.00000
   4      0          4.87551           0.01962          -0.00766
   5      0          4.92035           0.01866           0.03719
   5     60          4.90696           0.01868           0.02380
   5     80          4.76737           0.01900          -0.11579
   5    100          4.28613           0.02025          -0.59704
 
  contribution from  1-th solvent component
   1      0          0.26075           0.00573           0.00235
   1     60          0.26085           0.00573           0.00244
   1     80          0.26207           0.00579           0.00366
   1    100          0.26667           0.00607           0.00826
   2      0          0.25898           0.00569           0.00057
   3      0          0.25841           0.00554           0.00000
   4      0          0.25728           0.00533          -0.00113
   5      0          0.25759           0.00553          -0.00082
   5     60          0.25772           0.00554          -0.00069
   5     80          0.25926           0.00562           0.00085
   5    100          0.26309           0.00588           0.00468
 
  contribution from  2-th solvent component
   1      0         -0.14994           0.02118           0.00338
   1     60         -0.14997           0.02121           0.00336
   1     80         -0.15041           0.02150           0.00292
   1    100         -0.15313           0.02274           0.00020
   2      0         -0.15252           0.02061           0.00081
   3      0         -0.15333           0.02074           0.00000
   4      0         -0.15399           0.02038          -0.00066
   5      0         -0.15434           0.01993          -0.00102
   5     60         -0.15439           0.01996          -0.00106
   5     80         -0.15509           0.02031          -0.00176
   5    100         -0.15791           0.02140          -0.00458
 
  contribution from  3-th solvent component
   1      0          4.77642           0.02056          -0.00161
   1     60          4.76677           0.02057          -0.01126
   1     80          4.66017           0.02070          -0.11786
   1    100          4.14876           0.02150          -0.62927
   2      0          4.76893           0.01966          -0.00909
   3      0          4.77803           0.01942           0.00000
   4      0          4.77217           0.01934          -0.00586
   5      0          4.81705           0.01927           0.03902
   5     60          4.80357           0.01928           0.02555
   5     80          4.66314           0.01944          -0.11489
   5    100          4.18089           0.02011          -0.59714
 
 
 group  inft   Estimated free energy: total (kcal/mol)
   1      0       4.8804       4.8769       4.9100       4.9192       4.8649
                  4.8734       4.9194       4.9029       4.9050       4.8206
   1     60       4.8708       4.8673       4.9004       4.9097       4.8553
                  4.8638       4.9098       4.8935       4.8955       4.8109
   1     80       4.7651       4.7612       4.7944       4.8042       4.7491
                  4.7578       4.8041       4.7889       4.7899       4.7041
   1    100       4.2559       4.2499       4.2850       4.2964       4.2379
                  4.2472       4.2958       4.2845       4.2814       4.1894
   2      0       4.8677       4.8681       4.8974       4.9046       4.8478
                  4.8673       4.9079       4.8917       4.8923       4.8096
   3      0       4.8749       4.8746       4.9044       4.9120       4.8521
                  4.8756       4.9173       4.9019       4.9021       4.8168
   4      0       4.8655       4.8700       4.8956       4.9029       4.8422
                  4.8692       4.9095       4.8948       4.8955       4.8099
   5      0       4.9143       4.9114       4.9411       4.9511       4.8970
                  4.9042       4.9533       4.9349       4.9383       4.8578
   5     60       4.9009       4.8980       4.9277       4.9378       4.8836
                  4.8908       4.9400       4.9217       4.9249       4.8444
   5     80       4.7614       4.7580       4.7879       4.7986       4.7435
                  4.7510       4.8005       4.7837       4.7855       4.7035
   5    100       4.2805       4.2753       4.3068       4.3188       4.2607
                  4.2692       4.3203       4.3071       4.3050       4.2177
 
 group  inft   Estimated free energy: 1-th solvent contribution (kcal/mol)
   1      0       0.2688       0.2591       0.2539       0.2793       0.2581
                  0.2488       0.2663       0.2581       0.2516       0.2634
   1     60       0.2689       0.2592       0.2540       0.2795       0.2581
                  0.2489       0.2664       0.2582       0.2517       0.2635
   1     80       0.2703       0.2603       0.2552       0.2809       0.2593
                  0.2501       0.2676       0.2595       0.2528       0.2646
   1    100       0.2758       0.2644       0.2594       0.2864       0.2639
                  0.2544       0.2725       0.2646       0.2568       0.2684
   2      0       0.2668       0.2580       0.2522       0.2774       0.2562
                  0.2476       0.2650       0.2553       0.2496       0.2616
   3      0       0.2651       0.2572       0.2525       0.2765       0.2556
                  0.2472       0.2652       0.2546       0.2493       0.2608
   4      0       0.2631       0.2566       0.2506       0.2748       0.2544
                  0.2469       0.2637       0.2544       0.2484       0.2600
   5      0       0.2657       0.2557       0.2511       0.2753       0.2550
                  0.2468       0.2640       0.2535       0.2488       0.2599
   5     60       0.2658       0.2558       0.2512       0.2755       0.2551
                  0.2470       0.2642       0.2536       0.2490       0.2600
   5     80       0.2676       0.2572       0.2527       0.2773       0.2566
                  0.2484       0.2658       0.2553       0.2503       0.2614
   5    100       0.2723       0.2605       0.2562       0.2820       0.2605
                  0.2519       0.2699       0.2595       0.2536       0.2645
 
 group  inft   Estimated free energy: 2-th solvent contribution (kcal/mol)
   1      0      -0.1288      -0.1870      -0.1546      -0.1497      -0.1874
                 -0.1453      -0.1610      -0.0783      -0.1257      -0.1815
   1     60      -0.1288      -0.1870      -0.1546      -0.1498      -0.1874
                 -0.1454      -0.1611      -0.0782      -0.1257      -0.1816
   1     80      -0.1291      -0.1877      -0.1553      -0.1504      -0.1882
                 -0.1460      -0.1617      -0.0773      -0.1261      -0.1823
   1    100      -0.1311      -0.1916      -0.1589      -0.1539      -0.1921
                 -0.1495      -0.1655      -0.0741      -0.1283      -0.1862
   2      0      -0.1319      -0.1884      -0.1570      -0.1518      -0.1891
                 -0.1474      -0.1633      -0.0834      -0.1288      -0.1841
   3      0      -0.1321      -0.1899      -0.1575      -0.1524      -0.1898
                 -0.1478      -0.1651      -0.0836      -0.1304      -0.1847
   4      0      -0.1335      -0.1891      -0.1584      -0.1534      -0.1907
                 -0.1488      -0.1652      -0.0856      -0.1305      -0.1847
   5      0      -0.1334      -0.1902      -0.1582      -0.1529      -0.1899
                 -0.1499      -0.1651      -0.0883      -0.1312      -0.1843
   5     60      -0.1334      -0.1903      -0.1582      -0.1530      -0.1900
                 -0.1500      -0.1652      -0.0882      -0.1312      -0.1843
   5     80      -0.1339      -0.1913      -0.1592      -0.1539      -0.1911
                 -0.1509      -0.1662      -0.0872      -0.1318      -0.1854
   5    100      -0.1362      -0.1951      -0.1628      -0.1574      -0.1949
                 -0.1544      -0.1699      -0.0847      -0.1343      -0.1893
 
 group  inft   Estimated free energy: 3-th solvent contribution (kcal/mol)
   1      0       4.7403       4.8047       4.8106       4.7896       4.7942
                  4.7699       4.8141       4.7231       4.7791       4.7386
   1     60       4.7306       4.7951       4.8010       4.7800       4.7846
                  4.7602       4.8045       4.7134       4.7695       4.7289
   1     80       4.6238       4.6885       4.6945       4.6737       4.6779
                  4.6536       4.6982       4.6067       4.6631       4.6217
   1    100       4.1112       4.1771       4.1844       4.1639       4.1661
                  4.1422       4.1887       4.0941       4.1528       4.1071
   2      0       4.7327       4.7984       4.8022       4.7790       4.7806
                  4.7671       4.8061       4.7197       4.7714       4.7321
   3      0       4.7419       4.8072       4.8095       4.7878       4.7862
                  4.7762       4.8170       4.7308       4.7830       4.7406
   4      0       4.7359       4.8025       4.8033       4.7814       4.7784
                  4.7710       4.8109       4.7260       4.7776       4.7346
   5      0       4.7819       4.8459       4.8482       4.8286       4.8319
                  4.8072       4.8544       4.7697       4.8206       4.7821
   5     60       4.7684       4.8324       4.8347       4.8152       4.8184
                  4.7938       4.8409       4.7562       4.8071       4.7686
   5     80       4.6277       4.6921       4.6944       4.6751       4.6779
                  4.6535       4.7009       4.6155       4.6669       4.6274
   5    100       4.1443       4.2099       4.2133       4.1941       4.1951
                  4.1716       4.2202       4.1323       4.1856       4.1424
 
 
 cumulative average & 95% error for solvation free energy
              total             1st component         2nd component         3rd component
  1     4.8749                0.2651               -0.1321                4.7419
  2     4.8748     0.0004     0.2611     0.0079    -0.1610     0.0578     4.7746     0.0653
  3     4.8846     0.0198     0.2582     0.0074    -0.1598     0.0334     4.7862     0.0443
  4     4.8915     0.0196     0.2628     0.0105    -0.1580     0.0239     4.7866     0.0313
  5     4.8836     0.0219     0.2614     0.0086    -0.1643     0.0225     4.7865     0.0243
  6     4.8823     0.0181     0.2590     0.0085    -0.1616     0.0192     4.7848     0.0201
  7     4.8873     0.0182     0.2599     0.0074    -0.1621     0.0162     4.7894     0.0193
  8     4.8891     0.0162     0.2592     0.0065    -0.1523     0.0241     4.7821     0.0222
  9     4.8905     0.0146     0.2581     0.0062    -0.1498     0.0218     4.7822     0.0196
 10     4.8832     0.0197     0.2584     0.0055    -0.1533     0.0207     4.7780     0.0194
