 ERmod 0.3.8, Copyright (C) 2000-2019 Nobuyuki Matubayasi
                            2010-2019 Shun Sakuraba
 ERmod comes with ABSOLUTELY NO WARRANTY.
 This is free software, and you can redistribute it
 and/or modify it under certain conditions.
 See LICENSE file for details.
 ERmod 0.3.8, Copyright (C) 2000-2019 Nobuyuki Matubayasi
                            2010-2019 Shun Sakuraba
 ERmod comes with ABSOLUTELY NO WARRANTY.
 This is free software, and you can redistribute it
 and/or modify it under certain conditions.
 See LICENSE file for details.
 
  Number of the   1-th solvent  =           90
  Number of the   2-th solvent  =           90
  Number of the   3-th solvent  =        10000
 
  Be sure that the solvent distribution is homogeneous (radial distribution function is essentially unity) when the solvent molecule is separated beyond distance of   10.0 Angstrom in any direction from any atom within the solute molecule
 
  LJ long-range correction    =        -0.0005     -0.0037     -0.1187
 
  Self-energy of the solute   =         0.0000  kcal/mol
 
 
 cumulative average & 95% error for solvation energy
              total             1st component         2nd component         3rd component
  1    -3.5645                0.0196               -0.0851               -3.4990
  2    -3.5626     0.0037     0.0179     0.0035    -0.0866     0.0030    -3.4939     0.0102
  3    -3.5571     0.0113     0.0185     0.0024    -0.0853     0.0030    -3.4903     0.0094
  4    -3.5578     0.0081     0.0189     0.0019    -0.0852     0.0021    -3.4914     0.0070
  5    -3.5619     0.0103     0.0176     0.0029    -0.0862     0.0026    -3.4932     0.0065
  6    -3.5626     0.0085     0.0171     0.0026    -0.0861     0.0022    -3.4937     0.0054
  7    -3.5626     0.0072     0.0172     0.0022    -0.0828     0.0068    -3.4970     0.0080
  8    -3.5678     0.0121     0.0170     0.0019    -0.0798     0.0083    -3.5050     0.0175
  9    -3.5661     0.0113     0.0172     0.0017    -0.0794     0.0074    -3.5039     0.0155
 10    -3.5664     0.0101     0.0172     0.0016    -0.0783     0.0070    -3.5053     0.0142
 
 
 group  inft  solvation free energy     error          difference
  total solvation free energy
   1      0          2.59962           0.00803           0.01777
   1     60          2.58934           0.00803           0.00749
   1     80          2.52122           0.00820          -0.06064
   1    100          2.28533           0.00896          -0.29652
   2      0          2.60499           0.00729           0.02314
   3      0          2.58185           0.00755           0.00000
   4      0          2.64292           0.00691           0.06107
   5      0          2.58500           0.00766           0.00314
   5     60          2.57136           0.00767          -0.01049
   5     80          2.48759           0.00787          -0.09426
   5    100          2.26761           0.00856          -0.31425
 
  contribution from  1-th solvent component
   1      0          0.03945           0.00292           0.00280
   1     60          0.03946           0.00291           0.00282
   1     80          0.03980           0.00293           0.00316
   1    100          0.04031           0.00314           0.00367
   2      0          0.03727           0.00226           0.00063
   3      0          0.03664           0.00219           0.00000
   4      0          0.03572           0.00202          -0.00092
   5      0          0.03623           0.00216          -0.00041
   5     60          0.03628           0.00215          -0.00037
   5     80          0.03660           0.00217          -0.00005
   5    100          0.03683           0.00237           0.00018
 
  contribution from  2-th solvent component
   1      0          0.04417           0.00424           0.00327
   1     60          0.04405           0.00424           0.00314
   1     80          0.04316           0.00428           0.00225
   1    100          0.04028           0.00441          -0.00062
   2      0          0.04181           0.00406           0.00090
   3      0          0.04090           0.00414           0.00000
   4      0          0.04072           0.00360          -0.00018
   5      0          0.03976           0.00381          -0.00114
   5     60          0.03958           0.00381          -0.00132
   5     80          0.03846           0.00385          -0.00245
   5    100          0.03570           0.00393          -0.00520
 
  contribution from  3-th solvent component
   1      0          2.51600           0.00798           0.01170
   1     60          2.50583           0.00800           0.00153
   1     80          2.43825           0.00817          -0.06605
   1    100          2.20473           0.00880          -0.29957
   2      0          2.52591           0.00779           0.02161
   3      0          2.50430           0.00797           0.00000
   4      0          2.56648           0.00727           0.06218
   5      0          2.50900           0.00824           0.00470
   5     60          2.49550           0.00827          -0.00880
   5     80          2.41254           0.00847          -0.09177
   5    100          2.19507           0.00904          -0.30923
 
 
 group  inft   Estimated free energy: total (kcal/mol)
   1      0       2.6056       2.5941       2.6255       2.6049       2.5860
                  2.6018       2.6056       2.5810       2.6024       2.5893
   1     60       2.5953       2.5839       2.6152       2.5946       2.5757
                  2.5916       2.5953       2.5707       2.5921       2.5790
   1     80       2.5274       2.5156       2.5477       2.5265       2.5073
                  2.5237       2.5273       2.5023       2.5239       2.5104
   1    100       2.2926       2.2790       2.3140       2.2913       2.2701
                  2.2882       2.2920       2.2648       2.2879       2.2734
   2      0       2.6099       2.6006       2.6273       2.6091       2.5939
                  2.6084       2.6113       2.5870       2.6086       2.5938
   3      0       2.5848       2.5763       2.6044       2.5873       2.5719
                  2.5852       2.5897       2.5628       2.5864       2.5698
   4      0       2.6476       2.6387       2.6635       2.6472       2.6334
                  2.6452       2.6493       2.6250       2.6473       2.6320
   5      0       2.5862       2.5805       2.6087       2.5918       2.5758
                  2.5893       2.5909       2.5653       2.5887       2.5726
   5     60       2.5725       2.5669       2.5951       2.5781       2.5622
                  2.5758       2.5773       2.5517       2.5751       2.5589
   5     80       2.4889       2.4829       2.5119       2.4945       2.4782
                  2.4923       2.4937       2.4674       2.4912       2.4748
   5    100       2.2697       2.2622       2.2939       2.2754       2.2573
                  2.2728       2.2743       2.2456       2.2712       2.2538
 
 group  inft   Estimated free energy: 1-th solvent contribution (kcal/mol)
   1      0       0.0435       0.0379       0.0477       0.0445       0.0331
                  0.0364       0.0398       0.0342       0.0390       0.0384
   1     60       0.0435       0.0379       0.0477       0.0445       0.0331
                  0.0364       0.0398       0.0343       0.0390       0.0384
   1     80       0.0438       0.0382       0.0481       0.0449       0.0334
                  0.0368       0.0402       0.0345       0.0393       0.0388
   1    100       0.0448       0.0385       0.0490       0.0459       0.0335
                  0.0369       0.0408       0.0347       0.0398       0.0391
   2      0       0.0412       0.0361       0.0433       0.0411       0.0324
                  0.0353       0.0379       0.0330       0.0366       0.0359
   3      0       0.0400       0.0355       0.0427       0.0405       0.0322
                  0.0348       0.0374       0.0328       0.0359       0.0345
   4      0       0.0388       0.0346       0.0410       0.0396       0.0317
                  0.0340       0.0367       0.0320       0.0352       0.0336
   5      0       0.0393       0.0347       0.0425       0.0401       0.0321
                  0.0340       0.0370       0.0328       0.0355       0.0341
   5     60       0.0393       0.0348       0.0425       0.0401       0.0322
                  0.0341       0.0370       0.0329       0.0356       0.0342
   5     80       0.0397       0.0351       0.0429       0.0405       0.0325
                  0.0344       0.0373       0.0331       0.0359       0.0345
   5    100       0.0404       0.0351       0.0436       0.0411       0.0324
                  0.0343       0.0377       0.0330       0.0361       0.0345
 
 group  inft   Estimated free energy: 2-th solvent contribution (kcal/mol)
   1      0       0.0414       0.0365       0.0415       0.0414       0.0381
                  0.0383       0.0526       0.0567       0.0472       0.0480
   1     60       0.0413       0.0364       0.0413       0.0413       0.0379
                  0.0382       0.0525       0.0566       0.0471       0.0479
   1     80       0.0403       0.0354       0.0404       0.0403       0.0370
                  0.0373       0.0516       0.0559       0.0462       0.0470
   1    100       0.0374       0.0324       0.0374       0.0374       0.0340
                  0.0343       0.0488       0.0535       0.0434       0.0442
   2      0       0.0391       0.0346       0.0392       0.0387       0.0359
                  0.0367       0.0497       0.0542       0.0451       0.0450
   3      0       0.0380       0.0334       0.0385       0.0373       0.0353
                  0.0352       0.0494       0.0527       0.0449       0.0443
   4      0       0.0392       0.0338       0.0383       0.0377       0.0355
                  0.0361       0.0473       0.0515       0.0439       0.0438
   5      0       0.0374       0.0329       0.0370       0.0362       0.0346
                  0.0347       0.0468       0.0507       0.0441       0.0432
   5     60       0.0372       0.0327       0.0368       0.0360       0.0345
                  0.0345       0.0466       0.0506       0.0439       0.0430
   5     80       0.0361       0.0315       0.0357       0.0348       0.0333
                  0.0333       0.0455       0.0496       0.0428       0.0419
   5    100       0.0333       0.0287       0.0329       0.0320       0.0304
                  0.0305       0.0428       0.0472       0.0401       0.0392
 
 group  inft   Estimated free energy: 3-th solvent contribution (kcal/mol)
   1      0       2.5207       2.5198       2.5363       2.5189       2.5148
                  2.5271       2.5132       2.4901       2.5162       2.5028
   1     60       2.5105       2.5096       2.5262       2.5088       2.5047
                  2.5170       2.5030       2.4799       2.5060       2.4926
   1     80       2.4432       2.4419       2.4592       2.4413       2.4369
                  2.4496       2.4355       2.4119       2.4383       2.4246
   1    100       2.2103       2.2081       2.2275       2.2081       2.2026
                  2.2170       2.2023       2.1766       2.2047       2.1901
   2      0       2.5296       2.5299       2.5448       2.5293       2.5256
                  2.5364       2.5238       2.4998       2.5269       2.5130
   3      0       2.5068       2.5073       2.5233       2.5095       2.5043
                  2.5152       2.5028       2.4773       2.5056       2.4909
   4      0       2.5695       2.5703       2.5842       2.5699       2.5662
                  2.5750       2.5653       2.5416       2.5682       2.5547
   5      0       2.5094       2.5130       2.5291       2.5155       2.5091
                  2.5206       2.5072       2.4818       2.5091       2.4953
   5     60       2.4959       2.4995       2.5157       2.5020       2.4956
                  2.5072       2.4937       2.4682       2.4955       2.4817
   5     80       2.4131       2.4163       2.4333       2.4192       2.4124
                  2.4246       2.4109       2.3847       2.4125       2.3984
   5    100       2.1961       2.1984       2.2174       2.2022       2.1944
                  2.2080       2.1938       2.1654       2.1950       2.1801
 
 
 cumulative average & 95% error for solvation free energy
              total             1st component         2nd component         3rd component
  1     2.5848                0.0400                0.0380                2.5068
  2     2.5805     0.0085     0.0378     0.0045     0.0357     0.0045     2.5071     0.0005
  3     2.5885     0.0167     0.0394     0.0042     0.0366     0.0032     2.5125     0.0108
  4     2.5882     0.0118     0.0397     0.0030     0.0368     0.0023     2.5117     0.0078
  5     2.5849     0.0112     0.0382     0.0038     0.0365     0.0019     2.5102     0.0067
  6     2.5850     0.0092     0.0376     0.0033     0.0363     0.0016     2.5111     0.0057
  7     2.5856     0.0079     0.0376     0.0028     0.0382     0.0040     2.5099     0.0054
  8     2.5828     0.0089     0.0370     0.0027     0.0400     0.0050     2.5058     0.0094
  9     2.5832     0.0079     0.0369     0.0024     0.0405     0.0045     2.5058     0.0083
 10     2.5819     0.0075     0.0366     0.0022     0.0409     0.0041     2.5043     0.0080
