 ERmod 0.3.8, Copyright (C) 2000-2019 Nobuyuki Matubayasi
                            2010-2019 Shun Sakuraba
 ERmod comes with ABSOLUTELY NO WARRANTY.
 This is free software, and you can redistribute it
 and/or modify it under certain conditions.
 See LICENSE file for details.
 ERmod 0.3.8, Copyright (C) 2000-2019 Nobuyuki Matubayasi
                            2010-2019 Shun Sakuraba
 ERmod comes with ABSOLUTELY NO WARRANTY.
 This is free software, and you can redistribute it
 and/or modify it under certain conditions.
 See LICENSE file for details.
 
  Number of the   1-th solvent  =          180
  Number of the   2-th solvent  =          180
  Number of the   3-th solvent  =        10000
 
  Be sure that the solvent distribution is homogeneous (radial distribution function is essentially unity) when the solvent molecule is separated beyond distance of   10.0 Angstrom in any direction from any atom within the solute molecule
 
  LJ long-range correction    =        -0.0117     -0.0290     -0.4670
 
  Self-energy of the solute   =         0.0001  kcal/mol
 
 
 cumulative average & 95% error for solvation energy
              total             1st component         2nd component         3rd component
  1   -11.9300                0.2837               -0.7366              -11.4772
  2   -11.9859     0.1118     0.2963     0.0250    -0.6995     0.0742   -11.5828     0.2111
  3   -11.9606     0.0821     0.2721     0.0503    -0.7436     0.0981   -11.4892     0.2233
  4   -11.9477     0.0635     0.2682     0.0365    -0.7466     0.0696   -11.4693     0.1628
  5   -11.9349     0.0555     0.2490     0.0476    -0.7764     0.0803   -11.4076     0.1765
  6   -11.9263     0.0484     0.2510     0.0390    -0.7817     0.0665   -11.3957     0.1461
  7   -11.9356     0.0449     0.2609     0.0384    -0.7626     0.0679   -11.4339     0.1451
  8   -11.9383     0.0392     0.2700     0.0380    -0.7518     0.0627   -11.4566     0.1336
  9   -11.9429     0.0358     0.2701     0.0335    -0.7482     0.0557   -11.4648     0.1190
 10   -11.9424     0.0320     0.2674     0.0305    -0.7551     0.0517   -11.4548     0.1083
 
 
 group  inft  solvation free energy     error          difference
  total solvation free energy
   1      0          4.12616           0.01586           0.00424
   1     60          4.11050           0.01590          -0.01143
   1     80          3.97795           0.01621          -0.14398
   1    100          3.45233           0.01753          -0.66960
   2      0          4.11419           0.01609          -0.00774
   3      0          4.12193           0.01593           0.00000
   4      0          4.11941           0.01584          -0.00252
   5      0          4.15997           0.01524           0.03805
   5     60          4.13871           0.01529           0.01678
   5     80          3.97043           0.01572          -0.15150
   5    100          3.48008           0.01700          -0.64184
 
  contribution from  1-th solvent component
   1      0          0.54059           0.02017           0.00458
   1     60          0.54071           0.02023           0.00470
   1     80          0.54099           0.02078           0.00498
   1    100          0.53831           0.02273           0.00229
   2      0          0.53744           0.01988           0.00143
   3      0          0.53601           0.01980           0.00000
   4      0          0.53508           0.01946          -0.00094
   5      0          0.53491           0.01958          -0.00111
   5     60          0.53502           0.01965          -0.00099
   5     80          0.53497           0.02031          -0.00104
   5    100          0.53185           0.02201          -0.00416
 
  contribution from  2-th solvent component
   1      0         -0.21128           0.02330           0.00427
   1     60         -0.21161           0.02331           0.00395
   1     80         -0.21429           0.02340           0.00127
   1    100         -0.22469           0.02371          -0.00914
   2      0         -0.21462           0.02341           0.00093
   3      0         -0.21555           0.02329           0.00000
   4      0         -0.21686           0.02311          -0.00130
   5      0         -0.21570           0.02246          -0.00014
   5     60         -0.21614           0.02247          -0.00059
   5     80         -0.21965           0.02257          -0.00410
   5    100         -0.22956           0.02280          -0.01400
 
  contribution from  3-th solvent component
   1      0          3.79680           0.04547          -0.00461
   1     60          3.78134           0.04550          -0.02007
   1     80          3.65119           0.04570          -0.15023
   1    100          3.13867           0.04634          -0.66275
   2      0          3.79132           0.04441          -0.01010
   3      0          3.80142           0.04445           0.00000
   4      0          3.80114           0.04350          -0.00028
   5      0          3.84071           0.04313           0.03930
   5     60          3.81978           0.04317           0.01836
   5     80          3.65505           0.04341          -0.14637
   5    100          3.17774           0.04403          -0.62368
 
 
 group  inft   Estimated free energy: total (kcal/mol)
   1      0       4.1310       4.0771       4.1145       4.1336       4.1297
                  4.1666       4.1357       4.1534       4.1057       4.1145
   1     60       4.1153       4.0614       4.0987       4.1179       4.1139
                  4.1510       4.1203       4.1379       4.0900       4.0988
   1     80       3.9823       3.9288       3.9651       3.9849       3.9805
                  4.0189       3.9892       4.0073       3.9570       3.9656
   1    100       3.4557       3.4027       3.4358       3.4583       3.4513
                  3.4943       3.4689       3.4892       3.4295       3.4376
   2      0       4.1195       4.0622       4.0988       4.1227       4.1148
                  4.1500       4.1289       4.1437       4.0957       4.1058
   3      0       4.1293       4.0684       4.1075       4.1325       4.1219
                  4.1538       4.1366       4.1504       4.1019       4.1167
   4      0       4.1277       4.0668       4.1033       4.1283       4.1186
                  4.1517       4.1350       4.1480       4.1011       4.1136
   5      0       4.1620       4.1145       4.1451       4.1676       4.1620
                  4.1971       4.1725       4.1887       4.1393       4.1510
   5     60       4.1407       4.0932       4.1237       4.1462       4.1406
                  4.1759       4.1515       4.1677       4.1180       4.1297
   5     80       3.9720       3.9247       3.9542       3.9776       3.9713
                  4.0081       3.9849       4.0016       3.9492       3.9607
   5    100       3.4809       3.4336       3.4609       3.4866       3.4779
                  3.5188       3.4991       3.5176       3.4572       3.4683
 
 group  inft   Estimated free energy: 1-th solvent contribution (kcal/mol)
   1      0       0.5494       0.5608       0.5122       0.5262       0.4834
                  0.5415       0.5732       0.5962       0.5369       0.5260
   1     60       0.5495       0.5610       0.5122       0.5263       0.4834
                  0.5416       0.5735       0.5965       0.5370       0.5261
   1     80       0.5495       0.5621       0.5115       0.5259       0.4826
                  0.5420       0.5750       0.5984       0.5371       0.5258
   1    100       0.5461       0.5621       0.5058       0.5208       0.4765
                  0.5389       0.5764       0.6019       0.5338       0.5209
   2      0       0.5461       0.5567       0.5089       0.5233       0.4810
                  0.5392       0.5703       0.5917       0.5340       0.5231
   3      0       0.5455       0.5554       0.5074       0.5222       0.4793
                  0.5377       0.5686       0.5895       0.5325       0.5221
   4      0       0.5445       0.5537       0.5071       0.5210       0.4794
                  0.5367       0.5671       0.5878       0.5320       0.5216
   5      0       0.5442       0.5547       0.5062       0.5214       0.4790
                  0.5364       0.5671       0.5875       0.5317       0.5208
   5     60       0.5443       0.5549       0.5062       0.5214       0.4789
                  0.5366       0.5674       0.5878       0.5318       0.5208
   5     80       0.5439       0.5558       0.5051       0.5205       0.4777
                  0.5366       0.5688       0.5898       0.5315       0.5200
   5    100       0.5402       0.5550       0.4994       0.5152       0.4716
                  0.5333       0.5693       0.5921       0.5278       0.5148
 
 group  inft   Estimated free energy: 2-th solvent contribution (kcal/mol)
   1      0      -0.2053      -0.1617      -0.2458      -0.2126      -0.2709
                 -0.2349      -0.1631      -0.1811      -0.1957      -0.2418
   1     60      -0.2056      -0.1619      -0.2462      -0.2129      -0.2712
                 -0.2352      -0.1634      -0.1814      -0.1960      -0.2422
   1     80      -0.2084      -0.1644      -0.2490      -0.2157      -0.2740
                 -0.2380      -0.1658      -0.1839      -0.1988      -0.2450
   1    100      -0.2190      -0.1739      -0.2598      -0.2262      -0.2849
                 -0.2488      -0.1753      -0.1938      -0.2094      -0.2558
   2      0      -0.2077      -0.1652      -0.2497      -0.2160      -0.2748
                 -0.2385      -0.1668      -0.1843      -0.1980      -0.2452
   3      0      -0.2085      -0.1664      -0.2507      -0.2162      -0.2757
                 -0.2392      -0.1676      -0.1865      -0.1991      -0.2457
   4      0      -0.2099      -0.1681      -0.2518      -0.2175      -0.2759
                 -0.2408      -0.1697      -0.1875      -0.2000      -0.2474
   5      0      -0.2092      -0.1670      -0.2501      -0.2174      -0.2729
                 -0.2377      -0.1695      -0.1875      -0.2008      -0.2449
   5     60      -0.2097      -0.1674      -0.2505      -0.2178      -0.2733
                 -0.2381      -0.1699      -0.1879      -0.2012      -0.2454
   5     80      -0.2133      -0.1707      -0.2542      -0.2214      -0.2770
                 -0.2417      -0.1732      -0.1913      -0.2048      -0.2491
   5    100      -0.2234      -0.1799      -0.2644      -0.2314      -0.2872
                 -0.2519      -0.1823      -0.2009      -0.2148      -0.2593
 
 group  inft   Estimated free energy: 3-th solvent contribution (kcal/mol)
   1      0       3.7868       3.6779       3.8481       3.8199       3.9170
                  3.8599       3.7256       3.7382       3.7644       3.8302
   1     60       3.7714       3.6623       3.8326       3.8045       3.9016
                  3.8445       3.7101       3.7227       3.7489       3.8148
   1     80       3.6411       3.5310       3.7025       3.6746       3.7718
                  3.7149       3.5800       3.5927       3.6185       3.6848
   1    100       3.1286       3.0145       3.1898       3.1637       3.2596
                  3.2041       3.0678       3.0811       3.1050       3.1725
   2      0       3.7811       3.6706       3.8395       3.8153       3.9085
                  3.8492       3.7254       3.7362       3.7597       3.8278
   3      0       3.7922       3.6793       3.8507       3.8265       3.9183
                  3.8553       3.7356       3.7474       3.7685       3.8403
   4      0       3.7930       3.6812       3.8481       3.8247       3.9151
                  3.8557       3.7375       3.7477       3.7690       3.8394
   5      0       3.8270       3.7267       3.8889       3.8635       3.9558
                  3.8983       3.7748       3.7887       3.8083       3.8751
   5     60       3.8060       3.7056       3.8679       3.8426       3.9349
                  3.8774       3.7539       3.7678       3.7873       3.8542
   5     80       3.6412       3.5395       3.7032       3.6784       3.7705
                  3.7132       3.5892       3.6031       3.6223       3.6897
   5    100       3.1641       3.0584       3.2259       3.2028       3.2934
                  3.2374       3.1121       3.1263       3.1442       3.2128
 
 
 cumulative average & 95% error for solvation free energy
              total             1st component         2nd component         3rd component
  1     4.1293                0.5455               -0.2085                3.7922
  2     4.0989     0.0608     0.5505     0.0099    -0.1874     0.0421     3.7358     0.1128
  3     4.1018     0.0356     0.5361     0.0293    -0.2085     0.0487     3.7741     0.1006
  4     4.1095     0.0295     0.5326     0.0218    -0.2104     0.0346     3.7872     0.0758
  5     4.1119     0.0234     0.5220     0.0272    -0.2235     0.0374     3.8134     0.0787
  6     4.1189     0.0237     0.5246     0.0228    -0.2261     0.0310     3.8204     0.0658
  7     4.1215     0.0206     0.5309     0.0230    -0.2178     0.0311     3.8083     0.0606
  8     4.1251     0.0193     0.5382     0.0248    -0.2139     0.0280     3.8007     0.0547
  9     4.1225     0.0178     0.5376     0.0219    -0.2122     0.0249     3.7971     0.0488
 10     4.1219     0.0159     0.5360     0.0198    -0.2156     0.0233     3.8014     0.0445
