 ERmod 0.3.8, Copyright (C) 2000-2019 Nobuyuki Matubayasi
                            2010-2019 Shun Sakuraba
 ERmod comes with ABSOLUTELY NO WARRANTY.
 This is free software, and you can redistribute it
 and/or modify it under certain conditions.
 See LICENSE file for details.
 ERmod 0.3.8, Copyright (C) 2000-2019 Nobuyuki Matubayasi
                            2010-2019 Shun Sakuraba
 ERmod comes with ABSOLUTELY NO WARRANTY.
 This is free software, and you can redistribute it
 and/or modify it under certain conditions.
 See LICENSE file for details.
 
  Number of the   1-th solvent  =           90
  Number of the   2-th solvent  =           90
  Number of the   3-th solvent  =        10000
 
  Be sure that the solvent distribution is homogeneous (radial distribution function is essentially unity) when the solvent molecule is separated beyond distance of   10.0 Angstrom in any direction from any atom within the solute molecule
 
  LJ long-range correction    =        -0.0012     -0.0060     -0.3086
 
  Self-energy of the solute   =         0.0000  kcal/mol
 
 
 cumulative average & 95% error for solvation energy
              total             1st component         2nd component         3rd component
  1    -8.1248                0.0955               -0.2084               -8.0119
  2    -8.1310     0.0125     0.0948     0.0014    -0.1824     0.0520    -8.0435     0.0630
  3    -8.1307     0.0072     0.0967     0.0038    -0.1846     0.0303    -8.0427     0.0364
  4    -8.1282     0.0071     0.0960     0.0030    -0.1918     0.0258    -8.0324     0.0331
  5    -8.1283     0.0055     0.0958     0.0024    -0.1924     0.0200    -8.0317     0.0256
  6    -8.1271     0.0052     0.0965     0.0024    -0.1887     0.0180    -8.0350     0.0219
  7    -8.1269     0.0044     0.0969     0.0022    -0.1888     0.0152    -8.0351     0.0185
  8    -8.1245     0.0061     0.0982     0.0031    -0.1891     0.0132    -8.0336     0.0163
  9    -8.1277     0.0084     0.0979     0.0028    -0.1893     0.0116    -8.0364     0.0154
 10    -8.1244     0.0101     0.0981     0.0025    -0.1888     0.0104    -8.0336     0.0149
 
 
 group  inft  solvation free energy     error          difference
  total solvation free energy
   1      0          3.38423           0.01070          -0.00904
   1     60          3.37604           0.01072          -0.01722
   1     80          3.29926           0.01089          -0.09400
   1    100          2.97463           0.01168          -0.41863
   2      0          3.38017           0.01039          -0.01309
   3      0          3.39326           0.01029           0.00000
   4      0          3.39982           0.01050           0.00656
   5      0          3.45195           0.00988           0.05869
   5     60          3.44069           0.00990           0.04743
   5     80          3.34263           0.01010          -0.05063
   5    100          3.03856           0.01079          -0.35470
 
  contribution from  1-th solvent component
   1      0          0.12330           0.00428           0.00216
   1     60          0.12334           0.00428           0.00220
   1     80          0.12387           0.00433           0.00273
   1    100          0.12549           0.00456           0.00436
   2      0          0.12168           0.00409           0.00055
   3      0          0.12113           0.00414           0.00000
   4      0          0.12012           0.00417          -0.00101
   5      0          0.12091           0.00405          -0.00023
   5     60          0.12096           0.00405          -0.00017
   5     80          0.12151           0.00411           0.00038
   5    100          0.12268           0.00434           0.00154
 
  contribution from  2-th solvent component
   1      0         -0.04183           0.00860           0.00243
   1     60         -0.04186           0.00862           0.00240
   1     80         -0.04231           0.00873           0.00195
   1    100         -0.04451           0.00915          -0.00025
   2      0         -0.04343           0.00834           0.00083
   3      0         -0.04426           0.00826           0.00000
   4      0         -0.04482           0.00819          -0.00056
   5      0         -0.04539           0.00796          -0.00114
   5     60         -0.04545           0.00797          -0.00119
   5     80         -0.04609           0.00810          -0.00183
   5    100         -0.04830           0.00847          -0.00404
 
  contribution from  3-th solvent component
   1      0          3.30274           0.00993          -0.01363
   1     60          3.29454           0.00994          -0.02183
   1     80          3.21767           0.01006          -0.09869
   1    100          2.89362           0.01066          -0.42274
   2      0          3.30190           0.00979          -0.01446
   3      0          3.31636           0.00954           0.00000
   4      0          3.32449           0.00966           0.00813
   5      0          3.37642           0.00940           0.06005
   5     60          3.36516           0.00941           0.04879
   5     80          3.26718           0.00956          -0.04918
   5    100          2.96416           0.01012          -0.35220
 
 
 group  inft   Estimated free energy: total (kcal/mol)
   1      0       3.3696       3.3875       3.3820       3.3814       3.3705
                  3.3789       3.3976       3.4040       3.3575       3.4132
   1     60       3.3614       3.3793       3.3738       3.3732       3.3623
                  3.3707       3.3895       3.3958       3.3493       3.4050
   1     80       3.2840       3.3029       3.2970       3.2963       3.2852
                  3.2939       3.3130       3.3195       3.2723       3.3286
   1    100       2.9575       2.9792       2.9721       2.9711       2.9596
                  2.9690       2.9894       2.9965       2.9461       3.0058
   2      0       3.3653       3.3833       3.3786       3.3774       3.3665
                  3.3747       3.3940       3.4011       3.3545       3.4064
   3      0       3.3778       3.3962       3.3927       3.3902       3.3794
                  3.3891       3.4066       3.4133       3.3679       3.4195
   4      0       3.3830       3.4034       3.3991       3.3965       3.3857
                  3.3949       3.4140       3.4211       3.3748       3.4258
   5      0       3.4382       3.4537       3.4502       3.4478       3.4413
                  3.4481       3.4657       3.4710       3.4263       3.4773
   5     60       3.4268       3.4424       3.4389       3.4366       3.4300
                  3.4368       3.4544       3.4598       3.4150       3.4661
   5     80       3.3282       3.3447       3.3408       3.3383       3.3316
                  3.3386       3.3567       3.3623       3.3166       3.3684
   5    100       3.0228       3.0413       3.0362       3.0337       3.0267
                  3.0342       3.0537       3.0598       3.0112       3.0659
 
 group  inft   Estimated free energy: 1-th solvent contribution (kcal/mol)
   1      0       0.1268       0.1134       0.1271       0.1171       0.1182
                  0.1205       0.1289       0.1352       0.1182       0.1275
   1     60       0.1269       0.1135       0.1271       0.1172       0.1183
                  0.1206       0.1290       0.1352       0.1182       0.1275
   1     80       0.1274       0.1139       0.1277       0.1176       0.1188
                  0.1211       0.1296       0.1359       0.1187       0.1280
   1    100       0.1288       0.1149       0.1297       0.1185       0.1204
                  0.1231       0.1315       0.1382       0.1201       0.1297
   2      0       0.1257       0.1124       0.1254       0.1157       0.1163
                  0.1190       0.1276       0.1328       0.1172       0.1248
   3      0       0.1250       0.1115       0.1252       0.1152       0.1159
                  0.1187       0.1272       0.1321       0.1162       0.1244
   4      0       0.1242       0.1106       0.1241       0.1136       0.1145
                  0.1177       0.1262       0.1312       0.1157       0.1233
   5      0       0.1253       0.1116       0.1236       0.1146       0.1158
                  0.1188       0.1267       0.1319       0.1167       0.1240
   5     60       0.1254       0.1116       0.1237       0.1146       0.1158
                  0.1189       0.1268       0.1320       0.1168       0.1241
   5     80       0.1259       0.1120       0.1242       0.1150       0.1164
                  0.1195       0.1274       0.1328       0.1173       0.1246
   5    100       0.1270       0.1126       0.1257       0.1155       0.1174
                  0.1210       0.1289       0.1347       0.1182       0.1258
 
 group  inft   Estimated free energy: 2-th solvent contribution (kcal/mol)
   1      0      -0.0554      -0.0091      -0.0440      -0.0570      -0.0472
                 -0.0309      -0.0431      -0.0465      -0.0432      -0.0418
   1     60      -0.0554      -0.0091      -0.0440      -0.0571      -0.0473
                 -0.0310      -0.0432      -0.0465      -0.0432      -0.0419
   1     80      -0.0559      -0.0090      -0.0446      -0.0576      -0.0478
                 -0.0313      -0.0436      -0.0471      -0.0438      -0.0424
   1    100      -0.0585      -0.0092      -0.0470      -0.0603      -0.0503
                 -0.0333      -0.0460      -0.0495      -0.0462      -0.0448
   2      0      -0.0567      -0.0119      -0.0453      -0.0588      -0.0482
                 -0.0328      -0.0447      -0.0478      -0.0447      -0.0434
   3      0      -0.0571      -0.0129      -0.0460      -0.0592      -0.0494
                 -0.0338      -0.0455      -0.0489      -0.0453      -0.0444
   4      0      -0.0578      -0.0137      -0.0462      -0.0597      -0.0496
                 -0.0348      -0.0462      -0.0494      -0.0460      -0.0448
   5      0      -0.0577      -0.0150      -0.0471      -0.0601      -0.0499
                 -0.0360      -0.0464      -0.0501      -0.0464      -0.0454
   5     60      -0.0577      -0.0150      -0.0471      -0.0602      -0.0499
                 -0.0360      -0.0465      -0.0501      -0.0464      -0.0455
   5     80      -0.0585      -0.0151      -0.0479      -0.0610      -0.0507
                 -0.0366      -0.0472      -0.0509      -0.0471      -0.0462
   5    100      -0.0609      -0.0156      -0.0503      -0.0635      -0.0532
                 -0.0386      -0.0495      -0.0533      -0.0495      -0.0486
 
 group  inft   Estimated free energy: 3-th solvent contribution (kcal/mol)
   1      0       3.2981       3.2831       3.2989       3.3213       3.2994
                  3.2893       3.3118       3.3153       3.2825       3.3275
   1     60       3.2899       3.2749       3.2907       3.3131       3.2912
                  3.2811       3.3036       3.3071       3.2743       3.3194
   1     80       3.2126       3.1980       3.2139       3.2363       3.2142
                  3.2040       3.2270       3.2306       3.1973       3.2429
   1    100       2.8872       2.8735       2.8894       2.9128       2.8895
                  2.8792       2.9039       2.9078       2.8722       2.9208
   2      0       3.2963       3.2828       3.2984       3.3205       3.2984
                  3.2884       3.3110       3.3161       3.2821       3.3250
   3      0       3.3099       3.2976       3.3135       3.3342       3.3129
                  3.3041       3.3248       3.3300       3.2970       3.3395
   4      0       3.3166       3.3064       3.3212       3.3426       3.3208
                  3.3120       3.3339       3.3393       3.3050       3.3472
   5      0       3.3705       3.3571       3.3736       3.3934       3.3754
                  3.3652       3.3853       3.3891       3.3559       3.3987
   5     60       3.3592       3.3458       3.3624       3.3821       3.3641
                  3.3539       3.3741       3.3779       3.3446       3.3874
   5     80       3.2607       3.2478       3.2643       3.2843       3.2659
                  3.2556       3.2764       3.2803       3.2465       3.2899
   5    100       2.9568       2.9443       2.9608       2.9817       2.9625
                  2.9518       2.9742       2.9784       2.9425       2.9887
 
 
 cumulative average & 95% error for solvation free energy
              total             1st component         2nd component         3rd component
  1     3.3778                0.1250               -0.0571                3.3099
  2     3.3870     0.0184     0.1182     0.0135    -0.0350     0.0442     3.3038     0.0123
  3     3.3889     0.0113     0.1205     0.0091    -0.0387     0.0265     3.3070     0.0096
  4     3.3892     0.0080     0.1192     0.0069    -0.0438     0.0214     3.3138     0.0152
  5     3.3872     0.0074     0.1185     0.0055    -0.0449     0.0167     3.3136     0.0118
  6     3.3876     0.0060     0.1186     0.0045    -0.0431     0.0142     3.3121     0.0101
  7     3.3903     0.0075     0.1198     0.0046    -0.0434     0.0120     3.3139     0.0093
  8     3.3932     0.0087     0.1213     0.0050    -0.0441     0.0105     3.3159     0.0090
  9     3.3903     0.0095     0.1208     0.0046    -0.0442     0.0092     3.3138     0.0090
 10     3.3933     0.0103     0.1211     0.0041    -0.0443     0.0083     3.3164     0.0095
