 ERmod 0.3.8, Copyright (C) 2000-2019 Nobuyuki Matubayasi
                            2010-2019 Shun Sakuraba
 ERmod comes with ABSOLUTELY NO WARRANTY.
 This is free software, and you can redistribute it
 and/or modify it under certain conditions.
 See LICENSE file for details.
 ERmod 0.3.8, Copyright (C) 2000-2019 Nobuyuki Matubayasi
                            2010-2019 Shun Sakuraba
 ERmod comes with ABSOLUTELY NO WARRANTY.
 This is free software, and you can redistribute it
 and/or modify it under certain conditions.
 See LICENSE file for details.
 
  Number of the   1-th solvent  =          180
  Number of the   2-th solvent  =          180
  Number of the   3-th solvent  =        10000
 
  Be sure that the solvent distribution is homogeneous (radial distribution function is essentially unity) when the solvent molecule is separated beyond distance of   10.0 Angstrom in any direction from any atom within the solute molecule
 
  LJ long-range correction    =        -0.0028     -0.0065     -0.3534
 
  Self-energy of the solute   =        -0.0002  kcal/mol
 
 
 cumulative average & 95% error for solvation energy
              total             1st component         2nd component         3rd component
  1   -20.5564               -0.1367               -0.6591              -19.7605
  2   -20.8444     0.5760    -0.3067     0.3400    -1.2648     1.2115   -19.2727     0.9755
  3   -20.8145     0.3379    -0.4257     0.3086    -1.0482     0.8227   -19.3404     0.5793
  4   -20.7806     0.2483    -0.7060     0.6014    -0.8614     0.6914   -19.2131     0.4823
  5   -20.7633     0.1954    -0.7719     0.4841    -0.8204     0.5418   -19.1709     0.3830
  6   -20.7288     0.1739    -0.6341     0.4819    -0.7826     0.4488   -19.3119     0.4212
  7   -20.7329     0.1472    -0.4994     0.4883    -0.9201     0.4685   -19.3133     0.3560
  8   -20.7037     0.1402    -0.4587     0.4306    -0.8706     0.4177   -19.3743     0.3316
  9   -20.7159     0.1260    -0.5653     0.4356    -0.8589     0.3691   -19.2915     0.3362
 10   -20.7015     0.1163    -0.5155     0.4022    -0.8085     0.3452   -19.3774     0.3463
 
 
 group  inft  solvation free energy     error          difference
  total solvation free energy
   1      0         -2.27781           0.10394           0.02141
   1     60         -2.29288           0.10395           0.00634
   1     80         -2.42236           0.10408          -0.12314
   1    100         -2.91741           0.10419          -0.61819
   2      0         -2.29056           0.10448           0.00866
   3      0         -2.29922           0.10428           0.00000
   4      0         -2.29914           0.10354           0.00008
   5      0         -2.30069           0.09996          -0.00147
   5     60         -2.32125           0.09997          -0.02203
   5     80         -2.48405           0.10009          -0.18483
   5    100         -2.94239           0.10016          -0.64317
 
  contribution from  1-th solvent component
   1      0         -0.04679           0.23263           0.01987
   1     60         -0.04672           0.23264           0.01994
   1     80         -0.04670           0.23275           0.01996
   1    100         -0.04746           0.23325           0.01920
   2      0         -0.05939           0.23313           0.00727
   3      0         -0.06666           0.23096           0.00000
   4      0         -0.06934           0.23109          -0.00268
   5      0         -0.06855           0.22858          -0.00189
   5     60         -0.06848           0.22858          -0.00182
   5     80         -0.06867           0.22870          -0.00201
   5    100         -0.07002           0.22912          -0.00336
 
  contribution from  2-th solvent component
   1      0         -0.52801           0.18485          -0.00279
   1     60         -0.52769           0.18486          -0.00247
   1     80         -0.52657           0.18498          -0.00135
   1    100         -0.52580           0.18543          -0.00058
   2      0         -0.52634           0.18504          -0.00112
   3      0         -0.52522           0.18609           0.00000
   4      0         -0.52736           0.18487          -0.00214
   5      0         -0.52526           0.18511          -0.00004
   5     60         -0.52489           0.18512           0.00033
   5     80         -0.52385           0.18527           0.00136
   5    100         -0.52392           0.18567           0.00130
 
  contribution from  3-th solvent component
   1      0         -1.70285           0.19881           0.00433
   1     60         -1.71830           0.19882          -0.01112
   1     80         -1.84894           0.19897          -0.14175
   1    100         -2.34399           0.20004          -0.63681
   2      0         -1.70466           0.19844           0.00252
   3      0         -1.70718           0.19859           0.00000
   4      0         -1.70228           0.19754           0.00491
   5      0         -1.70673           0.19823           0.00045
   5     60         -1.72771           0.19824          -0.02053
   5     80         -1.89136           0.19845          -0.18418
   5    100         -2.34829           0.19942          -0.64111
 
 
 group  inft   Estimated free energy: total (kcal/mol)
   1      0      -2.1017      -2.5905      -2.4920      -2.2928      -2.2952
                 -2.1693      -2.2186      -2.1217      -2.3632      -2.1331
   1     60      -2.1168      -2.6056      -2.5070      -2.3080      -2.3103
                 -2.1845      -2.2336      -2.1366      -2.3782      -2.1481
   1     80      -2.2464      -2.7355      -2.6368      -2.4380      -2.4401
                 -2.3140      -2.3630      -2.2656      -2.5071      -2.2770
   1    100      -2.7423      -3.2307      -3.1336      -2.9331      -2.9363
                 -2.8091      -2.8582      -2.7603      -2.9996      -2.7710
   2      0      -2.1083      -2.6110      -2.4947      -2.2967      -2.3126
                 -2.1904      -2.2249      -2.1389      -2.3840      -2.1440
   3      0      -2.1143      -2.6213      -2.5071      -2.2929      -2.3199
                 -2.2000      -2.2364      -2.1554      -2.3888      -2.1560
   4      0      -2.1159      -2.6244      -2.4951      -2.2948      -2.3173
                 -2.2018      -2.2369      -2.1517      -2.3931      -2.1606
   5      0      -2.1307      -2.6121      -2.4957      -2.2852      -2.3212
                 -2.2087      -2.2466      -2.1549      -2.3907      -2.1611
   5     60      -2.1513      -2.6327      -2.5162      -2.3059      -2.3418
                 -2.2293      -2.2671      -2.1753      -2.4112      -2.1816
   5     80      -2.3144      -2.7960      -2.6793      -2.4692      -2.5051
                 -2.3921      -2.4297      -2.3377      -2.5732      -2.3437
   5    100      -2.7737      -3.2546      -3.1392      -2.9273      -2.9644
                 -2.8502      -2.8881      -2.7960      -3.0293      -2.8012
 
 group  inft   Estimated free energy: 1-th solvent contribution (kcal/mol)
   1      0       0.2109      -0.1390      -0.1499      -0.5764      -0.3382
                  0.2369       0.4485       0.1971      -0.5952       0.2373
   1     60       0.2109      -0.1389      -0.1499      -0.5764      -0.3381
                  0.2370       0.4486       0.1972      -0.5951       0.2375
   1     80       0.2109      -0.1390      -0.1501      -0.5768      -0.3382
                  0.2374       0.4487       0.1972      -0.5950       0.2379
   1    100       0.2100      -0.1403      -0.1517      -0.5790      -0.3399
                  0.2382       0.4488       0.1966      -0.5961       0.2387
   2      0       0.2103      -0.1609      -0.1504      -0.5869      -0.3504
                  0.2182       0.4424       0.1768      -0.6126       0.2197
   3      0       0.2012      -0.1708      -0.1586      -0.5822      -0.3568
                  0.2075       0.4369       0.1666      -0.6160       0.2056
   4      0       0.2034      -0.1786      -0.1547      -0.5840      -0.3544
                  0.2024       0.4360       0.1643      -0.6239       0.1961
   5      0       0.1914      -0.1679      -0.1521      -0.5750      -0.3559
                  0.1978       0.4330       0.1691      -0.6200       0.1941
   5     60       0.1914      -0.1678      -0.1521      -0.5751      -0.3559
                  0.1979       0.4331       0.1691      -0.6198       0.1942
   5     80       0.1910      -0.1682      -0.1525      -0.5758      -0.3562
                  0.1982       0.4332       0.1689      -0.6198       0.1945
   5    100       0.1895      -0.1702      -0.1546      -0.5782      -0.3584
                  0.1984       0.4328       0.1674      -0.6213       0.1945
 
 group  inft   Estimated free energy: 2-th solvent contribution (kcal/mol)
   1      0      -0.3889      -1.1228      -0.5887      -0.3225      -0.4374
                 -0.3515      -0.9704      -0.3578      -0.5038      -0.2363
   1     60      -0.3886      -1.1226      -0.5883      -0.3222      -0.4372
                 -0.3512      -0.9700      -0.3575      -0.5035      -0.2359
   1     80      -0.3875      -1.1220      -0.5872      -0.3215      -0.4362
                 -0.3497      -0.9690      -0.3562      -0.5022      -0.2342
   1    100      -0.3866      -1.1230      -0.5865      -0.3213      -0.4358
                 -0.3475      -0.9688      -0.3554      -0.5012      -0.2319
   2      0      -0.3928      -1.1191      -0.5897      -0.3139      -0.4409
                 -0.3529      -0.9685      -0.3537      -0.5038      -0.2282
   3      0      -0.3876      -1.1187      -0.5931      -0.3133      -0.4382
                 -0.3486      -0.9718      -0.3560      -0.5012      -0.2235
   4      0      -0.3928      -1.1144      -0.5923      -0.3145      -0.4451
                 -0.3520      -0.9743      -0.3596      -0.5026      -0.2261
   5      0      -0.3959      -1.1128      -0.5881      -0.3121      -0.4413
                 -0.3477      -0.9731      -0.3587      -0.5012      -0.2216
   5     60      -0.3956      -1.1125      -0.5877      -0.3118      -0.4410
                 -0.3473      -0.9727      -0.3583      -0.5008      -0.2212
   5     80      -0.3946      -1.1121      -0.5866      -0.3112      -0.4402
                 -0.3458      -0.9717      -0.3572      -0.4997      -0.2195
   5    100      -0.3946      -1.1136      -0.5867      -0.3117      -0.4406
                 -0.3445      -0.9723      -0.3572      -0.4998      -0.2180
 
 group  inft   Estimated free energy: 3-th solvent contribution (kcal/mol)
   1      0      -1.9235      -1.3285      -1.7532      -1.3937      -1.5195
                 -2.0546      -1.6965      -1.9608      -1.2640      -2.1340
   1     60      -1.9390      -1.3440      -1.7687      -1.4092      -1.5349
                 -2.0701      -1.7120      -1.9762      -1.2795      -2.1495
   1     80      -2.0697      -1.4744      -1.8994      -1.5396      -1.6655
                 -2.2015      -1.8426      -2.1065      -1.4097      -2.2805
   1    100      -2.5656      -1.9672      -2.3952      -2.0327      -2.1604
                 -2.6996      -2.3381      -2.6014      -1.9021      -2.7776
   2      0      -1.9256      -1.3308      -1.7545      -1.3957      -1.5211
                 -2.0555      -1.6987      -1.9619      -1.2675      -2.1354
   3      0      -1.9277      -1.3316      -1.7552      -1.3972      -1.5248
                 -2.0587      -1.7014      -1.9659      -1.2714      -2.1379
   4      0      -1.9264      -1.3312      -1.7479      -1.3961      -1.5176
                 -2.0520      -1.6984      -1.9561      -1.2665      -2.1305
   5      0      -1.9260      -1.3313      -1.7553      -1.3979      -1.5239
                 -2.0586      -1.7064      -1.9651      -1.2694      -2.1334
   5     60      -1.9470      -1.3523      -1.7763      -1.4189      -1.5449
                 -2.0797      -1.7274      -1.9860      -1.2904      -2.1544
   5     80      -2.1107      -1.5156      -1.9400      -1.5821      -1.7085
                 -2.2443      -1.8910      -2.1492      -1.4535      -2.3186
   5    100      -2.5684      -1.9706      -2.3977      -2.0372      -2.1652
                 -2.7040      -2.3484      -2.6061      -1.9080      -2.7774
 
 
 cumulative average & 95% error for solvation free energy
              total             1st component         2nd component         3rd component
  1    -2.1143                0.2012               -0.3876               -1.9277
  2    -2.3678     0.5070     0.0152     0.3720    -0.7532     0.7311    -1.6297     0.5961
  3    -2.4143     0.3071    -0.0428     0.2440    -0.6998     0.4354    -1.6715     0.3542
  4    -2.3839     0.2255    -0.1776     0.3202    -0.6032     0.3635    -1.6029     0.2856
  5    -2.3711     0.1765    -0.2135     0.2582    -0.5702     0.2892    -1.5873     0.2234
  6    -2.3426     0.1550    -0.1433     0.2532    -0.5333     0.2474    -1.6659     0.2408
  7    -2.3274     0.1345    -0.0604     0.2707    -0.5959     0.2438    -1.6709     0.2037
  8    -2.3059     0.1241    -0.0320     0.2412    -0.5659     0.2195    -1.7078     0.1912
  9    -2.3151     0.1110    -0.0969     0.2492    -0.5587     0.1941    -1.6593     0.1945
 10    -2.2992     0.1043    -0.0667     0.2310    -0.5252     0.1861    -1.7072     0.1986
