 ERmod 0.3.8, Copyright (C) 2000-2019 Nobuyuki Matubayasi
                            2010-2019 Shun Sakuraba
 ERmod comes with ABSOLUTELY NO WARRANTY.
 This is free software, and you can redistribute it
 and/or modify it under certain conditions.
 See LICENSE file for details.
 ERmod 0.3.8, Copyright (C) 2000-2019 Nobuyuki Matubayasi
                            2010-2019 Shun Sakuraba
 ERmod comes with ABSOLUTELY NO WARRANTY.
 This is free software, and you can redistribute it
 and/or modify it under certain conditions.
 See LICENSE file for details.
 
  Number of the   1-th solvent  =          180
  Number of the   2-th solvent  =          180
  Number of the   3-th solvent  =        10000
 
  Be sure that the solvent distribution is homogeneous (radial distribution function is essentially unity) when the solvent molecule is separated beyond distance of   10.0 Angstrom in any direction from any atom within the solute molecule
 
  LJ long-range correction    =        -0.0026     -0.0029     -0.1564
 
  Self-energy of the solute   =        -0.0001  kcal/mol
 
 
 cumulative average & 95% error for solvation energy
              total             1st component         2nd component         3rd component
  1   -15.9375               -1.9998               -0.2381              -13.6996
  2   -15.9611     0.0471    -1.8737     0.2521    -0.3634     0.2506   -13.7239     0.0487
  3   -15.9630     0.0275    -1.7560     0.2769    -0.4422     0.2141   -13.7647     0.0863
  4   -15.9603     0.0202    -1.4348     0.6715    -0.4559     0.1538   -14.0695     0.6127
  5   -15.9929     0.0671    -1.3733     0.5345    -0.5098     0.1607   -14.1096     0.4813
  6   -15.9985     0.0559    -1.2114     0.5435    -0.5393     0.1439   -14.2477     0.4803
  7   -16.0001     0.0473    -1.1486     0.4762    -0.5630     0.1305   -14.2883     0.4140
  8   -15.9878     0.0477    -1.1282     0.4144    -0.5551     0.1141   -14.3044     0.3599
  9   -15.9831     0.0431    -1.0756     0.3803    -0.5410     0.1045   -14.3663     0.3408
 10   -15.9918     0.0423    -0.9467     0.4268    -0.6362     0.2121   -14.4087     0.3164
 
 
 group  inft  solvation free energy     error          difference
  total solvation free energy
   1      0         -3.16037           0.05057          -0.00085
   1     60         -3.17828           0.05057          -0.01876
   1     80         -3.28645           0.05059          -0.12693
   1    100         -3.61083           0.05072          -0.45131
   2      0         -3.15711           0.05125           0.00241
   3      0         -3.15951           0.05116           0.00000
   4      0         -3.15253           0.05205           0.00699
   5      0         -3.16039           0.05036          -0.00088
   5     60         -3.18404           0.05036          -0.02452
   5     80         -3.31489           0.05038          -0.15538
   5    100         -3.61221           0.05047          -0.45269
 
  contribution from  1-th solvent component
   1      0         -0.31268           0.22652          -0.00125
   1     60         -0.31284           0.22653          -0.00141
   1     80         -0.31385           0.22661          -0.00243
   1    100         -0.31734           0.22686          -0.00591
   2      0         -0.31063           0.22174           0.00079
   3      0         -0.31143           0.21956           0.00000
   4      0         -0.30900           0.21906           0.00243
   5      0         -0.30944           0.21790           0.00199
   5     60         -0.30966           0.21791           0.00176
   5     80         -0.31102           0.21797           0.00041
   5    100         -0.31447           0.21810          -0.00304
 
  contribution from  2-th solvent component
   1      0         -0.40519           0.11373          -0.00032
   1     60         -0.40494           0.11373          -0.00006
   1     80         -0.40408           0.11375           0.00079
   1    100         -0.40328           0.11380           0.00160
   2      0         -0.40426           0.11475           0.00061
   3      0         -0.40488           0.11533           0.00000
   4      0         -0.40606           0.11496          -0.00118
   5      0         -0.40686           0.11541          -0.00198
   5     60         -0.40657           0.11541          -0.00170
   5     80         -0.40587           0.11544          -0.00100
   5    100         -0.40577           0.11551          -0.00089
 
  contribution from  3-th solvent component
   1      0         -2.44236           0.15355           0.00072
   1     60         -2.46037           0.15359          -0.01729
   1     80         -2.56837           0.15373          -0.12529
   1    100         -2.89008           0.15398          -0.44700
   2      0         -2.44208           0.15305           0.00100
   3      0         -2.44308           0.15324           0.00000
   4      0         -2.43734           0.15207           0.00574
   5      0         -2.44397           0.15391          -0.00089
   5     60         -2.46767           0.15395          -0.02459
   5     80         -2.59787           0.15411          -0.15479
   5    100         -2.89184           0.15433          -0.44876
 
 
 group  inft   Estimated free energy: total (kcal/mol)
   1      0      -3.1386      -3.3051      -3.2581      -3.1657      -3.1819
                 -3.1257      -3.0208      -3.0905      -3.1425      -3.1749
   1     60      -3.1564      -3.3229      -3.2760      -3.1836      -3.1998
                 -3.1437      -3.0387      -3.1084      -3.1603      -3.1929
   1     80      -3.2644      -3.4311      -3.3844      -3.2916      -3.3081
                 -3.2521      -3.1469      -3.2167      -3.2680      -3.3012
   1    100      -3.5888      -3.7561      -3.7094      -3.6153      -3.6325
                 -3.5772      -3.4712      -3.5412      -3.5907      -3.6258
   2      0      -3.1205      -3.2967      -3.2540      -3.1507      -3.1726
                 -3.1316      -3.0091      -3.0868      -3.1589      -3.1902
   3      0      -3.1168      -3.2965      -3.2520      -3.1501      -3.1784
                 -3.1327      -3.0125      -3.0873      -3.1681      -3.2008
   4      0      -3.1100      -3.2850      -3.2539      -3.1376      -3.1754
                 -3.1310      -2.9995      -3.0805      -3.1619      -3.1904
   5      0      -3.1046      -3.2924      -3.2509      -3.1444      -3.1773
                 -3.1378      -3.0183      -3.0938      -3.1744      -3.2099
   5     60      -3.1282      -3.3160      -3.2746      -3.1680      -3.2010
                 -3.1615      -3.0420      -3.1174      -3.1980      -3.2336
   5     80      -3.2588      -3.4469      -3.4057      -3.2986      -3.3320
                 -3.2927      -3.1729      -3.2484      -3.3283      -3.3648
   5    100      -3.5558      -3.7445      -3.7036      -3.5952      -3.6293
                 -3.5906      -3.4703      -3.5459      -3.6242      -3.6625
 
 group  inft   Estimated free energy: 1-th solvent contribution (kcal/mol)
   1      0      -0.8304      -0.7614      -0.6264      -0.0988      -0.4144
                 -0.0290      -0.1602      -0.3481      -0.1849       0.3271
   1     60      -0.8306      -0.7616      -0.6266      -0.0990      -0.4145
                 -0.0292      -0.1604      -0.3483      -0.1850       0.3269
   1     80      -0.8317      -0.7628      -0.6278      -0.1000      -0.4156
                 -0.0302      -0.1616      -0.3492      -0.1858       0.3262
   1    100      -0.8355      -0.7669      -0.6318      -0.1033      -0.4192
                 -0.0336      -0.1654      -0.3526      -0.1885       0.3236
   2      0      -0.8229      -0.7504      -0.6166      -0.0970      -0.4036
                 -0.0329      -0.1474      -0.3472      -0.1981       0.3097
   3      0      -0.8210      -0.7470      -0.6119      -0.0985      -0.4025
                 -0.0348      -0.1481      -0.3472      -0.2048       0.3014
   4      0      -0.8176      -0.7419      -0.6096      -0.0987      -0.4017
                 -0.0370      -0.1403      -0.3431      -0.2042       0.3040
   5      0      -0.8144      -0.7403      -0.6097      -0.0978      -0.4001
                 -0.0363      -0.1450      -0.3456      -0.2044       0.2993
   5     60      -0.8146      -0.7406      -0.6100      -0.0981      -0.4003
                 -0.0365      -0.1452      -0.3458      -0.2046       0.2991
   5     80      -0.8160      -0.7421      -0.6116      -0.0994      -0.4016
                 -0.0378      -0.1468      -0.3471      -0.2057       0.2979
   5    100      -0.8196      -0.7459      -0.6154      -0.1028      -0.4051
                 -0.0412      -0.1506      -0.3504      -0.2086       0.2949
 
 group  inft   Estimated free energy: 2-th solvent contribution (kcal/mol)
   1      0      -0.2013      -0.4257      -0.4582      -0.3433      -0.4112
                 -0.4039      -0.3513      -0.2973      -0.2910      -0.8686
   1     60      -0.2011      -0.4255      -0.4580      -0.3430      -0.4109
                 -0.4037      -0.3511      -0.2971      -0.2907      -0.8684
   1     80      -0.2003      -0.4250      -0.4571      -0.3419      -0.4101
                 -0.4028      -0.3502      -0.2963      -0.2896      -0.8675
   1    100      -0.1996      -0.4252      -0.4562      -0.3405      -0.4095
                 -0.4020      -0.3492      -0.2958      -0.2879      -0.8668
   2      0      -0.1909      -0.4275      -0.4614      -0.3310      -0.4144
                 -0.4076      -0.3537      -0.2941      -0.2944      -0.8676
   3      0      -0.1876      -0.4314      -0.4640      -0.3284      -0.4186
                 -0.4071      -0.3565      -0.2936      -0.2934      -0.8682
   4      0      -0.1887      -0.4289      -0.4691      -0.3246      -0.4215
                 -0.4093      -0.3583      -0.2977      -0.2955      -0.8670
   5      0      -0.1863      -0.4310      -0.4654      -0.3235      -0.4193
                 -0.4080      -0.3639      -0.3012      -0.2990      -0.8709
   5     60      -0.1860      -0.4308      -0.4652      -0.3231      -0.4190
                 -0.4077      -0.3637      -0.3010      -0.2987      -0.8706
   5     80      -0.1853      -0.4306      -0.4645      -0.3221      -0.4184
                 -0.4069      -0.3630      -0.3004      -0.2976      -0.8699
   5    100      -0.1853      -0.4314      -0.4643      -0.3213      -0.4186
                 -0.4068      -0.3628      -0.3007      -0.2967      -0.8699
 
 group  inft   Estimated free energy: 3-th solvent contribution (kcal/mol)
   1      0      -2.1067      -2.1178      -2.1733      -2.7235      -2.3562
                 -2.6926      -2.5091      -2.4449      -2.6664      -2.6332
   1     60      -2.1246      -2.1357      -2.1913      -2.7415      -2.3742
                 -2.7107      -2.5271      -2.4629      -2.6844      -2.6513
   1     80      -2.2323      -2.2431      -2.2993      -2.8495      -2.4822
                 -2.8190      -2.6350      -2.5710      -2.7925      -2.7597
   1    100      -2.5535      -2.5638      -2.6213      -3.1714      -2.8037
                 -3.1416      -2.9564      -2.8926      -3.1142      -3.0824
   2      0      -2.1066      -2.1186      -2.1759      -2.7226      -2.3545
                 -2.6909      -2.5079      -2.4453      -2.6663      -2.6322
   3      0      -2.1081      -2.1180      -2.1760      -2.7232      -2.3572
                 -2.6907      -2.5078      -2.4463      -2.6698      -2.6338
   4      0      -2.1037      -2.1140      -2.1751      -2.7142      -2.3521
                 -2.6846      -2.5009      -2.4395      -2.6620      -2.6273
   5      0      -2.1038      -2.1210      -2.1756      -2.7230      -2.3578
                 -2.6934      -2.5092      -2.4468      -2.6708      -2.6382
   5     60      -2.1274      -2.1445      -2.1993      -2.7467      -2.3816
                 -2.7172      -2.5329      -2.4705      -2.6946      -2.6620
   5     80      -2.2573      -2.2740      -2.3296      -2.8770      -2.5118
                 -2.8478      -2.6630      -2.6008      -2.8248      -2.7927
   5    100      -2.5508      -2.5670      -2.6238      -3.1710      -2.8055
                 -3.1425      -2.9568      -2.8947      -3.1188      -3.0874
 
 
 cumulative average & 95% error for solvation free energy
              total             1st component         2nd component         3rd component
  1    -3.1168               -0.8210               -0.1876               -2.1081
  2    -3.2067     0.1797    -0.7840     0.0740    -0.3095     0.2438    -2.1130     0.0099
  3    -3.2218     0.1081    -0.7266     0.1224    -0.3610     0.1744    -2.1340     0.0424
  4    -3.2038     0.0844    -0.5696     0.3258    -0.3528     0.1244    -2.2813     0.2961
  5    -3.1988     0.0662    -0.5362     0.2611    -0.3660     0.0999    -2.2965     0.2313
  6    -3.1878     0.0583    -0.4526     0.2709    -0.3728     0.0827    -2.3622     0.2301
  7    -3.1627     0.0703    -0.4091     0.2449    -0.3705     0.0700    -2.3830     0.1989
  8    -3.1533     0.0637    -0.4014     0.2127    -0.3609     0.0636    -2.3909     0.1730
  9    -3.1549     0.0563    -0.3795     0.1926    -0.3534     0.0581    -2.4219     0.1646
 10    -3.1595     0.0512    -0.3114     0.2196    -0.4049     0.1153    -2.4431     0.1532
