 ERmod 0.3.8, Copyright (C) 2000-2019 Nobuyuki Matubayasi
                            2010-2019 Shun Sakuraba
 ERmod comes with ABSOLUTELY NO WARRANTY.
 This is free software, and you can redistribute it
 and/or modify it under certain conditions.
 See LICENSE file for details.
 ERmod 0.3.8, Copyright (C) 2000-2019 Nobuyuki Matubayasi
                            2010-2019 Shun Sakuraba
 ERmod comes with ABSOLUTELY NO WARRANTY.
 This is free software, and you can redistribute it
 and/or modify it under certain conditions.
 See LICENSE file for details.
 
  Number of the   1-th solvent  =          180
  Number of the   2-th solvent  =          180
  Number of the   3-th solvent  =        10000
 
  Be sure that the solvent distribution is homogeneous (radial distribution function is essentially unity) when the solvent molecule is separated beyond distance of   10.0 Angstrom in any direction from any atom within the solute molecule
 
  LJ long-range correction    =        -0.0041     -0.0204     -0.5267
 
  Self-energy of the solute   =        -0.0001  kcal/mol
 
 
 cumulative average & 95% error for solvation energy
              total             1st component         2nd component         3rd component
  1   -24.7638                0.2165               -0.9148              -24.0654
  2   -24.7918     0.0560     0.1161     0.2008    -1.2304     0.6312   -23.6774     0.7760
  3   -24.8401     0.1019     0.0187     0.2267    -1.4123     0.5150   -23.4464     0.6436
  4   -24.8309     0.0744    -0.2615     0.5827    -1.3758     0.3714   -23.1936     0.6803
  5   -24.8699     0.0971    -0.5495     0.7318    -1.2923     0.3326   -23.0281     0.6223
  6   -24.8700     0.0792    -0.5172     0.6010    -1.3495     0.2947   -23.0032     0.5105
  7   -24.8676     0.0671    -0.6319     0.5573    -1.3318     0.2516   -22.9038     0.4751
  8   -24.8596     0.0603    -0.6858     0.4946    -1.3788     0.2373   -22.7949     0.4656
  9   -24.8826     0.0703    -0.8810     0.5853    -1.3048     0.2563   -22.6967     0.4551
 10   -24.8808     0.0630    -0.8465     0.5280    -1.3033     0.2293   -22.7308     0.4127
 
 
 group  inft  solvation free energy     error          difference
  total solvation free energy
   1      0         -1.64871           0.04309           0.00596
   1     60         -1.66632           0.04309          -0.01164
   1     80         -1.83159           0.04310          -0.17691
   1    100         -2.50563           0.04346          -0.85096
   2      0         -1.65244           0.04553           0.00223
   3      0         -1.65467           0.04684           0.00000
   4      0         -1.64920           0.04823           0.00547
   5      0         -1.64699           0.04864           0.00769
   5     60         -1.67113           0.04862          -0.01646
   5     80         -1.88123           0.04865          -0.22656
   5    100         -2.50528           0.04906          -0.85060
 
  contribution from  1-th solvent component
   1      0         -0.13766           0.27073           0.01455
   1     60         -0.13752           0.27074           0.01468
   1     80         -0.13699           0.27083           0.01521
   1    100         -0.13626           0.27126           0.01595
   2      0         -0.14820           0.26869           0.00400
   3      0         -0.15220           0.26617           0.00000
   4      0         -0.15337           0.26467          -0.00116
   5      0         -0.15464           0.26302          -0.00244
   5     60         -0.15449           0.26302          -0.00229
   5     80         -0.15407           0.26311          -0.00186
   5    100         -0.15406           0.26341          -0.00185
 
  contribution from  2-th solvent component
   1      0         -0.60694           0.13064          -0.01191
   1     60         -0.60728           0.13064          -0.01225
   1     80         -0.61056           0.13068          -0.01553
   1    100         -0.62405           0.13088          -0.02902
   2      0         -0.59826           0.12951          -0.00322
   3      0         -0.59503           0.12928           0.00000
   4      0         -0.59311           0.12951           0.00193
   5      0         -0.59160           0.13046           0.00343
   5     60         -0.59208           0.13046           0.00296
   5     80         -0.59631           0.13049          -0.00127
   5    100         -0.60889           0.13062          -0.01386
 
  contribution from  3-th solvent component
   1      0         -0.90399           0.22750           0.00333
   1     60         -0.92140           0.22750          -0.01408
   1     80         -1.08392           0.22753          -0.17660
   1    100         -1.74521           0.22830          -0.83789
   2      0         -0.90586           0.22711           0.00146
   3      0         -0.90732           0.22761           0.00000
   4      0         -0.90262           0.22537           0.00471
   5      0         -0.90063           0.22644           0.00669
   5     60         -0.92445           0.22643          -0.01713
   5     80         -1.13074           0.22649          -0.22342
   5    100         -1.74222           0.22723          -0.83489
 
 
 group  inft   Estimated free energy: total (kcal/mol)
   1      0      -1.6100      -1.6215      -1.7368      -1.6751      -1.6802
                 -1.7036      -1.5594      -1.7394      -1.5525      -1.6086
   1     60      -1.6276      -1.6391      -1.7544      -1.6927      -1.6978
                 -1.7211      -1.5770      -1.7571      -1.5701      -1.6262
   1     80      -1.7925      -1.8046      -1.9198      -1.8579      -1.8633
                 -1.8865      -1.7420      -1.9223      -1.7358      -1.7913
   1    100      -2.4663      -2.4795      -2.5958      -2.5311      -2.5368
                 -2.5623      -2.4150      -2.5955      -2.4087      -2.4653
   2      0      -1.6177      -1.6374      -1.7414      -1.6840      -1.6723
                 -1.7163      -1.5375      -1.7453      -1.5615      -1.6111
   3      0      -1.6299      -1.6499      -1.7473      -1.6893      -1.6654
                 -1.7205      -1.5314      -1.7428      -1.5546      -1.6156
   4      0      -1.6266      -1.6395      -1.7422      -1.6873      -1.6533
                 -1.7172      -1.5189      -1.7440      -1.5510      -1.6121
   5      0      -1.6337      -1.6341      -1.7447      -1.6834      -1.6419
                 -1.7160      -1.5207      -1.7403      -1.5394      -1.6155
   5     60      -1.6578      -1.6583      -1.7688      -1.7075      -1.6661
                 -1.7401      -1.5448      -1.7644      -1.5637      -1.6396
   5     80      -1.8675      -1.8688      -1.9791      -1.9175      -1.8764
                 -1.9505      -1.7545      -1.9743      -1.7741      -1.8496
   5    100      -2.4913      -2.4943      -2.6052      -2.5408      -2.4997
                 -2.5762      -2.3774      -2.5972      -2.3970      -2.4737
 
 group  inft   Estimated free energy: 1-th solvent contribution (kcal/mol)
   1      0       0.4121       0.3194       0.2327      -0.2790      -0.5745
                  0.0748      -0.3550      -0.3518      -0.9194       0.0642
   1     60       0.4123       0.3195       0.2328      -0.2789      -0.5744
                  0.0750      -0.3549      -0.3517      -0.9193       0.0643
   1     80       0.4131       0.3200       0.2335      -0.2784      -0.5741
                  0.0757      -0.3546      -0.3512      -0.9188       0.0650
   1    100       0.4154       0.3210       0.2348      -0.2779      -0.5742
                  0.0769      -0.3550      -0.3511      -0.9187       0.0662
   2      0       0.4037       0.3029       0.2156      -0.2912      -0.5821
                  0.0555      -0.3509      -0.3641      -0.9260       0.0545
   3      0       0.3986       0.2914       0.2121      -0.2950      -0.5790
                  0.0433      -0.3495      -0.3672      -0.9239       0.0471
   4      0       0.3889       0.2890       0.2084      -0.2970      -0.5820
                  0.0421      -0.3375      -0.3650      -0.9249       0.0443
   5      0       0.3845       0.2895       0.2048      -0.2957      -0.5785
                  0.0382      -0.3402      -0.3647      -0.9211       0.0369
   5     60       0.3847       0.2896       0.2049      -0.2956      -0.5783
                  0.0384      -0.3401      -0.3646      -0.9209       0.0370
   5     80       0.3856       0.2899       0.2055      -0.2953      -0.5781
                  0.0389      -0.3400      -0.3642      -0.9206       0.0375
   5    100       0.3872       0.2898       0.2059      -0.2955      -0.5787
                  0.0391      -0.3408      -0.3646      -0.9208       0.0379
 
 group  inft   Estimated free energy: 2-th solvent contribution (kcal/mol)
   1      0      -0.4182      -0.7418      -0.8773      -0.6402      -0.4344
                 -0.7601      -0.5207      -0.8444      -0.2343      -0.5979
   1     60      -0.4186      -0.7422      -0.8777      -0.6406      -0.4347
                 -0.7604      -0.5211      -0.8447      -0.2346      -0.5982
   1     80      -0.4218      -0.7455      -0.8810      -0.6439      -0.4380
                 -0.7638      -0.5244      -0.8480      -0.2377      -0.6015
   1    100      -0.4350      -0.7591      -0.8951      -0.6573      -0.4515
                 -0.7775      -0.5379      -0.8616      -0.2504      -0.6151
   2      0      -0.4175      -0.7399      -0.8640      -0.6348      -0.4181
                 -0.7493      -0.5005      -0.8344      -0.2349      -0.5892
   3      0      -0.4221      -0.7366      -0.8628      -0.6357      -0.4106
                 -0.7412      -0.4959      -0.8282      -0.2301      -0.5870
   4      0      -0.4227      -0.7337      -0.8626      -0.6336      -0.4012
                 -0.7366      -0.4959      -0.8293      -0.2303      -0.5852
   5      0      -0.4209      -0.7296      -0.8606      -0.6330      -0.3984
                 -0.7412      -0.4986      -0.8290      -0.2230      -0.5820
   5     60      -0.4213      -0.7300      -0.8610      -0.6335      -0.3988
                 -0.7416      -0.4991      -0.8294      -0.2234      -0.5824
   5     80      -0.4255      -0.7343      -0.8654      -0.6377      -0.4031
                 -0.7459      -0.5033      -0.8336      -0.2275      -0.5867
   5    100      -0.4380      -0.7471      -0.8784      -0.6503      -0.4156
                 -0.7586      -0.5158      -0.8462      -0.2395      -0.5994
 
 group  inft   Estimated free energy: 3-th solvent contribution (kcal/mol)
   1      0      -1.6037      -1.1989      -1.0921      -0.7558      -0.6712
                 -1.0182      -0.6835      -0.5431      -0.3986      -1.0748
   1     60      -1.6211      -1.2163      -1.1094      -0.7731      -0.6886
                 -1.0356      -0.7009      -0.5606      -0.4161      -1.0922
   1     80      -1.7838      -1.3790      -1.2721      -0.9355      -0.8510
                 -1.1983      -0.8628      -0.7229      -0.5791      -1.2547
   1    100      -2.4467      -2.0412      -1.9353      -1.5957      -1.5110
                 -1.8616      -1.5220      -1.3827      -1.2395      -1.9163
   2      0      -1.6037      -1.2003      -1.0930      -0.7579      -0.6721
                 -1.0224      -0.6860      -0.5467      -0.4005      -1.0762
   3      0      -1.6063      -1.2046      -1.0965      -0.7584      -0.6757
                 -1.0225      -0.6859      -0.5473      -0.4005      -1.0756
   4      0      -1.5926      -1.1947      -1.0880      -0.7566      -0.6700
                 -1.0226      -0.6854      -0.5496      -0.3957      -1.0710
   5      0      -1.5972      -1.1940      -1.0888      -0.7546      -0.6650
                 -1.0130      -0.6818      -0.5465      -0.3952      -1.0703
   5     60      -1.6210      -1.2178      -1.1126      -0.7783      -0.6888
                 -1.0368      -0.7055      -0.5703      -0.4192      -1.0941
   5     80      -1.8275      -1.4243      -1.3191      -0.9844      -0.8950
                 -1.2434      -0.9111      -0.7763      -0.6259      -1.3003
   5    100      -2.4403      -2.0369      -1.9325      -1.5949      -1.5052
                 -1.8565      -1.5207      -1.3863      -1.2365      -1.9122
 
 
 cumulative average & 95% error for solvation free energy
              total             1st component         2nd component         3rd component
  1    -1.6299                0.3986               -0.4221               -1.6063
  2    -1.6399     0.0200     0.3450     0.1073    -0.5794     0.3144    -1.4054     0.4017
  3    -1.6757     0.0725     0.3007     0.1081    -0.6738     0.2620    -1.3025     0.3102
  4    -1.6791     0.0517     0.1518     0.3075    -0.6643     0.1863    -1.1664     0.3494
  5    -1.6764     0.0405     0.0056     0.3771    -0.6136     0.1764    -1.0683     0.3344
  6    -1.6837     0.0362     0.0119     0.3081    -0.6349     0.1502    -1.0607     0.2734
  7    -1.6620     0.0532    -0.0397     0.2801    -0.6150     0.1330    -1.0071     0.2547
  8    -1.6721     0.0503    -0.0807     0.2560    -0.6416     0.1269    -0.9496     0.2487
  9    -1.6590     0.0515    -0.1743     0.2934    -0.5959     0.1445    -0.8886     0.2510
 10    -1.6547     0.0468    -0.1522     0.2662    -0.5950     0.1293    -0.9073     0.2276
