 ERmod 0.3.8, Copyright (C) 2000-2019 Nobuyuki Matubayasi
                            2010-2019 Shun Sakuraba
 ERmod comes with ABSOLUTELY NO WARRANTY.
 This is free software, and you can redistribute it
 and/or modify it under certain conditions.
 See LICENSE file for details.
 ERmod 0.3.8, Copyright (C) 2000-2019 Nobuyuki Matubayasi
                            2010-2019 Shun Sakuraba
 ERmod comes with ABSOLUTELY NO WARRANTY.
 This is free software, and you can redistribute it
 and/or modify it under certain conditions.
 See LICENSE file for details.
 
  Number of the   1-th solvent  =           90
  Number of the   2-th solvent  =           90
  Number of the   3-th solvent  =        10000
 
  Be sure that the solvent distribution is homogeneous (radial distribution function is essentially unity) when the solvent molecule is separated beyond distance of   10.0 Angstrom in any direction from any atom within the solute molecule
 
  LJ long-range correction    =        -0.0078     -0.0120     -0.6200
 
  Self-energy of the solute   =        -0.0001  kcal/mol
 
 
 cumulative average & 95% error for solvation energy
              total             1st component         2nd component         3rd component
  1   -26.6964               -0.7063               -0.3411              -25.6490
  2   -26.6940     0.0049    -0.7529     0.0933    -0.6017     0.5212   -25.3393     0.6193
  3   -26.6944     0.0030    -0.6999     0.1189    -0.4751     0.3932   -25.5193     0.5074
  4   -26.6842     0.0206    -0.5552     0.3014    -0.5442     0.3105   -25.5847     0.3819
  5   -26.6689     0.0345    -0.5716     0.2358    -0.6349     0.3013   -25.4623     0.3840
  6   -26.6565     0.0375    -0.6211     0.2165    -0.7180     0.2969   -25.3172     0.4271
  7   -26.6410     0.0444    -0.6355     0.1852    -0.6970     0.2545   -25.3084     0.3614
  8   -26.6541     0.0466    -0.6556     0.1654    -0.6963     0.2204   -25.3022     0.3133
  9   -26.6505     0.0418    -0.6360     0.1510    -0.6688     0.2020   -25.3456     0.2896
 10   -26.6660     0.0486    -0.5859     0.1682    -0.6965     0.1890   -25.3835     0.2699
 
 
 group  inft  solvation free energy     error          difference
  total solvation free energy
   1      0         -1.39570           0.05695          -0.00102
   1     60         -1.41223           0.05697          -0.01755
   1     80         -1.58151           0.05718          -0.18683
   1    100         -2.30820           0.05793          -0.91352
   2      0         -1.39676           0.05713          -0.00208
   3      0         -1.39468           0.05776           0.00000
   4      0         -1.38638           0.05804           0.00830
   5      0         -1.37866           0.05763           0.01602
   5     60         -1.40155           0.05766          -0.00687
   5     80         -1.61896           0.05788          -0.22428
   5    100         -2.29241           0.05852          -0.89773
 
  contribution from  1-th solvent component
   1      0         -0.06213           0.09072           0.00247
   1     60         -0.06222           0.09072           0.00237
   1     80         -0.06340           0.09074           0.00120
   1    100         -0.06943           0.09085          -0.00484
   2      0         -0.06535           0.08898          -0.00076
   3      0         -0.06459           0.08872           0.00000
   4      0         -0.06406           0.08833           0.00054
   5      0         -0.06221           0.08784           0.00239
   5     60         -0.06235           0.08784           0.00225
   5     80         -0.06397           0.08785           0.00062
   5    100         -0.06978           0.08790          -0.00519
 
  contribution from  2-th solvent component
   1      0         -0.34106           0.08830          -0.00606
   1     60         -0.34120           0.08831          -0.00621
   1     80         -0.34272           0.08837          -0.00772
   1    100         -0.34951           0.08863          -0.01451
   2      0         -0.33705           0.08571          -0.00205
   3      0         -0.33500           0.08434           0.00000
   4      0         -0.33437           0.08374           0.00063
   5      0         -0.33406           0.08369           0.00094
   5     60         -0.33426           0.08369           0.00074
   5     80         -0.33630           0.08375          -0.00130
   5    100         -0.34280           0.08392          -0.00780
 
  contribution from  3-th solvent component
   1      0         -0.99242           0.13123           0.00258
   1     60         -1.00872           0.13126          -0.01372
   1     80         -1.17530           0.13146          -0.18030
   1    100         -1.88916           0.13233          -0.89417
   2      0         -0.99428           0.13100           0.00072
   3      0         -0.99500           0.13050           0.00000
   4      0         -0.98786           0.13020           0.00714
   5      0         -0.98230           0.13144           0.01270
   5     60         -1.00486           0.13147          -0.00986
   5     80         -1.21859           0.13170          -0.22359
   5    100         -1.87974           0.13248          -0.88474
 
 
 group  inft   Estimated free energy: total (kcal/mol)
   1      0      -1.3790      -1.3924      -1.4268      -1.3497      -1.2994
                 -1.3354      -1.2730      -1.5726      -1.4857      -1.4429
   1     60      -1.3956      -1.4089      -1.4434      -1.3663      -1.3159
                 -1.3518      -1.2894      -1.5892      -1.5023      -1.4595
   1     80      -1.5650      -1.5779      -1.6128      -1.5354      -1.4850
                 -1.5205      -1.4583      -1.7590      -1.6721      -1.6291
   1    100      -2.2927      -2.3030      -2.3402      -2.2613      -2.2108
                 -2.2446      -2.1840      -2.4870      -2.4015      -2.3570
   2      0      -1.3806      -1.3910      -1.4393      -1.3614      -1.2909
                 -1.3236      -1.2840      -1.5735      -1.4858      -1.4375
   3      0      -1.3766      -1.3923      -1.4403      -1.3595      -1.2897
                 -1.3194      -1.2779      -1.5711      -1.4866      -1.4334
   4      0      -1.3676      -1.3762      -1.4345      -1.3505      -1.2814
                 -1.3095      -1.2751      -1.5673      -1.4768      -1.4249
   5      0      -1.3561      -1.3718      -1.4257      -1.3494      -1.2666
                 -1.3023      -1.2703      -1.5541      -1.4710      -1.4192
   5     60      -1.3790      -1.3947      -1.4486      -1.3723      -1.2894
                 -1.3251      -1.2932      -1.5771      -1.4940      -1.4422
   5     80      -1.5966      -1.6116      -1.6662      -1.5896      -1.5067
                 -1.5417      -1.5102      -1.7950      -1.7120      -1.6599
   5    100      -2.2709      -2.2837      -2.3407      -2.2624      -2.1793
                 -2.2125      -2.1831      -2.4694      -2.3877      -2.3343
 
 group  inft   Estimated free energy: 1-th solvent contribution (kcal/mol)
   1      0      -0.1139      -0.1854      -0.0579       0.2046      -0.0553
                 -0.1907      -0.1051      -0.2218      -0.0621       0.1664
   1     60      -0.1140      -0.1855      -0.0580       0.2045      -0.0554
                 -0.1908      -0.1052      -0.2219      -0.0622       0.1663
   1     80      -0.1153      -0.1867      -0.0592       0.2035      -0.0566
                 -0.1921      -0.1063      -0.2231      -0.0634       0.1651
   1    100      -0.1217      -0.1928      -0.0652       0.1981      -0.0626
                 -0.1983      -0.1121      -0.2292      -0.0695       0.1590
   2      0      -0.1119      -0.1887      -0.0644       0.1911      -0.0547
                 -0.1851      -0.1178      -0.2231      -0.0636       0.1647
   3      0      -0.1101      -0.1897      -0.0613       0.1885      -0.0545
                 -0.1847      -0.1157      -0.2217      -0.0633       0.1666
   4      0      -0.1085      -0.1869      -0.0609       0.1872      -0.0537
                 -0.1842      -0.1177      -0.2216      -0.0607       0.1664
   5      0      -0.1032      -0.1856      -0.0572       0.1865      -0.0515
                 -0.1829      -0.1166      -0.2184      -0.0606       0.1675
   5     60      -0.1034      -0.1857      -0.0573       0.1864      -0.0516
                 -0.1831      -0.1167      -0.2186      -0.0608       0.1673
   5     80      -0.1050      -0.1873      -0.0589       0.1848      -0.0533
                 -0.1848      -0.1183      -0.2202      -0.0624       0.1657
   5    100      -0.1111      -0.1932      -0.0648       0.1793      -0.0590
                 -0.1906      -0.1239      -0.2261      -0.0682       0.1599
 
 group  inft   Estimated free energy: 2-th solvent contribution (kcal/mol)
   1      0      -0.1462      -0.4060      -0.1343      -0.3764      -0.4618
                 -0.5211      -0.2088      -0.4372      -0.2732      -0.4456
   1     60      -0.1463      -0.4062      -0.1345      -0.3765      -0.4620
                 -0.5212      -0.2089      -0.4374      -0.2733      -0.4457
   1     80      -0.1475      -0.4077      -0.1359      -0.3781      -0.4636
                 -0.5228      -0.2103      -0.4390      -0.2749      -0.4473
   1    100      -0.1533      -0.4147      -0.1424      -0.3852      -0.4706
                 -0.5300      -0.2165      -0.4461      -0.2819      -0.4545
   2      0      -0.1478      -0.3989      -0.1389      -0.3722      -0.4528
                 -0.5117      -0.2060      -0.4339      -0.2702      -0.4381
   3      0      -0.1458      -0.3984      -0.1431      -0.3670      -0.4487
                 -0.5061      -0.2039      -0.4305      -0.2720      -0.4345
   4      0      -0.1461      -0.3918      -0.1449      -0.3643      -0.4460
                 -0.5046      -0.2039      -0.4347      -0.2731      -0.4342
   5      0      -0.1443      -0.3932      -0.1461      -0.3647      -0.4465
                 -0.5071      -0.2057      -0.4291      -0.2711      -0.4328
   5     60      -0.1445      -0.3934      -0.1463      -0.3649      -0.4467
                 -0.5073      -0.2059      -0.4293      -0.2713      -0.4330
   5     80      -0.1462      -0.3955      -0.1483      -0.3670      -0.4488
                 -0.5094      -0.2078      -0.4314      -0.2734      -0.4351
   5    100      -0.1519      -0.4021      -0.1547      -0.3737      -0.4555
                 -0.5160      -0.2140      -0.4381      -0.2801      -0.4418
 
 group  inft   Estimated free energy: 3-th solvent contribution (kcal/mol)
   1      0      -1.1188      -0.8009      -1.2345      -1.1779      -0.7822
                 -0.6235      -0.9590      -0.9136      -1.1503      -1.1636
   1     60      -1.1351      -0.8172      -1.2508      -1.1942      -0.7985
                 -0.6397      -0.9752      -0.9299      -1.1666      -1.1800
   1     80      -1.3021      -0.9834      -1.4176      -1.3608      -0.9648
                 -0.8055      -1.1416      -1.0968      -1.3337      -1.3468
   1    100      -2.0176      -1.6955      -2.1326      -2.0741      -1.6775
                 -1.5162      -1.8553      -1.8116      -2.0499      -2.0614
   2      0      -1.1208      -0.8032      -1.2360      -1.1802      -0.7833
                 -0.6266      -0.9602      -0.9164      -1.1519      -1.1641
   3      0      -1.1207      -0.8040      -1.2358      -1.1809      -0.7864
                 -0.6286      -0.9582      -0.9188      -1.1512      -1.1653
   4      0      -1.1129      -0.7974      -1.2287      -1.1733      -0.7816
                 -0.6206      -0.9533      -0.9109      -1.1429      -1.1570
   5      0      -1.1085      -0.7929      -1.2223      -1.1711      -0.7685
                 -0.6122      -0.9479      -0.9066      -1.1392      -1.1538
   5     60      -1.1311      -0.8154      -1.2449      -1.1937      -0.7910
                 -0.6346      -0.9704      -0.9292      -1.1618      -1.1764
   5     80      -1.3452      -1.0287      -1.4589      -1.4073      -1.0045
                 -0.8474      -1.1840      -1.1433      -1.3762      -1.3904
   5    100      -2.0079      -1.6882      -2.1211      -2.0679      -1.6647
                 -1.5057      -1.8451      -1.8051      -2.0394      -2.0522
 
 
 cumulative average & 95% error for solvation free energy
              total             1st component         2nd component         3rd component
  1    -1.3766               -0.1101               -0.1458               -1.1207
  2    -1.3844     0.0157    -0.1499     0.0797    -0.2721     0.2527    -0.9624     0.3166
  3    -1.4031     0.0383    -0.1204     0.0749    -0.2291     0.1693    -1.0535     0.2582
  4    -1.3922     0.0348    -0.0431     0.1633    -0.2636     0.1382    -1.0854     0.1934
  5    -1.3717     0.0490    -0.0454     0.1265    -0.3006     0.1302    -1.0256     0.1916
  6    -1.3630     0.0437    -0.0686     0.1133    -0.3348     0.1264    -0.9594     0.2049
  7    -1.3508     0.0442    -0.0754     0.0967    -0.3161     0.1132    -0.9592     0.1732
  8    -1.3783     0.0671    -0.0937     0.0914    -0.3304     0.1021    -0.9542     0.1503
  9    -1.3904     0.0639    -0.0903     0.0809    -0.3239     0.0910    -0.9761     0.1396
 10    -1.3947     0.0578    -0.0646     0.0887    -0.3350     0.0843    -0.9950     0.1305
