 ERmod 0.3.8, Copyright (C) 2000-2019 Nobuyuki Matubayasi
                            2010-2019 Shun Sakuraba
 ERmod comes with ABSOLUTELY NO WARRANTY.
 This is free software, and you can redistribute it
 and/or modify it under certain conditions.
 See LICENSE file for details.
 ERmod 0.3.8, Copyright (C) 2000-2019 Nobuyuki Matubayasi
                            2010-2019 Shun Sakuraba
 ERmod comes with ABSOLUTELY NO WARRANTY.
 This is free software, and you can redistribute it
 and/or modify it under certain conditions.
 See LICENSE file for details.
 
  Number of the   1-th solvent  =           90
  Number of the   2-th solvent  =           90
  Number of the   3-th solvent  =        10000
 
  Be sure that the solvent distribution is homogeneous (radial distribution function is essentially unity) when the solvent molecule is separated beyond distance of   10.0 Angstrom in any direction from any atom within the solute molecule
 
  LJ long-range correction    =        -0.0009     -0.0020     -0.2186
 
  Self-energy of the solute   =         0.0000  kcal/mol
 
 
 cumulative average & 95% error for solvation energy
              total             1st component         2nd component         3rd component
  1    -6.0223                0.0591               -0.0881               -5.9933
  2    -6.0301     0.0154     0.0579     0.0023    -0.0941     0.0119    -5.9939     0.0012
  3    -6.0402     0.0222     0.0571     0.0021    -0.0974     0.0097    -5.9999     0.0120
  4    -6.0329     0.0214     0.0581     0.0024    -0.0964     0.0071    -5.9947     0.0135
  5    -6.0323     0.0166     0.0584     0.0020    -0.0955     0.0058    -5.9952     0.0105
  6    -6.0321     0.0136     0.0578     0.0020    -0.0951     0.0048    -5.9948     0.0086
  7    -6.0378     0.0161     0.0580     0.0018    -0.0960     0.0045    -5.9998     0.0123
  8    -6.0347     0.0152     0.0582     0.0016    -0.0956     0.0039    -5.9973     0.0118
  9    -6.0358     0.0136     0.0580     0.0014    -0.0950     0.0037    -5.9988     0.0108
 10    -6.0337     0.0129     0.0585     0.0016    -0.0942     0.0036    -5.9980     0.0098
 
 
 group  inft  solvation free energy     error          difference
  total solvation free energy
   1      0          3.01825           0.01162          -0.00512
   1     60          3.00958           0.01164          -0.01379
   1     80          2.93642           0.01187          -0.08695
   1    100          2.66104           0.01280          -0.36233
   2      0          3.01673           0.01142          -0.00665
   3      0          3.02337           0.01130           0.00000
   4      0          3.05961           0.01152           0.03624
   5      0          3.07860           0.01016           0.05523
   5     60          3.06689           0.01019           0.04352
   5     80          2.97596           0.01045          -0.04741
   5    100          2.71944           0.01127          -0.30394
 
  contribution from  1-th solvent component
   1      0          0.08628           0.00220           0.00258
   1     60          0.08631           0.00220           0.00261
   1     80          0.08666           0.00223           0.00295
   1    100          0.08738           0.00237           0.00368
   2      0          0.08424           0.00206           0.00053
   3      0          0.08371           0.00197           0.00000
   4      0          0.08332           0.00196          -0.00038
   5      0          0.08222           0.00184          -0.00148
   5     60          0.08226           0.00184          -0.00144
   5     80          0.08261           0.00187          -0.00110
   5    100          0.08288           0.00199          -0.00082
 
  contribution from  2-th solvent component
   1      0         -0.06690           0.00314           0.00196
   1     60         -0.06672           0.00314           0.00214
   1     80         -0.06602           0.00321           0.00283
   1    100         -0.06501           0.00358           0.00385
   2      0         -0.06820           0.00287           0.00065
   3      0         -0.06885           0.00272           0.00000
   4      0         -0.06929           0.00269          -0.00043
   5      0         -0.06814           0.00280           0.00072
   5     60         -0.06792           0.00281           0.00093
   5     80         -0.06714           0.00289           0.00171
   5    100         -0.06617           0.00323           0.00268
 
  contribution from  3-th solvent component
   1      0          2.99885           0.01103          -0.00966
   1     60          2.98998           0.01106          -0.01853
   1     80          2.91578           0.01127          -0.09273
   1    100          2.63865           0.01210          -0.36985
   2      0          3.00068           0.01097          -0.00783
   3      0          3.00851           0.01092           0.00000
   4      0          3.04556           0.01097           0.03705
   5      0          3.06451           0.00986           0.05600
   5     60          3.05254           0.00988           0.04403
   5     80          2.96048           0.01014          -0.04802
   5    100          2.70271           0.01089          -0.30579
 
 
 group  inft   Estimated free energy: total (kcal/mol)
   1      0       3.0329       3.0268       3.0049       3.0448       3.0136
                  3.0148       2.9893       3.0414       2.9966       3.0173
   1     60       3.0242       3.0182       2.9962       3.0361       3.0050
                  3.0061       2.9806       3.0328       2.9879       3.0086
   1     80       2.9514       2.9453       2.9227       2.9634       2.9318
                  2.9329       2.9068       2.9600       2.9144       2.9356
   1    100       2.6771       2.6709       2.6454       2.6900       2.6560
                  2.6574       2.6289       2.6860       2.6376       2.6610
   2      0       3.0305       3.0244       3.0056       3.0426       3.0104
                  3.0141       2.9877       3.0403       2.9956       3.0159
   3      0       3.0357       3.0331       3.0125       3.0497       3.0148
                  3.0202       2.9964       3.0468       3.0020       3.0225
   4      0       3.0735       3.0673       3.0498       3.0862       3.0516
                  3.0555       3.0311       3.0834       3.0379       3.0598
   5      0       3.0909       3.0875       3.0705       3.1008       3.0703
                  3.0751       3.0547       3.0999       3.0579       3.0785
   5     60       3.0792       3.0758       3.0588       3.0892       3.0586
                  3.0633       3.0429       3.0882       3.0461       3.0668
   5     80       2.9886       2.9851       2.9674       2.9989       2.9675
                  2.9724       2.9512       2.9977       2.9548       2.9760
   5    100       2.7331       2.7295       2.7093       2.7441       2.7105
                  2.7159       2.6923       2.7424       2.6971       2.7202
 
 group  inft   Estimated free energy: 1-th solvent contribution (kcal/mol)
   1      0       0.0850       0.0848       0.0898       0.0881       0.0859
                  0.0782       0.0895       0.0882       0.0846       0.0887
   1     60       0.0850       0.0848       0.0899       0.0881       0.0860
                  0.0782       0.0896       0.0883       0.0846       0.0887
   1     80       0.0853       0.0851       0.0902       0.0885       0.0863
                  0.0784       0.0900       0.0886       0.0849       0.0891
   1    100       0.0862       0.0856       0.0910       0.0894       0.0869
                  0.0787       0.0909       0.0895       0.0854       0.0902
   2      0       0.0832       0.0829       0.0892       0.0857       0.0830
                  0.0773       0.0868       0.0857       0.0824       0.0861
   3      0       0.0824       0.0831       0.0891       0.0852       0.0824
                  0.0771       0.0858       0.0846       0.0821       0.0853
   4      0       0.0823       0.0830       0.0885       0.0849       0.0814
                  0.0768       0.0852       0.0844       0.0816       0.0850
   5      0       0.0814       0.0818       0.0873       0.0829       0.0811
                  0.0761       0.0842       0.0828       0.0806       0.0839
   5     60       0.0814       0.0818       0.0874       0.0830       0.0811
                  0.0761       0.0842       0.0829       0.0807       0.0840
   5     80       0.0818       0.0821       0.0878       0.0833       0.0815
                  0.0763       0.0846       0.0833       0.0810       0.0844
   5    100       0.0823       0.0823       0.0882       0.0837       0.0815
                  0.0762       0.0851       0.0836       0.0811       0.0850
 
 group  inft   Estimated free energy: 2-th solvent contribution (kcal/mol)
   1      0      -0.0608      -0.0693      -0.0768      -0.0673      -0.0640
                 -0.0606      -0.0718      -0.0683      -0.0650      -0.0650
   1     60      -0.0606      -0.0691      -0.0766      -0.0671      -0.0638
                 -0.0604      -0.0717      -0.0681      -0.0648      -0.0648
   1     80      -0.0598      -0.0684      -0.0761      -0.0665      -0.0631
                 -0.0597      -0.0711      -0.0675      -0.0640      -0.0640
   1    100      -0.0582      -0.0669      -0.0762      -0.0659      -0.0617
                 -0.0582      -0.0711      -0.0670      -0.0626      -0.0623
   2      0      -0.0625      -0.0704      -0.0773      -0.0685      -0.0663
                 -0.0623      -0.0724      -0.0697      -0.0661      -0.0665
   3      0      -0.0640      -0.0709      -0.0776      -0.0690      -0.0675
                 -0.0627      -0.0726      -0.0702      -0.0671      -0.0670
   4      0      -0.0644      -0.0715      -0.0780      -0.0695      -0.0679
                 -0.0634      -0.0729      -0.0705      -0.0678      -0.0670
   5      0      -0.0626      -0.0703      -0.0765      -0.0688      -0.0673
                 -0.0619      -0.0725      -0.0696      -0.0664      -0.0654
   5     60      -0.0623      -0.0701      -0.0763      -0.0686      -0.0671
                 -0.0617      -0.0723      -0.0693      -0.0662      -0.0652
   5     80      -0.0614      -0.0693      -0.0758      -0.0679      -0.0662
                 -0.0608      -0.0718      -0.0687      -0.0653      -0.0642
   5    100      -0.0599      -0.0679      -0.0757      -0.0673      -0.0650
                 -0.0594      -0.0717      -0.0682      -0.0640      -0.0626
 
 group  inft   Estimated free energy: 3-th solvent contribution (kcal/mol)
   1      0       3.0087       3.0114       2.9918       3.0239       2.9917
                  2.9972       2.9716       3.0214       2.9771       2.9936
   1     60       2.9998       3.0026       2.9829       3.0151       2.9829
                  2.9883       2.9627       3.0126       2.9681       2.9847
   1     80       2.9258       2.9286       2.9086       2.9414       2.9085
                  2.9141       2.8880       2.9388       2.8935       2.9104
   1    100       2.6491       2.6522       2.6306       2.6665       2.6308
                  2.6369       2.6091       2.6635       2.6148       2.6331
   2      0       3.0097       3.0120       2.9937       3.0254       2.9936
                  2.9991       2.9733       3.0244       2.9793       2.9963
   3      0       3.0173       3.0209       3.0011       3.0335       2.9999
                  3.0058       2.9832       3.0323       2.9870       3.0041
   4      0       3.0556       3.0558       3.0392       3.0707       3.0380
                  3.0420       3.0188       3.0695       3.0241       3.0419
   5      0       3.0720       3.0760       3.0597       3.0867       3.0565
                  3.0609       3.0430       3.0866       3.0437       3.0600
   5     60       3.0601       3.0641       3.0477       3.0748       3.0445
                  3.0489       3.0310       3.0747       3.0316       3.0480
   5     80       2.9682       2.9723       2.9554       2.9834       2.9522
                  2.9569       2.9384       2.9831       2.9391       2.9558
   5    100       2.7107       2.7152       2.6968       2.7277       2.6939
                  2.6991       2.6789       2.7270       2.6799       2.6978
 
 
 cumulative average & 95% error for solvation free energy
              total             1st component         2nd component         3rd component
  1     3.0357                0.0824               -0.0640                3.0173
  2     3.0344     0.0026     0.0828     0.0007    -0.0674     0.0069     3.0191     0.0036
  3     3.0271     0.0147     0.0849     0.0042    -0.0708     0.0079     3.0131     0.0122
  4     3.0328     0.0153     0.0849     0.0030    -0.0704     0.0056     3.0182     0.0133
  5     3.0292     0.0139     0.0844     0.0025    -0.0698     0.0045     3.0145     0.0127
  6     3.0277     0.0117     0.0832     0.0032    -0.0686     0.0044     3.0131     0.0108
  7     3.0232     0.0133     0.0836     0.0028    -0.0692     0.0039     3.0088     0.0125
  8     3.0262     0.0130     0.0837     0.0024    -0.0693     0.0034     3.0117     0.0123
  9     3.0235     0.0126     0.0835     0.0022    -0.0691     0.0030     3.0090     0.0122
 10     3.0234     0.0113     0.0837     0.0020    -0.0689     0.0027     3.0085     0.0109
