 ERmod 0.3.8, Copyright (C) 2000-2019 Nobuyuki Matubayasi
                            2010-2019 Shun Sakuraba
 ERmod comes with ABSOLUTELY NO WARRANTY.
 This is free software, and you can redistribute it
 and/or modify it under certain conditions.
 See LICENSE file for details.
 ERmod 0.3.8, Copyright (C) 2000-2019 Nobuyuki Matubayasi
                            2010-2019 Shun Sakuraba
 ERmod comes with ABSOLUTELY NO WARRANTY.
 This is free software, and you can redistribute it
 and/or modify it under certain conditions.
 See LICENSE file for details.
 
  Number of the   1-th solvent  =          180
  Number of the   2-th solvent  =          180
  Number of the   3-th solvent  =        10000
 
  Be sure that the solvent distribution is homogeneous (radial distribution function is essentially unity) when the solvent molecule is separated beyond distance of   10.0 Angstrom in any direction from any atom within the solute molecule
 
  LJ long-range correction    =        -0.0034     -0.0126     -0.2037
 
  Self-energy of the solute   =         0.0000  kcal/mol
 
 
 cumulative average & 95% error for solvation energy
              total             1st component         2nd component         3rd component
  1    -5.9213                0.0809               -0.2825               -5.7197
  2    -5.9082     0.0262     0.0804     0.0011    -0.2917     0.0184    -5.6969     0.0457
  3    -5.9143     0.0195     0.0769     0.0070    -0.2871     0.0141    -5.7041     0.0301
  4    -5.9095     0.0168     0.0815     0.0105    -0.2924     0.0146    -5.6986     0.0240
  5    -5.9104     0.0132     0.0811     0.0082    -0.2850     0.0186    -5.7065     0.0244
  6    -5.9050     0.0153     0.0820     0.0070    -0.2904     0.0187    -5.6966     0.0282
  7    -5.9034     0.0133     0.0814     0.0060    -0.2947     0.0180    -5.6902     0.0270
  8    -5.8977     0.0162     0.0795     0.0064    -0.3067     0.0286    -5.6706     0.0456
  9    -5.8991     0.0146     0.0792     0.0057    -0.3041     0.0257    -5.6742     0.0408
 10    -5.8980     0.0132     0.0791     0.0051    -0.3055     0.0232    -5.6716     0.0369
 
 
 group  inft  solvation free energy     error          difference
  total solvation free energy
   1      0          2.88644           0.00827          -0.00219
   1     60          2.87431           0.00829          -0.01432
   1     80          2.78550           0.00844          -0.10312
   1    100          2.47098           0.00902          -0.41765
   2      0          2.88381           0.00835          -0.00481
   3      0          2.88863           0.00815           0.00000
   4      0          2.92505           0.00861           0.03642
   5      0          2.94107           0.00780           0.05244
   5     60          2.92477           0.00782           0.03614
   5     80          2.81496           0.00803          -0.07367
   5    100          2.52232           0.00862          -0.36630
 
  contribution from  1-th solvent component
   1      0          0.19795           0.00441           0.00307
   1     60          0.19800           0.00443           0.00312
   1     80          0.19792           0.00455           0.00304
   1    100          0.19592           0.00504           0.00104
   2      0          0.19568           0.00419           0.00080
   3      0          0.19488           0.00405           0.00000
   4      0          0.19394           0.00408          -0.00094
   5      0          0.19277           0.00403          -0.00211
   5     60          0.19279           0.00405          -0.00209
   5     80          0.19239           0.00419          -0.00249
   5    100          0.18994           0.00460          -0.00494
 
  contribution from  2-th solvent component
   1      0          0.01560           0.01178           0.00462
   1     60          0.01531           0.01178           0.00433
   1     80          0.01315           0.01182           0.00217
   1    100          0.00593           0.01194          -0.00505
   2      0          0.01216           0.01159           0.00117
   3      0          0.01098           0.01146           0.00000
   4      0          0.01128           0.01065           0.00029
   5      0          0.01143           0.01046           0.00045
   5     60          0.01104           0.01047           0.00005
   5     80          0.00833           0.01051          -0.00266
   5    100          0.00156           0.01060          -0.00942
 
  contribution from  3-th solvent component
   1      0          2.67287           0.01654          -0.00988
   1     60          2.66098           0.01656          -0.02177
   1     80          2.57442           0.01673          -0.10833
   1    100          2.26911           0.01727          -0.41364
   2      0          2.67597           0.01647          -0.00679
   3      0          2.68275           0.01609           0.00000
   4      0          2.71983           0.01582           0.03707
   5      0          2.73686           0.01481           0.05411
   5     60          2.72093           0.01484           0.03818
   5     80          2.61423           0.01505          -0.06852
   5    100          2.33081           0.01558          -0.35195
 
 
 group  inft   Estimated free energy: total (kcal/mol)
   1      0       2.8686       2.8947       2.8769       2.8817       2.8932
                  2.8993       2.8691       2.9063       2.8954       2.8792
   1     60       2.8565       2.8826       2.8648       2.8695       2.8811
                  2.8872       2.8569       2.8942       2.8833       2.8670
   1     80       2.7675       2.7939       2.7758       2.7810       2.7925
                  2.7988       2.7675       2.8056       2.7946       2.7779
   1    100       2.4522       2.4797       2.4601       2.4679       2.4786
                  2.4858       2.4510       2.4918       2.4804       2.4622
   2      0       2.8670       2.8921       2.8749       2.8769       2.8907
                  2.8964       2.8662       2.9048       2.8927       2.8763
   3      0       2.8726       2.8971       2.8783       2.8817       2.8955
                  2.9002       2.8716       2.9088       2.8982       2.8822
   4      0       2.9084       2.9325       2.9134       2.9169       2.9332
                  2.9385       2.9077       2.9470       2.9336       2.9194
   5      0       2.9262       2.9474       2.9294       2.9354       2.9501
                  2.9531       2.9248       2.9602       2.9483       2.9359
   5     60       2.9099       2.9311       2.9130       2.9191       2.9338
                  2.9369       2.9084       2.9439       2.9321       2.9195
   5     80       2.7998       2.8215       2.8029       2.8095       2.8242
                  2.8276       2.7979       2.8344       2.8225       2.8092
   5    100       2.5064       2.5293       2.5092       2.5179       2.5318
                  2.5366       2.5034       2.5427       2.5303       2.5156
 
 group  inft   Estimated free energy: 1-th solvent contribution (kcal/mol)
   1      0       0.1976       0.1975       0.1885       0.2129       0.1948
                  0.2048       0.2012       0.1918       0.1935       0.1970
   1     60       0.1976       0.1975       0.1886       0.2130       0.1949
                  0.2049       0.2012       0.1918       0.1936       0.1970
   1     80       0.1976       0.1974       0.1883       0.2135       0.1948
                  0.2049       0.2011       0.1914       0.1934       0.1968
   1    100       0.1959       0.1951       0.1856       0.2135       0.1928
                  0.2033       0.1991       0.1886       0.1909       0.1944
   2      0       0.1952       0.1951       0.1868       0.2097       0.1922
                  0.2023       0.1990       0.1898       0.1916       0.1951
   3      0       0.1951       0.1953       0.1861       0.2080       0.1918
                  0.2018       0.1972       0.1887       0.1906       0.1942
   4      0       0.1941       0.1937       0.1850       0.2073       0.1904
                  0.2008       0.1966       0.1882       0.1899       0.1933
   5      0       0.1928       0.1926       0.1832       0.2058       0.1903
                  0.1997       0.1950       0.1873       0.1890       0.1920
   5     60       0.1929       0.1926       0.1832       0.2059       0.1903
                  0.1998       0.1950       0.1872       0.1890       0.1920
   5     80       0.1925       0.1921       0.1826       0.2061       0.1900
                  0.1995       0.1946       0.1865       0.1885       0.1914
   5    100       0.1901       0.1894       0.1796       0.2054       0.1876
                  0.1975       0.1922       0.1834       0.1857       0.1886
 
 group  inft   Estimated free energy: 2-th solvent contribution (kcal/mol)
   1      0       0.0266       0.0160       0.0304       0.0121       0.0449
                  0.0082       0.0037      -0.0229       0.0289       0.0081
   1     60       0.0263       0.0157       0.0301       0.0118       0.0447
                  0.0079       0.0034      -0.0232       0.0286       0.0078
   1     80       0.0242       0.0135       0.0280       0.0096       0.0426
                  0.0057       0.0011      -0.0254       0.0265       0.0056
   1    100       0.0170       0.0063       0.0210       0.0024       0.0358
                 -0.0016      -0.0063      -0.0328       0.0195      -0.0018
   2      0       0.0239       0.0128       0.0265       0.0082       0.0413
                  0.0044       0.0006      -0.0252       0.0248       0.0042
   3      0       0.0227       0.0116       0.0244       0.0065       0.0402
                  0.0033      -0.0010      -0.0255       0.0242       0.0035
   4      0       0.0223       0.0117       0.0235       0.0071       0.0390
                  0.0044      -0.0001      -0.0224       0.0229       0.0044
   5      0       0.0222       0.0117       0.0230       0.0072       0.0389
                  0.0042       0.0010      -0.0219       0.0228       0.0053
   5     60       0.0218       0.0113       0.0226       0.0068       0.0385
                  0.0038       0.0006      -0.0223       0.0224       0.0049
   5     80       0.0192       0.0085       0.0199       0.0041       0.0360
                  0.0010      -0.0022      -0.0251       0.0198       0.0021
   5    100       0.0125       0.0017       0.0133      -0.0028       0.0295
                 -0.0058      -0.0091      -0.0320       0.0131      -0.0048
 
 group  inft   Estimated free energy: 3-th solvent contribution (kcal/mol)
   1      0       2.6445       2.6812       2.6580       2.6566       2.6534
                  2.6863       2.6642       2.7374       2.6729       2.6741
   1     60       2.6326       2.6693       2.6461       2.6447       2.6415
                  2.6745       2.6523       2.7256       2.6611       2.6622
   1     80       2.5457       2.5830       2.5594       2.5579       2.5550
                  2.5882       2.5653       2.6396       2.5747       2.5755
   1    100       2.2393       2.2783       2.2535       2.2520       2.2499
                  2.2842       2.2582       2.3361       2.2700       2.2696
   2      0       2.6480       2.6842       2.6616       2.6589       2.6572
                  2.6897       2.6667       2.7402       2.6763       2.6770
   3      0       2.6548       2.6902       2.6678       2.6672       2.6635
                  2.6950       2.6754       2.7456       2.6834       2.6845
   4      0       2.6920       2.7271       2.7049       2.7024       2.7038
                  2.7332       2.7112       2.7812       2.7208       2.7216
   5      0       2.7111       2.7432       2.7231       2.7224       2.7209
                  2.7492       2.7287       2.7948       2.7365       2.7386
   5     60       2.6952       2.7273       2.7072       2.7064       2.7050
                  2.7333       2.7127       2.7790       2.7206       2.7226
   5     80       2.5881       2.6209       2.6003       2.5993       2.5983
                  2.6271       2.6054       2.6730       2.6142       2.6157
   5    100       2.3038       2.3382       2.3163       2.3153       2.3147
                  2.3449       2.3203       2.3913       2.3314       2.3318
 
 
 cumulative average & 95% error for solvation free energy
              total             1st component         2nd component         3rd component
  1     2.8726                0.1951                0.0227                2.6548
  2     2.8848     0.0245     0.1952     0.0001     0.0171     0.0111     2.6725     0.0354
  3     2.8827     0.0148     0.1921     0.0061     0.0195     0.0080     2.6709     0.0207
  4     2.8824     0.0105     0.1961     0.0090     0.0163     0.0086     2.6700     0.0147
  5     2.8850     0.0096     0.1952     0.0072     0.0211     0.0117     2.6687     0.0117
  6     2.8876     0.0094     0.1963     0.0063     0.0181     0.0112     2.6731     0.0130
  7     2.8853     0.0091     0.1965     0.0053     0.0154     0.0109     2.6734     0.0110
  8     2.8882     0.0099     0.1955     0.0050     0.0103     0.0139     2.6824     0.0204
  9     2.8893     0.0090     0.1950     0.0045     0.0118     0.0127     2.6826     0.0180
 10     2.8886     0.0081     0.1949     0.0041     0.0110     0.0115     2.6828     0.0161
