 ERmod 0.3.8, Copyright (C) 2000-2019 Nobuyuki Matubayasi
                            2010-2019 Shun Sakuraba
 ERmod comes with ABSOLUTELY NO WARRANTY.
 This is free software, and you can redistribute it
 and/or modify it under certain conditions.
 See LICENSE file for details.
 ERmod 0.3.8, Copyright (C) 2000-2019 Nobuyuki Matubayasi
                            2010-2019 Shun Sakuraba
 ERmod comes with ABSOLUTELY NO WARRANTY.
 This is free software, and you can redistribute it
 and/or modify it under certain conditions.
 See LICENSE file for details.
 
  Number of the   1-th solvent  =          180
  Number of the   2-th solvent  =          180
  Number of the   3-th solvent  =        10000
 
  Be sure that the solvent distribution is homogeneous (radial distribution function is essentially unity) when the solvent molecule is separated beyond distance of   10.0 Angstrom in any direction from any atom within the solute molecule
 
  LJ long-range correction    =        -0.0147     -0.0366     -0.5893
 
  Self-energy of the solute   =        -0.0000  kcal/mol
 
 
 cumulative average & 95% error for solvation energy
              total             1st component         2nd component         3rd component
  1   -26.4422               -0.1864               -2.0400              -24.2158
  2   -26.5120     0.1397    -0.3190     0.2652    -1.4782     1.1235   -24.7148     0.9981
  3   -26.5012     0.0835    -0.1307     0.4066    -1.5016     0.6503   -24.8689     0.6535
  4   -26.4727     0.0822    -0.0411     0.3387    -1.5428     0.4672   -24.8888     0.4638
  5   -26.4767     0.0641    -0.2265     0.4542    -1.4052     0.4546   -24.8449     0.3698
  6   -26.4370     0.0950    -0.1994     0.3748    -1.4683     0.3920   -24.7693     0.3377
  7   -26.4326     0.0808    -0.2645     0.3425    -1.5004     0.3375   -24.6677     0.3503
  8   -26.4284     0.0705    -0.3565     0.3490    -1.5024     0.2923   -24.5696     0.3613
  9   -26.4052     0.0776    -0.3828     0.3123    -1.5742     0.2951   -24.4483     0.4005
 10   -26.4168     0.0731    -0.3564     0.2842    -1.5523     0.2675   -24.5080     0.3777
 
 
 group  inft  solvation free energy     error          difference
  total solvation free energy
   1      0         -1.68529           0.06597          -0.00042
   1     60         -1.71060           0.06596          -0.02572
   1     80         -1.92674           0.06587          -0.24187
   1    100         -2.72063           0.06564          -1.03576
   2      0         -1.68463           0.06315           0.00024
   3      0         -1.68487           0.06137           0.00000
   4      0         -1.67573           0.06208           0.00914
   5      0         -1.66694           0.06039           0.01793
   5     60         -1.70124           0.06037          -0.01637
   5     80         -1.97119           0.06021          -0.28631
   5    100         -2.70302           0.05992          -1.01815
 
  contribution from  1-th solvent component
   1      0          0.25946           0.16065           0.00642
   1     60          0.25924           0.16066           0.00620
   1     80          0.25686           0.16078           0.00382
   1    100          0.24555           0.16117          -0.00749
   2      0          0.25434           0.15588           0.00130
   3      0          0.25304           0.15439           0.00000
   4      0          0.25214           0.15412          -0.00090
   5      0          0.25349           0.15257           0.00045
   5     60          0.25317           0.15258           0.00013
   5     80          0.24991           0.15266          -0.00313
   5    100          0.23905           0.15285          -0.01399
 
  contribution from  2-th solvent component
   1      0         -0.66616           0.13956          -0.01033
   1     60         -0.66685           0.13956          -0.01101
   1     80         -0.67261           0.13957          -0.01677
   1    100         -0.69316           0.13957          -0.03732
   2      0         -0.65826           0.13814          -0.00242
   3      0         -0.65584           0.13769           0.00000
   4      0         -0.65299           0.13634           0.00284
   5      0         -0.65339           0.13613           0.00244
   5     60         -0.65432           0.13613           0.00152
   5     80         -0.66153           0.13613          -0.00569
   5    100         -0.68040           0.13610          -0.02456
 
  contribution from  3-th solvent component
   1      0         -1.27857           0.17081           0.00349
   1     60         -1.30297           0.17085          -0.02091
   1     80         -1.51097           0.17112          -0.22892
   1    100         -2.27300           0.17201          -0.99095
   2      0         -1.28069           0.17126           0.00136
   3      0         -1.28205           0.17075           0.00000
   4      0         -1.27486           0.16998           0.00720
   5      0         -1.26701           0.16916           0.01504
   5     60         -1.30007           0.16921          -0.01801
   5     80         -1.55955           0.16954          -0.27750
   5    100         -2.26165           0.17035          -0.97960
 
 
 group  inft   Estimated free energy: total (kcal/mol)
   1      0      -1.5971      -1.7066      -1.6015      -1.5571      -1.7092
                 -1.6662      -1.9118      -1.6439      -1.7943      -1.6652
   1     60      -1.6224      -1.7320      -1.6269      -1.5824      -1.7346
                 -1.6914      -1.9370      -1.6693      -1.8195      -1.6906
   1     80      -1.8387      -1.9489      -1.8433      -1.7985      -1.9513
                 -1.9068      -2.1529      -1.8855      -2.0351      -1.9066
   1    100      -2.6326      -2.7457      -2.6383      -2.5924      -2.7465
                 -2.6985      -2.9461      -2.6792      -2.8266      -2.7004
   2      0      -1.5895      -1.7142      -1.6123      -1.5750      -1.7022
                 -1.6613      -1.9079      -1.6337      -1.7798      -1.6704
   3      0      -1.5910      -1.7154      -1.6156      -1.5784      -1.7014
                 -1.6632      -1.9015      -1.6337      -1.7765      -1.6720
   4      0      -1.5774      -1.7073      -1.6072      -1.5722      -1.6880
                 -1.6526      -1.8978      -1.6249      -1.7648      -1.6651
   5      0      -1.5717      -1.6855      -1.6040      -1.5667      -1.6856
                 -1.6490      -1.8862      -1.6132      -1.7500      -1.6574
   5     60      -1.6060      -1.7199      -1.6383      -1.6010      -1.7200
                 -1.6832      -1.9204      -1.6476      -1.7842      -1.6917
   5     80      -1.8760      -1.9909      -1.9088      -1.8712      -1.9905
                 -1.9521      -2.1899      -1.9175      -2.0532      -1.9618
   5    100      -2.6079      -2.7256      -2.6421      -2.6035      -2.7233
                 -2.6818      -2.9207      -2.6489      -2.7827      -2.6937
 
 group  inft   Estimated free energy: 1-th solvent contribution (kcal/mol)
   1      0       0.4144       0.2260       0.6093       0.5934      -0.0580
                  0.3744       0.0248      -0.0155       0.0223       0.4035
   1     60       0.4141       0.2258       0.6091       0.5932      -0.0583
                  0.3742       0.0246      -0.0157       0.0220       0.4033
   1     80       0.4116       0.2233       0.6071       0.5913      -0.0607
                  0.3717       0.0220      -0.0183       0.0194       0.4011
   1    100       0.4003       0.2115       0.5968       0.5814      -0.0726
                  0.3602       0.0102      -0.0298       0.0075       0.3902
   2      0       0.4110       0.2228       0.5923       0.5726      -0.0586
                  0.3717       0.0245      -0.0102       0.0256       0.3917
   3      0       0.4128       0.2226       0.5871       0.5643      -0.0582
                  0.3725       0.0255      -0.0106       0.0272       0.3873
   4      0       0.4119       0.2249       0.5864       0.5598      -0.0586
                  0.3720       0.0218      -0.0095       0.0258       0.3869
   5      0       0.4147       0.2317       0.5843       0.5558      -0.0595
                  0.3710       0.0288      -0.0071       0.0313       0.3839
   5     60       0.4144       0.2313       0.5840       0.5555      -0.0598
                  0.3707       0.0285      -0.0074       0.0310       0.3836
   5     80       0.4110       0.2280       0.5810       0.5526      -0.0630
                  0.3673       0.0252      -0.0108       0.0275       0.3804
   5    100       0.4002       0.2167       0.5707       0.5425      -0.0742
                  0.3564       0.0140      -0.0217       0.0164       0.3696
 
 group  inft   Estimated free energy: 2-th solvent contribution (kcal/mol)
   1      0      -0.8569      -0.3455      -0.6299      -0.6781      -0.3239
                 -0.7718      -0.8412      -0.6508      -1.0181      -0.5455
   1     60      -0.8576      -0.3461      -0.6306      -0.6788      -0.3246
                 -0.7725      -0.8419      -0.6515      -1.0188      -0.5462
   1     80      -0.8634      -0.3517      -0.6364      -0.6846      -0.3303
                 -0.7782      -0.8476      -0.6573      -1.0245      -0.5520
   1    100      -0.8843      -0.3719      -0.6572      -0.7054      -0.3509
                 -0.7987      -0.8680      -0.6779      -1.0446      -0.5727
   2      0      -0.8457      -0.3467      -0.6213      -0.6707      -0.3157
                 -0.7618      -0.8358      -0.6430      -1.0059      -0.5361
   3      0      -0.8468      -0.3465      -0.6188      -0.6661      -0.3131
                 -0.7630      -0.8298      -0.6420      -0.9999      -0.5324
   4      0      -0.8401      -0.3486      -0.6184      -0.6619      -0.3095
                 -0.7579      -0.8295      -0.6384      -0.9917      -0.5338
   5      0      -0.8447      -0.3448      -0.6191      -0.6624      -0.3145
                 -0.7599      -0.8268      -0.6370      -0.9899      -0.5348
   5     60      -0.8456      -0.3457      -0.6200      -0.6634      -0.3154
                 -0.7608      -0.8278      -0.6380      -0.9908      -0.5358
   5     80      -0.8529      -0.3528      -0.6273      -0.6706      -0.3226
                 -0.7680      -0.8349      -0.6452      -0.9979      -0.5430
   5    100      -0.8721      -0.3715      -0.6464      -0.6897      -0.3414
                 -0.7867      -0.8537      -0.6641      -1.0164      -0.5620
 
 group  inft   Estimated free energy: 3-th solvent contribution (kcal/mol)
   1      0      -1.1546      -1.5871      -1.5809      -1.4723      -1.3273
                 -1.2688      -1.0954      -0.9776      -0.7984      -1.5232
   1     60      -1.1789      -1.6116      -1.6054      -1.4968      -1.3518
                 -1.2931      -1.1197      -1.0020      -0.8227      -1.5477
   1     80      -1.3868      -1.8204      -1.8139      -1.7052      -1.5602
                 -1.5002      -1.3273      -1.2099      -1.0300      -1.7557
   1    100      -2.1486      -2.5852      -2.5778      -2.4684      -2.3230
                 -2.2600      -2.0882      -1.9714      -1.7894      -2.5178
   2      0      -1.1547      -1.5904      -1.5833      -1.4770      -1.3279
                 -1.2712      -1.0966      -0.9804      -0.7995      -1.5259
   3      0      -1.1570      -1.5914      -1.5838      -1.4766      -1.3301
                 -1.2726      -1.0972      -0.9811      -0.8038      -1.5269
   4      0      -1.1492      -1.5836      -1.5752      -1.4700      -1.3199
                 -1.2667      -1.0900      -0.9770      -0.7989      -1.5181
   5      0      -1.1417      -1.5723      -1.5691      -1.4601      -1.3117
                 -1.2602      -1.0882      -0.9691      -0.7913      -1.5064
   5     60      -1.1747      -1.6055      -1.6023      -1.4932      -1.3448
                 -1.2930      -1.1211      -1.0022      -0.8242      -1.5395
   5     80      -1.4341      -1.8660      -1.8625      -1.7531      -1.6048
                 -1.5515      -1.3801      -1.2615      -1.0828      -1.7991
   5    100      -2.1360      -2.5707      -2.5665      -2.4563      -2.3076
                 -2.2515      -2.0810      -1.9630      -1.7827      -2.5013
 
 
 cumulative average & 95% error for solvation free energy
              total             1st component         2nd component         3rd component
  1    -1.5910                0.4128               -0.8468               -1.1570
  2    -1.6532     0.1244     0.3177     0.1902    -0.5967     0.5002    -1.3742     0.4344
  3    -1.6407     0.0761     0.4075     0.2105    -0.6040     0.2892    -1.4441     0.2871
  4    -1.6251     0.0622     0.4467     0.1682    -0.6195     0.2068    -1.4522     0.2037
  5    -1.6404     0.0570     0.3457     0.2403    -0.5583     0.2017    -1.4278     0.1652
  6    -1.6442     0.0472     0.3502     0.1964    -0.5924     0.1783    -1.4019     0.1444
  7    -1.6809     0.0836     0.3038     0.1902    -0.6263     0.1652    -1.3584     0.1499
  8    -1.6750     0.0734     0.2645     0.1825    -0.6283     0.1431    -1.3112     0.1605
  9    -1.6863     0.0685     0.2381     0.1694    -0.6696     0.1509    -1.2548     0.1810
 10    -1.6849     0.0614     0.2530     0.1544    -0.6558     0.1377    -1.2821     0.1708
