 ERmod 0.3.8, Copyright (C) 2000-2019 Nobuyuki Matubayasi
                            2010-2019 Shun Sakuraba
 ERmod comes with ABSOLUTELY NO WARRANTY.
 This is free software, and you can redistribute it
 and/or modify it under certain conditions.
 See LICENSE file for details.
 ERmod 0.3.8, Copyright (C) 2000-2019 Nobuyuki Matubayasi
                            2010-2019 Shun Sakuraba
 ERmod comes with ABSOLUTELY NO WARRANTY.
 This is free software, and you can redistribute it
 and/or modify it under certain conditions.
 See LICENSE file for details.
 
  Number of the   1-th solvent  =           90
  Number of the   2-th solvent  =           90
  Number of the   3-th solvent  =        10000
 
  Be sure that the solvent distribution is homogeneous (radial distribution function is essentially unity) when the solvent molecule is separated beyond distance of   10.0 Angstrom in any direction from any atom within the solute molecule
 
  LJ long-range correction    =        -0.0019     -0.0014     -0.1555
 
  Self-energy of the solute   =        -0.0001  kcal/mol
 
 
 cumulative average & 95% error for solvation energy
              total             1st component         2nd component         3rd component
  1   -15.9698               -0.5195               -0.6568              -14.7934
  2   -15.9179     0.1038    -0.4825     0.0738    -0.8142     0.3150   -14.6209     0.3450
  3   -15.9406     0.0753    -0.5508     0.1430    -0.9053     0.2574   -14.4844     0.3381
  4   -15.9581     0.0637    -0.6263     0.1818    -1.0628     0.3638   -14.2688     0.4930
  5   -15.9305     0.0740    -0.5877     0.1606    -0.8886     0.4481   -14.4541     0.5321
  6   -15.9785     0.1135    -0.5129     0.1989    -0.9750     0.4046   -14.4905     0.4405
  7   -15.9673     0.0985    -0.5038     0.1691    -0.8590     0.4132   -14.6043     0.4364
  8   -15.9556     0.0885    -0.4978     0.1469    -0.7450     0.4243   -14.7127     0.4356
  9   -15.9493     0.0790    -0.5019     0.1298    -0.7393     0.3744   -14.7080     0.3843
 10   -15.9431     0.0718    -0.4780     0.1256    -0.6929     0.3475   -14.7720     0.3668
 
 
 group  inft  solvation free energy     error          difference
  total solvation free energy
   1      0         -3.28848           0.04660           0.00155
   1     60         -3.30495           0.04660          -0.01491
   1     80         -3.40559           0.04659          -0.11555
   1    100         -3.71514           0.04662          -0.42511
   2      0         -3.28843           0.04624           0.00160
   3      0         -3.29004           0.04497           0.00000
   4      0         -3.28270           0.04653           0.00734
   5      0         -3.28878           0.04476           0.00126
   5     60         -3.31044           0.04476          -0.02040
   5     80         -3.43239           0.04475          -0.14236
   5    100         -3.71656           0.04478          -0.42653
 
  contribution from  1-th solvent component
   1      0         -0.15859           0.06704           0.00094
   1     60         -0.15869           0.06705           0.00084
   1     80         -0.15930           0.06712           0.00023
   1    100         -0.16142           0.06731          -0.00189
   2      0         -0.15906           0.06246           0.00047
   3      0         -0.15953           0.06046           0.00000
   4      0         -0.15919           0.06012           0.00034
   5      0         -0.15814           0.05964           0.00139
   5     60         -0.15829           0.05965           0.00124
   5     80         -0.15915           0.05970           0.00039
   5    100         -0.16128           0.05979          -0.00175
 
  contribution from  2-th solvent component
   1      0         -0.40752           0.17495          -0.00069
   1     60         -0.40735           0.17496          -0.00052
   1     80         -0.40671           0.17502           0.00012
   1    100         -0.40574           0.17522           0.00110
   2      0         -0.40652           0.17540           0.00032
   3      0         -0.40683           0.17513           0.00000
   4      0         -0.40686           0.17521          -0.00003
   5      0         -0.40771           0.17492          -0.00088
   5     60         -0.40752           0.17493          -0.00069
   5     80         -0.40694           0.17501          -0.00010
   5    100         -0.40652           0.17520           0.00031
 
  contribution from  3-th solvent component
   1      0         -2.72224           0.19177           0.00130
   1     60         -2.73878           0.19179          -0.01523
   1     80         -2.83945           0.19198          -0.11590
   1    100         -3.14786           0.19260          -0.42431
   2      0         -2.72273           0.19171           0.00081
   3      0         -2.72355           0.19148           0.00000
   4      0         -2.71652           0.19084           0.00703
   5      0         -2.72279           0.19105           0.00075
   5     60         -2.74449           0.19108          -0.02095
   5     80         -2.86618           0.19131          -0.14264
   5    100         -3.14863           0.19189          -0.42509
 
 
 group  inft   Estimated free energy: total (kcal/mol)
   1      0      -3.3058      -3.4711      -3.2753      -3.2535      -3.2201
                 -3.3325      -3.2279      -3.2721      -3.2948      -3.2317
   1     60      -3.3224      -3.4875      -3.2918      -3.2699      -3.2365
                 -3.3491      -3.2444      -3.2886      -3.3113      -3.2481
   1     80      -3.4233      -3.5877      -3.3924      -3.3700      -3.3371
                 -3.4503      -3.3451      -3.3895      -3.4120      -3.3486
   1    100      -3.7337      -3.8968      -3.7009      -3.6778      -3.6467
                 -3.7608      -3.6550      -3.7000      -3.7219      -3.6577
   2      0      -3.2970      -3.4685      -3.2714      -3.2486      -3.2243
                 -3.3485      -3.2303      -3.2657      -3.2874      -3.2426
   3      0      -3.2950      -3.4648      -3.2714      -3.2487      -3.2309
                 -3.3539      -3.2328      -3.2687      -3.2829      -3.2511
   4      0      -3.2868      -3.4632      -3.2674      -3.2414      -3.2187
                 -3.3503      -3.2295      -3.2579      -3.2736      -3.2382
   5      0      -3.2868      -3.4668      -3.2705      -3.2508      -3.2331
                 -3.3475      -3.2366      -3.2656      -3.2833      -3.2467
   5     60      -3.3086      -3.4883      -3.2922      -3.2723      -3.2547
                 -3.3693      -3.2582      -3.2874      -3.3049      -3.2683
   5     80      -3.4308      -3.6098      -3.4140      -3.3935      -3.3765
                 -3.4921      -3.3804      -3.4097      -3.4269      -3.3902
   5    100      -3.7157      -3.8935      -3.6972      -3.6760      -3.6607
                 -3.7774      -3.6650      -3.6947      -3.7113      -3.6742
 
 group  inft   Estimated free energy: 1-th solvent contribution (kcal/mol)
   1      0      -0.1824      -0.2324      -0.2550      -0.3370      -0.0946
                  0.0246      -0.1273      -0.1493      -0.1927      -0.0398
   1     60      -0.1826      -0.2325      -0.2551      -0.3371      -0.0947
                  0.0245      -0.1274      -0.1494      -0.1928      -0.0399
   1     80      -0.1833      -0.2332      -0.2558      -0.3378      -0.0953
                  0.0242      -0.1279      -0.1500      -0.1936      -0.0403
   1    100      -0.1858      -0.2355      -0.2581      -0.3401      -0.0974
                  0.0228      -0.1300      -0.1521      -0.1960      -0.0420
   2      0      -0.1749      -0.2307      -0.2485      -0.3316      -0.0944
                  0.0085      -0.1286      -0.1481      -0.1860      -0.0562
   3      0      -0.1728      -0.2297      -0.2449      -0.3289      -0.0964
                  0.0036      -0.1345      -0.1486      -0.1804      -0.0627
   4      0      -0.1722      -0.2330      -0.2466      -0.3258      -0.0928
                 -0.0007      -0.1325      -0.1484      -0.1788      -0.0612
   5      0      -0.1698      -0.2289      -0.2426      -0.3255      -0.0975
                  0.0004      -0.1331      -0.1463      -0.1786      -0.0594
   5     60      -0.1699      -0.2291      -0.2428      -0.3257      -0.0976
                  0.0002      -0.1333      -0.1464      -0.1788      -0.0596
   5     80      -0.1709      -0.2300      -0.2437      -0.3266      -0.0985
                 -0.0004      -0.1341      -0.1472      -0.1797      -0.0603
   5    100      -0.1733      -0.2322      -0.2459      -0.3288      -0.1006
                 -0.0021      -0.1362      -0.1494      -0.1821      -0.0622
 
 group  inft   Estimated free energy: 2-th solvent contribution (kcal/mol)
   1      0      -0.4023      -0.6581      -0.6160      -0.7801      -0.1643
                 -0.7211      -0.1025      -0.0365      -0.4216      -0.1727
   1     60      -0.4022      -0.6579      -0.6158      -0.7800      -0.1641
                 -0.7210      -0.1023      -0.0363      -0.4215      -0.1725
   1     80      -0.4017      -0.6573      -0.6151      -0.7795      -0.1631
                 -0.7205      -0.1015      -0.0356      -0.4210      -0.1719
   1    100      -0.4012      -0.6563      -0.6138      -0.7791      -0.1610
                 -0.7200      -0.1003      -0.0344      -0.4205      -0.1708
   2      0      -0.3991      -0.6558      -0.6192      -0.7804      -0.1692
                 -0.7198      -0.1026      -0.0305      -0.4198      -0.1687
   3      0      -0.4022      -0.6517      -0.6211      -0.7811      -0.1707
                 -0.7191      -0.1017      -0.0311      -0.4203      -0.1694
   4      0      -0.3987      -0.6544      -0.6195      -0.7837      -0.1734
                 -0.7174      -0.1055      -0.0290      -0.4200      -0.1672
   5      0      -0.3999      -0.6548      -0.6202      -0.7841      -0.1730
                 -0.7163      -0.1057      -0.0316      -0.4232      -0.1683
   5     60      -0.3998      -0.6546      -0.6200      -0.7840      -0.1727
                 -0.7161      -0.1055      -0.0314      -0.4230      -0.1681
   5     80      -0.3994      -0.6540      -0.6193      -0.7836      -0.1716
                 -0.7157      -0.1048      -0.0307      -0.4226      -0.1675
   5    100      -0.3995      -0.6536      -0.6187      -0.7836      -0.1701
                 -0.7158      -0.1043      -0.0300      -0.4225      -0.1670
 
 group  inft   Estimated free energy: 3-th solvent contribution (kcal/mol)
   1      0      -2.7209      -2.5805      -2.4042      -2.1362      -2.9610
                 -2.6358      -2.9980      -3.0861      -2.6804      -3.0191
   1     60      -2.7375      -2.5969      -2.4208      -2.1526      -2.9776
                 -2.6525      -3.0146      -3.1027      -2.6969      -3.0356
   1     80      -2.8381      -2.6971      -2.5214      -2.2525      -3.0785
                 -2.7539      -3.1155      -3.2038      -2.7973      -3.1363
   1    100      -3.1466      -3.0049      -2.8288      -2.5584      -3.3882
                 -3.0635      -3.4246      -3.5134      -3.1054      -3.4448
   2      0      -2.7229      -2.5818      -2.4035      -2.1364      -2.9605
                 -2.6371      -2.9990      -3.0870      -2.6815      -3.0176
   3      0      -2.7199      -2.5833      -2.4053      -2.1386      -2.9637
                 -2.6382      -2.9965      -3.0890      -2.6821      -3.0188
   4      0      -2.7157      -2.5758      -2.4012      -2.1319      -2.9525
                 -2.6321      -2.9914      -3.0803      -2.6746      -3.0097
   5      0      -2.7170      -2.5830      -2.4076      -2.1410      -2.9625
                 -2.6315      -2.9976      -3.0876      -2.6813      -3.0189
   5     60      -2.7387      -2.6045      -2.4293      -2.1625      -2.9843
                 -2.6534      -3.0193      -3.1094      -2.7030      -3.0405
   5     80      -2.8604      -2.7257      -2.5509      -2.2832      -3.1063
                 -2.7759      -3.1413      -3.2316      -2.8244      -3.1622
   5    100      -3.1428      -3.0075      -2.8324      -2.5634      -3.3899
                 -3.0594      -3.4244      -3.5151      -3.1066      -3.4448
 
 
 cumulative average & 95% error for solvation free energy
              total             1st component         2nd component         3rd component
  1    -3.2950               -0.1728               -0.4022               -2.7199
  2    -3.3799     0.1698    -0.2013     0.0569    -0.5269     0.2495    -2.6516     0.1367
  3    -3.3438     0.1218    -0.2158     0.0439    -0.5583     0.1571    -2.5695     0.1821
  4    -3.3200     0.0984    -0.2441     0.0645    -0.6140     0.1573    -2.4618     0.2510
  5    -3.3022     0.0841    -0.2145     0.0774    -0.5253     0.2152    -2.5622     0.2795
  6    -3.3108     0.0708    -0.1782     0.0963    -0.5576     0.1872    -2.5748     0.2296
  7    -3.2997     0.0639    -0.1719     0.0824    -0.4925     0.2049    -2.6351     0.2284
  8    -3.2958     0.0558    -0.1690     0.0716    -0.4348     0.2117    -2.6918     0.2280
  9    -3.2944     0.0493    -0.1703     0.0632    -0.4332     0.1867    -2.6907     0.2011
 10    -3.2900     0.0450    -0.1595     0.0605    -0.4068     0.1751    -2.7235     0.1915
