 ERmod 0.3.8, Copyright (C) 2000-2019 Nobuyuki Matubayasi
                            2010-2019 Shun Sakuraba
 ERmod comes with ABSOLUTELY NO WARRANTY.
 This is free software, and you can redistribute it
 and/or modify it under certain conditions.
 See LICENSE file for details.
 ERmod 0.3.8, Copyright (C) 2000-2019 Nobuyuki Matubayasi
                            2010-2019 Shun Sakuraba
 ERmod comes with ABSOLUTELY NO WARRANTY.
 This is free software, and you can redistribute it
 and/or modify it under certain conditions.
 See LICENSE file for details.
 
  Number of the   1-th solvent  =           90
  Number of the   2-th solvent  =           90
  Number of the   3-th solvent  =        10000
 
  Be sure that the solvent distribution is homogeneous (radial distribution function is essentially unity) when the solvent molecule is separated beyond distance of   10.0 Angstrom in any direction from any atom within the solute molecule
 
  LJ long-range correction    =        -0.0018     -0.0041     -0.4471
 
  Self-energy of the solute   =        -0.0001  kcal/mol
 
 
 cumulative average & 95% error for solvation energy
              total             1st component         2nd component         3rd component
  1   -22.7635               -1.4433               -0.3613              -20.9587
  2   -22.8254     0.1239    -0.7057     1.4753    -0.7519     0.7810   -21.3678     0.8181
  3   -22.7042     0.2527    -0.5404     0.9136    -0.6187     0.5237   -21.5450     0.5905
  4   -22.7075     0.1788    -0.3904     0.7123    -0.7518     0.4561   -21.5652     0.4195
  5   -22.6682     0.1592    -0.4965     0.5912    -0.7008     0.3676   -21.4707     0.3759
  6   -22.6748     0.1307    -0.4210     0.5057    -0.7205     0.3027   -21.5331     0.3313
  7   -22.6507     0.1205    -0.4284     0.4277    -0.6689     0.2759   -21.5533     0.2829
  8   -22.6432     0.1055    -0.4125     0.3717    -0.6453     0.2436   -21.5852     0.2532
  9   -22.6708     0.1082    -0.3793     0.3345    -0.6856     0.2294   -21.6058     0.2270
 10   -22.6642     0.0977    -0.3485     0.3055    -0.6428     0.2224   -21.6729     0.2434
 
 
 group  inft  solvation free energy     error          difference
  total solvation free energy
   1      0         -2.04816           0.09501           0.00888
   1     60         -2.06286           0.09503          -0.00581
   1     80         -2.20015           0.09521          -0.14311
   1    100         -2.76229           0.09601          -0.70525
   2      0         -2.05315           0.09562           0.00389
   3      0         -2.05704           0.09573           0.00000
   4      0         -2.05235           0.09904           0.00469
   5      0         -2.05431           0.09618           0.00273
   5     60         -2.07456           0.09621          -0.01752
   5     80         -2.24909           0.09642          -0.19205
   5    100         -2.77030           0.09710          -0.71326
 
  contribution from  1-th solvent component
   1      0         -0.06793           0.13891           0.00838
   1     60         -0.06789           0.13891           0.00841
   1     80         -0.06777           0.13892           0.00854
   1    100         -0.06773           0.13910           0.00857
   2      0         -0.07371           0.13875           0.00260
   3      0         -0.07630           0.13757           0.00000
   4      0         -0.07769           0.13715          -0.00139
   5      0         -0.07636           0.13719          -0.00006
   5     60         -0.07634           0.13719          -0.00003
   5     80         -0.07632           0.13721          -0.00002
   5    100         -0.07674           0.13739          -0.00043
 
  contribution from  2-th solvent component
   1      0         -0.39925           0.11878          -0.00353
   1     60         -0.39904           0.11878          -0.00331
   1     80         -0.39803           0.11887          -0.00230
   1    100         -0.39641           0.11918          -0.00069
   2      0         -0.39626           0.11932          -0.00053
   3      0         -0.39572           0.11917           0.00000
   4      0         -0.39641           0.12038          -0.00068
   5      0         -0.39589           0.11897          -0.00016
   5     60         -0.39564           0.11898           0.00009
   5     80         -0.39467           0.11908           0.00105
   5    100         -0.39373           0.11939           0.00199
 
  contribution from  3-th solvent component
   1      0         -1.58084           0.13290           0.00403
   1     60         -1.59578           0.13291          -0.01091
   1     80         -1.73421           0.13301          -0.14934
   1    100         -2.29800           0.13366          -0.71313
   2      0         -1.58304           0.13261           0.00183
   3      0         -1.58487           0.13258           0.00000
   4      0         -1.57810           0.13210           0.00676
   5      0         -1.58192           0.13141           0.00295
   5     60         -1.60244           0.13142          -0.01757
   5     80         -1.77795           0.13154          -0.19308
   5    100         -2.29969           0.13214          -0.71482
 
 
 group  inft   Estimated free energy: total (kcal/mol)
   1      0      -2.0410      -2.0608      -1.9401      -1.9424      -1.9744
                 -2.1101      -1.9704      -2.0891      -2.4316      -1.9217
   1     60      -2.0557      -2.0755      -1.9548      -1.9571      -1.9891
                 -2.1248      -1.9851      -2.1038      -2.4464      -1.9364
   1     80      -2.1931      -2.2126      -2.0915      -2.0939      -2.1260
                 -2.2627      -2.1221      -2.2412      -2.5843      -2.0740
   1    100      -2.7553      -2.7731      -2.6512      -2.6544      -2.6870
                 -2.8267      -2.6840      -2.8042      -3.1495      -2.6374
   2      0      -2.0431      -2.0757      -1.9428      -1.9462      -1.9866
                 -2.1102      -1.9771      -2.0927      -2.4384      -1.9187
   3      0      -2.0369      -2.0827      -1.9465      -1.9534      -1.9949
                 -2.1171      -1.9794      -2.0966      -2.4424      -1.9206
   4      0      -2.0363      -2.0917      -1.9381      -1.9378      -1.9869
                 -2.1115      -1.9744      -2.0900      -2.4483      -1.9085
   5      0      -2.0393      -2.0894      -1.9458      -1.9447      -1.9958
                 -2.1067      -1.9801      -2.0990      -2.4376      -1.9048
   5     60      -2.0596      -2.1096      -1.9660      -1.9648      -2.0160
                 -2.1270      -2.0002      -2.1192      -2.4579      -1.9252
   5     80      -2.2343      -2.2840      -2.1397      -2.1389      -2.1900
                 -2.3023      -2.1744      -2.2938      -2.6332      -2.1001
   5    100      -2.7553      -2.8035      -2.6586      -2.6589      -2.7102
                 -2.8255      -2.6956      -2.8159      -3.1572      -2.6222
 
 group  inft   Estimated free energy: 1-th solvent contribution (kcal/mol)
   1      0      -0.5509       0.1274       0.0013       0.1551      -0.3194
                  0.0245      -0.0907      -0.0765      -0.0715       0.1214
   1     60      -0.5508       0.1275       0.0013       0.1551      -0.3193
                  0.0245      -0.0907      -0.0765      -0.0714       0.1215
   1     80      -0.5507       0.1278       0.0016       0.1551      -0.3192
                  0.0245      -0.0906      -0.0765      -0.0714       0.1218
   1    100      -0.5511       0.1284       0.0022       0.1550      -0.3196
                  0.0245      -0.0909      -0.0767      -0.0716       0.1225
   2      0      -0.5583       0.1154      -0.0049       0.1449      -0.3249
                  0.0182      -0.0963      -0.0809      -0.0713       0.1211
   3      0      -0.5555       0.1086      -0.0055       0.1406      -0.3256
                  0.0139      -0.0943      -0.0900      -0.0769       0.1216
   4      0      -0.5550       0.0994      -0.0071       0.1413      -0.3251
                  0.0127      -0.1011      -0.0857      -0.0813       0.1250
   5      0      -0.5531       0.1046      -0.0066       0.1367      -0.3241
                  0.0161      -0.0993      -0.0880      -0.0800       0.1301
   5     60      -0.5531       0.1046      -0.0066       0.1367      -0.3240
                  0.0161      -0.0993      -0.0880      -0.0800       0.1302
   5     80      -0.5531       0.1048      -0.0064       0.1366      -0.3241
                  0.0160      -0.0993      -0.0881      -0.0800       0.1304
   5    100      -0.5539       0.1049      -0.0063       0.1360      -0.3248
                  0.0153      -0.1001      -0.0887      -0.0807       0.1309
 
 group  inft   Estimated free energy: 2-th solvent contribution (kcal/mol)
   1      0      -0.3209      -0.6049      -0.2177      -0.5419      -0.3611
                 -0.4577      -0.2614      -0.3421      -0.7464      -0.1384
   1     60      -0.3207      -0.6047      -0.2174      -0.5417      -0.3608
                 -0.4576      -0.2612      -0.3419      -0.7462      -0.1382
   1     80      -0.3198      -0.6037      -0.2159      -0.5410      -0.3596
                 -0.4568      -0.2601      -0.3411      -0.7453      -0.1370
   1    100      -0.3189      -0.6021      -0.2124      -0.5399      -0.3577
                 -0.4558      -0.2584      -0.3401      -0.7443      -0.1345
   2      0      -0.3130      -0.6039      -0.2151      -0.5327      -0.3659
                 -0.4489      -0.2599      -0.3393      -0.7495      -0.1344
   3      0      -0.3087      -0.6040      -0.2139      -0.5326      -0.3695
                 -0.4509      -0.2623      -0.3341      -0.7468      -0.1345
   4      0      -0.3113      -0.6098      -0.2139      -0.5309      -0.3697
                 -0.4499      -0.2583      -0.3351      -0.7518      -0.1333
   5      0      -0.3117      -0.6060      -0.2152      -0.5272      -0.3732
                 -0.4496      -0.2584      -0.3380      -0.7462      -0.1334
   5     60      -0.3114      -0.6057      -0.2149      -0.5270      -0.3729
                 -0.4494      -0.2581      -0.3378      -0.7460      -0.1331
   5     80      -0.3105      -0.6048      -0.2133      -0.5264      -0.3717
                 -0.4488      -0.2571      -0.3370      -0.7452      -0.1320
   5    100      -0.3102      -0.6039      -0.2104      -0.5261      -0.3705
                 -0.4484      -0.2560      -0.3367      -0.7449      -0.1303
 
 group  inft   Estimated free energy: 3-th solvent contribution (kcal/mol)
   1      0      -1.1691      -1.5831      -1.7236      -1.5554      -1.2938
                 -1.6767      -1.6181      -1.6704      -1.6136      -1.9045
   1     60      -1.1840      -1.5981      -1.7385      -1.5703      -1.3087
                 -1.6916      -1.6330      -1.6853      -1.6286      -1.9196
   1     80      -1.3225      -1.7365      -1.8769      -1.7080      -1.4470
                 -1.8303      -1.7712      -1.8235      -1.7675      -2.0587
   1    100      -1.8851      -2.2992      -2.4408      -2.2694      -2.0095
                 -2.3953      -2.3346      -2.3873      -2.3335      -2.6252
   2      0      -1.1716      -1.5869      -1.7227      -1.5583      -1.2956
                 -1.6793      -1.6209      -1.6723      -1.6174      -1.9053
   3      0      -1.1726      -1.5872      -1.7270      -1.5612      -1.2996
                 -1.6799      -1.6227      -1.6723      -1.6185      -1.9075
   4      0      -1.1698      -1.5811      -1.7170      -1.5481      -1.2920
                 -1.6742      -1.6148      -1.6690      -1.6150      -1.9000
   5      0      -1.1744      -1.5878      -1.7239      -1.5540      -1.2984
                 -1.6730      -1.6223      -1.6728      -1.6112      -1.9014
   5     60      -1.1950      -1.6084      -1.7444      -1.5744      -1.3189
                 -1.6935      -1.6427      -1.6933      -1.6318      -1.9220
   5     80      -1.3705      -1.7838      -1.9199      -1.7490      -1.4942
                 -1.8693      -1.8179      -1.8686      -1.8079      -2.0984
   5    100      -1.8912      -2.3044      -2.4417      -2.2687      -2.0148
                 -2.3923      -2.3393      -2.3903      -2.3314      -2.6227
 
 
 cumulative average & 95% error for solvation free energy
              total             1st component         2nd component         3rd component
  1    -2.0369               -0.5555               -0.3087               -1.1726
  2    -2.0598     0.0458    -0.2234     0.6641    -0.4563     0.2952    -1.3799     0.4147
  3    -2.0220     0.0800    -0.1508     0.4100    -0.3755     0.2349    -1.4956     0.3329
  4    -2.0049     0.0662    -0.0779     0.3245    -0.4148     0.1837    -1.5120     0.2377
  5    -2.0029     0.0514    -0.1275     0.2702    -0.4057     0.1435    -1.4695     0.2028
  6    -2.0219     0.0567    -0.1039     0.2256    -0.4133     0.1181    -1.5046     0.1798
  7    -2.0158     0.0494    -0.1025     0.1906    -0.3917     0.1087    -1.5215     0.1557
  8    -2.0259     0.0473    -0.1010     0.1651    -0.3845     0.0953    -1.5403     0.1400
  9    -2.0722     0.1015    -0.0983     0.1457    -0.4247     0.1164    -1.5490     0.1247
 10    -2.0570     0.0957    -0.0763     0.1376    -0.3957     0.1192    -1.5849     0.1326
