 ERmod 0.3.8, Copyright (C) 2000-2019 Nobuyuki Matubayasi
                            2010-2019 Shun Sakuraba
 ERmod comes with ABSOLUTELY NO WARRANTY.
 This is free software, and you can redistribute it
 and/or modify it under certain conditions.
 See LICENSE file for details.
 ERmod 0.3.8, Copyright (C) 2000-2019 Nobuyuki Matubayasi
                            2010-2019 Shun Sakuraba
 ERmod comes with ABSOLUTELY NO WARRANTY.
 This is free software, and you can redistribute it
 and/or modify it under certain conditions.
 See LICENSE file for details.
 
  Number of the   1-th solvent  =          180
  Number of the   2-th solvent  =          180
  Number of the   3-th solvent  =        10000
 
  Be sure that the solvent distribution is homogeneous (radial distribution function is essentially unity) when the solvent molecule is separated beyond distance of   10.0 Angstrom in any direction from any atom within the solute molecule
 
  LJ long-range correction    =        -0.0009     -0.0046     -0.1192
 
  Self-energy of the solute   =         0.0000  kcal/mol
 
 
 cumulative average & 95% error for solvation energy
              total             1st component         2nd component         3rd component
  1    -3.5969                0.0328               -0.1169               -3.5128
  2    -3.6015     0.0092     0.0306     0.0043    -0.1384     0.0431    -3.4937     0.0382
  3    -3.6022     0.0055     0.0324     0.0044    -0.1327     0.0274    -3.5019     0.0274
  4    -3.6003     0.0055     0.0338     0.0042    -0.1256     0.0240    -3.5085     0.0235
  5    -3.6018     0.0053     0.0352     0.0042    -0.1267     0.0188    -3.5103     0.0186
  6    -3.6041     0.0063     0.0356     0.0036    -0.1253     0.0156    -3.5144     0.0173
  7    -3.6030     0.0058     0.0356     0.0030    -0.1252     0.0132    -3.5134     0.0147
  8    -3.6012     0.0061     0.0361     0.0028    -0.1241     0.0116    -3.5132     0.0128
  9    -3.6003     0.0057     0.0363     0.0025    -0.1248     0.0103    -3.5117     0.0116
 10    -3.6034     0.0080     0.0360     0.0023    -0.1265     0.0098    -3.5129     0.0107
 
 
 group  inft  solvation free energy     error          difference
  total solvation free energy
   1      0          2.75591           0.01039           0.02136
   1     60          2.74463           0.01042           0.01008
   1     80          2.67207           0.01076          -0.06248
   1    100          2.43152           0.01196          -0.30304
   2      0          2.75948           0.00968           0.02492
   3      0          2.73455           0.01043           0.00000
   4      0          2.79658           0.00936           0.06202
   5      0          2.73744           0.00994           0.00289
   5     60          2.72253           0.00999          -0.01202
   5     80          2.63358           0.01042          -0.10097
   5    100          2.40947           0.01152          -0.32509
 
  contribution from  1-th solvent component
   1      0          0.08154           0.00368           0.00399
   1     60          0.08163           0.00367           0.00407
   1     80          0.08236           0.00371           0.00480
   1    100          0.08333           0.00403           0.00577
   2      0          0.07865           0.00315           0.00109
   3      0          0.07756           0.00298           0.00000
   4      0          0.07567           0.00287          -0.00189
   5      0          0.07682           0.00286          -0.00073
   5     60          0.07696           0.00285          -0.00060
   5     80          0.07765           0.00290           0.00009
   5    100          0.07812           0.00321           0.00057
 
  contribution from  2-th solvent component
   1      0          0.04825           0.00667           0.00444
   1     60          0.04809           0.00668           0.00428
   1     80          0.04672           0.00674           0.00291
   1    100          0.04200           0.00690          -0.00181
   2      0          0.04540           0.00625           0.00159
   3      0          0.04381           0.00625           0.00000
   4      0          0.04384           0.00575           0.00003
   5      0          0.04286           0.00598          -0.00095
   5     60          0.04262           0.00599          -0.00119
   5     80          0.04086           0.00604          -0.00295
   5    100          0.03634           0.00616          -0.00747
 
  contribution from  3-th solvent component
   1      0          2.62612           0.01123           0.01293
   1     60          2.61492           0.01127           0.00173
   1     80          2.54299           0.01158          -0.07019
   1    100          2.30619           0.01263          -0.30700
   2      0          2.63542           0.01090           0.02224
   3      0          2.61319           0.01135           0.00000
   4      0          2.67707           0.01038           0.06388
   5      0          2.61775           0.01126           0.00457
   5     60          2.60295           0.01131          -0.01024
   5     80          2.51507           0.01168          -0.09812
   5    100          2.29501           0.01264          -0.31818
 
 
 group  inft   Estimated free energy: total (kcal/mol)
   1      0       2.7767       2.7506       2.7522       2.7541       2.7584
                  2.7365       2.7680       2.7793       2.7570       2.7264
   1     60       2.7655       2.7394       2.7409       2.7428       2.7472
                  2.7251       2.7568       2.7680       2.7456       2.7150
   1     80       2.6938       2.6667       2.6683       2.6701       2.6747
                  2.6516       2.6848       2.6961       2.6731       2.6416
   1    100       2.4555       2.4253       2.4272       2.4294       2.4343
                  2.4087       2.4460       2.4582       2.4327       2.3979
   2      0       2.7783       2.7557       2.7578       2.7563       2.7618
                  2.7399       2.7731       2.7809       2.7579       2.7332
   3      0       2.7553       2.7324       2.7326       2.7302       2.7355
                  2.7134       2.7493       2.7573       2.7333       2.7062
   4      0       2.8144       2.7949       2.7952       2.7917       2.7962
                  2.7785       2.8096       2.8186       2.7954       2.7712
   5      0       2.7572       2.7376       2.7350       2.7328       2.7377
                  2.7157       2.7519       2.7584       2.7366       2.7114
   5     60       2.7425       2.7228       2.7201       2.7179       2.7229
                  2.7006       2.7371       2.7435       2.7216       2.6964
   5     80       2.6544       2.6337       2.6311       2.6287       2.6341
                  2.6106       2.6489       2.6554       2.6325       2.6064
   5    100       2.4324       2.4088       2.4066       2.4042       2.4103
                  2.3842       2.4265       2.4337       2.4085       2.3794
 
 group  inft   Estimated free energy: 1-th solvent contribution (kcal/mol)
   1      0       0.0735       0.0728       0.0785       0.0837       0.0902
                  0.0866       0.0779       0.0872       0.0834       0.0817
   1     60       0.0736       0.0730       0.0786       0.0838       0.0904
                  0.0866       0.0780       0.0872       0.0834       0.0818
   1     80       0.0742       0.0736       0.0793       0.0846       0.0912
                  0.0874       0.0787       0.0880       0.0842       0.0825
   1    100       0.0746       0.0736       0.0800       0.0858       0.0926
                  0.0889       0.0795       0.0898       0.0854       0.0832
   2      0       0.0711       0.0718       0.0763       0.0798       0.0861
                  0.0828       0.0756       0.0841       0.0795       0.0794
   3      0       0.0704       0.0710       0.0758       0.0787       0.0842
                  0.0812       0.0747       0.0835       0.0782       0.0780
   4      0       0.0683       0.0698       0.0741       0.0759       0.0824
                  0.0790       0.0732       0.0812       0.0766       0.0762
   5      0       0.0699       0.0706       0.0751       0.0778       0.0829
                  0.0807       0.0742       0.0828       0.0777       0.0765
   5     60       0.0700       0.0708       0.0753       0.0779       0.0831
                  0.0808       0.0744       0.0828       0.0778       0.0767
   5     80       0.0706       0.0714       0.0760       0.0787       0.0839
                  0.0815       0.0750       0.0836       0.0785       0.0773
   5    100       0.0705       0.0710       0.0762       0.0793       0.0847
                  0.0825       0.0753       0.0850       0.0792       0.0775
 
 group  inft   Estimated free energy: 2-th solvent contribution (kcal/mol)
   1      0       0.0567       0.0285       0.0510       0.0647       0.0443
                  0.0524       0.0489       0.0557       0.0445       0.0357
   1     60       0.0566       0.0283       0.0509       0.0646       0.0441
                  0.0523       0.0487       0.0556       0.0443       0.0355
   1     80       0.0553       0.0269       0.0495       0.0634       0.0427
                  0.0509       0.0473       0.0543       0.0429       0.0340
   1    100       0.0507       0.0218       0.0448       0.0594       0.0379
                  0.0461       0.0426       0.0497       0.0380       0.0290
   2      0       0.0529       0.0268       0.0485       0.0610       0.0416
                  0.0506       0.0464       0.0510       0.0411       0.0340
   3      0       0.0524       0.0250       0.0465       0.0588       0.0399
                  0.0484       0.0451       0.0500       0.0391       0.0327
   4      0       0.0513       0.0270       0.0462       0.0579       0.0397
                  0.0490       0.0451       0.0494       0.0393       0.0336
   5      0       0.0508       0.0248       0.0449       0.0574       0.0396
                  0.0475       0.0445       0.0486       0.0380       0.0324
   5     60       0.0506       0.0246       0.0447       0.0572       0.0394
                  0.0473       0.0443       0.0484       0.0378       0.0321
   5     80       0.0489       0.0227       0.0430       0.0556       0.0376
                  0.0455       0.0425       0.0466       0.0359       0.0303
   5    100       0.0445       0.0180       0.0385       0.0515       0.0330
                  0.0410       0.0380       0.0422       0.0313       0.0255
 
 group  inft   Estimated free energy: 3-th solvent contribution (kcal/mol)
   1      0       2.6464       2.6492       2.6227       2.6057       2.6239
                  2.5975       2.6413       2.6364       2.6291       2.6090
   1     60       2.6353       2.6381       2.6115       2.5944       2.6127
                  2.5861       2.6301       2.6252       2.6179       2.5977
   1     80       2.5643       2.5663       2.5394       2.5221       2.5408
                  2.5134       2.5588       2.5538       2.5460       2.5251
   1    100       2.3302       2.3298       2.3024       2.2843       2.3038
                  2.2737       2.3239       2.3186       2.3094       2.2857
   2      0       2.6543       2.6571       2.6329       2.6154       2.6340
                  2.6065       2.6510       2.6459       2.6373       2.6198
   3      0       2.6324       2.6364       2.6103       2.5927       2.6114
                  2.5839       2.6295       2.6238       2.6160       2.5955
   4      0       2.6948       2.6981       2.6748       2.6579       2.6742
                  2.6504       2.6914       2.6880       2.6795       2.6614
   5      0       2.6365       2.6422       2.6149       2.5977       2.6152
                  2.5875       2.6331       2.6271       2.6208       2.6024
   5     60       2.6218       2.6274       2.6001       2.5828       2.6004
                  2.5725       2.6185       2.6124       2.6060       2.5875
   5     80       2.5349       2.5397       2.5122       2.4944       2.5127
                  2.4835       2.5313       2.5251       2.5181       2.4988
   5    100       2.3174       2.3199       2.2920       2.2734       2.2926
                  2.2607       2.3131       2.3066       2.2980       2.2764
 
 
 cumulative average & 95% error for solvation free energy
              total             1st component         2nd component         3rd component
  1     2.7553                0.0704                0.0524                2.6324
  2     2.7439     0.0229     0.0707     0.0005     0.0387     0.0274     2.6344     0.0039
  3     2.7401     0.0152     0.0724     0.0034     0.0413     0.0166     2.6264     0.0162
  4     2.7376     0.0118     0.0740     0.0040     0.0457     0.0147     2.6180     0.0204
  5     2.7372     0.0092     0.0760     0.0051     0.0446     0.0116     2.6166     0.0160
  6     2.7332     0.0109     0.0769     0.0045     0.0452     0.0095     2.6112     0.0170
  7     2.7355     0.0103     0.0766     0.0039     0.0452     0.0081     2.6138     0.0153
  8     2.7383     0.0105     0.0774     0.0038     0.0458     0.0071     2.6150     0.0135
  9     2.7377     0.0093     0.0775     0.0033     0.0450     0.0064     2.6152     0.0119
 10     2.7346     0.0104     0.0776     0.0030     0.0438     0.0063     2.6132     0.0114
