 ERmod 0.3.8, Copyright (C) 2000-2019 Nobuyuki Matubayasi
                            2010-2019 Shun Sakuraba
 ERmod comes with ABSOLUTELY NO WARRANTY.
 This is free software, and you can redistribute it
 and/or modify it under certain conditions.
 See LICENSE file for details.
 ERmod 0.3.8, Copyright (C) 2000-2019 Nobuyuki Matubayasi
                            2010-2019 Shun Sakuraba
 ERmod comes with ABSOLUTELY NO WARRANTY.
 This is free software, and you can redistribute it
 and/or modify it under certain conditions.
 See LICENSE file for details.
 
  Number of the   1-th solvent  =          180
  Number of the   2-th solvent  =          180
  Number of the   3-th solvent  =        10000
 
  Be sure that the solvent distribution is homogeneous (radial distribution function is essentially unity) when the solvent molecule is separated beyond distance of   10.0 Angstrom in any direction from any atom within the solute molecule
 
  LJ long-range correction    =        -0.0043     -0.0100     -0.5461
 
  Self-energy of the solute   =        -0.0002  kcal/mol
 
 
 cumulative average & 95% error for solvation energy
              total             1st component         2nd component         3rd component
  1   -25.2154               -2.3451               -0.7019              -22.1681
  2   -25.1264     0.1779    -1.4760     1.7383    -0.9362     0.4685   -22.7141     1.0919
  3   -25.0757     0.1444    -0.9450     1.4612    -0.9130     0.2744   -23.2175     1.1879
  4   -25.0277     0.1401    -0.6866     1.1552    -0.7789     0.3310   -23.5620     1.0864
  5   -24.9915     0.1305    -0.7126     0.8963    -0.7377     0.2693   -23.5411     0.8426
  6   -24.9620     0.1218    -0.6745     0.7358    -0.7050     0.2294   -23.5824     0.6929
  7   -24.9637     0.1030    -0.5532     0.6675    -0.7219     0.1968   -23.6885     0.6229
  8   -24.9983     0.1130    -0.4877     0.5927    -0.8583     0.3217   -23.6521     0.5443
  9   -24.9909     0.1007    -0.4721     0.5237    -0.8321     0.2885   -23.6866     0.4849
 10   -25.0046     0.0941    -0.5044     0.4728    -0.8878     0.2811   -23.6122     0.4585
 
 
 group  inft  solvation free energy     error          difference
  total solvation free energy
   1      0         -1.34814           0.05624           0.01717
   1     60         -1.36383           0.05624           0.00149
   1     80         -1.51811           0.05633          -0.15280
   1    100         -2.19029           0.05698          -0.82498
   2      0         -1.35939           0.05709           0.00592
   3      0         -1.36531           0.05729           0.00000
   4      0         -1.35949           0.05987           0.00582
   5      0         -1.36458           0.05792           0.00073
   5     60         -1.38629           0.05790          -0.02098
   5     80         -1.58443           0.05789          -0.21912
   5    100         -2.20915           0.05817          -0.84384
 
  contribution from  1-th solvent component
   1      0          0.05298           0.22851           0.02103
   1     60          0.05306           0.22853           0.02111
   1     80          0.05311           0.22868           0.02116
   1    100          0.05162           0.22929           0.01967
   2      0          0.03732           0.22411           0.00537
   3      0          0.03195           0.22185           0.00000
   4      0          0.02974           0.21974          -0.00221
   5      0          0.02614           0.21974          -0.00581
   5     60          0.02622           0.21976          -0.00573
   5     80          0.02609           0.21992          -0.00586
   5    100          0.02415           0.22039          -0.00780
 
  contribution from  2-th solvent component
   1      0         -0.53335           0.14144          -0.00800
   1     60         -0.53299           0.14145          -0.00764
   1     80         -0.53142           0.14156          -0.00607
   1    100         -0.52948           0.14210          -0.00413
   2      0         -0.52673           0.14107          -0.00138
   3      0         -0.52535           0.14098           0.00000
   4      0         -0.52470           0.13988           0.00065
   5      0         -0.52664           0.14057          -0.00129
   5     60         -0.52623           0.14058          -0.00088
   5     80         -0.52472           0.14072           0.00063
   5    100         -0.52399           0.14121           0.00136
 
  contribution from  3-th solvent component
   1      0         -0.86761           0.24869           0.00414
   1     60         -0.88373           0.24869          -0.01198
   1     80         -1.03965           0.24867          -0.16790
   1    100         -1.71228           0.24916          -0.84052
   2      0         -0.86982           0.24880           0.00193
   3      0         -0.87175           0.24904           0.00000
   4      0         -0.86438           0.24851           0.00738
   5      0         -0.86392           0.24873           0.00783
   5     60         -0.88612           0.24873          -0.01436
   5     80         -1.08565           0.24873          -0.21389
   5    100         -1.70915           0.24924          -0.83739
 
 
 group  inft   Estimated free energy: total (kcal/mol)
   1      0      -1.4169      -1.2715      -1.3880      -1.2896      -1.2869
                 -1.3072      -1.3491      -1.5560      -1.3512      -1.2651
   1     60      -1.4328      -1.2872      -1.4036      -1.3052      -1.3026
                 -1.3229      -1.3647      -1.5716      -1.3670      -1.2808
   1     80      -1.5883      -1.4411      -1.5576      -1.4588      -1.4573
                 -1.4772      -1.5181      -1.7260      -1.5214      -1.4354
   1    100      -2.2642      -2.1095      -2.2299      -2.1297      -2.1306
                 -2.1507      -2.1878      -2.3996      -2.1935      -2.1074
   2      0      -1.4147      -1.2853      -1.4054      -1.3252      -1.2953
                 -1.2985      -1.3772      -1.5650      -1.3724      -1.2548
   3      0      -1.4098      -1.2997      -1.4208      -1.3368      -1.3032
                 -1.2925      -1.3841      -1.5673      -1.3871      -1.2517
   4      0      -1.4005      -1.2878      -1.4144      -1.3442      -1.2932
                 -1.2933      -1.3880      -1.5694      -1.3740      -1.2303
   5      0      -1.4024      -1.3008      -1.4200      -1.3446      -1.2997
                 -1.2875      -1.3964      -1.5651      -1.3859      -1.2434
   5     60      -1.4243      -1.3225      -1.4416      -1.3662      -1.3215
                 -1.3093      -1.4180      -1.5867      -1.4077      -1.2651
   5     80      -1.6238      -1.5202      -1.6394      -1.5637      -1.5200
                 -1.5075      -1.6151      -1.7849      -1.6061      -1.4636
   5    100      -2.2512      -2.1418      -2.2642      -2.1875      -2.1454
                 -2.1333      -2.2378      -2.4107      -2.2313      -2.0883
 
 group  inft   Estimated free energy: 1-th solvent contribution (kcal/mol)
   1      0      -0.8069      -0.0457       0.4127       0.3680      -0.1354
                  0.0536       0.3839       0.2509       0.0989      -0.0503
   1     60      -0.8069      -0.0457       0.4128       0.3681      -0.1354
                  0.0537       0.3841       0.2511       0.0990      -0.0502
   1     80      -0.8072      -0.0458       0.4131       0.3684      -0.1356
                  0.0536       0.3846       0.2515       0.0991      -0.0506
   1    100      -0.8105      -0.0476       0.4120       0.3680      -0.1381
                  0.0518       0.3848       0.2509       0.0984      -0.0536
   2      0      -0.8110      -0.0589       0.3889       0.3375      -0.1467
                  0.0355       0.3580       0.2388       0.0829      -0.0520
   3      0      -0.8092      -0.0705       0.3777       0.3265      -0.1512
                  0.0303       0.3492       0.2335       0.0789      -0.0456
   4      0      -0.8060      -0.0699       0.3680       0.3217      -0.1500
                  0.0249       0.3414       0.2309       0.0821      -0.0458
   5      0      -0.8111      -0.0777       0.3633       0.3154      -0.1527
                  0.0261       0.3347       0.2314       0.0783      -0.0463
   5     60      -0.8111      -0.0777       0.3634       0.3155      -0.1527
                  0.0262       0.3348       0.2315       0.0784      -0.0462
   5     80      -0.8116      -0.0780       0.3634       0.3156      -0.1531
                  0.0258       0.3353       0.2319       0.0783      -0.0468
   5    100      -0.8148      -0.0803       0.3617       0.3143      -0.1559
                  0.0237       0.3348       0.2310       0.0771      -0.0500
 
 group  inft   Estimated free energy: 2-th solvent contribution (kcal/mol)
   1      0      -0.5330      -0.5540      -0.6261      -0.2649      -0.3679
                 -0.3707      -0.4864      -1.0357      -0.3739      -0.7208
   1     60      -0.5328      -0.5536      -0.6258      -0.2644      -0.3676
                 -0.3704      -0.4860      -1.0354      -0.3735      -0.7204
   1     80      -0.5318      -0.5516      -0.6241      -0.2622      -0.3663
                 -0.3687      -0.4843      -1.0342      -0.3720      -0.7190
   1    100      -0.5320      -0.5475      -0.6226      -0.2582      -0.3651
                 -0.3664      -0.4819      -1.0343      -0.3695      -0.7175
   2      0      -0.5252      -0.5535      -0.6203      -0.2673      -0.3631
                 -0.3402      -0.4850      -1.0298      -0.3768      -0.7061
   3      0      -0.5222      -0.5533      -0.6196      -0.2661      -0.3648
                 -0.3289      -0.4830      -1.0267      -0.3831      -0.7057
   4      0      -0.5199      -0.5507      -0.6138      -0.2757      -0.3636
                 -0.3288      -0.4873      -1.0298      -0.3831      -0.6942
   5      0      -0.5194      -0.5569      -0.6161      -0.2716      -0.3674
                 -0.3233      -0.4911      -1.0273      -0.3868      -0.7065
   5     60      -0.5191      -0.5565      -0.6156      -0.2711      -0.3670
                 -0.3229      -0.4907      -1.0270      -0.3865      -0.7061
   5     80      -0.5182      -0.5544      -0.6140      -0.2687      -0.3658
                 -0.3213      -0.4890      -1.0259      -0.3850      -0.7049
   5    100      -0.5193      -0.5518      -0.6133      -0.2660      -0.3655
                 -0.3201      -0.4880      -1.0270      -0.3839      -0.7049
 
 group  inft   Estimated free energy: 3-th solvent contribution (kcal/mol)
   1      0      -0.0768      -0.6716      -1.1744      -1.3925      -0.7835
                 -0.9899      -1.2465      -0.7710      -1.0761      -0.4939
   1     60      -0.0929      -0.6877      -1.1905      -1.4087      -0.7995
                 -1.0060      -1.2626      -0.7871      -1.0922      -0.5100
   1     80      -0.2492      -0.8436      -1.3464      -1.5648      -0.9553
                 -1.1620      -1.4183      -0.9431      -1.2483      -0.6656
   1    100      -0.9216      -1.5143      -2.0191      -2.2393      -1.6273
                 -1.8360      -2.0905      -1.6161      -1.9224      -1.3362
   2      0      -0.0783      -0.6729      -1.1739      -1.3953      -0.7853
                 -0.9937      -1.2500      -0.7739      -1.0783      -0.4966
   3      0      -0.0783      -0.6758      -1.1786      -1.3970      -0.7871
                 -0.9938      -1.2501      -0.7739      -1.0827      -0.5002
   4      0      -0.0744      -0.6670      -1.1685      -1.3900      -0.7794
                 -0.9893      -1.2419      -0.7704      -1.0728      -0.4901
   5      0      -0.0717      -0.6660      -1.1671      -1.3883      -0.7795
                 -0.9902      -1.2398      -0.7690      -1.0772      -0.4904
   5     60      -0.0940      -0.6882      -1.1893      -1.4105      -0.8017
                 -1.0124      -1.2620      -0.7912      -1.0995      -0.5126
   5     80      -0.2938      -0.8876      -1.3887      -1.6104      -1.0010
                 -1.2119      -1.4613      -0.9907      -1.2993      -0.7117
   5    100      -0.9168      -1.5096      -2.0124      -2.2357      -1.6239
                 -1.8366      -2.0844      -1.6145      -1.9243      -1.3332
 
 
 cumulative average & 95% error for solvation free energy
              total             1st component         2nd component         3rd component
  1    -1.4098               -0.8092               -0.5222               -0.0783
  2    -1.3548     0.1101    -0.4399     0.7387    -0.5377     0.0311    -0.3770     0.5975
  3    -1.3768     0.0773    -0.1673     0.6921    -0.5650     0.0575    -0.6442     0.6361
  4    -1.3668     0.0582    -0.0439     0.5481    -0.4903     0.1549    -0.8324     0.5865
  5    -1.3541     0.0517    -0.0654     0.4267    -0.4652     0.1301    -0.8234     0.4547
  6    -1.3438     0.0470    -0.0494     0.3499    -0.4425     0.1155    -0.8518     0.3755
  7    -1.3496     0.0413     0.0075     0.3169    -0.4483     0.0983    -0.9087     0.3372
  8    -1.3768     0.0651     0.0358     0.2802    -0.5206     0.1678    -0.8918     0.2939
  9    -1.3779     0.0575     0.0406     0.2473    -0.5053     0.1511    -0.9130     0.2627
 10    -1.3653     0.0573     0.0320     0.2218    -0.5253     0.1410    -0.8718     0.2490
