 ERmod 0.3.8, Copyright (C) 2000-2019 Nobuyuki Matubayasi
                            2010-2019 Shun Sakuraba
 ERmod comes with ABSOLUTELY NO WARRANTY.
 This is free software, and you can redistribute it
 and/or modify it under certain conditions.
 See LICENSE file for details.
 ERmod 0.3.8, Copyright (C) 2000-2019 Nobuyuki Matubayasi
                            2010-2019 Shun Sakuraba
 ERmod comes with ABSOLUTELY NO WARRANTY.
 This is free software, and you can redistribute it
 and/or modify it under certain conditions.
 See LICENSE file for details.
 
  Number of the   1-th solvent  =           90
  Number of the   2-th solvent  =           90
  Number of the   3-th solvent  =        10000
 
  Be sure that the solvent distribution is homogeneous (radial distribution function is essentially unity) when the solvent molecule is separated beyond distance of   10.0 Angstrom in any direction from any atom within the solute molecule
 
  LJ long-range correction    =        -0.0019     -0.0030     -0.1525
 
  Self-energy of the solute   =        -0.0001  kcal/mol
 
 
 cumulative average & 95% error for solvation energy
              total             1st component         2nd component         3rd component
  1   -15.8617               -0.6582               -0.8794              -14.3241
  2   -15.9085     0.0935    -0.5105     0.2953    -0.8406     0.0776   -14.5573     0.4663
  3   -15.8647     0.1029    -0.5721     0.2103    -0.6974     0.2900   -14.5951     0.2797
  4   -15.8538     0.0760    -0.6037     0.1615    -0.6677     0.2134   -14.5823     0.1994
  5   -15.8436     0.0623    -0.6072     0.1253    -0.6045     0.2081   -14.6318     0.1834
  6   -15.8408     0.0512    -0.5627     0.1356    -0.5460     0.2063   -14.7319     0.2501
  7   -15.8264     0.0520    -0.5502     0.1173    -0.5081     0.1901   -14.7680     0.2233
  8   -15.8191     0.0473    -0.6069     0.1522    -0.6030     0.2512   -14.6092     0.3719
  9   -15.8135     0.0432    -0.5828     0.1426    -0.5672     0.2328   -14.6634     0.3454
 10   -15.8018     0.0452    -0.6267     0.1549    -0.5515     0.2106   -14.6235     0.3191
 
 
 group  inft  solvation free energy     error          difference
  total solvation free energy
   1      0         -3.29376           0.04036          -0.00198
   1     60         -3.31010           0.04035          -0.01832
   1     80         -3.40877           0.04031          -0.11699
   1    100         -3.71485           0.04017          -0.42308
   2      0         -3.29182           0.03749          -0.00004
   3      0         -3.29178           0.03626           0.00000
   4      0         -3.27992           0.03717           0.01186
   5      0         -3.28662           0.03623           0.00516
   5     60         -3.30812           0.03622          -0.01634
   5     80         -3.42751           0.03615          -0.13574
   5    100         -3.70835           0.03600          -0.41658
 
  contribution from  1-th solvent component
   1      0         -0.22897           0.08446          -0.00181
   1     60         -0.22907           0.08447          -0.00190
   1     80         -0.22969           0.08450          -0.00253
   1    100         -0.23181           0.08461          -0.00465
   2      0         -0.22836           0.08248          -0.00119
   3      0         -0.22716           0.08214           0.00000
   4      0         -0.22534           0.08207           0.00182
   5      0         -0.22556           0.08164           0.00160
   5     60         -0.22571           0.08165           0.00146
   5     80         -0.22654           0.08166           0.00062
   5    100         -0.22865           0.08170          -0.00148
 
  contribution from  2-th solvent component
   1      0         -0.26751           0.11784          -0.00136
   1     60         -0.26767           0.11784          -0.00152
   1     80         -0.26865           0.11787          -0.00250
   1    100         -0.27175           0.11796          -0.00560
   2      0         -0.26677           0.11578          -0.00062
   3      0         -0.26615           0.11508           0.00000
   4      0         -0.26498           0.11431           0.00117
   5      0         -0.26459           0.11345           0.00156
   5     60         -0.26481           0.11345           0.00134
   5     80         -0.26606           0.11347           0.00009
   5    100         -0.26905           0.11350          -0.00290
 
  contribution from  3-th solvent component
   1      0         -2.79718           0.14686           0.00118
   1     60         -2.81325           0.14690          -0.01490
   1     80         -2.91032           0.14712          -0.11196
   1    100         -3.21119           0.14768          -0.41283
   2      0         -2.79659           0.14689           0.00177
   3      0         -2.79836           0.14724           0.00000
   4      0         -2.78949           0.14638           0.00887
   5      0         -2.79637           0.14637           0.00199
   5     60         -2.81749           0.14643          -0.01914
   5     80         -2.93480           0.14670          -0.13645
   5    100         -3.21055           0.14721          -0.41219
 
 
 group  inft   Estimated free energy: total (kcal/mol)
   1      0      -3.3378      -3.3119      -3.2536      -3.3753      -3.2856
                 -3.2654      -3.2231      -3.4112      -3.2394      -3.2344
   1     60      -3.3542      -3.3284      -3.2699      -3.3916      -3.3019
                 -3.2818      -3.2395      -3.4274      -3.2557      -3.2506
   1     80      -3.4529      -3.4276      -3.3685      -3.4903      -3.4004
                 -3.3807      -3.3385      -3.5255      -3.3545      -3.3487
   1    100      -3.7590      -3.7350      -3.6744      -3.7960      -3.7063
                 -3.6877      -3.6453      -3.8306      -3.6609      -3.6534
   2      0      -3.3329      -3.2999      -3.2556      -3.3704      -3.2775
                 -3.2801      -3.2249      -3.3997      -3.2502      -3.2271
   3      0      -3.3283      -3.2986      -3.2657      -3.3643      -3.2773
                 -3.2865      -3.2252      -3.3978      -3.2506      -3.2235
   4      0      -3.3178      -3.2853      -3.2484      -3.3587      -3.2632
                 -3.2763      -3.2150      -3.3862      -3.2382      -3.2100
   5      0      -3.3157      -3.2904      -3.2658      -3.3637      -3.2758
                 -3.2862      -3.2188      -3.3897      -3.2473      -3.2129
   5     60      -3.3372      -3.3121      -3.2872      -3.3852      -3.2973
                 -3.3078      -3.2404      -3.4110      -3.2688      -3.2343
   5     80      -3.4566      -3.4323      -3.4065      -3.5044      -3.4165
                 -3.4276      -3.3602      -3.5296      -3.3883      -3.3529
   5    100      -3.7375      -3.7143      -3.6872      -3.7849      -3.6972
                 -3.7095      -3.6418      -3.8092      -3.6695      -3.6325
 
 group  inft   Estimated free energy: 1-th solvent contribution (kcal/mol)
   1      0      -0.2315      -0.0628      -0.2574      -0.2997      -0.2324
                 -0.0907      -0.1449      -0.4613      -0.1034      -0.4055
   1     60      -0.2316      -0.0629      -0.2575      -0.2998      -0.2325
                 -0.0908      -0.1450      -0.4614      -0.1035      -0.4056
   1     80      -0.2323      -0.0636      -0.2583      -0.3004      -0.2332
                 -0.0913      -0.1456      -0.4621      -0.1040      -0.4063
   1    100      -0.2345      -0.0657      -0.2607      -0.3025      -0.2356
                 -0.0929      -0.1476      -0.4644      -0.1057      -0.4086
   2      0      -0.2266      -0.0593      -0.2577      -0.2979      -0.2221
                 -0.1036      -0.1463      -0.4585      -0.1109      -0.4006
   3      0      -0.2228      -0.0569      -0.2560      -0.2949      -0.2172
                 -0.1070      -0.1473      -0.4587      -0.1118      -0.3991
   4      0      -0.2212      -0.0558      -0.2544      -0.2948      -0.2138
                 -0.1041      -0.1459      -0.4577      -0.1105      -0.3951
   5      0      -0.2182      -0.0545      -0.2556      -0.2948      -0.2177
                 -0.1065      -0.1450      -0.4560      -0.1131      -0.3943
   5     60      -0.2183      -0.0546      -0.2558      -0.2949      -0.2178
                 -0.1067      -0.1451      -0.4561      -0.1132      -0.3945
   5     80      -0.2192      -0.0555      -0.2567      -0.2957      -0.2187
                 -0.1074      -0.1459      -0.4570      -0.1139      -0.3954
   5    100      -0.2214      -0.0577      -0.2590      -0.2977      -0.2210
                 -0.1092      -0.1480      -0.4591      -0.1158      -0.3975
 
 group  inft   Estimated free energy: 2-th solvent contribution (kcal/mol)
   1      0      -0.4526      -0.3875      -0.1841      -0.3172      -0.1592
                 -0.1077      -0.0953      -0.6644      -0.1092      -0.1979
   1     60      -0.4527      -0.3877      -0.1843      -0.3174      -0.1594
                 -0.1078      -0.0955      -0.6646      -0.1094      -0.1980
   1     80      -0.4537      -0.3887      -0.1852      -0.3185      -0.1603
                 -0.1088      -0.0963      -0.6657      -0.1104      -0.1990
   1    100      -0.4568      -0.3920      -0.1881      -0.3217      -0.1633
                 -0.1117      -0.0992      -0.6690      -0.1135      -0.2021
   2      0      -0.4531      -0.3806      -0.1862      -0.3119      -0.1622
                 -0.1091      -0.0973      -0.6575      -0.1143      -0.1956
   3      0      -0.4514      -0.3761      -0.1960      -0.3095      -0.1632
                 -0.1120      -0.0964      -0.6557      -0.1107      -0.1907
   4      0      -0.4489      -0.3748      -0.1911      -0.3099      -0.1627
                 -0.1160      -0.0936      -0.6516      -0.1115      -0.1898
   5      0      -0.4460      -0.3743      -0.1970      -0.3083      -0.1638
                 -0.1152      -0.0950      -0.6482      -0.1098      -0.1882
   5     60      -0.4462      -0.3746      -0.1972      -0.3086      -0.1640
                 -0.1155      -0.0952      -0.6484      -0.1101      -0.1884
   5     80      -0.4475      -0.3759      -0.1984      -0.3099      -0.1652
                 -0.1167      -0.0964      -0.6497      -0.1114      -0.1897
   5    100      -0.4504      -0.3790      -0.2012      -0.3129      -0.1682
                 -0.1196      -0.0992      -0.6528      -0.1144      -0.1927
 
 group  inft   Estimated free energy: 3-th solvent contribution (kcal/mol)
   1      0      -2.6537      -2.8615      -2.8119      -2.7582      -2.8939
                 -3.0668      -2.9827      -2.2853      -3.0267      -2.6309
   1     60      -2.6698      -2.8777      -2.8280      -2.7743      -2.9100
                 -3.0830      -2.9989      -2.3013      -3.0428      -2.6469
   1     80      -2.7669      -2.9752      -2.9249      -2.8713      -3.0068
                 -3.1806      -3.0964      -2.3977      -3.1400      -2.7433
   1    100      -3.0676      -3.2771      -3.2256      -3.1717      -3.3073
                 -3.4830      -3.3984      -2.6970      -3.4415      -3.0425
   2      0      -2.6531      -2.8599      -2.8116      -2.7605      -2.8931
                 -3.0673      -2.9811      -2.2836      -3.0249      -2.6308
   3      0      -2.6540      -2.8655      -2.8137      -2.7598      -2.8968
                 -3.0674      -2.9813      -2.2833      -3.0281      -2.6337
   4      0      -2.6476      -2.8546      -2.8028      -2.7539      -2.8866
                 -3.0560      -2.9754      -2.2768      -3.0161      -2.6250
   5      0      -2.6514      -2.8615      -2.8130      -2.7604      -2.8943
                 -3.0643      -2.9788      -2.2854      -3.0243      -2.6303
   5     60      -2.6725      -2.8828      -2.8341      -2.7815      -2.9154
                 -3.0855      -3.0000      -2.3063      -3.0454      -2.6513
   5     80      -2.7899      -3.0008      -2.9513      -2.8987      -3.0325
                 -3.2035      -3.1178      -2.4228      -3.1629      -2.7678
   5    100      -3.0655      -3.2775      -3.2269      -3.1741      -3.3079
                 -3.4805      -3.3945      -2.6971      -3.4392      -3.0421
 
 
 cumulative average & 95% error for solvation free energy
              total             1st component         2nd component         3rd component
  1    -3.3283               -0.2228               -0.4514               -2.6540
  2    -3.3134     0.0297    -0.1399     0.1658    -0.4137     0.0753    -2.7597     0.2114
  3    -3.2975     0.0361    -0.1786     0.1231    -0.3411     0.1515    -2.7777     0.1273
  4    -3.3142     0.0420    -0.2076     0.1047    -0.3332     0.1083    -2.7732     0.0904
  5    -3.3068     0.0357    -0.2096     0.0812    -0.2992     0.1080    -2.7980     0.0857
  6    -3.3034     0.0300    -0.1925     0.0746    -0.2680     0.1080    -2.8429     0.1139
  7    -3.2923     0.0338    -0.1860     0.0643    -0.2435     0.1036    -2.8626     0.1041
  8    -3.3055     0.0394    -0.2201     0.0880    -0.2950     0.1367    -2.7902     0.1706
  9    -3.2994     0.0368    -0.2081     0.0813    -0.2745     0.1273    -2.8167     0.1594
 10    -3.2918     0.0363    -0.2272     0.0821    -0.2662     0.1151    -2.7984     0.1472
