 ERmod 0.3.8, Copyright (C) 2000-2019 Nobuyuki Matubayasi
                            2010-2019 Shun Sakuraba
 ERmod comes with ABSOLUTELY NO WARRANTY.
 This is free software, and you can redistribute it
 and/or modify it under certain conditions.
 See LICENSE file for details.
 ERmod 0.3.8, Copyright (C) 2000-2019 Nobuyuki Matubayasi
                            2010-2019 Shun Sakuraba
 ERmod comes with ABSOLUTELY NO WARRANTY.
 This is free software, and you can redistribute it
 and/or modify it under certain conditions.
 See LICENSE file for details.
 
  Number of the   1-th solvent  =           90
  Number of the   2-th solvent  =           90
  Number of the   3-th solvent  =        10000
 
  Be sure that the solvent distribution is homogeneous (radial distribution function is essentially unity) when the solvent molecule is separated beyond distance of   10.0 Angstrom in any direction from any atom within the solute molecule
 
  LJ long-range correction    =        -0.0025     -0.0094     -0.3021
 
  Self-energy of the solute   =         0.0000  kcal/mol
 
 
 cumulative average & 95% error for solvation energy
              total             1st component         2nd component         3rd component
  1    -8.0432                0.0902               -0.2008               -7.9326
  2    -7.9993     0.0878     0.0743     0.0317    -0.2816     0.1616    -7.7920     0.2811
  3    -8.0014     0.0509     0.0696     0.0206    -0.2882     0.0942    -7.7828     0.1633
  4    -8.0053     0.0368     0.0654     0.0168    -0.2907     0.0668    -7.7799     0.1156
  5    -8.0054     0.0285     0.0699     0.0159    -0.2887     0.0519    -7.7867     0.0906
  6    -8.0065     0.0234     0.0721     0.0137    -0.2865     0.0426    -7.7922     0.0748
  7    -8.0089     0.0203     0.0725     0.0116    -0.2840     0.0364    -7.7974     0.0641
  8    -8.0118     0.0185     0.0733     0.0102    -0.2802     0.0324    -7.8050     0.0575
  9    -8.0142     0.0170     0.0753     0.0098    -0.2789     0.0287    -7.8106     0.0520
 10    -8.0123     0.0157     0.0764     0.0090    -0.2770     0.0259    -7.8118     0.0465
 
 
 group  inft  solvation free energy     error          difference
  total solvation free energy
   1      0          3.26457           0.00944          -0.00763
   1     60          3.25463           0.00944          -0.01757
   1     80          3.16886           0.00952          -0.10335
   1    100          2.82417           0.00985          -0.44804
   2      0          3.25995           0.00923          -0.01225
   3      0          3.27220           0.00890           0.00000
   4      0          3.28012           0.00886           0.00792
   5      0          3.33053           0.00902           0.05833
   5     60          3.31698           0.00904           0.04478
   5     80          3.20854           0.00913          -0.06367
   5    100          2.88675           0.00943          -0.38545
 
  contribution from  1-th solvent component
   1      0          0.15588           0.00671           0.00278
   1     60          0.15592           0.00673           0.00282
   1     80          0.15598           0.00686           0.00289
   1    100          0.15532           0.00743           0.00223
   2      0          0.15400           0.00626           0.00090
   3      0          0.15309           0.00624           0.00000
   4      0          0.15233           0.00606          -0.00076
   5      0          0.15250           0.00620          -0.00059
   5     60          0.15253           0.00622          -0.00056
   5     80          0.15245           0.00638          -0.00064
   5    100          0.15147           0.00686          -0.00162
 
  contribution from  2-th solvent component
   1      0         -0.04628           0.01088           0.00286
   1     60         -0.04638           0.01089           0.00276
   1     80         -0.04728           0.01091           0.00187
   1    100         -0.05074           0.01100          -0.00160
   2      0         -0.04844           0.01093           0.00070
   3      0         -0.04914           0.01087           0.00000
   4      0         -0.04910           0.01049           0.00005
   5      0         -0.04792           0.01006           0.00122
   5     60         -0.04806           0.01006           0.00108
   5     80         -0.04923           0.01009          -0.00009
   5    100         -0.05256           0.01015          -0.00341
 
  contribution from  3-th solvent component
   1      0          3.15495           0.02094          -0.01327
   1     60          3.14508           0.02095          -0.02315
   1     80          3.06013           0.02106          -0.10810
   1    100          2.71956           0.02147          -0.44866
   2      0          3.15437           0.02051          -0.01385
   3      0          3.16823           0.02025           0.00000
   4      0          3.17686           0.01981           0.00863
   5      0          3.22593           0.01944           0.05770
   5     60          3.21249           0.01945           0.04426
   5     80          3.10529           0.01959          -0.06293
   5    100          2.78781           0.02000          -0.38042
 
 
 group  inft   Estimated free energy: total (kcal/mol)
   1      0       3.2634       3.2953       3.2662       3.2502       3.2729
                  3.2679       3.2499       3.2572       3.2459       3.2769
   1     60       3.2535       3.2854       3.2562       3.2402       3.2630
                  3.2579       3.2399       3.2473       3.2359       3.2669
   1     80       3.1681       3.1996       3.1703       3.1541       3.1774
                  3.1723       3.1539       3.1614       3.1501       3.1813
   1    100       2.8251       2.8552       2.8252       2.8079       2.8335
                  2.8278       2.8082       2.8162       2.8051       2.8374
   2      0       3.2606       3.2896       3.2623       3.2467       3.2684
                  3.2606       3.2465       3.2533       3.2395       3.2720
   3      0       3.2742       3.3017       3.2748       3.2609       3.2792
                  3.2727       3.2581       3.2660       3.2524       3.2821
   4      0       3.2804       3.3090       3.2824       3.2690       3.2882
                  3.2807       3.2668       3.2744       3.2596       3.2906
   5      0       3.3328       3.3589       3.3343       3.3180       3.3376
                  3.3310       3.3174       3.3220       3.3104       3.3429
   5     60       3.3192       3.3454       3.3208       3.3044       3.3240
                  3.3175       3.3038       3.3084       3.2969       3.3293
   5     80       3.2112       3.2370       3.2122       3.1956       3.2158
                  3.2091       3.1951       3.2000       3.1883       3.2211
   5    100       2.8904       2.9155       2.8901       2.8727       2.8948
                  2.8876       2.8725       2.8779       2.8660       2.9000
 
 group  inft   Estimated free energy: 1-th solvent contribution (kcal/mol)
   1      0       0.1653       0.1444       0.1443       0.1391       0.1654
                  0.1618       0.1533       0.1541       0.1706       0.1605
   1     60       0.1654       0.1444       0.1443       0.1391       0.1655
                  0.1619       0.1533       0.1541       0.1707       0.1605
   1     80       0.1658       0.1442       0.1442       0.1389       0.1656
                  0.1620       0.1533       0.1541       0.1711       0.1606
   1    100       0.1667       0.1425       0.1425       0.1370       0.1655
                  0.1616       0.1524       0.1531       0.1717       0.1601
   2      0       0.1634       0.1430       0.1435       0.1379       0.1632
                  0.1590       0.1522       0.1526       0.1669       0.1582
   3      0       0.1623       0.1420       0.1425       0.1372       0.1625
                  0.1579       0.1510       0.1521       0.1661       0.1573
   4      0       0.1614       0.1415       0.1418       0.1370       0.1616
                  0.1571       0.1508       0.1513       0.1646       0.1563
   5      0       0.1616       0.1412       0.1423       0.1367       0.1619
                  0.1574       0.1504       0.1514       0.1654       0.1566
   5     60       0.1617       0.1412       0.1423       0.1367       0.1620
                  0.1575       0.1504       0.1515       0.1655       0.1567
   5     80       0.1620       0.1408       0.1419       0.1363       0.1620
                  0.1574       0.1502       0.1513       0.1657       0.1567
   5    100       0.1623       0.1390       0.1401       0.1344       0.1615
                  0.1566       0.1491       0.1501       0.1659       0.1557
 
 group  inft   Estimated free energy: 2-th solvent contribution (kcal/mol)
   1      0      -0.0098      -0.0768      -0.0571      -0.0557      -0.0505
                 -0.0479      -0.0449      -0.0354      -0.0455      -0.0391
   1     60      -0.0099      -0.0769      -0.0572      -0.0558      -0.0506
                 -0.0480      -0.0450      -0.0355      -0.0456      -0.0392
   1     80      -0.0106      -0.0779      -0.0581      -0.0568      -0.0515
                 -0.0489      -0.0459      -0.0364      -0.0465      -0.0401
   1    100      -0.0137      -0.0815      -0.0617      -0.0603      -0.0551
                 -0.0524      -0.0494      -0.0397      -0.0501      -0.0436
   2      0      -0.0113      -0.0786      -0.0599      -0.0573      -0.0527
                 -0.0500      -0.0472      -0.0371      -0.0478      -0.0426
   3      0      -0.0121      -0.0790      -0.0600      -0.0577      -0.0534
                 -0.0512      -0.0484      -0.0373      -0.0490      -0.0433
   4      0      -0.0128      -0.0771      -0.0602      -0.0578      -0.0533
                 -0.0506      -0.0485      -0.0380      -0.0493      -0.0433
   5      0      -0.0135      -0.0752      -0.0588      -0.0558      -0.0513
                 -0.0496      -0.0474      -0.0367      -0.0481      -0.0428
   5     60      -0.0136      -0.0753      -0.0589      -0.0560      -0.0514
                 -0.0498      -0.0476      -0.0368      -0.0483      -0.0429
   5     80      -0.0147      -0.0765      -0.0601      -0.0571      -0.0526
                 -0.0510      -0.0488      -0.0380      -0.0495      -0.0441
   5    100      -0.0177      -0.0799      -0.0635      -0.0605      -0.0560
                 -0.0543      -0.0521      -0.0412      -0.0529      -0.0474
 
 group  inft   Estimated free energy: 3-th solvent contribution (kcal/mol)
   1      0       3.1078       3.2277       3.1789       3.1669       3.1580
                  3.1539       3.1415       3.1385       3.1208       3.1555
   1     60       3.0979       3.2179       3.1691       3.1570       3.1481
                  3.1440       3.1316       3.1287       3.1108       3.1456
   1     80       3.0129       3.1333       3.0843       3.0719       3.0633
                  3.0591       3.0465       3.0437       3.0255       3.0608
   1    100       2.6721       2.7942       2.7443       2.7312       2.7230
                  2.7186       2.7052       2.7028       2.6834       2.7209
   2      0       3.1085       3.2251       3.1787       3.1661       3.1578
                  3.1516       3.1414       3.1378       3.1203       3.1563
   3      0       3.1239       3.2386       3.1923       3.1814       3.1701
                  3.1659       3.1555       3.1513       3.1352       3.1681
   4      0       3.1319       3.2446       3.2008       3.1898       3.1798
                  3.1742       3.1646       3.1612       3.1443       3.1776
   5      0       3.1846       3.2928       3.2508       3.2371       3.2269
                  3.2232       3.2144       3.2072       3.1932       3.2290
   5     60       3.1711       3.2794       3.2374       3.2236       3.2135
                  3.2098       3.2010       3.1938       3.1797       3.2155
   5     80       3.0637       3.1727       3.1304       3.1164       3.1064
                  3.1027       3.0936       3.0866       3.0720       3.1085
   5    100       2.7458       2.8564       2.8135       2.7988       2.7892
                  2.7853       2.7755       2.7690       2.7530       2.7916
 
 
 cumulative average & 95% error for solvation free energy
              total             1st component         2nd component         3rd component
  1     3.2742                0.1623               -0.0121                3.1239
  2     3.2879     0.0275     0.1522     0.0202    -0.0455     0.0670     3.1813     0.1147
  3     3.2835     0.0181     0.1489     0.0133    -0.0504     0.0398     3.1849     0.0666
  4     3.2779     0.0171     0.1460     0.0111    -0.0522     0.0284     3.1841     0.0471
  5     3.2782     0.0133     0.1493     0.0108    -0.0524     0.0220     3.1813     0.0369
  6     3.2772     0.0110     0.1507     0.0093    -0.0522     0.0180     3.1787     0.0306
  7     3.2745     0.0108     0.1508     0.0079    -0.0517     0.0152     3.1754     0.0267
  8     3.2734     0.0096     0.1509     0.0068    -0.0499     0.0137     3.1724     0.0239
  9     3.2711     0.0096     0.1526     0.0069    -0.0498     0.0121     3.1682     0.0226
 10     3.2722     0.0089     0.1531     0.0062    -0.0491     0.0109     3.1682     0.0202
