 ERmod 0.3.8, Copyright (C) 2000-2019 Nobuyuki Matubayasi
                            2010-2019 Shun Sakuraba
 ERmod comes with ABSOLUTELY NO WARRANTY.
 This is free software, and you can redistribute it
 and/or modify it under certain conditions.
 See LICENSE file for details.
 ERmod 0.3.8, Copyright (C) 2000-2019 Nobuyuki Matubayasi
                            2010-2019 Shun Sakuraba
 ERmod comes with ABSOLUTELY NO WARRANTY.
 This is free software, and you can redistribute it
 and/or modify it under certain conditions.
 See LICENSE file for details.
 
  Number of the   1-th solvent  =          180
  Number of the   2-th solvent  =          180
  Number of the   3-th solvent  =        10000
 
  Be sure that the solvent distribution is homogeneous (radial distribution function is essentially unity) when the solvent molecule is separated beyond distance of   10.0 Angstrom in any direction from any atom within the solute molecule
 
  LJ long-range correction    =        -0.0106     -0.0165     -0.4246
 
  Self-energy of the solute   =        -0.0001  kcal/mol
 
 
 cumulative average & 95% error for solvation energy
              total             1st component         2nd component         3rd component
  1   -22.3018               -0.7378               -1.7291              -19.8348
  2   -22.3665     0.1294    -0.3875     0.7004    -1.6660     0.1261   -20.3128     0.9560
  3   -22.3582     0.0766    -0.4662     0.4339    -1.5414     0.2596   -20.3505     0.5570
  4   -22.3789     0.0682    -0.4273     0.3165    -1.4043     0.3300   -20.5472     0.5568
  5   -22.3902     0.0574    -0.4720     0.2610    -1.3241     0.3018   -20.5939     0.4413
  6   -22.3666     0.0665    -0.5180     0.2321    -1.3679     0.2615   -20.4806     0.4257
  7   -22.3575     0.0590    -0.5322     0.1982    -1.3591     0.2217   -20.4661     0.3609
  8   -22.3612     0.0517    -0.5691     0.1869    -1.3338     0.1986   -20.4582     0.3130
  9   -22.3790     0.0579    -0.5286     0.1837    -1.3836     0.2015   -20.4668     0.2765
 10   -22.4014     0.0684    -0.4899     0.1816    -1.3673     0.1831   -20.5441     0.2917
 
 
 group  inft  solvation free energy     error          difference
  total solvation free energy
   1      0         -2.04460           0.03469          -0.00706
   1     60         -2.06132           0.03471          -0.02379
   1     80         -2.21056           0.03483          -0.17303
   1    100         -2.79075           0.03541          -0.75321
   2      0         -2.03775           0.03439          -0.00022
   3      0         -2.03754           0.03516           0.00000
   4      0         -2.02929           0.03495           0.00824
   5      0         -2.03112           0.03363           0.00641
   5     60         -2.05385           0.03365          -0.01632
   5     80         -2.24190           0.03384          -0.20436
   5    100         -2.77808           0.03441          -0.74054
 
  contribution from  1-th solvent component
   1      0          0.08698           0.09456          -0.00146
   1     60          0.08677           0.09457          -0.00167
   1     80          0.08465           0.09459          -0.00379
   1    100          0.07520           0.09467          -0.01324
   2      0          0.08765           0.09174          -0.00079
   3      0          0.08844           0.09125           0.00000
   4      0          0.08733           0.09080          -0.00111
   5      0          0.08686           0.09138          -0.00158
   5     60          0.08657           0.09138          -0.00187
   5     80          0.08378           0.09139          -0.00466
   5    100          0.07482           0.09141          -0.01362
 
  contribution from  2-th solvent component
   1      0         -0.62361           0.08965          -0.01071
   1     60         -0.62393           0.08965          -0.01102
   1     80         -0.62688           0.08965          -0.01398
   1    100         -0.63862           0.08968          -0.02571
   2      0         -0.61543           0.08838          -0.00252
   3      0         -0.61290           0.08825           0.00000
   4      0         -0.60920           0.08943           0.00371
   5      0         -0.60890           0.08879           0.00400
   5     60         -0.60934           0.08879           0.00357
   5     80         -0.61313           0.08879          -0.00022
   5    100         -0.62404           0.08879          -0.01113
 
  contribution from  3-th solvent component
   1      0         -1.50788           0.12802           0.00510
   1     60         -1.52408           0.12807          -0.01110
   1     80         -1.66824           0.12836          -0.15526
   1    100         -2.22725           0.12908          -0.71426
   2      0         -1.50988           0.12761           0.00310
   3      0         -1.51298           0.12792           0.00000
   4      0         -1.50733           0.12770           0.00565
   5      0         -1.50900           0.12761           0.00399
   5     60         -1.53100           0.12768          -0.01801
   5     80         -1.71246           0.12802          -0.19948
   5    100         -2.22877           0.12867          -0.71579
 
 
 group  inft   Estimated free energy: total (kcal/mol)
   1      0      -1.9688      -1.9928      -2.0884      -2.0417      -2.0595
                 -2.1346      -2.0594      -1.9916      -2.0037      -2.1055
   1     60      -1.9854      -2.0096      -2.1052      -2.0584      -2.0762
                 -2.1512      -2.0760      -2.0083      -2.0205      -2.1224
   1     80      -2.1338      -2.1587      -2.2543      -2.2081      -2.2257
                 -2.3003      -2.2247      -2.1574      -2.1701      -2.2725
   1    100      -2.7115      -2.7376      -2.8346      -2.7900      -2.8067
                 -2.8812      -2.8031      -2.7370      -2.7508      -2.8549
   2      0      -1.9560      -1.9930      -2.0778      -2.0420      -2.0514
                 -2.1193      -2.0501      -1.9848      -1.9962      -2.1069
   3      0      -1.9477      -1.9978      -2.0732      -2.0420      -2.0535
                 -2.1156      -2.0558      -1.9810      -1.9978      -2.1112
   4      0      -1.9399      -1.9896      -2.0725      -2.0285      -2.0412
                 -2.1062      -2.0490      -1.9718      -1.9938      -2.1003
   5      0      -1.9507      -1.9893      -2.0710      -2.0376      -2.0468
                 -2.1072      -2.0362      -1.9753      -1.9946      -2.1025
   5     60      -1.9733      -2.0121      -2.0937      -2.0604      -2.0696
                 -2.1298      -2.0588      -1.9980      -2.0174      -2.1255
   5     80      -2.1603      -2.2000      -2.2816      -2.2491      -2.2579
                 -2.3176      -2.2462      -2.1859      -2.2059      -2.3146
   5    100      -2.6941      -2.7351      -2.8179      -2.7870      -2.7947
                 -2.8541      -2.7807      -2.7216      -2.7428      -2.8528
 
 group  inft   Estimated free energy: 1-th solvent contribution (kcal/mol)
   1      0      -0.0169       0.3363       0.0054       0.1720       0.0165
                 -0.0708       0.0054      -0.0741       0.2556       0.2403
   1     60      -0.0171       0.3361       0.0052       0.1718       0.0163
                 -0.0710       0.0052      -0.0743       0.2554       0.2401
   1     80      -0.0193       0.3340       0.0030       0.1697       0.0141
                 -0.0732       0.0031      -0.0763       0.2533       0.2380
   1    100      -0.0289       0.3248      -0.0066       0.1603       0.0045
                 -0.0828      -0.0064      -0.0856       0.2439       0.2289
   2      0      -0.0131       0.3315       0.0113       0.1687       0.0229
                 -0.0620       0.0068      -0.0740       0.2542       0.2303
   3      0      -0.0096       0.3304       0.0145       0.1688       0.0239
                 -0.0612       0.0072      -0.0741       0.2558       0.2288
   4      0      -0.0112       0.3276       0.0137       0.1654       0.0276
                 -0.0599       0.0032      -0.0756       0.2532       0.2293
   5      0      -0.0162       0.3305       0.0142       0.1652       0.0212
                 -0.0624       0.0136      -0.0778       0.2540       0.2264
   5     60      -0.0166       0.3302       0.0139       0.1649       0.0209
                 -0.0627       0.0133      -0.0781       0.2537       0.2261
   5     80      -0.0194       0.3275       0.0111       0.1621       0.0181
                 -0.0656       0.0105      -0.0808       0.2509       0.2234
   5    100      -0.0285       0.3186       0.0021       0.1530       0.0091
                 -0.0746       0.0014      -0.0895       0.2420       0.2145
 
 group  inft   Estimated free energy: 2-th solvent contribution (kcal/mol)
   1      0      -0.7579      -0.7053      -0.6356      -0.4340      -0.4548
                 -0.8103      -0.6357      -0.4769      -0.7892      -0.5365
   1     60      -0.7582      -0.7056      -0.6359      -0.4343      -0.4551
                 -0.8106      -0.6360      -0.4772      -0.7895      -0.5368
   1     80      -0.7611      -0.7086      -0.6389      -0.4372      -0.4581
                 -0.8136      -0.6389      -0.4801      -0.7925      -0.5398
   1    100      -0.7728      -0.7203      -0.6508      -0.4489      -0.4698
                 -0.8255      -0.6505      -0.4918      -0.8043      -0.5515
   2      0      -0.7455      -0.6995      -0.6280      -0.4309      -0.4517
                 -0.8014      -0.6263      -0.4679      -0.7774      -0.5258
   3      0      -0.7388      -0.6995      -0.6239      -0.4252      -0.4531
                 -0.7960      -0.6260      -0.4628      -0.7779      -0.5260
   4      0      -0.7391      -0.6943      -0.6260      -0.4202      -0.4472
                 -0.7937      -0.6207      -0.4536      -0.7752      -0.5219
   5      0      -0.7388      -0.6979      -0.6240      -0.4222      -0.4484
                 -0.7904      -0.6188      -0.4558      -0.7737      -0.5190
   5     60      -0.7393      -0.6983      -0.6245      -0.4227      -0.4488
                 -0.7908      -0.6192      -0.4562      -0.7742      -0.5194
   5     80      -0.7430      -0.7021      -0.6283      -0.4264      -0.4526
                 -0.7946      -0.6229      -0.4600      -0.7780      -0.5232
   5    100      -0.7538      -0.7131      -0.6393      -0.4373      -0.4636
                 -0.8056      -0.6338      -0.4709      -0.7889      -0.5341
 
 group  inft   Estimated free energy: 3-th solvent contribution (kcal/mol)
   1      0      -1.1939      -1.6237      -1.4582      -1.7796      -1.6211
                 -1.2534      -1.4291      -1.4406      -1.4701      -1.8092
   1     60      -1.2100      -1.6399      -1.4744      -1.7958      -1.6373
                 -1.2695      -1.4452      -1.4567      -1.4863      -1.8256
   1     80      -1.3533      -1.7840      -1.6183      -1.9405      -1.7816
                 -1.4134      -1.5888      -1.6008      -1.6308      -1.9707
   1    100      -1.9097      -2.3420      -2.1771      -2.5014      -2.3412
                 -1.9728      -2.1460      -2.1596      -2.1904      -2.5321
   2      0      -1.1974      -1.6249      -1.4609      -1.7797      -1.6225
                 -1.2558      -1.4305      -1.4428      -1.4729      -1.8113
   3      0      -1.1992      -1.6285      -1.4637      -1.7854      -1.6243
                 -1.2583      -1.4369      -1.4440      -1.4756      -1.8139
   4      0      -1.1894      -1.6228      -1.4600      -1.7737      -1.6215
                 -1.2525      -1.4315      -1.4425      -1.4717      -1.8075
   5      0      -1.1955      -1.6219      -1.4611      -1.7804      -1.6196
                 -1.2543      -1.4309      -1.4417      -1.4747      -1.8099
   5     60      -1.2174      -1.6439      -1.4831      -1.8025      -1.6416
                 -1.2761      -1.4528      -1.4636      -1.4968      -1.8321
   5     80      -1.3978      -1.8252      -1.6643      -1.9846      -1.8233
                 -1.4573      -1.6336      -1.6450      -1.6787      -2.0147
   5    100      -1.9117      -2.3406      -2.1806      -2.5026      -2.3402
                 -1.9738      -2.1483      -2.1611      -2.1958      -2.5331
 
 
 cumulative average & 95% error for solvation free energy
              total             1st component         2nd component         3rd component
  1    -1.9477               -0.0096               -0.7388               -1.1992
  2    -1.9728     0.0501     0.1604     0.3400    -0.7191     0.0393    -1.4139     0.4293
  3    -2.0062     0.0729     0.1117     0.2191    -0.6874     0.0674    -1.4305     0.2501
  4    -2.0152     0.0546     0.1260     0.1575    -0.6218     0.1395    -1.5192     0.2505
  5    -2.0228     0.0450     0.1056     0.1287    -0.5881     0.1274    -1.5402     0.1986
  6    -2.0383     0.0480     0.0778     0.1188    -0.6227     0.1250    -1.4932     0.1874
  7    -2.0408     0.0409     0.0677     0.1024    -0.6232     0.1056    -1.4852     0.1592
  8    -2.0333     0.0384     0.0500     0.0955    -0.6031     0.0999    -1.4800     0.1382
  9    -2.0294     0.0348     0.0728     0.0959    -0.6226     0.0963    -1.4796     0.1219
 10    -2.0375     0.0352     0.0884     0.0912    -0.6129     0.0882    -1.5130     0.1279
