 ERmod 0.3.8, Copyright (C) 2000-2019 Nobuyuki Matubayasi
                            2010-2019 Shun Sakuraba
 ERmod comes with ABSOLUTELY NO WARRANTY.
 This is free software, and you can redistribute it
 and/or modify it under certain conditions.
 See LICENSE file for details.
 ERmod 0.3.8, Copyright (C) 2000-2019 Nobuyuki Matubayasi
                            2010-2019 Shun Sakuraba
 ERmod comes with ABSOLUTELY NO WARRANTY.
 This is free software, and you can redistribute it
 and/or modify it under certain conditions.
 See LICENSE file for details.
 
  Number of the   1-th solvent  =          180
  Number of the   2-th solvent  =          180
  Number of the   3-th solvent  =        10000
 
  Be sure that the solvent distribution is homogeneous (radial distribution function is essentially unity) when the solvent molecule is separated beyond distance of   10.0 Angstrom in any direction from any atom within the solute molecule
 
  LJ long-range correction    =        -0.0039     -0.0028     -0.1550
 
  Self-energy of the solute   =        -0.0001  kcal/mol
 
 
 cumulative average & 95% error for solvation energy
              total             1st component         2nd component         3rd component
  1   -15.8764               -0.6406               -0.5715              -14.6642
  2   -15.9747     0.1966    -1.2432     1.2052    -0.7613     0.3795   -13.9701     1.3881
  3   -15.9978     0.1226    -1.0517     0.7942    -0.8755     0.3165   -14.0705     0.8262
  4   -15.9579     0.1179    -0.9103     0.6288    -0.7748     0.3010   -14.2727     0.7105
  5   -15.9320     0.1049    -0.9288     0.4885    -0.7598     0.2351   -14.2433     0.5535
  6   -15.9826     0.1325    -0.9609     0.4040    -0.9129     0.3614   -14.1087     0.5260
  7   -15.9693     0.1151    -1.1441     0.5008    -0.9059     0.3058   -13.9192     0.5841
  8   -15.9706     0.0997    -1.1263     0.4352    -0.8918     0.2663   -13.9524     0.5102
  9   -15.9837     0.0917    -1.1915     0.4053    -0.9975     0.3160   -13.7946     0.5496
 10   -15.9923     0.0838    -1.2418     0.3762    -0.9592     0.2928   -13.7912     0.4916
 
 
 group  inft  solvation free energy     error          difference
  total solvation free energy
   1      0         -3.21336           0.05162          -0.00332
   1     60         -3.23159           0.05161          -0.02155
   1     80         -3.34034           0.05159          -0.13031
   1    100         -3.66379           0.05162          -0.45375
   2      0         -3.20811           0.05087           0.00193
   3      0         -3.21004           0.05031           0.00000
   4      0         -3.20783           0.05285           0.00221
   5      0         -3.21026           0.05164          -0.00022
   5     60         -3.23422           0.05163          -0.02419
   5     80         -3.36552           0.05158          -0.15549
   5    100         -3.66180           0.05157          -0.45177
 
  contribution from  1-th solvent component
   1      0         -0.46073           0.19120          -0.00749
   1     60         -0.46099           0.19121          -0.00776
   1     80         -0.46261           0.19126          -0.00938
   1    100         -0.46767           0.19140          -0.01444
   2      0         -0.45504           0.18924          -0.00181
   3      0         -0.45323           0.18924           0.00000
   4      0         -0.45111           0.18860           0.00212
   5      0         -0.45037           0.18848           0.00286
   5     60         -0.45073           0.18849           0.00250
   5     80         -0.45275           0.18853           0.00048
   5    100         -0.45750           0.18862          -0.00426
 
  contribution from  2-th solvent component
   1      0         -0.57318           0.14344           0.00240
   1     60         -0.57294           0.14346           0.00265
   1     80         -0.57216           0.14357           0.00343
   1    100         -0.57156           0.14384           0.00402
   2      0         -0.57280           0.14413           0.00279
   3      0         -0.57558           0.14471           0.00000
   4      0         -0.57867           0.14420          -0.00309
   5      0         -0.57784           0.14446          -0.00226
   5     60         -0.57757           0.14448          -0.00198
   5     80         -0.57693           0.14461          -0.00134
   5    100         -0.57703           0.14489          -0.00144
 
  contribution from  3-th solvent component
   1      0         -2.17933           0.24925           0.00177
   1     60         -2.19754           0.24929          -0.01644
   1     80         -2.30545           0.24956          -0.12435
   1    100         -2.62443           0.25034          -0.44333
   2      0         -2.18015           0.24928           0.00095
   3      0         -2.18110           0.24984           0.00000
   4      0         -2.17792           0.24814           0.00318
   5      0         -2.18193           0.24840          -0.00083
   5     60         -2.20580           0.24845          -0.02471
   5     80         -2.33572           0.24878          -0.15462
   5    100         -2.62716           0.24948          -0.44606
 
 
 group  inft   Estimated free energy: total (kcal/mol)
   1      0      -3.1383      -3.3794      -3.1819      -3.1044      -3.1737
                 -3.2226      -3.2909      -3.1501      -3.2411      -3.2513
   1     60      -3.1566      -3.3976      -3.2002      -3.1226      -3.1918
                 -3.2409      -3.3090      -3.1684      -3.2593      -3.2696
   1     80      -3.2659      -3.5064      -3.3093      -3.2311      -3.2998
                 -3.3501      -3.4173      -3.2774      -3.3673      -3.3790
   1    100      -3.5908      -3.8305      -3.6335      -3.5541      -3.6209
                 -3.6738      -3.7401      -3.6014      -3.6883      -3.7043
   2      0      -3.1328      -3.3699      -3.1677      -3.1019      -3.1777
                 -3.2194      -3.2858      -3.1437      -3.2357      -3.2465
   3      0      -3.1306      -3.3673      -3.1667      -3.1093      -3.1871
                 -3.2218      -3.2856      -3.1401      -3.2413      -3.2505
   4      0      -3.1262      -3.3710      -3.1603      -3.0987      -3.1877
                 -3.2207      -3.2878      -3.1347      -3.2351      -3.2561
   5      0      -3.1245      -3.3664      -3.1686      -3.0990      -3.1917
                 -3.2186      -3.2823      -3.1436      -3.2419      -3.2660
   5     60      -3.1486      -3.3904      -3.1927      -3.1228      -3.2155
                 -3.2427      -3.3061      -3.1677      -3.2657      -3.2901
   5     80      -3.2805      -3.5217      -3.3244      -3.2539      -3.3459
                 -3.3744      -3.4368      -3.2993      -3.3961      -3.4222
   5    100      -3.5781      -3.8186      -3.6215      -3.5497      -3.6401
                 -3.6710      -3.7323      -3.5962      -3.6902      -3.7203
 
 group  inft   Estimated free energy: 1-th solvent contribution (kcal/mol)
   1      0      -0.1585      -0.7818      -0.1539      -0.0735      -0.3839
                 -0.3983      -0.9618      -0.3253      -0.7303      -0.6400
   1     60      -0.1588      -0.7821      -0.1541      -0.0737      -0.3841
                 -0.3986      -0.9621      -0.3256      -0.7305      -0.6403
   1     80      -0.1604      -0.7838      -0.1557      -0.0751      -0.3856
                 -0.4002      -0.9639      -0.3272      -0.7322      -0.6420
   1    100      -0.1655      -0.7891      -0.1606      -0.0797      -0.3904
                 -0.4052      -0.9692      -0.3324      -0.7375      -0.6472
   2      0      -0.1557      -0.7691      -0.1499      -0.0763      -0.3830
                 -0.3932      -0.9531      -0.3134      -0.7238      -0.6329
   3      0      -0.1533      -0.7664      -0.1462      -0.0785      -0.3827
                 -0.3927      -0.9529      -0.3073      -0.7210      -0.6313
   4      0      -0.1509      -0.7564      -0.1451      -0.0784      -0.3809
                 -0.3896      -0.9504      -0.3064      -0.7205      -0.6325
   5      0      -0.1502      -0.7584      -0.1446      -0.0750      -0.3820
                 -0.3863      -0.9449      -0.3086      -0.7215      -0.6320
   5     60      -0.1505      -0.7587      -0.1450      -0.0754      -0.3823
                 -0.3867      -0.9453      -0.3090      -0.7219      -0.6324
   5     80      -0.1526      -0.7609      -0.1470      -0.0772      -0.3842
                 -0.3887      -0.9474      -0.3111      -0.7240      -0.6345
   5    100      -0.1575      -0.7659      -0.1516      -0.0816      -0.3886
                 -0.3933      -0.9524      -0.3159      -0.7289      -0.6393
 
 group  inft   Estimated free energy: 2-th solvent contribution (kcal/mol)
   1      0      -0.3490      -0.6650      -0.6074      -0.2867      -0.4352
                 -0.8874      -0.6017      -0.4757      -0.9898      -0.4340
   1     60      -0.3487      -0.6648      -0.6072      -0.2864      -0.4349
                 -0.8871      -0.6015      -0.4754      -0.9896      -0.4337
   1     80      -0.3478      -0.6642      -0.6064      -0.2852      -0.4337
                 -0.8866      -0.6009      -0.4747      -0.9890      -0.4330
   1    100      -0.3469      -0.6641      -0.6060      -0.2837      -0.4319
                 -0.8867      -0.6009      -0.4742      -0.9887      -0.4327
   2      0      -0.3459      -0.6666      -0.5971      -0.2804      -0.4384
                 -0.8879      -0.6042      -0.4814      -0.9914      -0.4347
   3      0      -0.3454      -0.6652      -0.5973      -0.2825      -0.4471
                 -0.8922      -0.6057      -0.4818      -0.9986      -0.4401
   4      0      -0.3506      -0.6768      -0.5968      -0.2807      -0.4523
                 -0.8926      -0.6089      -0.4836      -0.9973      -0.4470
   5      0      -0.3425      -0.6694      -0.6032      -0.2797      -0.4515
                 -0.8944      -0.6055      -0.4854      -0.9958      -0.4510
   5     60      -0.3423      -0.6692      -0.6029      -0.2793      -0.4511
                 -0.8942      -0.6053      -0.4851      -0.9955      -0.4507
   5     80      -0.3415      -0.6688      -0.6023      -0.2782      -0.4500
                 -0.8938      -0.6049      -0.4845      -0.9951      -0.4502
   5    100      -0.3412      -0.6694      -0.6025      -0.2772      -0.4491
                 -0.8945      -0.6055      -0.4847      -0.9956      -0.4506
 
 group  inft   Estimated free energy: 3-th solvent contribution (kcal/mol)
   1      0      -2.6307      -1.9325      -2.4204      -2.7440      -2.3544
                 -1.9368      -1.7273      -2.3490      -1.5209      -2.1772
   1     60      -2.6490      -1.9506      -2.4387      -2.7623      -2.3726
                 -1.9551      -1.7453      -2.3673      -1.5390      -2.1955
   1     80      -2.7575      -2.0582      -2.5470      -2.8706      -2.4804
                 -2.0633      -1.8524      -2.4753      -1.6460      -2.3039
   1    100      -3.0783      -2.3771      -2.8668      -3.1907      -2.7985
                 -2.3819      -2.1698      -2.7948      -1.9620      -2.6243
   2      0      -2.6311      -1.9341      -2.4206      -2.7451      -2.3562
                 -1.9383      -1.7284      -2.3487      -1.5204      -2.1787
   3      0      -2.6318      -1.9356      -2.4231      -2.7482      -2.3571
                 -1.9367      -1.7268      -2.3509      -1.5217      -2.1791
   4      0      -2.6246      -1.9376      -2.4183      -2.7395      -2.3543
                 -1.9383      -1.7284      -2.3447      -1.5172      -2.1764
   5      0      -2.6317      -1.9385      -2.4207      -2.7441      -2.3581
                 -1.9377      -1.7317      -2.3495      -1.5245      -2.1829
   5     60      -2.6557      -1.9623      -2.4447      -2.7680      -2.3819
                 -1.9617      -1.7553      -2.3734      -1.5482      -2.2069
   5     80      -2.7863      -2.0919      -2.5750      -2.8983      -2.5116
                 -2.0918      -1.8843      -2.5036      -1.6770      -2.3374
   5    100      -3.0793      -2.3833      -2.8672      -3.1908      -2.8022
                 -2.3830      -2.1743      -2.7955      -1.9656      -2.6303
 
 
 cumulative average & 95% error for solvation free energy
              total             1st component         2nd component         3rd component
  1    -3.1306               -0.1533               -0.3454               -2.6318
  2    -3.2490     0.2367    -0.4599     0.6131    -0.5053     0.3199    -2.2837     0.6962
  3    -3.2216     0.1473    -0.3553     0.4111    -0.5360     0.1946    -2.3302     0.4125
  4    -3.1935     0.1183    -0.2861     0.3220    -0.4726     0.1871    -2.4347     0.3589
  5    -3.1922     0.0917    -0.3054     0.2524    -0.4675     0.1453    -2.4192     0.2797
  6    -3.1971     0.0755    -0.3200     0.2081    -0.5383     0.1847    -2.3387     0.2793
  7    -3.2098     0.0686    -0.4104     0.2523    -0.5479     0.1573    -2.2513     0.2938
  8    -3.2011     0.0619    -0.3975     0.2200    -0.5397     0.1372    -2.2638     0.2556
  9    -3.2055     0.0553    -0.4334     0.2069    -0.5906     0.1582    -2.1813     0.2793
 10    -3.2100     0.0503    -0.4532     0.1892    -0.5756     0.1447    -2.1811     0.2498
