 ERmod 0.3.8, Copyright (C) 2000-2019 Nobuyuki Matubayasi
                            2010-2019 Shun Sakuraba
 ERmod comes with ABSOLUTELY NO WARRANTY.
 This is free software, and you can redistribute it
 and/or modify it under certain conditions.
 See LICENSE file for details.
 ERmod 0.3.8, Copyright (C) 2000-2019 Nobuyuki Matubayasi
                            2010-2019 Shun Sakuraba
 ERmod comes with ABSOLUTELY NO WARRANTY.
 This is free software, and you can redistribute it
 and/or modify it under certain conditions.
 See LICENSE file for details.
 
  Number of the   1-th solvent  =           90
  Number of the   2-th solvent  =           90
  Number of the   3-th solvent  =        10000
 
  Be sure that the solvent distribution is homogeneous (radial distribution function is essentially unity) when the solvent molecule is separated beyond distance of   10.0 Angstrom in any direction from any atom within the solute molecule
 
  LJ long-range correction    =        -0.0043     -0.0032     -0.3478
 
  Self-energy of the solute   =        -0.0001  kcal/mol
 
 
 cumulative average & 95% error for solvation energy
              total             1st component         2nd component         3rd component
  1   -20.3818               -0.7973               -0.5423              -19.0421
  2   -20.4170     0.0704    -0.4690     0.6566    -0.3811     0.3224   -19.5668     1.0494
  3   -20.4219     0.0418    -0.5202     0.3927    -0.3888     0.1868   -19.5128     0.6154
  4   -20.4019     0.0498    -0.4632     0.3001    -0.3975     0.1332   -19.5410     0.4388
  5   -20.4009     0.0386    -0.4966     0.2419    -0.3502     0.1400   -19.5539     0.3409
  6   -20.4301     0.0663    -0.5410     0.2165    -0.3735     0.1234   -19.5155     0.2888
  7   -20.4399     0.0594    -0.4877     0.2117    -0.3680     0.1049   -19.5840     0.2799
  8   -20.4407     0.0515    -0.4244     0.2229    -0.3873     0.0987   -19.6288     0.2585
  9   -20.4317     0.0488    -0.3938     0.2058    -0.3821     0.0877   -19.6556     0.2342
 10   -20.4345     0.0440    -0.4172     0.1899    -0.3492     0.1024   -19.6680     0.2109
 
 
 group  inft  solvation free energy     error          difference
  total solvation free energy
   1      0         -2.43056           0.04599           0.00817
   1     60         -2.44465           0.04600          -0.00593
   1     80         -2.56747           0.04610          -0.12875
   1    100         -3.03869           0.04648          -0.59997
   2      0         -2.43470           0.04368           0.00402
   3      0         -2.43872           0.04321           0.00000
   4      0         -2.43285           0.04319           0.00587
   5      0         -2.43634           0.04265           0.00238
   5     60         -2.45559           0.04266          -0.01686
   5     80         -2.60998           0.04273          -0.17126
   5    100         -3.04584           0.04293          -0.60711
 
  contribution from  1-th solvent component
   1      0         -0.05509           0.10194           0.00851
   1     60         -0.05517           0.10195           0.00842
   1     80         -0.05599           0.10205           0.00761
   1    100         -0.05967           0.10238           0.00393
   2      0         -0.06230           0.09581           0.00130
   3      0         -0.06360           0.09368           0.00000
   4      0         -0.06437           0.09228          -0.00077
   5      0         -0.06557           0.09114          -0.00197
   5     60         -0.06570           0.09115          -0.00210
   5     80         -0.06687           0.09122          -0.00327
   5    100         -0.07053           0.09140          -0.00693
 
  contribution from  2-th solvent component
   1      0         -0.22898           0.05980          -0.00474
   1     60         -0.22875           0.05979          -0.00451
   1     80         -0.22760           0.05979          -0.00335
   1    100         -0.22546           0.05983          -0.00122
   2      0         -0.22413           0.05865           0.00011
   3      0         -0.22424           0.05767           0.00000
   4      0         -0.22323           0.05837           0.00101
   5      0         -0.22231           0.05848           0.00193
   5     60         -0.22203           0.05847           0.00222
   5     80         -0.22086           0.05844           0.00338
   5    100         -0.21940           0.05840           0.00484
 
  contribution from  3-th solvent component
   1      0         -2.14634           0.10408           0.00440
   1     60         -2.16059           0.10410          -0.00985
   1     80         -2.28374           0.10421          -0.13300
   1    100         -2.75342           0.10457          -0.60268
   2      0         -2.14813           0.10399           0.00261
   3      0         -2.15074           0.10372           0.00000
   4      0         -2.14511           0.10273           0.00563
   5      0         -2.14832           0.10314           0.00242
   5     60         -2.16772           0.10316          -0.01698
   5     80         -2.32211           0.10331          -0.17137
   5    100         -2.75577           0.10365          -0.60503
 
 
 group  inft   Estimated free energy: total (kcal/mol)
   1      0      -2.3923      -2.4470      -2.4912      -2.3664      -2.3724
                 -2.5744      -2.3954      -2.4285      -2.3400      -2.4980
   1     60      -2.4063      -2.4612      -2.5053      -2.3805      -2.3865
                 -2.5885      -2.4095      -2.4426      -2.3541      -2.5121
   1     80      -2.5285      -2.5840      -2.6280      -2.5034      -2.5097
                 -2.7117      -2.5322      -2.5655      -2.4765      -2.6351
   1    100      -2.9974      -3.0549      -3.0993      -2.9751      -2.9819
                 -3.1841      -3.0030      -3.0379      -2.9461      -3.1073
   2      0      -2.3950      -2.4696      -2.4856      -2.3599      -2.3742
                 -2.5661      -2.4131      -2.4379      -2.3512      -2.4944
   3      0      -2.3976      -2.4808      -2.4883      -2.3595      -2.3721
                 -2.5630      -2.4263      -2.4427      -2.3593      -2.4975
   4      0      -2.3966      -2.4778      -2.4772      -2.3560      -2.3641
                 -2.5614      -2.4167      -2.4401      -2.3529      -2.4858
   5      0      -2.4006      -2.4819      -2.4830      -2.3563      -2.3665
                 -2.5590      -2.4269      -2.4471      -2.3563      -2.4859
   5     60      -2.4197      -2.5012      -2.5022      -2.3755      -2.3858
                 -2.5783      -2.4461      -2.4664      -2.3755      -2.5052
   5     80      -2.5732      -2.6558      -2.6564      -2.5300      -2.5407
                 -2.7330      -2.6005      -2.6210      -2.5295      -2.6598
   5    100      -3.0068      -3.0916      -3.0919      -2.9665      -2.9775
                 -3.1695      -3.0362      -3.0580      -2.9640      -3.0963
 
 group  inft   Estimated free energy: 1-th solvent contribution (kcal/mol)
   1      0      -0.2511       0.0920      -0.1620      -0.0014      -0.1629
                 -0.2415       0.0872       0.1749       0.0977      -0.1839
   1     60      -0.2512       0.0919      -0.1621      -0.0015      -0.1630
                 -0.2416       0.0872       0.1748       0.0976      -0.1840
   1     80      -0.2522       0.0912      -0.1630      -0.0024      -0.1639
                 -0.2425       0.0866       0.1742       0.0970      -0.1850
   1    100      -0.2565       0.0880      -0.1671      -0.0065      -0.1679
                 -0.2465       0.0837       0.1712       0.0940      -0.1892
   2      0      -0.2464       0.0730      -0.1608      -0.0024      -0.1641
                 -0.2416       0.0653       0.1564       0.0796      -0.1820
   3      0      -0.2435       0.0666      -0.1600      -0.0017      -0.1613
                 -0.2405       0.0573       0.1518       0.0759      -0.1805
   4      0      -0.2440       0.0638      -0.1581       0.0003      -0.1618
                 -0.2395       0.0567       0.1446       0.0719      -0.1778
   5      0      -0.2436       0.0600      -0.1591       0.0010      -0.1619
                 -0.2390       0.0515       0.1414       0.0695      -0.1756
   5     60      -0.2437       0.0599      -0.1592       0.0009      -0.1620
                 -0.2392       0.0514       0.1413       0.0694      -0.1758
   5     80      -0.2450       0.0589      -0.1605      -0.0004      -0.1632
                 -0.2404       0.0504       0.1403       0.0684      -0.1771
   5    100      -0.2490       0.0554      -0.1643      -0.0044      -0.1672
                 -0.2441       0.0472       0.1370       0.0652      -0.1812
 
 group  inft   Estimated free energy: 2-th solvent contribution (kcal/mol)
   1      0      -0.3053      -0.1969      -0.3034      -0.2188      -0.0932
                 -0.3772      -0.1810      -0.3185      -0.1927      -0.1029
   1     60      -0.3050      -0.1966      -0.3032      -0.2186      -0.0929
                 -0.3770      -0.1807      -0.3183      -0.1924      -0.1027
   1     80      -0.3034      -0.1952      -0.3020      -0.2176      -0.0919
                 -0.3762      -0.1794      -0.3173      -0.1911      -0.1019
   1    100      -0.2995      -0.1922      -0.2999      -0.2160      -0.0900
                 -0.3752      -0.1766      -0.3162      -0.1884      -0.1007
   2      0      -0.3103      -0.1979      -0.2970      -0.2106      -0.0926
                 -0.3660      -0.1736      -0.3076      -0.1853      -0.1003
   3      0      -0.3144      -0.2015      -0.2971      -0.2072      -0.0913
                 -0.3587      -0.1772      -0.3052      -0.1866      -0.1032
   4      0      -0.3138      -0.2023      -0.2933      -0.2133      -0.0887
                 -0.3624      -0.1726      -0.3030      -0.1819      -0.1011
   5      0      -0.3162      -0.1990      -0.2922      -0.2089      -0.0874
                 -0.3607      -0.1714      -0.3031      -0.1820      -0.1022
   5     60      -0.3158      -0.1987      -0.2919      -0.2087      -0.0871
                 -0.3604      -0.1711      -0.3028      -0.1817      -0.1020
   5     80      -0.3141      -0.1972      -0.2907      -0.2078      -0.0862
                 -0.3596      -0.1697      -0.3019      -0.1803      -0.1012
   5    100      -0.3110      -0.1949      -0.2892      -0.2069      -0.0851
                 -0.3590      -0.1676      -0.3014      -0.1783      -0.1006
 
 group  inft   Estimated free energy: 3-th solvent contribution (kcal/mol)
   1      0      -1.8358      -2.3420      -2.0257      -2.1461      -2.1162
                 -1.9555      -2.3015      -2.2848      -2.2449      -2.2111
   1     60      -1.8500      -2.3563      -2.0399      -2.1603      -2.1305
                 -1.9698      -2.3158      -2.2990      -2.2591      -2.2253
   1     80      -1.9728      -2.4799      -2.1628      -2.2832      -2.2538
                 -2.0929      -2.4393      -2.4223      -2.3822      -2.3482
   1    100      -2.4413      -2.9506      -2.6321      -2.7525      -2.7238
                 -2.5623      -2.9100      -2.8928      -2.8516      -2.8172
   2      0      -1.8382      -2.3445      -2.0277      -2.1468      -2.1173
                 -1.9584      -2.3047      -2.2866      -2.2454      -2.2119
   3      0      -1.8396      -2.3458      -2.0310      -2.1504      -2.1194
                 -1.9636      -2.3063      -2.2892      -2.2485      -2.2136
   4      0      -1.8387      -2.3392      -2.0257      -2.1429      -2.1135
                 -1.9594      -2.3007      -2.2815      -2.2427      -2.2068
   5      0      -1.8407      -2.3428      -2.0316      -2.1483      -2.1171
                 -1.9591      -2.3068      -2.2853      -2.2436      -2.2079
   5     60      -1.8601      -2.3623      -2.0509      -2.1676      -2.1365
                 -1.9785      -2.3263      -2.3046      -2.2630      -2.2273
   5     80      -2.0140      -2.5173      -2.2051      -2.3217      -2.2911
                 -2.1329      -2.4811      -2.4592      -2.4174      -2.3813
   5    100      -2.4467      -2.9520      -2.6383      -2.7551      -2.7251
                 -2.5662      -2.9157      -2.8935      -2.8508      -2.8143
 
 
 cumulative average & 95% error for solvation free energy
              total             1st component         2nd component         3rd component
  1    -2.3976               -0.2435               -0.3144               -1.8396
  2    -2.4392     0.0831    -0.0884     0.3102    -0.2579     0.1129    -2.0927     0.5062
  3    -2.4556     0.0581    -0.1123     0.1853    -0.2710     0.0702    -2.0722     0.2951
  4    -2.4316     0.0632    -0.0847     0.1422    -0.2550     0.0590    -2.0917     0.2123
  5    -2.4197     0.0544    -0.1000     0.1144    -0.2223     0.0799    -2.0972     0.1648
  6    -2.4436     0.0653    -0.1234     0.1045    -0.2450     0.0795    -2.0750     0.1418
  7    -2.4411     0.0554    -0.0976     0.1023    -0.2353     0.0699    -2.1080     0.1368
  8    -2.4413     0.0480    -0.0664     0.1083    -0.2441     0.0630    -2.1307     0.1269
  9    -2.4322     0.0461    -0.0506     0.1006    -0.2377     0.0570    -2.1438     0.1149
 10    -2.4387     0.0432    -0.0636     0.0937    -0.2242     0.0577    -2.1507     0.1037
