 ERmod 0.3.8, Copyright (C) 2000-2019 Nobuyuki Matubayasi
                            2010-2019 Shun Sakuraba
 ERmod comes with ABSOLUTELY NO WARRANTY.
 This is free software, and you can redistribute it
 and/or modify it under certain conditions.
 See LICENSE file for details.
 ERmod 0.3.8, Copyright (C) 2000-2019 Nobuyuki Matubayasi
                            2010-2019 Shun Sakuraba
 ERmod comes with ABSOLUTELY NO WARRANTY.
 This is free software, and you can redistribute it
 and/or modify it under certain conditions.
 See LICENSE file for details.
 
  Number of the   1-th solvent  =          180
  Number of the   2-th solvent  =          180
  Number of the   3-th solvent  =        10000
 
  Be sure that the solvent distribution is homogeneous (radial distribution function is essentially unity) when the solvent molecule is separated beyond distance of   10.0 Angstrom in any direction from any atom within the solute molecule
 
  LJ long-range correction    =        -0.0063     -0.0046     -0.2521
 
  Self-energy of the solute   =        -0.0001  kcal/mol
 
 
 cumulative average & 95% error for solvation energy
              total             1st component         2nd component         3rd component
  1   -18.6636               -0.5662               -0.8569              -17.2405
  2   -18.6536     0.0201    -0.4952     0.1419    -0.9490     0.1843   -17.2092     0.0625
  3   -18.7087     0.1109    -0.6628     0.3452    -1.0370     0.2056   -17.0087     0.4026
  4   -18.7283     0.0877    -0.6855     0.2482    -1.0192     0.1497   -17.0236     0.2862
  5   -18.6622     0.1487    -0.6566     0.2008    -0.8954     0.2733   -17.1100     0.2812
  6   -18.6546     0.1224    -0.7289     0.2186    -0.8702     0.2288   -17.0554     0.2543
  7   -18.6392     0.1079    -0.6836     0.2057    -0.8404     0.2023   -17.1151     0.2459
  8   -18.6508     0.0963    -0.7392     0.2100    -0.8310     0.1762   -17.0805     0.2240
  9   -18.6408     0.0872    -0.7200     0.1892    -0.7974     0.1694   -17.1234     0.2153
 10   -18.6497     0.0800    -0.8003     0.2333    -0.8170     0.1565   -17.0322     0.2651
 
 
 group  inft  solvation free energy     error          difference
  total solvation free energy
   1      0         -2.89342           0.07177          -0.00525
   1     60         -2.90982           0.07180          -0.02165
   1     80         -3.03221           0.07201          -0.14405
   1    100         -3.43975           0.07249          -0.55158
   2      0         -2.88870           0.06935          -0.00053
   3      0         -2.88817           0.06902           0.00000
   4      0         -2.88494           0.06867           0.00323
   5      0         -2.88922           0.06807          -0.00106
   5     60         -2.91146           0.06810          -0.02329
   5     80         -3.06171           0.06831          -0.17354
   5    100         -3.43689           0.06867          -0.54872
 
  contribution from  1-th solvent component
   1      0         -0.18392           0.12059          -0.00669
   1     60         -0.18416           0.12060          -0.00692
   1     80         -0.18604           0.12064          -0.00881
   1    100         -0.19286           0.12076          -0.01563
   2      0         -0.17978           0.11880          -0.00255
   3      0         -0.17723           0.11823           0.00000
   4      0         -0.17691           0.11823           0.00032
   5      0         -0.17661           0.11749           0.00062
   5     60         -0.17694           0.11749           0.00029
   5     80         -0.17932           0.11753          -0.00209
   5    100         -0.18573           0.11761          -0.00850
 
  contribution from  2-th solvent component
   1      0         -0.50390           0.09989          -0.00183
   1     60         -0.50358           0.09991          -0.00150
   1     80         -0.50238           0.10005          -0.00030
   1    100         -0.50112           0.10044           0.00095
   2      0         -0.50209           0.09987          -0.00001
   3      0         -0.50207           0.09985           0.00000
   4      0         -0.50323           0.10010          -0.00115
   5      0         -0.50416           0.09986          -0.00208
   5     60         -0.50379           0.09988          -0.00171
   5     80         -0.50270           0.10004          -0.00063
   5    100         -0.50228           0.10039          -0.00020
 
  contribution from  3-th solvent component
   1      0         -2.20547           0.13620           0.00326
   1     60         -2.22196           0.13621          -0.01322
   1     80         -2.34367           0.13625          -0.13494
   1    100         -2.74564           0.13647          -0.53690
   2      0         -2.20670           0.13621           0.00203
   3      0         -2.20873           0.13620           0.00000
   4      0         -2.20467           0.13569           0.00406
   5      0         -2.20833           0.13556           0.00040
   5     60         -2.23060           0.13557          -0.02187
   5     80         -2.37956           0.13562          -0.17083
   5    100         -2.74875           0.13584          -0.54002
 
 
 group  inft   Estimated free energy: total (kcal/mol)
   1      0      -2.8675      -2.8774      -3.0887      -3.0358      -2.7156
                 -2.8227      -2.8516      -2.9540      -2.7820      -2.9389
   1     60      -2.8838      -2.8938      -3.1052      -3.0523      -2.7319
                 -2.8392      -2.8680      -2.9705      -2.7983      -2.9553
   1     80      -3.0058      -3.0163      -3.2281      -3.1751      -2.8536
                 -2.9617      -2.9904      -3.0932      -2.9203      -3.0776
   1    100      -3.4120      -3.4239      -3.6367      -3.5836      -3.2596
                 -3.3691      -3.3984      -3.5022      -3.3273      -3.4846
   2      0      -2.8841      -2.8708      -3.0810      -3.0286      -2.7222
                 -2.8172      -2.8434      -2.9397      -2.7764      -2.9238
   3      0      -2.8781      -2.8730      -3.0814      -3.0336      -2.7301
                 -2.8135      -2.8427      -2.9309      -2.7754      -2.9230
   4      0      -2.8810      -2.8727      -3.0768      -3.0250      -2.7258
                 -2.8152      -2.8336      -2.9311      -2.7692      -2.9190
   5      0      -2.8859      -2.8762      -3.0826      -3.0235      -2.7295
                 -2.8201      -2.8432      -2.9358      -2.7746      -2.9208
   5     60      -2.9081      -2.8984      -3.1049      -3.0458      -2.7517
                 -2.8424      -2.8655      -2.9580      -2.7968      -2.9430
   5     80      -3.0580      -3.0488      -3.2556      -3.1965      -2.9012
                 -2.9929      -3.0157      -3.1086      -2.9466      -3.0932
   5    100      -3.4323      -3.4242      -3.6316      -3.5725      -3.2752
                 -3.3679      -3.3912      -3.4848      -3.3213      -3.4679
 
 group  inft   Estimated free energy: 1-th solvent contribution (kcal/mol)
   1      0      -0.0909      -0.0028      -0.3348      -0.1755      -0.0103
                 -0.3033       0.0111      -0.3479      -0.0374      -0.5474
   1     60      -0.0911      -0.0031      -0.3350      -0.1758      -0.0105
                 -0.3036       0.0109      -0.3481      -0.0376      -0.5477
   1     80      -0.0927      -0.0051      -0.3369      -0.1777      -0.0123
                 -0.3056       0.0090      -0.3501      -0.0394      -0.5497
   1    100      -0.0990      -0.0122      -0.3436      -0.1846      -0.0190
                 -0.3127       0.0023      -0.3571      -0.0459      -0.5570
   2      0      -0.0956       0.0052      -0.3257      -0.1678      -0.0108
                 -0.2993       0.0118      -0.3403      -0.0364      -0.5389
   3      0      -0.0930       0.0077      -0.3252      -0.1644      -0.0123
                 -0.2948       0.0132      -0.3364      -0.0326      -0.5345
   4      0      -0.0967       0.0064      -0.3213      -0.1619      -0.0101
                 -0.2975       0.0157      -0.3361      -0.0330      -0.5346
   5      0      -0.0945       0.0080      -0.3252      -0.1605      -0.0121
                 -0.2926       0.0160      -0.3387      -0.0375      -0.5290
   5     60      -0.0947       0.0077      -0.3255      -0.1609      -0.0124
                 -0.2930       0.0157      -0.3390      -0.0379      -0.5293
   5     80      -0.0969       0.0052      -0.3279      -0.1633      -0.0148
                 -0.2955       0.0133      -0.3415      -0.0401      -0.5319
   5    100      -0.1028      -0.0015      -0.3341      -0.1698      -0.0211
                 -0.3021       0.0070      -0.3480      -0.0463      -0.5386
 
 group  inft   Estimated free energy: 2-th solvent contribution (kcal/mol)
   1      0      -0.4778      -0.6023      -0.7784      -0.6629      -0.2630
                 -0.4570      -0.4260      -0.4847      -0.3029      -0.5840
   1     60      -0.4774      -0.6020      -0.7781      -0.6626      -0.2626
                 -0.4567      -0.4257      -0.4844      -0.3025      -0.5838
   1     80      -0.4759      -0.6011      -0.7771      -0.6616      -0.2608
                 -0.4555      -0.4245      -0.4835      -0.3010      -0.5829
   1    100      -0.4738      -0.6003      -0.7764      -0.6611      -0.2581
                 -0.4543      -0.4233      -0.4831      -0.2990      -0.5820
   2      0      -0.4868      -0.6031      -0.7769      -0.6629      -0.2678
                 -0.4534      -0.4182      -0.4770      -0.2973      -0.5777
   3      0      -0.4815      -0.6053      -0.7766      -0.6667      -0.2716
                 -0.4535      -0.4173      -0.4711      -0.2988      -0.5784
   4      0      -0.4857      -0.6074      -0.7783      -0.6668      -0.2721
                 -0.4549      -0.4176      -0.4748      -0.2971      -0.5777
   5      0      -0.4886      -0.6110      -0.7767      -0.6638      -0.2706
                 -0.4606      -0.4194      -0.4713      -0.2985      -0.5811
   5     60      -0.4882      -0.6107      -0.7763      -0.6635      -0.2701
                 -0.4602      -0.4190      -0.4709      -0.2981      -0.5808
   5     80      -0.4869      -0.6099      -0.7754      -0.6626      -0.2684
                 -0.4592      -0.4178      -0.4701      -0.2966      -0.5801
   5    100      -0.4860      -0.6099      -0.7755      -0.6629      -0.2666
                 -0.4588      -0.4173      -0.4702      -0.2955      -0.5801
 
 group  inft   Estimated free energy: 3-th solvent contribution (kcal/mol)
   1      0      -2.2987      -2.2721      -1.9754      -2.1973      -2.4422
                 -2.0622      -2.4365      -2.1214      -2.4415      -1.8073
   1     60      -2.3152      -2.2885      -1.9920      -2.2138      -2.4587
                 -2.0787      -2.4530      -2.1378      -2.4580      -1.8237
   1     80      -2.4370      -2.4100      -2.1140      -2.3357      -2.5803
                 -2.2005      -2.5748      -2.2595      -2.5798      -1.9449
   1    100      -2.8391      -2.8113      -2.5166      -2.7378      -2.9824
                 -2.6020      -2.9773      -2.6620      -2.9823      -2.3455
   2      0      -2.3016      -2.2727      -1.9783      -2.1977      -2.4435
                 -2.0643      -2.4369      -2.1223      -2.4426      -1.8071
   3      0      -2.3035      -2.2752      -1.9795      -2.2025      -2.4461
                 -2.0650      -2.4384      -2.1233      -2.4439      -1.8100
   4      0      -2.2984      -2.2717      -1.9771      -2.1961      -2.4434
                 -2.0627      -2.4316      -2.1201      -2.4389      -1.8066
   5      0      -2.3027      -2.2731      -1.9806      -2.1990      -2.4467
                 -2.0668      -2.4397      -2.1257      -2.4384      -1.8106
   5     60      -2.3250      -2.2953      -2.0029      -2.2213      -2.4690
                 -2.0891      -2.4620      -2.1479      -2.4607      -1.8327
   5     80      -2.4741      -2.4440      -2.1522      -2.3704      -2.6179
                 -2.2381      -2.6111      -2.2969      -2.6098      -1.9811
   5    100      -2.8433      -2.8127      -2.5219      -2.7397      -2.9873
                 -2.6069      -2.9807      -2.6666      -2.9794      -2.3490
 
 
 cumulative average & 95% error for solvation free energy
              total             1st component         2nd component         3rd component
  1    -2.8781               -0.0930               -0.4815               -2.3035
  2    -2.8755     0.0051    -0.0426     0.1007    -0.5434     0.1238    -2.2893     0.0283
  3    -2.9441     0.1373    -0.1368     0.1971    -0.6212     0.1711    -2.1860     0.2072
  4    -2.9665     0.1069    -0.1437     0.1401    -0.6325     0.1231    -2.1901     0.1468
  5    -2.9192     0.1257    -0.1174     0.1206    -0.5603     0.1730    -2.2413     0.1530
  6    -2.9016     0.1085    -0.1470     0.1148    -0.5425     0.1457    -2.2120     0.1381
  7    -2.8932     0.0932    -0.1241     0.1073    -0.5246     0.1282    -2.2443     0.1334
  8    -2.8979     0.0813    -0.1507     0.1070    -0.5180     0.1119    -2.2292     0.1194
  9    -2.8843     0.0767    -0.1375     0.0980    -0.4936     0.1100    -2.2530     0.1156
 10    -2.8882     0.0690    -0.1772     0.1182    -0.5021     0.0999    -2.2087     0.1362
