 ERmod 0.3.8, Copyright (C) 2000-2019 Nobuyuki Matubayasi
                            2010-2019 Shun Sakuraba
 ERmod comes with ABSOLUTELY NO WARRANTY.
 This is free software, and you can redistribute it
 and/or modify it under certain conditions.
 See LICENSE file for details.
 ERmod 0.3.8, Copyright (C) 2000-2019 Nobuyuki Matubayasi
                            2010-2019 Shun Sakuraba
 ERmod comes with ABSOLUTELY NO WARRANTY.
 This is free software, and you can redistribute it
 and/or modify it under certain conditions.
 See LICENSE file for details.
 
  Number of the   1-th solvent  =        10000
 
  Be sure that the solvent distribution is homogeneous (radial distribution function is essentially unity) when the solvent molecule is separated beyond distance of   10.0 Angstrom in any direction from any atom within the solute molecule
 
  LJ long-range correction    =        -0.1558
 
  Self-energy of the solute   =        -0.0001  kcal/mol
 
 
 cumulative average & 95% error for solvation energy
  1   -15.7929
  2   -15.7883     0.0092
  3   -15.8156     0.0550
  4   -15.7922     0.0609
  5   -15.7738     0.0598
  6   -15.7604     0.0557
  7   -15.7611     0.0471
  8   -15.7790     0.0544
  9   -15.7798     0.0480
 10   -15.7917     0.0491
 
 
 group  inft  solvation free energy     error          difference
   1      0         -3.32453           0.01866           0.00088
   1     60         -3.33928           0.01867          -0.01388
   1     80         -3.43246           0.01867          -0.10706
   1    100         -3.72939           0.01854          -0.40399
   2      0         -3.32386           0.01894           0.00154
   3      0         -3.32540           0.01890           0.00000
   4      0         -3.31429           0.01922           0.01111
   5      0         -3.32189           0.01973           0.00351
   5     60         -3.34142           0.01975          -0.01602
   5     80         -3.45453           0.01976          -0.12913
   5    100         -3.72702           0.01966          -0.40161
 
 
 group  inft   Estimated free energy (kcal/mol)
   1      0      -3.3176      -3.3143      -3.3474      -3.3046      -3.2804
                 -3.2902      -3.3211      -3.3611      -3.3384      -3.3702
   1     60      -3.3324      -3.3291      -3.3623      -3.3192      -3.2951
                 -3.3050      -3.3358      -3.3759      -3.3532      -3.3849
   1     80      -3.4257      -3.4224      -3.4557      -3.4122      -3.3882
                 -3.3981      -3.4289      -3.4692      -3.4463      -3.4778
   1    100      -3.7232      -3.7199      -3.7531      -3.7089      -3.6851
                 -3.6950      -3.7259      -3.7658      -3.7433      -3.7736
   2      0      -3.3181      -3.3131      -3.3461      -3.3027      -3.2807
                 -3.2883      -3.3209      -3.3606      -3.3357      -3.3723
   3      0      -3.3183      -3.3132      -3.3466      -3.3050      -3.2823
                 -3.2910      -3.3206      -3.3637      -3.3410      -3.3723
   4      0      -3.3080      -3.3035      -3.3362      -3.2931      -3.2714
                 -3.2770      -3.3147      -3.3491      -3.3238      -3.3661
   5      0      -3.3175      -3.3122      -3.3505      -3.2991      -3.2755
                 -3.2855      -3.3147      -3.3607      -3.3357      -3.3676
   5     60      -3.3371      -3.3318      -3.3701      -3.3185      -3.2950
                 -3.3050      -3.3342      -3.3803      -3.3552      -3.3871
   5     80      -3.4504      -3.4451      -3.4835      -3.4314      -3.4080
                 -3.4181      -3.4472      -3.4935      -3.4683      -3.4999
   5    100      -3.7234      -3.7181      -3.7563      -3.7037      -3.6805
                 -3.6906      -3.7198      -3.7658      -3.7408      -3.7714
 
 
 cumulative average & 95% error for solvation free energy
  1    -3.3183
  2    -3.3157     0.0052
  3    -3.3260     0.0208
  4    -3.3208     0.0181
  5    -3.3131     0.0208
  6    -3.3094     0.0185
  7    -3.3110     0.0160
  8    -3.3176     0.0191
  9    -3.3202     0.0176
 10    -3.3254     0.0189
