 ERmod 0.3.8, Copyright (C) 2000-2019 Nobuyuki Matubayasi
                            2010-2019 Shun Sakuraba
 ERmod comes with ABSOLUTELY NO WARRANTY.
 This is free software, and you can redistribute it
 and/or modify it under certain conditions.
 See LICENSE file for details.
 ERmod 0.3.8, Copyright (C) 2000-2019 Nobuyuki Matubayasi
                            2010-2019 Shun Sakuraba
 ERmod comes with ABSOLUTELY NO WARRANTY.
 This is free software, and you can redistribute it
 and/or modify it under certain conditions.
 See LICENSE file for details.
 
  Number of the   1-th solvent  =           90
  Number of the   2-th solvent  =           90
  Number of the   3-th solvent  =        10000
 
  Be sure that the solvent distribution is homogeneous (radial distribution function is essentially unity) when the solvent molecule is separated beyond distance of   10.0 Angstrom in any direction from any atom within the solute molecule
 
  LJ long-range correction    =        -0.0052     -0.0190     -0.6136
 
  Self-energy of the solute   =        -0.0001  kcal/mol
 
 
 cumulative average & 95% error for solvation energy
              total             1st component         2nd component         3rd component
  1   -26.7059               -0.3210               -0.6662              -25.7187
  2   -26.6505     0.1109    -0.2852     0.0715    -0.8737     0.4151   -25.4915     0.4545
  3   -26.6296     0.0764    -0.2548     0.0736    -0.9901     0.3341   -25.3846     0.3384
  4   -26.6408     0.0585    -0.2416     0.0583    -0.9691     0.2400   -25.4300     0.2559
  5   -26.6187     0.0633    -0.2018     0.0916    -1.0311     0.2235   -25.3858     0.2171
  6   -26.6004     0.0634    -0.2445     0.1135    -0.9303     0.2719   -25.4255     0.1942
  7   -26.5761     0.0723    -0.3672     0.2636    -0.9161     0.2315   -25.2927     0.3123
  8   -26.5605     0.0699    -0.3277     0.2416    -0.9298     0.2024   -25.3029     0.2712
  9   -26.5528     0.0636    -0.3465     0.2164    -0.9880     0.2131   -25.2183     0.2930
 10   -26.5596     0.0585    -0.2983     0.2161    -0.9638     0.1966   -25.2974     0.3061
 
 
 group  inft  solvation free energy     error          difference
  total solvation free energy
   1      0         -1.55833           0.03452           0.00604
   1     60         -1.57883           0.03453          -0.01446
   1     80         -1.76758           0.03463          -0.20322
   1    100         -2.51807           0.03503          -0.95370
   2      0         -1.56383           0.03557           0.00054
   3      0         -1.56437           0.03568           0.00000
   4      0         -1.55748           0.03720           0.00689
   5      0         -1.55077           0.03469           0.01360
   5     60         -1.57871           0.03471          -0.01434
   5     80         -1.81787           0.03487          -0.25351
   5    100         -2.51166           0.03532          -0.94729
 
  contribution from  1-th solvent component
   1      0          0.05885           0.11470           0.01079
   1     60          0.05880           0.11471           0.01073
   1     80          0.05796           0.11477           0.00989
   1    100          0.05377           0.11509           0.00570
   2      0          0.05010           0.11191           0.00203
   3      0          0.04807           0.11125           0.00000
   4      0          0.04568           0.10964          -0.00239
   5      0          0.04592           0.10961          -0.00215
   5     60          0.04582           0.10962          -0.00225
   5     80          0.04458           0.10968          -0.00348
   5    100          0.04023           0.10988          -0.00784
 
  contribution from  2-th solvent component
   1      0         -0.41521           0.10115          -0.00668
   1     60         -0.41548           0.10115          -0.00695
   1     80         -0.41796           0.10118          -0.00943
   1    100         -0.42759           0.10129          -0.01906
   2      0         -0.40979           0.09978          -0.00127
   3      0         -0.40853           0.09865           0.00000
   4      0         -0.40727           0.09849           0.00126
   5      0         -0.40612           0.09767           0.00241
   5     60         -0.40650           0.09767           0.00203
   5     80         -0.40965           0.09770          -0.00112
   5    100         -0.41856           0.09776          -0.01003
 
  contribution from  3-th solvent component
   1      0         -1.20190           0.14306           0.00193
   1     60         -1.22207           0.14310          -0.01824
   1     80         -1.40751           0.14335          -0.20368
   1    100         -2.14417           0.14427          -0.94034
   2      0         -1.20406           0.14274          -0.00023
   3      0         -1.20383           0.14218           0.00000
   4      0         -1.19581           0.14236           0.00802
   5      0         -1.19049           0.14170           0.01334
   5     60         -1.21795           0.14174          -0.01412
   5     80         -1.45273           0.14206          -0.24890
   5    100         -2.13325           0.14293          -0.92942
 
 
 group  inft   Estimated free energy: total (kcal/mol)
   1      0      -1.5985      -1.5954      -1.5428      -1.6284      -1.6342
                 -1.5060      -1.5392      -1.4646      -1.5449      -1.5293
   1     60      -1.6191      -1.6159      -1.5633      -1.6489      -1.6547
                 -1.5265      -1.5597      -1.4851      -1.5653      -1.5498
   1     80      -1.8087      -1.8046      -1.7519      -1.8377      -1.8436
                 -1.7153      -1.7480      -1.6736      -1.7536      -1.7388
   1    100      -2.5619      -2.5548      -2.5011      -2.5884      -2.5951
                 -2.4666      -2.4973      -2.4229      -2.5024      -2.4903
   2      0      -1.6012      -1.5985      -1.5460      -1.6433      -1.6436
                 -1.5275      -1.5260      -1.4684      -1.5473      -1.5365
   3      0      -1.6072      -1.5950      -1.5522      -1.6456      -1.6396
                 -1.5330      -1.5203      -1.4670      -1.5452      -1.5384
   4      0      -1.5993      -1.5950      -1.5398      -1.6420      -1.6349
                 -1.5185      -1.5076      -1.4581      -1.5399      -1.5395
   5      0      -1.5936      -1.5822      -1.5339      -1.6329      -1.6199
                 -1.5195      -1.5049      -1.4581      -1.5316      -1.5308
   5     60      -1.6217      -1.6102      -1.5619      -1.6609      -1.6479
                 -1.5475      -1.5327      -1.4860      -1.5594      -1.5588
   5     80      -1.8620      -1.8494      -1.8008      -1.9002      -1.8871
                 -1.7868      -1.7713      -1.7250      -1.7979      -1.7983
   5    100      -2.5584      -2.5428      -2.4934      -2.5943      -2.5816
                 -2.4816      -2.4636      -2.4177      -2.4900      -2.4931
 
 group  inft   Estimated free energy: 1-th solvent contribution (kcal/mol)
   1      0       0.0427       0.0814       0.1357       0.0841       0.1466
                 -0.0140      -0.3633       0.2005      -0.0430       0.3178
   1     60       0.0427       0.0813       0.1357       0.0841       0.1465
                 -0.0140      -0.3634       0.2004      -0.0431       0.3178
   1     80       0.0418       0.0805       0.1348       0.0832       0.1456
                 -0.0149      -0.3644       0.1995      -0.0439       0.3173
   1    100       0.0373       0.0766       0.1307       0.0792       0.1414
                 -0.0191      -0.3696       0.1953      -0.0484       0.3145
   2      0       0.0381       0.0700       0.1245       0.0680       0.1367
                 -0.0274      -0.3578       0.1930      -0.0494       0.3054
   3      0       0.0310       0.0684       0.1195       0.0646       0.1357
                 -0.0286      -0.3563       0.1959      -0.0502       0.3007
   4      0       0.0338       0.0600       0.1215       0.0623       0.1288
                 -0.0285      -0.3542       0.1922      -0.0515       0.2924
   5      0       0.0357       0.0642       0.1162       0.0624       0.1345
                 -0.0301      -0.3556       0.1923      -0.0496       0.2893
   5     60       0.0356       0.0641       0.1161       0.0623       0.1344
                 -0.0302      -0.3558       0.1922      -0.0497       0.2893
   5     80       0.0343       0.0629       0.1148       0.0611       0.1331
                 -0.0315      -0.3571       0.1908      -0.0510       0.2885
   5    100       0.0297       0.0586       0.1104       0.0567       0.1287
                 -0.0360      -0.3620       0.1863      -0.0555       0.2854
 
 group  inft   Estimated free energy: 2-th solvent contribution (kcal/mol)
   1      0      -0.2660      -0.4949      -0.5398      -0.3949      -0.6083
                 -0.1267      -0.3612      -0.4416      -0.6291      -0.2896
   1     60      -0.2663      -0.4951      -0.5400      -0.3952      -0.6086
                 -0.1269      -0.3615      -0.4419      -0.6294      -0.2899
   1     80      -0.2687      -0.4977      -0.5425      -0.3977      -0.6111
                 -0.1293      -0.3639      -0.4443      -0.6319      -0.2924
   1    100      -0.2782      -0.5074      -0.5523      -0.4075      -0.6210
                 -0.1385      -0.3733      -0.4540      -0.6416      -0.3020
   2      0      -0.2617      -0.4846      -0.5312      -0.3912      -0.6050
                 -0.1306      -0.3497      -0.4372      -0.6224      -0.2842
   3      0      -0.2621      -0.4804      -0.5323      -0.3896      -0.6018
                 -0.1364      -0.3432      -0.4374      -0.6192      -0.2828
   4      0      -0.2621      -0.4810      -0.5293      -0.3894      -0.5978
                 -0.1321      -0.3436      -0.4366      -0.6175      -0.2833
   5      0      -0.2632      -0.4756      -0.5270      -0.3866      -0.5940
                 -0.1342      -0.3418      -0.4400      -0.6169      -0.2819
   5     60      -0.2636      -0.4760      -0.5274      -0.3870      -0.5943
                 -0.1345      -0.3422      -0.4403      -0.6173      -0.2823
   5     80      -0.2667      -0.4792      -0.5306      -0.3902      -0.5975
                 -0.1376      -0.3453      -0.4435      -0.6205      -0.2854
   5    100      -0.2756      -0.4882      -0.5395      -0.3992      -0.6067
                 -0.1463      -0.3539      -0.4524      -0.6294      -0.2944
 
 group  inft   Estimated free energy: 3-th solvent contribution (kcal/mol)
   1      0      -1.3751      -1.1818      -1.1387      -1.3175      -1.1724
                 -1.3653      -0.8146      -1.2234      -0.8727      -1.5574
   1     60      -1.3954      -1.2020      -1.1589      -1.3377      -1.1925
                 -1.3855      -0.8347      -1.2436      -0.8928      -1.5776
   1     80      -1.5817      -1.3874      -1.3441      -1.5231      -1.3780
                 -1.5711      -1.0196      -1.4287      -1.0777      -1.7637
   1    100      -2.3209      -2.1239      -2.0794      -2.2599      -2.1154
                 -2.3089      -1.7543      -2.1641      -1.8123      -2.5027
   2      0      -1.3775      -1.1839      -1.1392      -1.3200      -1.1752
                 -1.3694      -0.8184      -1.2241      -0.8754      -1.5576
   3      0      -1.3761      -1.1830      -1.1394      -1.3205      -1.1733
                 -1.3679      -0.8206      -1.2255      -0.8757      -1.5562
   4      0      -1.3709      -1.1739      -1.1320      -1.3149      -1.1659
                 -1.3579      -0.8097      -1.2136      -0.8708      -1.5485
   5      0      -1.3660      -1.1707      -1.1231      -1.3087      -1.1604
                 -1.3552      -0.8073      -1.2103      -0.8650      -1.5382
   5     60      -1.3936      -1.1982      -1.1505      -1.3362      -1.1878
                 -1.3827      -0.8347      -1.2378      -0.8923      -1.5657
   5     80      -1.6295      -1.4329      -1.3850      -1.5710      -1.4226
                 -1.6176      -1.0688      -1.4722      -1.1264      -1.8013
   5    100      -2.3124      -2.1132      -2.0643      -2.2518      -2.1035
                 -2.2992      -1.7476      -2.1515      -1.8050      -2.4841
 
 
 cumulative average & 95% error for solvation free energy
              total             1st component         2nd component         3rd component
  1    -1.6072                0.0310               -0.2621               -1.3761
  2    -1.6011     0.0122     0.0497     0.0374    -0.3712     0.2183    -1.2795     0.1931
  3    -1.5848     0.0333     0.0730     0.0513    -0.4249     0.1656    -1.2328     0.1455
  4    -1.6000     0.0385     0.0709     0.0365    -0.4161     0.1184    -1.2547     0.1118
  5    -1.6080     0.0337     0.0838     0.0384    -0.4532     0.1180    -1.2385     0.0925
  6    -1.5955     0.0372     0.0651     0.0488    -0.4004     0.1430    -1.2600     0.0870
  7    -1.5847     0.0381     0.0049     0.1273    -0.3923     0.1219    -1.1973     0.1455
  8    -1.5700     0.0442     0.0288     0.1201    -0.3979     0.1062    -1.2008     0.1262
  9    -1.5673     0.0394     0.0200     0.1074    -0.4225     0.1058    -1.1647     0.1327
 10    -1.5644     0.0357     0.0481     0.1112    -0.4085     0.0987    -1.2038     0.1422
