 ERmod 0.3.8, Copyright (C) 2000-2019 Nobuyuki Matubayasi
                            2010-2019 Shun Sakuraba
 ERmod comes with ABSOLUTELY NO WARRANTY.
 This is free software, and you can redistribute it
 and/or modify it under certain conditions.
 See LICENSE file for details.
 ERmod 0.3.8, Copyright (C) 2000-2019 Nobuyuki Matubayasi
                            2010-2019 Shun Sakuraba
 ERmod comes with ABSOLUTELY NO WARRANTY.
 This is free software, and you can redistribute it
 and/or modify it under certain conditions.
 See LICENSE file for details.
 
  Number of the   1-th solvent  =           90
  Number of the   2-th solvent  =           90
  Number of the   3-th solvent  =        10000
 
  Be sure that the solvent distribution is homogeneous (radial distribution function is essentially unity) when the solvent molecule is separated beyond distance of   10.0 Angstrom in any direction from any atom within the solute molecule
 
  LJ long-range correction    =        -0.0018     -0.0041     -0.2133
 
  Self-energy of the solute   =         0.0000  kcal/mol
 
 
 cumulative average & 95% error for solvation energy
              total             1st component         2nd component         3rd component
  1    -5.9956                0.0479               -0.1212               -5.9223
  2    -5.9944     0.0022     0.0513     0.0067    -0.1163     0.0097    -5.9294     0.0142
  3    -5.9866     0.0157     0.0508     0.0040    -0.1122     0.0100    -5.9252     0.0117
  4    -5.9851     0.0115     0.0475     0.0072    -0.1101     0.0082    -5.9225     0.0099
  5    -5.9869     0.0096     0.0478     0.0056    -0.1138     0.0097    -5.9209     0.0083
  6    -5.9879     0.0081     0.0462     0.0056    -0.1180     0.0115    -5.9161     0.0118
  7    -5.9878     0.0068     0.0449     0.0054    -0.1175     0.0098    -5.9152     0.0102
  8    -5.9864     0.0065     0.0449     0.0047    -0.1172     0.0085    -5.9141     0.0091
  9    -5.9857     0.0059     0.0427     0.0060    -0.1202     0.0096    -5.9082     0.0143
 10    -5.9844     0.0058     0.0436     0.0056    -0.1204     0.0086    -5.9076     0.0129
 
 
 group  inft  solvation free energy     error          difference
  total solvation free energy
   1      0          2.95032           0.00853          -0.00476
   1     60          2.94147           0.00855          -0.01360
   1     80          2.86794           0.00879          -0.08713
   1    100          2.59300           0.00967          -0.36207
   2      0          2.94914           0.00843          -0.00594
   3      0          2.95507           0.00827           0.00000
   4      0          2.99226           0.00830           0.03719
   5      0          3.00946           0.00780           0.05439
   5     60          2.99749           0.00784           0.04242
   5     80          2.90604           0.00810          -0.04904
   5    100          2.64958           0.00883          -0.30549
 
  contribution from  1-th solvent component
   1      0          0.10739           0.00538           0.00248
   1     60          0.10741           0.00539           0.00250
   1     80          0.10748           0.00552           0.00258
   1    100          0.10705           0.00610           0.00214
   2      0          0.10557           0.00490           0.00066
   3      0          0.10491           0.00482           0.00000
   4      0          0.10446           0.00472          -0.00045
   5      0          0.10376           0.00468          -0.00115
   5     60          0.10377           0.00469          -0.00113
   5     80          0.10371           0.00485          -0.00119
   5    100          0.10292           0.00533          -0.00199
 
  contribution from  2-th solvent component
   1      0         -0.00413           0.00555           0.00280
   1     60         -0.00417           0.00555           0.00276
   1     80         -0.00464           0.00562           0.00229
   1    100         -0.00664           0.00585           0.00030
   2      0         -0.00617           0.00536           0.00076
   3      0         -0.00693           0.00530           0.00000
   4      0         -0.00757           0.00500          -0.00064
   5      0         -0.00783           0.00499          -0.00090
   5     60         -0.00790           0.00500          -0.00097
   5     80         -0.00857           0.00506          -0.00164
   5    100         -0.01057           0.00523          -0.00364
 
  contribution from  3-th solvent component
   1      0          2.84705           0.00736          -0.01004
   1     60          2.83822           0.00737          -0.01886
   1     80          2.76509           0.00746          -0.09200
   1    100          2.49258           0.00789          -0.36451
   2      0          2.84972           0.00701          -0.00736
   3      0          2.85709           0.00730           0.00000
   4      0          2.89536           0.00686           0.03828
   5      0          2.91352           0.00719           0.05644
   5     60          2.90161           0.00720           0.04452
   5     80          2.81088           0.00731          -0.04620
   5    100          2.55723           0.00768          -0.29986
 
 
 group  inft   Estimated free energy: total (kcal/mol)
   1      0       2.9457       2.9578       2.9603       2.9656       2.9273
                  2.9288       2.9560       2.9529       2.9454       2.9634
   1     60       2.9369       2.9490       2.9515       2.9568       2.9184
                  2.9199       2.9472       2.9440       2.9366       2.9545
   1     80       2.8634       2.8760       2.8783       2.8835       2.8443
                  2.8457       2.8737       2.8705       2.8626       2.8814
   1    100       2.5886       2.6029       2.6046       2.6095       2.5673
                  2.5684       2.5987       2.5956       2.5863       2.6082
   2      0       2.9442       2.9547       2.9591       2.9656       2.9273
                  2.9278       2.9549       2.9524       2.9434       2.9621
   3      0       2.9496       2.9595       2.9626       2.9724       2.9341
                  2.9335       2.9617       2.9591       2.9508       2.9674
   4      0       2.9886       2.9969       3.0017       3.0079       2.9704
                  2.9708       2.9989       2.9958       2.9869       3.0048
   5      0       3.0016       3.0131       3.0170       3.0267       2.9920
                  2.9881       3.0161       3.0133       3.0066       3.0201
   5     60       2.9896       3.0012       3.0050       3.0148       2.9799
                  2.9761       3.0041       3.0014       2.9945       3.0082
   5     80       2.8982       2.9104       2.9140       2.9236       2.8878
                  2.8838       2.9128       2.9099       2.9027       2.9172
   5    100       2.6416       2.6555       2.6587       2.6679       2.6296
                  2.6252       2.6564       2.6534       2.6451       2.6625
 
 group  inft   Estimated free energy: 1-th solvent contribution (kcal/mol)
   1      0       0.1119       0.1206       0.1144       0.0984       0.1098
                  0.1023       0.1007       0.1055       0.0942       0.1160
   1     60       0.1119       0.1206       0.1144       0.0985       0.1099
                  0.1023       0.1007       0.1056       0.0942       0.1161
   1     80       0.1121       0.1210       0.1146       0.0983       0.1099
                  0.1022       0.1006       0.1056       0.0940       0.1164
   1    100       0.1123       0.1221       0.1148       0.0969       0.1095
                  0.1011       0.0994       0.1048       0.0924       0.1171
   2      0       0.1102       0.1166       0.1123       0.0978       0.1086
                  0.1005       0.0993       0.1038       0.0932       0.1135
   3      0       0.1096       0.1158       0.1118       0.0973       0.1074
                  0.0999       0.0991       0.1032       0.0925       0.1124
   4      0       0.1089       0.1154       0.1113       0.0972       0.1067
                  0.0997       0.0991       0.1026       0.0921       0.1116
   5      0       0.1080       0.1145       0.1105       0.0968       0.1060
                  0.0988       0.0981       0.1020       0.0918       0.1113
   5     60       0.1081       0.1145       0.1106       0.0968       0.1060
                  0.0988       0.0981       0.1020       0.0918       0.1113
   5     80       0.1082       0.1148       0.1107       0.0965       0.1059
                  0.0985       0.0978       0.1018       0.0914       0.1116
   5    100       0.1079       0.1153       0.1103       0.0948       0.1051
                  0.0971       0.0964       0.1007       0.0897       0.1118
 
 group  inft   Estimated free energy: 2-th solvent contribution (kcal/mol)
   1      0      -0.0063      -0.0013       0.0050       0.0105      -0.0105
                 -0.0148       0.0013      -0.0011      -0.0176      -0.0064
   1     60      -0.0064      -0.0013       0.0049       0.0105      -0.0106
                 -0.0149       0.0012      -0.0011      -0.0177      -0.0065
   1     80      -0.0069      -0.0017       0.0047       0.0102      -0.0111
                 -0.0154       0.0008      -0.0016      -0.0183      -0.0070
   1    100      -0.0090      -0.0036       0.0035       0.0087      -0.0135
                 -0.0178      -0.0010      -0.0036      -0.0207      -0.0093
   2      0      -0.0084      -0.0036       0.0014       0.0082      -0.0120
                 -0.0169      -0.0004      -0.0030      -0.0195      -0.0076
   3      0      -0.0092      -0.0041       0.0007       0.0071      -0.0126
                 -0.0178      -0.0012      -0.0039      -0.0198      -0.0086
   4      0      -0.0091      -0.0059      -0.0005       0.0052      -0.0132
                 -0.0181      -0.0018      -0.0041      -0.0200      -0.0082
   5      0      -0.0092      -0.0058      -0.0005       0.0050      -0.0126
                 -0.0185      -0.0021      -0.0052      -0.0203      -0.0093
   5     60      -0.0092      -0.0058      -0.0005       0.0050      -0.0127
                 -0.0186      -0.0022      -0.0052      -0.0204      -0.0094
   5     80      -0.0100      -0.0065      -0.0010       0.0045      -0.0135
                 -0.0194      -0.0028      -0.0059      -0.0211      -0.0101
   5    100      -0.0121      -0.0084      -0.0024       0.0029      -0.0157
                 -0.0217      -0.0047      -0.0080      -0.0234      -0.0123
 
 group  inft   Estimated free energy: 3-th solvent contribution (kcal/mol)
   1      0       2.8402       2.8385       2.8409       2.8566       2.8279
                  2.8413       2.8540       2.8484       2.8688       2.8538
   1     60       2.8313       2.8297       2.8321       2.8478       2.8190
                  2.8325       2.8452       2.8396       2.8600       2.8450
   1     80       2.7582       2.7567       2.7589       2.7750       2.7455
                  2.7590       2.7723       2.7665       2.7869       2.7720
   1    100       2.4852       2.4844       2.4864       2.5038       2.4713
                  2.4851       2.5003       2.4944       2.5146       2.5003
   2      0       2.8424       2.8417       2.8454       2.8596       2.8307
                  2.8442       2.8559       2.8515       2.8697       2.8562
   3      0       2.8492       2.8477       2.8501       2.8679       2.8393
                  2.8515       2.8638       2.8598       2.8781       2.8636
   4      0       2.8888       2.8874       2.8909       2.9055       2.8769
                  2.8892       2.9016       2.8974       2.9147       2.9013
   5      0       2.9027       2.9045       2.9069       2.9249       2.8986
                  2.9079       2.9201       2.9165       2.9351       2.9181
   5     60       2.8908       2.8926       2.8950       2.9130       2.8866
                  2.8959       2.9082       2.9046       2.9231       2.9062
   5     80       2.8000       2.8020       2.8043       2.8227       2.7953
                  2.8047       2.8177       2.8140       2.8324       2.8158
   5    100       2.5459       2.5486       2.5507       2.5702       2.5402
                  2.5498       2.5646       2.5606       2.5789       2.5629
 
 
 cumulative average & 95% error for solvation free energy
              total             1st component         2nd component         3rd component
  1     2.9496                0.1096               -0.0092                2.8492
  2     2.9545     0.0099     0.1127     0.0062    -0.0066     0.0051     2.8485     0.0014
  3     2.9572     0.0078     0.1124     0.0036    -0.0042     0.0057     2.8490     0.0014
  4     2.9610     0.0094     0.1086     0.0080    -0.0014     0.0070     2.8537     0.0095
  5     2.9557     0.0130     0.1084     0.0062    -0.0036     0.0070     2.8508     0.0094
  6     2.9520     0.0129     0.1070     0.0058    -0.0060     0.0074     2.8509     0.0076
  7     2.9534     0.0113     0.1059     0.0054    -0.0053     0.0064     2.8528     0.0074
  8     2.9541     0.0099     0.1055     0.0047    -0.0051     0.0056     2.8537     0.0067
  9     2.9537     0.0087     0.1041     0.0051    -0.0068     0.0059     2.8564     0.0080
 10     2.9551     0.0083     0.1049     0.0048    -0.0069     0.0053     2.8571     0.0073
