 ERmod 0.3.8, Copyright (C) 2000-2019 Nobuyuki Matubayasi
                            2010-2019 Shun Sakuraba
 ERmod comes with ABSOLUTELY NO WARRANTY.
 This is free software, and you can redistribute it
 and/or modify it under certain conditions.
 See LICENSE file for details.
 ERmod 0.3.8, Copyright (C) 2000-2019 Nobuyuki Matubayasi
                            2010-2019 Shun Sakuraba
 ERmod comes with ABSOLUTELY NO WARRANTY.
 This is free software, and you can redistribute it
 and/or modify it under certain conditions.
 See LICENSE file for details.
 
  Number of the   1-th solvent  =          180
  Number of the   2-th solvent  =          180
  Number of the   3-th solvent  =        10000
 
  Be sure that the solvent distribution is homogeneous (radial distribution function is essentially unity) when the solvent molecule is separated beyond distance of   10.0 Angstrom in any direction from any atom within the solute molecule
 
  LJ long-range correction    =        -0.0025     -0.0091     -0.1464
 
  Self-energy of the solute   =        -0.0001  kcal/mol
 
 
 cumulative average & 95% error for solvation energy
              total             1st component         2nd component         3rd component
  1   -15.6763               -1.1986               -1.4725              -13.0052
  2   -15.7331     0.1137    -1.9386     1.4801    -1.0883     0.7684   -12.7062     0.5980
  3   -15.7231     0.0687    -1.7478     0.9359    -1.1293     0.4511   -12.8459     0.4442
  4   -15.7449     0.0653    -1.6089     0.7177    -1.0813     0.3331   -13.0546     0.5224
  5   -15.7382     0.0523    -1.5472     0.5695    -1.0981     0.2602   -13.0928     0.4118
  6   -15.7316     0.0447    -1.5232     0.4674    -1.0274     0.2551   -13.1809     0.3796
  7   -15.7191     0.0453    -1.4490     0.4220    -1.1130     0.2753   -13.1571     0.3243
  8   -15.7165     0.0395    -1.4243     0.3688    -1.0411     0.2784   -13.2511     0.3380
  9   -15.7090     0.0380    -1.4540     0.3306    -1.0459     0.2457   -13.2090     0.3097
 10   -15.7004     0.0381    -1.3996     0.3150    -1.0638     0.2227   -13.2369     0.2826
 
 
 group  inft  solvation free energy     error          difference
  total solvation free energy
   1      0         -3.44143           0.04707          -0.02008
   1     60         -3.45825           0.04704          -0.03691
   1     80         -3.55995           0.04689          -0.13860
   1    100         -3.87561           0.04654          -0.45427
   2      0         -3.42603           0.04506          -0.00468
   3      0         -3.42135           0.04613           0.00000
   4      0         -3.41585           0.04493           0.00550
   5      0         -3.41627           0.04548           0.00507
   5     60         -3.43838           0.04545          -0.01704
   5     80         -3.56118           0.04527          -0.13984
   5    100         -3.85057           0.04494          -0.42923
 
  contribution from  1-th solvent component
   1      0         -0.58105           0.16089          -0.01137
   1     60         -0.58120           0.16089          -0.01152
   1     80         -0.58216           0.16089          -0.01248
   1    100         -0.58542           0.16090          -0.01574
   2      0         -0.57353           0.16029          -0.00385
   3      0         -0.56968           0.16117           0.00000
   4      0         -0.56837           0.16023           0.00132
   5      0         -0.56663           0.15951           0.00305
   5     60         -0.56684           0.15951           0.00284
   5     80         -0.56806           0.15951           0.00163
   5    100         -0.57119           0.15951          -0.00151
 
  contribution from  2-th solvent component
   1      0         -0.53106           0.11411          -0.01131
   1     60         -0.53162           0.11411          -0.01187
   1     80         -0.53486           0.11413          -0.01512
   1    100         -0.54455           0.11416          -0.02480
   2      0         -0.52269           0.11274          -0.00295
   3      0         -0.51975           0.11235           0.00000
   4      0         -0.51906           0.11234           0.00068
   5      0         -0.51642           0.11223           0.00332
   5     60         -0.51715           0.11223           0.00259
   5     80         -0.52106           0.11224          -0.00132
   5    100         -0.52989           0.11225          -0.01015
 
  contribution from  3-th solvent component
   1      0         -2.32926           0.12943           0.00261
   1     60         -2.34537           0.12946          -0.01351
   1     80         -2.44287           0.12964          -0.11101
   1    100         -2.74559           0.13010          -0.41373
   2      0         -2.32974           0.12917           0.00212
   3      0         -2.33186           0.12923           0.00000
   4      0         -2.32836           0.12833           0.00350
   5      0         -2.33317           0.12837          -0.00131
   5     60         -2.35433           0.12841          -0.02247
   5     80         -2.47201           0.12860          -0.14014
   5    100         -2.74943           0.12900          -0.41757
 
 
 group  inft   Estimated free energy: total (kcal/mol)
   1      0      -3.4556      -3.5710      -3.4575      -3.3912      -3.4298
                 -3.4190      -3.3851      -3.3457      -3.5639      -3.3955
   1     60      -3.4724      -3.5878      -3.4744      -3.4082      -3.4466
                 -3.4358      -3.4019      -3.3626      -3.5806      -3.4124
   1     80      -3.5738      -3.6893      -3.5762      -3.5106      -3.5483
                 -3.5375      -3.5033      -3.4647      -3.6817      -3.5142
   1    100      -3.8887      -4.0047      -3.8920      -3.8280      -3.8640
                 -3.8528      -3.8178      -3.7820      -3.9961      -3.8299
   2      0      -3.4437      -3.5526      -3.4406      -3.3737      -3.4167
                 -3.4061      -3.3627      -3.3402      -3.5393      -3.3847
   3      0      -3.4341      -3.5535      -3.4332      -3.3705      -3.4148
                 -3.4009      -3.3547      -3.3362      -3.5375      -3.3779
   4      0      -3.4321      -3.5463      -3.4250      -3.3614      -3.4070
                 -3.3983      -3.3497      -3.3366      -3.5271      -3.3751
   5      0      -3.4316      -3.5422      -3.4257      -3.3501      -3.4099
                 -3.3994      -3.3547      -3.3352      -3.5343      -3.3795
   5     60      -3.4537      -3.5643      -3.4478      -3.3724      -3.4320
                 -3.4215      -3.3767      -3.3574      -3.5563      -3.4016
   5     80      -3.5761      -3.6870      -3.5708      -3.4961      -3.5549
                 -3.5442      -3.4991      -3.4808      -3.6784      -3.5246
   5    100      -3.8648      -3.9761      -3.8602      -3.7870      -3.8444
                 -3.8333      -3.7874      -3.7717      -3.9666      -3.8141
 
 group  inft   Estimated free energy: 1-th solvent contribution (kcal/mol)
   1      0      -0.4761      -1.2271      -0.5177      -0.4554      -0.5398
                 -0.5688      -0.3896      -0.4977      -0.7796      -0.3588
   1     60      -0.4763      -1.2272      -0.5179      -0.4556      -0.5399
                 -0.5690      -0.3898      -0.4978      -0.7797      -0.3589
   1     80      -0.4772      -1.2282      -0.5189      -0.4566      -0.5409
                 -0.5699      -0.3908      -0.4987      -0.7807      -0.3598
   1    100      -0.4804      -1.2314      -0.5222      -0.4599      -0.5441
                 -0.5731      -0.3941      -0.5018      -0.7842      -0.3630
   2      0      -0.4723      -1.2185      -0.5087      -0.4451      -0.5346
                 -0.5647      -0.3780      -0.4918      -0.7662      -0.3553
   3      0      -0.4687      -1.2178      -0.5023      -0.4445      -0.5312
                 -0.5585      -0.3733      -0.4893      -0.7640      -0.3472
   4      0      -0.4630      -1.2121      -0.4943      -0.4375      -0.5309
                 -0.5642      -0.3752      -0.4928      -0.7629      -0.3507
   5      0      -0.4642      -1.2074      -0.4974      -0.4357      -0.5315
                 -0.5575      -0.3738      -0.4894      -0.7606      -0.3490
   5     60      -0.4644      -1.2076      -0.4976      -0.4359      -0.5317
                 -0.5577      -0.3740      -0.4896      -0.7608      -0.3492
   5     80      -0.4656      -1.2088      -0.4988      -0.4372      -0.5329
                 -0.5589      -0.3752      -0.4907      -0.7621      -0.3504
   5    100      -0.4687      -1.2119      -0.5020      -0.4404      -0.5360
                 -0.5620      -0.3784      -0.4937      -0.7653      -0.3535
 
 group  inft   Estimated free energy: 2-th solvent contribution (kcal/mol)
   1      0      -0.7369      -0.4072      -0.6694      -0.4149      -0.5439
                 -0.3692      -0.7586      -0.1956      -0.6181      -0.5967
   1     60      -0.7375      -0.4077      -0.6700      -0.4155      -0.5445
                 -0.3697      -0.7592      -0.1961      -0.6186      -0.5973
   1     80      -0.7408      -0.4109      -0.6733      -0.4188      -0.5477
                 -0.3729      -0.7625      -0.1993      -0.6218      -0.6005
   1    100      -0.7505      -0.4205      -0.6833      -0.4285      -0.5575
                 -0.3826      -0.7722      -0.2089      -0.6313      -0.6103
   2      0      -0.7284      -0.3960      -0.6612      -0.4092      -0.5350
                 -0.3608      -0.7481      -0.1951      -0.6051      -0.5880
   3      0      -0.7201      -0.3953      -0.6578      -0.4042      -0.5342
                 -0.3590      -0.7435      -0.1910      -0.6037      -0.5887
   4      0      -0.7273      -0.3938      -0.6592      -0.4060      -0.5287
                 -0.3570      -0.7409      -0.1934      -0.5978      -0.5865
   5      0      -0.7199      -0.3923      -0.6546      -0.3949      -0.5278
                 -0.3565      -0.7395      -0.1919      -0.6002      -0.5865
   5     60      -0.7207      -0.3931      -0.6554      -0.3956      -0.5285
                 -0.3573      -0.7402      -0.1926      -0.6009      -0.5873
   5     80      -0.7246      -0.3969      -0.6594      -0.3995      -0.5325
                 -0.3612      -0.7441      -0.1965      -0.6047      -0.5912
   5    100      -0.7335      -0.4056      -0.6684      -0.4084      -0.5414
                 -0.3700      -0.7529      -0.2053      -0.6134      -0.6001
 
 group  inft   Estimated free energy: 3-th solvent contribution (kcal/mol)
   1      0      -2.2425      -1.9367      -2.2703      -2.5208      -2.3460
                 -2.4810      -2.2368      -2.6524      -2.1662      -2.4400
   1     60      -2.2585      -1.9528      -2.2864      -2.5370      -2.3621
                 -2.4971      -2.2528      -2.6686      -2.1822      -2.4561
   1     80      -2.3557      -2.0502      -2.3839      -2.6352      -2.4596
                 -2.5946      -2.3500      -2.7666      -2.2791      -2.5538
   1    100      -2.6577      -2.3528      -2.6865      -2.9396      -2.7624
                 -2.8970      -2.6515      -3.0713      -2.5806      -2.8566
   2      0      -2.2429      -1.9380      -2.2706      -2.5194      -2.3470
                 -2.4805      -2.2366      -2.6532      -2.1680      -2.4413
   3      0      -2.2453      -1.9404      -2.2729      -2.5217      -2.3494
                 -2.4835      -2.2380      -2.6558      -2.1697      -2.4420
   4      0      -2.2416      -1.9404      -2.2714      -2.5179      -2.3473
                 -2.4770      -2.2335      -2.6503      -2.1663      -2.4378
   5      0      -2.2474      -1.9424      -2.2736      -2.5195      -2.3506
                 -2.4854      -2.2414      -2.6538      -2.1735      -2.4440
   5     60      -2.2685      -1.9636      -2.2948      -2.5409      -2.3718
                 -2.5065      -2.2625      -2.6751      -2.1945      -2.4652
   5     80      -2.3858      -2.0812      -2.4125      -2.6593      -2.4895
                 -2.6241      -2.3797      -2.7934      -2.3115      -2.5830
   5    100      -2.6625      -2.3586      -2.6897      -2.9381      -2.7671
                 -2.9012      -2.6561      -3.0726      -2.5879      -2.8605
 
 
 cumulative average & 95% error for solvation free energy
              total             1st component         2nd component         3rd component
  1    -3.4341               -0.4687               -0.7201               -2.2453
  2    -3.4938     0.1194    -0.8433     0.7491    -0.5577     0.3248    -2.0928     0.3050
  3    -3.4736     0.0799    -0.7296     0.4886    -0.5911     0.1991    -2.1529     0.2131
  4    -3.4478     0.0765    -0.6584     0.3737    -0.5443     0.1689    -2.2451     0.2382
  5    -3.4412     0.0607    -0.6329     0.2939    -0.5423     0.1309    -2.2659     0.1891
  6    -3.4345     0.0513    -0.6205     0.2413    -0.5118     0.1231    -2.3022     0.1706
  7    -3.4231     0.0490    -0.5852     0.2158    -0.5449     0.1233    -2.2930     0.1453
  8    -3.4123     0.0477    -0.5732     0.1884    -0.5006     0.1387    -2.3384     0.1551
  9    -3.4262     0.0504    -0.5944     0.1715    -0.5121     0.1244    -2.3196     0.1419
 10    -3.4213     0.0461    -0.5697     0.1612    -0.5197     0.1123    -2.3319     0.1292
