 ERmod 0.3.8, Copyright (C) 2000-2019 Nobuyuki Matubayasi
                            2010-2019 Shun Sakuraba
 ERmod comes with ABSOLUTELY NO WARRANTY.
 This is free software, and you can redistribute it
 and/or modify it under certain conditions.
 See LICENSE file for details.
 ERmod 0.3.8, Copyright (C) 2000-2019 Nobuyuki Matubayasi
                            2010-2019 Shun Sakuraba
 ERmod comes with ABSOLUTELY NO WARRANTY.
 This is free software, and you can redistribute it
 and/or modify it under certain conditions.
 See LICENSE file for details.
 
  Number of the   1-th solvent  =          180
  Number of the   2-th solvent  =          180
  Number of the   3-th solvent  =        10000
 
  Be sure that the solvent distribution is homogeneous (radial distribution function is essentially unity) when the solvent molecule is separated beyond distance of   10.0 Angstrom in any direction from any atom within the solute molecule
 
  LJ long-range correction    =        -0.0051     -0.0117     -0.6425
 
  Self-energy of the solute   =        -0.0001  kcal/mol
 
 
 cumulative average & 95% error for solvation energy
              total             1st component         2nd component         3rd component
  1   -26.9163               -0.4636               -0.5772              -25.8754
  2   -26.8698     0.0932    -0.1810     0.5652    -0.8628     0.5712   -25.8258     0.0992
  3   -26.8811     0.0583    -0.5005     0.7175    -0.8105     0.3460   -25.5699     0.5151
  4   -26.8972     0.0524    -0.3943     0.5501    -0.7310     0.2918   -25.7718     0.5438
  5   -26.9150     0.0540    -0.4474     0.4391    -0.6885     0.2415   -25.7790     0.4215
  6   -26.9253     0.0486    -0.3559     0.4026    -0.7101     0.2018   -25.8592     0.3797
  7   -26.9509     0.0657    -0.6126     0.6160    -0.7011     0.1715   -25.6370     0.5482
  8   -26.9826     0.0852    -0.5343     0.5560    -0.7851     0.2243   -25.6630     0.4776
  9   -26.9887     0.0761    -0.5239     0.4908    -0.7971     0.1992   -25.6676     0.4213
 10   -26.9719     0.0760    -0.4182     0.4872    -0.8039     0.1787   -25.7497     0.4110
 
 
 group  inft  solvation free energy     error          difference
  total solvation free energy
   1      0         -0.87018           0.07328           0.01066
   1     60         -0.88635           0.07329          -0.00551
   1     80         -1.05446           0.07348          -0.17362
   1    100         -1.81167           0.07431          -0.93083
   2      0         -0.87760           0.07344           0.00324
   3      0         -0.88084           0.07404           0.00000
   4      0         -0.87856           0.07458           0.00228
   5      0         -0.86849           0.07466           0.01235
   5     60         -0.89083           0.07468          -0.00999
   5     80         -1.10831           0.07492          -0.22747
   5    100         -1.81244           0.07572          -0.93160
 
  contribution from  1-th solvent component
   1      0          0.15758           0.25623           0.01251
   1     60          0.15763           0.25624           0.01256
   1     80          0.15760           0.25633           0.01253
   1    100          0.15556           0.25682           0.01049
   2      0          0.14847           0.25663           0.00340
   3      0          0.14507           0.25583           0.00000
   4      0          0.14212           0.25649          -0.00295
   5      0          0.14220           0.25328          -0.00287
   5     60          0.14228           0.25329          -0.00279
   5     80          0.14204           0.25340          -0.00303
   5    100          0.13953           0.25383          -0.00554
 
  contribution from  2-th solvent component
   1      0         -0.59607           0.11457          -0.00602
   1     60         -0.59573           0.11457          -0.00568
   1     80         -0.59418           0.11463          -0.00413
   1    100         -0.59251           0.11502          -0.00246
   2      0         -0.59178           0.11513          -0.00173
   3      0         -0.59005           0.11543           0.00000
   4      0         -0.58927           0.11480           0.00078
   5      0         -0.58662           0.11451           0.00343
   5     60         -0.58621           0.11452           0.00384
   5     80         -0.58466           0.11461           0.00539
   5    100         -0.58385           0.11495           0.00620
 
  contribution from  3-th solvent component
   1      0         -0.43155           0.22887           0.00418
   1     60         -0.44811           0.22886          -0.01239
   1     80         -0.61774           0.22878          -0.18202
   1    100         -1.37459           0.22944          -0.93887
   2      0         -0.43415           0.22928           0.00158
   3      0         -0.43573           0.22877           0.00000
   4      0         -0.43128           0.22811           0.00445
   5      0         -0.42393           0.22968           0.01179
   5     60         -0.44676           0.22966          -0.01104
   5     80         -0.66555           0.22961          -0.22983
   5    100         -1.36799           0.23032          -0.93226
 
 
 group  inft   Estimated free energy: total (kcal/mol)
   1      0      -0.8910      -0.8189      -0.7585      -0.7761      -0.8951
                 -0.9524      -0.8524      -1.0728      -0.9940      -0.6904
   1     60      -0.9072      -0.8350      -0.7747      -0.7922      -0.9113
                 -0.9687      -0.8687      -1.0890      -1.0103      -0.7065
   1     80      -1.0753      -1.0028      -0.9429      -0.9600      -1.0796
                 -1.1372      -1.0376      -1.2571      -1.1786      -0.8735
   1    100      -1.8332      -1.7594      -1.6987      -1.7181      -1.8382
                 -1.8979      -1.7949      -2.0156      -1.9346      -1.6261
   2      0      -0.9064      -0.8309      -0.7674      -0.7692      -0.9081
                 -0.9627      -0.8602      -1.0726      -1.0014      -0.6970
   3      0      -0.9060      -0.8298      -0.7696      -0.7738      -0.9114
                 -0.9668      -0.8650      -1.0805      -1.0049      -0.7007
   4      0      -0.9068      -0.8329      -0.7661      -0.7562      -0.9140
                 -0.9699      -0.8766      -1.0662      -1.0034      -0.6934
   5      0      -0.9063      -0.8040      -0.7477      -0.7632      -0.9017
                 -0.9623      -0.8496      -1.0665      -0.9889      -0.6948
   5     60      -0.9287      -0.8263      -0.7700      -0.7854      -0.9240
                 -0.9847      -0.8721      -1.0888      -1.0113      -0.7170
   5     80      -1.1463      -1.0434      -0.9876      -1.0024      -1.1419
                 -1.2028      -1.0904      -1.3063      -1.2289      -0.9331
   5    100      -1.8514      -1.7472      -1.6903      -1.7072      -1.8480
                 -1.9100      -1.7940      -2.0116      -1.9318      -1.6331
 
 group  inft   Estimated free energy: 1-th solvent contribution (kcal/mol)
   1      0       0.1095       0.3598      -0.1991       0.3873       0.0418
                  0.4438      -0.7273       0.4136       0.0436       0.7027
   1     60       0.1095       0.3598      -0.1991       0.3874       0.0419
                  0.4439      -0.7272       0.4137       0.0436       0.7028
   1     80       0.1095       0.3599      -0.1993       0.3875       0.0417
                  0.4438      -0.7275       0.4140       0.0434       0.7029
   1    100       0.1076       0.3580      -0.2019       0.3857       0.0389
                  0.4420      -0.7309       0.4131       0.0407       0.7023
   2      0       0.0924       0.3395      -0.2123       0.3856       0.0246
                  0.4384      -0.7293       0.4153       0.0329       0.6975
   3      0       0.0923       0.3296      -0.2180       0.3834       0.0229
                  0.4304      -0.7288       0.4130       0.0309       0.6950
   4      0       0.0845       0.3248      -0.2188       0.3881       0.0178
                  0.4212      -0.7318       0.4189       0.0224       0.6940
   5      0       0.0831       0.3265      -0.2133       0.3797       0.0197
                  0.4204      -0.7233       0.4148       0.0294       0.6850
   5     60       0.0832       0.3266      -0.2133       0.3798       0.0197
                  0.4204      -0.7233       0.4150       0.0295       0.6851
   5     80       0.0830       0.3265      -0.2137       0.3798       0.0193
                  0.4201      -0.7238       0.4152       0.0290       0.6850
   5    100       0.0803       0.3239      -0.2167       0.3778       0.0159
                  0.4177      -0.7272       0.4141       0.0257       0.6839
 
 group  inft   Estimated free energy: 2-th solvent contribution (kcal/mol)
   1      0      -0.4778      -0.7074      -0.4877      -0.3778      -0.4674
                 -0.6727      -0.5036      -1.0043      -0.7000      -0.5622
   1     60      -0.4774      -0.7071      -0.4874      -0.3774      -0.4671
                 -0.6723      -0.5033      -1.0040      -0.6996      -0.5617
   1     80      -0.4758      -0.7054      -0.4856      -0.3761      -0.4658
                 -0.6707      -0.5020      -1.0029      -0.6982      -0.5594
   1    100      -0.4738      -0.7034      -0.4825      -0.3751      -0.4652
                 -0.6689      -0.5009      -1.0038      -0.6969      -0.5545
   2      0      -0.4737      -0.6945      -0.4818      -0.3680      -0.4617
                 -0.6689      -0.5075      -1.0037      -0.6965      -0.5615
   3      0      -0.4716      -0.6854      -0.4746      -0.3678      -0.4634
                 -0.6669      -0.5099      -1.0072      -0.6935      -0.5604
   4      0      -0.4688      -0.6829      -0.4757      -0.3629      -0.4641
                 -0.6607      -0.5199      -1.0043      -0.6918      -0.5617
   5      0      -0.4713      -0.6727      -0.4724      -0.3607      -0.4610
                 -0.6621      -0.5152      -1.0024      -0.6874      -0.5612
   5     60      -0.4708      -0.6722      -0.4720      -0.3603      -0.4606
                 -0.6616      -0.5148      -1.0021      -0.6870      -0.5607
   5     80      -0.4692      -0.6705      -0.4701      -0.3589      -0.4595
                 -0.6599      -0.5136      -1.0012      -0.6855      -0.5581
   5    100      -0.4684      -0.6694      -0.4679      -0.3587      -0.4599
                 -0.6588      -0.5136      -1.0028      -0.6849      -0.5542
 
 group  inft   Estimated free energy: 3-th solvent contribution (kcal/mol)
   1      0      -0.5225      -0.4711      -0.0715      -0.7855      -0.4694
                 -0.7235       0.3786      -0.4821      -0.3375      -0.8308
   1     60      -0.5391      -0.4877      -0.0881      -0.8020      -0.4860
                 -0.7401       0.3620      -0.4986      -0.3541      -0.8474
   1     80      -0.7089      -0.6572      -0.2579      -0.9712      -0.6554
                 -0.9102       0.1920      -0.6680      -0.5237      -1.0169
   1    100      -1.4668      -1.4139      -1.0142      -1.7286      -1.4118
                 -1.6708      -0.5629      -1.4248      -1.2783      -1.7738
   2      0      -0.5250      -0.4757      -0.0733      -0.7866      -0.4710
                 -0.7320       0.3767      -0.4841      -0.3376      -0.8329
   3      0      -0.5266      -0.4738      -0.0769      -0.7893      -0.4707
                 -0.7302       0.3738      -0.4861      -0.3422      -0.8352
   4      0      -0.5224      -0.4747      -0.0715      -0.7813      -0.4676
                 -0.7303       0.3752      -0.4807      -0.3339      -0.8256
   5      0      -0.5181      -0.4578      -0.0618      -0.7821      -0.4603
                 -0.7205       0.3891      -0.4788      -0.3308      -0.8184
   5     60      -0.5409      -0.4806      -0.0847      -0.8048      -0.4830
                 -0.7434       0.3662      -0.5016      -0.3536      -0.8412
   5     80      -0.7599      -0.6992      -0.3037      -1.0231      -0.7016
                 -0.9629       0.1471      -0.7202      -0.5722      -1.0599
   5    100      -1.4633      -1.4015      -1.0054      -1.7261      -1.4039
                 -1.6688      -0.5531      -1.4227      -1.2725      -1.7626
 
 
 cumulative average & 95% error for solvation free energy
              total             1st component         2nd component         3rd component
  1    -0.9060                0.0923               -0.4716               -0.5266
  2    -0.8679     0.0763     0.2109     0.2373    -0.5785     0.2138    -0.5002     0.0528
  3    -0.8351     0.0790     0.0680     0.3171    -0.5438     0.1416    -0.3591     0.2838
  4    -0.8198     0.0637     0.1468     0.2741    -0.4998     0.1333    -0.4666     0.2942
  5    -0.8381     0.0615     0.1220     0.2181    -0.4926     0.1043    -0.4675     0.2279
  6    -0.8596     0.0660     0.1734     0.2056    -0.5216     0.1031    -0.5112     0.2056
  7    -0.8603     0.0558     0.0445     0.3109    -0.5199     0.0872    -0.3848     0.3068
  8    -0.8878     0.0732     0.0906     0.2845    -0.5808     0.1433    -0.3975     0.2669
  9    -0.9009     0.0696     0.0840     0.2513    -0.5933     0.1288    -0.3913     0.2357
 10    -0.8808     0.0740     0.1451     0.2558    -0.5901     0.1154    -0.4357     0.2288
