 ERmod 0.3.8, Copyright (C) 2000-2019 Nobuyuki Matubayasi
                            2010-2019 Shun Sakuraba
 ERmod comes with ABSOLUTELY NO WARRANTY.
 This is free software, and you can redistribute it
 and/or modify it under certain conditions.
 See LICENSE file for details.
 ERmod 0.3.8, Copyright (C) 2000-2019 Nobuyuki Matubayasi
                            2010-2019 Shun Sakuraba
 ERmod comes with ABSOLUTELY NO WARRANTY.
 This is free software, and you can redistribute it
 and/or modify it under certain conditions.
 See LICENSE file for details.
 
  Number of the   1-th solvent  =          180
  Number of the   2-th solvent  =          180
  Number of the   3-th solvent  =        10000
 
  Be sure that the solvent distribution is homogeneous (radial distribution function is essentially unity) when the solvent molecule is separated beyond distance of   10.0 Angstrom in any direction from any atom within the solute molecule
 
  LJ long-range correction    =        -0.0087     -0.0063     -0.3466
 
  Self-energy of the solute   =        -0.0001  kcal/mol
 
 
 cumulative average & 95% error for solvation energy
              total             1st component         2nd component         3rd component
  1   -20.2933               -0.6034               -0.3986              -19.2911
  2   -20.3871     0.1876    -0.6545     0.1022    -0.5123     0.2273   -19.2202     0.1419
  3   -20.4762     0.2086    -0.7107     0.1270    -0.9467     0.8787   -18.8186     0.8072
  4   -20.5098     0.1621    -0.7968     0.1941    -0.8940     0.6303   -18.8189     0.5708
  5   -20.4978     0.1278    -0.8020     0.1507    -0.8215     0.5093   -18.8742     0.4557
  6   -20.5367     0.1301    -0.8038     0.1231    -0.8216     0.4158   -18.9111     0.3794
  7   -20.5313     0.1105    -0.7715     0.1225    -0.8483     0.3555   -18.9114     0.3206
  8   -20.5393     0.0970    -0.6603     0.2463    -0.8454     0.3079   -19.0334     0.3697
  9   -20.5321     0.0867    -0.6143     0.2359    -0.8105     0.2804   -19.1073     0.3579
 10   -20.5580     0.0932    -0.5929     0.2153    -0.9178     0.3302   -19.0472     0.3420
 
 
 group  inft  solvation free energy     error          difference
  total solvation free energy
   1      0         -2.26596           0.06328           0.00130
   1     60         -2.28112           0.06328          -0.01386
   1     80         -2.40975           0.06333          -0.14249
   1    100         -2.90174           0.06360          -0.63449
   2      0         -2.26619           0.06133           0.00107
   3      0         -2.26726           0.06170           0.00000
   4      0         -2.26059           0.06447           0.00667
   5      0         -2.26919           0.06031          -0.00193
   5     60         -2.28978           0.06030          -0.02252
   5     80         -2.45146           0.06029          -0.18420
   5    100         -2.90647           0.06036          -0.63921
 
  contribution from  1-th solvent component
   1      0         -0.00198           0.11556           0.00199
   1     60         -0.00218           0.11556           0.00178
   1     80         -0.00413           0.11560          -0.00016
   1    100         -0.01238           0.11571          -0.00841
   2      0         -0.00381           0.11266           0.00016
   3      0         -0.00397           0.11201           0.00000
   4      0         -0.00348           0.11232           0.00049
   5      0         -0.00569           0.11023          -0.00172
   5     60         -0.00598           0.11024          -0.00201
   5     80         -0.00853           0.11025          -0.00457
   5    100         -0.01637           0.11027          -0.01240
 
  contribution from  2-th solvent component
   1      0         -0.54136           0.16027          -0.00581
   1     60         -0.54095           0.16028          -0.00540
   1     80         -0.53926           0.16032          -0.00371
   1    100         -0.53700           0.16050          -0.00145
   2      0         -0.53767           0.16058          -0.00211
   3      0         -0.53555           0.16126           0.00000
   4      0         -0.53370           0.16047           0.00185
   5      0         -0.53601           0.16079          -0.00046
   5     60         -0.53551           0.16080           0.00004
   5     80         -0.53378           0.16086           0.00177
   5    100         -0.53243           0.16104           0.00312
 
  contribution from  3-th solvent component
   1      0         -1.72248           0.17962           0.00513
   1     60         -1.73785           0.17963          -0.01025
   1     80         -1.86623           0.17978          -0.13862
   1    100         -2.35222           0.18060          -0.62462
   2      0         -1.72458           0.17978           0.00303
   3      0         -1.72760           0.17931           0.00000
   4      0         -1.72327           0.17936           0.00434
   5      0         -1.72736           0.17941           0.00025
   5     60         -1.74815           0.17943          -0.02055
   5     80         -1.90901           0.17963          -0.18140
   5    100         -2.35754           0.18038          -0.62993
 
 
 group  inft   Estimated free energy: total (kcal/mol)
   1      0      -2.0939      -2.2102      -2.2645      -2.2934      -2.2193
                 -2.4080      -2.4218      -2.1712      -2.2871      -2.2902
   1     60      -2.1090      -2.2253      -2.2797      -2.3087      -2.2346
                 -2.4233      -2.4368      -2.1864      -2.3021      -2.3054
   1     80      -2.2368      -2.3539      -2.4081      -2.4380      -2.3634
                 -2.5528      -2.5646      -2.3158      -2.4298      -2.4342
   1    100      -2.7269      -2.8464      -2.8985      -2.9320      -2.8563
                 -3.0478      -3.0558      -2.8098      -2.9189      -2.9251
   2      0      -2.0877      -2.2113      -2.2677      -2.2805      -2.2230
                 -2.3939      -2.4121      -2.1808      -2.3124      -2.2925
   3      0      -2.0825      -2.2113      -2.2693      -2.2772      -2.2213
                 -2.3907      -2.4102      -2.1872      -2.3211      -2.3017
   4      0      -2.0720      -2.2049      -2.2544      -2.2760      -2.2100
                 -2.3951      -2.4089      -2.1742      -2.3201      -2.2902
   5      0      -2.0896      -2.2166      -2.2664      -2.2772      -2.2187
                 -2.3840      -2.4102      -2.1925      -2.3329      -2.3038
   5     60      -2.1101      -2.2372      -2.2869      -2.2979      -2.2393
                 -2.4047      -2.4306      -2.2132      -2.3534      -2.3245
   5     80      -2.2709      -2.3988      -2.4484      -2.4603      -2.4013
                 -2.5674      -2.5913      -2.3759      -2.5140      -2.4863
   5    100      -2.7243      -2.8542      -2.9022      -2.9167      -2.8570
                 -3.0250      -3.0453      -2.8329      -2.9666      -2.9405
 
 group  inft   Estimated free energy: 1-th solvent contribution (kcal/mol)
   1      0       0.0193      -0.0568      -0.1357      -0.2208      -0.1187
                 -0.1238      -0.0469       0.3994       0.1751       0.0892
   1     60       0.0191      -0.0569      -0.1359      -0.2210      -0.1189
                 -0.1241      -0.0471       0.3992       0.1749       0.0890
   1     80       0.0171      -0.0588      -0.1377      -0.2232      -0.1210
                 -0.1261      -0.0491       0.3972       0.1733       0.0869
   1    100       0.0089      -0.0667      -0.1457      -0.2319      -0.1295
                 -0.1348      -0.0575       0.3890       0.1661       0.0783
   2      0       0.0214      -0.0610      -0.1382      -0.2149      -0.1190
                 -0.1187      -0.0432       0.3927       0.1565       0.0864
   3      0       0.0228      -0.0635      -0.1389      -0.2130      -0.1171
                 -0.1212      -0.0414       0.3888       0.1555       0.0883
   4      0       0.0273      -0.0634      -0.1382      -0.2112      -0.1170
                 -0.1217      -0.0462       0.3909       0.1554       0.0892
   5      0       0.0182      -0.0687      -0.1379      -0.2099      -0.1165
                 -0.1163      -0.0443       0.3827       0.1510       0.0850
   5     60       0.0179      -0.0690      -0.1382      -0.2102      -0.1169
                 -0.1166      -0.0446       0.3824       0.1507       0.0847
   5     80       0.0153      -0.0715      -0.1406      -0.2129      -0.1195
                 -0.1192      -0.0472       0.3798       0.1484       0.0820
   5    100       0.0075      -0.0790      -0.1482      -0.2211      -0.1276
                 -0.1273      -0.0550       0.3718       0.1413       0.0739
 
 group  inft   Estimated free energy: 2-th solvent contribution (kcal/mol)
   1      0      -0.2361      -0.3705      -0.9611      -0.4639      -0.3447
                 -0.5425      -0.6577      -0.4503      -0.4047      -0.9821
   1     60      -0.2357      -0.3701      -0.9608      -0.4635      -0.3443
                 -0.5422      -0.6572      -0.4499      -0.4042      -0.9816
   1     80      -0.2339      -0.3688      -0.9595      -0.4621      -0.3429
                 -0.5410      -0.6552      -0.4480      -0.4014      -0.9798
   1    100      -0.2313      -0.3677      -0.9590      -0.4607      -0.3412
                 -0.5404      -0.6519      -0.4450      -0.3958      -0.9771
   2      0      -0.2282      -0.3652      -0.9597      -0.4529      -0.3457
                 -0.5348      -0.6505      -0.4490      -0.4105      -0.9802
   3      0      -0.2254      -0.3616      -0.9556      -0.4504      -0.3430
                 -0.5237      -0.6470      -0.4484      -0.4142      -0.9861
   4      0      -0.2219      -0.3612      -0.9486      -0.4494      -0.3354
                 -0.5318      -0.6454      -0.4456      -0.4169      -0.9809
   5      0      -0.2308      -0.3625      -0.9558      -0.4515      -0.3356
                 -0.5232      -0.6437      -0.4491      -0.4219      -0.9861
   5     60      -0.2303      -0.3621      -0.9554      -0.4510      -0.3351
                 -0.5228      -0.6432      -0.4486      -0.4212      -0.9855
   5     80      -0.2285      -0.3607      -0.9543      -0.4496      -0.3337
                 -0.5217      -0.6410      -0.4466      -0.4181      -0.9837
   5    100      -0.2269      -0.3604      -0.9546      -0.4488      -0.3329
                 -0.5218      -0.6385      -0.4445      -0.4136      -0.9822
 
 group  inft   Estimated free energy: 3-th solvent contribution (kcal/mol)
   1      0      -1.8770      -1.7828      -1.1676      -1.6086      -1.7558
                 -1.7415      -1.7170      -2.1201      -2.0574      -1.3971
   1     60      -1.8922      -1.7981      -1.1829      -1.6240      -1.7712
                 -1.7569      -1.7323      -2.1356      -2.0728      -1.4126
   1     80      -2.0199      -1.9263      -1.3107      -1.7525      -1.8994
                 -1.8855      -1.8602      -2.2648      -2.2016      -1.5412
   1    100      -2.5043      -2.4119      -1.7937      -2.2392      -2.3854
                 -2.3725      -2.3463      -2.7536      -2.6891      -2.0262
   2      0      -1.8808      -1.7849      -1.1698      -1.6125      -1.7582
                 -1.7402      -1.7183      -2.1244      -2.0582      -1.3986
   3      0      -1.8797      -1.7860      -1.1747      -1.6137      -1.7611
                 -1.7457      -1.7217      -2.1274      -2.0623      -1.4038
   4      0      -1.8772      -1.7802      -1.1675      -1.6153      -1.7576
                 -1.7415      -1.7172      -2.1193      -2.0585      -1.3983
   5      0      -1.8768      -1.7853      -1.1725      -1.6157      -1.7664
                 -1.7444      -1.7220      -2.1260      -2.0619      -1.4026
   5     60      -1.8975      -1.8060      -1.1932      -1.6365      -1.7872
                 -1.7652      -1.7427      -2.1470      -2.0828      -1.4235
   5     80      -2.0576      -1.9666      -1.3534      -1.7976      -1.9479
                 -1.9263      -1.9030      -2.3090      -2.2442      -1.5845
   5    100      -2.5047      -2.4147      -1.7992      -2.2467      -2.3964
                 -2.3757      -2.3516      -2.7601      -2.6941      -2.0320
 
 
 cumulative average & 95% error for solvation free energy
              total             1st component         2nd component         3rd component
  1    -2.0825                0.0228               -0.2254               -1.8797
  2    -2.1469     0.1288    -0.0204     0.0863    -0.2935     0.1362    -1.8329     0.0937
  3    -2.1877     0.1104    -0.0599     0.0934    -0.5142     0.4484    -1.6135     0.4421
  4    -2.2101     0.0900    -0.0982     0.1011    -0.4983     0.3186    -1.6135     0.3126
  5    -2.2123     0.0699    -0.1019     0.0787    -0.4672     0.2545    -1.6430     0.2492
  6    -2.2421     0.0824    -0.1051     0.0646    -0.4766     0.2087    -1.6601     0.2064
  7    -2.2661     0.0846    -0.0960     0.0575    -0.5010     0.1829    -1.6689     0.1753
  8    -2.2562     0.0759    -0.0354     0.1310    -0.4944     0.1590    -1.7262     0.1902
  9    -2.2634     0.0685    -0.0142     0.1231    -0.4855     0.1413    -1.7636     0.1836
 10    -2.2673     0.0617    -0.0040     0.1120    -0.5356     0.1613    -1.7276     0.1793
