 ERmod 0.3.8, Copyright (C) 2000-2019 Nobuyuki Matubayasi
                            2010-2019 Shun Sakuraba
 ERmod comes with ABSOLUTELY NO WARRANTY.
 This is free software, and you can redistribute it
 and/or modify it under certain conditions.
 See LICENSE file for details.
 ERmod 0.3.8, Copyright (C) 2000-2019 Nobuyuki Matubayasi
                            2010-2019 Shun Sakuraba
 ERmod comes with ABSOLUTELY NO WARRANTY.
 This is free software, and you can redistribute it
 and/or modify it under certain conditions.
 See LICENSE file for details.
 
  Number of the   1-th solvent  =          180
  Number of the   2-th solvent  =          180
  Number of the   3-th solvent  =        10000
 
  Be sure that the solvent distribution is homogeneous (radial distribution function is essentially unity) when the solvent molecule is separated beyond distance of   10.0 Angstrom in any direction from any atom within the solute molecule
 
  LJ long-range correction    =        -0.0079     -0.0293     -0.4714
 
  Self-energy of the solute   =         0.0001  kcal/mol
 
 
 cumulative average & 95% error for solvation energy
              total             1st component         2nd component         3rd component
  1   -12.0085                0.3429               -0.6972              -11.6543
  2   -11.9651     0.0869     0.3220     0.0417    -0.7668     0.1392   -11.5204     0.2678
  3   -11.9668     0.0503     0.3257     0.0252    -0.7603     0.0814   -11.5323     0.1565
  4   -11.9775     0.0414     0.3270     0.0180    -0.7462     0.0641   -11.5584     0.1223
  5   -11.9701     0.0353     0.3287     0.0144    -0.7459     0.0497   -11.5529     0.0953
  6   -11.9757     0.0309     0.3253     0.0135    -0.7500     0.0414   -11.5510     0.0779
  7   -11.9835     0.0305     0.3215     0.0138    -0.7411     0.0392   -11.5639     0.0708
  8   -11.9790     0.0279     0.3203     0.0122    -0.7448     0.0348   -11.5546     0.0641
  9   -11.9774     0.0248     0.3185     0.0113    -0.7499     0.0323   -11.5460     0.0591
 10   -11.9794     0.0226     0.3176     0.0103    -0.7472     0.0295   -11.5500     0.0534
 
 
 group  inft  solvation free energy     error          difference
  total solvation free energy
   1      0          4.17537           0.01364           0.00405
   1     60          4.15973           0.01367          -0.01158
   1     80          4.02605           0.01400          -0.14526
   1    100          3.49629           0.01539          -0.67502
   2      0          4.16304           0.01479          -0.00827
   3      0          4.17132           0.01506           0.00000
   4      0          4.16830           0.01508          -0.00302
   5      0          4.20757           0.01359           0.03626
   5     60          4.18618           0.01364           0.01486
   5     80          4.01672           0.01405          -0.15460
   5    100          3.52221           0.01532          -0.64910
 
  contribution from  1-th solvent component
   1      0          0.51552           0.01044           0.00422
   1     60          0.51569           0.01047           0.00438
   1     80          0.51629           0.01078           0.00499
   1    100          0.51527           0.01197           0.00397
   2      0          0.51233           0.01022           0.00103
   3      0          0.51130           0.01029           0.00000
   4      0          0.50988           0.01015          -0.00143
   5      0          0.50995           0.01016          -0.00136
   5     60          0.51012           0.01021          -0.00118
   5     80          0.51050           0.01059          -0.00081
   5    100          0.50884           0.01170          -0.00246
 
  contribution from  2-th solvent component
   1      0         -0.20513           0.01466           0.00436
   1     60         -0.20545           0.01467           0.00403
   1     80         -0.20820           0.01471           0.00129
   1    100         -0.21882           0.01483          -0.00933
   2      0         -0.20826           0.01467           0.00123
   3      0         -0.20949           0.01465           0.00000
   4      0         -0.21049           0.01443          -0.00100
   5      0         -0.20968           0.01434          -0.00019
   5     60         -0.21013           0.01434          -0.00064
   5     80         -0.21369           0.01439          -0.00420
   5    100         -0.22379           0.01449          -0.01430
 
  contribution from  3-th solvent component
   1      0          3.86493           0.02264          -0.00452
   1     60          3.84945           0.02266          -0.02000
   1     80          3.71791           0.02281          -0.15154
   1    100          3.19979           0.02347          -0.66966
   2      0          3.85892           0.02260          -0.01053
   3      0          3.86945           0.02246           0.00000
   4      0          3.86885           0.02271          -0.00060
   5      0          3.90725           0.02251           0.03780
   5     60          3.88614           0.02253           0.01669
   5     80          3.71986           0.02272          -0.14959
   5    100          3.23711           0.02330          -0.63234
 
 
 group  inft   Estimated free energy: total (kcal/mol)
   1      0       4.1713       4.1828       4.1913       4.1799       4.2110
                  4.1375       4.1491       4.1939       4.1706       4.1663
   1     60       4.1557       4.1670       4.1757       4.1644       4.1955
                  4.1218       4.1334       4.1783       4.1549       4.1506
   1     80       4.0223       4.0327       4.0427       4.0313       4.0629
                  3.9874       3.9991       4.0448       4.0209       4.0165
   1    100       3.4938       3.5012       3.5153       3.5035       3.5377
                  3.4549       3.4662       3.5157       3.4895       3.4849
   2      0       4.1602       4.1660       4.1808       4.1714       4.1984
                  4.1187       4.1340       4.1832       4.1626       4.1551
   3      0       4.1709       4.1753       4.1889       4.1811       4.2076
                  4.1262       4.1406       4.1891       4.1705       4.1629
   4      0       4.1670       4.1726       4.1851       4.1769       4.2035
                  4.1221       4.1378       4.1876       4.1701       4.1603
   5      0       4.2047       4.2173       4.2233       4.2121       4.2409
                  4.1687       4.1797       4.2249       4.2061       4.1981
   5     60       4.1834       4.1958       4.2020       4.1908       4.2196
                  4.1472       4.1582       4.2035       4.1846       4.1766
   5     80       4.0143       4.0256       4.0333       4.0220       4.0516
                  3.9768       3.9880       4.0343       4.0146       4.0066
   5    100       3.5210       3.5295       3.5412       3.5291       3.5615
                  3.4798       3.4906       3.5404       3.5185       3.5105
 
 group  inft   Estimated free energy: 1-th solvent contribution (kcal/mol)
   1      0       0.5439       0.5029       0.5245       0.5240       0.5372
                  0.5102       0.4902       0.5077       0.5061       0.5086
   1     60       0.5441       0.5029       0.5247       0.5242       0.5374
                  0.5104       0.4903       0.5078       0.5063       0.5087
   1     80       0.5454       0.5029       0.5256       0.5254       0.5387
                  0.5110       0.4904       0.5082       0.5065       0.5089
   1    100       0.5471       0.4995       0.5253       0.5262       0.5405
                  0.5102       0.4871       0.5065       0.5041       0.5062
   2      0       0.5395       0.4994       0.5210       0.5209       0.5344
                  0.5066       0.4880       0.5044       0.5035       0.5057
   3      0       0.5385       0.4988       0.5199       0.5209       0.5332
                  0.5053       0.4867       0.5031       0.5019       0.5047
   4      0       0.5368       0.4975       0.5178       0.5190       0.5316
                  0.5043       0.4852       0.5021       0.5009       0.5035
   5      0       0.5370       0.4982       0.5180       0.5187       0.5320
                  0.5044       0.4857       0.5018       0.5002       0.5034
   5     60       0.5373       0.4983       0.5183       0.5189       0.5323
                  0.5046       0.4858       0.5020       0.5003       0.5035
   5     80       0.5385       0.4979       0.5189       0.5199       0.5336
                  0.5049       0.4855       0.5020       0.5002       0.5034
   5    100       0.5394       0.4941       0.5180       0.5200       0.5346
                  0.5033       0.4818       0.4996       0.4973       0.5003
 
 group  inft   Estimated free energy: 2-th solvent contribution (kcal/mol)
   1      0      -0.1837      -0.2476      -0.2034      -0.1852      -0.2052
                 -0.2187      -0.1698      -0.2152      -0.2280      -0.1945
   1     60      -0.1840      -0.2480      -0.2038      -0.1855      -0.2055
                 -0.2190      -0.1701      -0.2155      -0.2284      -0.1948
   1     80      -0.1867      -0.2508      -0.2065      -0.1882      -0.2083
                 -0.2218      -0.1727      -0.2183      -0.2312      -0.1975
   1    100      -0.1973      -0.2617      -0.2171      -0.1985      -0.2189
                 -0.2326      -0.1829      -0.2290      -0.2421      -0.2082
   2      0      -0.1869      -0.2507      -0.2058      -0.1882      -0.2085
                 -0.2221      -0.1731      -0.2186      -0.2311      -0.1974
   3      0      -0.1877      -0.2516      -0.2072      -0.1889      -0.2098
                 -0.2234      -0.1745      -0.2201      -0.2324      -0.1995
   4      0      -0.1889      -0.2521      -0.2079      -0.1906      -0.2108
                 -0.2237      -0.1760      -0.2220      -0.2326      -0.2003
   5      0      -0.1896      -0.2505      -0.2075      -0.1901      -0.2095
                 -0.2235      -0.1742      -0.2199      -0.2323      -0.1996
   5     60      -0.1900      -0.2510      -0.2080      -0.1906      -0.2100
                 -0.2239      -0.1746      -0.2204      -0.2327      -0.2000
   5     80      -0.1936      -0.2547      -0.2115      -0.1941      -0.2135
                 -0.2275      -0.1781      -0.2240      -0.2364      -0.2036
   5    100      -0.2036      -0.2649      -0.2216      -0.2040      -0.2236
                 -0.2378      -0.1878      -0.2341      -0.2467      -0.2138
 
 group  inft   Estimated free energy: 3-th solvent contribution (kcal/mol)
   1      0       3.8111       3.9275       3.8702       3.8410       3.8790
                  3.8459       3.8287       3.9014       3.8925       3.8521
   1     60       3.7955       3.9120       3.8547       3.8256       3.8635
                  3.8304       3.8132       3.8859       3.8770       3.8366
   1     80       3.6636       3.7806       3.7235       3.6941       3.7324
                  3.6981       3.6814       3.7548       3.7456       3.7051
   1    100       3.1440       3.2634       3.2070       3.1757       3.2160
                  3.1773       3.1620       3.2382       3.2275       3.1869
   2      0       3.8075       3.9173       3.8657       3.8386       3.8724
                  3.8342       3.8191       3.8974       3.8902       3.8467
   3      0       3.8200       3.9280       3.8761       3.8490       3.8841
                  3.8443       3.8284       3.9061       3.9009       3.8576
   4      0       3.8190       3.9271       3.8752       3.8485       3.8826
                  3.8415       3.8285       3.9074       3.9017       3.8570
   5      0       3.8572       3.9695       3.9127       3.8835       3.9183
                  3.8877       3.8682       3.9430       3.9381       3.8942
   5     60       3.8360       3.9484       3.8917       3.8624       3.8972
                  3.8665       3.8471       3.9219       3.9170       3.8731
   5     80       3.6693       3.7823       3.7259       3.6961       3.7315
                  3.6994       3.6805       3.7562       3.7508       3.7068
   5    100       3.1852       3.3003       3.2447       3.2130       3.2504
                  3.2142       3.1965       3.2749       3.2678       3.2240
 
 
 cumulative average & 95% error for solvation free energy
              total             1st component         2nd component         3rd component
  1     4.1709                0.5385               -0.1877                3.8200
  2     4.1731     0.0044     0.5187     0.0397    -0.2196     0.0639     3.8740     0.1080
  3     4.1784     0.0108     0.5191     0.0229    -0.2155     0.0378     3.8747     0.0624
  4     4.1790     0.0078     0.5195     0.0163    -0.2088     0.0299     3.8683     0.0459
  5     4.1847     0.0129     0.5223     0.0137    -0.2090     0.0231     3.8714     0.0361
  6     4.1750     0.0222     0.5194     0.0126    -0.2114     0.0195     3.8669     0.0309
  7     4.1701     0.0212     0.5148     0.0141    -0.2061     0.0195     3.8614     0.0283
  8     4.1725     0.0189     0.5133     0.0126    -0.2079     0.0173     3.8670     0.0270
  9     4.1723     0.0167     0.5120     0.0114    -0.2106     0.0162     3.8708     0.0249
 10     4.1713     0.0151     0.5113     0.0103    -0.2095     0.0146     3.8695     0.0225
