 ERmod 0.3.8, Copyright (C) 2000-2019 Nobuyuki Matubayasi
                            2010-2019 Shun Sakuraba
 ERmod comes with ABSOLUTELY NO WARRANTY.
 This is free software, and you can redistribute it
 and/or modify it under certain conditions.
 See LICENSE file for details.
 ERmod 0.3.8, Copyright (C) 2000-2019 Nobuyuki Matubayasi
                            2010-2019 Shun Sakuraba
 ERmod comes with ABSOLUTELY NO WARRANTY.
 This is free software, and you can redistribute it
 and/or modify it under certain conditions.
 See LICENSE file for details.
 
  Number of the   1-th solvent  =           90
  Number of the   2-th solvent  =           90
  Number of the   3-th solvent  =        10000
 
  Be sure that the solvent distribution is homogeneous (radial distribution function is essentially unity) when the solvent molecule is separated beyond distance of   10.0 Angstrom in any direction from any atom within the solute molecule
 
  LJ long-range correction    =        -0.0038     -0.0059     -0.3052
 
  Self-energy of the solute   =         0.0000  kcal/mol
 
 
 cumulative average & 95% error for solvation energy
              total             1st component         2nd component         3rd component
  1    -8.0969                0.0674               -0.1532               -8.0111
  2    -8.0959     0.0020     0.0566     0.0216    -0.1903     0.0741    -7.9622     0.0978
  3    -8.0930     0.0059     0.0566     0.0125    -0.1839     0.0447    -7.9658     0.0569
  4    -8.0972     0.0094     0.0585     0.0096    -0.1877     0.0325    -7.9680     0.0405
  5    -8.1081     0.0229     0.0596     0.0077    -0.1991     0.0339    -7.9685     0.0314
  6    -8.1011     0.0232     0.0651     0.0127    -0.1936     0.0298    -7.9726     0.0269
  7    -8.1015     0.0197     0.0679     0.0121    -0.1897     0.0264    -7.9797     0.0268
  8    -8.0989     0.0178     0.0680     0.0105    -0.1876     0.0232    -7.9792     0.0232
  9    -8.1002     0.0160     0.0690     0.0095    -0.1875     0.0205    -7.9817     0.0211
 10    -8.1021     0.0148     0.0683     0.0086    -0.1869     0.0184    -7.9836     0.0193
 
 
 group  inft  solvation free energy     error          difference
  total solvation free energy
   1      0          3.35805           0.01845          -0.00929
   1     60          3.35018           0.01848          -0.01716
   1     80          3.27379           0.01885          -0.09355
   1    100          2.95110           0.02052          -0.41624
   2      0          3.35415           0.01770          -0.01319
   3      0          3.36734           0.01782           0.00000
   4      0          3.37513           0.01711           0.00779
   5      0          3.42720           0.01671           0.05986
   5     60          3.41632           0.01675           0.04898
   5     80          3.31875           0.01719          -0.04859
   5    100          3.01644           0.01866          -0.35090
 
  contribution from  1-th solvent component
   1      0          0.17430           0.00829           0.00237
   1     60          0.17431           0.00830           0.00238
   1     80          0.17434           0.00854           0.00241
   1    100          0.17356           0.00960           0.00163
   2      0          0.17252           0.00805           0.00059
   3      0          0.17193           0.00816           0.00000
   4      0          0.17122           0.00804          -0.00071
   5      0          0.17092           0.00788          -0.00101
   5     60          0.17093           0.00791          -0.00100
   5     80          0.17079           0.00820          -0.00114
   5    100          0.16970           0.00912          -0.00223
 
  contribution from  2-th solvent component
   1      0         -0.04153           0.01121           0.00290
   1     60         -0.04155           0.01122           0.00288
   1     80         -0.04194           0.01132           0.00249
   1    100         -0.04394           0.01172           0.00049
   2      0         -0.04348           0.01078           0.00095
   3      0         -0.04443           0.01072           0.00000
   4      0         -0.04494           0.01034          -0.00051
   5      0         -0.04570           0.01024          -0.00127
   5     60         -0.04574           0.01025          -0.00131
   5     80         -0.04633           0.01037          -0.00190
   5    100         -0.04838           0.01070          -0.00395
 
  contribution from  3-th solvent component
   1      0          3.22526           0.01243          -0.01456
   1     60          3.21739           0.01244          -0.02243
   1     80          3.14137           0.01257          -0.09845
   1    100          2.82146           0.01313          -0.41836
   2      0          3.22508           0.01190          -0.01474
   3      0          3.23982           0.01203           0.00000
   4      0          3.24883           0.01138           0.00901
   5      0          3.30195           0.01115           0.06213
   5     60          3.29111           0.01116           0.05129
   5     80          3.19427           0.01132          -0.04555
   5    100          2.89510           0.01182          -0.34473
 
 
 group  inft   Estimated free energy: total (kcal/mol)
   1      0       3.3730       3.3651       3.3672       3.3303       3.3129
                  3.4171       3.3631       3.3710       3.3498       3.3308
   1     60       3.3652       3.3572       3.3593       3.3224       3.3050
                  3.4094       3.3553       3.3631       3.3420       3.3229
   1     80       3.2892       3.2807       3.2828       3.2453       3.2280
                  3.3344       3.2793       3.2867       3.2656       3.2460
   1    100       2.9677       2.9572       2.9596       2.9196       2.9019
                  3.0181       2.9587       2.9637       2.9434       2.9210
   2      0       3.3708       3.3604       3.3626       3.3272       3.3094
                  3.4095       3.3596       3.3665       3.3461       3.3293
   3      0       3.3818       3.3752       3.3763       3.3395       3.3213
                  3.4233       3.3730       3.3785       3.3609       3.3435
   4      0       3.3915       3.3811       3.3820       3.3496       3.3322
                  3.4290       3.3807       3.3866       3.3683       3.3502
   5      0       3.4429       3.4333       3.4336       3.4019       3.3837
                  3.4793       3.4327       3.4382       3.4220       3.4043
   5     60       3.4321       3.4225       3.4227       3.3909       3.3727
                  3.4686       3.4219       3.4273       3.4111       3.3934
   5     80       3.3349       3.3248       3.3250       3.2925       3.2744
                  3.3728       3.3249       3.3296       3.3136       3.2951
   5    100       3.0337       3.0219       3.0222       2.9877       2.9692
                  3.0761       3.0244       3.0269       3.0117       2.9906
 
 group  inft   Estimated free energy: 1-th solvent contribution (kcal/mol)
   1      0       0.1676       0.1612       0.1627       0.1692       0.1718
                  0.2043       0.1855       0.1700       0.1829       0.1678
   1     60       0.1676       0.1612       0.1627       0.1692       0.1718
                  0.2044       0.1856       0.1699       0.1829       0.1678
   1     80       0.1674       0.1610       0.1625       0.1690       0.1716
                  0.2053       0.1860       0.1697       0.1833       0.1677
   1    100       0.1655       0.1591       0.1606       0.1672       0.1700
                  0.2082       0.1869       0.1679       0.1841       0.1660
   2      0       0.1660       0.1595       0.1615       0.1674       0.1699
                  0.2014       0.1834       0.1684       0.1817       0.1661
   3      0       0.1650       0.1589       0.1609       0.1671       0.1691
                  0.2014       0.1832       0.1673       0.1805       0.1657
   4      0       0.1645       0.1585       0.1606       0.1665       0.1680
                  0.2007       0.1820       0.1669       0.1792       0.1653
   5      0       0.1641       0.1585       0.1598       0.1660       0.1681
                  0.1989       0.1822       0.1666       0.1797       0.1652
   5     60       0.1641       0.1585       0.1598       0.1659       0.1681
                  0.1990       0.1822       0.1666       0.1798       0.1652
   5     80       0.1637       0.1580       0.1594       0.1655       0.1677
                  0.1999       0.1825       0.1662       0.1801       0.1648
   5    100       0.1617       0.1560       0.1573       0.1635       0.1659
                  0.2021       0.1829       0.1642       0.1803       0.1629
 
 group  inft   Estimated free energy: 2-th solvent contribution (kcal/mol)
   1      0      -0.0147      -0.0641      -0.0300      -0.0524      -0.0740
                 -0.0295      -0.0323      -0.0339      -0.0432      -0.0412
   1     60      -0.0147      -0.0642      -0.0301      -0.0524      -0.0740
                 -0.0295      -0.0323      -0.0339      -0.0432      -0.0413
   1     80      -0.0146      -0.0647      -0.0305      -0.0529      -0.0746
                 -0.0298      -0.0326      -0.0342      -0.0437      -0.0417
   1    100      -0.0146      -0.0673      -0.0325      -0.0555      -0.0773
                 -0.0315      -0.0345      -0.0362      -0.0461      -0.0441
   2      0      -0.0174      -0.0653      -0.0335      -0.0536      -0.0750
                 -0.0325      -0.0346      -0.0355      -0.0451      -0.0421
   3      0      -0.0188      -0.0657      -0.0344      -0.0548      -0.0762
                 -0.0334      -0.0354      -0.0369      -0.0454      -0.0432
   4      0      -0.0194      -0.0657      -0.0360      -0.0546      -0.0751
                 -0.0349      -0.0356      -0.0379      -0.0455      -0.0448
   5      0      -0.0212      -0.0664      -0.0367      -0.0552      -0.0758
                 -0.0355      -0.0368      -0.0376      -0.0467      -0.0451
   5     60      -0.0212      -0.0664      -0.0367      -0.0553      -0.0759
                 -0.0355      -0.0368      -0.0377      -0.0468      -0.0451
   5     80      -0.0212      -0.0672      -0.0373      -0.0560      -0.0767
                 -0.0360      -0.0373      -0.0382      -0.0475      -0.0458
   5    100      -0.0215      -0.0697      -0.0394      -0.0585      -0.0793
                 -0.0379      -0.0393      -0.0402      -0.0499      -0.0481
 
 group  inft   Estimated free energy: 3-th solvent contribution (kcal/mol)
   1      0       3.2201       3.2680       3.2346       3.2135       3.2151
                  3.2423       3.2098       3.2349       3.2101       3.2042
   1     60       3.2122       3.2602       3.2267       3.2056       3.2072
                  3.2345       3.2019       3.2270       3.2022       3.1963
   1     80       3.1363       3.1844       3.1508       3.1292       3.1309
                  3.1589       3.1259       3.1512       3.1260       3.1200
   1    100       2.8168       2.8654       2.8314       2.8079       2.8091
                  2.8413       2.8063       2.8320       2.8054       2.7990
   2      0       3.2222       3.2662       3.2346       3.2133       3.2145
                  3.2406       3.2109       3.2336       3.2095       3.2053
   3      0       3.2356       3.2819       3.2498       3.2272       3.2283
                  3.2553       3.2253       3.2481       3.2258       3.2210
   4      0       3.2463       3.2883       3.2573       3.2378       3.2393
                  3.2631       3.2344       3.2576       3.2347       3.2296
   5      0       3.3000       3.3412       3.3105       3.2911       3.2913
                  3.3159       3.2873       3.3091       3.2890       3.2841
   5     60       3.2891       3.3304       3.2996       3.2802       3.2805
                  3.3051       3.2765       3.2983       3.2781       3.2732
   5     80       3.1924       3.2339       3.2029       3.1830       3.1833
                  3.2089       3.1796       3.2016       3.1810       3.1761
   5    100       2.8935       2.9356       2.9042       2.8827       2.8825
                  2.9118       2.8808       2.9029       2.8812       2.8758
 
 
 cumulative average & 95% error for solvation free energy
              total             1st component         2nd component         3rd component
  1     3.3818                0.1650               -0.0188                3.2356
  2     3.3785     0.0066     0.1620     0.0061    -0.0422     0.0468     3.2588     0.0464
  3     3.3778     0.0041     0.1616     0.0036    -0.0396     0.0275     3.2558     0.0274
  4     3.3682     0.0193     0.1630     0.0038    -0.0434     0.0209     3.2486     0.0241
  5     3.3588     0.0240     0.1642     0.0038    -0.0500     0.0208     3.2446     0.0204
  6     3.3696     0.0291     0.1704     0.0128    -0.0472     0.0179     3.2463     0.0170
  7     3.3701     0.0246     0.1722     0.0114    -0.0455     0.0155     3.2433     0.0156
  8     3.3711     0.0214     0.1716     0.0099    -0.0445     0.0136     3.2439     0.0135
  9     3.3700     0.0190     0.1726     0.0090    -0.0446     0.0120     3.2419     0.0126
 10     3.3673     0.0178     0.1719     0.0082    -0.0444     0.0107     3.2398     0.0120
