 ERmod 0.3.8, Copyright (C) 2000-2019 Nobuyuki Matubayasi
                            2010-2019 Shun Sakuraba
 ERmod comes with ABSOLUTELY NO WARRANTY.
 This is free software, and you can redistribute it
 and/or modify it under certain conditions.
 See LICENSE file for details.
 ERmod 0.3.8, Copyright (C) 2000-2019 Nobuyuki Matubayasi
                            2010-2019 Shun Sakuraba
 ERmod comes with ABSOLUTELY NO WARRANTY.
 This is free software, and you can redistribute it
 and/or modify it under certain conditions.
 See LICENSE file for details.
 
  Number of the   1-th solvent  =          180
  Number of the   2-th solvent  =          180
  Number of the   3-th solvent  =        10000
 
  Be sure that the solvent distribution is homogeneous (radial distribution function is essentially unity) when the solvent molecule is separated beyond distance of   10.0 Angstrom in any direction from any atom within the solute molecule
 
  LJ long-range correction    =        -0.0072     -0.0166     -0.4287
 
  Self-energy of the solute   =        -0.0001  kcal/mol
 
 
 cumulative average & 95% error for solvation energy
              total             1st component         2nd component         3rd component
  1   -22.5750               -0.6197               -1.5670              -20.3883
  2   -22.6498     0.1495    -0.2052     0.8290    -1.6518     0.1698   -20.7926     0.8087
  3   -22.5735     0.1752    -0.3702     0.5814    -1.4613     0.3934   -20.7419     0.4778
  4   -22.5586     0.1274    -0.3310     0.4185    -1.4900     0.2840   -20.7375     0.3380
  5   -22.5545     0.0990    -0.3936     0.3475    -1.5002     0.2210   -20.6607     0.3035
  6   -22.5468     0.0823    -0.4357     0.2960    -1.4584     0.1989   -20.6527     0.2484
  7   -22.5397     0.0710    -0.4209     0.2519    -1.4452     0.1701   -20.6735     0.2140
  8   -22.5348     0.0623    -0.4230     0.2182    -1.4243     0.1531   -20.6874     0.1874
  9   -22.5381     0.0553    -0.4313     0.1931    -1.4025     0.1419   -20.7042     0.1687
 10   -22.5321     0.0509    -0.4738     0.1925    -1.3951     0.1278   -20.6631     0.1718
 
 
 group  inft  solvation free energy     error          difference
  total solvation free energy
   1      0         -2.02335           0.03848          -0.00393
   1     60         -2.04010           0.03851          -0.02068
   1     80         -2.19036           0.03867          -0.17094
   1    100         -2.77529           0.03903          -0.75587
   2      0         -2.02166           0.03830          -0.00224
   3      0         -2.01942           0.03840           0.00000
   4      0         -2.01562           0.03875           0.00380
   5      0         -2.01306           0.03890           0.00635
   5     60         -2.03598           0.03893          -0.01656
   5     80         -2.22523           0.03909          -0.20581
   5    100         -2.76592           0.03930          -0.74650
 
  contribution from  1-th solvent component
   1      0          0.06175           0.10210           0.00206
   1     60          0.06162           0.10211           0.00193
   1     80          0.06006           0.10219           0.00037
   1    100          0.05270           0.10253          -0.00699
   2      0          0.05985           0.09752           0.00016
   3      0          0.05969           0.09553           0.00000
   4      0          0.05816           0.09469          -0.00152
   5      0          0.06034           0.09348           0.00065
   5     60          0.06014           0.09349           0.00045
   5     80          0.05798           0.09355          -0.00171
   5    100          0.05085           0.09375          -0.00884
 
  contribution from  2-th solvent component
   1      0         -0.63044           0.07888          -0.01088
   1     60         -0.63076           0.07889          -0.01120
   1     80         -0.63376           0.07892          -0.01420
   1    100         -0.64564           0.07905          -0.02608
   2      0         -0.62384           0.07782          -0.00428
   3      0         -0.61955           0.07799           0.00000
   4      0         -0.61731           0.07720           0.00224
   5      0         -0.61675           0.07663           0.00280
   5     60         -0.61720           0.07664           0.00235
   5     80         -0.62103           0.07667          -0.00148
   5    100         -0.63208           0.07676          -0.01252
 
  contribution from  3-th solvent component
   1      0         -1.45457           0.08290           0.00488
   1     60         -1.47086           0.08291          -0.01141
   1     80         -1.61656           0.08289          -0.15711
   1    100         -2.18225           0.08287          -0.72280
   2      0         -1.45758           0.08245           0.00188
   3      0         -1.45945           0.08290           0.00000
   4      0         -1.45637           0.08149           0.00308
   5      0         -1.45656           0.08207           0.00290
   5     60         -1.47881           0.08208          -0.01936
   5     80         -1.66207           0.08207          -0.20262
   5    100         -2.18459           0.08205          -0.72514
 
 
 group  inft   Estimated free energy: total (kcal/mol)
   1      0      -2.1030      -2.0586      -1.9165      -2.0417      -2.0917
                 -1.9617      -1.9706      -2.0385      -1.9903      -2.0609
   1     60      -2.1198      -2.0755      -1.9332      -2.0584      -2.1085
                 -1.9784      -1.9873      -2.0553      -2.0070      -2.0776
   1     80      -2.2704      -2.2258      -2.0828      -2.2087      -2.2589
                 -2.1288      -2.1372      -2.2056      -2.1573      -2.2281
   1    100      -2.8559      -2.8104      -2.6659      -2.7940      -2.8447
                 -2.7150      -2.7209      -2.7902      -2.7421      -2.8138
   2      0      -2.1003      -2.0766      -1.9156      -2.0390      -2.0828
                 -1.9632      -1.9613      -2.0283      -1.9982      -2.0513
   3      0      -2.0926      -2.0846      -1.9193      -2.0404      -2.0807
                 -1.9590      -1.9520      -2.0271      -1.9956      -2.0428
   4      0      -2.0887      -2.0813      -1.9079      -2.0325      -2.0776
                 -1.9600      -1.9502      -2.0221      -1.9957      -2.0401
   5      0      -2.0879      -2.0850      -1.9143      -2.0278      -2.0700
                 -1.9445      -1.9486      -2.0301      -1.9900      -2.0326
   5     60      -2.1109      -2.1080      -1.9371      -2.0507      -2.0929
                 -1.9674      -1.9715      -2.0530      -2.0129      -2.0556
   5     80      -2.3004      -2.2975      -2.1256      -2.2399      -2.2823
                 -2.1569      -2.1603      -2.2422      -2.2022      -2.2450
   5    100      -2.8414      -2.8382      -2.6648      -2.7809      -2.8236
                 -2.6988      -2.7001      -2.7825      -2.7428      -2.7862
 
 group  inft   Estimated free energy: 1-th solvent contribution (kcal/mol)
   1      0      -0.0516       0.4339      -0.0326       0.1663      -0.0275
                 -0.0079       0.1613       0.0760       0.0377      -0.1380
   1     60      -0.0518       0.4338      -0.0328       0.1661      -0.0276
                 -0.0080       0.1612       0.0758       0.0375      -0.1381
   1     80      -0.0535       0.4326      -0.0344       0.1645      -0.0291
                 -0.0097       0.1596       0.0743       0.0360      -0.1398
   1    100      -0.0614       0.4269      -0.0423       0.1571      -0.0363
                 -0.0177       0.1523       0.0670       0.0288      -0.1474
   2      0      -0.0469       0.4095      -0.0339       0.1654      -0.0278
                 -0.0058       0.1636       0.0756       0.0300      -0.1311
   3      0      -0.0427       0.4002      -0.0349       0.1637      -0.0270
                 -0.0037       0.1673       0.0723       0.0289      -0.1272
   4      0      -0.0411       0.3936      -0.0328       0.1646      -0.0293
                 -0.0053       0.1648       0.0716       0.0260      -0.1303
   5      0      -0.0390       0.3917      -0.0303       0.1660      -0.0255
                 -0.0001       0.1686       0.0673       0.0281      -0.1234
   5     60      -0.0392       0.3915      -0.0305       0.1658      -0.0257
                 -0.0003       0.1683       0.0670       0.0279      -0.1236
   5     80      -0.0415       0.3897      -0.0328       0.1636      -0.0278
                 -0.0026       0.1662       0.0649       0.0258      -0.1258
   5    100      -0.0488       0.3836      -0.0404       0.1563      -0.0347
                 -0.0100       0.1590       0.0577       0.0187      -0.1331
 
 group  inft   Estimated free energy: 2-th solvent contribution (kcal/mol)
   1      0      -0.7601      -0.7841      -0.4227      -0.7196      -0.7541
                 -0.4982      -0.6006      -0.6146      -0.5102      -0.6402
   1     60      -0.7604      -0.7844      -0.4230      -0.7199      -0.7545
                 -0.4985      -0.6009      -0.6149      -0.5105      -0.6405
   1     80      -0.7633      -0.7875      -0.4259      -0.7229      -0.7575
                 -0.5014      -0.6039      -0.6180      -0.5135      -0.6435
   1    100      -0.7752      -0.7998      -0.4374      -0.7348      -0.7697
                 -0.5129      -0.6159      -0.6300      -0.5253      -0.6555
   2      0      -0.7563      -0.7758      -0.4182      -0.7142      -0.7425
                 -0.4972      -0.5898      -0.6022      -0.5084      -0.6338
   3      0      -0.7539      -0.7714      -0.4155      -0.7105      -0.7395
                 -0.4942      -0.5845      -0.5966      -0.5017      -0.6277
   4      0      -0.7485      -0.7685      -0.4127      -0.7073      -0.7349
                 -0.4918      -0.5836      -0.5967      -0.5039      -0.6252
   5      0      -0.7492      -0.7667      -0.4187      -0.7049      -0.7339
                 -0.4887      -0.5839      -0.5985      -0.5004      -0.6225
   5     60      -0.7497      -0.7672      -0.4191      -0.7053      -0.7344
                 -0.4892      -0.5843      -0.5990      -0.5008      -0.6230
   5     80      -0.7535      -0.7711      -0.4228      -0.7092      -0.7383
                 -0.4929      -0.5882      -0.6029      -0.5047      -0.6268
   5    100      -0.7645      -0.7824      -0.4336      -0.7202      -0.7496
                 -0.5037      -0.5993      -0.6140      -0.5157      -0.6379
 
 group  inft   Estimated free energy: 3-th solvent contribution (kcal/mol)
   1      0      -1.2911      -1.7083      -1.4612      -1.4883      -1.3100
                 -1.4555      -1.5312      -1.4998      -1.5177      -1.2826
   1     60      -1.3075      -1.7247      -1.4774      -1.5045      -1.3264
                 -1.4717      -1.5475      -1.5161      -1.5340      -1.2989
   1     80      -1.4535      -1.8708      -1.6224      -1.6502      -1.4722
                 -1.6176      -1.6927      -1.6618      -1.6797      -1.4447
   1    100      -2.0193      -2.4375      -2.1862      -2.2161      -2.0385
                 -2.1843      -2.2572      -2.2271      -2.2455      -2.0109
   2      0      -1.2970      -1.7103      -1.4634      -1.4901      -1.3124
                 -1.4602      -1.5350      -1.5016      -1.5197      -1.2862
   3      0      -1.2958      -1.7133      -1.4689      -1.4935      -1.3141
                 -1.4611      -1.5347      -1.5027      -1.5228      -1.2877
   4      0      -1.2990      -1.7063      -1.4623      -1.4897      -1.3133
                 -1.4628      -1.5313      -1.4969      -1.5177      -1.2846
   5      0      -1.2995      -1.7099      -1.4652      -1.4888      -1.3104
                 -1.4556      -1.5332      -1.4987      -1.5176      -1.2866
   5     60      -1.3219      -1.7323      -1.4873      -1.5110      -1.3327
                 -1.4778      -1.5554      -1.5209      -1.5399      -1.3089
   5     80      -1.5054      -1.9160      -1.6698      -1.6943      -1.5162
                 -1.6613      -1.7382      -1.7041      -1.7232      -1.4922
   5    100      -2.0279      -2.4393      -2.1907      -2.2169      -2.0392
                 -2.1850      -2.2598      -2.2261      -2.2457      -2.0151
 
 
 cumulative average & 95% error for solvation free energy
              total             1st component         2nd component         3rd component
  1    -2.0926               -0.0427               -0.7539               -1.2958
  2    -2.0886     0.0080     0.1787     0.4429    -0.7627     0.0174    -1.5046     0.4175
  3    -2.0322     0.1130     0.1075     0.2927    -0.6469     0.2317    -1.4927     0.2422
  4    -2.0342     0.0800     0.1216     0.2089    -0.6628     0.1669    -1.4929     0.1713
  5    -2.0435     0.0647     0.0919     0.1724    -0.6782     0.1328    -1.4571     0.1507
  6    -2.0294     0.0599     0.0759     0.1443    -0.6475     0.1246    -1.4578     0.1231
  7    -2.0184     0.0552     0.0890     0.1247    -0.6385     0.1068    -1.4688     0.1063
  8    -2.0195     0.0479     0.0869     0.1081    -0.6333     0.0931    -1.4730     0.0924
  9    -2.0168     0.0425     0.0805     0.0962    -0.6186     0.0872    -1.4785     0.0823
 10    -2.0194     0.0384     0.0597     0.0955    -0.6196     0.0780    -1.4595     0.0829
