 ERmod 0.3.8, Copyright (C) 2000-2019 Nobuyuki Matubayasi
                            2010-2019 Shun Sakuraba
 ERmod comes with ABSOLUTELY NO WARRANTY.
 This is free software, and you can redistribute it
 and/or modify it under certain conditions.
 See LICENSE file for details.
 ERmod 0.3.8, Copyright (C) 2000-2019 Nobuyuki Matubayasi
                            2010-2019 Shun Sakuraba
 ERmod comes with ABSOLUTELY NO WARRANTY.
 This is free software, and you can redistribute it
 and/or modify it under certain conditions.
 See LICENSE file for details.
 
  Number of the   1-th solvent  =          180
  Number of the   2-th solvent  =          180
  Number of the   3-th solvent  =        10000
 
  Be sure that the solvent distribution is homogeneous (radial distribution function is essentially unity) when the solvent molecule is separated beyond distance of   10.0 Angstrom in any direction from any atom within the solute molecule
 
  LJ long-range correction    =        -0.0054     -0.0039     -0.2158
 
  Self-energy of the solute   =         0.0000  kcal/mol
 
 
 cumulative average & 95% error for solvation energy
              total             1st component         2nd component         3rd component
  1    -6.0700                0.0553               -0.1855               -5.9398
  2    -6.0716     0.0033     0.0618     0.0130    -0.1860     0.0010    -5.9474     0.0153
  3    -6.0767     0.0103     0.0653     0.0103    -0.1886     0.0053    -5.9534     0.0149
  4    -6.0766     0.0073     0.0602     0.0126    -0.1869     0.0051    -5.9499     0.0127
  5    -6.0715     0.0116     0.0654     0.0143    -0.1841     0.0068    -5.9528     0.0114
  6    -6.0680     0.0118     0.0681     0.0129    -0.1831     0.0059    -5.9530     0.0093
  7    -6.0709     0.0116     0.0685     0.0109    -0.1844     0.0056    -5.9551     0.0089
  8    -6.0709     0.0100     0.0700     0.0099    -0.1828     0.0058    -5.9581     0.0097
  9    -6.0667     0.0121     0.0714     0.0091    -0.1815     0.0057    -5.9565     0.0091
 10    -6.0610     0.0158     0.0748     0.0107    -0.1795     0.0066    -5.9563     0.0082
 
 
 group  inft  solvation free energy     error          difference
  total solvation free energy
   1      0          3.17603           0.01924          -0.00433
   1     60          3.16683           0.01931          -0.01353
   1     80          3.08999           0.02000          -0.09037
   1    100          2.80492           0.02273          -0.37544
   2      0          3.17378           0.01863          -0.00658
   3      0          3.18036           0.01819           0.00000
   4      0          3.21628           0.01730           0.03592
   5      0          3.23569           0.01716           0.05533
   5     60          3.22324           0.01726           0.04288
   5     80          3.12810           0.01811          -0.05226
   5    100          2.86270           0.02063          -0.31766
 
  contribution from  1-th solvent component
   1      0          0.24755           0.01029           0.00367
   1     60          0.24752           0.01031           0.00365
   1     80          0.24717           0.01060           0.00329
   1    100          0.24483           0.01177           0.00095
   2      0          0.24461           0.00977           0.00073
   3      0          0.24388           0.00968           0.00000
   4      0          0.24279           0.00941          -0.00109
   5      0          0.24174           0.00919          -0.00214
   5     60          0.24168           0.00923          -0.00220
   5     80          0.24104           0.00957          -0.00284
   5    100          0.23837           0.01062          -0.00550
 
  contribution from  2-th solvent component
   1      0         -0.12349           0.00643           0.00249
   1     60         -0.12307           0.00646           0.00291
   1     80         -0.12123           0.00669           0.00475
   1    100         -0.11775           0.00765           0.00823
   2      0         -0.12513           0.00601           0.00085
   3      0         -0.12598           0.00564           0.00000
   4      0         -0.12671           0.00557          -0.00072
   5      0         -0.12490           0.00570           0.00108
   5     60         -0.12438           0.00574           0.00160
   5     80         -0.12227           0.00603           0.00371
   5    100         -0.11889           0.00695           0.00709
 
  contribution from  3-th solvent component
   1      0          3.05195           0.01099          -0.01050
   1     60          3.04237           0.01102          -0.02008
   1     80          2.96404           0.01128          -0.09841
   1    100          2.67782           0.01225          -0.38463
   2      0          3.05428           0.01112          -0.00817
   3      0          3.06245           0.01113           0.00000
   4      0          3.10018           0.01046           0.03773
   5      0          3.11884           0.01005           0.05639
   5     60          3.10592           0.01009           0.04347
   5     80          3.00932           0.01040          -0.05313
   5    100          2.74320           0.01128          -0.31925
 
 
 group  inft   Estimated free energy: total (kcal/mol)
   1      0       3.1707       3.1628       3.1411       3.1781       3.1672
                  3.1852       3.1457       3.1636       3.1979       3.2480
   1     60       3.1615       3.1535       3.1317       3.1689       3.1580
                  3.1760       3.1364       3.1544       3.1887       3.2391
   1     80       3.0843       3.0760       3.0538       3.0918       3.0813
                  3.0995       3.0583       3.0776       3.1124       3.1650
   1    100       2.7978       2.7884       2.7642       2.8054       2.7968
                  2.8160       2.7684       2.7923       2.8292       2.8908
   2      0       3.1694       3.1623       3.1392       3.1779       3.1636
                  3.1813       3.1450       3.1599       3.1965       3.2427
   3      0       3.1767       3.1678       3.1473       3.1838       3.1697
                  3.1901       3.1523       3.1658       3.2030       3.2470
   4      0       3.2138       3.2036       3.1842       3.2192       3.2081
                  3.2238       3.1904       3.2018       3.2380       3.2799
   5      0       3.2334       3.2215       3.2042       3.2372       3.2261
                  3.2433       3.2107       3.2231       3.2589       3.2986
   5     60       3.2209       3.2089       3.1916       3.2247       3.2137
                  3.2308       3.1981       3.2106       3.2465       3.2865
   5     80       3.1253       3.1129       3.0950       3.1292       3.1187
                  3.1361       3.1015       3.1155       3.1520       3.1948
   5    100       2.8586       2.8448       2.8254       2.8628       2.8538
                  2.8721       2.8317       2.8500       2.8882       2.9395
 
 group  inft   Estimated free energy: 1-th solvent contribution (kcal/mol)
   1      0       0.2300       0.2407       0.2461       0.2244       0.2571
                  0.2521       0.2411       0.2508       0.2493       0.2839
   1     60       0.2300       0.2406       0.2461       0.2243       0.2571
                  0.2521       0.2410       0.2508       0.2493       0.2840
   1     80       0.2292       0.2401       0.2456       0.2234       0.2569
                  0.2518       0.2404       0.2507       0.2489       0.2847
   1    100       0.2250       0.2371       0.2427       0.2191       0.2553
                  0.2499       0.2368       0.2491       0.2464       0.2870
   2      0       0.2279       0.2384       0.2433       0.2225       0.2536
                  0.2485       0.2380       0.2476       0.2473       0.2790
   3      0       0.2275       0.2372       0.2429       0.2219       0.2526
                  0.2476       0.2375       0.2475       0.2460       0.2780
   4      0       0.2271       0.2354       0.2414       0.2217       0.2516
                  0.2466       0.2371       0.2460       0.2449       0.2761
   5      0       0.2267       0.2348       0.2404       0.2209       0.2509
                  0.2456       0.2354       0.2447       0.2439       0.2740
   5     60       0.2266       0.2348       0.2403       0.2208       0.2508
                  0.2455       0.2353       0.2446       0.2439       0.2741
   5     80       0.2254       0.2339       0.2395       0.2196       0.2504
                  0.2450       0.2343       0.2443       0.2432       0.2748
   5    100       0.2212       0.2305       0.2364       0.2152       0.2484
                  0.2426       0.2306       0.2422       0.2403       0.2764
 
 group  inft   Estimated free energy: 2-th solvent contribution (kcal/mol)
   1      0      -0.1232      -0.1248      -0.1398      -0.1185      -0.1274
                 -0.1259      -0.1369      -0.1108      -0.1204      -0.1072
   1     60      -0.1228      -0.1244      -0.1394      -0.1181      -0.1269
                 -0.1256      -0.1365      -0.1103      -0.1199      -0.1067
   1     80      -0.1211      -0.1228      -0.1381      -0.1164      -0.1249
                 -0.1237      -0.1353      -0.1081      -0.1180      -0.1040
   1    100      -0.1176      -0.1203      -0.1368      -0.1129      -0.1209
                 -0.1200      -0.1341      -0.1033      -0.1141      -0.0973
   2      0      -0.1248      -0.1260      -0.1405      -0.1197      -0.1298
                 -0.1274      -0.1374      -0.1130      -0.1222      -0.1105
   3      0      -0.1255      -0.1267      -0.1411      -0.1208      -0.1304
                 -0.1270      -0.1377      -0.1148      -0.1227      -0.1132
   4      0      -0.1260      -0.1280      -0.1419      -0.1215      -0.1306
                 -0.1282      -0.1377      -0.1156      -0.1237      -0.1138
   5      0      -0.1240      -0.1269      -0.1399      -0.1202      -0.1283
                 -0.1258      -0.1371      -0.1144      -0.1216      -0.1108
   5     60      -0.1235      -0.1264      -0.1395      -0.1197      -0.1277
                 -0.1254      -0.1366      -0.1138      -0.1211      -0.1102
   5     80      -0.1215      -0.1246      -0.1380      -0.1176      -0.1254
                 -0.1232      -0.1352      -0.1113      -0.1188      -0.1070
   5    100      -0.1182      -0.1223      -0.1367      -0.1144      -0.1215
                 -0.1196      -0.1340      -0.1066      -0.1151      -0.1005
 
 group  inft   Estimated free energy: 3-th solvent contribution (kcal/mol)
   1      0       3.0639       3.0469       3.0347       3.0723       3.0375
                  3.0590       3.0415       3.0236       3.0689       3.0713
   1     60       3.0543       3.0372       3.0251       3.0627       3.0279
                  3.0495       3.0319       3.0139       3.0594       3.0618
   1     80       2.9761       2.9586       2.9463       2.9847       2.9493
                  2.9714       2.9532       2.9350       2.9815       2.9843
   1    100       2.6904       2.6716       2.6583       2.6992       2.6623
                  2.6861       2.6656       2.6466       2.6969       2.7011
   2      0       3.0663       3.0498       3.0364       3.0751       3.0399
                  3.0602       3.0443       3.0253       3.0714       3.0741
   3      0       3.0746       3.0573       3.0455       3.0826       3.0475
                  3.0695       3.0525       3.0331       3.0797       3.0822
   4      0       3.1127       3.0962       3.0847       3.1190       3.0870
                  3.1054       3.0909       3.0714       3.1168       3.1177
   5      0       3.1307       3.1135       3.1037       3.1364       3.1035
                  3.1235       3.1124       3.0928       3.1366       3.1354
   5     60       3.1178       3.1005       3.0907       3.1235       3.0905
                  3.1106       3.0994       3.0798       3.1237       3.1226
   5     80       3.0214       3.0036       2.9935       3.0273       2.9936
                  3.0143       3.0024       2.9825       3.0276       3.0270
   5    100       2.7557       2.7367       2.7257       2.7619       2.7268
                  2.7491       2.7351       2.7145       2.7630       2.7637
 
 
 cumulative average & 95% error for solvation free energy
              total             1st component         2nd component         3rd component
  1     3.1767                0.2275               -0.1255                3.0746
  2     3.1722     0.0089     0.2324     0.0097    -0.1261     0.0012     3.0659     0.0173
  3     3.1639     0.0174     0.2359     0.0090    -0.1311     0.0101     3.0591     0.0169
  4     3.1689     0.0158     0.2324     0.0094    -0.1285     0.0088     3.0650     0.0167
  5     3.1690     0.0123     0.2364     0.0109    -0.1289     0.0069     3.0615     0.0147
  6     3.1726     0.0122     0.2383     0.0096    -0.1286     0.0056     3.0628     0.0123
  7     3.1697     0.0118     0.2382     0.0082    -0.1299     0.0054     3.0614     0.0108
  8     3.1692     0.0103     0.2393     0.0074    -0.1280     0.0060     3.0578     0.0117
  9     3.1730     0.0118     0.2401     0.0067    -0.1274     0.0054     3.0603     0.0114
 10     3.1804     0.0182     0.2439     0.0097    -0.1260     0.0056     3.0625     0.0111
