 ERmod 0.3.8, Copyright (C) 2000-2019 Nobuyuki Matubayasi
                            2010-2019 Shun Sakuraba
 ERmod comes with ABSOLUTELY NO WARRANTY.
 This is free software, and you can redistribute it
 and/or modify it under certain conditions.
 See LICENSE file for details.
 ERmod 0.3.8, Copyright (C) 2000-2019 Nobuyuki Matubayasi
                            2010-2019 Shun Sakuraba
 ERmod comes with ABSOLUTELY NO WARRANTY.
 This is free software, and you can redistribute it
 and/or modify it under certain conditions.
 See LICENSE file for details.
 
  Number of the   1-th solvent  =           90
  Number of the   2-th solvent  =           90
  Number of the   3-th solvent  =        10000
 
  Be sure that the solvent distribution is homogeneous (radial distribution function is essentially unity) when the solvent molecule is separated beyond distance of   10.0 Angstrom in any direction from any atom within the solute molecule
 
  LJ long-range correction    =        -0.0013     -0.0014     -0.1562
 
  Self-energy of the solute   =        -0.0001  kcal/mol
 
 
 cumulative average & 95% error for solvation energy
              total             1st component         2nd component         3rd component
  1   -16.0316               -0.5191               -0.5949              -14.9174
  2   -15.9430     0.1772    -0.5833     0.1284    -0.4391     0.3116   -14.9204     0.0059
  3   -15.8953     0.1398    -0.4136     0.3475    -0.3748     0.2211   -15.1068     0.3728
  4   -15.8633     0.1178    -0.4897     0.2890    -0.3113     0.2014   -15.0622     0.2783
  5   -15.8641     0.0913    -0.7196     0.5114    -0.2967     0.1587   -14.8476     0.4802
  6   -15.8578     0.0756    -0.7150     0.4176    -0.2803     0.1337   -14.8624     0.3932
  7   -15.8671     0.0665    -0.6523     0.3746    -0.3095     0.1272   -14.9053     0.3432
  8   -15.8660     0.0577    -0.6013     0.3401    -0.2786     0.1263   -14.9860     0.3382
  9   -15.8999     0.0848    -0.6314     0.3059    -0.4378     0.3373   -14.8306     0.4307
 10   -15.8933     0.0770    -0.5774     0.2942    -0.4294     0.3021   -14.8864     0.4010
 
 
 group  inft  solvation free energy     error          difference
  total solvation free energy
   1      0         -3.25795           0.08804           0.00304
   1     60         -3.27422           0.08807          -0.01324
   1     80         -3.37452           0.08819          -0.11354
   1    100         -3.68459           0.08848          -0.42361
   2      0         -3.25958           0.08812           0.00140
   3      0         -3.26098           0.08661           0.00000
   4      0         -3.25132           0.08726           0.00966
   5      0         -3.25543           0.08640           0.00555
   5     60         -3.27694           0.08643          -0.01596
   5     80         -3.39851           0.08658          -0.13753
   5    100         -3.68321           0.08686          -0.42223
 
  contribution from  1-th solvent component
   1      0         -0.21462           0.14360           0.00098
   1     60         -0.21467           0.14361           0.00093
   1     80         -0.21501           0.14367           0.00058
   1    100         -0.21635           0.14383          -0.00075
   2      0         -0.21651           0.13923          -0.00091
   3      0         -0.21560           0.13820           0.00000
   4      0         -0.21477           0.13662           0.00082
   5      0         -0.21379           0.13721           0.00181
   5     60         -0.21387           0.13722           0.00173
   5     80         -0.21441           0.13726           0.00118
   5    100         -0.21588           0.13735          -0.00028
 
  contribution from  2-th solvent component
   1      0         -0.27300           0.16829           0.00043
   1     60         -0.27282           0.16831           0.00061
   1     80         -0.27213           0.16839           0.00130
   1    100         -0.27097           0.16864           0.00246
   2      0         -0.27260           0.16933           0.00083
   3      0         -0.27343           0.16884           0.00000
   4      0         -0.27182           0.16799           0.00161
   5      0         -0.27079           0.16904           0.00265
   5     60         -0.27059           0.16905           0.00285
   5     80         -0.26992           0.16915           0.00351
   5    100         -0.26928           0.16939           0.00415
 
  contribution from  3-th solvent component
   1      0         -2.77020           0.21598           0.00163
   1     60         -2.78660           0.21599          -0.01478
   1     80         -2.88724           0.21612          -0.11542
   1    100         -3.19714           0.21667          -0.42532
   2      0         -2.77034           0.21577           0.00149
   3      0         -2.77182           0.21642           0.00000
   4      0         -2.76460           0.21486           0.00723
   5      0         -2.77073           0.21557           0.00109
   5     60         -2.79235           0.21558          -0.02053
   5     80         -2.91404           0.21576          -0.14222
   5    100         -3.19792           0.21627          -0.42609
 
 
 group  inft   Estimated free energy: total (kcal/mol)
   1      0      -3.6083      -3.2310      -3.2116      -3.0689      -3.1911
                 -3.2412      -3.2872      -3.2473      -3.3058      -3.1871
   1     60      -3.6247      -3.2472      -3.2278      -3.0851      -3.2073
                 -3.2575      -3.3035      -3.2636      -3.3221      -3.2035
   1     80      -3.7253      -3.3474      -3.3278      -3.1849      -3.3074
                 -3.3579      -3.4042      -3.3640      -3.4223      -3.3040
   1    100      -4.0365      -3.6575      -3.6378      -3.4936      -3.6169
                 -3.6683      -3.7148      -3.6746      -3.7314      -3.6146
   2      0      -3.6062      -3.2280      -3.2122      -3.0606      -3.1983
                 -3.2382      -3.3098      -3.2520      -3.2927      -3.1979
   3      0      -3.6037      -3.2256      -3.2173      -3.0675      -3.2054
                 -3.2326      -3.3144      -3.2557      -3.2849      -3.2028
   4      0      -3.5915      -3.2106      -3.2029      -3.0512      -3.1931
                 -3.2301      -3.3113      -3.2508      -3.2786      -3.1932
   5      0      -3.5920      -3.2201      -3.2027      -3.0609      -3.1969
                 -3.2314      -3.3177      -3.2539      -3.2863      -3.1924
   5     60      -3.6136      -3.2416      -3.2241      -3.0822      -3.2184
                 -3.2529      -3.3393      -3.2754      -3.3079      -3.2139
   5     80      -3.7355      -3.3631      -3.3453      -3.2032      -3.3397
                 -3.3746      -3.4614      -3.3972      -3.4292      -3.3359
   5    100      -4.0211      -3.6477      -3.6298      -3.4866      -3.6240
                 -3.6595      -3.7468      -3.6826      -3.7127      -3.6213
 
 group  inft   Estimated free energy: 1-th solvent contribution (kcal/mol)
   1      0      -0.2930      -0.2564       0.0284      -0.2521      -0.7019
                 -0.2742      -0.0595      -0.0332      -0.3642       0.0598
   1     60      -0.2930      -0.2565       0.0284      -0.2522      -0.7019
                 -0.2742      -0.0595      -0.0332      -0.3642       0.0598
   1     80      -0.2935      -0.2569       0.0284      -0.2526      -0.7023
                 -0.2747      -0.0597      -0.0336      -0.3647       0.0596
   1    100      -0.2951      -0.2583       0.0279      -0.2542      -0.7038
                 -0.2765      -0.0607      -0.0348      -0.3663       0.0585
   2      0      -0.2862      -0.2556       0.0243      -0.2517      -0.6980
                 -0.2708      -0.0765      -0.0432      -0.3513       0.0440
   3      0      -0.2805      -0.2546       0.0208      -0.2524      -0.6968
                 -0.2663      -0.0766      -0.0430      -0.3478       0.0414
   4      0      -0.2811      -0.2507       0.0218      -0.2480      -0.6906
                 -0.2640      -0.0805      -0.0444      -0.3477       0.0374
   5      0      -0.2764      -0.2522       0.0247      -0.2498      -0.6921
                 -0.2630      -0.0816      -0.0417      -0.3456       0.0398
   5     60      -0.2765      -0.2523       0.0247      -0.2498      -0.6922
                 -0.2632      -0.0816      -0.0418      -0.3457       0.0397
   5     80      -0.2772      -0.2529       0.0246      -0.2505      -0.6927
                 -0.2639      -0.0821      -0.0424      -0.3463       0.0392
   5    100      -0.2788      -0.2544       0.0239      -0.2521      -0.6942
                 -0.2657      -0.0833      -0.0439      -0.3479       0.0378
 
 group  inft   Estimated free energy: 2-th solvent contribution (kcal/mol)
   1      0      -0.5449      -0.1708      -0.1417      -0.0245      -0.1501
                 -0.1543      -0.3355      -0.0831      -0.9068      -0.2184
   1     60      -0.5447      -0.1706      -0.1415      -0.0242      -0.1499
                 -0.1542      -0.3353      -0.0829      -0.9067      -0.2182
   1     80      -0.5443      -0.1699      -0.1407      -0.0232      -0.1492
                 -0.1535      -0.3344      -0.0823      -0.9062      -0.2176
   1    100      -0.5440      -0.1685      -0.1393      -0.0210      -0.1480
                 -0.1525      -0.3329      -0.0812      -0.9058      -0.2164
   2      0      -0.5483      -0.1692      -0.1395      -0.0181      -0.1587
                 -0.1533      -0.3404      -0.0773      -0.9071      -0.2140
   3      0      -0.5524      -0.1666      -0.1377      -0.0207      -0.1651
                 -0.1527      -0.3392      -0.0806      -0.9048      -0.2147
   4      0      -0.5451      -0.1609      -0.1351      -0.0197      -0.1624
                 -0.1575      -0.3434      -0.0830      -0.9012      -0.2100
   5      0      -0.5446      -0.1626      -0.1322      -0.0188      -0.1637
                 -0.1530      -0.3404      -0.0799      -0.9055      -0.2071
   5     60      -0.5445      -0.1624      -0.1320      -0.0185      -0.1635
                 -0.1529      -0.3402      -0.0797      -0.9053      -0.2069
   5     80      -0.5441      -0.1618      -0.1312      -0.0174      -0.1629
                 -0.1522      -0.3393      -0.0791      -0.9050      -0.2062
   5    100      -0.5442      -0.1611      -0.1303      -0.0157      -0.1624
                 -0.1515      -0.3384      -0.0786      -0.9050      -0.2056
 
 group  inft   Estimated free energy: 3-th solvent contribution (kcal/mol)
   1      0      -2.7704      -2.8036      -3.0982      -2.7922      -2.3390
                 -2.8125      -2.8921      -3.1310      -2.0347      -3.0284
   1     60      -2.7868      -2.8200      -3.1146      -2.8085      -2.3553
                 -2.8289      -2.9086      -3.1473      -2.0511      -3.0449
   1     80      -2.8874      -2.9206      -3.2153      -2.9090      -2.4557
                 -2.9295      -3.0099      -3.2480      -2.1513      -3.1458
   1    100      -3.1972      -3.2305      -3.5262      -3.2183      -2.7650
                 -3.2392      -3.3210      -3.5583      -2.4591      -3.4566
   2      0      -2.7715      -2.8030      -3.0968      -2.7907      -2.3415
                 -2.8139      -2.8927      -3.1314      -2.0341      -3.0278
   3      0      -2.7707      -2.8042      -3.1003      -2.7943      -2.3434
                 -2.8135      -2.8984      -3.1320      -2.0322      -3.0293
   4      0      -2.7651      -2.7989      -3.0895      -2.7834      -2.3400
                 -2.8084      -2.8872      -3.1233      -2.0296      -3.0206
   5      0      -2.7708      -2.8051      -3.0951      -2.7922      -2.3410
                 -2.8152      -2.8956      -3.1322      -2.0351      -3.0250
   5     60      -2.7924      -2.8267      -3.1167      -2.8138      -2.3626
                 -2.8368      -2.9174      -3.1538      -2.0567      -3.0466
   5     80      -2.9141      -2.9483      -3.2386      -2.9352      -2.4839
                 -2.9584      -3.0399      -3.2756      -2.1778      -3.1687
   5    100      -3.1979      -3.2321      -3.5233      -3.2186      -2.7673
                 -3.2421      -3.3250      -3.5600      -2.4596      -3.4533
 
 
 cumulative average & 95% error for solvation free energy
              total             1st component         2nd component         3rd component
  1    -3.6037               -0.2805               -0.5524               -2.7707
  2    -3.4146     0.3782    -0.2676     0.0259    -0.3595     0.3858    -2.7875     0.0335
  3    -3.3489     0.2549    -0.1714     0.1928    -0.2855     0.2673    -2.8917     0.2094
  4    -3.2785     0.2286    -0.1917     0.1422    -0.2193     0.2308    -2.8674     0.1559
  5    -3.2639     0.1795    -0.2927     0.2301    -0.2085     0.1801    -2.7626     0.2419
  6    -3.2587     0.1469    -0.2883     0.1881    -0.1992     0.1482    -2.7711     0.1982
  7    -3.2666     0.1252    -0.2581     0.1701    -0.2192     0.1315    -2.7893     0.1714
  8    -3.2653     0.1085    -0.2312     0.1568    -0.2019     0.1190    -2.8321     0.1714
  9    -3.2675     0.0958    -0.2442     0.1407    -0.2800     0.1882    -2.7432     0.2334
 10    -3.2610     0.0866    -0.2156     0.1382    -0.2734     0.1688    -2.7718     0.2164
