 ERmod 0.3.8, Copyright (C) 2000-2019 Nobuyuki Matubayasi
                            2010-2019 Shun Sakuraba
 ERmod comes with ABSOLUTELY NO WARRANTY.
 This is free software, and you can redistribute it
 and/or modify it under certain conditions.
 See LICENSE file for details.
 ERmod 0.3.8, Copyright (C) 2000-2019 Nobuyuki Matubayasi
                            2010-2019 Shun Sakuraba
 ERmod comes with ABSOLUTELY NO WARRANTY.
 This is free software, and you can redistribute it
 and/or modify it under certain conditions.
 See LICENSE file for details.
 
  Number of the   1-th solvent  =           90
  Number of the   2-th solvent  =           90
  Number of the   3-th solvent  =        10000
 
  Be sure that the solvent distribution is homogeneous (radial distribution function is essentially unity) when the solvent molecule is separated beyond distance of   10.0 Angstrom in any direction from any atom within the solute molecule
 
  LJ long-range correction    =        -0.0008     -0.0066     -0.2113
 
  Self-energy of the solute   =         0.0000  kcal/mol
 
 
 cumulative average & 95% error for solvation energy
              total             1st component         2nd component         3rd component
  1    -5.9304                0.0621               -0.1299               -5.8626
  2    -5.9343     0.0077     0.0601     0.0039    -0.1507     0.0416    -5.8437     0.0378
  3    -5.9385     0.0095     0.0587     0.0037    -0.1539     0.0248    -5.8433     0.0218
  4    -5.9395     0.0070     0.0594     0.0030    -0.1463     0.0233    -5.8526     0.0243
  5    -5.9411     0.0062     0.0585     0.0029    -0.1446     0.0183    -5.8550     0.0194
  6    -5.9438     0.0075     0.0581     0.0025    -0.1391     0.0186    -5.8628     0.0223
  7    -5.9455     0.0072     0.0573     0.0027    -0.1376     0.0160    -5.8652     0.0194
  8    -5.9440     0.0069     0.0563     0.0030    -0.1427     0.0172    -5.8577     0.0226
  9    -5.9411     0.0085     0.0560     0.0028    -0.1503     0.0214    -5.8468     0.0295
 10    -5.9399     0.0079     0.0560     0.0025    -0.1522     0.0196    -5.8436     0.0271
 
 
 group  inft  solvation free energy     error          difference
  total solvation free energy
   1      0          2.87803           0.00499          -0.00377
   1     60          2.86788           0.00499          -0.01392
   1     80          2.78862           0.00510          -0.09318
   1    100          2.49916           0.00555          -0.38264
   2      0          2.87684           0.00480          -0.00496
   3      0          2.88181           0.00459           0.00000
   4      0          2.91809           0.00441           0.03629
   5      0          2.93478           0.00406           0.05298
   5     60          2.92102           0.00408           0.03922
   5     80          2.82285           0.00421          -0.05895
   5    100          2.55334           0.00461          -0.32847
 
  contribution from  1-th solvent component
   1      0          0.08037           0.00533           0.00249
   1     60          0.08040           0.00533           0.00252
   1     80          0.08086           0.00541           0.00298
   1    100          0.08211           0.00576           0.00423
   2      0          0.07846           0.00474           0.00058
   3      0          0.07788           0.00459           0.00000
   4      0          0.07746           0.00443          -0.00042
   5      0          0.07645           0.00438          -0.00143
   5     60          0.07650           0.00438          -0.00138
   5     80          0.07699           0.00448          -0.00089
   5    100          0.07777           0.00481          -0.00011
 
  contribution from  2-th solvent component
   1      0          0.01534           0.01166           0.00359
   1     60          0.01525           0.01167           0.00349
   1     80          0.01442           0.01178           0.00267
   1    100          0.01157           0.01211          -0.00019
   2      0          0.01306           0.01118           0.00130
   3      0          0.01176           0.01107           0.00000
   4      0          0.01149           0.01047          -0.00027
   5      0          0.01143           0.01019          -0.00033
   5     60          0.01129           0.01021          -0.00047
   5     80          0.01021           0.01032          -0.00155
   5    100          0.00745           0.01057          -0.00431
 
  contribution from  3-th solvent component
   1      0          2.78231           0.01316          -0.00985
   1     60          2.77222           0.01317          -0.01994
   1     80          2.69332           0.01328          -0.09883
   1    100          2.40547           0.01359          -0.38668
   2      0          2.78531           0.01289          -0.00684
   3      0          2.79216           0.01291           0.00000
   4      0          2.82913           0.01215           0.03698
   5      0          2.84689           0.01180           0.05473
   5     60          2.83322           0.01182           0.04107
   5     80          2.73564           0.01196          -0.05651
   5    100          2.46811           0.01228          -0.32405
 
 
 group  inft   Estimated free energy: total (kcal/mol)
   1      0       2.8929       2.8818       2.8714       2.8758       2.8705
                  2.8853       2.8677       2.8825       2.8802       2.8722
   1     60       2.8828       2.8716       2.8612       2.8656       2.8603
                  2.8752       2.8576       2.8723       2.8701       2.8620
   1     80       2.8037       2.7925       2.7820       2.7863       2.7809
                  2.7964       2.7781       2.7932       2.7907       2.7825
   1    100       2.5155       2.5035       2.4924       2.4969       2.4903
                  2.5082       2.4880       2.5039       2.5006       2.4922
   2      0       2.8916       2.8794       2.8717       2.8713       2.8700
                  2.8833       2.8674       2.8814       2.8806       2.8717
   3      0       2.8938       2.8845       2.8766       2.8765       2.8750
                  2.8887       2.8725       2.8880       2.8861       2.8763
   4      0       2.9293       2.9204       2.9138       2.9125       2.9122
                  2.9254       2.9088       2.9233       2.9229       2.9123
   5      0       2.9455       2.9371       2.9295       2.9299       2.9309
                  2.9413       2.9256       2.9411       2.9362       2.9309
   5     60       2.9317       2.9234       2.9157       2.9161       2.9171
                  2.9277       2.9118       2.9273       2.9224       2.9171
   5     80       2.8338       2.8253       2.8176       2.8177       2.8186
                  2.8299       2.8133       2.8293       2.8242       2.8187
   5    100       2.5655       2.5562       2.5481       2.5482       2.5480
                  2.5614       2.5431       2.5602       2.5542       2.5485
 
 group  inft   Estimated free energy: 1-th solvent contribution (kcal/mol)
   1      0       0.0971       0.0856       0.0769       0.0908       0.0780
                  0.0774       0.0701       0.0715       0.0793       0.0769
   1     60       0.0972       0.0856       0.0770       0.0908       0.0781
                  0.0774       0.0702       0.0716       0.0794       0.0769
   1     80       0.0978       0.0861       0.0774       0.0915       0.0784
                  0.0778       0.0705       0.0719       0.0798       0.0773
   1    100       0.1002       0.0877       0.0786       0.0938       0.0793
                  0.0788       0.0714       0.0727       0.0806       0.0782
   2      0       0.0935       0.0835       0.0752       0.0872       0.0757
                  0.0758       0.0693       0.0710       0.0782       0.0753
   3      0       0.0924       0.0824       0.0751       0.0866       0.0748
                  0.0756       0.0688       0.0706       0.0779       0.0746
   4      0       0.0908       0.0821       0.0752       0.0862       0.0740
                  0.0749       0.0684       0.0704       0.0781       0.0744
   5      0       0.0909       0.0801       0.0737       0.0845       0.0739
                  0.0746       0.0678       0.0699       0.0760       0.0732
   5     60       0.0909       0.0802       0.0738       0.0845       0.0739
                  0.0746       0.0678       0.0700       0.0761       0.0732
   5     80       0.0917       0.0807       0.0743       0.0853       0.0743
                  0.0750       0.0682       0.0703       0.0765       0.0736
   5    100       0.0935       0.0816       0.0750       0.0871       0.0747
                  0.0756       0.0686       0.0707       0.0769       0.0740
 
 group  inft   Estimated free energy: 2-th solvent contribution (kcal/mol)
   1      0       0.0237       0.0022       0.0085       0.0341       0.0184
                  0.0468       0.0299       0.0001      -0.0132       0.0030
   1     60       0.0236       0.0021       0.0083       0.0340       0.0183
                  0.0468       0.0298      -0.0000      -0.0133       0.0028
   1     80       0.0228       0.0011       0.0074       0.0333       0.0174
                  0.0464       0.0290      -0.0010      -0.0143       0.0019
   1    100       0.0200      -0.0021       0.0043       0.0309       0.0144
                  0.0450       0.0264      -0.0042      -0.0176      -0.0013
   2      0       0.0219      -0.0001       0.0067       0.0305       0.0171
                  0.0426       0.0273      -0.0017      -0.0146       0.0009
   3      0       0.0194      -0.0009       0.0058       0.0290       0.0157
                  0.0417       0.0254      -0.0023      -0.0157      -0.0006
   4      0       0.0183      -0.0009       0.0061       0.0276       0.0151
                  0.0399       0.0252      -0.0021      -0.0139      -0.0004
   5      0       0.0177      -0.0005       0.0063       0.0271       0.0155
                  0.0395       0.0239      -0.0020      -0.0135       0.0004
   5     60       0.0176      -0.0006       0.0061       0.0270       0.0153
                  0.0394       0.0238      -0.0022      -0.0137       0.0002
   5     80       0.0165      -0.0018       0.0049       0.0260       0.0142
                  0.0388       0.0227      -0.0034      -0.0149      -0.0010
   5    100       0.0137      -0.0049       0.0019       0.0235       0.0113
                  0.0373       0.0201      -0.0064      -0.0180      -0.0040
 
 group  inft   Estimated free energy: 3-th solvent contribution (kcal/mol)
   1      0       2.7721       2.7940       2.7860       2.7509       2.7741
                  2.7611       2.7677       2.8109       2.8141       2.7923
   1     60       2.7620       2.7839       2.7759       2.7408       2.7640
                  2.7510       2.7576       2.8008       2.8040       2.7822
   1     80       2.6831       2.7052       2.6972       2.6614       2.6850
                  2.6722       2.6786       2.7222       2.7252       2.7033
   1    100       2.3954       2.4180       2.4095       2.3722       2.3966
                  2.3844       2.3903       2.4354       2.4375       2.4154
   2      0       2.7762       2.7959       2.7898       2.7536       2.7773
                  2.7649       2.7708       2.8121       2.8170       2.7955
   3      0       2.7820       2.8030       2.7957       2.7610       2.7845
                  2.7714       2.7783       2.8197       2.8238       2.8022
   4      0       2.8201       2.8392       2.8325       2.7987       2.8231
                  2.8105       2.8153       2.8549       2.8587       2.8382
   5      0       2.8369       2.8574       2.8495       2.8183       2.8415
                  2.8273       2.8339       2.8731       2.8737       2.8573
   5     60       2.8232       2.8438       2.8358       2.8045       2.8278
                  2.8136       2.8202       2.8595       2.8601       2.8437
   5     80       2.7256       2.7464       2.7384       2.7064       2.7301
                  2.7161       2.7224       2.7623       2.7626       2.7461
   5    100       2.4582       2.4794       2.4711       2.4377       2.4620
                  2.4485       2.4544       2.4958       2.4954       2.4786
 
 
 cumulative average & 95% error for solvation free energy
              total             1st component         2nd component         3rd component
  1     2.8938                0.0924                0.0194                2.7820
  2     2.8892     0.0093     0.0874     0.0100     0.0093     0.0203     2.7925     0.0210
  3     2.8850     0.0100     0.0833     0.0100     0.0081     0.0120     2.7935     0.0123
  4     2.8829     0.0082     0.0841     0.0073     0.0133     0.0134     2.7854     0.0185
  5     2.8813     0.0071     0.0822     0.0068     0.0138     0.0104     2.7852     0.0143
  6     2.8825     0.0063     0.0811     0.0059     0.0185     0.0126     2.7829     0.0126
  7     2.8811     0.0060     0.0794     0.0061     0.0195     0.0108     2.7823     0.0107
  8     2.8820     0.0055     0.0783     0.0058     0.0167     0.0109     2.7869     0.0132
  9     2.8824     0.0049     0.0782     0.0051     0.0131     0.0120     2.7910     0.0142
 10     2.8818     0.0046     0.0779     0.0046     0.0118     0.0111     2.7922     0.0129
