 ERmod 0.3.8, Copyright (C) 2000-2019 Nobuyuki Matubayasi
                            2010-2019 Shun Sakuraba
 ERmod comes with ABSOLUTELY NO WARRANTY.
 This is free software, and you can redistribute it
 and/or modify it under certain conditions.
 See LICENSE file for details.
 ERmod 0.3.8, Copyright (C) 2000-2019 Nobuyuki Matubayasi
                            2010-2019 Shun Sakuraba
 ERmod comes with ABSOLUTELY NO WARRANTY.
 This is free software, and you can redistribute it
 and/or modify it under certain conditions.
 See LICENSE file for details.
 
  Number of the   1-th solvent  =          180
  Number of the   2-th solvent  =          180
  Number of the   3-th solvent  =        10000
 
  Be sure that the solvent distribution is homogeneous (radial distribution function is essentially unity) when the solvent molecule is separated beyond distance of   10.0 Angstrom in any direction from any atom within the solute molecule
 
  LJ long-range correction    =        -0.0010     -0.0023     -0.1236
 
  Self-energy of the solute   =         0.0000  kcal/mol
 
 
 cumulative average & 95% error for solvation energy
              total             1st component         2nd component         3rd component
  1    -3.6069                0.0441               -0.0689               -3.5821
  2    -3.6137     0.0137     0.0445     0.0008    -0.0709     0.0040    -3.5874     0.0105
  3    -3.6251     0.0241     0.0435     0.0021    -0.0743     0.0071    -3.5943     0.0152
  4    -3.6335     0.0239     0.0411     0.0050    -0.0774     0.0080    -3.5972     0.0122
  5    -3.6408     0.0236     0.0400     0.0045    -0.0788     0.0068    -3.6019     0.0134
  6    -3.6402     0.0193     0.0402     0.0037    -0.0802     0.0062    -3.6003     0.0114
  7    -3.6424     0.0169     0.0397     0.0033    -0.0814     0.0058    -3.6007     0.0097
  8    -3.6423     0.0146     0.0394     0.0029    -0.0821     0.0052    -3.5996     0.0087
  9    -3.6446     0.0137     0.0387     0.0029    -0.0830     0.0049    -3.6004     0.0078
 10    -3.6436     0.0124     0.0389     0.0026    -0.0826     0.0044    -3.5999     0.0070
 
 
 group  inft  solvation free energy     error          difference
  total solvation free energy
   1      0          2.85317           0.01527           0.01940
   1     60          2.84176           0.01531           0.00799
   1     80          2.76779           0.01582          -0.06598
   1    100          2.52723           0.01788          -0.30654
   2      0          2.85812           0.01343           0.02435
   3      0          2.83377           0.01306           0.00000
   4      0          2.89652           0.01270           0.06274
   5      0          2.83701           0.01338           0.00324
   5     60          2.82198           0.01345          -0.01179
   5     80          2.73174           0.01408          -0.10203
   5    100          2.50827           0.01599          -0.32550
 
  contribution from  1-th solvent component
   1      0          0.08202           0.00455           0.00355
   1     60          0.08205           0.00454           0.00359
   1     80          0.08239           0.00458           0.00393
   1    100          0.08231           0.00498           0.00385
   2      0          0.07926           0.00417           0.00080
   3      0          0.07846           0.00391           0.00000
   4      0          0.07682           0.00382          -0.00165
   5      0          0.07804           0.00353          -0.00042
   5     60          0.07812           0.00352          -0.00034
   5     80          0.07834           0.00358          -0.00012
   5    100          0.07787           0.00392          -0.00060
 
  contribution from  2-th solvent component
   1      0         -0.02355           0.00866           0.00283
   1     60         -0.02313           0.00869           0.00326
   1     80         -0.02192           0.00892           0.00446
   1    100         -0.01979           0.00989           0.00660
   2      0         -0.02522           0.00789           0.00116
   3      0         -0.02639           0.00740           0.00000
   4      0         -0.02610           0.00744           0.00029
   5      0         -0.02794           0.00696          -0.00155
   5     60         -0.02744           0.00700          -0.00105
   5     80         -0.02611           0.00730           0.00028
   5    100         -0.02428           0.00824           0.00210
 
  contribution from  3-th solvent component
   1      0          2.79470           0.00806           0.01301
   1     60          2.78284           0.00810           0.00114
   1     80          2.70732           0.00837          -0.07438
   1    100          2.46471           0.00928          -0.31698
   2      0          2.80408           0.00771           0.02239
   3      0          2.78169           0.00799           0.00000
   4      0          2.84580           0.00744           0.06410
   5      0          2.78690           0.00863           0.00521
   5     60          2.77130           0.00868          -0.01039
   5     80          2.67951           0.00902          -0.10219
   5    100          2.45468           0.00988          -0.32701
 
 
 group  inft   Estimated free energy: total (kcal/mol)
   1      0       2.8974       2.8819       2.8602       2.8236       2.8316
                  2.8559       2.8252       2.8602       2.8385       2.8572
   1     60       2.8862       2.8705       2.8488       2.8120       2.8202
                  2.8445       2.8137       2.8488       2.8271       2.8458
   1     80       2.8137       2.7975       2.7752       2.7368       2.7458
                  2.7704       2.7387       2.7749       2.7528       2.7721
   1    100       2.5785       2.5619       2.5367       2.4922       2.5026
                  2.5294       2.4943       2.5347       2.5106       2.5316
   2      0       2.8960       2.8837       2.8643       2.8312       2.8389
                  2.8591       2.8332       2.8676       2.8472       2.8600
   3      0       2.8714       2.8575       2.8376       2.8066       2.8144
                  2.8357       2.8115       2.8434       2.8226       2.8368
   4      0       2.9333       2.9209       2.8996       2.8713       2.8785
                  2.8983       2.8745       2.9058       2.8850       2.8979
   5      0       2.8755       2.8601       2.8414       2.8061       2.8162
                  2.8389       2.8163       2.8481       2.8301       2.8374
   5     60       2.8607       2.8451       2.8264       2.7908       2.8011
                  2.8239       2.8012       2.8331       2.8151       2.8225
   5     80       2.7724       2.7561       2.7364       2.6991       2.7102
                  2.7335       2.7099       2.7431       2.7244       2.7323
   5    100       2.5542       2.5372       2.5146       2.4718       2.4842
                  2.5097       2.4833       2.5200       2.4992       2.5086
 
 group  inft   Estimated free energy: 1-th solvent contribution (kcal/mol)
   1      0       0.0782       0.0925       0.0939       0.0787       0.0768
                  0.0885       0.0744       0.0833       0.0749       0.0789
   1     60       0.0782       0.0925       0.0939       0.0788       0.0769
                  0.0886       0.0745       0.0833       0.0750       0.0789
   1     80       0.0786       0.0931       0.0943       0.0791       0.0771
                  0.0889       0.0748       0.0836       0.0752       0.0792
   1    100       0.0790       0.0943       0.0952       0.0785       0.0763
                  0.0890       0.0739       0.0834       0.0745       0.0789
   2      0       0.0732       0.0878       0.0911       0.0775       0.0746
                  0.0845       0.0725       0.0815       0.0742       0.0758
   3      0       0.0725       0.0862       0.0895       0.0770       0.0741
                  0.0838       0.0726       0.0806       0.0735       0.0749
   4      0       0.0706       0.0849       0.0871       0.0756       0.0721
                  0.0819       0.0711       0.0791       0.0726       0.0731
   5      0       0.0730       0.0856       0.0875       0.0770       0.0732
                  0.0829       0.0730       0.0798       0.0734       0.0749
   5     60       0.0731       0.0857       0.0876       0.0771       0.0733
                  0.0830       0.0731       0.0799       0.0735       0.0750
   5     80       0.0734       0.0862       0.0879       0.0773       0.0734
                  0.0833       0.0732       0.0800       0.0736       0.0752
   5    100       0.0734       0.0869       0.0883       0.0764       0.0722
                  0.0830       0.0721       0.0794       0.0725       0.0745
 
 group  inft   Estimated free energy: 2-th solvent contribution (kcal/mol)
   1      0       0.0068      -0.0043      -0.0287      -0.0301      -0.0246
                 -0.0348      -0.0301      -0.0315      -0.0331      -0.0251
   1     60       0.0073      -0.0038      -0.0283      -0.0297      -0.0242
                 -0.0344      -0.0297      -0.0311      -0.0328      -0.0247
   1     80       0.0092      -0.0019      -0.0269      -0.0287      -0.0231
                 -0.0334      -0.0288      -0.0300      -0.0319      -0.0236
   1    100       0.0140       0.0035      -0.0241      -0.0275      -0.0216
                 -0.0324      -0.0280      -0.0285      -0.0312      -0.0221
   2      0       0.0016      -0.0067      -0.0302      -0.0310      -0.0256
                 -0.0363      -0.0311      -0.0324      -0.0335      -0.0270
   3      0      -0.0012      -0.0091      -0.0313      -0.0315      -0.0264
                 -0.0370      -0.0320      -0.0330      -0.0341      -0.0281
   4      0      -0.0011      -0.0083      -0.0307      -0.0315      -0.0261
                 -0.0365      -0.0324      -0.0327      -0.0337      -0.0281
   5      0      -0.0048      -0.0111      -0.0315      -0.0344      -0.0277
                 -0.0380      -0.0336      -0.0342      -0.0345      -0.0297
   5     60      -0.0042      -0.0105      -0.0310      -0.0339      -0.0272
                 -0.0375      -0.0332      -0.0337      -0.0340      -0.0292
   5     80      -0.0020      -0.0082      -0.0295      -0.0329      -0.0260
                 -0.0365      -0.0322      -0.0326      -0.0331      -0.0281
   5    100       0.0024      -0.0034      -0.0271      -0.0320      -0.0247
                 -0.0357      -0.0315      -0.0313      -0.0326      -0.0269
 
 group  inft   Estimated free energy: 3-th solvent contribution (kcal/mol)
   1      0       2.8125       2.7936       2.7950       2.7749       2.7794
                  2.8021       2.7808       2.8084       2.7968       2.8035
   1     60       2.8007       2.7818       2.7831       2.7629       2.7675
                  2.7903       2.7689       2.7966       2.7849       2.7916
   1     80       2.7259       2.7063       2.7078       2.6865       2.6918
                  2.7149       2.6928       2.7213       2.7095       2.7164
   1    100       2.4855       2.4641       2.4656       2.4411       2.4479
                  2.4727       2.4483       2.4798       2.4673       2.4747
   2      0       2.8213       2.8026       2.8035       2.7847       2.7899
                  2.8108       2.7918       2.8186       2.8066       2.8111
   3      0       2.8002       2.7804       2.7794       2.7611       2.7668
                  2.7890       2.7709       2.7957       2.7833       2.7901
   4      0       2.8639       2.8443       2.8431       2.8272       2.8325
                  2.8529       2.8358       2.8594       2.8461       2.8528
   5      0       2.8072       2.7855       2.7854       2.7634       2.7707
                  2.7939       2.7769       2.8026       2.7912       2.7922
   5     60       2.7918       2.7699       2.7698       2.7476       2.7550
                  2.7784       2.7612       2.7870       2.7756       2.7767
   5     80       2.7010       2.6782       2.6780       2.6547       2.6629
                  2.6868       2.6689       2.6956       2.6839       2.6852
   5    100       2.4784       2.4538       2.4534       2.4273       2.4367
                  2.4625       2.4428       2.4718       2.4592       2.4610
 
 
 cumulative average & 95% error for solvation free energy
              total             1st component         2nd component         3rd component
  1     2.8714                0.0725               -0.0012                2.8002
  2     2.8645     0.0139     0.0793     0.0137    -0.0052     0.0079     2.7903     0.0198
  3     2.8555     0.0196     0.0827     0.0104    -0.0139     0.0180     2.7867     0.0135
  4     2.8433     0.0281     0.0813     0.0079    -0.0183     0.0155     2.7803     0.0160
  5     2.8375     0.0247     0.0798     0.0068    -0.0199     0.0124     2.7776     0.0135
  6     2.8372     0.0201     0.0805     0.0057    -0.0228     0.0116     2.7795     0.0117
  7     2.8335     0.0185     0.0794     0.0053    -0.0241     0.0102     2.7783     0.0102
  8     2.8348     0.0162     0.0795     0.0046    -0.0252     0.0091     2.7804     0.0098
  9     2.8334     0.0146     0.0789     0.0043    -0.0262     0.0083     2.7808     0.0087
 10     2.8338     0.0131     0.0785     0.0039    -0.0264     0.0074     2.7817     0.0080
