 ERmod 0.3.8, Copyright (C) 2000-2019 Nobuyuki Matubayasi
                            2010-2019 Shun Sakuraba
 ERmod comes with ABSOLUTELY NO WARRANTY.
 This is free software, and you can redistribute it
 and/or modify it under certain conditions.
 See LICENSE file for details.
 ERmod 0.3.8, Copyright (C) 2000-2019 Nobuyuki Matubayasi
                            2010-2019 Shun Sakuraba
 ERmod comes with ABSOLUTELY NO WARRANTY.
 This is free software, and you can redistribute it
 and/or modify it under certain conditions.
 See LICENSE file for details.
 
  Number of the   1-th solvent  =           90
  Number of the   2-th solvent  =           90
  Number of the   3-th solvent  =        10000
 
  Be sure that the solvent distribution is homogeneous (radial distribution function is essentially unity) when the solvent molecule is separated beyond distance of   10.0 Angstrom in any direction from any atom within the solute molecule
 
  LJ long-range correction    =        -0.0027     -0.0020     -0.2165
 
  Self-energy of the solute   =         0.0000  kcal/mol
 
 
 cumulative average & 95% error for solvation energy
              total             1st component         2nd component         3rd component
  1    -6.0446                0.0393               -0.0918               -5.9921
  2    -6.0259     0.0373     0.0438     0.0091    -0.0919     0.0003    -5.9779     0.0285
  3    -6.0340     0.0269     0.0328     0.0227    -0.0940     0.0041    -5.9729     0.0193
  4    -6.0264     0.0243     0.0338     0.0161    -0.0946     0.0032    -5.9656     0.0199
  5    -6.0227     0.0203     0.0351     0.0128    -0.0946     0.0025    -5.9632     0.0162
  6    -6.0227     0.0165     0.0360     0.0106    -0.0948     0.0021    -5.9639     0.0133
  7    -6.0244     0.0144     0.0363     0.0090    -0.0954     0.0021    -5.9653     0.0116
  8    -6.0245     0.0125     0.0331     0.0100    -0.0958     0.0020    -5.9618     0.0121
  9    -6.0210     0.0131     0.0346     0.0093    -0.0939     0.0042    -5.9617     0.0107
 10    -6.0204     0.0117     0.0338     0.0085    -0.0934     0.0039    -5.9608     0.0097
 
 
 group  inft  solvation free energy     error          difference
  total solvation free energy
   1      0          3.00438           0.01256          -0.00631
   1     60          2.99579           0.01260          -0.01490
   1     80          2.92242           0.01289          -0.08827
   1    100          2.64759           0.01403          -0.36310
   2      0          3.00389           0.01161          -0.00681
   3      0          3.01069           0.01160           0.00000
   4      0          3.04672           0.01103           0.03602
   5      0          3.06650           0.01130           0.05580
   5     60          3.05484           0.01134           0.04414
   5     80          2.96367           0.01169          -0.04703
   5    100          2.70784           0.01269          -0.30286
 
  contribution from  1-th solvent component
   1      0          0.12110           0.00593           0.00269
   1     60          0.12110           0.00594           0.00269
   1     80          0.12098           0.00606           0.00257
   1    100          0.11992           0.00653           0.00150
   2      0          0.11907           0.00562           0.00065
   3      0          0.11842           0.00554           0.00000
   4      0          0.11781           0.00530          -0.00061
   5      0          0.11733           0.00537          -0.00109
   5     60          0.11731           0.00538          -0.00110
   5     80          0.11703           0.00551          -0.00138
   5    100          0.11570           0.00588          -0.00272
 
  contribution from  2-th solvent component
   1      0         -0.06610           0.00729           0.00216
   1     60         -0.06590           0.00731           0.00236
   1     80         -0.06508           0.00745           0.00318
   1    100         -0.06384           0.00803           0.00442
   2      0         -0.06764           0.00661           0.00061
   3      0         -0.06826           0.00620           0.00000
   4      0         -0.06884           0.00587          -0.00059
   5      0         -0.06784           0.00633           0.00041
   5     60         -0.06760           0.00635           0.00066
   5     80         -0.06671           0.00653           0.00155
   5    100         -0.06551           0.00710           0.00275
 
  contribution from  3-th solvent component
   1      0          2.94937           0.00793          -0.01116
   1     60          2.94058           0.00794          -0.01994
   1     80          2.86651           0.00806          -0.09402
   1    100          2.59150           0.00862          -0.36903
   2      0          2.95246           0.00791          -0.00807
   3      0          2.96052           0.00800           0.00000
   4      0          2.99774           0.00773           0.03722
   5      0          3.01700           0.00786           0.05648
   5     60          3.00511           0.00788           0.04459
   5     80          2.91334           0.00802          -0.04719
   5    100          2.65764           0.00853          -0.30289
 
 
 group  inft   Estimated free energy: total (kcal/mol)
   1      0       2.9886       3.0056       2.9770       3.0100       3.0229
                  2.9974       2.9947       3.0014       3.0488       2.9974
   1     60       2.9800       2.9970       2.9683       3.0014       3.0144
                  2.9888       2.9861       2.9928       3.0404       2.9888
   1     80       2.9067       2.9238       2.8942       2.9279       2.9413
                  2.9153       2.9125       2.9191       2.9682       2.9152
   1    100       2.6316       2.6499       2.6169       2.6530       2.6681
                  2.6397       2.6363       2.6433       2.6976       2.6395
   2      0       2.9882       3.0031       2.9793       3.0098       3.0230
                  2.9973       2.9945       3.0016       3.0441       2.9980
   3      0       2.9952       3.0095       2.9856       3.0157       3.0306
                  3.0057       3.0006       3.0093       3.0503       3.0046
   4      0       3.0330       3.0450       3.0233       3.0521       3.0672
                  3.0413       3.0358       3.0440       3.0837       3.0416
   5      0       3.0532       3.0640       3.0435       3.0733       3.0855
                  3.0606       3.0552       3.0652       3.1056       3.0589
   5     60       3.0416       3.0523       3.0317       3.0616       3.0739
                  3.0489       3.0435       3.0535       3.0942       3.0472
   5     80       2.9505       2.9613       2.9397       2.9703       2.9830
                  2.9576       2.9520       2.9621       3.0044       2.9558
   5    100       2.6943       2.7062       2.6816       2.7143       2.7285
                  2.7011       2.6950       2.7055       2.7525       2.6994
 
 group  inft   Estimated free energy: 1-th solvent contribution (kcal/mol)
   1      0       0.1253       0.1333       0.1058       0.1222       0.1238
                  0.1289       0.1241       0.1075       0.1279       0.1123
   1     60       0.1253       0.1333       0.1057       0.1222       0.1238
                  0.1289       0.1241       0.1074       0.1279       0.1123
   1     80       0.1251       0.1336       0.1054       0.1221       0.1237
                  0.1290       0.1240       0.1071       0.1280       0.1119
   1    100       0.1241       0.1341       0.1034       0.1208       0.1228
                  0.1284       0.1228       0.1051       0.1277       0.1100
   2      0       0.1232       0.1304       0.1044       0.1202       0.1211
                  0.1271       0.1222       0.1057       0.1249       0.1115
   3      0       0.1224       0.1289       0.1035       0.1194       0.1203
                  0.1269       0.1215       0.1053       0.1246       0.1115
   4      0       0.1224       0.1275       0.1037       0.1189       0.1195
                  0.1262       0.1208       0.1051       0.1231       0.1110
   5      0       0.1218       0.1273       0.1030       0.1187       0.1191
                  0.1256       0.1204       0.1046       0.1227       0.1102
   5     60       0.1218       0.1273       0.1030       0.1186       0.1191
                  0.1256       0.1204       0.1045       0.1227       0.1102
   5     80       0.1215       0.1274       0.1024       0.1183       0.1189
                  0.1255       0.1200       0.1040       0.1226       0.1097
   5    100       0.1202       0.1274       0.1004       0.1168       0.1176
                  0.1246       0.1186       0.1019       0.1219       0.1076
 
 group  inft   Estimated free energy: 2-th solvent contribution (kcal/mol)
   1      0      -0.0708      -0.0658      -0.0644      -0.0719      -0.0685
                 -0.0750      -0.0740      -0.0730      -0.0357      -0.0620
   1     60      -0.0706      -0.0656      -0.0642      -0.0717      -0.0683
                 -0.0748      -0.0738      -0.0728      -0.0354      -0.0618
   1     80      -0.0697      -0.0648      -0.0634      -0.0710      -0.0675
                 -0.0742      -0.0732      -0.0721      -0.0340      -0.0609
   1    100      -0.0680      -0.0634      -0.0621      -0.0702      -0.0664
                 -0.0740      -0.0730      -0.0716      -0.0304      -0.0593
   2      0      -0.0720      -0.0682      -0.0654      -0.0732      -0.0697
                 -0.0755      -0.0752      -0.0736      -0.0402      -0.0635
   3      0      -0.0726      -0.0681      -0.0661      -0.0736      -0.0699
                 -0.0758      -0.0757      -0.0738      -0.0428      -0.0642
   4      0      -0.0728      -0.0687      -0.0667      -0.0737      -0.0703
                 -0.0762      -0.0759      -0.0741      -0.0447      -0.0652
   5      0      -0.0711      -0.0690      -0.0659      -0.0730      -0.0699
                 -0.0755      -0.0747      -0.0733      -0.0412      -0.0648
   5     60      -0.0708      -0.0688      -0.0656      -0.0728      -0.0697
                 -0.0753      -0.0744      -0.0731      -0.0409      -0.0646
   5     80      -0.0698      -0.0679      -0.0648      -0.0721      -0.0689
                 -0.0746      -0.0738      -0.0724      -0.0392      -0.0636
   5    100      -0.0681      -0.0666      -0.0636      -0.0713      -0.0679
                 -0.0743      -0.0735      -0.0719      -0.0357      -0.0621
 
 group  inft   Estimated free energy: 3-th solvent contribution (kcal/mol)
   1      0       2.9341       2.9381       2.9356       2.9596       2.9676
                  2.9435       2.9446       2.9669       2.9565       2.9471
   1     60       2.9253       2.9293       2.9268       2.9508       2.9589
                  2.9347       2.9358       2.9582       2.9478       2.9383
   1     80       2.8512       2.8549       2.8522       2.8768       2.8852
                  2.8605       2.8617       2.8842       2.8741       2.8642
   1    100       2.5755       2.5791       2.5756       2.6024       2.6117
                  2.5852       2.5865       2.6098       2.6003       2.5889
   2      0       2.9371       2.9409       2.9403       2.9628       2.9716
                  2.9456       2.9475       2.9694       2.9594       2.9500
   3      0       2.9453       2.9487       2.9482       2.9700       2.9802
                  2.9546       2.9548       2.9778       2.9685       2.9573
   4      0       2.9835       2.9863       2.9863       3.0070       3.0180
                  2.9913       2.9909       3.0130       3.0053       2.9958
   5      0       3.0024       3.0057       3.0063       3.0277       3.0363
                  3.0105       3.0094       3.0340       3.0241       3.0136
   5     60       2.9905       2.9938       2.9944       3.0158       3.0244
                  2.9986       2.9976       3.0221       3.0123       3.0016
   5     80       2.8987       2.9017       2.9020       2.9241       2.9331
                  2.9067       2.9058       2.9305       2.9210       2.9098
   5    100       2.6422       2.6453       2.6448       2.6689       2.6788
                  2.6508       2.6499       2.6755       2.6663       2.6538
 
 
 cumulative average & 95% error for solvation free energy
              total             1st component         2nd component         3rd component
  1     2.9952                0.1224               -0.0726                2.9453
  2     3.0023     0.0143     0.1256     0.0065    -0.0703     0.0044     2.9470     0.0033
  3     2.9967     0.0139     0.1183     0.0152    -0.0689     0.0038     2.9474     0.0021
  4     3.0015     0.0137     0.1186     0.0108    -0.0701     0.0036     2.9530     0.0114
  5     3.0073     0.0157     0.1189     0.0084    -0.0701     0.0028     2.9585     0.0140
  6     3.0070     0.0129     0.1202     0.0073    -0.0710     0.0030     2.9578     0.0115
  7     3.0061     0.0110     0.1204     0.0062    -0.0717     0.0028     2.9574     0.0098
  8     3.0065     0.0096     0.1185     0.0066    -0.0720     0.0025     2.9599     0.0099
  9     3.0114     0.0129     0.1192     0.0059    -0.0687     0.0069     2.9609     0.0089
 10     3.0107     0.0116     0.1184     0.0055    -0.0683     0.0062     2.9605     0.0080
