 ERmod 0.3.8, Copyright (C) 2000-2019 Nobuyuki Matubayasi
                            2010-2019 Shun Sakuraba
 ERmod comes with ABSOLUTELY NO WARRANTY.
 This is free software, and you can redistribute it
 and/or modify it under certain conditions.
 See LICENSE file for details.
 ERmod 0.3.8, Copyright (C) 2000-2019 Nobuyuki Matubayasi
                            2010-2019 Shun Sakuraba
 ERmod comes with ABSOLUTELY NO WARRANTY.
 This is free software, and you can redistribute it
 and/or modify it under certain conditions.
 See LICENSE file for details.
 
  Number of the   1-th solvent  =           90
  Number of the   2-th solvent  =           90
  Number of the   3-th solvent  =        10000
 
  Be sure that the solvent distribution is homogeneous (radial distribution function is essentially unity) when the solvent molecule is separated beyond distance of   10.0 Angstrom in any direction from any atom within the solute molecule
 
  LJ long-range correction    =        -0.0031     -0.0076     -0.2443
 
  Self-energy of the solute   =        -0.0001  kcal/mol
 
 
 cumulative average & 95% error for solvation energy
              total             1st component         2nd component         3rd component
  1   -18.4370               -0.4838               -0.5392              -17.4140
  2   -18.3894     0.0953    -0.5042     0.0408    -0.6724     0.2664   -17.2127     0.4025
  3   -18.3599     0.0806    -0.4490     0.1128    -0.8898     0.4612   -17.0210     0.4482
  4   -18.4036     0.1042    -0.4717     0.0918    -0.8487     0.3363   -17.0830     0.3404
  5   -18.4134     0.0831    -0.5200     0.1200    -0.8193     0.2671   -17.0740     0.2643
  6   -18.4073     0.0690    -0.4767     0.1308    -0.7649     0.2437   -17.1656     0.2831
  7   -18.4069     0.0583    -0.4514     0.1216    -0.7261     0.2201   -17.2293     0.2710
  8   -18.4011     0.0518    -0.5473     0.2189    -0.7222     0.1908   -17.1314     0.3056
  9   -18.3914     0.0497    -0.5786     0.2029    -0.7157     0.1687   -17.0970     0.2782
 10   -18.3899     0.0445    -0.5770     0.1815    -0.7217     0.1514   -17.0912     0.2491
 
 
 group  inft  solvation free energy     error          difference
  total solvation free energy
   1      0         -3.16208           0.02285          -0.00626
   1     60         -3.17874           0.02285          -0.02292
   1     80         -3.29926           0.02286          -0.14344
   1    100         -3.69467           0.02284          -0.53885
   2      0         -3.15804           0.02146          -0.00222
   3      0         -3.15582           0.02165           0.00000
   4      0         -3.15029           0.02171           0.00553
   5      0         -3.15332           0.02105           0.00250
   5     60         -3.17568           0.02106          -0.01986
   5     80         -3.32342           0.02107          -0.16760
   5    100         -3.68629           0.02106          -0.53047
 
  contribution from  1-th solvent component
   1      0         -0.17964           0.08977          -0.00233
   1     60         -0.17973           0.08977          -0.00242
   1     80         -0.18051           0.08981          -0.00320
   1    100         -0.18343           0.08991          -0.00612
   2      0         -0.17914           0.08798          -0.00183
   3      0         -0.17731           0.08732           0.00000
   4      0         -0.17669           0.08703           0.00062
   5      0         -0.17670           0.08676           0.00061
   5     60         -0.17684           0.08676           0.00046
   5     80         -0.17788           0.08679          -0.00057
   5    100         -0.18072           0.08685          -0.00341
 
  contribution from  2-th solvent component
   1      0         -0.32868           0.08855          -0.00850
   1     60         -0.32893           0.08855          -0.00876
   1     80         -0.33073           0.08856          -0.01055
   1    100         -0.33642           0.08860          -0.01625
   2      0         -0.32265           0.08740          -0.00247
   3      0         -0.32018           0.08735           0.00000
   4      0         -0.31995           0.08684           0.00023
   5      0         -0.31848           0.08678           0.00169
   5     60         -0.31883           0.08678           0.00135
   5     80         -0.32105           0.08679          -0.00087
   5    100         -0.32626           0.08681          -0.00608
 
  contribution from  3-th solvent component
   1      0         -2.65367           0.11320           0.00457
   1     60         -2.66999           0.11321          -0.01175
   1     80         -2.78794           0.11329          -0.12969
   1    100         -3.17472           0.11351          -0.51648
   2      0         -2.65616           0.11300           0.00209
   3      0         -2.65824           0.11359           0.00000
   4      0         -2.65356           0.11229           0.00468
   5      0         -2.65804           0.11280           0.00020
   5     60         -2.67991           0.11282          -0.02167
   5     80         -2.82440           0.11292          -0.16616
   5    100         -3.17922           0.11312          -0.52098
 
 
 group  inft   Estimated free energy: total (kcal/mol)
   1      0      -3.1368      -3.1822      -3.2236      -3.2003      -3.1716
                 -3.1032      -3.1338      -3.1812      -3.1379      -3.1501
   1     60      -3.1534      -3.1988      -3.2403      -3.2171      -3.1883
                 -3.1199      -3.1505      -3.1978      -3.1546      -3.1668
   1     80      -3.2740      -3.3191      -3.3608      -3.3380      -3.3090
                 -3.2404      -3.2710      -3.3182      -3.2750      -3.2873
   1    100      -3.6694      -3.7137      -3.7555      -3.7342      -3.7054
                 -3.6357      -3.6664      -3.7133      -3.6705      -3.6825
   2      0      -3.1370      -3.1772      -3.2157      -3.1955      -3.1655
                 -3.1017      -3.1427      -3.1732      -3.1272      -3.1445
   3      0      -3.1357      -3.1780      -3.2141      -3.1969      -3.1592
                 -3.1017      -3.1422      -3.1683      -3.1254      -3.1366
   4      0      -3.1329      -3.1699      -3.2095      -3.1895      -3.1543
                 -3.0927      -3.1386      -3.1628      -3.1192      -3.1336
   5      0      -3.1392      -3.1701      -3.2101      -3.1926      -3.1572
                 -3.0984      -3.1420      -3.1675      -3.1215      -3.1344
   5     60      -3.1616      -3.1924      -3.2325      -3.2150      -3.1796
                 -3.1208      -3.1644      -3.1898      -3.1438      -3.1568
   5     80      -3.3094      -3.3398      -3.3801      -3.3633      -3.3276
                 -3.2686      -3.3122      -3.3374      -3.2914      -3.3045
   5    100      -3.6725      -3.7020      -3.7423      -3.7271      -3.6913
                 -3.6315      -3.6752      -3.6999      -3.6541      -3.6671
 
 group  inft   Estimated free energy: 1-th solvent contribution (kcal/mol)
   1      0      -0.1340      -0.1746      -0.0928      -0.1590      -0.2297
                  0.0072      -0.0446      -0.4912      -0.3148      -0.1630
   1     60      -0.1341      -0.1747      -0.0929      -0.1591      -0.2298
                  0.0071      -0.0447      -0.4913      -0.3149      -0.1631
   1     80      -0.1349      -0.1755      -0.0937      -0.1599      -0.2306
                  0.0065      -0.0454      -0.4921      -0.3157      -0.1638
   1    100      -0.1377      -0.1785      -0.0966      -0.1628      -0.2338
                  0.0040      -0.0482      -0.4952      -0.3189      -0.1666
   2      0      -0.1343      -0.1731      -0.0913      -0.1578      -0.2257
                  0.0031      -0.0514      -0.4867      -0.3110      -0.1633
   3      0      -0.1312      -0.1732      -0.0908      -0.1596      -0.2232
                  0.0044      -0.0483      -0.4814      -0.3083      -0.1614
   4      0      -0.1314      -0.1682      -0.0895      -0.1574      -0.2238
                  0.0022      -0.0483      -0.4793      -0.3101      -0.1612
   5      0      -0.1327      -0.1691      -0.0900      -0.1565      -0.2234
                  0.0018      -0.0480      -0.4786      -0.3089      -0.1615
   5     60      -0.1329      -0.1693      -0.0901      -0.1567      -0.2235
                  0.0016      -0.0482      -0.4787      -0.3091      -0.1617
   5     80      -0.1339      -0.1703      -0.0911      -0.1577      -0.2246
                  0.0007      -0.0492      -0.4798      -0.3102      -0.1626
   5    100      -0.1366      -0.1733      -0.0938      -0.1606      -0.2276
                 -0.0019      -0.0521      -0.4827      -0.3133      -0.1653
 
 group  inft   Estimated free energy: 2-th solvent contribution (kcal/mol)
   1      0      -0.2076      -0.3814      -0.6848      -0.3164      -0.2995
                 -0.2140      -0.2043      -0.3412      -0.2859      -0.3516
   1     60      -0.2079      -0.3816      -0.6851      -0.3167      -0.2997
                 -0.2143      -0.2045      -0.3415      -0.2862      -0.3519
   1     80      -0.2096      -0.3834      -0.6869      -0.3184      -0.3015
                 -0.2161      -0.2063      -0.3433      -0.2879      -0.3538
   1    100      -0.2151      -0.3891      -0.6927      -0.3241      -0.3072
                 -0.2219      -0.2119      -0.3490      -0.2935      -0.3596
   2      0      -0.2065      -0.3751      -0.6753      -0.3116      -0.2926
                 -0.2071      -0.2040      -0.3364      -0.2755      -0.3424
   3      0      -0.2051      -0.3726      -0.6737      -0.3075      -0.2882
                 -0.2036      -0.2044      -0.3351      -0.2752      -0.3363
   4      0      -0.2069      -0.3724      -0.6713      -0.3083      -0.2856
                 -0.2024      -0.2074      -0.3342      -0.2721      -0.3389
   5      0      -0.2044      -0.3729      -0.6696      -0.3062      -0.2844
                 -0.2008      -0.2074      -0.3339      -0.2716      -0.3336
   5     60      -0.2047      -0.3733      -0.6700      -0.3065      -0.2848
                 -0.2011      -0.2078      -0.3343      -0.2719      -0.3339
   5     80      -0.2069      -0.3755      -0.6722      -0.3087      -0.2870
                 -0.2034      -0.2099      -0.3365      -0.2741      -0.3362
   5    100      -0.2120      -0.3807      -0.6775      -0.3140      -0.2922
                 -0.2087      -0.2151      -0.3417      -0.2792      -0.3415
 
 group  inft   Estimated free energy: 3-th solvent contribution (kcal/mol)
   1      0      -2.7950      -2.6262      -2.4459      -2.7248      -2.6423
                 -2.8964      -2.8848      -2.3487      -2.5372      -2.6354
   1     60      -2.8113      -2.6424      -2.4622      -2.7412      -2.6586
                 -2.9127      -2.9012      -2.3650      -2.5535      -2.6517
   1     80      -2.9294      -2.7600      -2.5801      -2.8596      -2.7768
                 -3.0307      -3.0192      -2.4827      -2.6713      -2.7696
   1    100      -3.3165      -3.1459      -2.9661      -3.2472      -3.1644
                 -3.4177      -3.4062      -2.8690      -3.0579      -3.1562
   2      0      -2.7962      -2.6290      -2.4490      -2.7260      -2.6471
                 -2.8977      -2.8872      -2.3500      -2.5407      -2.6387
   3      0      -2.7993      -2.6320      -2.4495      -2.7297      -2.6476
                 -2.9024      -2.8894      -2.3518      -2.5419      -2.6388
   4      0      -2.7946      -2.6291      -2.4486      -2.7238      -2.6447
                 -2.8924      -2.8828      -2.3492      -2.5370      -2.6334
   5      0      -2.8020      -2.6280      -2.4505      -2.7298      -2.6493
                 -2.8993      -2.8864      -2.3550      -2.5409      -2.6393
   5     60      -2.8239      -2.6498      -2.4723      -2.7517      -2.6712
                 -2.9212      -2.9083      -2.3768      -2.5627      -2.6611
   5     80      -2.9686      -2.7939      -2.6167      -2.8967      -2.8159
                 -3.0658      -3.0530      -2.5210      -2.7070      -2.8055
   5    100      -3.3238      -3.1479      -2.9708      -3.2524      -3.1714
                 -3.4208      -3.4079      -2.8754      -3.0616      -3.1601
 
 
 cumulative average & 95% error for solvation free energy
              total             1st component         2nd component         3rd component
  1    -3.1357               -0.1312               -0.2051               -2.7993
  2    -3.1569     0.0423    -0.1522     0.0420    -0.2889     0.1675    -2.7157     0.1673
  3    -3.1759     0.0453    -0.1317     0.0476    -0.4172     0.2742    -2.6269     0.2020
  4    -3.1812     0.0337    -0.1387     0.0364    -0.3897     0.2015    -2.6526     0.1518
  5    -3.1768     0.0275    -0.1556     0.0440    -0.3694     0.1613    -2.6516     0.1176
  6    -3.1643     0.0336    -0.1289     0.0643    -0.3418     0.1428    -2.6934     0.1273
  7    -3.1611     0.0291    -0.1174     0.0590    -0.3222     0.1269    -2.7214     0.1213
  8    -3.1620     0.0253    -0.1629     0.1044    -0.3238     0.1100    -2.6752     0.1399
  9    -3.1580     0.0237    -0.1791     0.0975    -0.3184     0.0976    -2.6604     0.1269
 10    -3.1558     0.0216    -0.1773     0.0873    -0.3202     0.0874    -2.6582     0.1136
