 ERmod 0.3.8, Copyright (C) 2000-2019 Nobuyuki Matubayasi
                            2010-2019 Shun Sakuraba
 ERmod comes with ABSOLUTELY NO WARRANTY.
 This is free software, and you can redistribute it
 and/or modify it under certain conditions.
 See LICENSE file for details.
 ERmod 0.3.8, Copyright (C) 2000-2019 Nobuyuki Matubayasi
                            2010-2019 Shun Sakuraba
 ERmod comes with ABSOLUTELY NO WARRANTY.
 This is free software, and you can redistribute it
 and/or modify it under certain conditions.
 See LICENSE file for details.
 
  Number of the   1-th solvent  =          180
  Number of the   2-th solvent  =          180
  Number of the   3-th solvent  =        10000
 
  Be sure that the solvent distribution is homogeneous (radial distribution function is essentially unity) when the solvent molecule is separated beyond distance of   10.0 Angstrom in any direction from any atom within the solute molecule
 
  LJ long-range correction    =        -0.0081     -0.0201     -0.3242
 
  Self-energy of the solute   =        -0.0001  kcal/mol
 
 
 cumulative average & 95% error for solvation energy
              total             1st component         2nd component         3rd component
  1   -20.2416               -0.2946               -1.0430              -18.9039
  2   -20.2259     0.0313    -0.4027     0.2163    -1.0606     0.0351   -18.7626     0.2826
  3   -20.2119     0.0333    -0.3707     0.1403    -1.1087     0.0983   -18.7325     0.1739
  4   -20.2079     0.0248    -0.4342     0.1611    -1.2763     0.3423   -18.4975     0.4859
  5   -20.2237     0.0369    -0.4526     0.1301    -1.2711     0.2653   -18.4999     0.3764
  6   -20.2082     0.0431    -0.5151     0.1640    -1.2631     0.2173   -18.4300     0.3376
  7   -20.1883     0.0540    -0.5017     0.1412    -1.2873     0.1899   -18.3993     0.2919
  8   -20.1800     0.0496    -0.4377     0.1770    -1.3188     0.1761   -18.4235     0.2574
  9   -20.1811     0.0438    -0.4403     0.1562    -1.2551     0.2010   -18.4857     0.2588
 10   -20.1708     0.0442    -0.4885     0.1697    -1.2351     0.1841   -18.4472     0.2439
 
 
 group  inft  solvation free energy     error          difference
  total solvation free energy
   1      0         -2.67946           0.04150          -0.00554
   1     60         -2.69881           0.04148          -0.02489
   1     80         -2.84567           0.04142          -0.17175
   1    100         -3.34660           0.04133          -0.67268
   2      0         -2.67539           0.03985          -0.00147
   3      0         -2.67392           0.03895           0.00000
   4      0         -2.66824           0.04081           0.00568
   5      0         -2.66885           0.03714           0.00506
   5     60         -2.69477           0.03712          -0.02086
   5     80         -2.87588           0.03703          -0.20197
   5    100         -3.33636           0.03691          -0.66244
 
  contribution from  1-th solvent component
   1      0          0.03085           0.08757           0.00007
   1     60          0.03065           0.08757          -0.00014
   1     80          0.02878           0.08760          -0.00201
   1    100          0.02133           0.08769          -0.00945
   2      0          0.02935           0.08603          -0.00144
   3      0          0.03078           0.08527           0.00000
   4      0          0.03107           0.08493           0.00028
   5      0          0.03076           0.08554          -0.00002
   5     60          0.03046           0.08554          -0.00033
   5     80          0.02799           0.08555          -0.00279
   5    100          0.02087           0.08558          -0.00991
 
  contribution from  2-th solvent component
   1      0         -0.50680           0.09244          -0.01047
   1     60         -0.50736           0.09244          -0.01104
   1     80         -0.51154           0.09245          -0.01522
   1    100         -0.52535           0.09250          -0.02903
   2      0         -0.49850           0.09115          -0.00218
   3      0         -0.49632           0.09102           0.00000
   4      0         -0.49443           0.09076           0.00189
   5      0         -0.49416           0.08949           0.00216
   5     60         -0.49491           0.08949           0.00141
   5     80         -0.50007           0.08950          -0.00375
   5    100         -0.51271           0.08953          -0.01639
 
  contribution from  3-th solvent component
   1      0         -2.20346           0.10402           0.00486
   1     60         -2.22204           0.10406          -0.01372
   1     80         -2.36285           0.10426          -0.15452
   1    100         -2.84253           0.10472          -0.63421
   2      0         -2.20618           0.10401           0.00214
   3      0         -2.20832           0.10443           0.00000
   4      0         -2.20482           0.10333           0.00350
   5      0         -2.20540           0.10337           0.00293
   5     60         -2.23026           0.10342          -0.02194
   5     80         -2.40375           0.10366          -0.19543
   5    100         -2.84446           0.10406          -0.63614
 
 
 group  inft   Estimated free energy: total (kcal/mol)
   1      0      -2.6212      -2.7072      -2.7461      -2.6908      -2.7623
                 -2.7611      -2.5788      -2.6689      -2.6051      -2.6531
   1     60      -2.6406      -2.7265      -2.7654      -2.7101      -2.7818
                 -2.7804      -2.5981      -2.6883      -2.6245      -2.6724
   1     80      -2.7881      -2.8734      -2.9119      -2.8565      -2.9291
                 -2.9268      -2.7447      -2.8352      -2.7717      -2.8192
   1    100      -3.2906      -3.3745      -3.4120      -3.3563      -3.4314
                 -3.4269      -3.2448      -3.3360      -3.2736      -3.3199
   2      0      -2.6143      -2.7051      -2.7390      -2.6812      -2.7592
                 -2.7503      -2.5771      -2.6696      -2.6148      -2.6433
   3      0      -2.6133      -2.7070      -2.7329      -2.6808      -2.7533
                 -2.7475      -2.5740      -2.6710      -2.6191      -2.6403
   4      0      -2.6013      -2.7029      -2.7305      -2.6774      -2.7529
                 -2.7454      -2.5702      -2.6626      -2.6062      -2.6330
   5      0      -2.6081      -2.7032      -2.7232      -2.6768      -2.7354
                 -2.7489      -2.5739      -2.6609      -2.6235      -2.6346
   5     60      -2.6342      -2.7291      -2.7491      -2.7026      -2.7614
                 -2.7746      -2.5997      -2.6869      -2.6495      -2.6605
   5     80      -2.8161      -2.9102      -2.9298      -2.8832      -2.9431
                 -2.9551      -2.7805      -2.8681      -2.8312      -2.8414
   5    100      -3.2780      -3.3709      -3.3895      -3.3428      -3.4046
                 -3.4146      -3.2402      -3.3285      -3.2929      -3.3016
 
 group  inft   Estimated free energy: 1-th solvent contribution (kcal/mol)
   1      0       0.1407       0.0064       0.1072      -0.0019      -0.0089
                 -0.1879       0.1168       0.2592       0.0545      -0.1776
   1     60       0.1405       0.0062       0.1070      -0.0021      -0.0091
                 -0.1881       0.1166       0.2590       0.0543      -0.1778
   1     80       0.1387       0.0042       0.1051      -0.0039      -0.0111
                 -0.1900       0.1147       0.2573       0.0526      -0.1797
   1    100       0.1312      -0.0035       0.0976      -0.0112      -0.0188
                 -0.1977       0.1076       0.2501       0.0453      -0.1873
   2      0       0.1401       0.0088       0.1065      -0.0009      -0.0117
                 -0.1883       0.1140       0.2517       0.0464      -0.1732
   3      0       0.1387       0.0096       0.1106      -0.0008      -0.0069
                 -0.1844       0.1158       0.2497       0.0471      -0.1717
   4      0       0.1412       0.0120       0.1067      -0.0021      -0.0101
                 -0.1846       0.1149       0.2502       0.0497      -0.1674
   5      0       0.1377       0.0105       0.1123      -0.0025      -0.0036
                 -0.1875       0.1162       0.2507       0.0440      -0.1702
   5     60       0.1374       0.0102       0.1120      -0.0028      -0.0039
                 -0.1878       0.1159       0.2504       0.0437      -0.1705
   5     80       0.1349       0.0077       0.1095      -0.0053      -0.0064
                 -0.1902       0.1135       0.2480       0.0412      -0.1730
   5    100       0.1277       0.0004       0.1024      -0.0122      -0.0137
                 -0.1974       0.1066       0.2409       0.0341      -0.1802
 
 group  inft   Estimated free energy: 2-th solvent contribution (kcal/mol)
   1      0      -0.3695      -0.4510      -0.5256      -0.7603      -0.5347
                 -0.5217      -0.5812      -0.6505      -0.2351      -0.4385
   1     60      -0.3701      -0.4515      -0.5261      -0.7608      -0.5353
                 -0.5223      -0.5818      -0.6510      -0.2356      -0.4390
   1     80      -0.3742      -0.4557      -0.5303      -0.7651      -0.5395
                 -0.5264      -0.5860      -0.6552      -0.2398      -0.4432
   1    100      -0.3879      -0.4694      -0.5440      -0.7790      -0.5533
                 -0.5401      -0.6001      -0.6691      -0.2535      -0.4571
   2      0      -0.3601      -0.4483      -0.5152      -0.7481      -0.5268
                 -0.5083      -0.5743      -0.6417      -0.2324      -0.4299
   3      0      -0.3564      -0.4464      -0.5104      -0.7466      -0.5242
                 -0.5074      -0.5721      -0.6399      -0.2328      -0.4269
   4      0      -0.3530      -0.4495      -0.5104      -0.7448      -0.5224
                 -0.5050      -0.5705      -0.6328      -0.2301      -0.4259
   5      0      -0.3559      -0.4494      -0.5076      -0.7422      -0.5140
                 -0.5050      -0.5738      -0.6334      -0.2371      -0.4232
   5     60      -0.3566      -0.4502      -0.5083      -0.7430      -0.5147
                 -0.5058      -0.5746      -0.6341      -0.2379      -0.4240
   5     80      -0.3617      -0.4553      -0.5135      -0.7482      -0.5199
                 -0.5109      -0.5798      -0.6393      -0.2430      -0.4291
   5    100      -0.3742      -0.4679      -0.5260      -0.7609      -0.5326
                 -0.5234      -0.5927      -0.6520      -0.2557      -0.4418
 
 group  inft   Estimated free energy: 3-th solvent contribution (kcal/mol)
   1      0      -2.3923      -2.2625      -2.3277      -1.9286      -2.2186
                 -2.0514      -2.1144      -2.2776      -2.4245      -2.0370
   1     60      -2.4110      -2.2811      -2.3462      -1.9471      -2.2373
                 -2.0699      -2.1329      -2.2962      -2.4432      -2.0555
   1     80      -2.5525      -2.4219      -2.4867      -2.0874      -2.3785
                 -2.2103      -2.2734      -2.4372      -2.5844      -2.1962
   1    100      -3.0339      -2.9015      -2.9655      -2.5661      -2.8593
                 -2.6890      -2.7522      -2.9170      -3.0653      -2.6755
   2      0      -2.3943      -2.2656      -2.3303      -1.9321      -2.2206
                 -2.0537      -2.1167      -2.2796      -2.4288      -2.0401
   3      0      -2.3956      -2.2701      -2.3329      -1.9334      -2.2221
                 -2.0557      -2.1176      -2.2808      -2.4333      -2.0416
   4      0      -2.3895      -2.2653      -2.3267      -1.9306      -2.2204
                 -2.0558      -2.1145      -2.2799      -2.4258      -2.0397
   5      0      -2.3898      -2.2643      -2.3279      -1.9320      -2.2178
                 -2.0563      -2.1163      -2.2781      -2.4303      -2.0412
   5     60      -2.4149      -2.2892      -2.3527      -1.9568      -2.2427
                 -2.0810      -2.1410      -2.3031      -2.4553      -2.0660
   5     80      -2.5892      -2.4626      -2.5258      -2.1298      -2.4167
                 -2.2540      -2.3141      -2.4767      -2.6294      -2.2392
   5    100      -3.0314      -2.9033      -2.9658      -2.5697      -2.8583
                 -2.6938      -2.7541      -2.9174      -3.0712      -2.6796
 
 
 cumulative average & 95% error for solvation free energy
              total             1st component         2nd component         3rd component
  1    -2.6133                0.1387               -0.3564               -2.3956
  2    -2.6601     0.0937     0.0742     0.1291    -0.4014     0.0900    -2.3328     0.1255
  3    -2.6844     0.0726     0.0863     0.0784    -0.4378     0.0894    -2.3329     0.0724
  4    -2.6835     0.0514     0.0645     0.0705    -0.5150     0.1669    -2.2330     0.2062
  5    -2.6974     0.0486     0.0503     0.0616    -0.5168     0.1293    -2.2308     0.1598
  6    -2.7058     0.0431     0.0112     0.0930    -0.5153     0.1056    -2.2016     0.1429
  7    -2.6870     0.0524     0.0261     0.0841    -0.5234     0.0907    -2.1896     0.1232
  8    -2.6850     0.0455     0.0540     0.0918    -0.5379     0.0838    -2.2010     0.1091
  9    -2.6777     0.0427     0.0533     0.0810    -0.5040     0.1003    -2.2268     0.1092
 10    -2.6739     0.0389     0.0308     0.0853    -0.4963     0.0910    -2.2083     0.1044
