 ERmod 0.3.8, Copyright (C) 2000-2019 Nobuyuki Matubayasi
                            2010-2019 Shun Sakuraba
 ERmod comes with ABSOLUTELY NO WARRANTY.
 This is free software, and you can redistribute it
 and/or modify it under certain conditions.
 See LICENSE file for details.
 ERmod 0.3.8, Copyright (C) 2000-2019 Nobuyuki Matubayasi
                            2010-2019 Shun Sakuraba
 ERmod comes with ABSOLUTELY NO WARRANTY.
 This is free software, and you can redistribute it
 and/or modify it under certain conditions.
 See LICENSE file for details.
 
  Number of the   1-th solvent  =          180
  Number of the   2-th solvent  =          180
  Number of the   3-th solvent  =        10000
 
  Be sure that the solvent distribution is homogeneous (radial distribution function is essentially unity) when the solvent molecule is separated beyond distance of   10.0 Angstrom in any direction from any atom within the solute molecule
 
  LJ long-range correction    =        -0.0040     -0.0317     -0.5113
 
  Self-energy of the solute   =        -0.0001  kcal/mol
 
 
 cumulative average & 95% error for solvation energy
              total             1st component         2nd component         3rd component
  1   -24.5708               -0.3301               -1.3556              -22.8851
  2   -24.5083     0.1251    -0.2109     0.2383    -1.6319     0.5525   -22.6654     0.4393
  3   -24.5632     0.1315    -0.6708     0.9300    -1.6185     0.3201   -22.2739     0.8231
  4   -24.5743     0.0956    -0.6846     0.6582    -1.5951     0.2311   -22.2945     0.5835
  5   -24.5621     0.0779    -0.5203     0.6065    -1.6943     0.2672   -22.3474     0.4642
  6   -24.5672     0.0644    -0.5637     0.5028    -1.7353     0.2331   -22.2681     0.4109
  7   -24.5649     0.0546    -0.5912     0.4285    -1.7085     0.2042   -22.2652     0.3473
  8   -24.5742     0.0508    -0.7169     0.4482    -1.6506     0.2113   -22.2066     0.3228
  9   -24.5715     0.0451    -0.6595     0.4116    -1.5694     0.2473   -22.3426     0.3937
 10   -24.5720     0.0404    -0.7350     0.3980    -1.5360     0.2310   -22.3009     0.3619
 
 
 group  inft  solvation free energy     error          difference
  total solvation free energy
   1      0         -2.04328           0.03370           0.00555
   1     60         -2.06690           0.03368          -0.01806
   1     80         -2.25994           0.03353          -0.21110
   1    100         -2.96503           0.03271          -0.91619
   2      0         -2.04574           0.03481           0.00309
   3      0         -2.04883           0.03325           0.00000
   4      0         -2.04228           0.03390           0.00655
   5      0         -2.03915           0.03242           0.00968
   5     60         -2.07107           0.03239          -0.02224
   5     80         -2.31144           0.03217          -0.26261
   5    100         -2.96159           0.03137          -0.91275
 
  contribution from  1-th solvent component
   1      0         -0.10462           0.20692           0.01090
   1     60         -0.10454           0.20693           0.01098
   1     80         -0.10401           0.20702           0.01150
   1    100         -0.10295           0.20742           0.01257
   2      0         -0.11238           0.20697           0.00313
   3      0         -0.11551           0.20630           0.00000
   4      0         -0.11659           0.20630          -0.00108
   5      0         -0.11720           0.20558          -0.00169
   5     60         -0.11709           0.20559          -0.00158
   5     80         -0.11669           0.20570          -0.00118
   5    100         -0.11635           0.20603          -0.00084
 
  contribution from  2-th solvent component
   1      0         -0.66866           0.10927          -0.00918
   1     60         -0.66931           0.10927          -0.00983
   1     80         -0.67460           0.10928          -0.01512
   1    100         -0.69338           0.10931          -0.03390
   2      0         -0.66132           0.10916          -0.00183
   3      0         -0.65948           0.11000           0.00000
   4      0         -0.65779           0.10997           0.00169
   5      0         -0.65579           0.10899           0.00370
   5     60         -0.65667           0.10899           0.00281
   5     80         -0.66325           0.10900          -0.00377
   5    100         -0.68046           0.10903          -0.02098
 
  contribution from  3-th solvent component
   1      0         -1.26993           0.19418           0.00384
   1     60         -1.29297           0.19420          -0.01921
   1     80         -1.48125           0.19439          -0.20748
   1    100         -2.16862           0.19549          -0.89486
   2      0         -1.27197           0.19378           0.00179
   3      0         -1.27376           0.19387           0.00000
   4      0         -1.26782           0.19398           0.00595
   5      0         -1.26609           0.19380           0.00768
   5     60         -1.29724           0.19382          -0.02347
   5     80         -1.53143           0.19408          -0.25767
   5    100         -2.16470           0.19509          -0.89094
 
 
 group  inft   Estimated free energy: total (kcal/mol)
   1      0      -1.9662      -2.0059      -2.1609      -2.0582      -2.0560
                 -2.0467      -2.0477      -2.0157      -1.9981      -2.0774
   1     60      -1.9898      -2.0296      -2.1844      -2.0818      -2.0795
                 -2.0704      -2.0712      -2.0393      -2.0218      -2.1010
   1     80      -2.1830      -2.2227      -2.3769      -2.2751      -2.2720
                 -2.2634      -2.2642      -2.2324      -2.2155      -2.2941
   1    100      -2.8889      -2.9291      -3.0789      -2.9809      -2.9759
                 -2.9677      -2.9696      -2.9375      -2.9233      -2.9984
   2      0      -1.9758      -1.9891      -2.1626      -2.0591      -2.0636
                 -2.0609      -2.0599      -2.0079      -2.0001      -2.0785
   3      0      -1.9913      -1.9856      -2.1632      -2.0572      -2.0680
                 -2.0627      -2.0624      -2.0132      -2.0084      -2.0762
   4      0      -1.9803      -1.9927      -2.1609      -2.0476      -2.0645
                 -2.0606      -2.0521      -2.0010      -1.9954      -2.0676
   5      0      -1.9843      -1.9750      -2.1488      -2.0478      -2.0557
                 -2.0548      -2.0613      -2.0047      -1.9975      -2.0616
   5     60      -2.0162      -2.0070      -2.1806      -2.0797      -2.0875
                 -2.0867      -2.0932      -2.0367      -2.0296      -2.0935
   5     80      -2.2569      -2.2473      -2.4201      -2.3204      -2.3272
                 -2.3270      -2.3335      -2.2771      -2.2709      -2.3339
   5    100      -2.9083      -2.8981      -3.0672      -2.9713      -2.9763
                 -2.9764      -2.9840      -2.9271      -2.9238      -2.9833
 
 group  inft   Estimated free energy: 1-th solvent contribution (kcal/mol)
   1      0       0.1025       0.2330      -0.5973      -0.0876       0.3303
                 -0.1549      -0.1350      -0.4924       0.2092      -0.4539
   1     60       0.1026       0.2331      -0.5972      -0.0875       0.3304
                 -0.1548      -0.1349      -0.4924       0.2092      -0.4539
   1     80       0.1032       0.2339      -0.5968      -0.0870       0.3312
                 -0.1544      -0.1344      -0.4920       0.2098      -0.4535
   1    100       0.1045       0.2360      -0.5964      -0.0860       0.3333
                 -0.1536      -0.1332      -0.4918       0.2109      -0.4533
   2      0       0.0902       0.2435      -0.6019      -0.0938       0.3197
                 -0.1737      -0.1531      -0.4932       0.1997      -0.4611
   3      0       0.0770       0.2483      -0.6029      -0.0948       0.3163
                 -0.1743      -0.1565      -0.4991       0.1901      -0.4592
   4      0       0.0756       0.2437      -0.6081      -0.0922       0.3139
                 -0.1816      -0.1587      -0.4963       0.1950      -0.4573
   5      0       0.0695       0.2516      -0.6030      -0.0956       0.3130
                 -0.1818      -0.1660      -0.4947       0.1907      -0.4558
   5     60       0.0696       0.2518      -0.6029      -0.0955       0.3132
                 -0.1817      -0.1659      -0.4946       0.1908      -0.4557
   5     80       0.0700       0.2526      -0.6026      -0.0952       0.3140
                 -0.1814      -0.1654      -0.4944       0.1911      -0.4555
   5    100       0.0703       0.2543      -0.6026      -0.0950       0.3154
                 -0.1814      -0.1651      -0.4947       0.1911      -0.4558
 
 group  inft   Estimated free energy: 2-th solvent contribution (kcal/mol)
   1      0      -0.5172      -0.8334      -0.7371      -0.6735      -0.9184
                 -0.8653      -0.6438      -0.5324      -0.3721      -0.5934
   1     60      -0.5179      -0.8341      -0.7377      -0.6742      -0.9191
                 -0.8660      -0.6444      -0.5330      -0.3727      -0.5940
   1     80      -0.5231      -0.8393      -0.7429      -0.6795      -0.9244
                 -0.8714      -0.6497      -0.5383      -0.3780      -0.5993
   1    100      -0.5416      -0.8580      -0.7614      -0.6984      -0.9432
                 -0.8905      -0.6687      -0.5572      -0.3968      -0.6181
   2      0      -0.5124      -0.8235      -0.7302      -0.6657      -0.9118
                 -0.8595      -0.6363      -0.5229      -0.3660      -0.5850
   3      0      -0.5140      -0.8226      -0.7293      -0.6618      -0.9133
                 -0.8588      -0.6324      -0.5195      -0.3609      -0.5823
   4      0      -0.5073      -0.8255      -0.7259      -0.6630      -0.9089
                 -0.8569      -0.6298      -0.5184      -0.3613      -0.5810
   5      0      -0.5079      -0.8205      -0.7218      -0.6610      -0.9034
                 -0.8547      -0.6311      -0.5202      -0.3593      -0.5779
   5     60      -0.5087      -0.8214      -0.7227      -0.6619      -0.9043
                 -0.8556      -0.6320      -0.5211      -0.3601      -0.5788
   5     80      -0.5152      -0.8279      -0.7292      -0.6685      -0.9109
                 -0.8623      -0.6386      -0.5277      -0.3667      -0.5854
   5    100      -0.5323      -0.8450      -0.7462      -0.6858      -0.9282
                 -0.8798      -0.6560      -0.5449      -0.3839      -0.6026
 
 group  inft   Estimated free energy: 3-th solvent contribution (kcal/mol)
   1      0      -1.5514      -1.4055      -0.8265      -1.2970      -1.4677
                 -1.0264      -1.2688      -0.9908      -1.8351      -1.0300
   1     60      -1.5745      -1.4286      -0.8495      -1.3201      -1.4908
                 -1.0494      -1.2918      -1.0138      -1.8583      -1.0531
   1     80      -1.7630      -1.6172      -1.0371      -1.5085      -1.6787
                 -1.2376      -1.4800      -1.2019      -2.0472      -1.2412
   1    100      -2.4518      -2.3070      -1.7210      -2.1964      -2.3660
                 -1.9235      -2.1676      -1.8885      -2.7374      -1.9269
   2      0      -1.5536      -1.4090      -0.8303      -1.2995      -1.4713
                 -1.0277      -1.2705      -0.9917      -1.8337      -1.0323
   3      0      -1.5543      -1.4112      -0.8310      -1.3006      -1.4709
                 -1.0296      -1.2733      -0.9946      -1.8375      -1.0347
   4      0      -1.5485      -1.4108      -0.8268      -1.2924      -1.4695
                 -1.0220      -1.2635      -0.9863      -1.8290      -1.0292
   5      0      -1.5458      -1.4061      -0.8239      -1.2911      -1.4652
                 -1.0182      -1.2642      -0.9898      -1.8289      -1.0277
   5     60      -1.5770      -1.4373      -0.8549      -1.3223      -1.4963
                 -1.0493      -1.2953      -1.0209      -1.8602      -1.0589
   5     80      -1.8115      -1.6719      -1.0883      -1.5567      -1.7302
                 -1.2833      -1.5294      -1.2550      -2.0952      -1.2929
   5    100      -2.4463      -2.3073      -1.7184      -2.1904      -2.3635
                 -1.9152      -2.1628      -1.8874      -2.7309      -1.9248
 
 
 cumulative average & 95% error for solvation free energy
              total             1st component         2nd component         3rd component
  1    -1.9913                0.0770               -0.5140               -1.5543
  2    -1.9884     0.0057     0.1626     0.1713    -0.6683     0.3086    -1.4827     0.1431
  3    -2.0467     0.1166    -0.0925     0.5198    -0.6886     0.1828    -1.2655     0.4423
  4    -2.0493     0.0826    -0.0931     0.3676    -0.6819     0.1299    -1.2743     0.3132
  5    -2.0531     0.0644    -0.0112     0.3285    -0.7282     0.1367    -1.3136     0.2551
  6    -2.0547     0.0527    -0.0384     0.2736    -0.7499     0.1198    -1.2663     0.2288
  7    -2.0558     0.0446    -0.0553     0.2337    -0.7332     0.1067    -1.2673     0.1933
  8    -2.0505     0.0401    -0.1108     0.2308    -0.7065     0.1067    -1.2332     0.1808
  9    -2.0458     0.0365    -0.0773     0.2143    -0.6681     0.1215    -1.3003     0.2085
 10    -2.0488     0.0332    -0.1155     0.2063    -0.6595     0.1100    -1.2738     0.1939
