 ERmod 0.3.8, Copyright (C) 2000-2019 Nobuyuki Matubayasi
                            2010-2019 Shun Sakuraba
 ERmod comes with ABSOLUTELY NO WARRANTY.
 This is free software, and you can redistribute it
 and/or modify it under certain conditions.
 See LICENSE file for details.
 ERmod 0.3.8, Copyright (C) 2000-2019 Nobuyuki Matubayasi
                            2010-2019 Shun Sakuraba
 ERmod comes with ABSOLUTELY NO WARRANTY.
 This is free software, and you can redistribute it
 and/or modify it under certain conditions.
 See LICENSE file for details.
 
  Number of the   1-th solvent  =           90
  Number of the   2-th solvent  =           90
  Number of the   3-th solvent  =        10000
 
  Be sure that the solvent distribution is homogeneous (radial distribution function is essentially unity) when the solvent molecule is separated beyond distance of   10.0 Angstrom in any direction from any atom within the solute molecule
 
  LJ long-range correction    =        -0.0034     -0.0037     -0.4080
 
  Self-energy of the solute   =         0.0000  kcal/mol
 
 
 cumulative average & 95% error for solvation energy
              total             1st component         2nd component         3rd component
  1   -10.1499                0.1372               -0.1857              -10.1014
  2   -10.1975     0.0952     0.1388     0.0031    -0.1974     0.0233   -10.1389     0.0750
  3   -10.1975     0.0550     0.1383     0.0020    -0.1995     0.0141   -10.1364     0.0436
  4   -10.2019     0.0399     0.1360     0.0050    -0.1993     0.0100   -10.1386     0.0311
  5   -10.1962     0.0329     0.1352     0.0041    -0.1971     0.0089   -10.1343     0.0256
  6   -10.2049     0.0321     0.1341     0.0040    -0.1984     0.0078   -10.1407     0.0245
  7   -10.1941     0.0347     0.1339     0.0034    -0.1980     0.0066   -10.1301     0.0296
  8   -10.1938     0.0301     0.1336     0.0030    -0.1966     0.0063   -10.1308     0.0257
  9   -10.1980     0.0278     0.1343     0.0030    -0.1970     0.0056   -10.1353     0.0244
 10   -10.1996     0.0251     0.1345     0.0027    -0.1977     0.0052   -10.1363     0.0219
 
 
 group  inft  solvation free energy     error          difference
  total solvation free energy
   1      0          3.92796           0.02139          -0.00214
   1     60          3.92002           0.02142          -0.01008
   1     80          3.83747           0.02171          -0.09263
   1    100          3.45488           0.02312          -0.47522
   2      0          3.91961           0.02156          -0.01048
   3      0          3.93010           0.02134           0.00000
   4      0          3.92886           0.02098          -0.00124
   5      0          3.97053           0.02121           0.04044
   5     60          3.95955           0.02124           0.02945
   5     80          3.85214           0.02161          -0.07795
   5    100          3.49202           0.02290          -0.43808
 
  contribution from  1-th solvent component
   1      0          0.22555           0.00538           0.00364
   1     60          0.22557           0.00538           0.00366
   1     80          0.22582           0.00547           0.00391
   1    100          0.22626           0.00598           0.00435
   2      0          0.22291           0.00534           0.00100
   3      0          0.22191           0.00531           0.00000
   4      0          0.22091           0.00536          -0.00100
   5      0          0.22112           0.00524          -0.00079
   5     60          0.22114           0.00524          -0.00077
   5     80          0.22129           0.00536          -0.00062
   5    100          0.22116           0.00585          -0.00075
 
  contribution from  2-th solvent component
   1      0         -0.16618           0.00833           0.00170
   1     60         -0.16598           0.00834           0.00190
   1     80         -0.16493           0.00849           0.00295
   1    100         -0.16220           0.00925           0.00568
   2      0         -0.16752           0.00792           0.00036
   3      0         -0.16788           0.00767           0.00000
   4      0         -0.16835           0.00741          -0.00047
   5      0         -0.16888           0.00768          -0.00100
   5     60         -0.16862           0.00770          -0.00074
   5     80         -0.16739           0.00789           0.00049
   5    100         -0.16494           0.00861           0.00294
 
  contribution from  3-th solvent component
   1      0          3.86856           0.02015          -0.00747
   1     60          3.86040           0.02017          -0.01564
   1     80          3.77654           0.02041          -0.09949
   1    100          3.39079           0.02165          -0.48525
   2      0          3.86419           0.02034          -0.01185
   3      0          3.87604           0.02032           0.00000
   4      0          3.87627           0.02001           0.00023
   5      0          3.91827           0.02039           0.04223
   5     60          3.90699           0.02042           0.03096
   5     80          3.79822           0.02073          -0.07782
   5    100          3.43576           0.02185          -0.44027
 
 
 group  inft   Estimated free energy: total (kcal/mol)
   1      0       3.9501       3.8989       3.9159       3.9176       3.9465
                  3.8835       3.9983       3.9401       3.8928       3.9358
   1     60       3.9422       3.8909       3.9079       3.9097       3.9386
                  3.8755       3.9904       3.9322       3.8848       3.9279
   1     80       3.8602       3.8080       3.8250       3.8269       3.8561
                  3.7923       3.9087       3.8501       3.8019       3.8455
   1    100       3.4793       3.4235       3.4409       3.4431       3.4743
                  3.4065       3.5306       3.4691       3.4177       3.4638
   2      0       3.9476       3.8930       3.9087       3.9082       3.9372
                  3.8712       3.9872       3.9305       3.8836       3.9289
   3      0       3.9609       3.9038       3.9179       3.9194       3.9488
                  3.8822       3.9959       3.9380       3.8951       3.9388
   4      0       3.9574       3.9028       3.9167       3.9161       3.9458
                  3.8812       3.9937       3.9394       3.8957       3.9399
   5      0       3.9937       3.9434       3.9651       3.9588       3.9895
                  3.9214       4.0382       3.9813       3.9363       3.9777
   5     60       3.9827       3.9324       3.9541       3.9478       3.9785
                  3.9104       4.0273       3.9703       3.9253       3.9668
   5     80       3.8759       3.8245       3.8463       3.8401       3.8712
                  3.8020       3.9209       3.8634       3.8174       3.8596
   5    100       3.5175       3.4627       3.4847       3.4791       3.5119
                  3.4386       3.5645       3.5051       3.4557       3.5003
 
 group  inft   Estimated free energy: 1-th solvent contribution (kcal/mol)
   1      0       0.2147       0.2430       0.2290       0.2196       0.2205
                  0.2212       0.2224       0.2211       0.2354       0.2286
   1     60       0.2147       0.2430       0.2290       0.2196       0.2206
                  0.2212       0.2224       0.2211       0.2354       0.2287
   1     80       0.2148       0.2436       0.2292       0.2196       0.2207
                  0.2214       0.2226       0.2214       0.2358       0.2291
   1    100       0.2142       0.2458       0.2292       0.2191       0.2206
                  0.2214       0.2230       0.2220       0.2369       0.2305
   2      0       0.2125       0.2406       0.2260       0.2161       0.2191
                  0.2175       0.2193       0.2195       0.2319       0.2266
   3      0       0.2116       0.2400       0.2246       0.2155       0.2183
                  0.2170       0.2180       0.2182       0.2308       0.2250
   4      0       0.2104       0.2390       0.2234       0.2145       0.2172
                  0.2155       0.2171       0.2178       0.2301       0.2242
   5      0       0.2094       0.2380       0.2237       0.2153       0.2177
                  0.2162       0.2176       0.2181       0.2303       0.2247
   5     60       0.2095       0.2380       0.2237       0.2153       0.2177
                  0.2162       0.2176       0.2182       0.2304       0.2247
   5     80       0.2094       0.2386       0.2238       0.2152       0.2178
                  0.2163       0.2177       0.2184       0.2307       0.2251
   5    100       0.2082       0.2401       0.2233       0.2142       0.2172
                  0.2157       0.2173       0.2185       0.2312       0.2260
 
 group  inft   Estimated free energy: 2-th solvent contribution (kcal/mol)
   1      0      -0.1600      -0.1852      -0.1798      -0.1650      -0.1519
                 -0.1687      -0.1614      -0.1416      -0.1761      -0.1722
   1     60      -0.1597      -0.1850      -0.1796      -0.1648      -0.1517
                 -0.1685      -0.1612      -0.1413      -0.1759      -0.1720
   1     80      -0.1584      -0.1844      -0.1788      -0.1637      -0.1504
                 -0.1675      -0.1601      -0.1399      -0.1750      -0.1711
   1    100      -0.1545      -0.1835      -0.1775      -0.1606      -0.1464
                 -0.1651      -0.1571      -0.1353      -0.1726      -0.1696
   2      0      -0.1610      -0.1851      -0.1804      -0.1658      -0.1544
                 -0.1706      -0.1629      -0.1440      -0.1776      -0.1733
   3      0      -0.1607      -0.1851      -0.1810      -0.1674      -0.1554
                 -0.1702      -0.1631      -0.1455      -0.1775      -0.1729
   4      0      -0.1623      -0.1848      -0.1805      -0.1674      -0.1568
                 -0.1709      -0.1638      -0.1459      -0.1778      -0.1734
   5      0      -0.1657      -0.1859      -0.1812      -0.1671      -0.1560
                 -0.1715      -0.1639      -0.1451      -0.1782      -0.1742
   5     60      -0.1654      -0.1856      -0.1810      -0.1668      -0.1558
                 -0.1713      -0.1637      -0.1448      -0.1779      -0.1739
   5     80      -0.1638      -0.1849      -0.1801      -0.1655      -0.1542
                 -0.1701      -0.1624      -0.1431      -0.1769      -0.1730
   5    100      -0.1600      -0.1842      -0.1790      -0.1627      -0.1506
                 -0.1681      -0.1597      -0.1387      -0.1748      -0.1717
 
 group  inft   Estimated free energy: 3-th solvent contribution (kcal/mol)
   1      0       3.8954       3.8411       3.8667       3.8631       3.8778
                  3.8310       3.9373       3.8606       3.8335       3.8793
   1     60       3.8872       3.8329       3.8585       3.8549       3.8696
                  3.8228       3.9292       3.8524       3.8253       3.8711
   1     80       3.8038       3.7487       3.7747       3.7709       3.7857
                  3.7384       3.8461       3.7685       3.7411       3.7875
   1    100       3.4196       3.3611       3.3892       3.3845       3.4000
                  3.3503       3.4647       3.3824       3.3534       3.4028
   2      0       3.8960       3.8374       3.8631       3.8579       3.8726
                  3.8242       3.9308       3.8550       3.8293       3.8756
   3      0       3.9100       3.8489       3.8743       3.8713       3.8859
                  3.8353       3.9410       3.8653       3.8417       3.8867
   4      0       3.9092       3.8486       3.8738       3.8690       3.8853
                  3.8365       3.9404       3.8675       3.8434       3.8891
   5      0       3.9498       3.8912       3.9226       3.9105       3.9278
                  3.8767       3.9845       3.9082       3.8841       3.9272
   5     60       3.9386       3.8799       3.9113       3.8993       3.9165
                  3.8654       3.9733       3.8970       3.8728       3.9159
   5     80       3.8303       3.7708       3.8026       3.7904       3.8077
                  3.7559       3.8656       3.7881       3.7635       3.8074
   5    100       3.4692       3.4067       3.4404       3.4276       3.4453
                  3.3910       3.5069       3.4253       3.3993       3.4460
 
 
 cumulative average & 95% error for solvation free energy
              total             1st component         2nd component         3rd component
  1     3.9609                0.2116               -0.1607                3.9100
  2     3.9324     0.0571     0.2258     0.0284    -0.1729     0.0244     3.8794     0.0610
  3     3.9275     0.0343     0.2254     0.0164    -0.1756     0.0151     3.8777     0.0354
  4     3.9255     0.0246     0.2229     0.0126    -0.1735     0.0114     3.8761     0.0252
  5     3.9302     0.0212     0.2220     0.0099    -0.1699     0.0115     3.8781     0.0199
  6     3.9222     0.0236     0.2212     0.0083    -0.1700     0.0094     3.8709     0.0216
  7     3.9327     0.0290     0.2207     0.0071    -0.1690     0.0081     3.8810     0.0271
  8     3.9334     0.0252     0.2204     0.0061    -0.1661     0.0092     3.8790     0.0238
  9     3.9291     0.0238     0.2216     0.0059    -0.1673     0.0085     3.8749     0.0226
 10     3.9301     0.0213     0.2219     0.0053    -0.1679     0.0077     3.8760     0.0203
