 ERmod 0.3.8, Copyright (C) 2000-2019 Nobuyuki Matubayasi
                            2010-2019 Shun Sakuraba
 ERmod comes with ABSOLUTELY NO WARRANTY.
 This is free software, and you can redistribute it
 and/or modify it under certain conditions.
 See LICENSE file for details.
 ERmod 0.3.8, Copyright (C) 2000-2019 Nobuyuki Matubayasi
                            2010-2019 Shun Sakuraba
 ERmod comes with ABSOLUTELY NO WARRANTY.
 This is free software, and you can redistribute it
 and/or modify it under certain conditions.
 See LICENSE file for details.
 
  Number of the   1-th solvent  =           90
  Number of the   2-th solvent  =           90
  Number of the   3-th solvent  =        10000
 
  Be sure that the solvent distribution is homogeneous (radial distribution function is essentially unity) when the solvent molecule is separated beyond distance of   10.0 Angstrom in any direction from any atom within the solute molecule
 
  LJ long-range correction    =        -0.0049     -0.0179     -0.5782
 
  Self-energy of the solute   =         0.0001  kcal/mol
 
 
 cumulative average & 95% error for solvation energy
              total             1st component         2nd component         3rd component
  1   -13.9324                0.1924               -0.5532              -13.5717
  2   -13.9497     0.0347     0.1943     0.0038    -0.5404     0.0256   -13.6037     0.0640
  3   -13.9594     0.0278     0.1878     0.0132    -0.5343     0.0191   -13.6130     0.0413
  4   -13.9837     0.0525     0.1995     0.0251    -0.5006     0.0687   -13.6826     0.1424
  5   -13.9988     0.0506     0.2067     0.0242    -0.4753     0.0735   -13.7303     0.1458
  6   -14.0104     0.0474     0.2075     0.0198    -0.4555     0.0718   -13.7625     0.1353
  7   -14.0176     0.0425     0.2076     0.0168    -0.4459     0.0637   -13.7793     0.1192
  8   -14.0164     0.0369     0.2088     0.0147    -0.4418     0.0558   -13.7833     0.1035
  9   -14.0188     0.0329     0.2064     0.0138    -0.4455     0.0497   -13.7797     0.0916
 10   -14.0223     0.0303     0.2075     0.0126    -0.4441     0.0446   -13.7858     0.0828
 
 
 group  inft  solvation free energy     error          difference
  total solvation free energy
   1      0          4.69233           0.01589           0.00673
   1     60          4.67916           0.01591          -0.00643
   1     80          4.55307           0.01616          -0.13252
   1    100          4.00418           0.01724          -0.68141
   2      0          4.67907           0.01626          -0.00652
   3      0          4.68559           0.01666           0.00000
   4      0          4.67939           0.01623          -0.00621
   5      0          4.72519           0.01526           0.03960
   5     60          4.70701           0.01529           0.02142
   5     80          4.54418           0.01553          -0.14142
   5    100          4.02867           0.01633          -0.65692
 
  contribution from  1-th solvent component
   1      0          0.32367           0.01248           0.00365
   1     60          0.32376           0.01252           0.00374
   1     80          0.32429           0.01287           0.00427
   1    100          0.32485           0.01443           0.00483
   2      0          0.32113           0.01188           0.00111
   3      0          0.32002           0.01167           0.00000
   4      0          0.31909           0.01150          -0.00094
   5      0          0.31914           0.01158          -0.00088
   5     60          0.31924           0.01162          -0.00078
   5     80          0.31970           0.01207          -0.00032
   5    100          0.31966           0.01353          -0.00036
 
  contribution from  2-th solvent component
   1      0         -0.12592           0.02445           0.00361
   1     60         -0.12602           0.02447           0.00352
   1     80         -0.12699           0.02465           0.00255
   1    100         -0.13128           0.02533          -0.00175
   2      0         -0.12861           0.02407           0.00092
   3      0         -0.12953           0.02387           0.00000
   4      0         -0.13034           0.02368          -0.00081
   5      0         -0.13053           0.02352          -0.00100
   5     60         -0.13067           0.02354          -0.00114
   5     80         -0.13203           0.02373          -0.00250
   5    100         -0.13631           0.02427          -0.00678
 
  contribution from  3-th solvent component
   1      0          4.49451           0.03689          -0.00053
   1     60          4.48136           0.03690          -0.01369
   1     80          4.35571           0.03706          -0.13933
   1    100          3.81055           0.03779          -0.68449
   2      0          4.48650           0.03716          -0.00854
   3      0          4.49504           0.03734           0.00000
   4      0          4.49058           0.03673          -0.00446
   5      0          4.53652           0.03657           0.04148
   5     60          4.51838           0.03659           0.02334
   5     80          4.35645           0.03679          -0.13859
   5    100          3.84526           0.03745          -0.64978
 
 
 group  inft   Estimated free energy: total (kcal/mol)
   1      0       4.7233       4.7030       4.7022       4.6797       4.7155
                  4.7219       4.6615       4.6941       4.6646       4.6575
   1     60       4.7101       4.6898       4.6890       4.6666       4.7025
                  4.7088       4.6483       4.6809       4.6513       4.6443
   1     80       4.5836       4.5633       4.5625       4.5409       4.5777
                  4.5838       4.5220       4.5549       4.5243       4.5177
   1    100       4.0336       4.0126       4.0122       3.9939       4.0342
                  4.0386       3.9721       4.0063       3.9713       3.9670
   2      0       4.7163       4.6913       4.6827       4.6599       4.6982
                  4.7099       4.6521       4.6845       4.6511       4.6448
   3      0       4.7255       4.7001       4.6860       4.6637       4.7044
                  4.7161       4.6606       4.6917       4.6571       4.6508
   4      0       4.7190       4.6930       4.6769       4.6573       4.6973
                  4.7097       4.6560       4.6860       4.6534       4.6451
   5      0       4.7604       4.7374       4.7325       4.7108       4.7438
                  4.7509       4.7012       4.7275       4.6970       4.6904
   5     60       4.7421       4.7192       4.7143       4.6926       4.7258
                  4.7329       4.6830       4.7093       4.6787       4.6722
   5     80       4.5788       4.5559       4.5509       4.5303       4.5644
                  4.5713       4.5199       4.5467       4.5147       4.5089
   5    100       4.0625       4.0387       4.0339       4.0162       4.0536
                  4.0586       4.0035       4.0318       3.9958       3.9922
 
 group  inft   Estimated free energy: 1-th solvent contribution (kcal/mol)
   1      0       0.3131       0.3137       0.3004       0.3554       0.3607
                  0.3162       0.3201       0.3242       0.3063       0.3266
   1     60       0.3132       0.3137       0.3005       0.3555       0.3609
                  0.3162       0.3202       0.3243       0.3063       0.3267
   1     80       0.3132       0.3139       0.3004       0.3570       0.3624
                  0.3166       0.3208       0.3250       0.3063       0.3274
   1    100       0.3117       0.3127       0.2987       0.3617       0.3672
                  0.3159       0.3215       0.3260       0.3043       0.3287
   2      0       0.3104       0.3116       0.2986       0.3513       0.3557
                  0.3141       0.3189       0.3223       0.3041       0.3243
   3      0       0.3092       0.3109       0.2978       0.3508       0.3529
                  0.3123       0.3180       0.3214       0.3035       0.3234
   4      0       0.3090       0.3097       0.2970       0.3488       0.3518
                  0.3114       0.3181       0.3203       0.3027       0.3221
   5      0       0.3087       0.3094       0.2967       0.3503       0.3504
                  0.3113       0.3180       0.3213       0.3024       0.3229
   5     60       0.3087       0.3094       0.2968       0.3505       0.3506
                  0.3113       0.3181       0.3214       0.3025       0.3230
   5     80       0.3085       0.3094       0.2965       0.3521       0.3523
                  0.3115       0.3186       0.3221       0.3022       0.3237
   5    100       0.3065       0.3078       0.2944       0.3559       0.3562
                  0.3103       0.3188       0.3226       0.2997       0.3244
 
 group  inft   Estimated free energy: 2-th solvent contribution (kcal/mol)
   1      0      -0.1806      -0.1679      -0.1692      -0.1097      -0.0876
                 -0.0629      -0.1007      -0.1132      -0.1437      -0.1237
   1     60      -0.1807      -0.1680      -0.1694      -0.1098      -0.0876
                 -0.0629      -0.1008      -0.1133      -0.1438      -0.1238
   1     80      -0.1819      -0.1692      -0.1706      -0.1108      -0.0882
                 -0.0631      -0.1017      -0.1143      -0.1450      -0.1250
   1    100      -0.1871      -0.1744      -0.1758      -0.1152      -0.0913
                 -0.0644      -0.1059      -0.1190      -0.1500      -0.1298
   2      0      -0.1827      -0.1699      -0.1716      -0.1119      -0.0913
                 -0.0672      -0.1033      -0.1159      -0.1462      -0.1262
   3      0      -0.1828      -0.1710      -0.1726      -0.1130      -0.0921
                 -0.0693      -0.1041      -0.1170      -0.1468      -0.1267
   4      0      -0.1834      -0.1710      -0.1736      -0.1136      -0.0939
                 -0.0705      -0.1051      -0.1177      -0.1469      -0.1276
   5      0      -0.1831      -0.1716      -0.1730      -0.1132      -0.0936
                 -0.0720      -0.1052      -0.1183      -0.1477      -0.1277
   5     60      -0.1833      -0.1718      -0.1732      -0.1133      -0.0937
                 -0.0720      -0.1053      -0.1185      -0.1479      -0.1278
   5     80      -0.1849      -0.1734      -0.1748      -0.1147      -0.0947
                 -0.0725      -0.1066      -0.1200      -0.1494      -0.1293
   5    100      -0.1899      -0.1784      -0.1798      -0.1191      -0.0980
                 -0.0743      -0.1108      -0.1246      -0.1543      -0.1341
 
 group  inft   Estimated free energy: 3-th solvent contribution (kcal/mol)
   1      0       4.5907       4.5572       4.5709       4.4340       4.4423
                  4.4685       4.4420       4.4830       4.5019       4.4546
   1     60       4.5776       4.5441       4.5578       4.4208       4.4292
                  4.4554       4.4288       4.4698       4.4887       4.4414
   1     80       4.4523       4.4187       4.4326       4.2947       4.3035
                  4.3303       4.3029       4.3442       4.3629       4.3152
   1    100       3.9089       3.8742       3.8892       3.7473       3.7581
                  3.7871       3.7564       3.7992       3.8170       3.7680
   2      0       4.5886       4.5496       4.5556       4.4205       4.4337
                  4.4629       4.4365       4.4781       4.4930       4.4466
   3      0       4.5990       4.5600       4.5607       4.4258       4.4435
                  4.4730       4.4467       4.4873       4.5004       4.4541
   4      0       4.5935       4.5543       4.5534       4.4221       4.4394
                  4.4688       4.4430       4.4833       4.4977       4.4505
   5      0       4.6347       4.5996       4.6087       4.4736       4.4869
                  4.5116       4.4883       4.5245       4.5422       4.4951
   5     60       4.6166       4.5815       4.5906       4.4554       4.4688
                  4.4935       4.4701       4.5063       4.5240       4.4770
   5     80       4.4551       4.4199       4.4291       4.2927       4.3068
                  4.3322       4.3078       4.3445       4.3619       4.3145
   5    100       3.9458       3.9092       3.9192       3.7793       3.7953
                  3.8226       3.7954       3.8337       3.8503       3.8018
 
 
 cumulative average & 95% error for solvation free energy
              total             1st component         2nd component         3rd component
  1     4.7255                0.3092               -0.1828                4.5990
  2     4.7128     0.0254     0.3101     0.0017    -0.1769     0.0118     4.5795     0.0390
  3     4.7038     0.0231     0.3060     0.0082    -0.1755     0.0074     4.5732     0.0258
  4     4.6938     0.0259     0.3172     0.0231    -0.1598     0.0317     4.5364     0.0759
  5     4.6959     0.0205     0.3243     0.0229    -0.1463     0.0366     4.5178     0.0695
  6     4.6993     0.0180     0.3223     0.0191    -0.1335     0.0394     4.5103     0.0587
  7     4.6938     0.0188     0.3217     0.0162    -0.1293     0.0343     4.5012     0.0528
  8     4.6935     0.0163     0.3217     0.0140    -0.1277     0.0299     4.4995     0.0459
  9     4.6895     0.0165     0.3197     0.0130    -0.1298     0.0267     4.4996     0.0405
 10     4.6856     0.0167     0.3200     0.0117    -0.1295     0.0239     4.4950     0.0373
