 ERmod 0.3.8, Copyright (C) 2000-2019 Nobuyuki Matubayasi
                            2010-2019 Shun Sakuraba
 ERmod comes with ABSOLUTELY NO WARRANTY.
 This is free software, and you can redistribute it
 and/or modify it under certain conditions.
 See LICENSE file for details.
 ERmod 0.3.8, Copyright (C) 2000-2019 Nobuyuki Matubayasi
                            2010-2019 Shun Sakuraba
 ERmod comes with ABSOLUTELY NO WARRANTY.
 This is free software, and you can redistribute it
 and/or modify it under certain conditions.
 See LICENSE file for details.
 
  Number of the   1-th solvent  =          180
  Number of the   2-th solvent  =          180
  Number of the   3-th solvent  =        10000
 
  Be sure that the solvent distribution is homogeneous (radial distribution function is essentially unity) when the solvent molecule is separated beyond distance of   10.0 Angstrom in any direction from any atom within the solute molecule
 
  LJ long-range correction    =        -0.0083     -0.0129     -0.3336
 
  Self-energy of the solute   =        -0.0001  kcal/mol
 
 
 cumulative average & 95% error for solvation energy
              total             1st component         2nd component         3rd component
  1   -20.4400               -0.2730               -0.6721              -19.4948
  2   -20.4413     0.0027    -0.4474     0.3489    -0.8284     0.3126   -19.1654     0.6588
  3   -20.4329     0.0168    -0.4050     0.2186    -0.9836     0.3591   -19.0443     0.4510
  4   -20.4452     0.0273    -0.2920     0.2738    -1.0348     0.2738   -19.1183     0.3516
  5   -20.4474     0.0216    -0.3093     0.2149    -1.0562     0.2163   -19.0818     0.2820
  6   -20.4596     0.0301    -0.3386     0.1849    -1.0382     0.1802   -19.0827     0.2303
  7   -20.4421     0.0433    -0.4088     0.2102    -1.0408     0.1524   -18.9923     0.2656
  8   -20.4357     0.0396    -0.5093     0.2711    -1.1197     0.2056   -18.8067     0.4367
  9   -20.4316     0.0359    -0.5138     0.2392    -1.1525     0.1929   -18.7652     0.3940
 10   -20.4364     0.0335    -0.5123     0.2140    -1.1349     0.1761   -18.7892     0.3557
 
 
 group  inft  solvation free energy     error          difference
  total solvation free energy
   1      0         -2.51188           0.03668          -0.00361
   1     60         -2.52815           0.03665          -0.01988
   1     80         -2.66146           0.03649          -0.15319
   1    100         -3.14800           0.03605          -0.63973
   2      0         -2.51148           0.03493          -0.00321
   3      0         -2.50827           0.03414           0.00000
   4      0         -2.50281           0.03603           0.00546
   5      0         -2.50382           0.03340           0.00445
   5     60         -2.52582           0.03336          -0.01755
   5     80         -2.69185           0.03316          -0.18358
   5    100         -3.14056           0.03270          -0.63229
 
  contribution from  1-th solvent component
   1      0          0.02037           0.11233           0.00104
   1     60          0.02017           0.11233           0.00084
   1     80          0.01830           0.11236          -0.00103
   1    100          0.01049           0.11243          -0.00884
   2      0          0.01778           0.11029          -0.00155
   3      0          0.01933           0.10909           0.00000
   4      0          0.01826           0.10997          -0.00107
   5      0          0.01933           0.10890           0.00000
   5     60          0.01904           0.10890          -0.00028
   5     80          0.01657           0.10891          -0.00276
   5    100          0.00915           0.10893          -0.01018
 
  contribution from  2-th solvent component
   1      0         -0.53201           0.10117          -0.00842
   1     60         -0.53231           0.10117          -0.00873
   1     80         -0.53496           0.10121          -0.01138
   1    100         -0.54476           0.10132          -0.02117
   2      0         -0.52724           0.09924          -0.00366
   3      0         -0.52358           0.09822           0.00000
   4      0         -0.52087           0.09856           0.00271
   5      0         -0.52050           0.09820           0.00308
   5     60         -0.52092           0.09820           0.00266
   5     80         -0.52428           0.09823          -0.00070
   5    100         -0.53342           0.09828          -0.00984
 
  contribution from  3-th solvent component
   1      0         -2.00015           0.16734           0.00378
   1     60         -2.01592           0.16738          -0.01200
   1     80         -2.14471           0.16759          -0.14078
   1    100         -2.61364           0.16820          -0.60972
   2      0         -2.00192           0.16707           0.00200
   3      0         -2.00393           0.16700           0.00000
   4      0         -2.00011           0.16578           0.00382
   5      0         -2.00256           0.16663           0.00137
   5     60         -2.02385           0.16668          -0.01993
   5     80         -2.18405           0.16693          -0.18012
   5    100         -2.61620           0.16749          -0.61227
 
 
 group  inft   Estimated free energy: total (kcal/mol)
   1      0      -2.4578      -2.5363      -2.5627      -2.5283      -2.4275
                 -2.5127      -2.5515      -2.5770      -2.5504      -2.4145
   1     60      -2.4740      -2.5526      -2.5790      -2.5447      -2.4438
                 -2.5290      -2.5677      -2.5932      -2.5666      -2.4309
   1     80      -2.6072      -2.6859      -2.7122      -2.6783      -2.5775
                 -2.6626      -2.7007      -2.7259      -2.6996      -2.5647
   1    100      -3.0938      -3.1724      -3.1989      -3.1653      -3.0653
                 -3.1498      -3.1866      -3.2107      -3.1851      -3.0522
   2      0      -2.4719      -2.5374      -2.5616      -2.5319      -2.4305
                 -2.5097      -2.5402      -2.5722      -2.5474      -2.4119
   3      0      -2.4731      -2.5438      -2.5537      -2.5301      -2.4264
                 -2.5043      -2.5343      -2.5663      -2.5395      -2.4111
   4      0      -2.4669      -2.5385      -2.5482      -2.5165      -2.4243
                 -2.4968      -2.5275      -2.5706      -2.5428      -2.3960
   5      0      -2.4694      -2.5341      -2.5479      -2.5244      -2.4224
                 -2.5002      -2.5262      -2.5636      -2.5393      -2.4108
   5     60      -2.4913      -2.5561      -2.5699      -2.5465      -2.4445
                 -2.5222      -2.5481      -2.5854      -2.5612      -2.4329
   5     80      -2.6574      -2.7221      -2.7358      -2.7130      -2.6109
                 -2.6886      -2.7137      -2.7506      -2.7268      -2.5995
   5    100      -3.1065      -3.1709      -3.1846      -3.1621      -3.0609
                 -3.1379      -3.1617      -3.1975      -3.1745      -3.0490
 
 group  inft   Estimated free energy: 1-th solvent contribution (kcal/mol)
   1      0       0.1475      -0.0511       0.0753       0.2847       0.1252
                  0.0592      -0.1441      -0.3594      -0.0199       0.0862
   1     60       0.1474      -0.0513       0.0751       0.2846       0.1250
                  0.0590      -0.1444      -0.3596      -0.0200       0.0860
   1     80       0.1456      -0.0532       0.0732       0.2828       0.1230
                  0.0571      -0.1464      -0.3615      -0.0219       0.0840
   1    100       0.1380      -0.0611       0.0654       0.2754       0.1151
                  0.0493      -0.1544      -0.3693      -0.0295       0.0762
   2      0       0.1406      -0.0485       0.0730       0.2763       0.1196
                  0.0547      -0.1396      -0.3586      -0.0240       0.0843
   3      0       0.1427      -0.0485       0.0754       0.2728       0.1208
                  0.0564      -0.1351      -0.3537      -0.0216       0.0841
   4      0       0.1438      -0.0507       0.0762       0.2722       0.1208
                  0.0552      -0.1366      -0.3574      -0.0277       0.0868
   5      0       0.1434      -0.0460       0.0772       0.2730       0.1182
                  0.0574      -0.1342      -0.3530      -0.0256       0.0828
   5     60       0.1432      -0.0463       0.0769       0.2728       0.1179
                  0.0571      -0.1345      -0.3532      -0.0259       0.0825
   5     80       0.1408      -0.0488       0.0744       0.2704       0.1154
                  0.0546      -0.1371      -0.3557      -0.0283       0.0800
   5    100       0.1334      -0.0562       0.0670       0.2632       0.1077
                  0.0471      -0.1446      -0.3631      -0.0356       0.0725
 
 group  inft   Estimated free energy: 2-th solvent contribution (kcal/mol)
   1      0      -0.2565      -0.4644      -0.6219      -0.5711      -0.4762
                 -0.4311      -0.5585      -0.8205      -0.7037      -0.4160
   1     60      -0.2568      -0.4647      -0.6223      -0.5714      -0.4765
                 -0.4314      -0.5588      -0.8208      -0.7041      -0.4163
   1     80      -0.2593      -0.4674      -0.6249      -0.5740      -0.4791
                 -0.4341      -0.5615      -0.8236      -0.7068      -0.4190
   1    100      -0.2685      -0.4771      -0.6348      -0.5838      -0.4888
                 -0.4439      -0.5715      -0.8335      -0.7168      -0.4289
   2      0      -0.2621      -0.4670      -0.6171      -0.5643      -0.4724
                 -0.4227      -0.5492      -0.8137      -0.6943      -0.4097
   3      0      -0.2639      -0.4675      -0.6099      -0.5580      -0.4672
                 -0.4188      -0.5432      -0.8119      -0.6875      -0.4081
   4      0      -0.2635      -0.4647      -0.6093      -0.5509      -0.4682
                 -0.4146      -0.5402      -0.8110      -0.6861      -0.4002
   5      0      -0.2624      -0.4608      -0.6036      -0.5576      -0.4649
                 -0.4163      -0.5376      -0.8097      -0.6862      -0.4058
   5     60      -0.2628      -0.4612      -0.6040      -0.5580      -0.4653
                 -0.4167      -0.5380      -0.8102      -0.6867      -0.4062
   5     80      -0.2660      -0.4646      -0.6074      -0.5613      -0.4687
                 -0.4201      -0.5414      -0.8135      -0.6901      -0.4096
   5    100      -0.2748      -0.4737      -0.6166      -0.5705      -0.4777
                 -0.4293      -0.5506      -0.8228      -0.6993      -0.4189
 
 group  inft   Estimated free energy: 3-th solvent contribution (kcal/mol)
   1      0      -2.3487      -2.0207      -2.0160      -2.2419      -2.0765
                 -2.1407      -1.8487      -1.3970      -1.8267      -2.0847
   1     60      -2.3645      -2.0365      -2.0317      -2.2577      -2.0923
                 -2.1565      -1.8644      -1.4127      -1.8424      -2.1005
   1     80      -2.4934      -2.1653      -2.1604      -2.3870      -2.2214
                 -2.2855      -1.9927      -1.5408      -1.9709      -2.2297
   1    100      -2.9632      -2.6341      -2.6294      -2.8567      -2.6915
                 -2.7551      -2.4606      -2.0077      -2.4387      -2.6994
   2      0      -2.3503      -2.0218      -2.0174      -2.2438      -2.0776
                 -2.1417      -1.8514      -1.3998      -1.8290      -2.0865
   3      0      -2.3519      -2.0277      -2.0191      -2.2448      -2.0799
                 -2.1419      -1.8560      -1.4007      -1.8303      -2.0870
   4      0      -2.3471      -2.0229      -2.0150      -2.2378      -2.0768
                 -2.1373      -1.8506      -1.4022      -1.8289      -2.0825
   5      0      -2.3503      -2.0272      -2.0214      -2.2398      -2.0756
                 -2.1411      -1.8544      -1.4008      -1.8273      -2.0877
   5     60      -2.3716      -2.0485      -2.0427      -2.2612      -2.0970
                 -2.1625      -1.8755      -1.4219      -1.8486      -2.1091
   5     80      -2.5320      -2.2087      -2.2028      -2.4219      -2.2575
                 -2.3230      -2.0352      -1.5813      -2.0084      -2.2697
   5    100      -2.9650      -2.6408      -2.6349      -2.8548      -2.6908
                 -2.7557      -2.4664      -2.0116      -2.4395      -2.7026
 
 
 cumulative average & 95% error for solvation free energy
              total             1st component         2nd component         3rd component
  1    -2.4731                0.1427               -0.2639               -2.3519
  2    -2.5085     0.0707     0.0471     0.1912    -0.3657     0.2036    -2.1898     0.3241
  3    -2.5235     0.0507     0.0565     0.1120    -0.4471     0.2008    -2.1329     0.2190
  4    -2.5252     0.0360     0.1106     0.1340    -0.4748     0.1524    -2.1609     0.1647
  5    -2.5054     0.0484     0.1126     0.1039    -0.4733     0.1181    -2.1447     0.1316
  6    -2.5052     0.0395     0.1033     0.0869    -0.4642     0.0981    -2.1442     0.1075
  7    -2.5094     0.0344     0.0692     0.1001    -0.4755     0.0860    -2.1030     0.1226
  8    -2.5165     0.0330     0.0163     0.1367    -0.5175     0.1123    -2.0152     0.2052
  9    -2.5191     0.0296     0.0121     0.1209    -0.5364     0.1060    -1.9947     0.1856
 10    -2.5083     0.0341     0.0193     0.1091    -0.5236     0.0982    -2.0039     0.1670
