 ERmod 0.3.8, Copyright (C) 2000-2019 Nobuyuki Matubayasi
                            2010-2019 Shun Sakuraba
 ERmod comes with ABSOLUTELY NO WARRANTY.
 This is free software, and you can redistribute it
 and/or modify it under certain conditions.
 See LICENSE file for details.
 ERmod 0.3.8, Copyright (C) 2000-2019 Nobuyuki Matubayasi
                            2010-2019 Shun Sakuraba
 ERmod comes with ABSOLUTELY NO WARRANTY.
 This is free software, and you can redistribute it
 and/or modify it under certain conditions.
 See LICENSE file for details.
 
  Number of the   1-th solvent  =           90
  Number of the   2-th solvent  =           90
  Number of the   3-th solvent  =        10000
 
  Be sure that the solvent distribution is homogeneous (radial distribution function is essentially unity) when the solvent molecule is separated beyond distance of   10.0 Angstrom in any direction from any atom within the solute molecule
 
  LJ long-range correction    =        -0.0013     -0.0105     -0.3395
 
  Self-energy of the solute   =        -0.0001  kcal/mol
 
 
 cumulative average & 95% error for solvation energy
              total             1st component         2nd component         3rd component
  1   -20.3750               -0.6514               -1.0517              -18.6718
  2   -20.3925     0.0350    -1.1165     0.9301    -0.9242     0.2550   -18.3517     0.6401
  3   -20.3959     0.0213    -0.9421     0.6403    -0.9115     0.1494   -18.5422     0.5308
  4   -20.3818     0.0319    -0.7669     0.5725    -0.7776     0.2880   -18.8373     0.6994
  5   -20.3699     0.0344    -0.8227     0.4573    -0.7997     0.2275   -18.7474     0.5709
  6   -20.3590     0.0355    -0.7597     0.3941    -0.8170     0.1889   -18.7822     0.4713
  7   -20.3654     0.0326    -0.6766     0.3722    -0.8131     0.1599   -18.8756     0.4399
  8   -20.3532     0.0373    -0.7150     0.3313    -0.8520     0.1588   -18.7861     0.4209
  9   -20.3582     0.0344    -0.6753     0.3028    -0.8344     0.1444   -18.8484     0.3916
 10   -20.3567     0.0310    -0.6259     0.2883    -0.8292     0.1296   -18.9014     0.3660
 
 
 group  inft  solvation free energy     error          difference
  total solvation free energy
   1      0         -2.63364           0.02129           0.00561
   1     60         -2.65018           0.02128          -0.01093
   1     80         -2.78376           0.02125          -0.14451
   1    100         -3.26445           0.02126          -0.62519
   2      0         -2.63435           0.02143           0.00490
   3      0         -2.63925           0.02257           0.00000
   4      0         -2.63390           0.02177           0.00535
   5      0         -2.63787           0.02162           0.00138
   5     60         -2.66022           0.02162          -0.02097
   5     80         -2.82634           0.02164          -0.18709
   5    100         -3.26969           0.02181          -0.63044
 
  contribution from  1-th solvent component
   1      0         -0.20656           0.14891           0.00877
   1     60         -0.20653           0.14891           0.00880
   1     80         -0.20624           0.14895           0.00909
   1    100         -0.20551           0.14913           0.00982
   2      0         -0.21239           0.14778           0.00294
   3      0         -0.21533           0.14669           0.00000
   4      0         -0.21682           0.14586          -0.00149
   5      0         -0.21801           0.14443          -0.00268
   5     60         -0.21797           0.14443          -0.00265
   5     80         -0.21781           0.14446          -0.00248
   5    100         -0.21768           0.14456          -0.00235
 
  contribution from  2-th solvent component
   1      0         -0.37458           0.05943          -0.00745
   1     60         -0.37482           0.05943          -0.00769
   1     80         -0.37671           0.05942          -0.00958
   1    100         -0.38338           0.05942          -0.01625
   2      0         -0.36844           0.05895          -0.00131
   3      0         -0.36713           0.05847           0.00000
   4      0         -0.36595           0.05885           0.00118
   5      0         -0.36485           0.05894           0.00229
   5     60         -0.36517           0.05894           0.00196
   5     80         -0.36753           0.05894          -0.00040
   5    100         -0.37366           0.05893          -0.00653
 
  contribution from  3-th solvent component
   1      0         -2.05239           0.18907           0.00429
   1     60         -2.06873           0.18910          -0.01205
   1     80         -2.20070           0.18931          -0.14402
   1    100         -2.67545           0.19022          -0.61876
   2      0         -2.05341           0.18884           0.00327
   3      0         -2.05668           0.18921           0.00000
   4      0         -2.05102           0.18770           0.00566
   5      0         -2.05490           0.18822           0.00178
   5     60         -2.07697           0.18826          -0.02029
   5     80         -2.24088           0.18854          -0.18420
   5    100         -2.67823           0.18936          -0.62155
 
 
 group  inft   Estimated free energy: total (kcal/mol)
   1      0      -2.6023      -2.6347      -2.6905      -2.6745      -2.6158
                 -2.6539      -2.6274      -2.6435      -2.6163      -2.5776
   1     60      -2.6188      -2.6512      -2.7070      -2.6911      -2.6323
                 -2.6705      -2.6440      -2.6600      -2.6329      -2.5941
   1     80      -2.7524      -2.7845      -2.8404      -2.8249      -2.7652
                 -2.8041      -2.7778      -2.7934      -2.7670      -2.7280
   1    100      -3.2330      -3.2639      -3.3209      -3.3070      -3.2432
                 -3.2849      -3.2594      -3.2731      -3.2493      -3.2098
   2      0      -2.6022      -2.6356      -2.6899      -2.6825      -2.6158
                 -2.6540      -2.6205      -2.6386      -2.6231      -2.5813
   3      0      -2.6073      -2.6339      -2.6991      -2.6922      -2.6180
                 -2.6609      -2.6306      -2.6377      -2.6273      -2.5856
   4      0      -2.6018      -2.6270      -2.6901      -2.6799      -2.6130
                 -2.6645      -2.6216      -2.6333      -2.6260      -2.5817
   5      0      -2.6127      -2.6325      -2.6897      -2.6912      -2.6080
                 -2.6637      -2.6322      -2.6320      -2.6299      -2.5866
   5     60      -2.6351      -2.6548      -2.7120      -2.7136      -2.6302
                 -2.6861      -2.6546      -2.6543      -2.6524      -2.6091
   5     80      -2.8012      -2.8205      -2.8780      -2.8800      -2.7954
                 -2.8523      -2.8211      -2.8200      -2.8192      -2.7756
   5    100      -3.2446      -3.2625      -3.3210      -3.3247      -3.2363
                 -3.2959      -3.2654      -3.2623      -3.2640      -3.2201
 
 group  inft   Estimated free energy: 1-th solvent contribution (kcal/mol)
   1      0      -0.2158      -0.6609      -0.2418      -0.0072      -0.4230
                 -0.1380       0.0368      -0.4237      -0.0452       0.0531
   1     60      -0.2158      -0.6609      -0.2417      -0.0072      -0.4229
                 -0.1379       0.0368      -0.4236      -0.0451       0.0532
   1     80      -0.2155      -0.6607      -0.2415      -0.0068      -0.4227
                 -0.1376       0.0372      -0.4234      -0.0448       0.0535
   1    100      -0.2146      -0.6605      -0.2411      -0.0058      -0.4222
                 -0.1366       0.0383      -0.4230      -0.0441       0.0545
   2      0      -0.2249      -0.6652      -0.2463      -0.0189      -0.4279
                 -0.1436       0.0332      -0.4228      -0.0522       0.0449
   3      0      -0.2294      -0.6647      -0.2526      -0.0239      -0.4284
                 -0.1479       0.0279      -0.4219      -0.0549       0.0425
   4      0      -0.2268      -0.6639      -0.2561      -0.0267      -0.4295
                 -0.1564       0.0289      -0.4193      -0.0572       0.0388
   5      0      -0.2331      -0.6634      -0.2544      -0.0320      -0.4263
                 -0.1541       0.0217      -0.4166      -0.0594       0.0374
   5     60      -0.2330      -0.6634      -0.2543      -0.0319      -0.4263
                 -0.1541       0.0218      -0.4166      -0.0593       0.0375
   5     80      -0.2328      -0.6633      -0.2542      -0.0317      -0.4262
                 -0.1539       0.0220      -0.4164      -0.0592       0.0376
   5    100      -0.2327      -0.6635      -0.2543      -0.0314      -0.4262
                 -0.1535       0.0225      -0.4165      -0.0591       0.0378
 
 group  inft   Estimated free energy: 2-th solvent contribution (kcal/mol)
   1      0      -0.4485      -0.3828      -0.4052      -0.1791      -0.4103
                 -0.4188      -0.3312      -0.5284      -0.3103      -0.3312
   1     60      -0.4487      -0.3830      -0.4055      -0.1794      -0.4106
                 -0.4191      -0.3314      -0.5286      -0.3106      -0.3314
   1     80      -0.4506      -0.3849      -0.4074      -0.1813      -0.4125
                 -0.4209      -0.3333      -0.5305      -0.3125      -0.3333
   1    100      -0.4573      -0.3916      -0.4140      -0.1880      -0.4191
                 -0.4276      -0.3398      -0.5372      -0.3192      -0.3400
   2      0      -0.4370      -0.3778      -0.3993      -0.1745      -0.4040
                 -0.4127      -0.3210      -0.5233      -0.3082      -0.3265
   3      0      -0.4352      -0.3747      -0.3976      -0.1754      -0.4012
                 -0.4105      -0.3214      -0.5224      -0.3076      -0.3252
   4      0      -0.4349      -0.3715      -0.3949      -0.1710      -0.4007
                 -0.4115      -0.3204      -0.5208      -0.3090      -0.3247
   5      0      -0.4365      -0.3710      -0.3936      -0.1713      -0.3981
                 -0.4089      -0.3201      -0.5208      -0.3046      -0.3235
   5     60      -0.4369      -0.3713      -0.3939      -0.1717      -0.3984
                 -0.4092      -0.3204      -0.5212      -0.3049      -0.3238
   5     80      -0.4392      -0.3737      -0.3963      -0.1740      -0.4008
                 -0.4115      -0.3227      -0.5235      -0.3073      -0.3262
   5    100      -0.4453      -0.3799      -0.4024      -0.1802      -0.4069
                 -0.4177      -0.3288      -0.5297      -0.3135      -0.3324
 
 group  inft   Estimated free energy: 3-th solvent contribution (kcal/mol)
   1      0      -1.9379      -1.5909      -2.0433      -2.4881      -1.7824
                 -2.0970      -2.3329      -1.6913      -2.2607      -2.2994
   1     60      -1.9542      -1.6072      -2.0596      -2.5044      -1.7987
                 -2.1134      -2.3493      -1.7076      -2.2771      -2.3158
   1     80      -2.0862      -1.7387      -2.1914      -2.6367      -1.9299
                 -2.2454      -2.4816      -1.8393      -2.4096      -2.4481
   1    100      -2.5610      -2.2116      -2.6657      -3.1130      -2.4018
                 -2.7206      -2.9578      -2.3128      -2.8859      -2.9241
   2      0      -1.9401      -1.5925      -2.0442      -2.4890      -1.7838
                 -2.0976      -2.3326      -1.6924      -2.2626      -2.2995
   3      0      -1.9425      -1.5944      -2.0487      -2.4928      -1.7884
                 -2.1024      -2.3370      -1.6933      -2.2646      -2.3028
   4      0      -1.9400      -1.5916      -2.0389      -2.4821      -1.7827
                 -2.0965      -2.3300      -1.6931      -2.2596      -2.2957
   5      0      -1.9430      -1.5980      -2.0416      -2.4878      -1.7834
                 -2.1006      -2.3338      -1.6945      -2.2658      -2.3005
   5     60      -1.9651      -1.6200      -2.0637      -2.5099      -1.8054
                 -2.1227      -2.3559      -1.7165      -2.2880      -2.3226
   5     80      -2.1291      -1.7833      -2.2273      -2.6742      -1.9684
                 -2.2868      -2.5203      -1.8799      -2.4526      -2.4869
   5    100      -2.5665      -2.2190      -2.6643      -3.1129      -2.4032
                 -2.7246      -2.9590      -2.3161      -2.8913      -2.9254
 
 
 cumulative average & 95% error for solvation free energy
              total             1st component         2nd component         3rd component
  1    -2.6073               -0.2294               -0.4352               -1.9425
  2    -2.6206     0.0266    -0.4471     0.4353    -0.4050     0.0606    -1.7684     0.3482
  3    -2.6467     0.0545    -0.3822     0.2828    -0.4025     0.0353    -1.8619     0.2744
  4    -2.6581     0.0448    -0.2927     0.2685    -0.3457     0.1163    -2.0196     0.3704
  5    -2.6501     0.0382    -0.3198     0.2149    -0.3568     0.0927    -1.9734     0.3014
  6    -2.6519     0.0314    -0.2911     0.1846    -0.3658     0.0778    -1.9949     0.2498
  7    -2.6489     0.0272    -0.2456     0.1807    -0.3594     0.0670    -2.0437     0.2327
  8    -2.6475     0.0237    -0.2676     0.1626    -0.3798     0.0709    -1.9999     0.2197
  9    -2.6452     0.0214    -0.2440     0.1510    -0.3718     0.0645    -2.0293     0.2025
 10    -2.6393     0.0226    -0.2153     0.1467    -0.3671     0.0585    -2.0567     0.1892
