 ERmod 0.3.8, Copyright (C) 2000-2019 Nobuyuki Matubayasi
                            2010-2019 Shun Sakuraba
 ERmod comes with ABSOLUTELY NO WARRANTY.
 This is free software, and you can redistribute it
 and/or modify it under certain conditions.
 See LICENSE file for details.
 ERmod 0.3.8, Copyright (C) 2000-2019 Nobuyuki Matubayasi
                            2010-2019 Shun Sakuraba
 ERmod comes with ABSOLUTELY NO WARRANTY.
 This is free software, and you can redistribute it
 and/or modify it under certain conditions.
 See LICENSE file for details.
 
  Number of the   1-th solvent  =          180
  Number of the   2-th solvent  =          180
  Number of the   3-th solvent  =        10000
 
  Be sure that the solvent distribution is homogeneous (radial distribution function is essentially unity) when the solvent molecule is separated beyond distance of   10.0 Angstrom in any direction from any atom within the solute molecule
 
  LJ long-range correction    =        -0.0059     -0.0146     -0.2358
 
  Self-energy of the solute   =        -0.0000  kcal/mol
 
 
 cumulative average & 95% error for solvation energy
              total             1st component         2nd component         3rd component
  1   -18.3469                0.0279               -1.1655              -17.2092
  2   -18.2639     0.1659    -0.5773     1.2103    -1.2073     0.0836   -16.4793     1.4598
  3   -18.3044     0.1255    -0.5688     0.6990    -1.2029     0.0490   -16.5327     0.8496
  4   -18.2864     0.0958    -0.5817     0.4949    -1.2225     0.0524   -16.4821     0.6092
  5   -18.2817     0.0748    -0.5328     0.3957    -1.2463     0.0625   -16.5026     0.4737
  6   -18.2760     0.0621    -0.6511     0.4005    -1.2517     0.0521   -16.3731     0.4655
  7   -18.2832     0.0545    -0.6660     0.3398    -1.2420     0.0482   -16.3751     0.3935
  8   -18.2826     0.0472    -0.6950     0.2999    -1.2157     0.0671   -16.3718     0.3408
  9   -18.2812     0.0417    -0.8050     0.3441    -1.1882     0.0808   -16.2880     0.3442
 10   -18.2773     0.0381    -0.8827     0.3448    -1.1655     0.0853   -16.2290     0.3297
 
 
 group  inft  solvation free energy     error          difference
  total solvation free energy
   1      0         -3.19080           0.03418          -0.01106
   1     60         -3.20957           0.03417          -0.02983
   1     80         -3.33871           0.03417          -0.15898
   1    100         -3.74823           0.03421          -0.56850
   2      0         -3.18289           0.03238          -0.00315
   3      0         -3.17974           0.03213           0.00000
   4      0         -3.17581           0.03285           0.00393
   5      0         -3.17499           0.03014           0.00475
   5     60         -3.20002           0.03014          -0.02028
   5     80         -3.35722           0.03014          -0.17748
   5    100         -3.73267           0.03018          -0.55293
 
  contribution from  1-th solvent component
   1      0         -0.23051           0.17614          -0.00333
   1     60         -0.23074           0.17615          -0.00355
   1     80         -0.23245           0.17621          -0.00527
   1    100         -0.23855           0.17637          -0.01137
   2      0         -0.22832           0.17245          -0.00114
   3      0         -0.22718           0.17238           0.00000
   4      0         -0.22700           0.17121           0.00019
   5      0         -0.22573           0.16980           0.00145
   5     60         -0.22605           0.16981           0.00113
   5     80         -0.22825           0.16984          -0.00107
   5    100         -0.23400           0.16992          -0.00682
 
  contribution from  2-th solvent component
   1      0         -0.53380           0.04698          -0.01116
   1     60         -0.53439           0.04698          -0.01175
   1     80         -0.53824           0.04699          -0.01560
   1    100         -0.55000           0.04699          -0.02737
   2      0         -0.52642           0.04683          -0.00379
   3      0         -0.52264           0.04621           0.00000
   4      0         -0.52169           0.04718           0.00095
   5      0         -0.52015           0.04665           0.00248
   5     60         -0.52093           0.04665           0.00171
   5     80         -0.52561           0.04665          -0.00297
   5    100         -0.53634           0.04664          -0.01370
 
  contribution from  3-th solvent component
   1      0         -2.42644           0.15079           0.00343
   1     60         -2.44440           0.15081          -0.01453
   1     80         -2.56797           0.15094          -0.13810
   1    100         -2.95963           0.15123          -0.52976
   2      0         -2.42810           0.15052           0.00177
   3      0         -2.42987           0.15069           0.00000
   4      0         -2.42708           0.14977           0.00279
   5      0         -2.42906           0.15028           0.00081
   5     60         -2.45299           0.15031          -0.02312
   5     80         -2.60331           0.15046          -0.17344
   5    100         -2.96228           0.15072          -0.53241
 
 
 group  inft   Estimated free energy: total (kcal/mol)
   1      0      -3.0964      -3.2708      -3.2121      -3.2672      -3.1609
                 -3.1865      -3.1768      -3.1342      -3.2098      -3.1933
   1     60      -3.1152      -3.2896      -3.2309      -3.2860      -3.1797
                 -3.2052      -3.1956      -3.1530      -3.2286      -3.2120
   1     80      -3.2447      -3.4189      -3.3603      -3.4150      -3.3089
                 -3.3339      -3.3250      -3.2817      -3.3578      -3.3409
   1    100      -3.6551      -3.8293      -3.7703      -3.8241      -3.7184
                 -3.7420      -3.7353      -3.6904      -3.7680      -3.7494
   2      0      -3.1034      -3.2624      -3.2085      -3.2588      -3.1535
                 -3.1697      -3.1678      -3.1289      -3.2001      -3.1758
   3      0      -3.1015      -3.2546      -3.2070      -3.2577      -3.1457
                 -3.1725      -3.1659      -3.1260      -3.1968      -3.1696
   4      0      -3.0974      -3.2611      -3.2024      -3.2521      -3.1473
                 -3.1552      -3.1635      -3.1236      -3.1877      -3.1678
   5      0      -3.1082      -3.2488      -3.2020      -3.2495      -3.1474
                 -3.1612      -3.1651      -3.1188      -3.1797      -3.1693
   5     60      -3.1333      -3.2738      -3.2271      -3.2745      -3.1724
                 -3.1861      -3.1901      -3.1438      -3.2047      -3.1943
   5     80      -3.2911      -3.4312      -3.3846      -3.4315      -3.3297
                 -3.3426      -3.3476      -3.3005      -3.3620      -3.3513
   5    100      -3.6677      -3.8073      -3.7606      -3.8065      -3.7052
                 -3.7167      -3.7237      -3.6752      -3.7380      -3.7259
 
 group  inft   Estimated free energy: 1-th solvent contribution (kcal/mol)
   1      0       0.2692      -0.4222      -0.0550      -0.1806       0.0520
                 -0.3915      -0.1771      -0.2068      -0.6204      -0.5727
   1     60       0.2690      -0.4225      -0.0552      -0.1808       0.0518
                 -0.3918      -0.1773      -0.2070      -0.6206      -0.5729
   1     80       0.2676      -0.4243      -0.0569      -0.1825       0.0502
                 -0.3936      -0.1791      -0.2087      -0.6224      -0.5747
   1    100       0.2622      -0.4307      -0.0629      -0.1886       0.0444
                 -0.3999      -0.1854      -0.2149      -0.6286      -0.5811
   2      0       0.2569      -0.4146      -0.0554      -0.1792       0.0508
                 -0.3850      -0.1745      -0.2053      -0.6154      -0.5615
   3      0       0.2569      -0.4141      -0.0516      -0.1796       0.0515
                 -0.3862      -0.1727      -0.2028      -0.6136      -0.5595
   4      0       0.2507      -0.4149      -0.0515      -0.1791       0.0537
                 -0.3809      -0.1758      -0.2033      -0.6140      -0.5549
   5      0       0.2467      -0.4091      -0.0490      -0.1774       0.0511
                 -0.3822      -0.1727      -0.2028      -0.6083      -0.5536
   5     60       0.2464      -0.4095      -0.0493      -0.1777       0.0508
                 -0.3825      -0.1730      -0.2032      -0.6086      -0.5540
   5     80       0.2444      -0.4118      -0.0515      -0.1798       0.0487
                 -0.3848      -0.1752      -0.2054      -0.6108      -0.5563
   5    100       0.2389      -0.4177      -0.0573      -0.1856       0.0432
                 -0.3906      -0.1811      -0.2112      -0.6165      -0.5621
 
 group  inft   Estimated free energy: 2-th solvent contribution (kcal/mol)
   1      0      -0.5050      -0.6269      -0.5379      -0.6200      -0.6074
                 -0.5934      -0.5061      -0.4351      -0.4423      -0.4640
   1     60      -0.5055      -0.6275      -0.5385      -0.6206      -0.6080
                 -0.5939      -0.5067      -0.4357      -0.4429      -0.4646
   1     80      -0.5094      -0.6313      -0.5424      -0.6244      -0.6120
                 -0.5978      -0.5105      -0.4395      -0.4468      -0.4683
   1    100      -0.5214      -0.6429      -0.5542      -0.6361      -0.6240
                 -0.6094      -0.5222      -0.4513      -0.4586      -0.4798
   2      0      -0.4995      -0.6231      -0.5307      -0.6125      -0.5978
                 -0.5822      -0.4988      -0.4285      -0.4357      -0.4553
   3      0      -0.4959      -0.6174      -0.5293      -0.6078      -0.5896
                 -0.5798      -0.4977      -0.4267      -0.4320      -0.4501
   4      0      -0.4937      -0.6199      -0.5296      -0.6064      -0.5948
                 -0.5752      -0.4948      -0.4239      -0.4258      -0.4529
   5      0      -0.4967      -0.6153      -0.5286      -0.6037      -0.5898
                 -0.5748      -0.4964      -0.4189      -0.4252      -0.4521
   5     60      -0.4975      -0.6161      -0.5293      -0.6045      -0.5906
                 -0.5756      -0.4972      -0.4197      -0.4260      -0.4528
   5     80      -0.5023      -0.6207      -0.5341      -0.6091      -0.5954
                 -0.5802      -0.5019      -0.4243      -0.4307      -0.4574
   5    100      -0.5132      -0.6313      -0.5449      -0.6197      -0.6064
                 -0.5908      -0.5126      -0.4350      -0.4415      -0.4679
 
 group  inft   Estimated free energy: 3-th solvent contribution (kcal/mol)
   1      0      -2.8606      -2.2216      -2.6192      -2.4666      -2.6055
                 -2.2016      -2.4936      -2.4923      -2.1470      -2.1565
   1     60      -2.8786      -2.2396      -2.6372      -2.4845      -2.6234
                 -2.2194      -2.5116      -2.5102      -2.1650      -2.1745
   1     80      -3.0028      -2.3633      -2.7609      -2.6081      -2.7470
                 -2.3425      -2.6354      -2.6334      -2.2886      -2.2978
   1    100      -3.3958      -2.7556      -3.1531      -2.9994      -3.1387
                 -2.7327      -3.0276      -3.0242      -2.6807      -2.6885
   2      0      -2.8607      -2.2246      -2.6223      -2.4671      -2.6065
                 -2.2025      -2.4944      -2.4950      -2.1490      -2.1590
   3      0      -2.8625      -2.2230      -2.6261      -2.4703      -2.6075
                 -2.2063      -2.4955      -2.4964      -2.1511      -2.1600
   4      0      -2.8544      -2.2262      -2.6213      -2.4666      -2.6061
                 -2.1991      -2.4929      -2.4964      -2.1479      -2.1599
   5      0      -2.8581      -2.2243      -2.6244      -2.4683      -2.6086
                 -2.2041      -2.4959      -2.4971      -2.1462      -2.1636
   5     60      -2.8822      -2.2483      -2.6484      -2.4923      -2.6325
                 -2.2279      -2.5198      -2.5209      -2.1701      -2.1875
   5     80      -3.0332      -2.3987      -2.7990      -2.6425      -2.7829
                 -2.3776      -2.6704      -2.6708      -2.3205      -2.3375
   5    100      -3.3934      -2.7583      -3.1584      -3.0011      -3.1419
                 -2.7352      -3.0300      -3.0289      -2.6799      -2.6957
 
 
 cumulative average & 95% error for solvation free energy
              total             1st component         2nd component         3rd component
  1    -3.1015                0.2569               -0.4959               -2.8625
  2    -3.1781     0.1531    -0.0786     0.6710    -0.5566     0.1216    -2.5428     0.6395
  3    -3.1877     0.0905    -0.0696     0.3878    -0.5475     0.0725    -2.5705     0.3734
  4    -3.2052     0.0729    -0.0971     0.2797    -0.5626     0.0595    -2.5455     0.2687
  5    -3.1933     0.0613    -0.0674     0.2247    -0.5680     0.0473    -2.5579     0.2096
  6    -3.1898     0.0505    -0.1205     0.2120    -0.5700     0.0388    -2.4993     0.2074
  7    -3.1864     0.0432    -0.1280     0.1798    -0.5596     0.0388    -2.4987     0.1753
  8    -3.1789     0.0404    -0.1373     0.1568    -0.5430     0.0472    -2.4985     0.1518
  9    -3.1809     0.0358    -0.1903     0.1742    -0.5307     0.0484    -2.4599     0.1546
 10    -3.1797     0.0321    -0.2272     0.1724    -0.5226     0.0462    -2.4299     0.1507
