 ERmod 0.3.8, Copyright (C) 2000-2019 Nobuyuki Matubayasi
                            2010-2019 Shun Sakuraba
 ERmod comes with ABSOLUTELY NO WARRANTY.
 This is free software, and you can redistribute it
 and/or modify it under certain conditions.
 See LICENSE file for details.
 ERmod 0.3.8, Copyright (C) 2000-2019 Nobuyuki Matubayasi
                            2010-2019 Shun Sakuraba
 ERmod comes with ABSOLUTELY NO WARRANTY.
 This is free software, and you can redistribute it
 and/or modify it under certain conditions.
 See LICENSE file for details.
 
  Number of the   1-th solvent  =          180
  Number of the   2-th solvent  =          180
  Number of the   3-th solvent  =        10000
 
  Be sure that the solvent distribution is homogeneous (radial distribution function is essentially unity) when the solvent molecule is separated beyond distance of   10.0 Angstrom in any direction from any atom within the solute molecule
 
  LJ long-range correction    =        -0.0091     -0.0099     -0.5405
 
  Self-energy of the solute   =        -0.0001  kcal/mol
 
 
 cumulative average & 95% error for solvation energy
              total             1st component         2nd component         3rd component
  1   -25.1456                0.1068               -0.7477              -24.5046
  2   -25.0580     0.1753     0.3318     0.4500    -1.1221     0.7489   -24.2675     0.4742
  3   -25.0067     0.1441     0.0641     0.5952    -1.0084     0.4886   -24.0622     0.4935
  4   -24.9677     0.1282    -0.1934     0.6651    -0.9283     0.3808   -23.8459     0.5558
  5   -24.9481     0.1068    -0.2958     0.5544    -0.8823     0.3090   -23.7698     0.4566
  6   -24.9479     0.0872    -0.3424     0.4621    -0.9456     0.2823   -23.6598     0.4329
  7   -24.9678     0.0837    -0.4303     0.4284    -1.0354     0.2985   -23.5020     0.4832
  8   -24.9692     0.0726    -0.3349     0.4172    -1.0317     0.2586   -23.6025     0.4643
  9   -24.9903     0.0766    -0.3623     0.3720    -1.0539     0.2324   -23.5739     0.4134
 10   -24.9851     0.0693    -0.3641     0.3327    -1.0208     0.2181   -23.6001     0.3735
 
 
 group  inft  solvation free energy     error          difference
  total solvation free energy
   1      0         -1.48528           0.07738           0.00830
   1     60         -1.50088           0.07740          -0.00730
   1     80         -1.65511           0.07757          -0.16153
   1    100         -2.32815           0.07831          -0.83457
   2      0         -1.49045           0.07784           0.00313
   3      0         -1.49358           0.07843           0.00000
   4      0         -1.48773           0.07822           0.00585
   5      0         -1.48692           0.07669           0.00666
   5     60         -1.50846           0.07672          -0.01489
   5     80         -1.70679           0.07691          -0.21321
   5    100         -2.33176           0.07752          -0.83818
 
  contribution from  1-th solvent component
   1      0          0.16738           0.17664           0.01206
   1     60          0.16723           0.17664           0.01190
   1     80          0.16546           0.17669           0.01014
   1    100          0.15622           0.17696           0.00089
   2      0          0.15706           0.17296           0.00173
   3      0          0.15533           0.17296           0.00000
   4      0          0.15434           0.17156          -0.00098
   5      0          0.15394           0.17062          -0.00138
   5     60          0.15372           0.17062          -0.00161
   5     80          0.15126           0.17065          -0.00406
   5    100          0.14219           0.17078          -0.01314
 
  contribution from  2-th solvent component
   1      0         -0.66744           0.09693          -0.00760
   1     60         -0.66709           0.09692          -0.00725
   1     80         -0.66544           0.09687          -0.00560
   1    100         -0.66294           0.09669          -0.00310
   2      0         -0.66054           0.09794          -0.00070
   3      0         -0.65984           0.09807           0.00000
   4      0         -0.66029           0.09780          -0.00045
   5      0         -0.66041           0.09874          -0.00057
   5     60         -0.65998           0.09873          -0.00014
   5     80         -0.65826           0.09866           0.00158
   5    100         -0.65681           0.09852           0.00303
 
  contribution from  3-th solvent component
   1      0         -0.98508           0.18212           0.00384
   1     60         -1.00088           0.18214          -0.01196
   1     80         -1.15498           0.18235          -0.16606
   1    100         -1.82128           0.18349          -0.83236
   2      0         -0.98682           0.18219           0.00210
   3      0         -0.98892           0.18227           0.00000
   4      0         -0.98164           0.18139           0.00728
   5      0         -0.98031           0.18185           0.00861
   5     60         -1.00206           0.18188          -0.01314
   5     80         -1.19965           0.18215          -0.21073
   5    100         -1.81699           0.18319          -0.82807
 
 
 group  inft   Estimated free energy: total (kcal/mol)
   1      0      -1.7528      -1.3993      -1.5451      -1.3569      -1.5350
                 -1.4898      -1.5042      -1.3105      -1.5134      -1.4458
   1     60      -1.7685      -1.4149      -1.5606      -1.3725      -1.5506
                 -1.5054      -1.5198      -1.3261      -1.5291      -1.4613
   1     80      -1.9239      -1.5687      -1.7146      -1.5269      -1.7046
                 -1.6590      -1.6735      -1.4805      -1.6838      -1.6156
   1    100      -2.6022      -2.2401      -2.3870      -2.2000      -2.3774
                 -2.3293      -2.3439      -2.1545      -2.3578      -2.2894
   2      0      -1.7633      -1.4193      -1.5392      -1.3546      -1.5313
                 -1.4960      -1.5090      -1.3130      -1.5242      -1.4546
   3      0      -1.7697      -1.4139      -1.5416      -1.3588      -1.5280
                 -1.5048      -1.5068      -1.3174      -1.5347      -1.4599
   4      0      -1.7632      -1.4161      -1.5255      -1.3558      -1.5244
                 -1.5012      -1.5055      -1.3044      -1.5252      -1.4560
   5      0      -1.7606      -1.4228      -1.5229      -1.3556      -1.5111
                 -1.4952      -1.5036      -1.3106      -1.5298      -1.4570
   5     60      -1.7824      -1.4443      -1.5444      -1.3771      -1.5326
                 -1.5167      -1.5250      -1.3322      -1.5514      -1.4785
   5     80      -1.9821      -1.6421      -1.7425      -1.5756      -1.7307
                 -1.7142      -1.7227      -1.5308      -1.7503      -1.6769
   5    100      -2.6116      -2.2660      -2.3667      -2.2005      -2.3551
                 -2.3365      -2.3452      -2.1570      -2.3763      -2.3026
 
 group  inft   Estimated free energy: 1-th solvent contribution (kcal/mol)
   1      0       0.3008       0.6487       0.0347      -0.1091      -0.0380
                  0.0764      -0.1368       0.6245       0.0881       0.1846
   1     60       0.3007       0.6486       0.0346      -0.1093      -0.0382
                  0.0762      -0.1369       0.6243       0.0880       0.1844
   1     80       0.2990       0.6468       0.0327      -0.1113      -0.0400
                  0.0744      -0.1388       0.6227       0.0864       0.1827
   1    100       0.2900       0.6378       0.0225      -0.1214      -0.0492
                  0.0651      -0.1486       0.6144       0.0779       0.1737
   2      0       0.2817       0.6257       0.0365      -0.1085      -0.0432
                  0.0696      -0.1455       0.6111       0.0721       0.1708
   3      0       0.2771       0.6287       0.0346      -0.1095      -0.0447
                  0.0643      -0.1442       0.6063       0.0670       0.1737
   4      0       0.2757       0.6182       0.0396      -0.1066      -0.0468
                  0.0642      -0.1471       0.6062       0.0700       0.1700
   5      0       0.2789       0.6171       0.0434      -0.1111      -0.0439
                  0.0633      -0.1429       0.5999       0.0655       0.1693
   5     60       0.2787       0.6168       0.0431      -0.1114      -0.0441
                  0.0630      -0.1431       0.5997       0.0653       0.1691
   5     80       0.2763       0.6144       0.0405      -0.1140      -0.0465
                  0.0606      -0.1457       0.5973       0.0630       0.1667
   5    100       0.2674       0.6053       0.0309      -0.1237      -0.0555
                  0.0515      -0.1551       0.5887       0.0545       0.1579
 
 group  inft   Estimated free energy: 2-th solvent contribution (kcal/mol)
   1      0      -0.6465      -0.8608      -0.5580      -0.4598      -0.5755
                 -0.8196      -0.8942      -0.5899      -0.7520      -0.5181
   1     60      -0.6461      -0.8604      -0.5577      -0.4595      -0.5751
                 -0.8192      -0.8939      -0.5895      -0.7517      -0.5178
   1     80      -0.6448      -0.8585      -0.5561      -0.4579      -0.5735
                 -0.8170      -0.8924      -0.5878      -0.7502      -0.5162
   1    100      -0.6434      -0.8553      -0.5532      -0.4557      -0.5710
                 -0.8126      -0.8902      -0.5850      -0.7487      -0.5144
   2      0      -0.6366      -0.8566      -0.5529      -0.4551      -0.5653
                 -0.8182      -0.8882      -0.5761      -0.7466      -0.5098
   3      0      -0.6352      -0.8523      -0.5489      -0.4548      -0.5567
                 -0.8218      -0.8869      -0.5774      -0.7497      -0.5146
   4      0      -0.6338      -0.8542      -0.5474      -0.4607      -0.5574
                 -0.8197      -0.8888      -0.5732      -0.7502      -0.5174
   5      0      -0.6355      -0.8574      -0.5481      -0.4585      -0.5507
                 -0.8202      -0.8903      -0.5743      -0.7517      -0.5176
   5     60      -0.6351      -0.8569      -0.5477      -0.4581      -0.5502
                 -0.8197      -0.8898      -0.5739      -0.7513      -0.5172
   5     80      -0.6336      -0.8549      -0.5460      -0.4565      -0.5484
                 -0.8173      -0.8883      -0.5720      -0.7498      -0.5156
   5    100      -0.6329      -0.8530      -0.5443      -0.4554      -0.5468
                 -0.8141      -0.8872      -0.5703      -0.7493      -0.5148
 
 group  inft   Estimated free energy: 3-th solvent contribution (kcal/mol)
   1      0      -1.4069      -1.1871      -1.0216      -0.7878      -0.9213
                 -0.7465      -0.4731      -1.3449      -0.8494      -1.1121
   1     60      -1.4229      -1.2030      -1.0374      -0.8036      -0.9371
                 -0.7622      -0.4888      -1.3608      -0.8652      -1.1279
   1     80      -1.5779      -1.3569      -1.1910      -0.9575      -1.0911
                 -0.9163      -0.6422      -1.5152      -1.0198      -1.2819
   1    100      -2.2486      -2.0224      -1.8562      -1.6227      -1.7572
                 -1.5816      -1.3049      -2.1837      -1.6868      -1.9486
   2      0      -1.4083      -1.1882      -1.0227      -0.7909      -0.9227
                 -0.7473      -0.4752      -1.3479      -0.8497      -1.1155
   3      0      -1.4114      -1.1902      -1.0271      -0.7944      -0.9264
                 -0.7472      -0.4756      -1.3462      -0.8518      -1.1189
   4      0      -1.4049      -1.1800      -1.0175      -0.7885      -0.9200
                 -0.7455      -0.4694      -1.3374      -0.8448      -1.1084
   5      0      -1.4039      -1.1823      -1.0181      -0.7858      -0.9164
                 -0.7382      -0.4703      -1.3361      -0.8435      -1.1086
   5     60      -1.4258      -1.2040      -1.0397      -0.8076      -0.9381
                 -0.7599      -0.4919      -1.3579      -0.8653      -1.1303
   5     80      -1.6246      -1.4014      -1.2368      -1.0049      -1.1356
                 -0.9573      -0.6886      -1.5559      -1.0634      -1.3278
   5    100      -2.2459      -2.0181      -1.8531      -1.6213      -1.7528
                 -1.5738      -1.3028      -2.1754      -1.6814      -1.9455
 
 
 cumulative average & 95% error for solvation free energy
              total             1st component         2nd component         3rd component
  1    -1.7697                0.2771               -0.6352               -1.4114
  2    -1.5918     0.3558     0.4529     0.3516    -0.7438     0.2171    -1.3008     0.2212
  3    -1.5751     0.2081     0.3135     0.3449    -0.6788     0.1805    -1.2096     0.2227
  4    -1.5210     0.1826     0.2077     0.3228    -0.6228     0.1698    -1.1058     0.2606
  5    -1.5224     0.1415     0.1572     0.2697    -0.6096     0.1342    -1.0699     0.2142
  6    -1.5195     0.1157     0.1418     0.2223    -0.6450     0.1304    -1.0161     0.2053
  7    -1.5177     0.0978     0.1009     0.2049    -0.6795     0.1301    -0.9389     0.2323
  8    -1.4926     0.0984     0.1641     0.2178    -0.6668     0.1155    -0.9898     0.2255
  9    -1.4973     0.0873     0.1533     0.1933    -0.6760     0.1035    -0.9745     0.2012
 10    -1.4936     0.0784     0.1553     0.1730    -0.6598     0.0981    -0.9889     0.1823
