 ERmod 0.3.8, Copyright (C) 2000-2019 Nobuyuki Matubayasi
                            2010-2019 Shun Sakuraba
 ERmod comes with ABSOLUTELY NO WARRANTY.
 This is free software, and you can redistribute it
 and/or modify it under certain conditions.
 See LICENSE file for details.
 ERmod 0.3.8, Copyright (C) 2000-2019 Nobuyuki Matubayasi
                            2010-2019 Shun Sakuraba
 ERmod comes with ABSOLUTELY NO WARRANTY.
 This is free software, and you can redistribute it
 and/or modify it under certain conditions.
 See LICENSE file for details.
 
  Number of the   1-th solvent  =           90
  Number of the   2-th solvent  =           90
  Number of the   3-th solvent  =        10000
 
  Be sure that the solvent distribution is homogeneous (radial distribution function is essentially unity) when the solvent molecule is separated beyond distance of   10.0 Angstrom in any direction from any atom within the solute molecule
 
  LJ long-range correction    =        -0.0010     -0.0023     -0.2555
 
  Self-energy of the solute   =        -0.0001  kcal/mol
 
 
 cumulative average & 95% error for solvation energy
              total             1st component         2nd component         3rd component
  1   -18.4197                0.0427               -0.3079              -18.1543
  2   -18.5961     0.3530    -0.3655     0.8164    -0.4590     0.3022   -17.7715     0.7655
  3   -18.6771     0.2603    -0.2091     0.5657    -0.7244     0.5588   -17.7435     0.4455
  4   -18.6115     0.2260    -0.1651     0.4096    -0.6042     0.4625   -17.8421     0.3717
  5   -18.6273     0.1779    -0.1520     0.3183    -0.5885     0.3596   -17.8866     0.3014
  6   -18.6405     0.1476    -0.2463     0.3211    -0.5679     0.2965   -17.8261     0.2742
  7   -18.6194     0.1317    -0.1833     0.2992    -0.5621     0.2509   -17.8739     0.2506
  8   -18.6171     0.1141    -0.2211     0.2700    -0.5609     0.2173   -17.8349     0.2306
  9   -18.6312     0.1045    -0.2009     0.2415    -0.6183     0.2234   -17.8118     0.2086
 10   -18.6113     0.1016    -0.1962     0.2162    -0.5677     0.2239   -17.8472     0.1995
 
 
 group  inft  solvation free energy     error          difference
  total solvation free energy
   1      0         -2.93196           0.05138           0.00350
   1     60         -2.94742           0.05141          -0.01196
   1     80         -3.06379           0.05165          -0.12833
   1    100         -3.45655           0.05225          -0.52108
   2      0         -2.93193           0.05180           0.00353
   3      0         -2.93546           0.05197           0.00000
   4      0         -2.92559           0.05406           0.00987
   5      0         -2.93099           0.05387           0.00448
   5     60         -2.95187           0.05392          -0.01641
   5     80         -3.09531           0.05422          -0.15984
   5    100         -3.45705           0.05478          -0.52159
 
  contribution from  1-th solvent component
   1      0          0.01560           0.12186           0.00610
   1     60          0.01567           0.12186           0.00617
   1     80          0.01592           0.12193           0.00642
   1    100          0.01654           0.12216           0.00704
   2      0          0.01133           0.12263           0.00183
   3      0          0.00950           0.12285           0.00000
   4      0          0.00993           0.12305           0.00043
   5      0          0.00892           0.12260          -0.00058
   5     60          0.00899           0.12261          -0.00051
   5     80          0.00915           0.12270          -0.00035
   5    100          0.00931           0.12296          -0.00019
 
  contribution from  2-th solvent component
   1      0         -0.33071           0.11446          -0.00623
   1     60         -0.33053           0.11447          -0.00605
   1     80         -0.32971           0.11456          -0.00523
   1    100         -0.32853           0.11488          -0.00405
   2      0         -0.32511           0.11524          -0.00063
   3      0         -0.32448           0.11432           0.00000
   4      0         -0.32200           0.11490           0.00248
   5      0         -0.32159           0.11461           0.00289
   5     60         -0.32138           0.11463           0.00310
   5     80         -0.32063           0.11476           0.00385
   5    100         -0.32006           0.11507           0.00442
 
  contribution from  3-th solvent component
   1      0         -2.61671           0.11855           0.00363
   1     60         -2.63242           0.11852          -0.01208
   1     80         -2.74985           0.11845          -0.12951
   1    100         -3.14442           0.11856          -0.52408
   2      0         -2.61801           0.11856           0.00233
   3      0         -2.62034           0.11870           0.00000
   4      0         -2.61338           0.11815           0.00695
   5      0         -2.61818           0.11721           0.00216
   5     60         -2.63934           0.11718          -0.01900
   5     80         -2.78369           0.11711          -0.16335
   5    100         -3.14616           0.11723          -0.52582
 
 
 group  inft   Estimated free energy: total (kcal/mol)
   1      0      -2.8672      -3.0587      -2.9162      -2.8542      -3.0064
                 -2.9737      -2.9133      -2.9263      -3.0098      -2.7937
   1     60      -2.8826      -3.0742      -2.9318      -2.8695      -3.0219
                 -2.9893      -2.9287      -2.9418      -3.0253      -2.8091
   1     80      -2.9982      -3.1910      -3.0489      -2.9854      -3.1385
                 -3.1062      -3.0450      -3.0580      -3.1420      -2.9248
   1    100      -3.3897      -3.5851      -3.4429      -3.3764      -3.5317
                 -3.4994      -3.4385      -3.4501      -3.5356      -3.3161
   2      0      -2.8610      -3.0506      -2.9108      -2.8559      -3.0187
                 -2.9722      -2.9157      -2.9312      -3.0106      -2.7926
   3      0      -2.8675      -3.0498      -2.9050      -2.8640      -3.0293
                 -2.9791      -2.9245      -2.9336      -3.0101      -2.7918
   4      0      -2.8530      -3.0405      -2.8969      -2.8482      -3.0275
                 -2.9701      -2.9089      -2.9296      -3.0032      -2.7781
   5      0      -2.8667      -3.0438      -2.9069      -2.8558      -3.0357
                 -2.9750      -2.9102      -2.9350      -3.0034      -2.7774
   5     60      -2.8874      -3.0648      -2.9279      -2.8766      -3.0566
                 -2.9960      -2.9310      -2.9559      -3.0243      -2.7982
   5     80      -3.0300      -3.2088      -3.0721      -3.0193      -3.2004
                 -3.1400      -3.0744      -3.0992      -3.1682      -2.9408
   5    100      -3.3904      -3.5718      -3.4348      -3.3794      -3.5628
                 -3.5022      -3.4369      -3.4605      -3.5308      -3.3010
 
 group  inft   Estimated free energy: 1-th solvent contribution (kcal/mol)
   1      0       0.1611      -0.3179       0.2153       0.0709       0.0581
                 -0.2535       0.2417      -0.1526       0.0673       0.0656
   1     60       0.1612      -0.3178       0.2153       0.0709       0.0582
                 -0.2534       0.2418      -0.1525       0.0674       0.0656
   1     80       0.1617      -0.3178       0.2156       0.0712       0.0585
                 -0.2533       0.2421      -0.1524       0.0677       0.0659
   1    100       0.1629      -0.3181       0.2162       0.0719       0.0595
                 -0.2529       0.2432      -0.1522       0.0684       0.0666
   2      0       0.1603      -0.3165       0.2214       0.0679       0.0389
                 -0.2642       0.2353      -0.1587       0.0640       0.0648
   3      0       0.1583      -0.3133       0.2235       0.0590       0.0315
                 -0.2717       0.2350      -0.1585       0.0618       0.0693
   4      0       0.1600      -0.3115       0.2253       0.0633       0.0264
                 -0.2690       0.2358      -0.1636       0.0619       0.0707
   5      0       0.1556      -0.3120       0.2241       0.0622       0.0254
                 -0.2709       0.2333      -0.1613       0.0621       0.0708
   5     60       0.1557      -0.3120       0.2241       0.0623       0.0254
                 -0.2709       0.2333      -0.1612       0.0622       0.0709
   5     80       0.1562      -0.3122       0.2243       0.0624       0.0256
                 -0.2709       0.2337      -0.1612       0.0624       0.0712
   5    100       0.1571      -0.3129       0.2244       0.0625       0.0260
                 -0.2710       0.2343      -0.1615       0.0627       0.0715
 
 group  inft   Estimated free energy: 2-th solvent contribution (kcal/mol)
   1      0      -0.2149      -0.3771      -0.6484      -0.1454      -0.3302
                 -0.3051      -0.3429      -0.3121      -0.5822      -0.0488
   1     60      -0.2147      -0.3770      -0.6482      -0.1452      -0.3301
                 -0.3049      -0.3428      -0.3119      -0.5820      -0.0485
   1     80      -0.2138      -0.3765      -0.6475      -0.1440      -0.3293
                 -0.3043      -0.3419      -0.3112      -0.5814      -0.0473
   1    100      -0.2123      -0.3762      -0.6465      -0.1416      -0.3284
                 -0.3036      -0.3408      -0.3102      -0.5807      -0.0449
   2      0      -0.2072      -0.3678      -0.6489      -0.1414      -0.3231
                 -0.2916      -0.3367      -0.3090      -0.5798      -0.0457
   3      0      -0.2080      -0.3672      -0.6446      -0.1393      -0.3241
                 -0.2889      -0.3417      -0.3083      -0.5757      -0.0471
   4      0      -0.2051      -0.3648      -0.6435      -0.1347      -0.3233
                 -0.2899      -0.3338      -0.3063      -0.5753      -0.0435
   5      0      -0.2088      -0.3620      -0.6433      -0.1371      -0.3282
                 -0.2848      -0.3306      -0.3088      -0.5722      -0.0401
   5     60      -0.2086      -0.3618      -0.6431      -0.1369      -0.3280
                 -0.2846      -0.3304      -0.3086      -0.5720      -0.0398
   5     80      -0.2077      -0.3615      -0.6424      -0.1356      -0.3274
                 -0.2840      -0.3297      -0.3080      -0.5715      -0.0386
   5    100      -0.2068      -0.3617      -0.6421      -0.1337      -0.3272
                 -0.2838      -0.3293      -0.3076      -0.5714      -0.0369
 
 group  inft   Estimated free energy: 3-th solvent contribution (kcal/mol)
   1      0      -2.8134      -2.3636      -2.4829      -2.7794      -2.7341
                 -2.4150      -2.8120      -2.4615      -2.4947      -2.8104
   1     60      -2.8290      -2.3793      -2.4988      -2.7951      -2.7499
                 -2.4308      -2.8276      -2.4771      -2.5105      -2.8260
   1     80      -2.9460      -2.4966      -2.6168      -2.9124      -2.8675
                 -2.5485      -2.9451      -2.5942      -2.6282      -2.9432
   1    100      -3.3402      -2.8907      -3.0124      -3.3065      -3.2626
                 -2.9427      -3.3407      -2.9875      -3.0231      -3.3376
   2      0      -2.8140      -2.3661      -2.4832      -2.7823      -2.7344
                 -2.4163      -2.8141      -2.4634      -2.4946      -2.8116
   3      0      -2.8176      -2.3692      -2.4838      -2.7836      -2.7365
                 -2.4184      -2.8177      -2.4666      -2.4960      -2.8139
   4      0      -2.8077      -2.3640      -2.4786      -2.7766      -2.7305
                 -2.4111      -2.8108      -2.4597      -2.4897      -2.8051
   5      0      -2.8134      -2.3697      -2.4875      -2.7807      -2.7327
                 -2.4191      -2.8127      -2.4648      -2.4932      -2.8080
   5     60      -2.8344      -2.3908      -2.5088      -2.8018      -2.7539
                 -2.4404      -2.8338      -2.4859      -2.5144      -2.8291
   5     80      -2.9783      -2.5350      -2.6538      -2.9460      -2.8985
                 -2.5850      -2.9782      -2.6299      -2.6590      -2.9732
   5    100      -3.3405      -2.8970      -3.0170      -3.3081      -3.2614
                 -2.9472      -3.3418      -2.9913      -3.0219      -3.3355
 
 
 cumulative average & 95% error for solvation free energy
              total             1st component         2nd component         3rd component
  1    -2.8675                0.1583               -0.2080               -2.8176
  2    -2.9586     0.1824    -0.0775     0.4717    -0.2876     0.1591    -2.5934     0.4484
  3    -2.9408     0.1112     0.0228     0.3383    -0.4066     0.2551    -2.5569     0.2690
  4    -2.9216     0.0875     0.0319     0.2399    -0.3398     0.2245    -2.6135     0.2214
  5    -2.9431     0.0803     0.0318     0.1858    -0.3367     0.1740    -2.6381     0.1784
  6    -2.9491     0.0666    -0.0188     0.1824    -0.3287     0.1430    -2.6015     0.1631
  7    -2.9456     0.0568     0.0175     0.1703    -0.3305     0.1209    -2.6324     0.1510
  8    -2.9441     0.0493    -0.0045     0.1539    -0.3278     0.1048    -2.6117     0.1372
  9    -2.9514     0.0458     0.0029     0.1365    -0.3553     0.1076    -2.5988     0.1237
 10    -2.9355     0.0520     0.0095     0.1229    -0.3245     0.1143    -2.6203     0.1187
